#
# There is insufficient memory for the Java Runtime Environment to continue.
# Native memory allocation (malloc) failed to allocate 32744 bytes for Chunk::new
# Possible reasons:
#   The system is out of physical RAM or swap space
#   The process is running with CompressedOops enabled, and the Java Heap may be blocking the growth of the native heap
# Possible solutions:
#   Reduce memory load on the system
#   Increase physical memory or swap space
#   Check if swap backing store is full
#   Decrease Java heap size (-Xmx/-Xms)
#   Decrease number of Java threads
#   Decrease Java thread stack sizes (-Xss)
#   Set larger code cache with -XX:ReservedCodeCacheSize=
#   JVM is running with Unscaled Compressed Oops mode in which the Java heap is
#     placed in the first 4GB address space. The Java Heap base address is the
#     maximum limit for the native heap growth. Please use -XX:HeapBaseMinAddress
#     to set the Java Heap base and to place the Java Heap above 4GB virtual address.
# This output file may be truncated or incomplete.
#
#  Out of Memory Error (arena.cpp:184), pid=11400, tid=12848
#
# JRE version: Java(TM) SE Runtime Environment (20.0.2+9) (build 20.0.2+9-78)
# Java VM: Java HotSpot(TM) 64-Bit Server VM (20.0.2+9-78, mixed mode, sharing, tiered, compressed oops, compressed class ptrs, g1 gc, windows-amd64)
# No core dump will be written. Minidumps are not enabled by default on client versions of Windows
#

---------------  S U M M A R Y ------------

Command Line: -javaagent:C:\Program Files\JetBrains\IntelliJ IDEA Community Edition 2023.1.2\lib\idea_rt.jar=62666:C:\Program Files\JetBrains\IntelliJ IDEA Community Edition 2023.1.2\bin -Dfile.encoding=UTF-8 -Dsun.stdout.encoding=UTF-8 -Dsun.stderr.encoding=UTF-8 com.exam.SecurityApplication

Host: Intel(R) Core(TM) i5-5300U CPU @ 2.30GHz, 4 cores, 7G,  Windows 10 , 64 bit Build 19041 (10.0.19041.3636)
Time: Wed Jul  3 16:53:09 2024 Sao Tome Standard Time elapsed time: 2.118514 seconds (0d 0h 0m 2s)

---------------  T H R E A D  ---------------

Current thread (0x00000213f052ed60):  JavaThread "main" [_thread_in_vm, id=12848, stack(0x000000dd2ad00000,0x000000dd2ae00000)]

Stack: [0x000000dd2ad00000,0x000000dd2ae00000]
Native frames: (J=compiled Java code, j=interpreted, Vv=VM code, C=native code)
V  [jvm.dll+0x6bc25a]
V  [jvm.dll+0x84971a]
V  [jvm.dll+0x84b315]
V  [jvm.dll+0x84ba13]
V  [jvm.dll+0x280e4f]
V  [jvm.dll+0xc2ab1]
V  [jvm.dll+0xc2dd5]
V  [jvm.dll+0x30c485]
V  [jvm.dll+0x30b9e6]
V  [jvm.dll+0x21cd6b]
V  [jvm.dll+0x211a69]
V  [jvm.dll+0x59c7cc]
V  [jvm.dll+0x7c4412]
V  [jvm.dll+0x7c437a]
V  [jvm.dll+0x46d0dd]
V  [jvm.dll+0x47fa06]
C  [java.dll+0x1657]

Java frames: (J=compiled Java code, j=interpreted, Vv=VM code)
j  java.lang.ClassLoader.defineClass0(Ljava/lang/ClassLoader;Ljava/lang/Class;Ljava/lang/String;[BIILjava/security/ProtectionDomain;ZILjava/lang/Object;)Ljava/lang/Class;+0 java.base@20.0.2
j  java.lang.System$2.defineClass(Ljava/lang/ClassLoader;Ljava/lang/Class;Ljava/lang/String;[BLjava/security/ProtectionDomain;ZILjava/lang/Object;)Ljava/lang/Class;+17 java.base@20.0.2
j  java.lang.invoke.MethodHandles$Lookup$ClassDefiner.defineClass(ZLjava/lang/Object;)Ljava/lang/Class;+54 java.base@20.0.2
j  java.lang.invoke.InvokerBytecodeGenerator.loadMethod([B)Ljava/lang/invoke/MemberName;+19 java.base@20.0.2
j  java.lang.invoke.InvokerBytecodeGenerator.generateCustomizedCode(Ljava/lang/invoke/LambdaForm;Ljava/lang/invoke/MethodType;)Ljava/lang/invoke/MemberName;+30 java.base@20.0.2
j  java.lang.invoke.LambdaForm.compileToBytecode()V+69 java.base@20.0.2
j  java.lang.invoke.LambdaForm.prepare()V+21 java.base@20.0.2
j  java.lang.invoke.MethodHandle.<init>(Ljava/lang/invoke/MethodType;Ljava/lang/invoke/LambdaForm;)V+33 java.base@20.0.2
j  java.lang.invoke.BoundMethodHandle.<init>(Ljava/lang/invoke/MethodType;Ljava/lang/invoke/LambdaForm;)V+3 java.base@20.0.2
j  java.lang.invoke.BoundMethodHandle$Species_L.<init>(Ljava/lang/invoke/MethodType;Ljava/lang/invoke/LambdaForm;Ljava/lang/Object;)V+3 java.base@20.0.2
j  java.lang.invoke.BoundMethodHandle$Species_L.copyWith(Ljava/lang/invoke/MethodType;Ljava/lang/invoke/LambdaForm;)Ljava/lang/invoke/BoundMethodHandle;+10 java.base@20.0.2
j  java.lang.invoke.MethodHandles.dropArgumentsTrusted(Ljava/lang/invoke/MethodHandle;I[Ljava/lang/Class;)Ljava/lang/invoke/MethodHandle;+103 java.base@20.0.2
j  java.lang.invoke.MethodHandles.dropArguments(Ljava/lang/invoke/MethodHandle;ILjava/lang/Class;)Ljava/lang/invoke/MethodHandle;+10 java.base@20.0.2
j  java.lang.invoke.StringConcatFactory.mixer(Ljava/lang/Class;Ljava/lang/Class;)Ljava/lang/invoke/MethodHandle;+34 java.base@20.0.2
j  java.lang.invoke.StringConcatFactory.foldInLastMixers(Ljava/lang/invoke/MethodHandle;JI[Ljava/lang/Class;I)Ljava/lang/invoke/MethodHandle;+52 java.base@20.0.2
j  java.lang.invoke.StringConcatFactory.filterAndFoldInMixers(Ljava/lang/invoke/MethodHandle;J[Ljava/lang/Class;)Ljava/lang/invoke/MethodHandle;+85 java.base@20.0.2
j  java.lang.invoke.StringConcatFactory.generateMHInlineCopy(Ljava/lang/invoke/MethodType;[Ljava/lang/String;)Ljava/lang/invoke/MethodHandle;+458 java.base@20.0.2
j  java.lang.invoke.StringConcatFactory.makeConcatWithConstants(Ljava/lang/invoke/MethodHandles$Lookup;Ljava/lang/String;Ljava/lang/invoke/MethodType;Ljava/lang/String;[Ljava/lang/Object;)Ljava/lang/invoke/CallSite;+220 java.base@20.0.2
j  java.lang.invoke.DirectMethodHandle$Holder.invokeStatic(Ljava/lang/Object;Ljava/lang/Object;Ljava/lang/Object;Ljava/lang/Object;Ljava/lang/Object;Ljava/lang/Object;)Ljava/lang/Object;+18 java.base@20.0.2
j  java.lang.invoke.DelegatingMethodHandle$Holder.delegate(Ljava/lang/Object;Ljava/lang/Object;Ljava/lang/Object;Ljava/lang/Object;Ljava/lang/Object;Ljava/lang/Object;)Ljava/lang/Object;+21 java.base@20.0.2
j  java.lang.invoke.Invokers$Holder.invokeExact_MT(Ljava/lang/Object;Ljava/lang/Object;Ljava/lang/Object;Ljava/lang/Object;Ljava/lang/Object;Ljava/lang/Object;Ljava/lang/Object;)Ljava/lang/Object;+26 java.base@20.0.2
j  java.lang.invoke.BootstrapMethodInvoker.invoke(Ljava/lang/Class;Ljava/lang/invoke/MethodHandle;Ljava/lang/String;Ljava/lang/Object;Ljava/lang/Object;Ljava/lang/Class;)Ljava/lang/Object;+157 java.base@20.0.2
j  java.lang.invoke.CallSite.makeSite(Ljava/lang/invoke/MethodHandle;Ljava/lang/String;Ljava/lang/invoke/MethodType;Ljava/lang/Object;Ljava/lang/Class;)Ljava/lang/invoke/CallSite;+8 java.base@20.0.2
j  java.lang.invoke.MethodHandleNatives.linkCallSiteImpl(Ljava/lang/Class;Ljava/lang/invoke/MethodHandle;Ljava/lang/String;Ljava/lang/invoke/MethodType;Ljava/lang/Object;[Ljava/lang/Object;)Ljava/lang/invoke/MemberName;+6 java.base@20.0.2
j  java.lang.invoke.MethodHandleNatives.linkCallSite(Ljava/lang/Object;Ljava/lang/Object;Ljava/lang/Object;Ljava/lang/Object;Ljava/lang/Object;[Ljava/lang/Object;)Ljava/lang/invoke/MemberName;+45 java.base@20.0.2
v  ~StubRoutines::call_stub 0x000002138753100d
j  org.springframework.util.ClassUtils.forName(Ljava/lang/String;Ljava/lang/ClassLoader;)Ljava/lang/Class;+211
j  org.springframework.core.KotlinDetector.<clinit>()V+9
v  ~StubRoutines::call_stub 0x000002138753100d
j  org.springframework.core.io.support.SpringFactoriesLoader$FactoryInstantiator.isKotlinType(Ljava/lang/Class;)Z+0
j  org.springframework.core.io.support.SpringFactoriesLoader$FactoryInstantiator.findPrimaryKotlinConstructor(Ljava/lang/Class;)Ljava/lang/reflect/Constructor;+1
j  org.springframework.core.io.support.SpringFactoriesLoader$FactoryInstantiator.findConstructor(Ljava/lang/Class;)Ljava/lang/reflect/Constructor;+1
j  org.springframework.core.io.support.SpringFactoriesLoader$FactoryInstantiator.forClass(Ljava/lang/Class;)Lorg/springframework/core/io/support/SpringFactoriesLoader$FactoryInstantiator;+1
j  org.springframework.core.io.support.SpringFactoriesLoader.instantiateFactory(Ljava/lang/String;Ljava/lang/Class;Lorg/springframework/core/io/support/SpringFactoriesLoader$ArgumentResolver;Lorg/springframework/core/io/support/SpringFactoriesLoader$FailureHandler;)Ljava/lang/Object;+28
j  org.springframework.core.io.support.SpringFactoriesLoader.load(Ljava/lang/Class;Lorg/springframework/core/io/support/SpringFactoriesLoader$ArgumentResolver;Lorg/springframework/core/io/support/SpringFactoriesLoader$FailureHandler;)Ljava/util/List;+99
j  org.springframework.core.io.support.SpringFactoriesLoader.load(Ljava/lang/Class;Lorg/springframework/core/io/support/SpringFactoriesLoader$ArgumentResolver;)Ljava/util/List;+4
j  org.springframework.boot.SpringApplication.getSpringFactoriesInstances(Ljava/lang/Class;Lorg/springframework/core/io/support/SpringFactoriesLoader$ArgumentResolver;)Ljava/util/List;+9
j  org.springframework.boot.SpringApplication.getSpringFactoriesInstances(Ljava/lang/Class;)Ljava/util/List;+3
j  org.springframework.boot.SpringApplication.<init>(Lorg/springframework/core/io/ResourceLoader;[Ljava/lang/Class;)V+132
j  org.springframework.boot.SpringApplication.<init>([Ljava/lang/Class;)V+3
j  org.springframework.boot.SpringApplication.run([Ljava/lang/Class;[Ljava/lang/String;)Lorg/springframework/context/ConfigurableApplicationContext;+5
j  org.springframework.boot.SpringApplication.run(Ljava/lang/Class;[Ljava/lang/String;)Lorg/springframework/context/ConfigurableApplicationContext;+9
j  com.exam.SecurityApplication.main([Ljava/lang/String;)V+3
v  ~StubRoutines::call_stub 0x000002138753100d

---------------  P R O C E S S  ---------------

Threads class SMR info:
_java_thread_list=0x00000213fdbad880, length=13, elements={
0x00000213f052ed60, 0x00000213fd65acb0, 0x00000213fd65bc50, 0x00000213fd65f3b0,
0x00000213fd6635b0, 0x00000213fd665bf0, 0x00000213fd666560, 0x00000213fd667120,
0x00000213fd669000, 0x00000213fd628fb0, 0x00000213fd9c6c50, 0x00000213fd9c71a0,
0x00000213fe02a370
}

Java Threads: ( => current thread )
=>0x00000213f052ed60 JavaThread "main" [_thread_in_vm, id=12848, stack(0x000000dd2ad00000,0x000000dd2ae00000)]
  0x00000213fd65acb0 JavaThread "Reference Handler" daemon [_thread_blocked, id=5432, stack(0x000000dd2b400000,0x000000dd2b500000)]
  0x00000213fd65bc50 JavaThread "Finalizer" daemon [_thread_blocked, id=8872, stack(0x000000dd2b500000,0x000000dd2b600000)]
  0x00000213fd65f3b0 JavaThread "Signal Dispatcher" daemon [_thread_blocked, id=10364, stack(0x000000dd2b600000,0x000000dd2b700000)]
  0x00000213fd6635b0 JavaThread "Attach Listener" daemon [_thread_blocked, id=2304, stack(0x000000dd2b700000,0x000000dd2b800000)]
  0x00000213fd665bf0 JavaThread "Service Thread" daemon [_thread_blocked, id=12164, stack(0x000000dd2b800000,0x000000dd2b900000)]
  0x00000213fd666560 JavaThread "Monitor Deflation Thread" daemon [_thread_blocked, id=5724, stack(0x000000dd2b900000,0x000000dd2ba00000)]
  0x00000213fd667120 JavaThread "C2 CompilerThread0" daemon [_thread_blocked, id=12744, stack(0x000000dd2ba00000,0x000000dd2bb00000)]
  0x00000213fd669000 JavaThread "C1 CompilerThread0" daemon [_thread_in_native, id=10728, stack(0x000000dd2bb00000,0x000000dd2bc00000)]
  0x00000213fd628fb0 JavaThread "Common-Cleaner" daemon [_thread_blocked, id=1324, stack(0x000000dd2bc00000,0x000000dd2bd00000)]
  0x00000213fd9c6c50 JavaThread "Monitor Ctrl-Break" daemon [_thread_in_native, id=7612, stack(0x000000dd2bd00000,0x000000dd2be00000)]
  0x00000213fd9c71a0 JavaThread "Notification Thread" daemon [_thread_blocked, id=3908, stack(0x000000dd2be00000,0x000000dd2bf00000)]
  0x00000213fe02a370 JavaThread "C2 CompilerThread1" daemon [_thread_blocked, id=9760, stack(0x000000dd2c000000,0x000000dd2c100000)]

Other Threads:
  0x00000213fd63d570 VMThread "VM Thread" [stack: 0x000000dd2b300000,0x000000dd2b400000] [id=6916]
  0x00000213fd9c7b70 WatcherThread "VM Periodic Task Thread" [stack: 0x000000dd2bf00000,0x000000dd2c000000] [id=13716]
  0x00000213f058bc10 WorkerThread "GC Thread#0" [stack: 0x000000dd2ae00000,0x000000dd2af00000] [id=9460]
  0x00000213fdfd0170 WorkerThread "GC Thread#1" [stack: 0x000000dd2c100000,0x000000dd2c200000] [id=16400]
  0x00000213fe503080 WorkerThread "GC Thread#2" [stack: 0x000000dd2c200000,0x000000dd2c300000] [id=16404]
  0x00000213fe503750 WorkerThread "GC Thread#3" [stack: 0x000000dd2c300000,0x000000dd2c400000] [id=16408]
  0x00000213f059c760 ConcurrentGCThread "G1 Main Marker" [stack: 0x000000dd2af00000,0x000000dd2b000000] [id=10776]
  0x00000213f059d330 WorkerThread "G1 Conc#0" [stack: 0x000000dd2b000000,0x000000dd2b100000] [id=6864]
  0x00000213fd4ee8d0 ConcurrentGCThread "G1 Refine#0" [stack: 0x000000dd2b100000,0x000000dd2b200000] [id=1304]
  0x00000213fd4ef420 ConcurrentGCThread "G1 Service" [stack: 0x000000dd2b200000,0x000000dd2b300000] [id=7924]

Threads with active compile tasks:
C1 CompilerThread0     2219  832       3       java.net.URLStreamHandler::parseURL (1124 bytes)

VM state: not at safepoint (normal execution)

VM Mutex/Monitor currently owned by a thread: None

Heap address: 0x0000000081e00000, size: 2018 MB, Compressed Oops mode: 32-bit

CDS archive(s) mapped at: [0x000002138f000000-0x000002138fc60000-0x000002138fc60000), size 12976128, SharedBaseAddress: 0x000002138f000000, ArchiveRelocationMode: 1.
Compressed class space mapped at: 0x0000021390000000-0x00000213d0000000, reserved size: 1073741824
Narrow klass base: 0x000002138f000000, Narrow klass shift: 0, Narrow klass range: 0x100000000

GC Precious Log:
 CardTable entry size: 512
 Card Set container configuration: InlinePtr #cards 5 size 8 Array Of Cards #cards 12 size 40 Howl #buckets 4 coarsen threshold 1843 Howl Bitmap #cards 512 size 80 coarsen threshold 460 Card regions per heap region 1 cards per card region 2048
 CPUs: 4 total, 4 available
 Memory: 8067M
 Large Page Support: Disabled
 NUMA Support: Disabled
 Compressed Oops: Enabled (32-bit)
 Heap Region Size: 1M
 Heap Min Capacity: 8M
 Heap Initial Capacity: 128M
 Heap Max Capacity: 2018M
 Pre-touch: Disabled
 Parallel Workers: 4
 Concurrent Workers: 1
 Concurrent Refinement Workers: 4
 Periodic GC: Disabled

Heap:
 garbage-first heap   total 131072K, used 8779K [0x0000000081e00000, 0x0000000100000000)
  region size 1024K, 4 young (4096K), 2 survivors (2048K)
 Metaspace       used 3269K, committed 3456K, reserved 1114112K
  class space    used 317K, committed 384K, reserved 1048576K

Heap Regions: E=young(eden), S=young(survivor), O=old, HS=humongous(starts), HC=humongous(continues), CS=collection set, F=free, OA=open archive, CA=closed archive, TAMS=top-at-mark-start, PB=parsable bottom
|   0|0x0000000081e00000, 0x0000000081f00000, 0x0000000081f00000|100%|HS|  |TAMS 0x0000000081e00000| PB 0x0000000081e00000| Complete 
|   1|0x0000000081f00000, 0x0000000082000000, 0x0000000082000000|100%| O|  |TAMS 0x0000000081f00000| PB 0x0000000081f00000| Untracked 
|   2|0x0000000082000000, 0x0000000082100000, 0x0000000082100000|100%| O|  |TAMS 0x0000000082000000| PB 0x0000000082000000| Untracked 
|   3|0x0000000082100000, 0x0000000082200000, 0x0000000082200000|100%| O|  |TAMS 0x0000000082100000| PB 0x0000000082100000| Untracked 
|   4|0x0000000082200000, 0x0000000082300000, 0x0000000082300000|100%| O|  |TAMS 0x0000000082200000| PB 0x0000000082200000| Untracked 
|   5|0x0000000082300000, 0x0000000082392e08, 0x0000000082400000| 57%| O|  |TAMS 0x0000000082300000| PB 0x0000000082300000| Untracked 
|   6|0x0000000082400000, 0x0000000082400000, 0x0000000082500000|  0%| F|  |TAMS 0x0000000082400000| PB 0x0000000082400000| Untracked 
|   7|0x0000000082500000, 0x0000000082500000, 0x0000000082600000|  0%| F|  |TAMS 0x0000000082500000| PB 0x0000000082500000| Untracked 
|   8|0x0000000082600000, 0x0000000082600000, 0x0000000082700000|  0%| F|  |TAMS 0x0000000082600000| PB 0x0000000082600000| Untracked 
|   9|0x0000000082700000, 0x0000000082700000, 0x0000000082800000|  0%| F|  |TAMS 0x0000000082700000| PB 0x0000000082700000| Untracked 
|  10|0x0000000082800000, 0x0000000082800000, 0x0000000082900000|  0%| F|  |TAMS 0x0000000082800000| PB 0x0000000082800000| Untracked 
|  11|0x0000000082900000, 0x0000000082900000, 0x0000000082a00000|  0%| F|  |TAMS 0x0000000082900000| PB 0x0000000082900000| Untracked 
|  12|0x0000000082a00000, 0x0000000082a00000, 0x0000000082b00000|  0%| F|  |TAMS 0x0000000082a00000| PB 0x0000000082a00000| Untracked 
|  13|0x0000000082b00000, 0x0000000082b00000, 0x0000000082c00000|  0%| F|  |TAMS 0x0000000082b00000| PB 0x0000000082b00000| Untracked 
|  14|0x0000000082c00000, 0x0000000082c00000, 0x0000000082d00000|  0%| F|  |TAMS 0x0000000082c00000| PB 0x0000000082c00000| Untracked 
|  15|0x0000000082d00000, 0x0000000082d00000, 0x0000000082e00000|  0%| F|  |TAMS 0x0000000082d00000| PB 0x0000000082d00000| Untracked 
|  16|0x0000000082e00000, 0x0000000082e00000, 0x0000000082f00000|  0%| F|  |TAMS 0x0000000082e00000| PB 0x0000000082e00000| Untracked 
|  17|0x0000000082f00000, 0x0000000082f00000, 0x0000000083000000|  0%| F|  |TAMS 0x0000000082f00000| PB 0x0000000082f00000| Untracked 
|  18|0x0000000083000000, 0x0000000083000000, 0x0000000083100000|  0%| F|  |TAMS 0x0000000083000000| PB 0x0000000083000000| Untracked 
|  19|0x0000000083100000, 0x0000000083100000, 0x0000000083200000|  0%| F|  |TAMS 0x0000000083100000| PB 0x0000000083100000| Untracked 
|  20|0x0000000083200000, 0x0000000083200000, 0x0000000083300000|  0%| F|  |TAMS 0x0000000083200000| PB 0x0000000083200000| Untracked 
|  21|0x0000000083300000, 0x0000000083300000, 0x0000000083400000|  0%| F|  |TAMS 0x0000000083300000| PB 0x0000000083300000| Untracked 
|  22|0x0000000083400000, 0x0000000083400000, 0x0000000083500000|  0%| F|  |TAMS 0x0000000083400000| PB 0x0000000083400000| Untracked 
|  23|0x0000000083500000, 0x0000000083500000, 0x0000000083600000|  0%| F|  |TAMS 0x0000000083500000| PB 0x0000000083500000| Untracked 
|  24|0x0000000083600000, 0x0000000083600000, 0x0000000083700000|  0%| F|  |TAMS 0x0000000083600000| PB 0x0000000083600000| Untracked 
|  25|0x0000000083700000, 0x0000000083700000, 0x0000000083800000|  0%| F|  |TAMS 0x0000000083700000| PB 0x0000000083700000| Untracked 
|  26|0x0000000083800000, 0x0000000083800000, 0x0000000083900000|  0%| F|  |TAMS 0x0000000083800000| PB 0x0000000083800000| Untracked 
|  27|0x0000000083900000, 0x0000000083900000, 0x0000000083a00000|  0%| F|  |TAMS 0x0000000083900000| PB 0x0000000083900000| Untracked 
|  28|0x0000000083a00000, 0x0000000083a00000, 0x0000000083b00000|  0%| F|  |TAMS 0x0000000083a00000| PB 0x0000000083a00000| Untracked 
|  29|0x0000000083b00000, 0x0000000083b00000, 0x0000000083c00000|  0%| F|  |TAMS 0x0000000083b00000| PB 0x0000000083b00000| Untracked 
|  30|0x0000000083c00000, 0x0000000083c00000, 0x0000000083d00000|  0%| F|  |TAMS 0x0000000083c00000| PB 0x0000000083c00000| Untracked 
|  31|0x0000000083d00000, 0x0000000083d00000, 0x0000000083e00000|  0%| F|  |TAMS 0x0000000083d00000| PB 0x0000000083d00000| Untracked 
|  32|0x0000000083e00000, 0x0000000083e00000, 0x0000000083f00000|  0%| F|  |TAMS 0x0000000083e00000| PB 0x0000000083e00000| Untracked 
|  33|0x0000000083f00000, 0x0000000083f00000, 0x0000000084000000|  0%| F|  |TAMS 0x0000000083f00000| PB 0x0000000083f00000| Untracked 
|  34|0x0000000084000000, 0x0000000084000000, 0x0000000084100000|  0%| F|  |TAMS 0x0000000084000000| PB 0x0000000084000000| Untracked 
|  35|0x0000000084100000, 0x0000000084100000, 0x0000000084200000|  0%| F|  |TAMS 0x0000000084100000| PB 0x0000000084100000| Untracked 
|  36|0x0000000084200000, 0x0000000084200000, 0x0000000084300000|  0%| F|  |TAMS 0x0000000084200000| PB 0x0000000084200000| Untracked 
|  37|0x0000000084300000, 0x0000000084300000, 0x0000000084400000|  0%| F|  |TAMS 0x0000000084300000| PB 0x0000000084300000| Untracked 
|  38|0x0000000084400000, 0x0000000084400000, 0x0000000084500000|  0%| F|  |TAMS 0x0000000084400000| PB 0x0000000084400000| Untracked 
|  39|0x0000000084500000, 0x0000000084500000, 0x0000000084600000|  0%| F|  |TAMS 0x0000000084500000| PB 0x0000000084500000| Untracked 
|  40|0x0000000084600000, 0x0000000084600000, 0x0000000084700000|  0%| F|  |TAMS 0x0000000084600000| PB 0x0000000084600000| Untracked 
|  41|0x0000000084700000, 0x0000000084700000, 0x0000000084800000|  0%| F|  |TAMS 0x0000000084700000| PB 0x0000000084700000| Untracked 
|  42|0x0000000084800000, 0x0000000084800000, 0x0000000084900000|  0%| F|  |TAMS 0x0000000084800000| PB 0x0000000084800000| Untracked 
|  43|0x0000000084900000, 0x0000000084900000, 0x0000000084a00000|  0%| F|  |TAMS 0x0000000084900000| PB 0x0000000084900000| Untracked 
|  44|0x0000000084a00000, 0x0000000084a00000, 0x0000000084b00000|  0%| F|  |TAMS 0x0000000084a00000| PB 0x0000000084a00000| Untracked 
|  45|0x0000000084b00000, 0x0000000084b00000, 0x0000000084c00000|  0%| F|  |TAMS 0x0000000084b00000| PB 0x0000000084b00000| Untracked 
|  46|0x0000000084c00000, 0x0000000084c00000, 0x0000000084d00000|  0%| F|  |TAMS 0x0000000084c00000| PB 0x0000000084c00000| Untracked 
|  47|0x0000000084d00000, 0x0000000084d00000, 0x0000000084e00000|  0%| F|  |TAMS 0x0000000084d00000| PB 0x0000000084d00000| Untracked 
|  48|0x0000000084e00000, 0x0000000084e00000, 0x0000000084f00000|  0%| F|  |TAMS 0x0000000084e00000| PB 0x0000000084e00000| Untracked 
|  49|0x0000000084f00000, 0x0000000084f00000, 0x0000000085000000|  0%| F|  |TAMS 0x0000000084f00000| PB 0x0000000084f00000| Untracked 
|  50|0x0000000085000000, 0x0000000085000000, 0x0000000085100000|  0%| F|  |TAMS 0x0000000085000000| PB 0x0000000085000000| Untracked 
|  51|0x0000000085100000, 0x0000000085100000, 0x0000000085200000|  0%| F|  |TAMS 0x0000000085100000| PB 0x0000000085100000| Untracked 
|  52|0x0000000085200000, 0x0000000085200000, 0x0000000085300000|  0%| F|  |TAMS 0x0000000085200000| PB 0x0000000085200000| Untracked 
|  53|0x0000000085300000, 0x0000000085300000, 0x0000000085400000|  0%| F|  |TAMS 0x0000000085300000| PB 0x0000000085300000| Untracked 
|  54|0x0000000085400000, 0x0000000085400000, 0x0000000085500000|  0%| F|  |TAMS 0x0000000085400000| PB 0x0000000085400000| Untracked 
|  55|0x0000000085500000, 0x0000000085500000, 0x0000000085600000|  0%| F|  |TAMS 0x0000000085500000| PB 0x0000000085500000| Untracked 
|  56|0x0000000085600000, 0x0000000085600000, 0x0000000085700000|  0%| F|  |TAMS 0x0000000085600000| PB 0x0000000085600000| Untracked 
|  57|0x0000000085700000, 0x0000000085700000, 0x0000000085800000|  0%| F|  |TAMS 0x0000000085700000| PB 0x0000000085700000| Untracked 
|  58|0x0000000085800000, 0x0000000085800000, 0x0000000085900000|  0%| F|  |TAMS 0x0000000085800000| PB 0x0000000085800000| Untracked 
|  59|0x0000000085900000, 0x0000000085900000, 0x0000000085a00000|  0%| F|  |TAMS 0x0000000085900000| PB 0x0000000085900000| Untracked 
|  60|0x0000000085a00000, 0x0000000085a00000, 0x0000000085b00000|  0%| F|  |TAMS 0x0000000085a00000| PB 0x0000000085a00000| Untracked 
|  61|0x0000000085b00000, 0x0000000085b00000, 0x0000000085c00000|  0%| F|  |TAMS 0x0000000085b00000| PB 0x0000000085b00000| Untracked 
|  62|0x0000000085c00000, 0x0000000085c00000, 0x0000000085d00000|  0%| F|  |TAMS 0x0000000085c00000| PB 0x0000000085c00000| Untracked 
|  63|0x0000000085d00000, 0x0000000085d00000, 0x0000000085e00000|  0%| F|  |TAMS 0x0000000085d00000| PB 0x0000000085d00000| Untracked 
|  64|0x0000000085e00000, 0x0000000085e00000, 0x0000000085f00000|  0%| F|  |TAMS 0x0000000085e00000| PB 0x0000000085e00000| Untracked 
|  65|0x0000000085f00000, 0x0000000085f00000, 0x0000000086000000|  0%| F|  |TAMS 0x0000000085f00000| PB 0x0000000085f00000| Untracked 
|  66|0x0000000086000000, 0x0000000086000000, 0x0000000086100000|  0%| F|  |TAMS 0x0000000086000000| PB 0x0000000086000000| Untracked 
|  67|0x0000000086100000, 0x0000000086100000, 0x0000000086200000|  0%| F|  |TAMS 0x0000000086100000| PB 0x0000000086100000| Untracked 
|  68|0x0000000086200000, 0x0000000086200000, 0x0000000086300000|  0%| F|  |TAMS 0x0000000086200000| PB 0x0000000086200000| Untracked 
|  69|0x0000000086300000, 0x0000000086300000, 0x0000000086400000|  0%| F|  |TAMS 0x0000000086300000| PB 0x0000000086300000| Untracked 
|  70|0x0000000086400000, 0x0000000086400000, 0x0000000086500000|  0%| F|  |TAMS 0x0000000086400000| PB 0x0000000086400000| Untracked 
|  71|0x0000000086500000, 0x0000000086500000, 0x0000000086600000|  0%| F|  |TAMS 0x0000000086500000| PB 0x0000000086500000| Untracked 
|  72|0x0000000086600000, 0x0000000086600000, 0x0000000086700000|  0%| F|  |TAMS 0x0000000086600000| PB 0x0000000086600000| Untracked 
|  73|0x0000000086700000, 0x0000000086700000, 0x0000000086800000|  0%| F|  |TAMS 0x0000000086700000| PB 0x0000000086700000| Untracked 
|  74|0x0000000086800000, 0x0000000086800000, 0x0000000086900000|  0%| F|  |TAMS 0x0000000086800000| PB 0x0000000086800000| Untracked 
|  75|0x0000000086900000, 0x0000000086900000, 0x0000000086a00000|  0%| F|  |TAMS 0x0000000086900000| PB 0x0000000086900000| Untracked 
|  76|0x0000000086a00000, 0x0000000086a00000, 0x0000000086b00000|  0%| F|  |TAMS 0x0000000086a00000| PB 0x0000000086a00000| Untracked 
|  77|0x0000000086b00000, 0x0000000086b00000, 0x0000000086c00000|  0%| F|  |TAMS 0x0000000086b00000| PB 0x0000000086b00000| Untracked 
|  78|0x0000000086c00000, 0x0000000086c00000, 0x0000000086d00000|  0%| F|  |TAMS 0x0000000086c00000| PB 0x0000000086c00000| Untracked 
|  79|0x0000000086d00000, 0x0000000086d00000, 0x0000000086e00000|  0%| F|  |TAMS 0x0000000086d00000| PB 0x0000000086d00000| Untracked 
|  80|0x0000000086e00000, 0x0000000086e00000, 0x0000000086f00000|  0%| F|  |TAMS 0x0000000086e00000| PB 0x0000000086e00000| Untracked 
|  81|0x0000000086f00000, 0x0000000086f00000, 0x0000000087000000|  0%| F|  |TAMS 0x0000000086f00000| PB 0x0000000086f00000| Untracked 
|  82|0x0000000087000000, 0x0000000087000000, 0x0000000087100000|  0%| F|  |TAMS 0x0000000087000000| PB 0x0000000087000000| Untracked 
|  83|0x0000000087100000, 0x0000000087100000, 0x0000000087200000|  0%| F|  |TAMS 0x0000000087100000| PB 0x0000000087100000| Untracked 
|  84|0x0000000087200000, 0x0000000087200000, 0x0000000087300000|  0%| F|  |TAMS 0x0000000087200000| PB 0x0000000087200000| Untracked 
|  85|0x0000000087300000, 0x0000000087300000, 0x0000000087400000|  0%| F|  |TAMS 0x0000000087300000| PB 0x0000000087300000| Untracked 
|  86|0x0000000087400000, 0x0000000087400000, 0x0000000087500000|  0%| F|  |TAMS 0x0000000087400000| PB 0x0000000087400000| Untracked 
|  87|0x0000000087500000, 0x0000000087500000, 0x0000000087600000|  0%| F|  |TAMS 0x0000000087500000| PB 0x0000000087500000| Untracked 
|  88|0x0000000087600000, 0x0000000087600000, 0x0000000087700000|  0%| F|  |TAMS 0x0000000087600000| PB 0x0000000087600000| Untracked 
|  89|0x0000000087700000, 0x0000000087700000, 0x0000000087800000|  0%| F|  |TAMS 0x0000000087700000| PB 0x0000000087700000| Untracked 
|  90|0x0000000087800000, 0x0000000087800000, 0x0000000087900000|  0%| F|  |TAMS 0x0000000087800000| PB 0x0000000087800000| Untracked 
|  91|0x0000000087900000, 0x0000000087900000, 0x0000000087a00000|  0%| F|  |TAMS 0x0000000087900000| PB 0x0000000087900000| Untracked 
|  92|0x0000000087a00000, 0x0000000087a00000, 0x0000000087b00000|  0%| F|  |TAMS 0x0000000087a00000| PB 0x0000000087a00000| Untracked 
|  93|0x0000000087b00000, 0x0000000087b00000, 0x0000000087c00000|  0%| F|  |TAMS 0x0000000087b00000| PB 0x0000000087b00000| Untracked 
|  94|0x0000000087c00000, 0x0000000087c00000, 0x0000000087d00000|  0%| F|  |TAMS 0x0000000087c00000| PB 0x0000000087c00000| Untracked 
|  95|0x0000000087d00000, 0x0000000087d00000, 0x0000000087e00000|  0%| F|  |TAMS 0x0000000087d00000| PB 0x0000000087d00000| Untracked 
|  96|0x0000000087e00000, 0x0000000087e00000, 0x0000000087f00000|  0%| F|  |TAMS 0x0000000087e00000| PB 0x0000000087e00000| Untracked 
|  97|0x0000000087f00000, 0x0000000087f00000, 0x0000000088000000|  0%| F|  |TAMS 0x0000000087f00000| PB 0x0000000087f00000| Untracked 
|  98|0x0000000088000000, 0x0000000088000000, 0x0000000088100000|  0%| F|  |TAMS 0x0000000088000000| PB 0x0000000088000000| Untracked 
|  99|0x0000000088100000, 0x0000000088100000, 0x0000000088200000|  0%| F|  |TAMS 0x0000000088100000| PB 0x0000000088100000| Untracked 
| 100|0x0000000088200000, 0x0000000088200000, 0x0000000088300000|  0%| F|  |TAMS 0x0000000088200000| PB 0x0000000088200000| Untracked 
| 101|0x0000000088300000, 0x0000000088300000, 0x0000000088400000|  0%| F|  |TAMS 0x0000000088300000| PB 0x0000000088300000| Untracked 
| 102|0x0000000088400000, 0x0000000088400000, 0x0000000088500000|  0%| F|  |TAMS 0x0000000088400000| PB 0x0000000088400000| Untracked 
| 103|0x0000000088500000, 0x0000000088500000, 0x0000000088600000|  0%| F|  |TAMS 0x0000000088500000| PB 0x0000000088500000| Untracked 
| 104|0x0000000088600000, 0x0000000088600000, 0x0000000088700000|  0%| F|  |TAMS 0x0000000088600000| PB 0x0000000088600000| Untracked 
| 105|0x0000000088700000, 0x0000000088700000, 0x0000000088800000|  0%| F|  |TAMS 0x0000000088700000| PB 0x0000000088700000| Untracked 
| 106|0x0000000088800000, 0x0000000088800000, 0x0000000088900000|  0%| F|  |TAMS 0x0000000088800000| PB 0x0000000088800000| Untracked 
| 107|0x0000000088900000, 0x0000000088900000, 0x0000000088a00000|  0%| F|  |TAMS 0x0000000088900000| PB 0x0000000088900000| Untracked 
| 108|0x0000000088a00000, 0x0000000088a00000, 0x0000000088b00000|  0%| F|  |TAMS 0x0000000088a00000| PB 0x0000000088a00000| Untracked 
| 109|0x0000000088b00000, 0x0000000088b00000, 0x0000000088c00000|  0%| F|  |TAMS 0x0000000088b00000| PB 0x0000000088b00000| Untracked 
| 110|0x0000000088c00000, 0x0000000088c00000, 0x0000000088d00000|  0%| F|  |TAMS 0x0000000088c00000| PB 0x0000000088c00000| Untracked 
| 111|0x0000000088d00000, 0x0000000088d00000, 0x0000000088e00000|  0%| F|  |TAMS 0x0000000088d00000| PB 0x0000000088d00000| Untracked 
| 112|0x0000000088e00000, 0x0000000088e00000, 0x0000000088f00000|  0%| F|  |TAMS 0x0000000088e00000| PB 0x0000000088e00000| Untracked 
| 113|0x0000000088f00000, 0x0000000089000000, 0x0000000089000000|100%| S|CS|TAMS 0x0000000088f00000| PB 0x0000000088f00000| Complete 
| 114|0x0000000089000000, 0x0000000089100000, 0x0000000089100000|100%| S|CS|TAMS 0x0000000089000000| PB 0x0000000089000000| Complete 
| 115|0x0000000089100000, 0x0000000089100000, 0x0000000089200000|  0%| F|  |TAMS 0x0000000089100000| PB 0x0000000089100000| Untracked 
| 116|0x0000000089200000, 0x0000000089200000, 0x0000000089300000|  0%| F|  |TAMS 0x0000000089200000| PB 0x0000000089200000| Untracked 
| 117|0x0000000089300000, 0x0000000089300000, 0x0000000089400000|  0%| F|  |TAMS 0x0000000089300000| PB 0x0000000089300000| Untracked 
| 118|0x0000000089400000, 0x0000000089400000, 0x0000000089500000|  0%| F|  |TAMS 0x0000000089400000| PB 0x0000000089400000| Untracked 
| 119|0x0000000089500000, 0x0000000089500000, 0x0000000089600000|  0%| F|  |TAMS 0x0000000089500000| PB 0x0000000089500000| Untracked 
| 120|0x0000000089600000, 0x0000000089600000, 0x0000000089700000|  0%| F|  |TAMS 0x0000000089600000| PB 0x0000000089600000| Untracked 
| 121|0x0000000089700000, 0x0000000089700000, 0x0000000089800000|  0%| F|  |TAMS 0x0000000089700000| PB 0x0000000089700000| Untracked 
| 122|0x0000000089800000, 0x0000000089800000, 0x0000000089900000|  0%| F|  |TAMS 0x0000000089800000| PB 0x0000000089800000| Untracked 
| 123|0x0000000089900000, 0x0000000089900000, 0x0000000089a00000|  0%| F|  |TAMS 0x0000000089900000| PB 0x0000000089900000| Untracked 
| 124|0x0000000089a00000, 0x0000000089a00000, 0x0000000089b00000|  0%| F|  |TAMS 0x0000000089a00000| PB 0x0000000089a00000| Untracked 
| 125|0x0000000089b00000, 0x0000000089b00000, 0x0000000089c00000|  0%| F|  |TAMS 0x0000000089b00000| PB 0x0000000089b00000| Untracked 
| 126|0x0000000089c00000, 0x0000000089ca4000, 0x0000000089d00000| 64%| E|  |TAMS 0x0000000089c00000| PB 0x0000000089c00000| Complete 
| 127|0x0000000089d00000, 0x0000000089e00000, 0x0000000089e00000|100%| E|CS|TAMS 0x0000000089d00000| PB 0x0000000089d00000| Complete 

Card table byte_map: [0x00000213f89f0000,0x00000213f8df0000] _byte_map_base: 0x00000213f85e1000

Marking Bits: (CMBitMap*) 0x00000213f058c240
 Bits: [0x00000213f91f0000, 0x00000213fb178000)

Polling page: 0x00000213ee420000

Metaspace:

Usage:
  Non-class:      2.88 MB used.
      Class:    317.41 KB used.
       Both:      3.19 MB used.

Virtual space:
  Non-class space:       64.00 MB reserved,       3.00 MB (  5%) committed,  1 nodes.
      Class space:        1.00 GB reserved,     384.00 KB ( <1%) committed,  1 nodes.
             Both:        1.06 GB reserved,       3.38 MB ( <1%) committed. 

Chunk freelists:
   Non-Class:  2.86 MB
       Class:  3.57 MB
        Both:  6.43 MB

MaxMetaspaceSize: unlimited
CompressedClassSpaceSize: 1.00 GB
Initial GC threshold: 21.00 MB
Current GC threshold: 21.00 MB
CDS: on
MetaspaceReclaimPolicy: balanced
 - commit_granule_bytes: 65536.
 - commit_granule_words: 8192.
 - virtual_space_node_default_size: 8388608.
 - enlarge_chunks_in_place: 1.
 - new_chunks_are_fully_committed: 0.
 - uncommit_free_chunks: 1.
 - use_allocation_guard: 0.


Internal statistics:

num_allocs_failed_limit: 0.
num_arena_births: 70.
num_arena_deaths: 0.
num_vsnodes_births: 2.
num_vsnodes_deaths: 0.
num_space_committed: 54.
num_space_uncommitted: 0.
num_chunks_returned_to_freelist: 0.
num_chunks_taken_from_freelist: 135.
num_chunk_merges: 0.
num_chunk_splits: 90.
num_chunks_enlarged: 63.
num_inconsistent_stats: 0.

CodeHeap 'non-profiled nmethods': size=120000Kb used=311Kb max_used=311Kb free=119688Kb
 bounds [0x0000021387ad0000, 0x0000021387d40000, 0x000002138f000000]
CodeHeap 'profiled nmethods': size=120000Kb used=1428Kb max_used=1428Kb free=118571Kb
 bounds [0x0000021380000000, 0x0000021380270000, 0x0000021387530000]
CodeHeap 'non-nmethods': size=5760Kb used=1399Kb max_used=1419Kb free=4360Kb
 bounds [0x0000021387530000, 0x00000213877a0000, 0x0000021387ad0000]
 total_blobs=1277 nmethods=832 adapters=356
 compilation: enabled
              stopped_count=0, restarted_count=0
 full_count=0

Compilation events (20 events):
Event: 2.060 Thread 0x00000213fd669000  821       3       java.nio.charset.CoderResult::isOverflow (14 bytes)
Event: 2.060 Thread 0x00000213fd669000 nmethod 821 0x0000021380161a90 code [0x0000021380161c20, 0x0000021380161d90]
Event: 2.062 Thread 0x00000213fd669000  822   !   3       java.nio.HeapCharBuffer::toString (30 bytes)
Event: 2.063 Thread 0x00000213fd669000 nmethod 822 0x0000021380161e10 code [0x0000021380161fc0, 0x0000021380162270]
Event: 2.065 Thread 0x00000213fd669000  823       3       java.lang.invoke.MethodType::genericMethodType (95 bytes)
Event: 2.066 Thread 0x00000213fd669000 nmethod 823 0x0000021380162410 code [0x00000213801626a0, 0x0000021380163360]
Event: 2.070 Thread 0x00000213fd669000  825       3       jdk.internal.org.objectweb.asm.ClassReader::readUnsignedShort (26 bytes)
Event: 2.071 Thread 0x00000213fd669000 nmethod 825 0x0000021380163790 code [0x0000021380163920, 0x0000021380163a90]
Event: 2.071 Thread 0x00000213fd669000  826       1       java.lang.invoke.MethodHandles$Lookup::previousLookupClass (5 bytes)
Event: 2.071 Thread 0x00000213fd669000 nmethod 826 0x0000021387b1ab90 code [0x0000021387b1ad00, 0x0000021387b1adc8]
Event: 2.074 Thread 0x00000213fd669000  827       1       java.util.stream.AbstractPipeline::getStreamAndOpFlags (5 bytes)
Event: 2.075 Thread 0x00000213fd669000 nmethod 827 0x0000021387b1ae90 code [0x0000021387b1b000, 0x0000021387b1b0c8]
Event: 2.075 Thread 0x00000213fd669000  828       3       java.util.stream.AbstractPipeline::isParallel (8 bytes)
Event: 2.075 Thread 0x00000213fd669000 nmethod 828 0x0000021380163b90 code [0x0000021380163d20, 0x0000021380163e38]
Event: 2.082 Thread 0x00000213fd669000  829       3       java.util.zip.ZipFile$ZipFileInputStream::initDataOffset (117 bytes)
Event: 2.083 Thread 0x00000213fd669000 nmethod 829 0x0000021380163f10 code [0x0000021380164120, 0x00000213801648b8]
Event: 2.083 Thread 0x00000213fd669000  830   !   3       java.util.zip.ZipFile$Source::readAt (39 bytes)
Event: 2.083 Thread 0x00000213fd669000 nmethod 830 0x0000021380164c10 code [0x0000021380164dc0, 0x00000213801650d0]
Event: 2.085 Thread 0x00000213fd667120  831       4       java.io.WinNTFileSystem::normalize (143 bytes)
Event: 2.088 Thread 0x00000213fd669000  832       3       java.net.URLStreamHandler::parseURL (1124 bytes)

GC Heap History (2 events):
Event: 1.970 GC heap before
{Heap before GC invocations=0 (full 0):
 garbage-first heap   total 131072K, used 14336K [0x0000000081e00000, 0x0000000100000000)
  region size 1024K, 13 young (13312K), 0 survivors (0K)
 Metaspace       used 2850K, committed 2944K, reserved 1114112K
  class space    used 262K, committed 320K, reserved 1048576K
}
Event: 1.981 GC heap after
{Heap after GC invocations=1 (full 0):
 garbage-first heap   total 131072K, used 7755K [0x0000000081e00000, 0x0000000100000000)
  region size 1024K, 2 young (2048K), 2 survivors (2048K)
 Metaspace       used 2850K, committed 2944K, reserved 1114112K
  class space    used 262K, committed 320K, reserved 1048576K
}

Dll operation events (10 events):
Event: 0.030 Loaded shared library C:\Program Files\Java\jdk-20\bin\java.dll
Event: 0.215 Loaded shared library C:\Program Files\Java\jdk-20\bin\jsvml.dll
Event: 0.744 Loaded shared library C:\Program Files\Java\jdk-20\bin\zip.dll
Event: 0.752 Loaded shared library C:\Program Files\Java\jdk-20\bin\instrument.dll
Event: 0.762 Loaded shared library C:\Program Files\Java\jdk-20\bin\net.dll
Event: 0.766 Loaded shared library C:\Program Files\Java\jdk-20\bin\nio.dll
Event: 0.772 Loaded shared library C:\Program Files\Java\jdk-20\bin\zip.dll
Event: 1.403 Loaded shared library C:\Program Files\JetBrains\IntelliJ IDEA Community Edition 2023.1.2\bin\breakgen64.dll
Event: 1.418 Loaded shared library C:\Program Files\Java\jdk-20\bin\extnet.dll
Event: 1.495 Loaded shared library C:\Program Files\Java\jdk-20\bin\jimage.dll

Deoptimization events (20 events):
Event: 0.805 Thread 0x00000213f052ed60 DEOPT PACKING pc=0x0000021380040c7c sp=0x000000dd2adfdf10
Event: 0.805 Thread 0x00000213f052ed60 DEOPT UNPACKING pc=0x000002138759a4c2 sp=0x000000dd2adfd3a0 mode 0
Event: 0.805 Thread 0x00000213f052ed60 DEOPT PACKING pc=0x0000021380040c7c sp=0x000000dd2adfdf10
Event: 0.805 Thread 0x00000213f052ed60 DEOPT UNPACKING pc=0x000002138759a4c2 sp=0x000000dd2adfd3a0 mode 0
Event: 0.805 Thread 0x00000213f052ed60 DEOPT PACKING pc=0x0000021380040c7c sp=0x000000dd2adfdf10
Event: 0.805 Thread 0x00000213f052ed60 DEOPT UNPACKING pc=0x000002138759a4c2 sp=0x000000dd2adfd3a0 mode 0
Event: 1.380 Thread 0x00000213f052ed60 Uncommon trap: trap_request=0xffffff45 fr.pc=0x0000021387ae7a64 relative=0x0000000000000164
Event: 1.380 Thread 0x00000213f052ed60 Uncommon trap: reason=unstable_if action=reinterpret pc=0x0000021387ae7a64 method=java.util.zip.ZipFile$Source.isMetaName([BII)Z @ 57 c2
Event: 1.381 Thread 0x00000213f052ed60 DEOPT PACKING pc=0x0000021387ae7a64 sp=0x000000dd2adfdfc0
Event: 1.381 Thread 0x00000213f052ed60 DEOPT UNPACKING pc=0x0000021387599d22 sp=0x000000dd2adfdf50 mode 2
Event: 1.406 Thread 0x00000213f052ed60 Uncommon trap: trap_request=0xffffff45 fr.pc=0x0000021387ad1630 relative=0x00000000000000b0
Event: 1.406 Thread 0x00000213f052ed60 Uncommon trap: reason=unstable_if action=reinterpret pc=0x0000021387ad1630 method=java.lang.String.isLatin1()Z @ 10 c2
Event: 1.406 Thread 0x00000213f052ed60 DEOPT PACKING pc=0x0000021387ad1630 sp=0x000000dd2adfef00
Event: 1.406 Thread 0x00000213f052ed60 DEOPT UNPACKING pc=0x0000021387599d22 sp=0x000000dd2adfee40 mode 2
Event: 1.951 Thread 0x00000213f052ed60 DEOPT PACKING pc=0x000002138004ed28 sp=0x000000dd2adfdda0
Event: 1.951 Thread 0x00000213f052ed60 DEOPT UNPACKING pc=0x000002138759a4c2 sp=0x000000dd2adfd220 mode 0
Event: 1.981 Thread 0x00000213fd65acb0 Uncommon trap: trap_request=0xffffff45 fr.pc=0x0000021387afcec0 relative=0x0000000000000040
Event: 1.981 Thread 0x00000213fd65acb0 Uncommon trap: reason=unstable_if action=reinterpret pc=0x0000021387afcec0 method=java.util.concurrent.locks.AbstractQueuedSynchronizer.signalNext(Ljava/util/concurrent/locks/AbstractQueuedSynchronizer$Node;)V @ 1 c2
Event: 1.981 Thread 0x00000213fd65acb0 DEOPT PACKING pc=0x0000021387afcec0 sp=0x000000dd2b4ff510
Event: 1.981 Thread 0x00000213fd65acb0 DEOPT UNPACKING pc=0x0000021387599d22 sp=0x000000dd2b4ff4a0 mode 2

Classes loaded (20 events):
Event: 2.067 Loading class java/util/stream/DistinctOps
Event: 2.067 Loading class java/util/stream/DistinctOps done
Event: 2.067 Loading class java/util/stream/DistinctOps$1
Event: 2.068 Loading class java/util/stream/ReferencePipeline$StatefulOp
Event: 2.068 Loading class java/util/stream/ReferencePipeline$StatefulOp done
Event: 2.068 Loading class java/util/stream/DistinctOps$1 done
Event: 2.068 Loading class java/util/ImmutableCollections$Access
Event: 2.069 Loading class java/util/ImmutableCollections$Access done
Event: 2.069 Loading class java/util/ImmutableCollections$Access$1
Event: 2.069 Loading class jdk/internal/access/JavaUtilCollectionAccess
Event: 2.069 Loading class jdk/internal/access/JavaUtilCollectionAccess done
Event: 2.069 Loading class java/util/ImmutableCollections$Access$1 done
Event: 2.071 Loading class java/util/stream/Nodes$SpinedNodeBuilder
Event: 2.072 Loading class java/util/stream/SpinedBuffer
Event: 2.072 Loading class java/util/stream/AbstractSpinedBuffer
Event: 2.073 Loading class java/util/stream/AbstractSpinedBuffer done
Event: 2.073 Loading class java/util/stream/SpinedBuffer done
Event: 2.073 Loading class java/util/stream/Nodes$SpinedNodeBuilder done
Event: 2.073 Loading class java/util/stream/DistinctOps$1$2
Event: 2.074 Loading class java/util/stream/DistinctOps$1$2 done

Classes unloaded (0 events):
No events

Classes redefined (0 events):
No events

Internal exceptions (6 events):
Event: 1.384 Thread 0x00000213f052ed60 Exception <a 'java/lang/NoSuchMethodError'{0x0000000089594ea0}: 'void java.lang.invoke.DirectMethodHandle$Holder.invokeStatic(java.lang.Object, java.lang.Object, java.lang.Object)'> (0x0000000089594ea0) 
thrown [s\open\src\hotspot\share\interpreter\linkResolver.cpp, line 773]
Event: 1.393 Thread 0x00000213f052ed60 Exception <a 'java/lang/NoSuchMethodError'{0x00000000895ac3a8}: 'java.lang.Object java.lang.invoke.Invokers$Holder.invokeExact_MT(java.lang.Object, java.lang.Object, java.lang.Object, java.lang.Object, java.lang.Object)'> (0x00000000895ac3a8) 
thrown [s\open\src\hotspot\share\interpreter\linkResolver.cpp, line 773]
Event: 1.420 Thread 0x00000213fd9c6c50 Exception <a 'java/lang/NoSuchMethodError'{0x00000000895db930}: 'void java.lang.invoke.DirectMethodHandle$Holder.invokeStatic(java.lang.Object, java.lang.Object)'> (0x00000000895db930) 
thrown [s\open\src\hotspot\share\interpreter\linkResolver.cpp, line 773]
Event: 1.613 Thread 0x00000213f052ed60 Exception <a 'java/lang/ClassNotFoundException'{0x00000000893b0720}: javax/smartcardio/CardPermission> (0x00000000893b0720) 
thrown [s\open\src\hotspot\share\classfile\systemDictionary.cpp, line 305]
Event: 1.625 Thread 0x00000213f052ed60 Exception <a 'java/io/FileNotFoundException'{0x00000000893bf2a8}> (0x00000000893bf2a8) 
thrown [s\open\src\hotspot\share\prims\jni.cpp, line 519]
Event: 2.001 Thread 0x00000213f052ed60 Exception <a 'java/lang/NoSuchMethodError'{0x0000000089d599e0}: 'void java.lang.invoke.DirectMethodHandle$Holder.invokeStatic(java.lang.Object, java.lang.Object, java.lang.Object, java.lang.Object)'> (0x0000000089d599e0) 
thrown [s\open\src\hotspot\share\interpreter\linkResolver.cpp, line 773]

VM Operations (12 events):
Event: 0.703 Executing VM operation: HandshakeAllThreads
Event: 0.703 Executing VM operation: HandshakeAllThreads done
Event: 1.405 Executing VM operation: HandshakeAllThreads
Event: 1.405 Executing VM operation: HandshakeAllThreads done
Event: 1.405 Executing VM operation: Cleanup
Event: 1.405 Executing VM operation: Cleanup done
Event: 1.408 Executing VM operation: HandshakeAllThreads
Event: 1.408 Executing VM operation: HandshakeAllThreads done
Event: 1.503 Executing VM operation: HandshakeAllThreads
Event: 1.503 Executing VM operation: HandshakeAllThreads done
Event: 1.970 Executing VM operation: G1CollectForAllocation
Event: 1.981 Executing VM operation: G1CollectForAllocation done

Events (13 events):
Event: 0.216 Thread 0x00000213f052ed60 Thread added: 0x00000213f052ed60
Event: 0.277 Thread 0x00000213fd65acb0 Thread added: 0x00000213fd65acb0
Event: 0.278 Thread 0x00000213fd65bc50 Thread added: 0x00000213fd65bc50
Event: 0.278 Thread 0x00000213fd65f3b0 Thread added: 0x00000213fd65f3b0
Event: 0.278 Thread 0x00000213fd6635b0 Thread added: 0x00000213fd6635b0
Event: 0.278 Thread 0x00000213fd665bf0 Thread added: 0x00000213fd665bf0
Event: 0.279 Thread 0x00000213fd666560 Thread added: 0x00000213fd666560
Event: 0.279 Thread 0x00000213fd667120 Thread added: 0x00000213fd667120
Event: 0.279 Thread 0x00000213fd669000 Thread added: 0x00000213fd669000
Event: 0.691 Thread 0x00000213fd628fb0 Thread added: 0x00000213fd628fb0
Event: 1.404 Thread 0x00000213fd9c6c50 Thread added: 0x00000213fd9c6c50
Event: 1.404 Thread 0x00000213fd9c71a0 Thread added: 0x00000213fd9c71a0
Event: 1.596 Thread 0x00000213fe02a370 Thread added: 0x00000213fe02a370


Dynamic libraries:
0x00007ff7a6b80000 - 0x00007ff7a6b90000 	C:\Program Files\Java\jdk-20\bin\java.exe
0x00007ffade1d0000 - 0x00007ffade3c8000 	C:\Windows\SYSTEM32\ntdll.dll
0x00007ffadd110000 - 0x00007ffadd1cd000 	C:\Windows\System32\KERNEL32.DLL
0x00007ffadb890000 - 0x00007ffadbb86000 	C:\Windows\System32\KERNELBASE.dll
0x00007ffadbda0000 - 0x00007ffadbea0000 	C:\Windows\System32\ucrtbase.dll
0x00007ffac8ed0000 - 0x00007ffac8eeb000 	C:\Program Files\Java\jdk-20\bin\VCRUNTIME140.dll
0x00007ffad5330000 - 0x00007ffad5349000 	C:\Program Files\Java\jdk-20\bin\jli.dll
0x00007ffadc4c0000 - 0x00007ffadc570000 	C:\Windows\System32\ADVAPI32.dll
0x00007ffadd2a0000 - 0x00007ffadd33e000 	C:\Windows\System32\msvcrt.dll
0x00007ffadc420000 - 0x00007ffadc4c0000 	C:\Windows\System32\sechost.dll
0x00007ffade060000 - 0x00007ffade183000 	C:\Windows\System32\RPCRT4.dll
0x00007ffadc1e0000 - 0x00007ffadc207000 	C:\Windows\System32\bcrypt.dll
0x00007ffadcf70000 - 0x00007ffadd10f000 	C:\Windows\System32\USER32.dll
0x00007ffadbc30000 - 0x00007ffadbc52000 	C:\Windows\System32\win32u.dll
0x00007ffadd3f0000 - 0x00007ffadd41b000 	C:\Windows\System32\GDI32.dll
0x00007ffadbea0000 - 0x00007ffadbfb7000 	C:\Windows\System32\gdi32full.dll
0x00007ffadbb90000 - 0x00007ffadbc2d000 	C:\Windows\System32\msvcp_win.dll
0x00007ffacbf50000 - 0x00007ffacc1ea000 	C:\Windows\WinSxS\amd64_microsoft.windows.common-controls_6595b64144ccf1df_6.0.19041.4355_none_60b8b9eb71f62e16\COMCTL32.dll
0x00007ffad16d0000 - 0x00007ffad16da000 	C:\Windows\SYSTEM32\VERSION.dll
0x00007ffadc720000 - 0x00007ffadc74f000 	C:\Windows\System32\IMM32.DLL
0x00007ffad52f0000 - 0x00007ffad52fc000 	C:\Program Files\Java\jdk-20\bin\vcruntime140_1.dll
0x00007ffa6cae0000 - 0x00007ffa6cb6e000 	C:\Program Files\Java\jdk-20\bin\msvcp140.dll
0x00007ffa6b390000 - 0x00007ffa6c028000 	C:\Program Files\Java\jdk-20\bin\server\jvm.dll
0x00007ffac3750000 - 0x00007ffac3759000 	C:\Windows\SYSTEM32\WSOCK32.dll
0x00007ffadce30000 - 0x00007ffadce9b000 	C:\Windows\System32\WS2_32.dll
0x00007ffaccd50000 - 0x00007ffaccd77000 	C:\Windows\SYSTEM32\WINMM.dll
0x00007ffada060000 - 0x00007ffada072000 	C:\Windows\SYSTEM32\kernel.appcore.dll
0x00007ffac84b0000 - 0x00007ffac84ba000 	C:\Program Files\Java\jdk-20\bin\jimage.dll
0x00007ffac85d0000 - 0x00007ffac87b4000 	C:\Windows\SYSTEM32\DBGHELP.DLL
0x00007ffac8420000 - 0x00007ffac8454000 	C:\Windows\SYSTEM32\dbgcore.DLL
0x00007ffadbc60000 - 0x00007ffadbce2000 	C:\Windows\System32\bcryptPrimitives.dll
0x00007ffabddf0000 - 0x00007ffabddfe000 	C:\Program Files\Java\jdk-20\bin\instrument.dll
0x00007ffabbaf0000 - 0x00007ffabbb16000 	C:\Program Files\Java\jdk-20\bin\java.dll
0x00007ffaaaf80000 - 0x00007ffaab057000 	C:\Program Files\Java\jdk-20\bin\jsvml.dll
0x00007ffadd8f0000 - 0x00007ffade05c000 	C:\Windows\System32\SHELL32.dll
0x00007ffad98a0000 - 0x00007ffada03d000 	C:\Windows\SYSTEM32\windows.storage.dll
0x00007ffadd590000 - 0x00007ffadd8e3000 	C:\Windows\System32\combase.dll
0x00007ffadb1d0000 - 0x00007ffadb1fe000 	C:\Windows\SYSTEM32\Wldp.dll
0x00007ffadcea0000 - 0x00007ffadcf6d000 	C:\Windows\System32\OLEAUT32.dll
0x00007ffadd340000 - 0x00007ffadd3ed000 	C:\Windows\System32\SHCORE.dll
0x00007ffadc950000 - 0x00007ffadc9a5000 	C:\Windows\System32\shlwapi.dll
0x00007ffadb7c0000 - 0x00007ffadb7e4000 	C:\Windows\SYSTEM32\profapi.dll
0x00007ffabfb60000 - 0x00007ffabfb78000 	C:\Program Files\Java\jdk-20\bin\zip.dll
0x00007ffad5310000 - 0x00007ffad5323000 	C:\Program Files\Java\jdk-20\bin\net.dll
0x00007ffad2690000 - 0x00007ffad279a000 	C:\Windows\SYSTEM32\WINHTTP.dll
0x00007ffadafb0000 - 0x00007ffadb01a000 	C:\Windows\system32\mswsock.dll
0x00007ffad45f0000 - 0x00007ffad4606000 	C:\Program Files\Java\jdk-20\bin\nio.dll
0x00007ffaa5ba0000 - 0x00007ffaa5bba000 	C:\Program Files\JetBrains\IntelliJ IDEA Community Edition 2023.1.2\bin\breakgen64.dll
0x00007ffad5300000 - 0x00007ffad5307000 	C:\Program Files\Java\jdk-20\bin\extnet.dll

dbghelp: loaded successfully - version: 4.0.5 - missing functions: none
symbol engine: initialized successfully - sym options: 0x614 - pdb path: .;C:\Program Files\Java\jdk-20\bin;C:\Windows\SYSTEM32;C:\Windows\WinSxS\amd64_microsoft.windows.common-controls_6595b64144ccf1df_6.0.19041.4355_none_60b8b9eb71f62e16;C:\Program Files\Java\jdk-20\bin\server;C:\Program Files\JetBrains\IntelliJ IDEA Community Edition 2023.1.2\bin

VM Arguments:
jvm_args: -javaagent:C:\Program Files\JetBrains\IntelliJ IDEA Community Edition 2023.1.2\lib\idea_rt.jar=62666:C:\Program Files\JetBrains\IntelliJ IDEA Community Edition 2023.1.2\bin -Dfile.encoding=UTF-8 -Dsun.stdout.encoding=UTF-8 -Dsun.stderr.encoding=UTF-8 
java_command: com.exam.SecurityApplication
java_class_path (initial): G:\Project\ExamsBackEnd\BackEnd\ExamServer_Springboot\target\classes;C:\Users\D e r r y\.m2\repository\org\springframework\boot\spring-boot-starter-security\3.0.4\spring-boot-starter-security-3.0.4.jar;C:\Users\D e r r y\.m2\repository\org\springframework\boot\spring-boot-starter\3.0.1\spring-boot-starter-3.0.1.jar;C:\Users\D e r r y\.m2\repository\org\springframework\boot\spring-boot\3.0.1\spring-boot-3.0.1.jar;C:\Users\D e r r y\.m2\repository\org\springframework\boot\spring-boot-autoconfigure\3.0.1\spring-boot-autoconfigure-3.0.1.jar;C:\Users\D e r r y\.m2\repository\org\springframework\boot\spring-boot-starter-logging\3.0.1\spring-boot-starter-logging-3.0.1.jar;C:\Users\D e r r y\.m2\repository\ch\qos\logback\logback-classic\1.4.5\logback-classic-1.4.5.jar;C:\Users\D e r r y\.m2\repository\ch\qos\logback\logback-core\1.4.5\logback-core-1.4.5.jar;C:\Users\D e r r y\.m2\repository\org\apache\logging\log4j\log4j-to-slf4j\2.19.0\log4j-to-slf4j-2.19.0.jar;C:\Users\D e r r y\.m2\repository\org\apache\logging\log4j\log4j-api\2.19.0\log4j-api-2.19.0.jar;C:\Users\D e r r y\.m2\repository\org\slf4j\jul-to-slf4j\2.0.6\jul-to-slf4j-2.0.6.jar;C:\Users\D e r r y\.m2\repository\jakarta\annotation\jakarta.annotation-api\2.1.1\jakarta.annotation-api-2.1.1.jar;C:\Users\D e r r y\.m2\repository\org\yaml\snakeyaml\1.33\snakeyaml-1.33.jar;C:\Users\D e r r y\.m2\repository\org\springframework\spring-aop\6.0.3\spring-aop-6.0.3.jar;C:\Users\D e r r y\.m2\repository\org\springframework\security\spring-security-config\6.0.1\spring-security-config-6.0.1.jar;C:\Users\D e r r y\.m2\repository\org\springframework\security\spring-security-web\6.0.1\spring-security-web-6.0.1.jar;C:\Users\D e r r y\.m2\repository\org\springframework\boot\spring-boot-starter-web\3.1.0\spring-boot-starter-web-3.1.0.jar;C:\Users\D e r r y\.m2\repository\org\springframework\boot\spring-boot-starter-json\3.0.1\spring-boot-starter-json-3.0.1.jar;C:\Users\D e r r y\.m2\repository\com\fasterxml\jackson\datatype\jackson-datatype-jdk8\2.14.1\jackson-datatype-jdk8-2.14.1.jar;C:\Users\D e r r y\.m2\repository\com\fasterxml\jackson\datatype\jackson-datatype-jsr310\2.14.1\jackson-datatype-jsr310-2.14.1.jar;C:\Users\D e r r y\.m2\repository\com\fasterxml\jackson\module\jackson-module-parameter-names\2.14.1\jackson-module-parameter-names-2.14.1.jar;C:\Users\D e r r y\.m2\repository\org\springframework\boot\spring-boot-starter-tomcat\3.0.1\spring-boot-starter-tomcat-3.0.1.jar;C:\Users\D e r r y\.m2\repository\org\apache\tomcat\embed\tomcat-embed-core\10.1.4\tomcat-embed-core-10.1.4.jar;C:\Users\D e r r y\.m2\repository\org\apache\tomcat\embed\tomcat-embed-websocket\10.1.4\tomcat-embed-websocket-10.1.4.jar;C:\Users\D e r r y\.m2\repository\org\springframework\spring-web\6.0.3\spring-web-6.0.3.jar;C:\Users\D e r r y\.m2\repository\io\micrometer\micrometer-observation\1.10.2\micrometer-observation-1.10.2.jar;C:\Users\D e r r y\.m2\repository\io\micrometer\micrometer-commons\1.10.2\micrometer-commons-1.10.2.jar;C:\Users\D e r r y\.m2\repository\org\springframework\spring-webmvc\6.0.3\spring-webmvc-6.0.3.jar;C:\Users\D e r r y\.m2\repository\com\mysql\mysql-connector-j\8.0.32\mysql-connector-j-8.0.32.jar;C:\Users\D e r r y\.m2\repository\org\springframework\boot\spring-boot-starter-data-jpa\3.0.4\spring-boot-starter-data-jpa-3.0.4.jar;C:\Users\D e r r y\.m2\repository\org\springframework\boot\spring-boot-starter-aop\3.0.1\spring-boot-starter-aop-3.0.1.jar;C:\Users\D e r r y\.m2\repository\org\aspectj\aspectjweaver\1.9.19\aspectjweaver-1.9.19.jar;C:\Users\D e r r y\.m2\repository\org\springframework\boot\spring-boot-starter-jdbc\3.0.1\spring-boot-starter-jdbc-3.0.1.jar;C:\Users\D e r r y\.m2\repository\com\zaxxer\HikariCP\5.0.1\HikariCP-5.0.1.jar;C:\Users\D e r r y\.m2\repository\org\springframework\spring-jdbc\6.0.3\spring-jdbc-6.0.3.jar;C:\Users\D e r r y\.m2\repository\org\hibernate\orm\hibernate-core\6.1.6.Final\hibernate-core-6.1.6.Final.jar;C:\Users\D e r r y\.m2\repository\jakarta\persistence\jakarta.persistence-api\3.1.0\jakarta.persistence-api-3.1.0.jar;C:\Users\D e r r y\.m2\repository\jakarta\transaction\jakarta.transaction-api\2.0.1\jakarta.transaction-api-2.0.1.jar;C:\Users\D e r r y\.m2\repository\org\jboss\logging\jboss-logging\3.5.0.Final\jboss-logging-3.5.0.Final.jar;C:\Users\D e r r y\.m2\repository\org\hibernate\common\hibernate-commons-annotations\6.0.2.Final\hibernate-commons-annotations-6.0.2.Final.jar;C:\Users\D e r r y\.m2\repository\org\jboss\jandex\2.4.2.Final\jandex-2.4.2.Final.jar;C:\Users\D e r r y\.m2\repository\com\fasterxml\classmate\1.5.1\classmate-1.5.1.jar;C:\Users\D e r r y\.m2\repository\net\bytebuddy\byte-buddy\1.12.20\byte-buddy-1.12.20.jar;C:\Users\D e r r y\.m2\repository\org\glassfish\jaxb\jaxb-runtime\4.0.1\jaxb-runtime-4.0.1.jar;C:\Users\D e r r y\.m2\repository\org\glassfish\jaxb\jaxb-core\4.0.1\jaxb-core-4.0.1.jar;C:\Users\D e r r y\.m2\repository\org\eclipse\angus\angus-activation\1.0.0\angus-activation-1.0.0.jar;C:\Users\D e r r y\.m2\repository\org\glassfish\jaxb\txw2\4.0.1\txw2-4.0.1.jar;C:\Users\D e r r y\.m2\repository\com\sun\istack\istack-commons-runtime\4.1.1\istack-commons-runtime-4.1.1.jar;C:\Users\D e r r y\.m2\repository\jakarta\inject\jakarta.inject-api\2.0.0\jakarta.inject-api-2.0.0.jar;C:\Users\D e r r y\.m2\repository\org\antlr\antlr4-runtime\4.10.1\antlr4-runtime-4.10.1.jar;C:\Users\D e r r y\.m2\repository\org\springframework\data\spring-data-jpa\3.0.0\spring-data-jpa-3.0.0.jar;C:\Users\D e r r y\.m2\repository\org\springframework\data\spring-data-commons\3.0.0\spring-data-commons-3.0.0.jar;C:\Users\D e r r y\.m2\repository\org\springframework\spring-orm\6.0.3\spring-orm-6.0.3.jar;C:\Users\D e r r y\.m2\repository\org\springframework\spring-tx\6.0.3\spring-tx-6.0.3.jar;C:\Users\D e r r y\.m2\repository\org\slf4j\slf4j-api\2.0.6\slf4j-api-2.0.6.jar;C:\Users\D e r r y\.m2\repository\org\springframework\spring-aspects\6.0.3\spring-aspects-6.0.3.jar;C:\Users\D e r r y\.m2\repository\org\projectlombok\lombok\1.18.26\lombok-1.18.26.jar;C:\Users\D e r r y\.m2\repository\org\springframework\spring-context\6.0.9\spring-context-6.0.9.jar;C:\Users\D e r r y\.m2\repository\org\springframework\spring-beans\6.0.3\spring-beans-6.0.3.jar;C:\Users\D e r r y\.m2\repository\org\springframework\spring-core\6.0.3\spring-core-6.0.3.jar;C:\Users\D e r r y\.m2\repository\org\springframework\spring-jcl\6.0.3\spring-jcl-6.0.3.jar;C:\Users\D e r r y\.m2\repository\org\springframework\spring-expression\6.0.3\spring-expression-6.0.3.jar;C:\Users\D e r r y\.m2\repository\io\jsonwebtoken\jjwt-api\0.11.5\jjwt-api-0.11.5.jar;C:\Users\D e r r y\.m2\repository\io\jsonwebtoken\jjwt-impl\0.11.5\jjwt-impl-0.11.5.jar;C:\Users\D e r r y\.m2\repository\io\jsonwebtoken\jjwt-jackson\0.11.5\jjwt-jackson-0.11.5.jar;C:\Users\D e r r y\.m2\repository\com\fasterxml\jackson\core\jackson-databind\2.14.1\jackson-databind-2.14.1.jar;C:\Users\D e r r y\.m2\repository\com\fasterxml\jackson\core\jackson-annotations\2.14.1\jackson-annotations-2.14.1.jar;C:\Users\D e r r y\.m2\repository\com\fasterxml\jackson\core\jackson-core\2.14.1\jackson-core-2.14.1.jar;C:\Users\D e r r y\.m2\repository\jakarta\xml\bind\jakarta.xml.bind-api\4.0.0\jakarta.xml.bind-api-4.0.0.jar;C:\Users\D e r r y\.m2\repository\jakarta\activation\jakarta.activation-api\2.1.0\jakarta.activation-api-2.1.0.jar;C:\Users\D e r r y\.m2\repository\net\minidev\json-smart\2.4.8\json-smart-2.4.8.jar;C:\Users\D e r r y\.m2\repository\net\minidev\accessors-smart\2.4.8\accessors-smart-2.4.8.jar;C:\Users\D e r r y\.m2\repository\org\ow2\asm\asm\9.1\asm-9.1.jar;C:\Users\D e r r y\.m2\repository\org\springframework\security\spring-security-core\6.0.1\spring-security-core-6.0.1.jar;C:\Users\D e r r y\.m2\repository\org\springframework\security\spring-security-crypto\6.0.1\spring-security-crypto-6.0.1.jar;C:\Users\D e r r y\.m2\repository\org\apache\httpcomponents\httpclient\4.5.14\httpclient-4.5.14.jar;C:\Users\D e r r y\.m2\repository\org\apache\httpcomponents\httpcore\4.4.16\httpcore-4.4.16.jar;C:\Users\D e r r y\.m2\repository\commons-codec\commons-codec\1.15\commons-codec-1.15.jar;C:\Users\D e r r y\.m2\repository\org\springframework\boot\spring-boot-starter-validation\3.0.1\spring-boot-starter-validation-3.0.1.jar;C:\Users\D e r r y\.m2\repository\org\apache\tomcat\embed\tomcat-embed-el\10.1.4\tomcat-embed-el-10.1.4.jar;C:\Users\D e r r y\.m2\repository\org\hibernate\validator\hibernate-validator\8.0.0.Final\hibernate-validator-8.0.0.Final.jar;C:\Users\D e r r y\.m2\repository\jakarta\validation\jakarta.validation-api\3.0.2\jakarta.validation-api-3.0.2.jar;C:\Users\D e r r y\.m2\repository\org\json\json\20210307\json-20210307.jar;C:\Users\D e r r y\.m2\repository\org\springframework\security\spring-security-oauth2-core\6.0.1\spring-security-oauth2-core-6.0.1.jar;C:\Users\D e r r y\.m2\repository\org\springframework\security\spring-security-oauth2-client\6.0.1\spring-security-oauth2-client-6.0.1.jar;C:\Users\D e r r y\.m2\repository\com\nimbusds\oauth2-oidc-sdk\9.43.1\oauth2-oidc-sdk-9.43.1.jar;C:\Users\D e r r y\.m2\repository\com\github\stephenc\jcip\jcip-annotations\1.0-1\jcip-annotations-1.0-1.jar;C:\Users\D e r r y\.m2\repository\com\nimbusds\content-type\2.2\content-type-2.2.jar;C:\Users\D e r r y\.m2\repository\com\nimbusds\lang-tag\1.7\lang-tag-1.7.jar;C:\Users\D e r r y\.m2\repository\com\nimbusds\nimbus-jose-jwt\9.24.4\nimbus-jose-jwt-9.24.4.jar;C:\Users\D e r r y\.m2\repository\org\springframework\boot\spring-boot-starter-oauth2-resource-server\3.0.1\spring-boot-starter-oauth2-resource-server-3.0.1.jar;C:\Users\D e r r y\.m2\repository\org\springframework\security\spring-security-oauth2-resource-server\6.0.1\spring-security-oauth2-resource-server-6.0.1.jar;C:\Users\D e r r y\.m2\repository\org\springframework\security\spring-security-oauth2-jose\6.0.1\spring-security-oauth2-jose-6.0.1.jar;C:\Users\D e r r y\.m2\repository\org\springframework\boot\spring-boot-starter-thymeleaf\3.0.1\spring-boot-starter-thymeleaf-3.0.1.jar;C:\Users\D e r r y\.m2\repository\org\thymeleaf\thymeleaf-spring6\3.1.1.RELEASE\thymeleaf-spring6-3.1.1.RELEASE.jar;C:\Users\D e r r y\.m2\repository\org\thymeleaf\thymeleaf\3.1.1.RELEASE\thymeleaf-3.1.1.RELEASE.jar;C:\Users\D e r r y\.m2\repository\org\attoparser\attoparser\2.0.6.RELEASE\attoparser-2.0.6.RELEASE.jar;C:\Users\D e r r y\.m2\repository\org\unbescape\unbescape\1.1.6.RELEASE\unbescape-1.1.6.RELEASE.jar;C:\Users\D e r r y\.m2\repository\com\google\api-client\google-api-client\2.6.0\google-api-client-2.6.0.jar;C:\Users\D e r r y\.m2\repository\com\google\oauth-client\google-oauth-client\1.36.0\google-oauth-client-1.36.0.jar;C:\Users\D e r r y\.m2\repository\com\google\auth\google-auth-library-credentials\1.23.0\google-auth-library-credentials-1.23.0.jar;C:\Users\D e r r y\.m2\repository\com\google\auth\google-auth-library-oauth2-http\1.23.0\google-auth-library-oauth2-http-1.23.0.jar;C:\Users\D e r r y\.m2\repository\com\google\auto\value\auto-value-annotations\1.10.4\auto-value-annotations-1.10.4.jar;C:\Users\D e r r y\.m2\repository\com\google\code\findbugs\jsr305\3.0.2\jsr305-3.0.2.jar;C:\Users\D e r r y\.m2\repository\com\google\errorprone\error_prone_annotations\2.18.0\error_prone_annotations-2.18.0.jar;C:\Users\D e r r y\.m2\repository\com\google\http-client\google-http-client-gson\1.44.2\google-http-client-gson-1.44.2.jar;C:\Users\D e r r y\.m2\repository\com\google\code\gson\gson\2.9.1\gson-2.9.1.jar;C:\Users\D e r r y\.m2\repository\com\google\guava\guava\33.1.0-jre\guava-33.1.0-jre.jar;C:\Users\D e r r y\.m2\repository\com\google\guava\failureaccess\1.0.2\failureaccess-1.0.2.jar;C:\Users\D e r r y\.m2\repository\com\google\guava\listenablefuture\9999.0-empty-to-avoid-conflict-with-guava\listenablefuture-9999.0-empty-to-avoid-conflict-with-guava.jar;C:\Users\D e r r y\.m2\repository\org\checkerframework\checker-qual\3.42.0\checker-qual-3.42.0.jar;C:\Users\D e r r y\.m2\repository\com\google\j2objc\j2objc-annotations\3.0.0\j2objc-annotations-3.0.0.jar;C:\Users\D e r r y\.m2\repository\com\google\http-client\google-http-client-apache-v2\1.44.2\google-http-client-apache-v2-1.44.2.jar;C:\Users\D e r r y\.m2\repository\com\google\http-client\google-http-client\1.44.2\google-http-client-1.44.2.jar;C:\Users\D e r r y\.m2\repository\io\grpc\grpc-context\1.60.1\grpc-context-1.60.1.jar;C:\Users\D e r r y\.m2\repository\io\grpc\grpc-api\1.60.1\grpc-api-1.60.1.jar;C:\Users\D e r r y\.m2\repository\io\opencensus\opencensus-api\0.31.1\opencensus-api-0.31.1.jar;C:\Users\D e r r y\.m2\repository\io\opencensus\opencensus-contrib-http-util\0.31.1\opencensus-contrib-http-util-0.31.1.jar;C:\Users\D e r r y\.m2\repository\org\springframework\boot\spring-boot-starter-webflux\3.0.1\spring-boot-starter-webflux-3.0.1.jar;C:\Users\D e r r y\.m2\repository\org\springframework\boot\spring-boot-starter-reactor-netty\3.0.1\spring-boot-starter-reactor-netty-3.0.1.jar;C:\Users\D e r r y\.m2\repository\io\projectreactor\netty\reactor-netty-http\1.1.1\reactor-netty-http-1.1.1.jar;C:\Users\D e r r y\.m2\repository\io\netty\netty-codec-http\4.1.86.Final\netty-codec-http-4.1.86.Final.jar;C:\Users\D e r r y\.m2\repository\io\netty\netty-common\4.1.86.Final\netty-common-4.1.86.Final.jar;C:\Users\D e r r y\.m2\repository\io\netty\netty-buffer\4.1.86.Final\netty-buffer-4.1.86.Final.jar;C:\Users\D e r r y\.m2\repository\io\netty\netty-transport\4.1.86.Final\netty-transport-4.1.86.Final.jar;C:\Users\D e r r y\.m2\repository\io\netty\netty-codec\4.1.86.Final\netty-codec-4.1.86.Final.jar;C:\Users\D e r r y\.m2\repository\io\netty\netty-handler\4.1.86.Final\netty-handler-4.1.86.Final.jar;C:\Users\D e r r y\.m2\repository\io\netty\netty-codec-http2\4.1.86.Final\netty-codec-http2-4.1.86.Final.jar;C:\Users\D e r r y\.m2\repository\io\netty\netty-resolver-dns\4.1.86.Final\netty-resolver-dns-4.1.86.Final.jar;C:\Users\D e r r y\.m2\repository\io\netty\netty-resolver\4.1.86.Final\netty-resolver-4.1.86.Final.jar;C:\Users\D e r r y\.m2\repository\io\netty\netty-codec-dns\4.1.86.Final\netty-codec-dns-4.1.86.Final.jar;C:\Users\D e r r y\.m2\repository\io\netty\netty-resolver-dns-native-macos\4.1.86.Final\netty-resolver-dns-native-macos-4.1.86.Final-osx-x86_64.jar;C:\Users\D e r r y\.m2\repository\io\netty\netty-resolver-dns-classes-macos\4.1.86.Final\netty-resolver-dns-classes-macos-4.1.86.Final.jar;C:\Users\D e r r y\.m2\repository\io\netty\netty-transport-native-epoll\4.1.86.Final\netty-transport-native-epoll-4.1.86.Final-linux-x86_64.jar;C:\Users\D e r r y\.m2\repository\io\netty\netty-transport-native-unix-common\4.1.86.Final\netty-transport-native-unix-common-4.1.86.Final.jar;C:\Users\D e r r y\.m2\repository\io\netty\netty-transport-classes-epoll\4.1.86.Final\netty-transport-classes-epoll-4.1.86.Final.jar;C:\Users\D e r r y\.m2\repository\io\projectreactor\netty\reactor-netty-core\1.1.1\reactor-netty-core-1.1.1.jar;C:\Users\D e r r y\.m2\repository\io\netty\netty-handler-proxy\4.1.86.Final\netty-handler-proxy-4.1.86.Final.jar;C:\Users\D e r r y\.m2\repository\io\netty\netty-codec-socks\4.1.86.Final\netty-codec-socks-4.1.86.Final.jar;C:\Users\D e r r y\.m2\repository\org\springframework\spring-webflux\6.0.3\spring-webflux-6.0.3.jar;C:\Users\D e r r y\.m2\repository\io\projectreactor\reactor-core\3.5.1\reactor-core-3.5.1.jar;C:\Users\D e r r y\.m2\repository\org\reactivestreams\reactive-streams\1.0.4\reactive-streams-1.0.4.jar
Launcher Type: SUN_STANDARD

[Global flags]
     intx CICompilerCount                          = 3                                         {product} {ergonomic}
     uint ConcGCThreads                            = 1                                         {product} {ergonomic}
     uint G1ConcRefinementThreads                  = 4                                         {product} {ergonomic}
   size_t G1HeapRegionSize                         = 1048576                                   {product} {ergonomic}
    uintx GCDrainStackTargetSize                   = 64                                        {product} {ergonomic}
   size_t InitialHeapSize                          = 134217728                                 {product} {ergonomic}
   size_t MarkStackSize                            = 4194304                                   {product} {ergonomic}
   size_t MaxHeapSize                              = 2116026368                                {product} {ergonomic}
   size_t MaxNewSize                               = 1268776960                                {product} {ergonomic}
   size_t MinHeapDeltaBytes                        = 1048576                                   {product} {ergonomic}
   size_t MinHeapSize                              = 8388608                                   {product} {ergonomic}
    uintx NonNMethodCodeHeapSize                   = 5832780                                {pd product} {ergonomic}
    uintx NonProfiledCodeHeapSize                  = 122912730                              {pd product} {ergonomic}
    uintx ProfiledCodeHeapSize                     = 122912730                              {pd product} {ergonomic}
    uintx ReservedCodeCacheSize                    = 251658240                              {pd product} {ergonomic}
     bool SegmentedCodeCache                       = true                                      {product} {ergonomic}
   size_t SoftMaxHeapSize                          = 2116026368                             {manageable} {ergonomic}
     bool UseCompressedClassPointers               = true                           {product lp64_product} {ergonomic}
     bool UseCompressedOops                        = true                           {product lp64_product} {ergonomic}
     bool UseG1GC                                  = true                                      {product} {ergonomic}
     bool UseLargePagesIndividualAllocation        = false                                  {pd product} {ergonomic}

Logging:
Log output configuration:
 #0: stdout all=warning uptime,level,tags foldmultilines=false
 #1: stderr all=off uptime,level,tags foldmultilines=false

Environment Variables:
PATH=C:\Program Files\Common Files\Oracle\Java\javapath;C:\Program Files (x86)\Common Files\Oracle\Java\javapath;C:\Windows\system32;C:\Windows;C:\Windows\System32\Wbem;C:\Windows\System32\WindowsPowerShell\v1.0\;C:\Windows\System32\OpenSSH\;C:\Program Files\Git\cmd;C:\ProgramData\chocolatey\bin;C:\Program Files\apache-maven-3.9.4-bin\apache-maven-3.9.4\bin;C:\Program Files\dotnet\;C:\Program Files\Microsoft SQL Server\120\Tools\Binn\;C:\Program Files\nodejs\;C:\Program Files\MATLAB\R2024a\bin;C:\Users\D e r r y\anaconda3;C:\Users\D e r r y\anaconda3\Library\mingw-w64\bin;C:\Users\D e r r y\anaconda3\Library\usr\bin;C:\Users\D e r r y\anaconda3\Library\bin;C:\Users\D e r r y\anaconda3\Scripts;C:\Program Files\MySQL\MySQL Shell 8.0\bin\;C:\Users\D e r r y\AppData\Local\Microsoft\WindowsApps;C:\Program Files\JetBrains\IntelliJ IDEA Community Edition 2023.1.2\bin;;C:\Program Files\JetBrains\PyCharm Community Edition 2023.1.2\bin;;C:\Users\D e r r y\AppData\Local\Programs\Microsoft VS Code\bin;C:\Program Files\heroku\bin;C:\Program Files\bin;C:\Program Files\JetBrains\PhpStorm 2024.1\bin;;C:\Users\D e r r y\AppData\Roaming\npm
USERNAME=D e r r y
OS=Windows_NT
PROCESSOR_IDENTIFIER=Intel64 Family 6 Model 61 Stepping 4, GenuineIntel
TMP=C:\Users\DERRY~1\AppData\Local\Temp
TEMP=C:\Users\DERRY~1\AppData\Local\Temp




---------------  S Y S T E M  ---------------

OS:
 Windows 10 , 64 bit Build 19041 (10.0.19041.3636)
OS uptime: 0 days 0:59 hours
Hyper-V role detected

CPU: total 4 (initial active 4) (2 cores per cpu, 2 threads per core) family 6 model 61 stepping 4 microcode 0x2f, cx8, cmov, fxsr, ht, mmx, 3dnowpref, sse, sse2, sse3, ssse3, sse4.1, sse4.2, popcnt, lzcnt, tsc, tscinvbit, avx, avx2, aes, erms, clmul, bmi1, bmi2, rtm, adx, fma, vzeroupper, clflush, hv, rdtscp, f16c

Memory: 4k page, system-wide physical 8067M (482M free)
TotalPageFile size 10115M (AvailPageFile size 4M)
current process WorkingSet (physical memory assigned to process): 72M, peak: 72M
current process commit charge ("private bytes"): 219M, peak: 219M

vm_info: Java HotSpot(TM) 64-Bit Server VM (20.0.2+9-78) for windows-amd64 JRE (20.0.2+9-78), built on 2023-06-14T10:08:48Z by "mach5one" with MS VC++ 17.1 (VS2022)

END.
