#
# There is insufficient memory for the Java Runtime Environment to continue.
# Native memory allocation (malloc) failed to allocate 1625136 bytes for Chunk::new
# Possible reasons:
#   The system is out of physical RAM or swap space
#   The process is running with CompressedOops enabled, and the Java Heap may be blocking the growth of the native heap
# Possible solutions:
#   Reduce memory load on the system
#   Increase physical memory or swap space
#   Check if swap backing store is full
#   Decrease Java heap size (-Xmx/-Xms)
#   Decrease number of Java threads
#   Decrease Java thread stack sizes (-Xss)
#   Set larger code cache with -XX:ReservedCodeCacheSize=
#   JVM is running with Unscaled Compressed Oops mode in which the Java heap is
#     placed in the first 4GB address space. The Java Heap base address is the
#     maximum limit for the native heap growth. Please use -XX:HeapBaseMinAddress
#     to set the Java Heap base and to place the Java Heap above 4GB virtual address.
# This output file may be truncated or incomplete.
#
#  Out of Memory Error (arena.cpp:184), pid=4428, tid=7100
#
# JRE version: Java(TM) SE Runtime Environment (20.0.2+9) (build 20.0.2+9-78)
# Java VM: Java HotSpot(TM) 64-Bit Server VM (20.0.2+9-78, mixed mode, sharing, tiered, compressed oops, compressed class ptrs, g1 gc, windows-amd64)
# No core dump will be written. Minidumps are not enabled by default on client versions of Windows
#

---------------  S U M M A R Y ------------

Command Line: -javaagent:C:\Program Files\JetBrains\IntelliJ IDEA Community Edition 2023.1.2\lib\idea_rt.jar=50889:C:\Program Files\JetBrains\IntelliJ IDEA Community Edition 2023.1.2\bin -Dfile.encoding=UTF-8 -Dsun.stdout.encoding=UTF-8 -Dsun.stderr.encoding=UTF-8 com.exam.SecurityApplication

Host: Intel(R) Core(TM) i5-5300U CPU @ 2.30GHz, 4 cores, 7G,  Windows 10 , 64 bit Build 19041 (10.0.19041.3636)
Time: Wed May 29 17:32:26 2024 Sao Tome Standard Time elapsed time: 8.566353 seconds (0d 0h 0m 8s)

---------------  T H R E A D  ---------------

Current thread (0x0000022de86468f0):  JavaThread "C2 CompilerThread0" daemon [_thread_in_native, id=7100, stack(0x000000fef1900000,0x000000fef1a00000)]


Current CompileTask:
C2:   8566 4667       4       jdk.internal.org.objectweb.asm.MethodWriter::computeAllFrames (510 bytes)

Stack: [0x000000fef1900000,0x000000fef1a00000]
Native frames: (J=compiled Java code, j=interpreted, Vv=VM code, C=native code)
V  [jvm.dll+0x6bc25a]
V  [jvm.dll+0x84971a]
V  [jvm.dll+0x84b315]
V  [jvm.dll+0x84ba13]
V  [jvm.dll+0x280e4f]
V  [jvm.dll+0xc2ab1]
V  [jvm.dll+0xc2dd5]
V  [jvm.dll+0x3bb612]
V  [jvm.dll+0x385b75]
V  [jvm.dll+0x384fea]
V  [jvm.dll+0x24b529]
V  [jvm.dll+0x24a921]
V  [jvm.dll+0x1ce761]
V  [jvm.dll+0x25a0eb]
V  [jvm.dll+0x2587c0]
V  [jvm.dll+0x3f2dd5]
V  [jvm.dll+0x7f5c76]
V  [jvm.dll+0x6baecb]
C  [ucrtbase.dll+0x21bb2]
C  [KERNEL32.DLL+0x17344]
C  [ntdll.dll+0x526b1]


---------------  P R O C E S S  ---------------

Threads class SMR info:
_java_thread_list=0x0000022deeb2d620, length=16, elements={
0x0000022dca5a1c40, 0x0000022de8631e40, 0x0000022de8632c40, 0x0000022de863b570,
0x0000022de863d0d0, 0x0000022de863fe30, 0x0000022de8640770, 0x0000022de86468f0,
0x0000022de866ae80, 0x0000022de85fcc80, 0x0000022decbfe220, 0x0000022decbfe770,
0x0000022de8668200, 0x0000022dee25be40, 0x0000022dee25b3a0, 0x0000022dee25c390
}

Java Threads: ( => current thread )
  0x0000022dca5a1c40 JavaThread "main" [_thread_in_Java, id=12164, stack(0x000000fef0c00000,0x000000fef0d00000)]
  0x0000022de8631e40 JavaThread "Reference Handler" daemon [_thread_blocked, id=10100, stack(0x000000fef1300000,0x000000fef1400000)]
  0x0000022de8632c40 JavaThread "Finalizer" daemon [_thread_blocked, id=13500, stack(0x000000fef1400000,0x000000fef1500000)]
  0x0000022de863b570 JavaThread "Signal Dispatcher" daemon [_thread_blocked, id=10684, stack(0x000000fef1500000,0x000000fef1600000)]
  0x0000022de863d0d0 JavaThread "Attach Listener" daemon [_thread_blocked, id=8044, stack(0x000000fef1600000,0x000000fef1700000)]
  0x0000022de863fe30 JavaThread "Service Thread" daemon [_thread_blocked, id=10580, stack(0x000000fef1700000,0x000000fef1800000)]
  0x0000022de8640770 JavaThread "Monitor Deflation Thread" daemon [_thread_blocked, id=12828, stack(0x000000fef1800000,0x000000fef1900000)]
=>0x0000022de86468f0 JavaThread "C2 CompilerThread0" daemon [_thread_in_native, id=7100, stack(0x000000fef1900000,0x000000fef1a00000)]
  0x0000022de866ae80 JavaThread "C1 CompilerThread0" daemon [_thread_blocked, id=14492, stack(0x000000fef1a00000,0x000000fef1b00000)]
  0x0000022de85fcc80 JavaThread "Common-Cleaner" daemon [_thread_blocked, id=9396, stack(0x000000fef1b00000,0x000000fef1c00000)]
  0x0000022decbfe220 JavaThread "Monitor Ctrl-Break" daemon [_thread_in_native, id=9000, stack(0x000000fef1d00000,0x000000fef1e00000)]
  0x0000022decbfe770 JavaThread "Notification Thread" daemon [_thread_blocked, id=10132, stack(0x000000fef1e00000,0x000000fef1f00000)]
  0x0000022de8668200 JavaThread "C2 CompilerThread1" daemon [_thread_in_native, id=8364, stack(0x000000fef2200000,0x000000fef2300000)]
  0x0000022dee25be40 JavaThread "mysql-cj-abandoned-connection-cleanup" daemon [_thread_blocked, id=11852, stack(0x000000fef2300000,0x000000fef2400000)]
  0x0000022dee25b3a0 JavaThread "HikariPool-1 housekeeper" daemon [_thread_blocked, id=13160, stack(0x000000fef2500000,0x000000fef2600000)]
  0x0000022dee25c390 JavaThread "HikariPool-1 connection adder" daemon [_thread_blocked, id=15060, stack(0x000000fef2600000,0x000000fef2700000)]

Other Threads:
  0x0000022de8611320 VMThread "VM Thread" [stack: 0x000000fef1200000,0x000000fef1300000] [id=14716]
  0x0000022de8631b60 WatcherThread "VM Periodic Task Thread" [stack: 0x000000fef1f00000,0x000000fef2000000] [id=15180]
  0x0000022dca5fe890 WorkerThread "GC Thread#0" [stack: 0x000000fef0d00000,0x000000fef0e00000] [id=5232]
  0x0000022ded319be0 WorkerThread "GC Thread#1" [stack: 0x000000fef1c00000,0x000000fef1d00000] [id=10316]
  0x0000022ded314f80 WorkerThread "GC Thread#2" [stack: 0x000000fef2000000,0x000000fef2100000] [id=9624]
  0x0000022ded12fab0 WorkerThread "GC Thread#3" [stack: 0x000000fef2100000,0x000000fef2200000] [id=6408]
  0x0000022dca60f3e0 ConcurrentGCThread "G1 Main Marker" [stack: 0x000000fef0e00000,0x000000fef0f00000] [id=3092]
  0x0000022dca60fe10 WorkerThread "G1 Conc#0" [stack: 0x000000fef0f00000,0x000000fef1000000] [id=4836]
  0x0000022de84c34d0 ConcurrentGCThread "G1 Refine#0" [stack: 0x000000fef1000000,0x000000fef1100000] [id=12704]
  0x0000022dca65e0f0 ConcurrentGCThread "G1 Service" [stack: 0x000000fef1100000,0x000000fef1200000] [id=8964]

Threads with active compile tasks:
C2 CompilerThread0     8641 4667       4       jdk.internal.org.objectweb.asm.MethodWriter::computeAllFrames (510 bytes)
C2 CompilerThread1     8641 4909       4       org.hibernate.cfg.annotations.reflection.internal.JPAXMLOverriddenMetadataProvider::getAnnotationReader (92 bytes)

VM state: not at safepoint (normal execution)

VM Mutex/Monitor currently owned by a thread: None

Heap address: 0x0000000081e00000, size: 2018 MB, Compressed Oops mode: 32-bit

CDS archive(s) mapped at: [0x0000022d80000000-0x0000022d80c60000-0x0000022d80c60000), size 12976128, SharedBaseAddress: 0x0000022d80000000, ArchiveRelocationMode: 1.
Compressed class space mapped at: 0x0000022d81000000-0x0000022dc1000000, reserved size: 1073741824
Narrow klass base: 0x0000022d80000000, Narrow klass shift: 0, Narrow klass range: 0x100000000

GC Precious Log:
 CardTable entry size: 512
 Card Set container configuration: InlinePtr #cards 5 size 8 Array Of Cards #cards 12 size 40 Howl #buckets 4 coarsen threshold 1843 Howl Bitmap #cards 512 size 80 coarsen threshold 460 Card regions per heap region 1 cards per card region 2048
 CPUs: 4 total, 4 available
 Memory: 8067M
 Large Page Support: Disabled
 NUMA Support: Disabled
 Compressed Oops: Enabled (32-bit)
 Heap Region Size: 1M
 Heap Min Capacity: 8M
 Heap Initial Capacity: 128M
 Heap Max Capacity: 2018M
 Pre-touch: Disabled
 Parallel Workers: 4
 Concurrent Workers: 1
 Concurrent Refinement Workers: 4
 Periodic GC: Disabled

Heap:
 garbage-first heap   total 55296K, used 42352K [0x0000000081e00000, 0x0000000100000000)
  region size 1024K, 27 young (27648K), 3 survivors (3072K)
 Metaspace       used 44417K, committed 44992K, reserved 1114112K
  class space    used 5644K, committed 5888K, reserved 1048576K

Heap Regions: E=young(eden), S=young(survivor), O=old, HS=humongous(starts), HC=humongous(continues), CS=collection set, F=free, OA=open archive, CA=closed archive, TAMS=top-at-mark-start, PB=parsable bottom
|   0|0x0000000081e00000, 0x0000000081f00000, 0x0000000081f00000|100%|HS|  |TAMS 0x0000000081e00000| PB 0x0000000081e00000| Complete 
|   1|0x0000000081f00000, 0x0000000082000000, 0x0000000082000000|100%| O|  |TAMS 0x0000000081f00000| PB 0x0000000081f00000| Untracked 
|   2|0x0000000082000000, 0x0000000082100000, 0x0000000082100000|100%| O|  |TAMS 0x0000000082000000| PB 0x0000000082000000| Untracked 
|   3|0x0000000082100000, 0x0000000082200000, 0x0000000082200000|100%| O|  |TAMS 0x0000000082100000| PB 0x0000000082100000| Untracked 
|   4|0x0000000082200000, 0x0000000082300000, 0x0000000082300000|100%| O|  |TAMS 0x0000000082200000| PB 0x0000000082200000| Untracked 
|   5|0x0000000082300000, 0x0000000082400000, 0x0000000082400000|100%| O|  |TAMS 0x0000000082300000| PB 0x0000000082300000| Untracked 
|   6|0x0000000082400000, 0x0000000082400000, 0x0000000082500000|  0%| F|  |TAMS 0x0000000082400000| PB 0x0000000082400000| Untracked 
|   7|0x0000000082500000, 0x0000000082600000, 0x0000000082600000|100%| O|  |TAMS 0x0000000082500000| PB 0x0000000082500000| Untracked 
|   8|0x0000000082600000, 0x0000000082700000, 0x0000000082700000|100%| O|  |TAMS 0x0000000082600000| PB 0x0000000082600000| Untracked 
|   9|0x0000000082700000, 0x0000000082800000, 0x0000000082800000|100%| O|  |TAMS 0x0000000082700000| PB 0x0000000082700000| Untracked 
|  10|0x0000000082800000, 0x0000000082900000, 0x0000000082900000|100%| O|  |TAMS 0x0000000082800000| PB 0x0000000082800000| Untracked 
|  11|0x0000000082900000, 0x0000000082a00000, 0x0000000082a00000|100%| O|  |TAMS 0x0000000082900000| PB 0x0000000082900000| Untracked 
|  12|0x0000000082a00000, 0x0000000082b00000, 0x0000000082b00000|100%| O|  |TAMS 0x0000000082a00000| PB 0x0000000082a00000| Untracked 
|  13|0x0000000082b00000, 0x0000000082c00000, 0x0000000082c00000|100%| O|  |TAMS 0x0000000082b00000| PB 0x0000000082b00000| Complete 
|  14|0x0000000082c00000, 0x0000000082d00000, 0x0000000082d00000|100%| O|  |TAMS 0x0000000082c00000| PB 0x0000000082c00000| Untracked 
|  15|0x0000000082d00000, 0x0000000082e00000, 0x0000000082e00000|100%| O|  |TAMS 0x0000000082d00000| PB 0x0000000082d00000| Untracked 
|  16|0x0000000082e00000, 0x0000000082e78400, 0x0000000082f00000| 46%| O|  |TAMS 0x0000000082e00000| PB 0x0000000082e00000| Untracked 
|  17|0x0000000082f00000, 0x0000000082f00000, 0x0000000083000000|  0%| F|  |TAMS 0x0000000082f00000| PB 0x0000000082f00000| Untracked 
|  18|0x0000000083000000, 0x0000000083000000, 0x0000000083100000|  0%| F|  |TAMS 0x0000000083000000| PB 0x0000000083000000| Untracked 
|  19|0x0000000083100000, 0x0000000083100000, 0x0000000083200000|  0%| F|  |TAMS 0x0000000083100000| PB 0x0000000083100000| Untracked 
|  20|0x0000000083200000, 0x0000000083200000, 0x0000000083300000|  0%| F|  |TAMS 0x0000000083200000| PB 0x0000000083200000| Untracked 
|  21|0x0000000083300000, 0x0000000083300000, 0x0000000083400000|  0%| F|  |TAMS 0x0000000083300000| PB 0x0000000083300000| Untracked 
|  22|0x0000000083400000, 0x0000000083400000, 0x0000000083500000|  0%| F|  |TAMS 0x0000000083400000| PB 0x0000000083400000| Untracked 
|  23|0x0000000083500000, 0x0000000083500000, 0x0000000083600000|  0%| F|  |TAMS 0x0000000083500000| PB 0x0000000083500000| Untracked 
|  24|0x0000000083600000, 0x0000000083600000, 0x0000000083700000|  0%| F|  |TAMS 0x0000000083600000| PB 0x0000000083600000| Untracked 
|  25|0x0000000083700000, 0x0000000083700000, 0x0000000083800000|  0%| F|  |TAMS 0x0000000083700000| PB 0x0000000083700000| Untracked 
|  26|0x0000000083800000, 0x0000000083800000, 0x0000000083900000|  0%| F|  |TAMS 0x0000000083800000| PB 0x0000000083800000| Untracked 
|  27|0x0000000083900000, 0x0000000083975f88, 0x0000000083a00000| 46%| E|  |TAMS 0x0000000083900000| PB 0x0000000083900000| Complete 
|  28|0x0000000083a00000, 0x0000000083b00000, 0x0000000083b00000|100%| E|CS|TAMS 0x0000000083a00000| PB 0x0000000083a00000| Complete 
|  29|0x0000000083b00000, 0x0000000083c00000, 0x0000000083c00000|100%| E|CS|TAMS 0x0000000083b00000| PB 0x0000000083b00000| Complete 
|  30|0x0000000083c00000, 0x0000000083d00000, 0x0000000083d00000|100%| E|CS|TAMS 0x0000000083c00000| PB 0x0000000083c00000| Complete 
|  31|0x0000000083d00000, 0x0000000083e00000, 0x0000000083e00000|100%| E|CS|TAMS 0x0000000083d00000| PB 0x0000000083d00000| Complete 
|  32|0x0000000083e00000, 0x0000000083f00000, 0x0000000083f00000|100%| E|CS|TAMS 0x0000000083e00000| PB 0x0000000083e00000| Complete 
|  33|0x0000000083f00000, 0x0000000084000000, 0x0000000084000000|100%| E|CS|TAMS 0x0000000083f00000| PB 0x0000000083f00000| Complete 
|  34|0x0000000084000000, 0x0000000084100000, 0x0000000084100000|100%| E|CS|TAMS 0x0000000084000000| PB 0x0000000084000000| Complete 
|  35|0x0000000084100000, 0x0000000084200000, 0x0000000084200000|100%| E|CS|TAMS 0x0000000084100000| PB 0x0000000084100000| Complete 
|  36|0x0000000084200000, 0x0000000084300000, 0x0000000084300000|100%| E|CS|TAMS 0x0000000084200000| PB 0x0000000084200000| Complete 
|  37|0x0000000084300000, 0x0000000084400000, 0x0000000084400000|100%| E|CS|TAMS 0x0000000084300000| PB 0x0000000084300000| Complete 
|  38|0x0000000084400000, 0x0000000084500000, 0x0000000084500000|100%| E|CS|TAMS 0x0000000084400000| PB 0x0000000084400000| Complete 
|  39|0x0000000084500000, 0x0000000084600000, 0x0000000084600000|100%| E|CS|TAMS 0x0000000084500000| PB 0x0000000084500000| Complete 
|  40|0x0000000084600000, 0x00000000846e3f20, 0x0000000084700000| 89%| S|CS|TAMS 0x0000000084600000| PB 0x0000000084600000| Complete 
|  41|0x0000000084700000, 0x0000000084800000, 0x0000000084800000|100%| S|CS|TAMS 0x0000000084700000| PB 0x0000000084700000| Complete 
|  42|0x0000000084800000, 0x0000000084900000, 0x0000000084900000|100%| S|CS|TAMS 0x0000000084800000| PB 0x0000000084800000| Complete 
|  43|0x0000000084900000, 0x0000000084a00000, 0x0000000084a00000|100%| E|CS|TAMS 0x0000000084900000| PB 0x0000000084900000| Complete 
|  44|0x0000000084a00000, 0x0000000084b00000, 0x0000000084b00000|100%| E|CS|TAMS 0x0000000084a00000| PB 0x0000000084a00000| Complete 
|  73|0x0000000086700000, 0x0000000086800000, 0x0000000086800000|100%| E|CS|TAMS 0x0000000086700000| PB 0x0000000086700000| Complete 
|  74|0x0000000086800000, 0x0000000086900000, 0x0000000086900000|100%| E|CS|TAMS 0x0000000086800000| PB 0x0000000086800000| Complete 
|  75|0x0000000086900000, 0x0000000086a00000, 0x0000000086a00000|100%| E|CS|TAMS 0x0000000086900000| PB 0x0000000086900000| Complete 
|  76|0x0000000086a00000, 0x0000000086b00000, 0x0000000086b00000|100%| E|CS|TAMS 0x0000000086a00000| PB 0x0000000086a00000| Complete 
|  77|0x0000000086b00000, 0x0000000086c00000, 0x0000000086c00000|100%| E|CS|TAMS 0x0000000086b00000| PB 0x0000000086b00000| Complete 
|  78|0x0000000086c00000, 0x0000000086d00000, 0x0000000086d00000|100%| E|CS|TAMS 0x0000000086c00000| PB 0x0000000086c00000| Complete 
|  79|0x0000000086d00000, 0x0000000086e00000, 0x0000000086e00000|100%| E|CS|TAMS 0x0000000086d00000| PB 0x0000000086d00000| Complete 
|  80|0x0000000086e00000, 0x0000000086f00000, 0x0000000086f00000|100%| E|CS|TAMS 0x0000000086e00000| PB 0x0000000086e00000| Complete 
| 127|0x0000000089d00000, 0x0000000089e00000, 0x0000000089e00000|100%| E|CS|TAMS 0x0000000089d00000| PB 0x0000000089d00000| Complete 

Card table byte_map: [0x0000022de3870000,0x0000022de3c70000] _byte_map_base: 0x0000022de3461000

Marking Bits: (CMBitMap*) 0x0000022dca5feec0
 Bits: [0x0000022de4070000, 0x0000022de5ff8000)

Polling page: 0x0000022dca660000

Metaspace:

Usage:
  Non-class:     37.87 MB used.
      Class:      5.51 MB used.
       Both:     43.39 MB used.

Virtual space:
  Non-class space:       64.00 MB reserved,      38.19 MB ( 60%) committed,  1 nodes.
      Class space:        1.00 GB reserved,       5.75 MB ( <1%) committed,  1 nodes.
             Both:        1.06 GB reserved,      43.94 MB (  4%) committed. 

Chunk freelists:
   Non-Class:  1.86 MB
       Class:  2.23 MB
        Both:  4.09 MB

MaxMetaspaceSize: unlimited
CompressedClassSpaceSize: 1.00 GB
Initial GC threshold: 21.00 MB
Current GC threshold: 59.31 MB
CDS: on
MetaspaceReclaimPolicy: balanced
 - commit_granule_bytes: 65536.
 - commit_granule_words: 8192.
 - virtual_space_node_default_size: 8388608.
 - enlarge_chunks_in_place: 1.
 - new_chunks_are_fully_committed: 0.
 - uncommit_free_chunks: 1.
 - use_allocation_guard: 0.


Internal statistics:

num_allocs_failed_limit: 9.
num_arena_births: 638.
num_arena_deaths: 0.
num_vsnodes_births: 2.
num_vsnodes_deaths: 0.
num_space_committed: 703.
num_space_uncommitted: 0.
num_chunks_returned_to_freelist: 9.
num_chunks_taken_from_freelist: 2076.
num_chunk_merges: 9.
num_chunk_splits: 1472.
num_chunks_enlarged: 1130.
num_inconsistent_stats: 0.

CodeHeap 'non-profiled nmethods': size=120000Kb used=2424Kb max_used=2424Kb free=117576Kb
 bounds [0x0000022ddb920000, 0x0000022ddbb90000, 0x0000022de2e50000]
CodeHeap 'profiled nmethods': size=120000Kb used=9002Kb max_used=9002Kb free=110997Kb
 bounds [0x0000022dd3e50000, 0x0000022dd4720000, 0x0000022ddb380000]
CodeHeap 'non-nmethods': size=5760Kb used=1641Kb max_used=1656Kb free=4119Kb
 bounds [0x0000022ddb380000, 0x0000022ddb5f0000, 0x0000022ddb920000]
 total_blobs=5138 nmethods=4506 adapters=542
 compilation: enabled
              stopped_count=0, restarted_count=0
 full_count=0

Compilation events (20 events):
Event: 8.552 Thread 0x0000022de866ae80 4864   !   3       com.sun.crypto.provider.GaloisCounterMode$GCMDecrypt::doFinal (585 bytes)
Event: 8.557 Thread 0x0000022de866ae80 nmethod 4864 0x0000022dd4700410 code [0x0000022dd4700ba0, 0x0000022dd47052c0]
Event: 8.557 Thread 0x0000022de866ae80 4868       3       org.hibernate.cfg.PropertyInferredData::getPropertyName (10 bytes)
Event: 8.558 Thread 0x0000022de866ae80 nmethod 4868 0x0000022dd4706d90 code [0x0000022dd4706f20, 0x0000022dd47070b0]
Event: 8.558 Thread 0x0000022de866ae80 4866       3       com.sun.crypto.provider.GCTR::update (208 bytes)
Event: 8.559 Thread 0x0000022de866ae80 nmethod 4866 0x0000022dd4707190 code [0x0000022dd4707400, 0x0000022dd4707f80]
Event: 8.559 Thread 0x0000022de866ae80 4869       3       org.hibernate.annotations.common.reflection.java.JavaXMember::getAnnotations (5 bytes)
Event: 8.559 Thread 0x0000022de866ae80 nmethod 4869 0x0000022dd4708410 code [0x0000022dd4708600, 0x0000022dd4708ca8]
Event: 8.559 Thread 0x0000022de866ae80 4867       3       java.lang.invoke.LambdaFormEditor::filterArgumentForm (121 bytes)
Event: 8.560 Thread 0x0000022de866ae80 nmethod 4867 0x0000022dd4708f90 code [0x0000022dd4709180, 0x0000022dd4709550]
Event: 8.561 Thread 0x0000022de8668200 nmethod 4776 0x0000022ddbb77c90 code [0x0000022ddbb77e80, 0x0000022ddbb78758]
Event: 8.561 Thread 0x0000022de8668200 4865       4       java.lang.StringBuilder::append (8 bytes)
Event: 8.561 Thread 0x0000022de866ae80 4870       1       org.hibernate.cfg.AnnotatedColumn::getMappingColumn (5 bytes)
Event: 8.561 Thread 0x0000022de866ae80 nmethod 4870 0x0000022ddbb78f90 code [0x0000022ddbb79100, 0x0000022ddbb791c8]
Event: 8.561 Thread 0x0000022de866ae80 4871       3       java.lang.Character::isLowerCase (5 bytes)
Event: 8.562 Thread 0x0000022de866ae80 nmethod 4871 0x0000022dd4709790 code [0x0000022dd4709940, 0x0000022dd4709b90]
Event: 8.562 Thread 0x0000022de866ae80 4872       3       java.lang.Character::isLowerCase (9 bytes)
Event: 8.562 Thread 0x0000022de866ae80 nmethod 4872 0x0000022dd4709c90 code [0x0000022dd4709e40, 0x0000022dd470a028]
Event: 8.562 Thread 0x0000022de866ae80 4873       3       java.lang.CharacterDataLatin1::isLowerCase (16 bytes)
Event: 8.562 Thread 0x0000022de866ae80 nmethod 4873 0x0000022dd470a110 code [0x0000022dd470a2a0, 0x0000022dd470a4b8]

GC Heap History (14 events):
Event: 0.907 GC heap before
{Heap before GC invocations=0 (full 0):
 garbage-first heap   total 131072K, used 14336K [0x0000000081e00000, 0x0000000100000000)
  region size 1024K, 13 young (13312K), 0 survivors (0K)
 Metaspace       used 3835K, committed 4032K, reserved 1114112K
  class space    used 404K, committed 512K, reserved 1048576K
}
Event: 0.914 GC heap after
{Heap after GC invocations=1 (full 0):
 garbage-first heap   total 131072K, used 6082K [0x0000000081e00000, 0x0000000100000000)
  region size 1024K, 2 young (2048K), 2 survivors (2048K)
 Metaspace       used 3835K, committed 4032K, reserved 1114112K
  class space    used 404K, committed 512K, reserved 1048576K
}
Event: 1.534 GC heap before
{Heap before GC invocations=1 (full 0):
 garbage-first heap   total 131072K, used 19394K [0x0000000081e00000, 0x0000000100000000)
  region size 1024K, 15 young (15360K), 2 survivors (2048K)
 Metaspace       used 7788K, committed 8000K, reserved 1114112K
  class space    used 924K, committed 1024K, reserved 1048576K
}
Event: 1.540 GC heap after
{Heap after GC invocations=2 (full 0):
 garbage-first heap   total 131072K, used 7800K [0x0000000081e00000, 0x0000000100000000)
  region size 1024K, 2 young (2048K), 2 survivors (2048K)
 Metaspace       used 7788K, committed 8000K, reserved 1114112K
  class space    used 924K, committed 1024K, reserved 1048576K
}
Event: 2.248 GC heap before
{Heap before GC invocations=2 (full 0):
 garbage-first heap   total 131072K, used 33400K [0x0000000081e00000, 0x0000000100000000)
  region size 1024K, 28 young (28672K), 2 survivors (2048K)
 Metaspace       used 14879K, committed 15104K, reserved 1114112K
  class space    used 1778K, committed 1856K, reserved 1048576K
}
Event: 2.254 GC heap after
{Heap after GC invocations=3 (full 0):
 garbage-first heap   total 131072K, used 9679K [0x0000000081e00000, 0x0000000100000000)
  region size 1024K, 4 young (4096K), 4 survivors (4096K)
 Metaspace       used 14879K, committed 15104K, reserved 1114112K
  class space    used 1778K, committed 1856K, reserved 1048576K
}
Event: 4.208 GC heap before
{Heap before GC invocations=3 (full 0):
 garbage-first heap   total 131072K, used 52687K [0x0000000081e00000, 0x0000000100000000)
  region size 1024K, 47 young (48128K), 4 survivors (4096K)
 Metaspace       used 21238K, committed 21504K, reserved 1114112K
  class space    used 2568K, committed 2688K, reserved 1048576K
}
Event: 4.223 GC heap after
{Heap after GC invocations=4 (full 0):
 garbage-first heap   total 131072K, used 13751K [0x0000000081e00000, 0x0000000100000000)
  region size 1024K, 8 young (8192K), 8 survivors (8192K)
 Metaspace       used 21238K, committed 21504K, reserved 1114112K
  class space    used 2568K, committed 2688K, reserved 1048576K
}
Event: 5.588 GC heap before
{Heap before GC invocations=5 (full 0):
 garbage-first heap   total 55296K, used 38327K [0x0000000081e00000, 0x0000000100000000)
  region size 1024K, 32 young (32768K), 8 survivors (8192K)
 Metaspace       used 26619K, committed 27008K, reserved 1114112K
  class space    used 3310K, committed 3456K, reserved 1048576K
}
Event: 5.616 GC heap after
{Heap after GC invocations=6 (full 0):
 garbage-first heap   total 55296K, used 16574K [0x0000000081e00000, 0x0000000100000000)
  region size 1024K, 4 young (4096K), 4 survivors (4096K)
 Metaspace       used 26619K, committed 27008K, reserved 1114112K
  class space    used 3310K, committed 3456K, reserved 1048576K
}
Event: 6.792 GC heap before
{Heap before GC invocations=6 (full 0):
 garbage-first heap   total 55296K, used 41150K [0x0000000081e00000, 0x0000000100000000)
  region size 1024K, 29 young (29696K), 4 survivors (4096K)
 Metaspace       used 32249K, committed 32768K, reserved 1114112K
  class space    used 4093K, committed 4352K, reserved 1048576K
}
Event: 6.807 GC heap after
{Heap after GC invocations=7 (full 0):
 garbage-first heap   total 55296K, used 17889K [0x0000000081e00000, 0x0000000100000000)
  region size 1024K, 2 young (2048K), 2 survivors (2048K)
 Metaspace       used 32249K, committed 32768K, reserved 1114112K
  class space    used 4093K, committed 4352K, reserved 1048576K
}
Event: 7.268 GC heap before
{Heap before GC invocations=7 (full 0):
 garbage-first heap   total 55296K, used 27105K [0x0000000081e00000, 0x0000000100000000)
  region size 1024K, 13 young (13312K), 2 survivors (2048K)
 Metaspace       used 35518K, committed 35968K, reserved 1114112K
  class space    used 4514K, committed 4736K, reserved 1048576K
}
Event: 7.276 GC heap after
{Heap after GC invocations=8 (full 0):
 garbage-first heap   total 55296K, used 18800K [0x0000000081e00000, 0x0000000100000000)
  region size 1024K, 3 young (3072K), 3 survivors (3072K)
 Metaspace       used 35518K, committed 35968K, reserved 1114112K
  class space    used 4514K, committed 4736K, reserved 1048576K
}

Dll operation events (14 events):
Event: 0.032 Loaded shared library C:\Program Files\Java\jdk-20\bin\java.dll
Event: 0.065 Loaded shared library C:\Program Files\Java\jdk-20\bin\jsvml.dll
Event: 0.233 Loaded shared library C:\Program Files\Java\jdk-20\bin\zip.dll
Event: 0.238 Loaded shared library C:\Program Files\Java\jdk-20\bin\instrument.dll
Event: 0.247 Loaded shared library C:\Program Files\Java\jdk-20\bin\net.dll
Event: 0.250 Loaded shared library C:\Program Files\Java\jdk-20\bin\nio.dll
Event: 0.255 Loaded shared library C:\Program Files\Java\jdk-20\bin\zip.dll
Event: 0.425 Loaded shared library C:\Program Files\JetBrains\IntelliJ IDEA Community Edition 2023.1.2\bin\breakgen64.dll
Event: 0.440 Loaded shared library C:\Program Files\Java\jdk-20\bin\extnet.dll
Event: 0.496 Loaded shared library C:\Program Files\Java\jdk-20\bin\jimage.dll
Event: 1.896 Loaded shared library C:\Program Files\Java\jdk-20\bin\verify.dll
Event: 5.753 Loaded shared library C:\Program Files\Java\jdk-20\bin\sunmscapi.dll
Event: 5.795 Loaded shared library C:\Program Files\Java\jdk-20\bin\management.dll
Event: 5.798 Loaded shared library C:\Program Files\Java\jdk-20\bin\management_ext.dll

Deoptimization events (20 events):
Event: 7.979 Thread 0x0000022dca5a1c40 Uncommon trap: trap_request=0xffffff45 fr.pc=0x0000022ddbb1594c relative=0x000000000000024c
Event: 7.979 Thread 0x0000022dca5a1c40 Uncommon trap: reason=unstable_if action=reinterpret pc=0x0000022ddbb1594c method=java.lang.String.getChars(II[CI)V @ 24 c2
Event: 7.979 Thread 0x0000022dca5a1c40 DEOPT PACKING pc=0x0000022ddbb1594c sp=0x000000fef0cf8e60
Event: 7.979 Thread 0x0000022dca5a1c40 DEOPT UNPACKING pc=0x0000022ddb3e9d22 sp=0x000000fef0cf8e20 mode 2
Event: 8.088 Thread 0x0000022dca5a1c40 Uncommon trap: trap_request=0xffffffde fr.pc=0x0000022ddbab5d38 relative=0x0000000000000e78
Event: 8.088 Thread 0x0000022dca5a1c40 Uncommon trap: reason=class_check action=maybe_recompile pc=0x0000022ddbab5d38 method=java.util.concurrent.ConcurrentHashMap.putVal(Ljava/lang/Object;Ljava/lang/Object;Z)Ljava/lang/Object; @ 159 c2
Event: 8.088 Thread 0x0000022dca5a1c40 DEOPT PACKING pc=0x0000022ddbab5d38 sp=0x000000fef0cf9b10
Event: 8.088 Thread 0x0000022dca5a1c40 DEOPT UNPACKING pc=0x0000022ddb3e9d22 sp=0x000000fef0cf9ab0 mode 2
Event: 8.161 Thread 0x0000022dee25c390 DEOPT PACKING pc=0x0000022dd4444fb0 sp=0x000000fef26fdd20
Event: 8.161 Thread 0x0000022dee25c390 DEOPT UNPACKING pc=0x0000022ddb3ea4c2 sp=0x000000fef26fd150 mode 0
Event: 8.168 Thread 0x0000022dee25c390 DEOPT PACKING pc=0x0000022dd4444fb0 sp=0x000000fef26fde30
Event: 8.168 Thread 0x0000022dee25c390 DEOPT UNPACKING pc=0x0000022ddb3ea4c2 sp=0x000000fef26fd260 mode 0
Event: 8.275 Thread 0x0000022dee25c390 DEOPT PACKING pc=0x0000022dd3f15885 sp=0x000000fef26fdb50
Event: 8.275 Thread 0x0000022dee25c390 DEOPT UNPACKING pc=0x0000022ddb3ea4c2 sp=0x000000fef26fcfd8 mode 0
Event: 8.281 Thread 0x0000022dee25c390 DEOPT PACKING pc=0x0000022dd3f15885 sp=0x000000fef26fdc70
Event: 8.281 Thread 0x0000022dee25c390 DEOPT UNPACKING pc=0x0000022ddb3ea4c2 sp=0x000000fef26fd0f8 mode 0
Event: 8.291 Thread 0x0000022dee25c390 DEOPT PACKING pc=0x0000022dd3f15885 sp=0x000000fef26fd9d0
Event: 8.291 Thread 0x0000022dee25c390 DEOPT UNPACKING pc=0x0000022ddb3ea4c2 sp=0x000000fef26fce58 mode 0
Event: 8.387 Thread 0x0000022dee25c390 DEOPT PACKING pc=0x0000022dd3eda9ca sp=0x000000fef26fdef0
Event: 8.388 Thread 0x0000022dee25c390 DEOPT UNPACKING pc=0x0000022ddb3ea4c2 sp=0x000000fef26fd378 mode 0

Classes loaded (20 events):
Event: 7.990 Loading class java/util/concurrent/ThreadPoolExecutor$CallerRunsPolicy
Event: 7.990 Loading class java/util/concurrent/ThreadPoolExecutor$CallerRunsPolicy done
Event: 7.991 Loading class java/util/concurrent/atomic/AtomicReferenceFieldUpdater
Event: 7.992 Loading class java/util/concurrent/atomic/AtomicReferenceFieldUpdater done
Event: 7.992 Loading class java/util/concurrent/atomic/AtomicReferenceFieldUpdater$AtomicReferenceFieldUpdaterImpl
Event: 7.992 Loading class java/util/concurrent/atomic/AtomicReferenceFieldUpdater$AtomicReferenceFieldUpdaterImpl done
Event: 7.992 Loading class java/util/concurrent/atomic/AtomicReferenceFieldUpdater$AtomicReferenceFieldUpdaterImpl$1
Event: 7.992 Loading class java/util/concurrent/atomic/AtomicReferenceFieldUpdater$AtomicReferenceFieldUpdaterImpl$1 done
Event: 8.051 Loading class java/io/CharArrayWriter
Event: 8.052 Loading class java/io/CharArrayWriter done
Event: 8.052 Loading class java/lang/StringIndexOutOfBoundsException
Event: 8.052 Loading class java/lang/StringIndexOutOfBoundsException done
Event: 8.135 Loading class jdk/internal/event/ThreadSleepEvent
Event: 8.136 Loading class jdk/internal/event/ThreadSleepEvent done
Event: 8.316 Loading class java/security/CodeSigner
Event: 8.317 Loading class java/security/CodeSigner done
Event: 8.340 Loading class sun/reflect/generics/repository/FieldRepository
Event: 8.340 Loading class sun/reflect/generics/repository/FieldRepository done
Event: 8.370 Loading class jdk/internal/ValueBased
Event: 8.370 Loading class jdk/internal/ValueBased done

Classes unloaded (0 events):
No events

Classes redefined (0 events):
No events

Internal exceptions (20 events):
Event: 4.841 Thread 0x0000022dca5a1c40 Exception <a 'java/lang/NoSuchMethodError'{0x000000008408c5a8}: 'java.lang.Object java.lang.invoke.DirectMethodHandle$Holder.invokeSpecialIFC(java.lang.Object, java.lang.Object, java.lang.Object)'> (0x000000008408c5a8) 
thrown [s\open\src\hotspot\share\interpreter\linkResolver.cpp, line 773]
Event: 4.861 Thread 0x0000022dca5a1c40 Exception <a 'java/lang/NoSuchMethodError'{0x00000000840d1410}: 'java.lang.Object java.lang.invoke.DirectMethodHandle$Holder.invokeVirtual(java.lang.Object, java.lang.Object, java.lang.Object, java.lang.Object, java.lang.Object)'> (0x00000000840d1410) 
thrown [s\open\src\hotspot\share\interpreter\linkResolver.cpp, line 773]
Event: 5.017 Thread 0x0000022dca5a1c40 Implicit null exception at 0x0000022ddba7b7cc to 0x0000022ddba7bfb0
Event: 5.017 Thread 0x0000022dca5a1c40 Exception <a 'java/lang/NoSuchMethodError'{0x0000000083d87630}: 'java.lang.reflect.Field[] java.lang.Class.getDeclaredFields(java.lang.Class)'> (0x0000000083d87630) 
thrown [s\open\src\hotspot\share\interpreter\linkResolver.cpp, line 773]
Event: 5.087 Thread 0x0000022dca5a1c40 Exception <a 'java/lang/NoSuchMethodError'{0x0000000083cb7730}: 'void java.lang.invoke.DirectMethodHandle$Holder.invokeInterface(java.lang.Object, java.lang.Object, int)'> (0x0000000083cb7730) 
thrown [s\open\src\hotspot\share\interpreter\linkResolver.cpp, line 773]
Event: 5.105 Thread 0x0000022dca5a1c40 Exception <a 'java/lang/IncompatibleClassChangeError'{0x0000000083b06c80}: Found class java.lang.Object, but interface was expected> (0x0000000083b06c80) 
thrown [s\open\src\hotspot\share\interpreter\linkResolver.cpp, line 840]
Event: 5.106 Thread 0x0000022dca5a1c40 Exception <a 'java/lang/NoSuchMethodError'{0x0000000083b0bd38}: 'void java.lang.invoke.DirectMethodHandle$Holder.invokeStatic(java.lang.Object, int, java.lang.Object)'> (0x0000000083b0bd38) 
thrown [s\open\src\hotspot\share\interpreter\linkResolver.cpp, line 773]
Event: 5.300 Thread 0x0000022dca5a1c40 Exception <a 'java/lang/NoSuchMethodError'{0x00000000838e2dc0}: 'java.lang.Object java.lang.invoke.DirectMethodHandle$Holder.invokeStaticInit(java.lang.Object, int, int, int, int)'> (0x00000000838e2dc0) 
thrown [s\open\src\hotspot\share\interpreter\linkResolver.cpp, line 773]
Event: 5.419 Thread 0x0000022dca5a1c40 Exception <a 'java/lang/NoSuchMethodError'{0x00000000837bdd30}: 'java.lang.Object java.lang.invoke.DirectMethodHandle$Holder.invokeStaticInit(java.lang.Object, java.lang.Object, int, int, int, int)'> (0x00000000837bdd30) 
thrown [s\open\src\hotspot\share\interpreter\linkResolver.cpp, line 773]
Event: 5.532 Thread 0x0000022dca5a1c40 Exception <a 'java/lang/NoSuchMethodError'{0x000000008340e430}: 'int java.lang.invoke.DirectMethodHandle$Holder.invokeVirtual(java.lang.Object, java.lang.Object, java.lang.Object, java.lang.Object)'> (0x000000008340e430) 
thrown [s\open\src\hotspot\share\interpreter\linkResolver.cpp, line 773]
Event: 5.533 Thread 0x0000022dca5a1c40 Exception <a 'java/lang/NoSuchMethodError'{0x0000000083411e98}: 'int java.lang.invoke.DelegatingMethodHandle$Holder.reinvoke_L(java.lang.Object, java.lang.Object, java.lang.Object, java.lang.Object)'> (0x0000000083411e98) 
thrown [s\open\src\hotspot\share\interpreter\linkResolver.cpp, line 773]
Event: 5.812 Thread 0x0000022dca5a1c40 Exception <a 'java/io/FileNotFoundException'{0x0000000086b04118}> (0x0000000086b04118) 
thrown [s\open\src\hotspot\share\prims\jni.cpp, line 519]
Event: 5.878 Thread 0x0000022dca5a1c40 Exception <a 'java/lang/NoSuchMethodError'{0x0000000086a3f1b0}: 'int java.lang.invoke.DirectMethodHandle$Holder.invokeInterface(java.lang.Object, java.lang.Object, java.lang.Object, java.lang.Object)'> (0x0000000086a3f1b0) 
thrown [s\open\src\hotspot\share\interpreter\linkResolver.cpp, line 773]
Event: 6.074 Thread 0x0000022dca5a1c40 Exception <a 'java/lang/NoSuchMethodError'{0x00000000848147f8}: 'java.lang.Object java.lang.invoke.DirectMethodHandle$Holder.newInvokeSpecial(java.lang.Object, java.lang.Object, java.lang.Object, java.lang.Object, java.lang.Object, java.lang.Object, java.lang.Object, java.lang.Object, java.lang.Object, java.lang.Object, java.lang.Object)'> (0x00000000848147f8) 
thrown [s\open\src\hotspot\share\interpreter\linkResolver.cpp, line 773]
Event: 6.284 Thread 0x0000022dca5a1c40 Exception <a 'java/lang/NoSuchMethodError'{0x0000000084556a18}: 'void java.lang.invoke.DelegatingMethodHandle$Holder.reinvoke_L(java.lang.Object, java.lang.Object, java.lang.Object, java.lang.Object, int, java.lang.Object, java.lang.Object, java.lang.Object)'> (0x0000000084556a18) 
thrown [s\open\src\hotspot\share\interpreter\linkResolver.cpp, line 773]
Event: 7.518 Thread 0x0000022dca5a1c40 Exception <a 'sun/nio/fs/WindowsException'{0x0000000086ccd520}> (0x0000000086ccd520) 
thrown [s\open\src\hotspot\share\prims\jni.cpp, line 519]
Event: 8.054 Thread 0x0000022dca5a1c40 Exception <a 'java/lang/NoSuchMethodError'{0x00000000867957f0}: 'java.lang.Object java.lang.invoke.DirectMethodHandle$Holder.invokeStaticInit(java.lang.Object, java.lang.Object, java.lang.Object, java.lang.Object)'> (0x00000000867957f0) 
thrown [s\open\src\hotspot\share\interpreter\linkResolver.cpp, line 773]
Event: 8.317 Thread 0x0000022dca5a1c40 Exception <a 'java/lang/NoSuchMethodError'{0x000000008410c5d0}: 'java.lang.Object java.lang.invoke.DirectMethodHandle$Holder.newInvokeSpecial(java.lang.Object, java.lang.Object, java.lang.Object, int)'> (0x000000008410c5d0) 
thrown [s\open\src\hotspot\share\interpreter\linkResolver.cpp, line 773]
Event: 8.318 Thread 0x0000022dca5a1c40 Exception <a 'java/lang/NoSuchMethodError'{0x0000000084110c60}: 'java.lang.Object java.lang.invoke.DirectMethodHandle$Holder.invokeSpecial(java.lang.Object, java.lang.Object, java.lang.Object, java.lang.Object, int)'> (0x0000000084110c60) 
thrown [s\open\src\hotspot\share\interpreter\linkResolver.cpp, line 773]
Event: 8.318 Thread 0x0000022dca5a1c40 Exception <a 'java/lang/NoSuchMethodError'{0x00000000841148f8}: 'java.lang.Object java.lang.invoke.Invokers$Holder.linkToTargetMethod(java.lang.Object, java.lang.Object, int, java.lang.Object)'> (0x00000000841148f8) 
thrown [s\open\src\hotspot\share\interpreter\linkResolver.cpp, line 773]

VM Operations (20 events):
Event: 6.792 Executing VM operation: G1CollectForAllocation
Event: 6.807 Executing VM operation: G1CollectForAllocation done
Event: 7.268 Executing VM operation: CollectForMetadataAllocation
Event: 7.276 Executing VM operation: CollectForMetadataAllocation done
Event: 7.312 Executing VM operation: CollectForMetadataAllocation
Event: 7.313 Executing VM operation: CollectForMetadataAllocation done
Event: 7.327 Executing VM operation: G1PauseRemark
Event: 7.335 Executing VM operation: G1PauseRemark done
Event: 7.348 Executing VM operation: G1PauseCleanup
Event: 7.365 Executing VM operation: G1PauseCleanup done
Event: 7.450 Executing VM operation: HandshakeAllThreads
Event: 7.450 Executing VM operation: HandshakeAllThreads done
Event: 7.519 Executing VM operation: HandshakeAllThreads
Event: 7.519 Executing VM operation: HandshakeAllThreads done
Event: 7.530 Executing VM operation: HandshakeAllThreads
Event: 7.530 Executing VM operation: HandshakeAllThreads done
Event: 7.888 Executing VM operation: HandshakeAllThreads
Event: 7.888 Executing VM operation: HandshakeAllThreads done
Event: 8.289 Executing VM operation: ICBufferFull
Event: 8.289 Executing VM operation: ICBufferFull done

Events (20 events):
Event: 7.334 Thread 0x0000022de8611320 flushing nmethod 0x0000022ddb94b510
Event: 7.334 Thread 0x0000022de8611320 flushing nmethod 0x0000022ddb94ab10
Event: 7.334 Thread 0x0000022de8611320 flushing nmethod 0x0000022ddb94a090
Event: 7.334 Thread 0x0000022de8611320 flushing nmethod 0x0000022ddb949d10
Event: 7.334 Thread 0x0000022de8611320 flushing nmethod 0x0000022ddb949690
Event: 7.334 Thread 0x0000022de8611320 flushing nmethod 0x0000022ddb949390
Event: 7.334 Thread 0x0000022de8611320 flushing nmethod 0x0000022ddb949090
Event: 7.334 Thread 0x0000022de8611320 flushing nmethod 0x0000022ddb940b90
Event: 7.334 Thread 0x0000022de8611320 flushing nmethod 0x0000022ddb938c90
Event: 7.334 Thread 0x0000022de8611320 flushing nmethod 0x0000022ddb931590
Event: 7.334 Thread 0x0000022de8611320 flushing nmethod 0x0000022ddb938210
Event: 7.334 Thread 0x0000022de8611320 flushing nmethod 0x0000022ddb92e110
Event: 7.334 Thread 0x0000022de8611320 flushing nmethod 0x0000022ddb935510
Event: 7.334 Thread 0x0000022de8611320 flushing nmethod 0x0000022ddb934f10
Event: 7.334 Thread 0x0000022de8611320 flushing nmethod 0x0000022ddb933610
Event: 7.334 Thread 0x0000022de8611320 flushing nmethod 0x0000022ddb932d10
Event: 7.334 Thread 0x0000022de8611320 flushing nmethod 0x0000022ddb92bf10
Event: 7.334 Thread 0x0000022de8611320 flushing nmethod 0x0000022ddb921410
Event: 7.989 Thread 0x0000022dee25b3a0 Thread added: 0x0000022dee25b3a0
Event: 8.100 Thread 0x0000022dee25c390 Thread added: 0x0000022dee25c390


Dynamic libraries:
0x00007ff7d1330000 - 0x00007ff7d1340000 	C:\Program Files\Java\jdk-20\bin\java.exe
0x00007fff32470000 - 0x00007fff32668000 	C:\Windows\SYSTEM32\ntdll.dll
0x00007fff314a0000 - 0x00007fff3155d000 	C:\Windows\System32\KERNEL32.DLL
0x00007fff2fe40000 - 0x00007fff30136000 	C:\Windows\System32\KERNELBASE.dll
0x00007fff303a0000 - 0x00007fff304a0000 	C:\Windows\System32\ucrtbase.dll
0x00007fff25560000 - 0x00007fff2557b000 	C:\Program Files\Java\jdk-20\bin\VCRUNTIME140.dll
0x00007fff235e0000 - 0x00007fff235f9000 	C:\Program Files\Java\jdk-20\bin\jli.dll
0x00007fff31700000 - 0x00007fff317b0000 	C:\Windows\System32\ADVAPI32.dll
0x00007fff32360000 - 0x00007fff323fe000 	C:\Windows\System32\msvcrt.dll
0x00007fff31930000 - 0x00007fff319d0000 	C:\Windows\System32\sechost.dll
0x00007fff30560000 - 0x00007fff30683000 	C:\Windows\System32\RPCRT4.dll
0x00007fff2fb20000 - 0x00007fff2fb47000 	C:\Windows\System32\bcrypt.dll
0x00007fff31300000 - 0x00007fff3149f000 	C:\Windows\System32\USER32.dll
0x00007fff2fb50000 - 0x00007fff2fb72000 	C:\Windows\System32\win32u.dll
0x00007fff32400000 - 0x00007fff3242b000 	C:\Windows\System32\GDI32.dll
0x00007fff2fc80000 - 0x00007fff2fd97000 	C:\Windows\System32\gdi32full.dll
0x00007fff2fda0000 - 0x00007fff2fe3d000 	C:\Windows\System32\msvcp_win.dll
0x00007fff1f400000 - 0x00007fff1f69a000 	C:\Windows\WinSxS\amd64_microsoft.windows.common-controls_6595b64144ccf1df_6.0.19041.4355_none_60b8b9eb71f62e16\COMCTL32.dll
0x00007fff236c0000 - 0x00007fff236ca000 	C:\Windows\SYSTEM32\VERSION.dll
0x00007fff311d0000 - 0x00007fff31202000 	C:\Windows\System32\IMM32.DLL
0x00007fff24680000 - 0x00007fff2468c000 	C:\Program Files\Java\jdk-20\bin\vcruntime140_1.dll
0x00007fff04250000 - 0x00007fff042de000 	C:\Program Files\Java\jdk-20\bin\msvcp140.dll
0x00007ffeb7870000 - 0x00007ffeb8508000 	C:\Program Files\Java\jdk-20\bin\server\jvm.dll
0x00007ffee3730000 - 0x00007ffee3739000 	C:\Windows\SYSTEM32\WSOCK32.dll
0x00007fff318c0000 - 0x00007fff3192b000 	C:\Windows\System32\WS2_32.dll
0x00007fff20190000 - 0x00007fff201b7000 	C:\Windows\SYSTEM32\WINMM.dll
0x00007fff2e2f0000 - 0x00007fff2e302000 	C:\Windows\SYSTEM32\kernel.appcore.dll
0x00007fff235d0000 - 0x00007fff235da000 	C:\Program Files\Java\jdk-20\bin\jimage.dll
0x00007fff1c250000 - 0x00007fff1c434000 	C:\Windows\SYSTEM32\DBGHELP.DLL
0x00007fff1c0d0000 - 0x00007fff1c104000 	C:\Windows\SYSTEM32\dbgcore.DLL
0x00007fff2fb80000 - 0x00007fff2fc02000 	C:\Windows\System32\bcryptPrimitives.dll
0x00007fff2af10000 - 0x00007fff2af1e000 	C:\Program Files\Java\jdk-20\bin\instrument.dll
0x00007fff04440000 - 0x00007fff04466000 	C:\Program Files\Java\jdk-20\bin\java.dll
0x00007ffef6240000 - 0x00007ffef6317000 	C:\Program Files\Java\jdk-20\bin\jsvml.dll
0x00007fff30740000 - 0x00007fff30eab000 	C:\Windows\System32\SHELL32.dll
0x00007fff2d5b0000 - 0x00007fff2dd4d000 	C:\Windows\SYSTEM32\windows.storage.dll
0x00007fff31b00000 - 0x00007fff31e53000 	C:\Windows\System32\combase.dll
0x00007fff2f390000 - 0x00007fff2f3be000 	C:\Windows\SYSTEM32\Wldp.dll
0x00007fff31100000 - 0x00007fff311cd000 	C:\Windows\System32\OLEAUT32.dll
0x00007fff30690000 - 0x00007fff3073d000 	C:\Windows\System32\SHCORE.dll
0x00007fff317b0000 - 0x00007fff31805000 	C:\Windows\System32\shlwapi.dll
0x00007fff2fa50000 - 0x00007fff2fa74000 	C:\Windows\SYSTEM32\profapi.dll
0x00007fff10d10000 - 0x00007fff10d28000 	C:\Program Files\Java\jdk-20\bin\zip.dll
0x00007fff220d0000 - 0x00007fff220e3000 	C:\Program Files\Java\jdk-20\bin\net.dll
0x00007fff26c10000 - 0x00007fff26d1a000 	C:\Windows\SYSTEM32\WINHTTP.dll
0x00007fff2f170000 - 0x00007fff2f1da000 	C:\Windows\system32\mswsock.dll
0x00007fff220b0000 - 0x00007fff220c6000 	C:\Program Files\Java\jdk-20\bin\nio.dll
0x00007fff20640000 - 0x00007fff2065a000 	C:\Program Files\JetBrains\IntelliJ IDEA Community Edition 2023.1.2\bin\breakgen64.dll
0x00007fff08510000 - 0x00007fff08517000 	C:\Program Files\Java\jdk-20\bin\extnet.dll
0x00007ffef64d0000 - 0x00007ffef64e0000 	C:\Program Files\Java\jdk-20\bin\verify.dll
0x00007fff2f3d0000 - 0x00007fff2f3e8000 	C:\Windows\SYSTEM32\CRYPTSP.dll
0x00007fff2eab0000 - 0x00007fff2eae4000 	C:\Windows\system32\rsaenh.dll
0x00007fff2fa00000 - 0x00007fff2fa2e000 	C:\Windows\SYSTEM32\USERENV.dll
0x00007fff2f300000 - 0x00007fff2f30c000 	C:\Windows\SYSTEM32\CRYPTBASE.dll
0x00007fff2ee70000 - 0x00007fff2eeab000 	C:\Windows\SYSTEM32\IPHLPAPI.DLL
0x00007fff31ee0000 - 0x00007fff31ee8000 	C:\Windows\System32\NSI.dll
0x00007fff28320000 - 0x00007fff28337000 	C:\Windows\SYSTEM32\dhcpcsvc6.DLL
0x00007fff282e0000 - 0x00007fff282fd000 	C:\Windows\SYSTEM32\dhcpcsvc.DLL
0x00007fff2eeb0000 - 0x00007fff2ef7b000 	C:\Windows\SYSTEM32\DNSAPI.dll
0x00007fff20620000 - 0x00007fff2062e000 	C:\Program Files\Java\jdk-20\bin\sunmscapi.dll
0x00007fff30140000 - 0x00007fff3029e000 	C:\Windows\System32\CRYPT32.dll
0x00007fff2f4e0000 - 0x00007fff2f509000 	C:\Windows\SYSTEM32\ncrypt.dll
0x00007fff2f4a0000 - 0x00007fff2f4db000 	C:\Windows\SYSTEM32\NTASN1.dll
0x00007fff28d40000 - 0x00007fff28d4a000 	C:\Program Files\Java\jdk-20\bin\management.dll
0x00007fff20630000 - 0x00007fff2063b000 	C:\Program Files\Java\jdk-20\bin\management_ext.dll
0x00007fff312f0000 - 0x00007fff312f8000 	C:\Windows\System32\PSAPI.DLL
0x00007fff235c0000 - 0x00007fff235ca000 	C:\Windows\System32\rasadhlp.dll
0x00007fff25b00000 - 0x00007fff25b80000 	C:\Windows\System32\fwpuclnt.dll

dbghelp: loaded successfully - version: 4.0.5 - missing functions: none
symbol engine: initialized successfully - sym options: 0x614 - pdb path: .;C:\Program Files\Java\jdk-20\bin;C:\Windows\SYSTEM32;C:\Windows\WinSxS\amd64_microsoft.windows.common-controls_6595b64144ccf1df_6.0.19041.4355_none_60b8b9eb71f62e16;C:\Program Files\Java\jdk-20\bin\server;C:\Program Files\JetBrains\IntelliJ IDEA Community Edition 2023.1.2\bin

VM Arguments:
jvm_args: -javaagent:C:\Program Files\JetBrains\IntelliJ IDEA Community Edition 2023.1.2\lib\idea_rt.jar=50889:C:\Program Files\JetBrains\IntelliJ IDEA Community Edition 2023.1.2\bin -Dfile.encoding=UTF-8 -Dsun.stdout.encoding=UTF-8 -Dsun.stderr.encoding=UTF-8 
java_command: com.exam.SecurityApplication
java_class_path (initial): G:\Project\ExamsBackEnd\BackEnd\ExamServer_Springboot\target\classes;C:\Users\D e r r y\.m2\repository\org\springframework\boot\spring-boot-starter-security\3.0.4\spring-boot-starter-security-3.0.4.jar;C:\Users\D e r r y\.m2\repository\org\springframework\boot\spring-boot-starter\3.0.1\spring-boot-starter-3.0.1.jar;C:\Users\D e r r y\.m2\repository\org\springframework\boot\spring-boot\3.0.1\spring-boot-3.0.1.jar;C:\Users\D e r r y\.m2\repository\org\springframework\boot\spring-boot-autoconfigure\3.0.1\spring-boot-autoconfigure-3.0.1.jar;C:\Users\D e r r y\.m2\repository\org\springframework\boot\spring-boot-starter-logging\3.0.1\spring-boot-starter-logging-3.0.1.jar;C:\Users\D e r r y\.m2\repository\ch\qos\logback\logback-classic\1.4.5\logback-classic-1.4.5.jar;C:\Users\D e r r y\.m2\repository\ch\qos\logback\logback-core\1.4.5\logback-core-1.4.5.jar;C:\Users\D e r r y\.m2\repository\org\apache\logging\log4j\log4j-to-slf4j\2.19.0\log4j-to-slf4j-2.19.0.jar;C:\Users\D e r r y\.m2\repository\org\apache\logging\log4j\log4j-api\2.19.0\log4j-api-2.19.0.jar;C:\Users\D e r r y\.m2\repository\org\slf4j\jul-to-slf4j\2.0.6\jul-to-slf4j-2.0.6.jar;C:\Users\D e r r y\.m2\repository\jakarta\annotation\jakarta.annotation-api\2.1.1\jakarta.annotation-api-2.1.1.jar;C:\Users\D e r r y\.m2\repository\org\yaml\snakeyaml\1.33\snakeyaml-1.33.jar;C:\Users\D e r r y\.m2\repository\org\springframework\spring-aop\6.0.3\spring-aop-6.0.3.jar;C:\Users\D e r r y\.m2\repository\org\springframework\security\spring-security-config\6.0.1\spring-security-config-6.0.1.jar;C:\Users\D e r r y\.m2\repository\org\springframework\security\spring-security-web\6.0.1\spring-security-web-6.0.1.jar;C:\Users\D e r r y\.m2\repository\org\springframework\boot\spring-boot-starter-web\3.1.0\spring-boot-starter-web-3.1.0.jar;C:\Users\D e r r y\.m2\repository\org\springframework\boot\spring-boot-starter-json\3.0.1\spring-boot-starter-json-3.0.1.jar;C:\Users\D e r r y\.m2\repository\com\fasterxml\jackson\datatype\jackson-datatype-jdk8\2.14.1\jackson-datatype-jdk8-2.14.1.jar;C:\Users\D e r r y\.m2\repository\com\fasterxml\jackson\datatype\jackson-datatype-jsr310\2.14.1\jackson-datatype-jsr310-2.14.1.jar;C:\Users\D e r r y\.m2\repository\com\fasterxml\jackson\module\jackson-module-parameter-names\2.14.1\jackson-module-parameter-names-2.14.1.jar;C:\Users\D e r r y\.m2\repository\org\springframework\boot\spring-boot-starter-tomcat\3.0.1\spring-boot-starter-tomcat-3.0.1.jar;C:\Users\D e r r y\.m2\repository\org\apache\tomcat\embed\tomcat-embed-core\10.1.4\tomcat-embed-core-10.1.4.jar;C:\Users\D e r r y\.m2\repository\org\apache\tomcat\embed\tomcat-embed-el\10.1.4\tomcat-embed-el-10.1.4.jar;C:\Users\D e r r y\.m2\repository\org\apache\tomcat\embed\tomcat-embed-websocket\10.1.4\tomcat-embed-websocket-10.1.4.jar;C:\Users\D e r r y\.m2\repository\org\springframework\spring-web\6.0.3\spring-web-6.0.3.jar;C:\Users\D e r r y\.m2\repository\io\micrometer\micrometer-observation\1.10.2\micrometer-observation-1.10.2.jar;C:\Users\D e r r y\.m2\repository\io\micrometer\micrometer-commons\1.10.2\micrometer-commons-1.10.2.jar;C:\Users\D e r r y\.m2\repository\org\springframework\spring-webmvc\6.0.3\spring-webmvc-6.0.3.jar;C:\Users\D e r r y\.m2\repository\com\mysql\mysql-connector-j\8.0.32\mysql-connector-j-8.0.32.jar;C:\Users\D e r r y\.m2\repository\org\springframework\boot\spring-boot-starter-data-jpa\3.0.4\spring-boot-starter-data-jpa-3.0.4.jar;C:\Users\D e r r y\.m2\repository\org\springframework\boot\spring-boot-starter-aop\3.0.1\spring-boot-starter-aop-3.0.1.jar;C:\Users\D e r r y\.m2\repository\org\aspectj\aspectjweaver\1.9.19\aspectjweaver-1.9.19.jar;C:\Users\D e r r y\.m2\repository\org\springframework\boot\spring-boot-starter-jdbc\3.0.1\spring-boot-starter-jdbc-3.0.1.jar;C:\Users\D e r r y\.m2\repository\com\zaxxer\HikariCP\5.0.1\HikariCP-5.0.1.jar;C:\Users\D e r r y\.m2\repository\org\springframework\spring-jdbc\6.0.3\spring-jdbc-6.0.3.jar;C:\Users\D e r r y\.m2\repository\org\hibernate\orm\hibernate-core\6.1.6.Final\hibernate-core-6.1.6.Final.jar;C:\Users\D e r r y\.m2\repository\jakarta\persistence\jakarta.persistence-api\3.1.0\jakarta.persistence-api-3.1.0.jar;C:\Users\D e r r y\.m2\repository\jakarta\transaction\jakarta.transaction-api\2.0.1\jakarta.transaction-api-2.0.1.jar;C:\Users\D e r r y\.m2\repository\org\jboss\logging\jboss-logging\3.5.0.Final\jboss-logging-3.5.0.Final.jar;C:\Users\D e r r y\.m2\repository\org\hibernate\common\hibernate-commons-annotations\6.0.2.Final\hibernate-commons-annotations-6.0.2.Final.jar;C:\Users\D e r r y\.m2\repository\org\jboss\jandex\2.4.2.Final\jandex-2.4.2.Final.jar;C:\Users\D e r r y\.m2\repository\com\fasterxml\classmate\1.5.1\classmate-1.5.1.jar;C:\Users\D e r r y\.m2\repository\net\bytebuddy\byte-buddy\1.12.20\byte-buddy-1.12.20.jar;C:\Users\D e r r y\.m2\repository\org\glassfish\jaxb\jaxb-runtime\4.0.1\jaxb-runtime-4.0.1.jar;C:\Users\D e r r y\.m2\repository\org\glassfish\jaxb\jaxb-core\4.0.1\jaxb-core-4.0.1.jar;C:\Users\D e r r y\.m2\repository\org\eclipse\angus\angus-activation\1.0.0\angus-activation-1.0.0.jar;C:\Users\D e r r y\.m2\repository\org\glassfish\jaxb\txw2\4.0.1\txw2-4.0.1.jar;C:\Users\D e r r y\.m2\repository\com\sun\istack\istack-commons-runtime\4.1.1\istack-commons-runtime-4.1.1.jar;C:\Users\D e r r y\.m2\repository\jakarta\inject\jakarta.inject-api\2.0.0\jakarta.inject-api-2.0.0.jar;C:\Users\D e r r y\.m2\repository\org\antlr\antlr4-runtime\4.10.1\antlr4-runtime-4.10.1.jar;C:\Users\D e r r y\.m2\repository\org\springframework\data\spring-data-jpa\3.0.0\spring-data-jpa-3.0.0.jar;C:\Users\D e r r y\.m2\repository\org\springframework\data\spring-data-commons\3.0.0\spring-data-commons-3.0.0.jar;C:\Users\D e r r y\.m2\repository\org\springframework\spring-orm\6.0.3\spring-orm-6.0.3.jar;C:\Users\D e r r y\.m2\repository\org\springframework\spring-tx\6.0.3\spring-tx-6.0.3.jar;C:\Users\D e r r y\.m2\repository\org\slf4j\slf4j-api\2.0.6\slf4j-api-2.0.6.jar;C:\Users\D e r r y\.m2\repository\org\springframework\spring-aspects\6.0.3\spring-aspects-6.0.3.jar;C:\Users\D e r r y\.m2\repository\org\projectlombok\lombok\1.18.26\lombok-1.18.26.jar;C:\Users\D e r r y\.m2\repository\org\springframework\spring-context\6.0.9\spring-context-6.0.9.jar;C:\Users\D e r r y\.m2\repository\org\springframework\spring-beans\6.0.3\spring-beans-6.0.3.jar;C:\Users\D e r r y\.m2\repository\org\springframework\spring-core\6.0.3\spring-core-6.0.3.jar;C:\Users\D e r r y\.m2\repository\org\springframework\spring-jcl\6.0.3\spring-jcl-6.0.3.jar;C:\Users\D e r r y\.m2\repository\org\springframework\spring-expression\6.0.3\spring-expression-6.0.3.jar;C:\Users\D e r r y\.m2\repository\io\jsonwebtoken\jjwt-api\0.11.5\jjwt-api-0.11.5.jar;C:\Users\D e r r y\.m2\repository\io\jsonwebtoken\jjwt-impl\0.11.5\jjwt-impl-0.11.5.jar;C:\Users\D e r r y\.m2\repository\io\jsonwebtoken\jjwt-jackson\0.11.5\jjwt-jackson-0.11.5.jar;C:\Users\D e r r y\.m2\repository\com\fasterxml\jackson\core\jackson-databind\2.14.1\jackson-databind-2.14.1.jar;C:\Users\D e r r y\.m2\repository\com\fasterxml\jackson\core\jackson-annotations\2.14.1\jackson-annotations-2.14.1.jar;C:\Users\D e r r y\.m2\repository\com\fasterxml\jackson\core\jackson-core\2.14.1\jackson-core-2.14.1.jar;C:\Users\D e r r y\.m2\repository\jakarta\xml\bind\jakarta.xml.bind-api\4.0.0\jakarta.xml.bind-api-4.0.0.jar;C:\Users\D e r r y\.m2\repository\jakarta\activation\jakarta.activation-api\2.1.0\jakarta.activation-api-2.1.0.jar;C:\Users\D e r r y\.m2\repository\org\springframework\security\spring-security-core\6.0.1\spring-security-core-6.0.1.jar;C:\Users\D e r r y\.m2\repository\org\springframework\security\spring-security-crypto\6.0.1\spring-security-crypto-6.0.1.jar
Launcher Type: SUN_STANDARD

[Global flags]
     intx CICompilerCount                          = 3                                         {product} {ergonomic}
     uint ConcGCThreads                            = 1                                         {product} {ergonomic}
     uint G1ConcRefinementThreads                  = 4                                         {product} {ergonomic}
   size_t G1HeapRegionSize                         = 1048576                                   {product} {ergonomic}
    uintx GCDrainStackTargetSize                   = 64                                        {product} {ergonomic}
   size_t InitialHeapSize                          = 134217728                                 {product} {ergonomic}
   size_t MarkStackSize                            = 4194304                                   {product} {ergonomic}
   size_t MaxHeapSize                              = 2116026368                                {product} {ergonomic}
   size_t MaxNewSize                               = 1268776960                                {product} {ergonomic}
   size_t MinHeapDeltaBytes                        = 1048576                                   {product} {ergonomic}
   size_t MinHeapSize                              = 8388608                                   {product} {ergonomic}
    uintx NonNMethodCodeHeapSize                   = 5832780                                {pd product} {ergonomic}
    uintx NonProfiledCodeHeapSize                  = 122912730                              {pd product} {ergonomic}
    uintx ProfiledCodeHeapSize                     = 122912730                              {pd product} {ergonomic}
    uintx ReservedCodeCacheSize                    = 251658240                              {pd product} {ergonomic}
     bool SegmentedCodeCache                       = true                                      {product} {ergonomic}
   size_t SoftMaxHeapSize                          = 2116026368                             {manageable} {ergonomic}
     bool UseCompressedClassPointers               = true                           {product lp64_product} {ergonomic}
     bool UseCompressedOops                        = true                           {product lp64_product} {ergonomic}
     bool UseG1GC                                  = true                                      {product} {ergonomic}
     bool UseLargePagesIndividualAllocation        = false                                  {pd product} {ergonomic}

Logging:
Log output configuration:
 #0: stdout all=warning uptime,level,tags foldmultilines=false
 #1: stderr all=off uptime,level,tags foldmultilines=false

Environment Variables:
PATH=C:\Program Files\Common Files\Oracle\Java\javapath;C:\Program Files (x86)\Common Files\Oracle\Java\javapath;C:\Windows\system32;C:\Windows;C:\Windows\System32\Wbem;C:\Windows\System32\WindowsPowerShell\v1.0\;C:\Windows\System32\OpenSSH\;C:\Program Files\nodejs\;C:\Program Files\Git\cmd;C:\ProgramData\chocolatey\bin;C:\Program Files\apache-maven-3.9.4-bin\apache-maven-3.9.4\bin;C:\Program Files\dotnet\;C:\Users\D e r r y\anaconda3;C:\Users\D e r r y\anaconda3\Library\mingw-w64\bin;C:\Users\D e r r y\anaconda3\Library\usr\bin;C:\Users\D e r r y\anaconda3\Library\bin;C:\Users\D e r r y\anaconda3\Scripts;C:\Program Files\MySQL\MySQL Shell 8.0\bin\;C:\Users\D e r r y\AppData\Local\Microsoft\WindowsApps;C:\Program Files\JetBrains\IntelliJ IDEA Community Edition 2023.1.2\bin;;C:\Program Files\JetBrains\PyCharm Community Edition 2023.1.2\bin;;C:\Users\D e r r y\AppData\Roaming\npm;C:\Users\D e r r y\AppData\Local\Programs\Microsoft VS Code\bin;C:\Users\D e r r y\AppData\Local\GitHubDesktop\bin;C:\Program Files\heroku\bin;C:\Program Files\bin;C:\Program Files\JetBrains\PhpStorm 2024.1\bin;
USERNAME=D e r r y
OS=Windows_NT
PROCESSOR_IDENTIFIER=Intel64 Family 6 Model 61 Stepping 4, GenuineIntel
TMP=C:\Users\DERRY~1\AppData\Local\Temp
TEMP=C:\Users\DERRY~1\AppData\Local\Temp




---------------  S Y S T E M  ---------------

OS:
 Windows 10 , 64 bit Build 19041 (10.0.19041.3636)
OS uptime: 0 days 0:33 hours
Hyper-V role detected

CPU: total 4 (initial active 4) (2 cores per cpu, 2 threads per core) family 6 model 61 stepping 4 microcode 0x2f, cx8, cmov, fxsr, ht, mmx, 3dnowpref, sse, sse2, sse3, ssse3, sse4.1, sse4.2, popcnt, lzcnt, tsc, tscinvbit, avx, avx2, aes, erms, clmul, bmi1, bmi2, rtm, adx, fma, vzeroupper, clflush, hv, rdtscp, f16c

Memory: 4k page, system-wide physical 8067M (419M free)
TotalPageFile size 10115M (AvailPageFile size 5M)
current process WorkingSet (physical memory assigned to process): 203M, peak: 203M
current process commit charge ("private bytes"): 236M, peak: 256M

vm_info: Java HotSpot(TM) 64-Bit Server VM (20.0.2+9-78) for windows-amd64 JRE (20.0.2+9-78), built on 2023-06-14T10:08:48Z by "mach5one" with MS VC++ 17.1 (VS2022)

END.
