#
# There is insufficient memory for the Java Runtime Environment to continue.
# Native memory allocation (mmap) failed to map 10485760 bytes for G1 virtual space
# Possible reasons:
#   The system is out of physical RAM or swap space
#   The process is running with CompressedOops enabled, and the Java Heap may be blocking the growth of the native heap
# Possible solutions:
#   Reduce memory load on the system
#   Increase physical memory or swap space
#   Check if swap backing store is full
#   Decrease Java heap size (-Xmx/-Xms)
#   Decrease number of Java threads
#   Decrease Java thread stack sizes (-Xss)
#   Set larger code cache with -XX:ReservedCodeCacheSize=
#   JVM is running with Unscaled Compressed Oops mode in which the Java heap is
#     placed in the first 4GB address space. The Java Heap base address is the
#     maximum limit for the native heap growth. Please use -XX:HeapBaseMinAddress
#     to set the Java Heap base and to place the Java Heap above 4GB virtual address.
# This output file may be truncated or incomplete.
#
#  Out of Memory Error (os_windows.cpp:3528), pid=11416, tid=31780
#
# JRE version: Java(TM) SE Runtime Environment (20.0.2+9) (build 20.0.2+9-78)
# Java VM: Java HotSpot(TM) 64-Bit Server VM (20.0.2+9-78, mixed mode, sharing, tiered, compressed oops, compressed class ptrs, g1 gc, windows-amd64)
# No core dump will be written. Minidumps are not enabled by default on client versions of Windows
#

---------------  S U M M A R Y ------------

Command Line: -javaagent:C:\Program Files\JetBrains\IntelliJ IDEA Community Edition 2023.1.2\lib\idea_rt.jar=52694:C:\Program Files\JetBrains\IntelliJ IDEA Community Edition 2023.1.2\bin -Dfile.encoding=UTF-8 -Dsun.stdout.encoding=UTF-8 -Dsun.stderr.encoding=UTF-8 com.exam.SecurityApplication

Host: Intel(R) Core(TM) i5-5300U CPU @ 2.30GHz, 4 cores, 7G,  Windows 10 , 64 bit Build 19041 (10.0.19041.3636)
Time: Tue Nov 28 11:47:05 2023 Sao Tome Standard Time elapsed time: 608.914616 seconds (0d 0h 10m 8s)

---------------  T H R E A D  ---------------

Current thread (0x00000223b9c59b30):  VMThread "VM Thread" [stack: 0x00000040b9500000,0x00000040b9600000] [id=31780]

Stack: [0x00000040b9500000,0x00000040b9600000]
Native frames: (J=compiled Java code, j=interpreted, Vv=VM code, C=native code)
V  [jvm.dll+0x6bc25a]
V  [jvm.dll+0x84971a]
V  [jvm.dll+0x84b315]
V  [jvm.dll+0x84ba13]
V  [jvm.dll+0x280e4f]
V  [jvm.dll+0x6b8fe9]
V  [jvm.dll+0x6adbca]
V  [jvm.dll+0x35b165]
V  [jvm.dll+0x363386]
V  [jvm.dll+0x3b400e]
V  [jvm.dll+0x3b4295]
V  [jvm.dll+0x32b86a]
V  [jvm.dll+0x32b917]
V  [jvm.dll+0x373cc2]
V  [jvm.dll+0x3724c0]
V  [jvm.dll+0x32afb1]
V  [jvm.dll+0x371ba6]
V  [jvm.dll+0x85135e]
V  [jvm.dll+0x852471]
V  [jvm.dll+0x852979]
V  [jvm.dll+0x852bf3]
V  [jvm.dll+0x7f5c76]
V  [jvm.dll+0x6baecb]
C  [ucrtbase.dll+0x21bb2]
C  [KERNEL32.DLL+0x17344]
C  [ntdll.dll+0x526b1]

VM_Operation (0x00000040bacfdc00): G1CollectForAllocation, mode: safepoint, requested by thread 0x0000022382907160


---------------  P R O C E S S  ---------------

Threads class SMR info:
_java_thread_list=0x0000022380fa2910, length=29, elements={
0x00000223b9c77b00, 0x00000223b9c78aa0, 0x00000223b9c7ca60, 0x00000223b9c804c0,
0x00000223b9c80e00, 0x00000223b9c81740, 0x00000223b9c823b0, 0x00000223ff010540,
0x00000223b9c43db0, 0x00000223ff3fd610, 0x00000223ff3fdb60, 0x0000022380c8a3d0,
0x0000022380c8a920, 0x0000022382909be0, 0x00000223829056d0, 0x0000022382908150,
0x0000022382907160, 0x00000223829086a0, 0x00000223829076b0, 0x000002238290cbb0,
0x0000022382906170, 0x0000022382905c20, 0x0000022382909140, 0x000002238290c110,
0x0000022382908bf0, 0x0000022382907c00, 0x00000223829066c0, 0x000002238290b670,
0x0000022382906c10
}
_to_delete_list=0x0000022382c5d1c0, length=30, elements={
0x00000223b9c77b00, 0x00000223b9c78aa0, 0x00000223b9c7ca60, 0x00000223b9c804c0,
0x00000223b9c80e00, 0x00000223b9c81740, 0x00000223b9c823b0, 0x00000223ff010540,
0x00000223b9c43db0, 0x00000223ff3fd610, 0x00000223ff3fdb60, 0x0000022380c8a3d0,
0x0000022380c8a920, 0x0000022382909be0, 0x00000223829056d0, 0x0000022382908150,
0x00000223806b10e0, 0x0000022382907160, 0x00000223829086a0, 0x00000223829076b0,
0x000002238290cbb0, 0x0000022382906170, 0x0000022382905c20, 0x0000022382909140,
0x000002238290c110, 0x0000022382908bf0, 0x0000022382907c00, 0x00000223829066c0,
0x000002238290b670, 0x0000022382906c10
}

Java Threads: ( => current thread )
  0x00000223b9c77b00 JavaThread "Reference Handler" daemon [_thread_blocked, id=28748, stack(0x00000040b9600000,0x00000040b9700000)]
  0x00000223b9c78aa0 JavaThread "Finalizer" daemon [_thread_blocked, id=37948, stack(0x00000040b9700000,0x00000040b9800000)]
  0x00000223b9c7ca60 JavaThread "Signal Dispatcher" daemon [_thread_blocked, id=39896, stack(0x00000040b9800000,0x00000040b9900000)]
  0x00000223b9c804c0 JavaThread "Attach Listener" daemon [_thread_blocked, id=40476, stack(0x00000040b9900000,0x00000040b9a00000)]
  0x00000223b9c80e00 JavaThread "Service Thread" daemon [_thread_blocked, id=39284, stack(0x00000040b9a00000,0x00000040b9b00000)]
  0x00000223b9c81740 JavaThread "Monitor Deflation Thread" daemon [_thread_blocked, id=39612, stack(0x00000040b9b00000,0x00000040b9c00000)]
  0x00000223b9c823b0 JavaThread "C2 CompilerThread0" daemon [_thread_blocked, id=38268, stack(0x00000040b9c00000,0x00000040b9d00000)]
  0x00000223ff010540 JavaThread "C1 CompilerThread0" daemon [_thread_blocked, id=39152, stack(0x00000040b9d00000,0x00000040b9e00000)]
  0x00000223b9c43db0 JavaThread "Common-Cleaner" daemon [_thread_blocked, id=33800, stack(0x00000040b9e00000,0x00000040b9f00000)]
  0x00000223ff3fd610 JavaThread "Monitor Ctrl-Break" daemon [_thread_in_native, id=38612, stack(0x00000040b9f00000,0x00000040ba000000)]
  0x00000223ff3fdb60 JavaThread "Notification Thread" daemon [_thread_blocked, id=40540, stack(0x00000040ba000000,0x00000040ba100000)]
  0x0000022380c8a3d0 JavaThread "mysql-cj-abandoned-connection-cleanup" daemon [_thread_blocked, id=41040, stack(0x00000040ba600000,0x00000040ba700000)]
  0x0000022380c8a920 JavaThread "HikariPool-1 housekeeper" daemon [_thread_blocked, id=38240, stack(0x00000040ba800000,0x00000040ba900000)]
  0x0000022382909be0 JavaThread "Catalina-utility-1" [_thread_blocked, id=38204, stack(0x00000040ba900000,0x00000040baa00000)]
  0x00000223829056d0 JavaThread "Catalina-utility-2" [_thread_blocked, id=36356, stack(0x00000040baa00000,0x00000040bab00000)]
  0x0000022382908150 JavaThread "container-0" [_thread_blocked, id=38052, stack(0x00000040bab00000,0x00000040bac00000)]
  0x0000022382907160 JavaThread "http-nio-9191-exec-1" daemon [_thread_blocked, id=41260, stack(0x00000040bac00000,0x00000040bad00000)]
  0x00000223829086a0 JavaThread "http-nio-9191-exec-2" daemon [_thread_blocked, id=9772, stack(0x00000040bad00000,0x00000040bae00000)]
  0x00000223829076b0 JavaThread "http-nio-9191-exec-3" daemon [_thread_blocked, id=39820, stack(0x00000040bae00000,0x00000040baf00000)]
  0x000002238290cbb0 JavaThread "http-nio-9191-exec-4" daemon [_thread_blocked, id=9372, stack(0x00000040baf00000,0x00000040bb000000)]
  0x0000022382906170 JavaThread "http-nio-9191-exec-5" daemon [_thread_blocked, id=37092, stack(0x00000040bb000000,0x00000040bb100000)]
  0x0000022382905c20 JavaThread "http-nio-9191-exec-6" daemon [_thread_blocked, id=37348, stack(0x00000040bb100000,0x00000040bb200000)]
  0x0000022382909140 JavaThread "http-nio-9191-exec-7" daemon [_thread_blocked, id=40432, stack(0x00000040bb200000,0x00000040bb300000)]
  0x000002238290c110 JavaThread "http-nio-9191-exec-8" daemon [_thread_blocked, id=36188, stack(0x00000040bb300000,0x00000040bb400000)]
  0x0000022382908bf0 JavaThread "http-nio-9191-exec-9" daemon [_thread_blocked, id=37944, stack(0x00000040bb400000,0x00000040bb500000)]
  0x0000022382907c00 JavaThread "http-nio-9191-exec-10" daemon [_thread_blocked, id=30848, stack(0x00000040bb500000,0x00000040bb600000)]
  0x00000223829066c0 JavaThread "http-nio-9191-Poller" daemon [_thread_in_native, id=41344, stack(0x00000040bb600000,0x00000040bb700000)]
  0x000002238290b670 JavaThread "http-nio-9191-Acceptor" daemon [_thread_in_native, id=40824, stack(0x00000040bb700000,0x00000040bb800000)]
  0x0000022382906c10 JavaThread "DestroyJavaVM" [_thread_blocked, id=39784, stack(0x00000040b8f00000,0x00000040b9000000)]

Other Threads:
=>0x00000223b9c59b30 VMThread "VM Thread" [stack: 0x00000040b9500000,0x00000040b9600000] [id=31780]
  0x000002239db3c190 WatcherThread "VM Periodic Task Thread" [stack: 0x00000040ba100000,0x00000040ba200000] [id=39572]
  0x000002239db98360 WorkerThread "GC Thread#0" [stack: 0x00000040b9000000,0x00000040b9100000] [id=42632]
  0x00000223ff5a0600 WorkerThread "GC Thread#1" [stack: 0x00000040ba200000,0x00000040ba300000] [id=39116]
  0x00000223ff84a600 WorkerThread "GC Thread#2" [stack: 0x00000040ba300000,0x00000040ba400000] [id=37448]
  0x00000223ff6ef5f0 WorkerThread "GC Thread#3" [stack: 0x00000040ba400000,0x00000040ba500000] [id=26016]
  0x000002239dba8eb0 ConcurrentGCThread "G1 Main Marker" [stack: 0x00000040b9100000,0x00000040b9200000] [id=42644]
  0x000002239dba98e0 WorkerThread "G1 Conc#0" [stack: 0x00000040b9200000,0x00000040b9300000] [id=37596]
  0x000002239dbfe360 ConcurrentGCThread "G1 Refine#0" [stack: 0x00000040b9300000,0x00000040b9400000] [id=24824]
  0x00000223b9b0b100 ConcurrentGCThread "G1 Service" [stack: 0x00000040b9400000,0x00000040b9500000] [id=42640]

Threads with active compile tasks:

VM state: at safepoint (normal execution)

VM Mutex/Monitor currently owned by a thread:  ([mutex/lock_event])
[0x000002239db343f0] Threads_lock - owner thread: 0x00000223b9c59b30
[0x000002239db33040] Heap_lock - owner thread: 0x0000022382907160

Heap address: 0x0000000081e00000, size: 2018 MB, Compressed Oops mode: 32-bit

CDS archive(s) mapped at: [0x00000223ba000000-0x00000223bac60000-0x00000223bac60000), size 12976128, SharedBaseAddress: 0x00000223ba000000, ArchiveRelocationMode: 1.
Compressed class space mapped at: 0x00000223bb000000-0x00000223fb000000, reserved size: 1073741824
Narrow klass base: 0x00000223ba000000, Narrow klass shift: 0, Narrow klass range: 0x100000000

GC Precious Log:
 CardTable entry size: 512
 Card Set container configuration: InlinePtr #cards 5 size 8 Array Of Cards #cards 12 size 40 Howl #buckets 4 coarsen threshold 1843 Howl Bitmap #cards 512 size 80 coarsen threshold 460 Card regions per heap region 1 cards per card region 2048
 CPUs: 4 total, 4 available
 Memory: 8067M
 Large Page Support: Disabled
 NUMA Support: Disabled
 Compressed Oops: Enabled (32-bit)
 Heap Region Size: 1M
 Heap Min Capacity: 8M
 Heap Initial Capacity: 128M
 Heap Max Capacity: 2018M
 Pre-touch: Disabled
 Parallel Workers: 4
 Concurrent Workers: 1
 Concurrent Refinement Workers: 4
 Periodic GC: Disabled

Heap:
 garbage-first heap   total 51200K, used 30272K [0x0000000081e00000, 0x0000000100000000)
  region size 1024K, 3 young (3072K), 3 survivors (3072K)
 Metaspace       used 67095K, committed 67840K, reserved 1114112K
  class space    used 8935K, committed 9280K, reserved 1048576K

Heap Regions: E=young(eden), S=young(survivor), O=old, HS=humongous(starts), HC=humongous(continues), CS=collection set, F=free, OA=open archive, CA=closed archive, TAMS=top-at-mark-start, PB=parsable bottom
|   0|0x0000000081e00000, 0x0000000081f00000, 0x0000000081f00000|100%|HS|  |TAMS 0x0000000081e00000| PB 0x0000000081e00000| Complete 
|   1|0x0000000081f00000, 0x0000000082000000, 0x0000000082000000|100%| O|  |TAMS 0x0000000081f00000| PB 0x0000000081f00000| Untracked 
|   2|0x0000000082000000, 0x0000000082100000, 0x0000000082100000|100%| O|  |TAMS 0x0000000082000000| PB 0x0000000082000000| Untracked 
|   3|0x0000000082100000, 0x0000000082200000, 0x0000000082200000|100%| O|  |TAMS 0x0000000082100000| PB 0x0000000082100000| Untracked 
|   4|0x0000000082200000, 0x0000000082300000, 0x0000000082300000|100%| O|  |TAMS 0x0000000082200000| PB 0x0000000082200000| Untracked 
|   5|0x0000000082300000, 0x0000000082400000, 0x0000000082400000|100%| O|  |TAMS 0x0000000082300000| PB 0x0000000082300000| Untracked 
|   6|0x0000000082400000, 0x0000000082500000, 0x0000000082500000|100%| O|  |TAMS 0x0000000082400000| PB 0x0000000082400000| Untracked 
|   7|0x0000000082500000, 0x0000000082600000, 0x0000000082600000|100%| O|  |TAMS 0x0000000082500000| PB 0x0000000082500000| Untracked 
|   8|0x0000000082600000, 0x0000000082700000, 0x0000000082700000|100%| O|  |TAMS 0x0000000082600000| PB 0x0000000082600000| Untracked 
|   9|0x0000000082700000, 0x0000000082800000, 0x0000000082800000|100%| O|  |TAMS 0x0000000082700000| PB 0x0000000082700000| Untracked 
|  10|0x0000000082800000, 0x0000000082900000, 0x0000000082900000|100%| O|  |TAMS 0x0000000082800000| PB 0x0000000082800000| Untracked 
|  11|0x0000000082900000, 0x0000000082a00000, 0x0000000082a00000|100%| O|  |TAMS 0x0000000082900000| PB 0x0000000082900000| Untracked 
|  12|0x0000000082a00000, 0x0000000082b00000, 0x0000000082b00000|100%| O|  |TAMS 0x0000000082a00000| PB 0x0000000082a00000| Untracked 
|  13|0x0000000082b00000, 0x0000000082c00000, 0x0000000082c00000|100%| O|  |TAMS 0x0000000082b00000| PB 0x0000000082b00000| Untracked 
|  14|0x0000000082c00000, 0x0000000082d00000, 0x0000000082d00000|100%| O|  |TAMS 0x0000000082c00000| PB 0x0000000082c00000| Untracked 
|  15|0x0000000082d00000, 0x0000000082e00000, 0x0000000082e00000|100%| O|  |TAMS 0x0000000082d00000| PB 0x0000000082d00000| Untracked 
|  16|0x0000000082e00000, 0x0000000082f00000, 0x0000000082f00000|100%| O|  |TAMS 0x0000000082e00000| PB 0x0000000082e00000| Untracked 
|  17|0x0000000082f00000, 0x0000000083000000, 0x0000000083000000|100%| O|  |TAMS 0x0000000082f00000| PB 0x0000000082f00000| Untracked 
|  18|0x0000000083000000, 0x0000000083100000, 0x0000000083100000|100%| O|  |TAMS 0x0000000083000000| PB 0x0000000083000000| Untracked 
|  19|0x0000000083100000, 0x0000000083200000, 0x0000000083200000|100%| O|  |TAMS 0x0000000083100000| PB 0x0000000083100000| Untracked 
|  20|0x0000000083200000, 0x0000000083300000, 0x0000000083300000|100%| O|  |TAMS 0x0000000083200000| PB 0x0000000083200000| Untracked 
|  21|0x0000000083300000, 0x0000000083400000, 0x0000000083400000|100%| O|  |TAMS 0x0000000083300000| PB 0x0000000083300000| Untracked 
|  22|0x0000000083400000, 0x00000000834fa000, 0x0000000083500000| 97%| O|  |TAMS 0x0000000083400000| PB 0x0000000083400000| Untracked 
|  23|0x0000000083500000, 0x0000000083600000, 0x0000000083600000|100%| O|  |TAMS 0x0000000083500000| PB 0x0000000083500000| Untracked 
|  24|0x0000000083600000, 0x0000000083600000, 0x0000000083700000|  0%| F|  |TAMS 0x0000000083600000| PB 0x0000000083600000| Untracked 
|  25|0x0000000083700000, 0x0000000083800000, 0x0000000083800000|100%| O|  |TAMS 0x0000000083700000| PB 0x0000000083700000| Untracked 
|  26|0x0000000083800000, 0x0000000083800000, 0x0000000083900000|  0%| F|  |TAMS 0x0000000083800000| PB 0x0000000083800000| Untracked 
|  27|0x0000000083900000, 0x0000000083900000, 0x0000000083a00000|  0%| F|  |TAMS 0x0000000083900000| PB 0x0000000083900000| Untracked 
|  28|0x0000000083a00000, 0x0000000083b00000, 0x0000000083b00000|100%| O|  |TAMS 0x0000000083a00000| PB 0x0000000083a00000| Untracked 
|  29|0x0000000083b00000, 0x0000000083c00000, 0x0000000083c00000|100%| O|  |TAMS 0x0000000083b00000| PB 0x0000000083b00000| Untracked 
|  30|0x0000000083c00000, 0x0000000083c00000, 0x0000000083d00000|  0%| F|  |TAMS 0x0000000083c00000| PB 0x0000000083c00000| Untracked 
|  31|0x0000000083d00000, 0x0000000083d00000, 0x0000000083e00000|  0%| F|  |TAMS 0x0000000083d00000| PB 0x0000000083d00000| Untracked 
|  32|0x0000000083e00000, 0x0000000083e00000, 0x0000000083f00000|  0%| F|  |TAMS 0x0000000083e00000| PB 0x0000000083e00000| Untracked 
|  33|0x0000000083f00000, 0x0000000083f96060, 0x0000000084000000| 58%| S|CS|TAMS 0x0000000083f00000| PB 0x0000000083f00000| Complete 
|  34|0x0000000084000000, 0x0000000084100000, 0x0000000084100000|100%| S|CS|TAMS 0x0000000084000000| PB 0x0000000084000000| Complete 
|  35|0x0000000084100000, 0x0000000084200000, 0x0000000084200000|100%| S|CS|TAMS 0x0000000084100000| PB 0x0000000084100000| Complete 
|  36|0x0000000084200000, 0x0000000084200000, 0x0000000084300000|  0%| F|  |TAMS 0x0000000084200000| PB 0x0000000084200000| Untracked 
|  37|0x0000000084300000, 0x0000000084300000, 0x0000000084400000|  0%| F|  |TAMS 0x0000000084300000| PB 0x0000000084300000| Untracked 
|  38|0x0000000084400000, 0x0000000084400000, 0x0000000084500000|  0%| F|  |TAMS 0x0000000084400000| PB 0x0000000084400000| Untracked 
|  39|0x0000000084500000, 0x0000000084500000, 0x0000000084600000|  0%| F|  |TAMS 0x0000000084500000| PB 0x0000000084500000| Untracked 
|  40|0x0000000084600000, 0x0000000084600000, 0x0000000084700000|  0%| F|  |TAMS 0x0000000084600000| PB 0x0000000084600000| Untracked 
|  41|0x0000000084700000, 0x0000000084700000, 0x0000000084800000|  0%| F|  |TAMS 0x0000000084700000| PB 0x0000000084700000| Untracked 
|  75|0x0000000086900000, 0x0000000086900000, 0x0000000086a00000|  0%| F|  |TAMS 0x0000000086900000| PB 0x0000000086900000| Untracked 
|  76|0x0000000086a00000, 0x0000000086a00000, 0x0000000086b00000|  0%| F|  |TAMS 0x0000000086a00000| PB 0x0000000086a00000| Untracked 
|  77|0x0000000086b00000, 0x0000000086b00000, 0x0000000086c00000|  0%| F|  |TAMS 0x0000000086b00000| PB 0x0000000086b00000| Untracked 
|  78|0x0000000086c00000, 0x0000000086c00000, 0x0000000086d00000|  0%| F|  |TAMS 0x0000000086c00000| PB 0x0000000086c00000| Untracked 
|  79|0x0000000086d00000, 0x0000000086d00000, 0x0000000086e00000|  0%| F|  |TAMS 0x0000000086d00000| PB 0x0000000086d00000| Untracked 
|  80|0x0000000086e00000, 0x0000000086e00000, 0x0000000086f00000|  0%| F|  |TAMS 0x0000000086e00000| PB 0x0000000086e00000| Untracked 
|  81|0x0000000086f00000, 0x0000000086f00000, 0x0000000087000000|  0%| F|  |TAMS 0x0000000086f00000| PB 0x0000000086f00000| Untracked 
| 127|0x0000000089d00000, 0x0000000089d00000, 0x0000000089e00000|  0%| F|  |TAMS 0x0000000089d00000| PB 0x0000000089d00000| Untracked 

Card table byte_map: [0x00000223b5010000,0x00000223b5410000] _byte_map_base: 0x00000223b4c01000

Marking Bits: (CMBitMap*) 0x000002239db98990
 Bits: [0x00000223b5810000, 0x00000223b7798000)

Polling page: 0x000002239bcc0000

Metaspace:

Usage:
  Non-class:     56.80 MB used.
      Class:      8.73 MB used.
       Both:     65.52 MB used.

Virtual space:
  Non-class space:       64.00 MB reserved,      57.19 MB ( 89%) committed,  1 nodes.
      Class space:        1.00 GB reserved,       9.06 MB ( <1%) committed,  1 nodes.
             Both:        1.06 GB reserved,      66.25 MB (  6%) committed. 

Chunk freelists:
   Non-Class:  2.84 MB
       Class:  2.92 MB
        Both:  5.76 MB

MaxMetaspaceSize: unlimited
CompressedClassSpaceSize: 1.00 GB
Initial GC threshold: 21.00 MB
Current GC threshold: 104.31 MB
CDS: on
MetaspaceReclaimPolicy: balanced
 - commit_granule_bytes: 65536.
 - commit_granule_words: 8192.
 - virtual_space_node_default_size: 8388608.
 - enlarge_chunks_in_place: 1.
 - new_chunks_are_fully_committed: 0.
 - uncommit_free_chunks: 1.
 - use_allocation_guard: 0.


Internal statistics:

num_allocs_failed_limit: 12.
num_arena_births: 926.
num_arena_deaths: 0.
num_vsnodes_births: 2.
num_vsnodes_deaths: 0.
num_space_committed: 1060.
num_space_uncommitted: 0.
num_chunks_returned_to_freelist: 12.
num_chunks_taken_from_freelist: 3220.
num_chunk_merges: 12.
num_chunk_splits: 2333.
num_chunks_enlarged: 1854.
num_inconsistent_stats: 0.

CodeHeap 'non-profiled nmethods': size=120000Kb used=3602Kb max_used=3602Kb free=116397Kb
 bounds [0x00000223ad6e0000, 0x00000223ada70000, 0x00000223b4c10000]
CodeHeap 'profiled nmethods': size=120000Kb used=11637Kb max_used=11637Kb free=108362Kb
 bounds [0x00000223a5c10000, 0x00000223a6770000, 0x00000223ad140000]
CodeHeap 'non-nmethods': size=5760Kb used=1743Kb max_used=1820Kb free=4016Kb
 bounds [0x00000223ad140000, 0x00000223ad3b0000, 0x00000223ad6e0000]
 total_blobs=6726 nmethods=6012 adapters=624
 compilation: enabled
              stopped_count=0, restarted_count=0
 full_count=0

Compilation events (20 events):
Event: 572.363 Thread 0x00000223ff010540 6991       3       java.util.HashMap$Values::toArray (16 bytes)
Event: 572.364 Thread 0x00000223ff010540 nmethod 6991 0x00000223a6769810 code [0x00000223a67699c0, 0x00000223a6769bd0]
Event: 592.378 Thread 0x00000223ff010540 6992   !   3       org.apache.catalina.core.ContainerBase::findChildren (34 bytes)
Event: 592.378 Thread 0x00000223ff010540 nmethod 6992 0x00000223a6769c90 code [0x00000223a6769e40, 0x00000223a676a370]
Event: 608.744 Thread 0x00000223b9c823b0 6993       4       java.lang.invoke.MethodHandles$Lookup::checkAccess (232 bytes)
Event: 608.750 Thread 0x00000223b9c823b0 nmethod 6993 0x00000223ada62410 code [0x00000223ada625c0, 0x00000223ada628f0]
Event: 608.836 Thread 0x00000223ff010540 6994       3       java.util.Locale::equals (75 bytes)
Event: 608.837 Thread 0x00000223ff010540 nmethod 6994 0x00000223a676a590 code [0x00000223a676a780, 0x00000223a676aef0]
Event: 608.852 Thread 0x00000223ff010540 6995       3       java.lang.invoke.MethodHandles::dropArgumentChecks (92 bytes)
Event: 608.854 Thread 0x00000223b9c823b0 6996       4       java.lang.invoke.MemberName::flagsMods (45 bytes)
Event: 608.854 Thread 0x00000223b9c823b0 nmethod 6996 0x00000223ada63190 code [0x00000223ada63300, 0x00000223ada63378]
Event: 608.855 Thread 0x00000223ff010540 nmethod 6995 0x00000223a676b090 code [0x00000223a676b460, 0x00000223a676d4b8]
Event: 608.856 Thread 0x00000223ff010540 7001       3       java.lang.invoke.MethodType::invokers (27 bytes)
Event: 608.856 Thread 0x00000223ff010540 nmethod 7001 0x00000223a676df10 code [0x00000223a676e0c0, 0x00000223a676e508]
Event: 608.864 Thread 0x00000223ff010540 7005       3       java.nio.HeapByteBuffer::put (17 bytes)
Event: 608.864 Thread 0x00000223ff010540 nmethod 7005 0x00000223a676e610 code [0x00000223a676e7c0, 0x00000223a676ea80]
Event: 608.864 Thread 0x00000223ff010540 7006   !   3       org.apache.tomcat.util.http.parser.HttpParser::isControl (9 bytes)
Event: 608.864 Thread 0x00000223ff010540 nmethod 7006 0x00000223a676ec10 code [0x00000223a676eda0, 0x00000223a676ef10]
Event: 608.875 Thread 0x00000223b9c823b0 7007       4       java.util.jar.Attributes::getValue (9 bytes)
Event: 608.881 Thread 0x00000223b9c823b0 nmethod 7007 0x00000223ada64390 code [0x00000223ada64540, 0x00000223ada64820]

GC Heap History (20 events):
Event: 15.655 GC heap after
{Heap after GC invocations=8 (full 0):
 garbage-first heap   total 51200K, used 18317K [0x0000000081e00000, 0x0000000100000000)
  region size 1024K, 3 young (3072K), 3 survivors (3072K)
 Metaspace       used 35499K, committed 35968K, reserved 1114112K
  class space    used 4524K, committed 4736K, reserved 1048576K
}
Event: 17.954 GC heap before
{Heap before GC invocations=9 (full 0):
 garbage-first heap   total 51200K, used 42893K [0x0000000081e00000, 0x0000000100000000)
  region size 1024K, 27 young (27648K), 3 survivors (3072K)
 Metaspace       used 44781K, committed 45248K, reserved 1114112K
  class space    used 5695K, committed 5888K, reserved 1048576K
}
Event: 17.968 GC heap after
{Heap after GC invocations=10 (full 0):
 garbage-first heap   total 51200K, used 21136K [0x0000000081e00000, 0x0000000100000000)
  region size 1024K, 4 young (4096K), 4 survivors (4096K)
 Metaspace       used 44781K, committed 45248K, reserved 1114112K
  class space    used 5695K, committed 5888K, reserved 1048576K
}
Event: 19.197 GC heap before
{Heap before GC invocations=10 (full 0):
 garbage-first heap   total 51200K, used 42640K [0x0000000081e00000, 0x0000000100000000)
  region size 1024K, 25 young (25600K), 4 survivors (4096K)
 Metaspace       used 51380K, committed 51904K, reserved 1114112K
  class space    used 6739K, committed 6976K, reserved 1048576K
}
Event: 19.224 GC heap after
{Heap after GC invocations=11 (full 0):
 garbage-first heap   total 51200K, used 22218K [0x0000000081e00000, 0x0000000100000000)
  region size 1024K, 2 young (2048K), 2 survivors (2048K)
 Metaspace       used 51380K, committed 51904K, reserved 1114112K
  class space    used 6739K, committed 6976K, reserved 1048576K
}
Event: 20.518 GC heap before
{Heap before GC invocations=11 (full 0):
 garbage-first heap   total 51200K, used 42698K [0x0000000081e00000, 0x0000000100000000)
  region size 1024K, 22 young (22528K), 2 survivors (2048K)
 Metaspace       used 55371K, committed 55936K, reserved 1114112K
  class space    used 7247K, committed 7488K, reserved 1048576K
}
Event: 20.526 GC heap after
{Heap after GC invocations=12 (full 0):
 garbage-first heap   total 51200K, used 23236K [0x0000000081e00000, 0x0000000100000000)
  region size 1024K, 3 young (3072K), 3 survivors (3072K)
 Metaspace       used 55371K, committed 55936K, reserved 1114112K
  class space    used 7247K, committed 7488K, reserved 1048576K
}
Event: 22.059 GC heap before
{Heap before GC invocations=12 (full 0):
 garbage-first heap   total 51200K, used 43716K [0x0000000081e00000, 0x0000000100000000)
  region size 1024K, 23 young (23552K), 3 survivors (3072K)
 Metaspace       used 58524K, committed 59136K, reserved 1114112K
  class space    used 7656K, committed 7936K, reserved 1048576K
}
Event: 22.070 GC heap after
{Heap after GC invocations=13 (full 0):
 garbage-first heap   total 51200K, used 24601K [0x0000000081e00000, 0x0000000100000000)
  region size 1024K, 3 young (3072K), 3 survivors (3072K)
 Metaspace       used 58524K, committed 59136K, reserved 1114112K
  class space    used 7656K, committed 7936K, reserved 1048576K
}
Event: 23.144 GC heap before
{Heap before GC invocations=13 (full 0):
 garbage-first heap   total 51200K, used 33817K [0x0000000081e00000, 0x0000000100000000)
  region size 1024K, 13 young (13312K), 3 survivors (3072K)
 Metaspace       used 60380K, committed 60928K, reserved 1114112K
  class space    used 8005K, committed 8256K, reserved 1048576K
}
Event: 23.154 GC heap after
{Heap after GC invocations=14 (full 0):
 garbage-first heap   total 51200K, used 25220K [0x0000000081e00000, 0x0000000100000000)
  region size 1024K, 2 young (2048K), 2 survivors (2048K)
 Metaspace       used 60380K, committed 60928K, reserved 1114112K
  class space    used 8005K, committed 8256K, reserved 1048576K
}
Event: 23.842 GC heap before
{Heap before GC invocations=15 (full 0):
 garbage-first heap   total 51200K, used 45700K [0x0000000081e00000, 0x0000000100000000)
  region size 1024K, 22 young (22528K), 2 survivors (2048K)
 Metaspace       used 60603K, committed 61184K, reserved 1114112K
  class space    used 8067K, committed 8320K, reserved 1048576K
}
Event: 23.855 GC heap after
{Heap after GC invocations=16 (full 0):
 garbage-first heap   total 51200K, used 27833K [0x0000000081e00000, 0x0000000100000000)
  region size 1024K, 3 young (3072K), 3 survivors (3072K)
 Metaspace       used 60603K, committed 61184K, reserved 1114112K
  class space    used 8067K, committed 8320K, reserved 1048576K
}
Event: 25.508 GC heap before
{Heap before GC invocations=16 (full 0):
 garbage-first heap   total 51200K, used 43193K [0x0000000081e00000, 0x0000000100000000)
  region size 1024K, 19 young (19456K), 3 survivors (3072K)
 Metaspace       used 62273K, committed 62848K, reserved 1114112K
  class space    used 8305K, committed 8576K, reserved 1048576K
}
Event: 25.514 GC heap after
{Heap after GC invocations=17 (full 0):
 garbage-first heap   total 51200K, used 27198K [0x0000000081e00000, 0x0000000100000000)
  region size 1024K, 2 young (2048K), 2 survivors (2048K)
 Metaspace       used 62273K, committed 62848K, reserved 1114112K
  class space    used 8305K, committed 8576K, reserved 1048576K
}
Event: 26.008 GC heap before
{Heap before GC invocations=17 (full 0):
 garbage-first heap   total 51200K, used 44606K [0x0000000081e00000, 0x0000000100000000)
  region size 1024K, 19 young (19456K), 2 survivors (2048K)
 Metaspace       used 63373K, committed 64000K, reserved 1114112K
  class space    used 8461K, committed 8768K, reserved 1048576K
}
Event: 26.012 GC heap after
{Heap after GC invocations=18 (full 0):
 garbage-first heap   total 51200K, used 27962K [0x0000000081e00000, 0x0000000100000000)
  region size 1024K, 2 young (2048K), 2 survivors (2048K)
 Metaspace       used 63373K, committed 64000K, reserved 1114112K
  class space    used 8461K, committed 8768K, reserved 1048576K
}
Event: 27.346 GC heap before
{Heap before GC invocations=19 (full 0):
 garbage-first heap   total 51200K, used 45370K [0x0000000081e00000, 0x0000000100000000)
  region size 1024K, 19 young (19456K), 2 survivors (2048K)
 Metaspace       used 64792K, committed 65472K, reserved 1114112K
  class space    used 8654K, committed 8960K, reserved 1048576K
}
Event: 27.353 GC heap after
{Heap after GC invocations=20 (full 0):
 garbage-first heap   total 51200K, used 29255K [0x0000000081e00000, 0x0000000100000000)
  region size 1024K, 3 young (3072K), 3 survivors (3072K)
 Metaspace       used 64792K, committed 65472K, reserved 1114112K
  class space    used 8654K, committed 8960K, reserved 1048576K
}
Event: 608.887 GC heap before
{Heap before GC invocations=20 (full 0):
 garbage-first heap   total 51200K, used 43591K [0x0000000081e00000, 0x0000000100000000)
  region size 1024K, 17 young (17408K), 3 survivors (3072K)
 Metaspace       used 67095K, committed 67840K, reserved 1114112K
  class space    used 8935K, committed 9280K, reserved 1048576K
}

Dll operation events (14 events):
Event: 0.069 Loaded shared library C:\Program Files\Java\jdk-20\bin\java.dll
Event: 0.249 Loaded shared library C:\Program Files\Java\jdk-20\bin\jsvml.dll
Event: 0.796 Loaded shared library C:\Program Files\Java\jdk-20\bin\zip.dll
Event: 0.807 Loaded shared library C:\Program Files\Java\jdk-20\bin\instrument.dll
Event: 0.822 Loaded shared library C:\Program Files\Java\jdk-20\bin\net.dll
Event: 0.826 Loaded shared library C:\Program Files\Java\jdk-20\bin\nio.dll
Event: 0.835 Loaded shared library C:\Program Files\Java\jdk-20\bin\zip.dll
Event: 1.737 Loaded shared library C:\Program Files\JetBrains\IntelliJ IDEA Community Edition 2023.1.2\bin\breakgen64.dll
Event: 1.818 Loaded shared library C:\Program Files\Java\jdk-20\bin\extnet.dll
Event: 1.998 Loaded shared library C:\Program Files\Java\jdk-20\bin\jimage.dll
Event: 5.024 Loaded shared library C:\Program Files\Java\jdk-20\bin\verify.dll
Event: 13.703 Loaded shared library C:\Program Files\Java\jdk-20\bin\sunmscapi.dll
Event: 13.732 Loaded shared library C:\Program Files\Java\jdk-20\bin\management.dll
Event: 13.736 Loaded shared library C:\Program Files\Java\jdk-20\bin\management_ext.dll

Deoptimization events (20 events):
Event: 28.161 Thread 0x000002239db3b490 DEOPT PACKING pc=0x00000223ad74c684 sp=0x00000040b8ffbfc0
Event: 28.161 Thread 0x000002239db3b490 DEOPT UNPACKING pc=0x00000223ad1a9d22 sp=0x00000040b8ffbf38 mode 2
Event: 28.161 Thread 0x000002239db3b490 Uncommon trap: trap_request=0xffffffde fr.pc=0x00000223ad74c684 relative=0x0000000000000164
Event: 28.161 Thread 0x000002239db3b490 Uncommon trap: reason=class_check action=maybe_recompile pc=0x00000223ad74c684 method=org.springframework.boot.context.properties.source.ConfigurationPropertyName$Elements.charAt(II)C @ 43 c2
Event: 28.161 Thread 0x000002239db3b490 DEOPT PACKING pc=0x00000223ad74c684 sp=0x00000040b8ffbfc0
Event: 28.161 Thread 0x000002239db3b490 DEOPT UNPACKING pc=0x00000223ad1a9d22 sp=0x00000040b8ffbf38 mode 2
Event: 28.378 Thread 0x000002239db3b490 Uncommon trap: trap_request=0xffffffbe fr.pc=0x00000223ad8c6588 relative=0x0000000000003388
Event: 28.378 Thread 0x000002239db3b490 Uncommon trap: reason=profile_predicate action=maybe_recompile pc=0x00000223ad8c6588 method=org.springframework.core.annotation.AnnotationsScanner.processClassInheritedAnnotations(Ljava/lang/Object;Ljava/lang/Class;Lorg/springframework/core/annotation/Mer
Event: 28.378 Thread 0x000002239db3b490 DEOPT PACKING pc=0x00000223ad8c6588 sp=0x00000040b8ffefb0
Event: 28.378 Thread 0x000002239db3b490 DEOPT UNPACKING pc=0x00000223ad1a9d22 sp=0x00000040b8ffeda8 mode 2
Event: 28.378 Thread 0x000002239db3b490 Uncommon trap: trap_request=0xffffff45 fr.pc=0x00000223ad8c5a7c relative=0x000000000000287c
Event: 28.378 Thread 0x000002239db3b490 Uncommon trap: reason=unstable_if action=reinterpret pc=0x00000223ad8c5a7c method=org.springframework.core.annotation.AnnotationsScanner.processClassInheritedAnnotations(Ljava/lang/Object;Ljava/lang/Class;Lorg/springframework/core/annotation/MergedAnnotat
Event: 28.378 Thread 0x000002239db3b490 DEOPT PACKING pc=0x00000223ad8c5a7c sp=0x00000040b8ffefb0
Event: 28.378 Thread 0x000002239db3b490 DEOPT UNPACKING pc=0x00000223ad1a9d22 sp=0x00000040b8ffedb0 mode 2
Event: 28.523 Thread 0x000002239db3b490 DEOPT PACKING pc=0x00000223a5c958c0 sp=0x00000040b8ffe140
Event: 28.523 Thread 0x000002239db3b490 DEOPT UNPACKING pc=0x00000223ad1aa4c2 sp=0x00000040b8ffd5b8 mode 0
Event: 28.557 Thread 0x000002239db3b490 Uncommon trap: trap_request=0xffffffde fr.pc=0x00000223ad878ea0 relative=0x00000000000000a0
Event: 28.557 Thread 0x000002239db3b490 Uncommon trap: reason=class_check action=maybe_recompile pc=0x00000223ad878ea0 method=java.util.Collections$2.tryAdvance(Ljava/util/function/Consumer;)Z @ 29 c2
Event: 28.557 Thread 0x000002239db3b490 DEOPT PACKING pc=0x00000223ad878ea0 sp=0x00000040b8fff300
Event: 28.557 Thread 0x000002239db3b490 DEOPT UNPACKING pc=0x00000223ad1a9d22 sp=0x00000040b8fff230 mode 2

Classes loaded (20 events):
Event: 608.737 Loading class sun/nio/ch/SocketAdaptor
Event: 608.738 Loading class sun/nio/ch/SocketAdaptor done
Event: 608.738 Loading class sun/nio/ch/SocketChannelImpl$DefaultOptionsHolder
Event: 608.739 Loading class sun/nio/ch/SocketChannelImpl$DefaultOptionsHolder done
Event: 608.740 Loading class sun/nio/ch/SelectionKeyImpl
Event: 608.741 Loading class java/nio/channels/spi/AbstractSelectionKey
Event: 608.741 Loading class java/nio/channels/SelectionKey
Event: 608.742 Loading class java/nio/channels/SelectionKey done
Event: 608.742 Loading class java/nio/channels/spi/AbstractSelectionKey done
Event: 608.742 Loading class sun/nio/ch/SelectionKeyImpl done
Event: 608.742 Loading class java/lang/invoke/ConstantBootstraps
Event: 608.743 Loading class java/lang/invoke/ConstantBootstraps done
Event: 608.866 Loading class sun/nio/cs/ThreadLocalCoders
Event: 608.867 Loading class sun/nio/cs/ThreadLocalCoders done
Event: 608.867 Loading class sun/nio/cs/ThreadLocalCoders$1
Event: 608.867 Loading class sun/nio/cs/ThreadLocalCoders$Cache
Event: 608.867 Loading class sun/nio/cs/ThreadLocalCoders$Cache done
Event: 608.867 Loading class sun/nio/cs/ThreadLocalCoders$1 done
Event: 608.867 Loading class sun/nio/cs/ThreadLocalCoders$2
Event: 608.867 Loading class sun/nio/cs/ThreadLocalCoders$2 done

Classes unloaded (0 events):
No events

Classes redefined (0 events):
No events

Internal exceptions (20 events):
Event: 20.946 Thread 0x000002239db3b490 Implicit null exception at 0x00000223ad8cf13e to 0x00000223ad8cf165
Event: 21.310 Thread 0x000002239db3b490 Exception <a 'java/lang/IncompatibleClassChangeError'{0x00000000847bbdc0}: Found class java.lang.Object, but interface was expected> (0x00000000847bbdc0) 
thrown [s\open\src\hotspot\share\interpreter\linkResolver.cpp, line 840]
Event: 21.810 Thread 0x000002239db3b490 Exception <a 'java/lang/IncompatibleClassChangeError'{0x0000000083ff3d20}: Found class java.lang.Object, but interface was expected> (0x0000000083ff3d20) 
thrown [s\open\src\hotspot\share\interpreter\linkResolver.cpp, line 840]
Event: 21.810 Thread 0x000002239db3b490 Exception <a 'java/lang/IncompatibleClassChangeError'{0x0000000083ffa668}: Found class java.lang.Object, but interface was expected> (0x0000000083ffa668) 
thrown [s\open\src\hotspot\share\interpreter\linkResolver.cpp, line 840]
Event: 22.024 Thread 0x000002239db3b490 Exception <a 'java/lang/NoSuchMethodError'{0x0000000083c1a6a0}: 'void java.lang.invoke.Invokers$Holder.invokeExact_MT(java.lang.Object, java.lang.Object, java.lang.Object, java.lang.Object)'> (0x0000000083c1a6a0) 
thrown [s\open\src\hotspot\share\interpreter\linkResolver.cpp, line 773]
Event: 22.313 Thread 0x000002239db3b490 Exception <a 'java/lang/NoSuchMethodError'{0x0000000086c6c848}: 'int java.lang.invoke.DirectMethodHandle$Holder.invokeStatic(java.lang.Object, int, java.lang.Object)'> (0x0000000086c6c848) 
thrown [s\open\src\hotspot\share\interpreter\linkResolver.cpp, line 773]
Event: 24.109 Thread 0x000002239db3b490 Exception <a 'java/lang/NoSuchMethodError'{0x0000000086e8ab70}: 'int java.lang.invoke.DirectMethodHandle$Holder.invokeStatic(java.lang.Object)'> (0x0000000086e8ab70) 
thrown [s\open\src\hotspot\share\interpreter\linkResolver.cpp, line 773]
Event: 24.911 Thread 0x000002239db3b490 Exception <a 'java/lang/NoSuchMethodError'{0x0000000086b972a0}: 'long java.lang.invoke.DirectMethodHandle$Holder.invokeVirtual(java.lang.Object, java.lang.Object)'> (0x0000000086b972a0) 
thrown [s\open\src\hotspot\share\interpreter\linkResolver.cpp, line 773]
Event: 25.318 Thread 0x000002239db3b490 Implicit null exception at 0x00000223ad79f3a8 to 0x00000223ad79f45e
Event: 25.669 Thread 0x000002239db3b490 Exception <a 'java/lang/NoSuchMethodError'{0x0000000084317930}: 'java.lang.Object java.lang.invoke.DirectMethodHandle$Holder.newInvokeSpecial(java.lang.Object, java.lang.Object, java.lang.Object, java.lang.Object, java.lang.Object, java.lang.Object, java.lang.Object, java.lang.Object)'> (0x0000000084317930) 
thrown [s\open\src\hotspot\share\interpreter\linkResolver.cpp, line 773]
Event: 26.874 Thread 0x000002239db3b490 Exception <a 'java/lang/IncompatibleClassChangeError'{0x000000008699b700}: Found class java.lang.Object, but interface was expected> (0x000000008699b700) 
thrown [s\open\src\hotspot\share\interpreter\linkResolver.cpp, line 840]
Event: 27.296 Thread 0x000002239db3b490 Implicit null exception at 0x00000223ad7ea6c8 to 0x00000223ad7ea8e4
Event: 27.635 Thread 0x000002239db3b490 Exception <a 'java/lang/NoSuchMethodError'{0x0000000086eb4478}: 'void java.lang.invoke.DirectMethodHandle$Holder.invokeVirtual(java.lang.Object, java.lang.Object, long)'> (0x0000000086eb4478) 
thrown [s\open\src\hotspot\share\interpreter\linkResolver.cpp, line 773]
Event: 28.123 Thread 0x000002239db3b490 Exception <a 'java/lang/NoSuchMethodError'{0x0000000086bb4498}: 'int java.lang.invoke.DirectMethodHandle$Holder.invokeStaticInit(java.lang.Object, java.lang.Object, java.lang.Object, java.lang.Object)'> (0x0000000086bb4498) 
thrown [s\open\src\hotspot\share\interpreter\linkResolver.cpp, line 773]
Event: 28.394 Thread 0x000002239db3b490 Exception <a 'java/lang/NoSuchMethodError'{0x000000008451dc40}: 'java.lang.Object java.lang.invoke.DirectMethodHandle$Holder.newInvokeSpecial(java.lang.Object, java.lang.Object, int, java.lang.Object, java.lang.Object)'> (0x000000008451dc40) 
thrown [s\open\src\hotspot\share\interpreter\linkResolver.cpp, line 773]
Event: 28.396 Thread 0x000002239db3b490 Exception <a 'java/lang/NoSuchMethodError'{0x0000000084528778}: 'java.lang.Object java.lang.invoke.DirectMethodHandle$Holder.invokeSpecial(java.lang.Object, java.lang.Object, int, java.lang.Object, int, java.lang.Object)'> (0x0000000084528778) 
thrown [s\open\src\hotspot\share\interpreter\linkResolver.cpp, line 773]
Event: 28.397 Thread 0x000002239db3b490 Exception <a 'java/lang/NoSuchMethodError'{0x000000008452fe98}: 'java.lang.Object java.lang.invoke.DirectMethodHandle$Holder.newInvokeSpecial(java.lang.Object, java.lang.Object, int, java.lang.Object, int)'> (0x000000008452fe98) 
thrown [s\open\src\hotspot\share\interpreter\linkResolver.cpp, line 773]
Event: 28.413 Thread 0x000002239db3b490 Exception <a 'java/lang/NoSuchMethodError'{0x0000000084533cc0}: 'java.lang.Object java.lang.invoke.DirectMethodHandle$Holder.invokeSpecial(java.lang.Object, java.lang.Object, java.lang.Object, int, java.lang.Object, int)'> (0x0000000084533cc0) 
thrown [s\open\src\hotspot\share\interpreter\linkResolver.cpp, line 773]
Event: 608.860 Thread 0x0000022382907160 Exception <a 'java/lang/NoSuchMethodError'{0x0000000084299058}: 'java.lang.Object java.lang.invoke.DirectMethodHandle$Holder.invokeSpecial(java.lang.Object, java.lang.Object, java.lang.Object, java.lang.Object, java.lang.Object, long)'> (0x0000000084299058) 
thrown [s\open\src\hotspot\share\interpreter\linkResolver.cpp, line 773]
Event: 608.861 Thread 0x0000022382907160 Exception <a 'java/lang/NoSuchMethodError'{0x000000008429c7d0}: 'java.lang.Object java.lang.invoke.Invokers$Holder.linkToTargetMethod(java.lang.Object, java.lang.Object, java.lang.Object, long, java.lang.Object)'> (0x000000008429c7d0) 
thrown [s\open\src\hotspot\share\interpreter\linkResolver.cpp, line 773]

VM Operations (20 events):
Event: 192.528 Executing VM operation: Cleanup done
Event: 202.597 Executing VM operation: Cleanup
Event: 202.597 Executing VM operation: Cleanup done
Event: 225.845 Executing VM operation: Cleanup
Event: 225.845 Executing VM operation: Cleanup done
Event: 227.856 Executing VM operation: Cleanup
Event: 227.856 Executing VM operation: Cleanup done
Event: 243.018 Executing VM operation: Cleanup
Event: 243.018 Executing VM operation: Cleanup done
Event: 245.039 Executing VM operation: Cleanup
Event: 245.039 Executing VM operation: Cleanup done
Event: 292.520 Executing VM operation: Cleanup
Event: 292.520 Executing VM operation: Cleanup done
Event: 435.808 Executing VM operation: Cleanup
Event: 435.808 Executing VM operation: Cleanup done
Event: 445.880 Executing VM operation: Cleanup
Event: 445.880 Executing VM operation: Cleanup done
Event: 473.131 Executing VM operation: Cleanup
Event: 473.131 Executing VM operation: Cleanup done
Event: 608.887 Executing VM operation: G1CollectForAllocation

Events (20 events):
Event: 26.113 Thread 0x00000223b9c59b30 flushing nmethod 0x00000223ad721010
Event: 26.113 Thread 0x00000223b9c59b30 flushing nmethod 0x00000223ad71a090
Event: 26.113 Thread 0x00000223b9c59b30 flushing nmethod 0x00000223ad720210
Event: 26.113 Thread 0x00000223b9c59b30 flushing nmethod 0x00000223ad6edf10
Event: 26.243 Thread 0x00000223806b10e0 Thread added: 0x00000223806b10e0
Event: 28.441 Thread 0x0000022382907160 Thread added: 0x0000022382907160
Event: 28.441 Thread 0x00000223829086a0 Thread added: 0x00000223829086a0
Event: 28.441 Thread 0x00000223829076b0 Thread added: 0x00000223829076b0
Event: 28.442 Thread 0x000002238290cbb0 Thread added: 0x000002238290cbb0
Event: 28.442 Thread 0x0000022382906170 Thread added: 0x0000022382906170
Event: 28.442 Thread 0x0000022382905c20 Thread added: 0x0000022382905c20
Event: 28.442 Thread 0x0000022382909140 Thread added: 0x0000022382909140
Event: 28.442 Thread 0x000002238290c110 Thread added: 0x000002238290c110
Event: 28.442 Thread 0x0000022382908bf0 Thread added: 0x0000022382908bf0
Event: 28.442 Thread 0x0000022382907c00 Thread added: 0x0000022382907c00
Event: 28.528 Thread 0x00000223829066c0 Thread added: 0x00000223829066c0
Event: 28.530 Thread 0x000002238290b670 Thread added: 0x000002238290b670
Event: 28.582 Thread 0x000002239db3b490 Thread exited: 0x000002239db3b490
Event: 28.582 Thread 0x0000022382906c10 Thread added: 0x0000022382906c10
Event: 29.645 Thread 0x00000223806b10e0 Thread exited: 0x00000223806b10e0


Dynamic libraries:
0x00007ff6b6710000 - 0x00007ff6b6720000 	C:\Program Files\Java\jdk-20\bin\java.exe
0x00007ffcf9890000 - 0x00007ffcf9a88000 	C:\Windows\SYSTEM32\ntdll.dll
0x00007ffcf7b80000 - 0x00007ffcf7c3d000 	C:\Windows\System32\KERNEL32.DLL
0x00007ffcf7550000 - 0x00007ffcf7846000 	C:\Windows\System32\KERNELBASE.dll
0x00007ffcf7050000 - 0x00007ffcf7150000 	C:\Windows\System32\ucrtbase.dll
0x00007ffce3c80000 - 0x00007ffce3c99000 	C:\Program Files\Java\jdk-20\bin\jli.dll
0x00007ffcf8160000 - 0x00007ffcf820f000 	C:\Windows\System32\ADVAPI32.dll
0x00007ffcf80c0000 - 0x00007ffcf815e000 	C:\Windows\System32\msvcrt.dll
0x00007ffcf7940000 - 0x00007ffcf79dc000 	C:\Windows\System32\sechost.dll
0x00007ffcf7dd0000 - 0x00007ffcf7ef6000 	C:\Windows\System32\RPCRT4.dll
0x00007ffcf8350000 - 0x00007ffcf84ee000 	C:\Windows\System32\USER32.dll
0x00007ffcf7520000 - 0x00007ffcf7542000 	C:\Windows\System32\win32u.dll
0x00007ffcf78f0000 - 0x00007ffcf791c000 	C:\Windows\System32\GDI32.dll
0x00007ffcf7400000 - 0x00007ffcf751a000 	C:\Windows\System32\gdi32full.dll
0x00007ffcf7850000 - 0x00007ffcf78ed000 	C:\Windows\System32\msvcp_win.dll
0x00007ffcd9ba0000 - 0x00007ffcd9bbb000 	C:\Program Files\Java\jdk-20\bin\VCRUNTIME140.dll
0x00007ffce7d40000 - 0x00007ffce7fda000 	C:\Windows\WinSxS\amd64_microsoft.windows.common-controls_6595b64144ccf1df_6.0.19041.3636_none_60b6a03d71f818d5\COMCTL32.dll
0x00007ffcead30000 - 0x00007ffcead3a000 	C:\Windows\SYSTEM32\VERSION.dll
0x00007ffcf8bb0000 - 0x00007ffcf8be0000 	C:\Windows\System32\IMM32.DLL
0x00007ffce7fe0000 - 0x00007ffce7fec000 	C:\Program Files\Java\jdk-20\bin\vcruntime140_1.dll
0x00007ffc72d00000 - 0x00007ffc72d8e000 	C:\Program Files\Java\jdk-20\bin\msvcp140.dll
0x00007ffc5f350000 - 0x00007ffc5ffe8000 	C:\Program Files\Java\jdk-20\bin\server\jvm.dll
0x00007ffcf16d0000 - 0x00007ffcf16d9000 	C:\Windows\SYSTEM32\WSOCK32.dll
0x00007ffcf7d00000 - 0x00007ffcf7d6b000 	C:\Windows\System32\WS2_32.dll
0x00007ffce9f40000 - 0x00007ffce9f67000 	C:\Windows\SYSTEM32\WINMM.dll
0x00007ffcf5780000 - 0x00007ffcf5792000 	C:\Windows\SYSTEM32\kernel.appcore.dll
0x00007ffcd5020000 - 0x00007ffcd502a000 	C:\Program Files\Java\jdk-20\bin\jimage.dll
0x00007ffce4e60000 - 0x00007ffce5044000 	C:\Windows\SYSTEM32\DBGHELP.DLL
0x00007ffce4e20000 - 0x00007ffce4e54000 	C:\Windows\SYSTEM32\dbgcore.DLL
0x00007ffcf7210000 - 0x00007ffcf7292000 	C:\Windows\System32\bcryptPrimitives.dll
0x00007ffcdd5a0000 - 0x00007ffcdd5ae000 	C:\Program Files\Java\jdk-20\bin\instrument.dll
0x00007ffc752f0000 - 0x00007ffc75316000 	C:\Program Files\Java\jdk-20\bin\java.dll
0x00007ffc6fc50000 - 0x00007ffc6fd27000 	C:\Program Files\Java\jdk-20\bin\jsvml.dll
0x00007ffcf8cc0000 - 0x00007ffcf9404000 	C:\Windows\System32\SHELL32.dll
0x00007ffcf4a40000 - 0x00007ffcf51db000 	C:\Windows\SYSTEM32\windows.storage.dll
0x00007ffcf94f0000 - 0x00007ffcf9844000 	C:\Windows\System32\combase.dll
0x00007ffcf6800000 - 0x00007ffcf682d000 	C:\Windows\SYSTEM32\Wldp.dll
0x00007ffcf79e0000 - 0x00007ffcf7a8d000 	C:\Windows\System32\SHCORE.dll
0x00007ffcf9490000 - 0x00007ffcf94e5000 	C:\Windows\System32\shlwapi.dll
0x00007ffcf6ea0000 - 0x00007ffcf6ec5000 	C:\Windows\SYSTEM32\profapi.dll
0x00007ffc6fc10000 - 0x00007ffc6fc28000 	C:\Program Files\Java\jdk-20\bin\zip.dll
0x00007ffc752d0000 - 0x00007ffc752e3000 	C:\Program Files\Java\jdk-20\bin\net.dll
0x00007ffcee670000 - 0x00007ffcee77a000 	C:\Windows\SYSTEM32\WINHTTP.dll
0x00007ffcf65e0000 - 0x00007ffcf664a000 	C:\Windows\system32\mswsock.dll
0x00007ffc6fc30000 - 0x00007ffc6fc46000 	C:\Program Files\Java\jdk-20\bin\nio.dll
0x00007ffcd2d90000 - 0x00007ffcd2daa000 	C:\Program Files\JetBrains\IntelliJ IDEA Community Edition 2023.1.2\bin\breakgen64.dll
0x00007ffcc9a50000 - 0x00007ffcc9a57000 	C:\Program Files\Java\jdk-20\bin\extnet.dll
0x00007ffcbf9a0000 - 0x00007ffcbf9b0000 	C:\Program Files\Java\jdk-20\bin\verify.dll
0x00007ffcf6840000 - 0x00007ffcf6858000 	C:\Windows\SYSTEM32\CRYPTSP.dll
0x00007ffcf5f30000 - 0x00007ffcf5f64000 	C:\Windows\system32\rsaenh.dll
0x00007ffcf7020000 - 0x00007ffcf7047000 	C:\Windows\System32\bcrypt.dll
0x00007ffcf6e60000 - 0x00007ffcf6e8e000 	C:\Windows\SYSTEM32\USERENV.dll
0x00007ffcf6770000 - 0x00007ffcf677c000 	C:\Windows\SYSTEM32\CRYPTBASE.dll
0x00007ffcf62f0000 - 0x00007ffcf632b000 	C:\Windows\SYSTEM32\IPHLPAPI.DLL
0x00007ffcf8340000 - 0x00007ffcf8348000 	C:\Windows\System32\NSI.dll
0x00007ffcef590000 - 0x00007ffcef5a7000 	C:\Windows\SYSTEM32\dhcpcsvc6.DLL
0x00007ffcef530000 - 0x00007ffcef54d000 	C:\Windows\SYSTEM32\dhcpcsvc.DLL
0x00007ffcf6330000 - 0x00007ffcf63fa000 	C:\Windows\SYSTEM32\DNSAPI.dll
0x00007ffce9910000 - 0x00007ffce991e000 	C:\Program Files\Java\jdk-20\bin\sunmscapi.dll
0x00007ffcf72a0000 - 0x00007ffcf73fd000 	C:\Windows\System32\CRYPT32.dll
0x00007ffcf6950000 - 0x00007ffcf6977000 	C:\Windows\SYSTEM32\ncrypt.dll
0x00007ffcf6910000 - 0x00007ffcf694b000 	C:\Windows\SYSTEM32\NTASN1.dll
0x00007ffcf1690000 - 0x00007ffcf169a000 	C:\Program Files\Java\jdk-20\bin\management.dll
0x00007ffcf1680000 - 0x00007ffcf168b000 	C:\Program Files\Java\jdk-20\bin\management_ext.dll
0x00007ffcf7cf0000 - 0x00007ffcf7cf8000 	C:\Windows\System32\PSAPI.DLL
0x00007ffcea8d0000 - 0x00007ffcea8da000 	C:\Windows\System32\rasadhlp.dll
0x00007ffcee2e0000 - 0x00007ffcee360000 	C:\Windows\System32\fwpuclnt.dll
0x00007ffcd2960000 - 0x00007ffcd2967000 	C:\Windows\system32\wshunix.dll

dbghelp: loaded successfully - version: 4.0.5 - missing functions: none
symbol engine: initialized successfully - sym options: 0x614 - pdb path: .;C:\Program Files\Java\jdk-20\bin;C:\Windows\SYSTEM32;C:\Windows\WinSxS\amd64_microsoft.windows.common-controls_6595b64144ccf1df_6.0.19041.3636_none_60b6a03d71f818d5;C:\Program Files\Java\jdk-20\bin\server;C:\Program Files\JetBrains\IntelliJ IDEA Community Edition 2023.1.2\bin

VM Arguments:
jvm_args: -javaagent:C:\Program Files\JetBrains\IntelliJ IDEA Community Edition 2023.1.2\lib\idea_rt.jar=52694:C:\Program Files\JetBrains\IntelliJ IDEA Community Edition 2023.1.2\bin -Dfile.encoding=UTF-8 -Dsun.stdout.encoding=UTF-8 -Dsun.stderr.encoding=UTF-8 
java_command: com.exam.SecurityApplication
java_class_path (initial): G:\Project\ExamsBackEnd\BackEnd\ExamServer_Springboot\target\classes;C:\Users\D e r r y\.m2\repository\org\springframework\boot\spring-boot-starter-security\3.0.4\spring-boot-starter-security-3.0.4.jar;C:\Users\D e r r y\.m2\repository\org\springframework\boot\spring-boot-starter\3.0.1\spring-boot-starter-3.0.1.jar;C:\Users\D e r r y\.m2\repository\org\springframework\boot\spring-boot\3.0.1\spring-boot-3.0.1.jar;C:\Users\D e r r y\.m2\repository\org\springframework\boot\spring-boot-autoconfigure\3.0.1\spring-boot-autoconfigure-3.0.1.jar;C:\Users\D e r r y\.m2\repository\org\springframework\boot\spring-boot-starter-logging\3.0.1\spring-boot-starter-logging-3.0.1.jar;C:\Users\D e r r y\.m2\repository\ch\qos\logback\logback-classic\1.4.5\logback-classic-1.4.5.jar;C:\Users\D e r r y\.m2\repository\ch\qos\logback\logback-core\1.4.5\logback-core-1.4.5.jar;C:\Users\D e r r y\.m2\repository\org\apache\logging\log4j\log4j-to-slf4j\2.19.0\log4j-to-slf4j-2.19.0.jar;C:\Users\D e r r y\.m2\repository\org\apache\logging\log4j\log4j-api\2.19.0\log4j-api-2.19.0.jar;C:\Users\D e r r y\.m2\repository\org\slf4j\jul-to-slf4j\2.0.6\jul-to-slf4j-2.0.6.jar;C:\Users\D e r r y\.m2\repository\jakarta\annotation\jakarta.annotation-api\2.1.1\jakarta.annotation-api-2.1.1.jar;C:\Users\D e r r y\.m2\repository\org\yaml\snakeyaml\1.33\snakeyaml-1.33.jar;C:\Users\D e r r y\.m2\repository\org\springframework\spring-aop\6.0.3\spring-aop-6.0.3.jar;C:\Users\D e r r y\.m2\repository\org\springframework\security\spring-security-config\6.0.1\spring-security-config-6.0.1.jar;C:\Users\D e r r y\.m2\repository\org\springframework\security\spring-security-web\6.0.1\spring-security-web-6.0.1.jar;C:\Users\D e r r y\.m2\repository\org\springframework\boot\spring-boot-starter-web\3.1.0\spring-boot-starter-web-3.1.0.jar;C:\Users\D e r r y\.m2\repository\org\springframework\boot\spring-boot-starter-json\3.0.1\spring-boot-starter-json-3.0.1.jar;C:\Users\D e r r y\.m2\repository\com\fasterxml\jackson\datatype\jackson-datatype-jdk8\2.14.1\jackson-datatype-jdk8-2.14.1.jar;C:\Users\D e r r y\.m2\repository\com\fasterxml\jackson\datatype\jackson-datatype-jsr310\2.14.1\jackson-datatype-jsr310-2.14.1.jar;C:\Users\D e r r y\.m2\repository\com\fasterxml\jackson\module\jackson-module-parameter-names\2.14.1\jackson-module-parameter-names-2.14.1.jar;C:\Users\D e r r y\.m2\repository\org\springframework\boot\spring-boot-starter-tomcat\3.0.1\spring-boot-starter-tomcat-3.0.1.jar;C:\Users\D e r r y\.m2\repository\org\apache\tomcat\embed\tomcat-embed-core\10.1.4\tomcat-embed-core-10.1.4.jar;C:\Users\D e r r y\.m2\repository\org\apache\tomcat\embed\tomcat-embed-el\10.1.4\tomcat-embed-el-10.1.4.jar;C:\Users\D e r r y\.m2\repository\org\apache\tomcat\embed\tomcat-embed-websocket\10.1.4\tomcat-embed-websocket-10.1.4.jar;C:\Users\D e r r y\.m2\repository\org\springframework\spring-web\6.0.3\spring-web-6.0.3.jar;C:\Users\D e r r y\.m2\repository\io\micrometer\micrometer-observation\1.10.2\micrometer-observation-1.10.2.jar;C:\Users\D e r r y\.m2\repository\io\micrometer\micrometer-commons\1.10.2\micrometer-commons-1.10.2.jar;C:\Users\D e r r y\.m2\repository\org\springframework\spring-webmvc\6.0.3\spring-webmvc-6.0.3.jar;C:\Users\D e r r y\.m2\repository\com\mysql\mysql-connector-j\8.0.32\mysql-connector-j-8.0.32.jar;C:\Users\D e r r y\.m2\repository\org\springframework\boot\spring-boot-starter-data-jpa\3.0.4\spring-boot-starter-data-jpa-3.0.4.jar;C:\Users\D e r r y\.m2\repository\org\springframework\boot\spring-boot-starter-aop\3.0.1\spring-boot-starter-aop-3.0.1.jar;C:\Users\D e r r y\.m2\repository\org\aspectj\aspectjweaver\1.9.19\aspectjweaver-1.9.19.jar;C:\Users\D e r r y\.m2\repository\org\springframework\boot\spring-boot-starter-jdbc\3.0.1\spring-boot-starter-jdbc-3.0.1.jar;C:\Users\D e r r y\.m2\repository\com\zaxxer\HikariCP\5.0.1\HikariCP-5.0.1.jar;C:\Users\D e r r y\.m2\repository\org\springframework\spring-jdbc\6.0.3\spring-jdbc-6.0.3.jar;C:\Users\D e r r y\.m2\repository\org\hibernate\orm\hibernate-core\6.1.6.Final\hibernate-core-6.1.6.Final.jar;C:\Users\D e r r y\.m2\repository\jakarta\persistence\jakarta.persistence-api\3.1.0\jakarta.persistence-api-3.1.0.jar;C:\Users\D e r r y\.m2\repository\jakarta\transaction\jakarta.transaction-api\2.0.1\jakarta.transaction-api-2.0.1.jar;C:\Users\D e r r y\.m2\repository\org\jboss\logging\jboss-logging\3.5.0.Final\jboss-logging-3.5.0.Final.jar;C:\Users\D e r r y\.m2\repository\org\hibernate\common\hibernate-commons-annotations\6.0.2.Final\hibernate-commons-annotations-6.0.2.Final.jar;C:\Users\D e r r y\.m2\repository\org\jboss\jandex\2.4.2.Final\jandex-2.4.2.Final.jar;C:\Users\D e r r y\.m2\repository\com\fasterxml\classmate\1.5.1\classmate-1.5.1.jar;C:\Users\D e r r y\.m2\repository\net\bytebuddy\byte-buddy\1.12.20\byte-buddy-1.12.20.jar;C:\Users\D e r r y\.m2\repository\org\glassfish\jaxb\jaxb-runtime\4.0.1\jaxb-runtime-4.0.1.jar;C:\Users\D e r r y\.m2\repository\org\glassfish\jaxb\jaxb-core\4.0.1\jaxb-core-4.0.1.jar;C:\Users\D e r r y\.m2\repository\org\eclipse\angus\angus-activation\1.0.0\angus-activation-1.0.0.jar;C:\Users\D e r r y\.m2\repository\org\glassfish\jaxb\txw2\4.0.1\txw2-4.0.1.jar;C:\Users\D e r r y\.m2\repository\com\sun\istack\istack-commons-runtime\4.1.1\istack-commons-runtime-4.1.1.jar;C:\Users\D e r r y\.m2\repository\jakarta\inject\jakarta.inject-api\2.0.0\jakarta.inject-api-2.0.0.jar;C:\Users\D e r r y\.m2\repository\org\antlr\antlr4-runtime\4.10.1\antlr4-runtime-4.10.1.jar;C:\Users\D e r r y\.m2\repository\org\springframework\data\spring-data-jpa\3.0.0\spring-data-jpa-3.0.0.jar;C:\Users\D e r r y\.m2\repository\org\springframework\data\spring-data-commons\3.0.0\spring-data-commons-3.0.0.jar;C:\Users\D e r r y\.m2\repository\org\springframework\spring-orm\6.0.3\spring-orm-6.0.3.jar;C:\Users\D e r r y\.m2\repository\org\springframework\spring-tx\6.0.3\spring-tx-6.0.3.jar;C:\Users\D e r r y\.m2\repository\org\slf4j\slf4j-api\2.0.6\slf4j-api-2.0.6.jar;C:\Users\D e r r y\.m2\repository\org\springframework\spring-aspects\6.0.3\spring-aspects-6.0.3.jar;C:\Users\D e r r y\.m2\repository\org\projectlombok\lombok\1.18.26\lombok-1.18.26.jar;C:\Users\D e r r y\.m2\repository\org\springframework\spring-context\6.0.9\spring-context-6.0.9.jar;C:\Users\D e r r y\.m2\repository\org\springframework\spring-beans\6.0.3\spring-beans-6.0.3.jar;C:\Users\D e r r y\.m2\repository\org\springframework\spring-core\6.0.3\spring-core-6.0.3.jar;C:\Users\D e r r y\.m2\repository\org\springframework\spring-jcl\6.0.3\spring-jcl-6.0.3.jar;C:\Users\D e r r y\.m2\repository\org\springframework\spring-expression\6.0.3\spring-expression-6.0.3.jar;C:\Users\D e r r y\.m2\repository\io\jsonwebtoken\jjwt-api\0.11.5\jjwt-api-0.11.5.jar;C:\Users\D e r r y\.m2\repository\io\jsonwebtoken\jjwt-impl\0.11.5\jjwt-impl-0.11.5.jar;C:\Users\D e r r y\.m2\repository\io\jsonwebtoken\jjwt-jackson\0.11.5\jjwt-jackson-0.11.5.jar;C:\Users\D e r r y\.m2\repository\com\fasterxml\jackson\core\jackson-databind\2.14.1\jackson-databind-2.14.1.jar;C:\Users\D e r r y\.m2\repository\com\fasterxml\jackson\core\jackson-annotations\2.14.1\jackson-annotations-2.14.1.jar;C:\Users\D e r r y\.m2\repository\com\fasterxml\jackson\core\jackson-core\2.14.1\jackson-core-2.14.1.jar;C:\Users\D e r r y\.m2\repository\jakarta\xml\bind\jakarta.xml.bind-api\4.0.0\jakarta.xml.bind-api-4.0.0.jar;C:\Users\D e r r y\.m2\repository\jakarta\activation\jakarta.activation-api\2.1.0\jakarta.activation-api-2.1.0.jar;C:\Users\D e r r y\.m2\repository\org\springframework\security\spring-security-core\6.0.1\spring-security-core-6.0.1.jar;C:\Users\D e r r y\.m2\repository\org\springframework\security\spring-security-crypto\6.0.1\spring-security-crypto-6.0.1.jar
Launcher Type: SUN_STANDARD

[Global flags]
     intx CICompilerCount                          = 3                                         {product} {ergonomic}
     uint ConcGCThreads                            = 1                                         {product} {ergonomic}
     uint G1ConcRefinementThreads                  = 4                                         {product} {ergonomic}
   size_t G1HeapRegionSize                         = 1048576                                   {product} {ergonomic}
    uintx GCDrainStackTargetSize                   = 64                                        {product} {ergonomic}
   size_t InitialHeapSize                          = 134217728                                 {product} {ergonomic}
   size_t MarkStackSize                            = 4194304                                   {product} {ergonomic}
   size_t MaxHeapSize                              = 2116026368                                {product} {ergonomic}
   size_t MaxNewSize                               = 1268776960                                {product} {ergonomic}
   size_t MinHeapDeltaBytes                        = 1048576                                   {product} {ergonomic}
   size_t MinHeapSize                              = 8388608                                   {product} {ergonomic}
    uintx NonNMethodCodeHeapSize                   = 5832780                                {pd product} {ergonomic}
    uintx NonProfiledCodeHeapSize                  = 122912730                              {pd product} {ergonomic}
    uintx ProfiledCodeHeapSize                     = 122912730                              {pd product} {ergonomic}
    uintx ReservedCodeCacheSize                    = 251658240                              {pd product} {ergonomic}
     bool SegmentedCodeCache                       = true                                      {product} {ergonomic}
   size_t SoftMaxHeapSize                          = 2116026368                             {manageable} {ergonomic}
     bool UseCompressedClassPointers               = true                           {product lp64_product} {ergonomic}
     bool UseCompressedOops                        = true                           {product lp64_product} {ergonomic}
     bool UseG1GC                                  = true                                      {product} {ergonomic}
     bool UseLargePagesIndividualAllocation        = false                                  {pd product} {ergonomic}

Logging:
Log output configuration:
 #0: stdout all=warning uptime,level,tags foldmultilines=false
 #1: stderr all=off uptime,level,tags foldmultilines=false

Environment Variables:
PATH=C:\Program Files\Common Files\Oracle\Java\javapath;C:\Program Files (x86)\Common Files\Oracle\Java\javapath;C:\Windows\system32;C:\Windows;C:\Windows\System32\Wbem;C:\Windows\System32\WindowsPowerShell\v1.0\;C:\Windows\System32\OpenSSH\;C:\Program Files\nodejs\;C:\Program Files\Git\cmd;C:\ProgramData\chocolatey\bin;C:\Program Files\apache-maven-3.9.4-bin\apache-maven-3.9.4\bin;C:\Program Files\dotnet\;C:\Users\D e r r y\anaconda3;C:\Users\D e r r y\anaconda3\Library\mingw-w64\bin;C:\Users\D e r r y\anaconda3\Library\usr\bin;C:\Users\D e r r y\anaconda3\Library\bin;C:\Users\D e r r y\anaconda3\Scripts;C:\Program Files\MySQL\MySQL Shell 8.0\bin\;C:\Users\D e r r y\AppData\Local\Microsoft\WindowsApps;C:\Program Files\JetBrains\IntelliJ IDEA Community Edition 2023.1.2\bin;;C:\Program Files\JetBrains\PyCharm Community Edition 2023.1.2\bin;;C:\Users\D e r r y\AppData\Roaming\npm;C:\Users\D e r r y\AppData\Local\Programs\Microsoft VS Code\bin;C:\Users\D e r r y\AppData\Local\Programs\MiKTeX\miktex\bin\x64\;C:\Users\D e r r y\AppData\Local\GitHubDesktop\bin;C:\Program Files\heroku\bin;C:\Program Files\bin
USERNAME=D e r r y
OS=Windows_NT
PROCESSOR_IDENTIFIER=Intel64 Family 6 Model 61 Stepping 4, GenuineIntel
TMP=C:\Users\DERRY~1\AppData\Local\Temp
TEMP=C:\Users\DERRY~1\AppData\Local\Temp




---------------  S Y S T E M  ---------------

OS:
 Windows 10 , 64 bit Build 19041 (10.0.19041.3636)
OS uptime: 0 days 18:30 hours
Hyper-V role detected

CPU: total 4 (initial active 4) (2 cores per cpu, 2 threads per core) family 6 model 61 stepping 4 microcode 0x2f, cx8, cmov, fxsr, ht, mmx, 3dnowpref, sse, sse2, sse3, ssse3, sse4.1, sse4.2, popcnt, lzcnt, tsc, tscinvbit, avx, avx2, aes, erms, clmul, bmi1, bmi2, rtm, adx, fma, vzeroupper, clflush, hv, rdtscp, f16c

Memory: 4k page, system-wide physical 8067M (784M free)
TotalPageFile size 10115M (AvailPageFile size 6M)
current process WorkingSet (physical memory assigned to process): 190M, peak: 248M
current process commit charge ("private bytes"): 239M, peak: 277M

vm_info: Java HotSpot(TM) 64-Bit Server VM (20.0.2+9-78) for windows-amd64 JRE (20.0.2+9-78), built on 2023-06-14T10:08:48Z by "mach5one" with MS VC++ 17.1 (VS2022)

END.
