#
# There is insufficient memory for the Java Runtime Environment to continue.
# Native memory allocation (malloc) failed to allocate 153216 bytes for Chunk::new
# Possible reasons:
#   The system is out of physical RAM or swap space
#   The process is running with CompressedOops enabled, and the Java Heap may be blocking the growth of the native heap
# Possible solutions:
#   Reduce memory load on the system
#   Increase physical memory or swap space
#   Check if swap backing store is full
#   Decrease Java heap size (-Xmx/-Xms)
#   Decrease number of Java threads
#   Decrease Java thread stack sizes (-Xss)
#   Set larger code cache with -XX:ReservedCodeCacheSize=
#   JVM is running with Unscaled Compressed Oops mode in which the Java heap is
#     placed in the first 4GB address space. The Java Heap base address is the
#     maximum limit for the native heap growth. Please use -XX:HeapBaseMinAddress
#     to set the Java Heap base and to place the Java Heap above 4GB virtual address.
# This output file may be truncated or incomplete.
#
#  Out of Memory Error (arena.cpp:184), pid=368, tid=2756
#
# JRE version: Java(TM) SE Runtime Environment (20.0.2+9) (build 20.0.2+9-78)
# Java VM: Java HotSpot(TM) 64-Bit Server VM (20.0.2+9-78, mixed mode, sharing, tiered, compressed oops, compressed class ptrs, g1 gc, windows-amd64)
# No core dump will be written. Minidumps are not enabled by default on client versions of Windows
#

---------------  S U M M A R Y ------------

Command Line: -javaagent:C:\Program Files\JetBrains\IntelliJ IDEA Community Edition 2023.1.2\lib\idea_rt.jar=53850:C:\Program Files\JetBrains\IntelliJ IDEA Community Edition 2023.1.2\bin -Dfile.encoding=UTF-8 -Dsun.stdout.encoding=UTF-8 -Dsun.stderr.encoding=UTF-8 com.exam.SecurityApplication

Host: Intel(R) Core(TM) i5-5300U CPU @ 2.30GHz, 4 cores, 7G,  Windows 10 , 64 bit Build 19041 (10.0.19041.3636)
Time: Mon Jan  1 09:28:46 2024 Sao Tome Standard Time elapsed time: 4.471375 seconds (0d 0h 0m 4s)

---------------  T H R E A D  ---------------

Current thread (0x0000023d56872290):  JavaThread "C2 CompilerThread0" daemon [_thread_in_native, id=2756, stack(0x0000006a13600000,0x0000006a13700000)]


Current CompileTask:
C2:   4471 1842       4       java.util.HashMap::resize (356 bytes)

Stack: [0x0000006a13600000,0x0000006a13700000]
Native frames: (J=compiled Java code, j=interpreted, Vv=VM code, C=native code)
V  [jvm.dll+0x6bc25a]
V  [jvm.dll+0x84971a]
V  [jvm.dll+0x84b315]
V  [jvm.dll+0x84ba13]
V  [jvm.dll+0x280e4f]
V  [jvm.dll+0xc2ab1]
V  [jvm.dll+0xc2dd5]
V  [jvm.dll+0x2f611f]
V  [jvm.dll+0x5e3b0b]
V  [jvm.dll+0x254684]
V  [jvm.dll+0x24ce00]
V  [jvm.dll+0x24a819]
V  [jvm.dll+0x1ce761]
V  [jvm.dll+0x25a0eb]
V  [jvm.dll+0x2587c0]
V  [jvm.dll+0x3f2dd5]
V  [jvm.dll+0x7f5c76]
V  [jvm.dll+0x6baecb]
C  [ucrtbase.dll+0x21bb2]
C  [KERNEL32.DLL+0x17344]
C  [ntdll.dll+0x526b1]


---------------  P R O C E S S  ---------------

Threads class SMR info:
_java_thread_list=0x0000023d9c9fa110, length=13, elements={
0x0000023d3a73b330, 0x0000023d568679e0, 0x0000023d56868980, 0x0000023d5686c940,
0x0000023d568703a0, 0x0000023d56870ce0, 0x0000023d56871620, 0x0000023d56872290,
0x0000023d568c5f60, 0x0000023d56834590, 0x0000023d9bd879a0, 0x0000023d9bffe0c0,
0x0000023d9c793b10
}

Java Threads: ( => current thread )
  0x0000023d3a73b330 JavaThread "main" [_thread_in_Java, id=10372, stack(0x0000006a12900000,0x0000006a12a00000)]
  0x0000023d568679e0 JavaThread "Reference Handler" daemon [_thread_blocked, id=12040, stack(0x0000006a13000000,0x0000006a13100000)]
  0x0000023d56868980 JavaThread "Finalizer" daemon [_thread_blocked, id=13460, stack(0x0000006a13100000,0x0000006a13200000)]
  0x0000023d5686c940 JavaThread "Signal Dispatcher" daemon [_thread_blocked, id=15892, stack(0x0000006a13200000,0x0000006a13300000)]
  0x0000023d568703a0 JavaThread "Attach Listener" daemon [_thread_blocked, id=1176, stack(0x0000006a13300000,0x0000006a13400000)]
  0x0000023d56870ce0 JavaThread "Service Thread" daemon [_thread_blocked, id=14896, stack(0x0000006a13400000,0x0000006a13500000)]
  0x0000023d56871620 JavaThread "Monitor Deflation Thread" daemon [_thread_blocked, id=15632, stack(0x0000006a13500000,0x0000006a13600000)]
=>0x0000023d56872290 JavaThread "C2 CompilerThread0" daemon [_thread_in_native, id=2756, stack(0x0000006a13600000,0x0000006a13700000)]
  0x0000023d568c5f60 JavaThread "C1 CompilerThread0" daemon [_thread_blocked, id=10940, stack(0x0000006a13700000,0x0000006a13800000)]
  0x0000023d56834590 JavaThread "Common-Cleaner" daemon [_thread_blocked, id=6400, stack(0x0000006a13800000,0x0000006a13900000)]
  0x0000023d9bd879a0 JavaThread "Monitor Ctrl-Break" daemon [_thread_in_native, id=12788, stack(0x0000006a13900000,0x0000006a13a00000)]
  0x0000023d9bffe0c0 JavaThread "Notification Thread" daemon [_thread_blocked, id=6844, stack(0x0000006a13a00000,0x0000006a13b00000)]
  0x0000023d9c793b10 JavaThread "background-preinit" [_thread_in_native, id=14700, stack(0x0000006a13c00000,0x0000006a13d00000)]

Other Threads:
  0x0000023d56849b70 VMThread "VM Thread" [stack: 0x0000006a12f00000,0x0000006a13000000] [id=14816]
  0x0000023d9bedf160 WatcherThread "VM Periodic Task Thread" [stack: 0x0000006a13b00000,0x0000006a13c00000] [id=15620]
  0x0000023d3a798200 WorkerThread "GC Thread#0" [stack: 0x0000006a12a00000,0x0000006a12b00000] [id=7892]
  0x0000023d9c69f9a0 WorkerThread "GC Thread#1" [stack: 0x0000006a13d00000,0x0000006a13e00000] [id=13452]
  0x0000023d9c2f5bc0 WorkerThread "GC Thread#2" [stack: 0x0000006a13e00000,0x0000006a13f00000] [id=11040]
  0x0000023d9c2f7760 WorkerThread "GC Thread#3" [stack: 0x0000006a13f00000,0x0000006a14000000] [id=16000]
  0x0000023d3a7a8d50 ConcurrentGCThread "G1 Main Marker" [stack: 0x0000006a12b00000,0x0000006a12c00000] [id=8608]
  0x0000023d3a7a9780 WorkerThread "G1 Conc#0" [stack: 0x0000006a12c00000,0x0000006a12d00000] [id=2196]
  0x0000023d3a7fe360 ConcurrentGCThread "G1 Refine#0" [stack: 0x0000006a12d00000,0x0000006a12e00000] [id=14972]
  0x0000023d566fb100 ConcurrentGCThread "G1 Service" [stack: 0x0000006a12e00000,0x0000006a12f00000] [id=6468]

Threads with active compile tasks:
C2 CompilerThread0     4543 1842       4       java.util.HashMap::resize (356 bytes)

VM state: not at safepoint (normal execution)

VM Mutex/Monitor currently owned by a thread: None

Heap address: 0x0000000081e00000, size: 2018 MB, Compressed Oops mode: 32-bit

CDS archive(s) mapped at: [0x0000023d56c00000-0x0000023d57860000-0x0000023d57860000), size 12976128, SharedBaseAddress: 0x0000023d56c00000, ArchiveRelocationMode: 1.
Compressed class space mapped at: 0x0000023d57c00000-0x0000023d97c00000, reserved size: 1073741824
Narrow klass base: 0x0000023d56c00000, Narrow klass shift: 0, Narrow klass range: 0x100000000

GC Precious Log:
 CardTable entry size: 512
 Card Set container configuration: InlinePtr #cards 5 size 8 Array Of Cards #cards 12 size 40 Howl #buckets 4 coarsen threshold 1843 Howl Bitmap #cards 512 size 80 coarsen threshold 460 Card regions per heap region 1 cards per card region 2048
 CPUs: 4 total, 4 available
 Memory: 8067M
 Large Page Support: Disabled
 NUMA Support: Disabled
 Compressed Oops: Enabled (32-bit)
 Heap Region Size: 1M
 Heap Min Capacity: 8M
 Heap Initial Capacity: 128M
 Heap Max Capacity: 2018M
 Pre-touch: Disabled
 Parallel Workers: 4
 Concurrent Workers: 1
 Concurrent Refinement Workers: 4
 Periodic GC: Disabled

Heap:
 garbage-first heap   total 131072K, used 27195K [0x0000000081e00000, 0x0000000100000000)
  region size 1024K, 23 young (23552K), 2 survivors (2048K)
 Metaspace       used 13483K, committed 13760K, reserved 1114112K
  class space    used 1596K, committed 1728K, reserved 1048576K

Heap Regions: E=young(eden), S=young(survivor), O=old, HS=humongous(starts), HC=humongous(continues), CS=collection set, F=free, OA=open archive, CA=closed archive, TAMS=top-at-mark-start, PB=parsable bottom
|   0|0x0000000081e00000, 0x0000000081f00000, 0x0000000081f00000|100%|HS|  |TAMS 0x0000000081e00000| PB 0x0000000081e00000| Complete 
|   1|0x0000000081f00000, 0x0000000082000000, 0x0000000082000000|100%| O|  |TAMS 0x0000000081f00000| PB 0x0000000081f00000| Untracked 
|   2|0x0000000082000000, 0x0000000082100000, 0x0000000082100000|100%| O|  |TAMS 0x0000000082000000| PB 0x0000000082000000| Untracked 
|   3|0x0000000082100000, 0x0000000082200000, 0x0000000082200000|100%| O|  |TAMS 0x0000000082100000| PB 0x0000000082100000| Untracked 
|   4|0x0000000082200000, 0x0000000082300000, 0x0000000082300000|100%| O|  |TAMS 0x0000000082200000| PB 0x0000000082200000| Untracked 
|   5|0x0000000082300000, 0x0000000082400000, 0x0000000082400000|100%| O|  |TAMS 0x0000000082300000| PB 0x0000000082300000| Untracked 
|   6|0x0000000082400000, 0x0000000082456400, 0x0000000082500000| 33%| O|  |TAMS 0x0000000082400000| PB 0x0000000082400000| Untracked 
|   7|0x0000000082500000, 0x0000000082500000, 0x0000000082600000|  0%| F|  |TAMS 0x0000000082500000| PB 0x0000000082500000| Untracked 
|   8|0x0000000082600000, 0x0000000082600000, 0x0000000082700000|  0%| F|  |TAMS 0x0000000082600000| PB 0x0000000082600000| Untracked 
|   9|0x0000000082700000, 0x0000000082700000, 0x0000000082800000|  0%| F|  |TAMS 0x0000000082700000| PB 0x0000000082700000| Untracked 
|  10|0x0000000082800000, 0x0000000082800000, 0x0000000082900000|  0%| F|  |TAMS 0x0000000082800000| PB 0x0000000082800000| Untracked 
|  11|0x0000000082900000, 0x0000000082900000, 0x0000000082a00000|  0%| F|  |TAMS 0x0000000082900000| PB 0x0000000082900000| Untracked 
|  12|0x0000000082a00000, 0x0000000082a00000, 0x0000000082b00000|  0%| F|  |TAMS 0x0000000082a00000| PB 0x0000000082a00000| Untracked 
|  13|0x0000000082b00000, 0x0000000082b00000, 0x0000000082c00000|  0%| F|  |TAMS 0x0000000082b00000| PB 0x0000000082b00000| Untracked 
|  14|0x0000000082c00000, 0x0000000082c00000, 0x0000000082d00000|  0%| F|  |TAMS 0x0000000082c00000| PB 0x0000000082c00000| Untracked 
|  15|0x0000000082d00000, 0x0000000082d00000, 0x0000000082e00000|  0%| F|  |TAMS 0x0000000082d00000| PB 0x0000000082d00000| Untracked 
|  16|0x0000000082e00000, 0x0000000082e00000, 0x0000000082f00000|  0%| F|  |TAMS 0x0000000082e00000| PB 0x0000000082e00000| Untracked 
|  17|0x0000000082f00000, 0x0000000082f00000, 0x0000000083000000|  0%| F|  |TAMS 0x0000000082f00000| PB 0x0000000082f00000| Untracked 
|  18|0x0000000083000000, 0x0000000083000000, 0x0000000083100000|  0%| F|  |TAMS 0x0000000083000000| PB 0x0000000083000000| Untracked 
|  19|0x0000000083100000, 0x0000000083100000, 0x0000000083200000|  0%| F|  |TAMS 0x0000000083100000| PB 0x0000000083100000| Untracked 
|  20|0x0000000083200000, 0x0000000083200000, 0x0000000083300000|  0%| F|  |TAMS 0x0000000083200000| PB 0x0000000083200000| Untracked 
|  21|0x0000000083300000, 0x0000000083300000, 0x0000000083400000|  0%| F|  |TAMS 0x0000000083300000| PB 0x0000000083300000| Untracked 
|  22|0x0000000083400000, 0x0000000083400000, 0x0000000083500000|  0%| F|  |TAMS 0x0000000083400000| PB 0x0000000083400000| Untracked 
|  23|0x0000000083500000, 0x0000000083500000, 0x0000000083600000|  0%| F|  |TAMS 0x0000000083500000| PB 0x0000000083500000| Untracked 
|  24|0x0000000083600000, 0x0000000083600000, 0x0000000083700000|  0%| F|  |TAMS 0x0000000083600000| PB 0x0000000083600000| Untracked 
|  25|0x0000000083700000, 0x0000000083700000, 0x0000000083800000|  0%| F|  |TAMS 0x0000000083700000| PB 0x0000000083700000| Untracked 
|  26|0x0000000083800000, 0x0000000083800000, 0x0000000083900000|  0%| F|  |TAMS 0x0000000083800000| PB 0x0000000083800000| Untracked 
|  27|0x0000000083900000, 0x0000000083900000, 0x0000000083a00000|  0%| F|  |TAMS 0x0000000083900000| PB 0x0000000083900000| Untracked 
|  28|0x0000000083a00000, 0x0000000083a00000, 0x0000000083b00000|  0%| F|  |TAMS 0x0000000083a00000| PB 0x0000000083a00000| Untracked 
|  29|0x0000000083b00000, 0x0000000083b00000, 0x0000000083c00000|  0%| F|  |TAMS 0x0000000083b00000| PB 0x0000000083b00000| Untracked 
|  30|0x0000000083c00000, 0x0000000083c00000, 0x0000000083d00000|  0%| F|  |TAMS 0x0000000083c00000| PB 0x0000000083c00000| Untracked 
|  31|0x0000000083d00000, 0x0000000083d00000, 0x0000000083e00000|  0%| F|  |TAMS 0x0000000083d00000| PB 0x0000000083d00000| Untracked 
|  32|0x0000000083e00000, 0x0000000083e00000, 0x0000000083f00000|  0%| F|  |TAMS 0x0000000083e00000| PB 0x0000000083e00000| Untracked 
|  33|0x0000000083f00000, 0x0000000083f00000, 0x0000000084000000|  0%| F|  |TAMS 0x0000000083f00000| PB 0x0000000083f00000| Untracked 
|  34|0x0000000084000000, 0x0000000084000000, 0x0000000084100000|  0%| F|  |TAMS 0x0000000084000000| PB 0x0000000084000000| Untracked 
|  35|0x0000000084100000, 0x0000000084100000, 0x0000000084200000|  0%| F|  |TAMS 0x0000000084100000| PB 0x0000000084100000| Untracked 
|  36|0x0000000084200000, 0x0000000084200000, 0x0000000084300000|  0%| F|  |TAMS 0x0000000084200000| PB 0x0000000084200000| Untracked 
|  37|0x0000000084300000, 0x0000000084300000, 0x0000000084400000|  0%| F|  |TAMS 0x0000000084300000| PB 0x0000000084300000| Untracked 
|  38|0x0000000084400000, 0x0000000084400000, 0x0000000084500000|  0%| F|  |TAMS 0x0000000084400000| PB 0x0000000084400000| Untracked 
|  39|0x0000000084500000, 0x0000000084500000, 0x0000000084600000|  0%| F|  |TAMS 0x0000000084500000| PB 0x0000000084500000| Untracked 
|  40|0x0000000084600000, 0x0000000084600000, 0x0000000084700000|  0%| F|  |TAMS 0x0000000084600000| PB 0x0000000084600000| Untracked 
|  41|0x0000000084700000, 0x0000000084700000, 0x0000000084800000|  0%| F|  |TAMS 0x0000000084700000| PB 0x0000000084700000| Untracked 
|  42|0x0000000084800000, 0x0000000084800000, 0x0000000084900000|  0%| F|  |TAMS 0x0000000084800000| PB 0x0000000084800000| Untracked 
|  43|0x0000000084900000, 0x0000000084900000, 0x0000000084a00000|  0%| F|  |TAMS 0x0000000084900000| PB 0x0000000084900000| Untracked 
|  44|0x0000000084a00000, 0x0000000084a00000, 0x0000000084b00000|  0%| F|  |TAMS 0x0000000084a00000| PB 0x0000000084a00000| Untracked 
|  45|0x0000000084b00000, 0x0000000084b00000, 0x0000000084c00000|  0%| F|  |TAMS 0x0000000084b00000| PB 0x0000000084b00000| Untracked 
|  46|0x0000000084c00000, 0x0000000084c00000, 0x0000000084d00000|  0%| F|  |TAMS 0x0000000084c00000| PB 0x0000000084c00000| Untracked 
|  47|0x0000000084d00000, 0x0000000084d00000, 0x0000000084e00000|  0%| F|  |TAMS 0x0000000084d00000| PB 0x0000000084d00000| Untracked 
|  48|0x0000000084e00000, 0x0000000084e00000, 0x0000000084f00000|  0%| F|  |TAMS 0x0000000084e00000| PB 0x0000000084e00000| Untracked 
|  49|0x0000000084f00000, 0x0000000084f00000, 0x0000000085000000|  0%| F|  |TAMS 0x0000000084f00000| PB 0x0000000084f00000| Untracked 
|  50|0x0000000085000000, 0x0000000085000000, 0x0000000085100000|  0%| F|  |TAMS 0x0000000085000000| PB 0x0000000085000000| Untracked 
|  51|0x0000000085100000, 0x0000000085100000, 0x0000000085200000|  0%| F|  |TAMS 0x0000000085100000| PB 0x0000000085100000| Untracked 
|  52|0x0000000085200000, 0x0000000085200000, 0x0000000085300000|  0%| F|  |TAMS 0x0000000085200000| PB 0x0000000085200000| Untracked 
|  53|0x0000000085300000, 0x0000000085300000, 0x0000000085400000|  0%| F|  |TAMS 0x0000000085300000| PB 0x0000000085300000| Untracked 
|  54|0x0000000085400000, 0x0000000085400000, 0x0000000085500000|  0%| F|  |TAMS 0x0000000085400000| PB 0x0000000085400000| Untracked 
|  55|0x0000000085500000, 0x0000000085500000, 0x0000000085600000|  0%| F|  |TAMS 0x0000000085500000| PB 0x0000000085500000| Untracked 
|  56|0x0000000085600000, 0x0000000085600000, 0x0000000085700000|  0%| F|  |TAMS 0x0000000085600000| PB 0x0000000085600000| Untracked 
|  57|0x0000000085700000, 0x0000000085700000, 0x0000000085800000|  0%| F|  |TAMS 0x0000000085700000| PB 0x0000000085700000| Untracked 
|  58|0x0000000085800000, 0x0000000085800000, 0x0000000085900000|  0%| F|  |TAMS 0x0000000085800000| PB 0x0000000085800000| Untracked 
|  59|0x0000000085900000, 0x0000000085900000, 0x0000000085a00000|  0%| F|  |TAMS 0x0000000085900000| PB 0x0000000085900000| Untracked 
|  60|0x0000000085a00000, 0x0000000085a00000, 0x0000000085b00000|  0%| F|  |TAMS 0x0000000085a00000| PB 0x0000000085a00000| Untracked 
|  61|0x0000000085b00000, 0x0000000085b00000, 0x0000000085c00000|  0%| F|  |TAMS 0x0000000085b00000| PB 0x0000000085b00000| Untracked 
|  62|0x0000000085c00000, 0x0000000085c00000, 0x0000000085d00000|  0%| F|  |TAMS 0x0000000085c00000| PB 0x0000000085c00000| Untracked 
|  63|0x0000000085d00000, 0x0000000085d00000, 0x0000000085e00000|  0%| F|  |TAMS 0x0000000085d00000| PB 0x0000000085d00000| Untracked 
|  64|0x0000000085e00000, 0x0000000085e00000, 0x0000000085f00000|  0%| F|  |TAMS 0x0000000085e00000| PB 0x0000000085e00000| Untracked 
|  65|0x0000000085f00000, 0x0000000085f00000, 0x0000000086000000|  0%| F|  |TAMS 0x0000000085f00000| PB 0x0000000085f00000| Untracked 
|  66|0x0000000086000000, 0x0000000086000000, 0x0000000086100000|  0%| F|  |TAMS 0x0000000086000000| PB 0x0000000086000000| Untracked 
|  67|0x0000000086100000, 0x0000000086100000, 0x0000000086200000|  0%| F|  |TAMS 0x0000000086100000| PB 0x0000000086100000| Untracked 
|  68|0x0000000086200000, 0x0000000086200000, 0x0000000086300000|  0%| F|  |TAMS 0x0000000086200000| PB 0x0000000086200000| Untracked 
|  69|0x0000000086300000, 0x0000000086300000, 0x0000000086400000|  0%| F|  |TAMS 0x0000000086300000| PB 0x0000000086300000| Untracked 
|  70|0x0000000086400000, 0x0000000086400000, 0x0000000086500000|  0%| F|  |TAMS 0x0000000086400000| PB 0x0000000086400000| Untracked 
|  71|0x0000000086500000, 0x0000000086500000, 0x0000000086600000|  0%| F|  |TAMS 0x0000000086500000| PB 0x0000000086500000| Untracked 
|  72|0x0000000086600000, 0x0000000086600000, 0x0000000086700000|  0%| F|  |TAMS 0x0000000086600000| PB 0x0000000086600000| Untracked 
|  73|0x0000000086700000, 0x0000000086700000, 0x0000000086800000|  0%| F|  |TAMS 0x0000000086700000| PB 0x0000000086700000| Untracked 
|  74|0x0000000086800000, 0x0000000086800000, 0x0000000086900000|  0%| F|  |TAMS 0x0000000086800000| PB 0x0000000086800000| Untracked 
|  75|0x0000000086900000, 0x0000000086900000, 0x0000000086a00000|  0%| F|  |TAMS 0x0000000086900000| PB 0x0000000086900000| Untracked 
|  76|0x0000000086a00000, 0x0000000086a00000, 0x0000000086b00000|  0%| F|  |TAMS 0x0000000086a00000| PB 0x0000000086a00000| Untracked 
|  77|0x0000000086b00000, 0x0000000086b00000, 0x0000000086c00000|  0%| F|  |TAMS 0x0000000086b00000| PB 0x0000000086b00000| Untracked 
|  78|0x0000000086c00000, 0x0000000086c00000, 0x0000000086d00000|  0%| F|  |TAMS 0x0000000086c00000| PB 0x0000000086c00000| Untracked 
|  79|0x0000000086d00000, 0x0000000086d00000, 0x0000000086e00000|  0%| F|  |TAMS 0x0000000086d00000| PB 0x0000000086d00000| Untracked 
|  80|0x0000000086e00000, 0x0000000086e00000, 0x0000000086f00000|  0%| F|  |TAMS 0x0000000086e00000| PB 0x0000000086e00000| Untracked 
|  81|0x0000000086f00000, 0x0000000086f00000, 0x0000000087000000|  0%| F|  |TAMS 0x0000000086f00000| PB 0x0000000086f00000| Untracked 
|  82|0x0000000087000000, 0x0000000087000000, 0x0000000087100000|  0%| F|  |TAMS 0x0000000087000000| PB 0x0000000087000000| Untracked 
|  83|0x0000000087100000, 0x0000000087100000, 0x0000000087200000|  0%| F|  |TAMS 0x0000000087100000| PB 0x0000000087100000| Untracked 
|  84|0x0000000087200000, 0x0000000087200000, 0x0000000087300000|  0%| F|  |TAMS 0x0000000087200000| PB 0x0000000087200000| Untracked 
|  85|0x0000000087300000, 0x0000000087300000, 0x0000000087400000|  0%| F|  |TAMS 0x0000000087300000| PB 0x0000000087300000| Untracked 
|  86|0x0000000087400000, 0x0000000087400000, 0x0000000087500000|  0%| F|  |TAMS 0x0000000087400000| PB 0x0000000087400000| Untracked 
|  87|0x0000000087500000, 0x0000000087500000, 0x0000000087600000|  0%| F|  |TAMS 0x0000000087500000| PB 0x0000000087500000| Untracked 
|  88|0x0000000087600000, 0x0000000087600000, 0x0000000087700000|  0%| F|  |TAMS 0x0000000087600000| PB 0x0000000087600000| Untracked 
|  89|0x0000000087700000, 0x0000000087700000, 0x0000000087800000|  0%| F|  |TAMS 0x0000000087700000| PB 0x0000000087700000| Untracked 
|  90|0x0000000087800000, 0x0000000087800000, 0x0000000087900000|  0%| F|  |TAMS 0x0000000087800000| PB 0x0000000087800000| Untracked 
|  91|0x0000000087900000, 0x0000000087900000, 0x0000000087a00000|  0%| F|  |TAMS 0x0000000087900000| PB 0x0000000087900000| Untracked 
|  92|0x0000000087a00000, 0x0000000087a00000, 0x0000000087b00000|  0%| F|  |TAMS 0x0000000087a00000| PB 0x0000000087a00000| Untracked 
|  93|0x0000000087b00000, 0x0000000087b00000, 0x0000000087c00000|  0%| F|  |TAMS 0x0000000087b00000| PB 0x0000000087b00000| Untracked 
|  94|0x0000000087c00000, 0x0000000087c00000, 0x0000000087d00000|  0%| F|  |TAMS 0x0000000087c00000| PB 0x0000000087c00000| Untracked 
|  95|0x0000000087d00000, 0x0000000087d00000, 0x0000000087e00000|  0%| F|  |TAMS 0x0000000087d00000| PB 0x0000000087d00000| Untracked 
|  96|0x0000000087e00000, 0x0000000087e00000, 0x0000000087f00000|  0%| F|  |TAMS 0x0000000087e00000| PB 0x0000000087e00000| Untracked 
|  97|0x0000000087f00000, 0x0000000087f00000, 0x0000000088000000|  0%| F|  |TAMS 0x0000000087f00000| PB 0x0000000087f00000| Untracked 
|  98|0x0000000088000000, 0x0000000088000000, 0x0000000088100000|  0%| F|  |TAMS 0x0000000088000000| PB 0x0000000088000000| Untracked 
|  99|0x0000000088100000, 0x0000000088100000, 0x0000000088200000|  0%| F|  |TAMS 0x0000000088100000| PB 0x0000000088100000| Untracked 
| 100|0x0000000088200000, 0x0000000088200000, 0x0000000088300000|  0%| F|  |TAMS 0x0000000088200000| PB 0x0000000088200000| Untracked 
| 101|0x0000000088300000, 0x0000000088300000, 0x0000000088400000|  0%| F|  |TAMS 0x0000000088300000| PB 0x0000000088300000| Untracked 
| 102|0x0000000088400000, 0x0000000088400000, 0x0000000088500000|  0%| F|  |TAMS 0x0000000088400000| PB 0x0000000088400000| Untracked 
| 103|0x0000000088500000, 0x0000000088500000, 0x0000000088600000|  0%| F|  |TAMS 0x0000000088500000| PB 0x0000000088500000| Untracked 
| 104|0x0000000088600000, 0x0000000088600000, 0x0000000088700000|  0%| F|  |TAMS 0x0000000088600000| PB 0x0000000088600000| Untracked 
| 105|0x0000000088700000, 0x0000000088800000, 0x0000000088800000|100%| E|  |TAMS 0x0000000088700000| PB 0x0000000088700000| Complete 
| 106|0x0000000088800000, 0x0000000088900000, 0x0000000088900000|100%| E|CS|TAMS 0x0000000088800000| PB 0x0000000088800000| Complete 
| 107|0x0000000088900000, 0x0000000088a00000, 0x0000000088a00000|100%| E|CS|TAMS 0x0000000088900000| PB 0x0000000088900000| Complete 
| 108|0x0000000088a00000, 0x0000000088b00000, 0x0000000088b00000|100%| E|CS|TAMS 0x0000000088a00000| PB 0x0000000088a00000| Complete 
| 109|0x0000000088b00000, 0x0000000088c00000, 0x0000000088c00000|100%| E|  |TAMS 0x0000000088b00000| PB 0x0000000088b00000| Complete 
| 110|0x0000000088c00000, 0x0000000088d00000, 0x0000000088d00000|100%| E|CS|TAMS 0x0000000088c00000| PB 0x0000000088c00000| Complete 
| 111|0x0000000088d00000, 0x0000000088d38bc0, 0x0000000088e00000| 22%| S|CS|TAMS 0x0000000088d00000| PB 0x0000000088d00000| Complete 
| 112|0x0000000088e00000, 0x0000000088f00000, 0x0000000088f00000|100%| S|CS|TAMS 0x0000000088e00000| PB 0x0000000088e00000| Complete 
| 113|0x0000000088f00000, 0x0000000089000000, 0x0000000089000000|100%| E|CS|TAMS 0x0000000088f00000| PB 0x0000000088f00000| Complete 
| 114|0x0000000089000000, 0x0000000089100000, 0x0000000089100000|100%| E|CS|TAMS 0x0000000089000000| PB 0x0000000089000000| Complete 
| 115|0x0000000089100000, 0x0000000089200000, 0x0000000089200000|100%| E|CS|TAMS 0x0000000089100000| PB 0x0000000089100000| Complete 
| 116|0x0000000089200000, 0x0000000089300000, 0x0000000089300000|100%| E|CS|TAMS 0x0000000089200000| PB 0x0000000089200000| Complete 
| 117|0x0000000089300000, 0x0000000089400000, 0x0000000089400000|100%| E|CS|TAMS 0x0000000089300000| PB 0x0000000089300000| Complete 
| 118|0x0000000089400000, 0x0000000089500000, 0x0000000089500000|100%| E|CS|TAMS 0x0000000089400000| PB 0x0000000089400000| Complete 
| 119|0x0000000089500000, 0x0000000089600000, 0x0000000089600000|100%| E|CS|TAMS 0x0000000089500000| PB 0x0000000089500000| Complete 
| 120|0x0000000089600000, 0x0000000089700000, 0x0000000089700000|100%| E|CS|TAMS 0x0000000089600000| PB 0x0000000089600000| Complete 
| 121|0x0000000089700000, 0x0000000089800000, 0x0000000089800000|100%| E|CS|TAMS 0x0000000089700000| PB 0x0000000089700000| Complete 
| 122|0x0000000089800000, 0x0000000089900000, 0x0000000089900000|100%| E|CS|TAMS 0x0000000089800000| PB 0x0000000089800000| Complete 
| 123|0x0000000089900000, 0x0000000089a00000, 0x0000000089a00000|100%| E|CS|TAMS 0x0000000089900000| PB 0x0000000089900000| Complete 
| 124|0x0000000089a00000, 0x0000000089b00000, 0x0000000089b00000|100%| E|CS|TAMS 0x0000000089a00000| PB 0x0000000089a00000| Complete 
| 125|0x0000000089b00000, 0x0000000089c00000, 0x0000000089c00000|100%| E|CS|TAMS 0x0000000089b00000| PB 0x0000000089b00000| Complete 
| 126|0x0000000089c00000, 0x0000000089d00000, 0x0000000089d00000|100%| E|CS|TAMS 0x0000000089c00000| PB 0x0000000089c00000| Complete 
| 127|0x0000000089d00000, 0x0000000089e00000, 0x0000000089e00000|100%| E|CS|TAMS 0x0000000089d00000| PB 0x0000000089d00000| Complete 

Card table byte_map: [0x0000023d51c10000,0x0000023d52010000] _byte_map_base: 0x0000023d51801000

Marking Bits: (CMBitMap*) 0x0000023d3a798830
 Bits: [0x0000023d52410000, 0x0000023d54398000)

Polling page: 0x0000023d38710000

Metaspace:

Usage:
  Non-class:     11.63 MB used.
      Class:      1.56 MB used.
       Both:     13.20 MB used.

Virtual space:
  Non-class space:       64.00 MB reserved,      11.75 MB ( 18%) committed,  1 nodes.
      Class space:        1.00 GB reserved,       1.69 MB ( <1%) committed,  1 nodes.
             Both:        1.06 GB reserved,      13.44 MB (  1%) committed. 

Chunk freelists:
   Non-Class:  32.00 KB
       Class:  2.23 MB
        Both:  2.27 MB

MaxMetaspaceSize: unlimited
CompressedClassSpaceSize: 1.00 GB
Initial GC threshold: 21.00 MB
Current GC threshold: 21.00 MB
CDS: on
MetaspaceReclaimPolicy: balanced
 - commit_granule_bytes: 65536.
 - commit_granule_words: 8192.
 - virtual_space_node_default_size: 8388608.
 - enlarge_chunks_in_place: 1.
 - new_chunks_are_fully_committed: 0.
 - uncommit_free_chunks: 1.
 - use_allocation_guard: 0.


Internal statistics:

num_allocs_failed_limit: 0.
num_arena_births: 204.
num_arena_deaths: 0.
num_vsnodes_births: 2.
num_vsnodes_deaths: 0.
num_space_committed: 215.
num_space_uncommitted: 0.
num_chunks_returned_to_freelist: 0.
num_chunks_taken_from_freelist: 622.
num_chunk_merges: 0.
num_chunk_splits: 428.
num_chunks_enlarged: 337.
num_inconsistent_stats: 0.

CodeHeap 'non-profiled nmethods': size=120000Kb used=595Kb max_used=595Kb free=119404Kb
 bounds [0x0000023d4a2e0000, 0x0000023d4a550000, 0x0000023d51810000]
CodeHeap 'profiled nmethods': size=120000Kb used=3338Kb max_used=3338Kb free=116661Kb
 bounds [0x0000023d42810000, 0x0000023d42b60000, 0x0000023d49d40000]
CodeHeap 'non-nmethods': size=5760Kb used=1460Kb max_used=1475Kb free=4300Kb
 bounds [0x0000023d49d40000, 0x0000023d49fb0000, 0x0000023d4a2e0000]
 total_blobs=2344 nmethods=1853 adapters=401
 compilation: enabled
              stopped_count=0, restarted_count=0
 full_count=0

Compilation events (20 events):
Event: 4.463 Thread 0x0000023d568c5f60 1838       1       java.lang.invoke.MethodHandle::internalForm (5 bytes)
Event: 4.463 Thread 0x0000023d568c5f60 nmethod 1838 0x0000023d4a374590 code [0x0000023d4a374700, 0x0000023d4a3747c8]
Event: 4.463 Thread 0x0000023d568c5f60 1843   !   3       java.lang.reflect.Executable::declaredAnnotations (85 bytes)
Event: 4.464 Thread 0x0000023d568c5f60 nmethod 1843 0x0000023d42b4c510 code [0x0000023d42b4c740, 0x0000023d42b4d038]
Event: 4.464 Thread 0x0000023d568c5f60 1844       3       java.lang.System$2::getEnumConstantsShared (8 bytes)
Event: 4.464 Thread 0x0000023d568c5f60 nmethod 1844 0x0000023d42b4d390 code [0x0000023d42b4d520, 0x0000023d42b4d750]
Event: 4.464 Thread 0x0000023d568c5f60 1845       3       sun.reflect.annotation.AnnotationParser::toArray (18 bytes)
Event: 4.464 Thread 0x0000023d568c5f60 nmethod 1845 0x0000023d42b4d810 code [0x0000023d42b4d9c0, 0x0000023d42b4dd48]
Event: 4.465 Thread 0x0000023d568c5f60 1846       1       org.springframework.core.annotation.AnnotationTypeMapping::getDistance (5 bytes)
Event: 4.465 Thread 0x0000023d568c5f60 nmethod 1846 0x0000023d4a374890 code [0x0000023d4a374a00, 0x0000023d4a374ac8]
Event: 4.465 Thread 0x0000023d568c5f60 1847       3       java.util.HashMap::isEmpty (13 bytes)
Event: 4.465 Thread 0x0000023d568c5f60 nmethod 1847 0x0000023d42b4de90 code [0x0000023d42b4e020, 0x0000023d42b4e190]
Event: 4.465 Thread 0x0000023d568c5f60 1848       3       org.springframework.core.annotation.PackagesAnnotationFilter::matches (42 bytes)
Event: 4.465 Thread 0x0000023d568c5f60 nmethod 1848 0x0000023d42b4e210 code [0x0000023d42b4e3c0, 0x0000023d42b4e6c0]
Event: 4.465 Thread 0x0000023d568c5f60 1849       3       jdk.internal.loader.AbstractClassLoaderValue::<init> (5 bytes)
Event: 4.466 Thread 0x0000023d568c5f60 nmethod 1849 0x0000023d42b4e890 code [0x0000023d42b4ea20, 0x0000023d42b4eb88]
Event: 4.466 Thread 0x0000023d568c5f60 1850       3       jdk.internal.loader.AbstractClassLoaderValue::sub (10 bytes)
Event: 4.466 Thread 0x0000023d568c5f60 nmethod 1850 0x0000023d42b4ec90 code [0x0000023d42b4ee40, 0x0000023d42b4f180]
Event: 4.466 Thread 0x0000023d568c5f60 1851       3       org.springframework.util.ConcurrentReferenceHashMap$ReferenceManager::createReference (43 bytes)
Event: 4.467 Thread 0x0000023d568c5f60 nmethod 1851 0x0000023d42b4f290 code [0x0000023d42b4f460, 0x0000023d42b4f9e0]

GC Heap History (4 events):
Event: 1.790 GC heap before
{Heap before GC invocations=0 (full 0):
 garbage-first heap   total 131072K, used 14336K [0x0000000081e00000, 0x0000000100000000)
  region size 1024K, 13 young (13312K), 0 survivors (0K)
 Metaspace       used 3832K, committed 4032K, reserved 1114112K
  class space    used 404K, committed 512K, reserved 1048576K
}
Event: 1.798 GC heap after
{Heap after GC invocations=1 (full 0):
 garbage-first heap   total 131072K, used 6043K [0x0000000081e00000, 0x0000000100000000)
  region size 1024K, 2 young (2048K), 2 survivors (2048K)
 Metaspace       used 3832K, committed 4032K, reserved 1114112K
  class space    used 404K, committed 512K, reserved 1048576K
}
Event: 2.767 GC heap before
{Heap before GC invocations=1 (full 0):
 garbage-first heap   total 131072K, used 19355K [0x0000000081e00000, 0x0000000100000000)
  region size 1024K, 15 young (15360K), 2 survivors (2048K)
 Metaspace       used 7702K, committed 7936K, reserved 1114112K
  class space    used 926K, committed 1024K, reserved 1048576K
}
Event: 2.775 GC heap after
{Heap after GC invocations=2 (full 0):
 garbage-first heap   total 131072K, used 7739K [0x0000000081e00000, 0x0000000100000000)
  region size 1024K, 2 young (2048K), 2 survivors (2048K)
 Metaspace       used 7702K, committed 7936K, reserved 1114112K
  class space    used 926K, committed 1024K, reserved 1048576K
}

Dll operation events (11 events):
Event: 0.048 Loaded shared library C:\Program Files\Java\jdk-20\bin\java.dll
Event: 0.129 Loaded shared library C:\Program Files\Java\jdk-20\bin\jsvml.dll
Event: 0.608 Loaded shared library C:\Program Files\Java\jdk-20\bin\zip.dll
Event: 0.621 Loaded shared library C:\Program Files\Java\jdk-20\bin\instrument.dll
Event: 0.675 Loaded shared library C:\Program Files\Java\jdk-20\bin\net.dll
Event: 0.680 Loaded shared library C:\Program Files\Java\jdk-20\bin\nio.dll
Event: 0.689 Loaded shared library C:\Program Files\Java\jdk-20\bin\zip.dll
Event: 1.018 Loaded shared library C:\Program Files\JetBrains\IntelliJ IDEA Community Edition 2023.1.2\bin\breakgen64.dll
Event: 1.039 Loaded shared library C:\Program Files\Java\jdk-20\bin\extnet.dll
Event: 1.127 Loaded shared library C:\Program Files\Java\jdk-20\bin\jimage.dll
Event: 3.528 Loaded shared library C:\Program Files\Java\jdk-20\bin\verify.dll

Deoptimization events (20 events):
Event: 3.484 Thread 0x0000023d3a73b330 Uncommon trap: trap_request=0xffffffde fr.pc=0x0000023d4a35eba0 relative=0x0000000000000120
Event: 3.484 Thread 0x0000023d3a73b330 Uncommon trap: reason=class_check action=maybe_recompile pc=0x0000023d4a35eba0 method=jdk.internal.misc.Unsafe.allocateUninitializedArray(Ljava/lang/Class;I)Ljava/lang/Object; @ 51 c2
Event: 3.484 Thread 0x0000023d3a73b330 DEOPT PACKING pc=0x0000023d4a35eba0 sp=0x0000006a129fdf20
Event: 3.484 Thread 0x0000023d3a73b330 DEOPT UNPACKING pc=0x0000023d49da9d22 sp=0x0000006a129fde98 mode 2
Event: 3.484 Thread 0x0000023d3a73b330 Uncommon trap: trap_request=0xffffffde fr.pc=0x0000023d4a35eba0 relative=0x0000000000000120
Event: 3.484 Thread 0x0000023d3a73b330 Uncommon trap: reason=class_check action=maybe_recompile pc=0x0000023d4a35eba0 method=jdk.internal.misc.Unsafe.allocateUninitializedArray(Ljava/lang/Class;I)Ljava/lang/Object; @ 51 c2
Event: 3.484 Thread 0x0000023d3a73b330 DEOPT PACKING pc=0x0000023d4a35eba0 sp=0x0000006a129fdf20
Event: 3.484 Thread 0x0000023d3a73b330 DEOPT UNPACKING pc=0x0000023d49da9d22 sp=0x0000006a129fde98 mode 2
Event: 3.484 Thread 0x0000023d3a73b330 Uncommon trap: trap_request=0xffffffde fr.pc=0x0000023d4a35eba0 relative=0x0000000000000120
Event: 3.484 Thread 0x0000023d3a73b330 Uncommon trap: reason=class_check action=maybe_recompile pc=0x0000023d4a35eba0 method=jdk.internal.misc.Unsafe.allocateUninitializedArray(Ljava/lang/Class;I)Ljava/lang/Object; @ 51 c2
Event: 3.484 Thread 0x0000023d3a73b330 DEOPT PACKING pc=0x0000023d4a35eba0 sp=0x0000006a129fdf20
Event: 3.484 Thread 0x0000023d3a73b330 DEOPT UNPACKING pc=0x0000023d49da9d22 sp=0x0000006a129fde98 mode 2
Event: 4.001 Thread 0x0000023d9c793b10 Uncommon trap: trap_request=0xffffff45 fr.pc=0x0000023d4a330954 relative=0x0000000000000054
Event: 4.001 Thread 0x0000023d9c793b10 Uncommon trap: reason=unstable_if action=reinterpret pc=0x0000023d4a330954 method=java.lang.CharacterData.of(I)Ljava/lang/CharacterData; @ 4 c2
Event: 4.001 Thread 0x0000023d9c793b10 DEOPT PACKING pc=0x0000023d4a330954 sp=0x0000006a13cfd5a0
Event: 4.001 Thread 0x0000023d9c793b10 DEOPT UNPACKING pc=0x0000023d49da9d22 sp=0x0000006a13cfd538 mode 2
Event: 4.180 Thread 0x0000023d3a73b330 Uncommon trap: trap_request=0xffffff45 fr.pc=0x0000023d4a344748 relative=0x00000000000002c8
Event: 4.180 Thread 0x0000023d3a73b330 Uncommon trap: reason=unstable_if action=reinterpret pc=0x0000023d4a344748 method=jdk.internal.org.objectweb.asm.SymbolTable.put(Ljdk/internal/org/objectweb/asm/SymbolTable$Entry;)Ljdk/internal/org/objectweb/asm/SymbolTable$Entry; @ 13 c2
Event: 4.180 Thread 0x0000023d3a73b330 DEOPT PACKING pc=0x0000023d4a344748 sp=0x0000006a129fdc90
Event: 4.180 Thread 0x0000023d3a73b330 DEOPT UNPACKING pc=0x0000023d49da9d22 sp=0x0000006a129fdc10 mode 2

Classes loaded (20 events):
Event: 3.746 Loading class org/xml/sax/ErrorHandler
Event: 3.746 Loading class org/xml/sax/ErrorHandler done
Event: 3.747 Loading class org/xml/sax/SAXParseException
Event: 3.747 Loading class org/xml/sax/SAXParseException done
Event: 3.993 Loading class sun/text/resources/cldr/FormatData_en
Event: 3.993 Loading class sun/text/resources/cldr/FormatData_en done
Event: 3.994 Loading class sun/text/resources/cldr/FormatData_en_US
Event: 3.994 Loading class sun/text/resources/cldr/FormatData_en_US done
Event: 4.052 Loading class java/lang/invoke/DirectMethodHandle$StaticAccessor
Event: 4.055 Loading class java/lang/invoke/DirectMethodHandle$StaticAccessor done
Event: 4.057 Loading class jdk/internal/reflect/MethodHandleIntegerFieldAccessorImpl
Event: 4.057 Loading class jdk/internal/reflect/MethodHandleIntegerFieldAccessorImpl done
Event: 4.068 Loading class java/io/CharConversionException
Event: 4.068 Loading class java/io/CharConversionException done
Event: 4.086 Loading class java/io/CharArrayReader
Event: 4.086 Loading class java/io/CharArrayReader done
Event: 4.292 Loading class java/lang/annotation/Repeatable
Event: 4.292 Loading class java/lang/annotation/Repeatable done
Event: 4.455 Loading class java/util/RegularEnumSet$EnumSetIterator
Event: 4.455 Loading class java/util/RegularEnumSet$EnumSetIterator done

Classes unloaded (0 events):
No events

Classes redefined (0 events):
No events

Internal exceptions (20 events):
Event: 2.565 Thread 0x0000023d3a73b330 Exception <a 'java/lang/NoSuchMethodError'{0x0000000089347830}: 'void java.lang.invoke.DirectMethodHandle$Holder.invokeSpecial(java.lang.Object, java.lang.Object, java.lang.Object, java.lang.Object, java.lang.Object)'> (0x0000000089347830) 
thrown [s\open\src\hotspot\share\interpreter\linkResolver.cpp, line 773]
Event: 2.734 Thread 0x0000023d3a73b330 Exception <a 'java/lang/NoSuchMethodError'{0x0000000089174e58}: 'java.lang.Object java.lang.invoke.DirectMethodHandle$Holder.invokeSpecial(java.lang.Object, java.lang.Object, java.lang.Object, int, java.lang.Object)'> (0x0000000089174e58) 
thrown [s\open\src\hotspot\share\interpreter\linkResolver.cpp, line 773]
Event: 2.736 Thread 0x0000023d3a73b330 Exception <a 'java/lang/NoSuchMethodError'{0x000000008917d1f8}: 'java.lang.Object java.lang.invoke.DirectMethodHandle$Holder.newInvokeSpecial(java.lang.Object, java.lang.Object, java.lang.Object, int, java.lang.Object)'> (0x000000008917d1f8) 
thrown [s\open\src\hotspot\share\interpreter\linkResolver.cpp, line 773]
Event: 2.738 Thread 0x0000023d3a73b330 Exception <a 'java/lang/NoSuchMethodError'{0x00000000891846b0}: 'java.lang.Object java.lang.invoke.Invokers$Holder.linkToTargetMethod(java.lang.Object, java.lang.Object, int, java.lang.Object, java.lang.Object)'> (0x00000000891846b0) 
thrown [s\open\src\hotspot\share\interpreter\linkResolver.cpp, line 773]
Event: 2.740 Thread 0x0000023d3a73b330 Exception <a 'java/lang/NoSuchMethodError'{0x00000000891927f8}: 'java.lang.Object java.lang.invoke.DirectMethodHandle$Holder.newInvokeSpecial(java.lang.Object, int, java.lang.Object)'> (0x00000000891927f8) 
thrown [s\open\src\hotspot\share\interpreter\linkResolver.cpp, line 773]
Event: 2.742 Thread 0x0000023d3a73b330 Exception <a 'java/lang/NoSuchMethodError'{0x00000000891971a8}: 'int java.lang.invoke.DirectMethodHandle$Holder.invokeSpecialIFC(java.lang.Object, java.lang.Object, java.lang.Object, java.lang.Object)'> (0x00000000891971a8) 
thrown [s\open\src\hotspot\share\interpreter\linkResolver.cpp, line 773]
Event: 2.828 Thread 0x0000023d3a73b330 Exception <a 'java/lang/NoSuchMethodError'{0x0000000089daa768}: 'void java.lang.invoke.DirectMethodHandle$Holder.invokeInterface(java.lang.Object, java.lang.Object, java.lang.Object)'> (0x0000000089daa768) 
thrown [s\open\src\hotspot\share\interpreter\linkResolver.cpp, line 773]
Event: 2.943 Thread 0x0000023d3a73b330 Exception <a 'java/lang/NoSuchMethodError'{0x0000000089c14bf0}: 'void java.lang.invoke.DirectMethodHandle$Holder.invokeStaticInit(java.lang.Object, java.lang.Object)'> (0x0000000089c14bf0) 
thrown [s\open\src\hotspot\share\interpreter\linkResolver.cpp, line 773]
Event: 2.950 Thread 0x0000023d3a73b330 Exception <a 'java/lang/NoSuchMethodError'{0x0000000089c204f8}: 'void java.lang.invoke.DirectMethodHandle$Holder.invokeStaticInit(java.lang.Object, java.lang.Object, java.lang.Object)'> (0x0000000089c204f8) 
thrown [s\open\src\hotspot\share\interpreter\linkResolver.cpp, line 773]
Event: 2.967 Thread 0x0000023d3a73b330 Exception <a 'java/lang/NoSuchMethodError'{0x0000000089c5c058}: 'java.lang.Object java.lang.invoke.DirectMethodHandle$Holder.invokeStatic(java.lang.Object, long, java.lang.Object)'> (0x0000000089c5c058) 
thrown [s\open\src\hotspot\share\interpreter\linkResolver.cpp, line 773]
Event: 2.968 Thread 0x0000023d3a73b330 Exception <a 'java/lang/NoSuchMethodError'{0x0000000089c5f6b0}: 'java.lang.Object java.lang.invoke.DirectMethodHandle$Holder.invokeStaticInit(java.lang.Object, long, java.lang.Object)'> (0x0000000089c5f6b0) 
thrown [s\open\src\hotspot\share\interpreter\linkResolver.cpp, line 773]
Event: 2.970 Thread 0x0000023d3a73b330 Exception <a 'java/lang/NoSuchMethodError'{0x0000000089c65410}: 'java.lang.Object java.lang.invoke.DirectMethodHandle$Holder.newInvokeSpecial(java.lang.Object, long)'> (0x0000000089c65410) 
thrown [s\open\src\hotspot\share\interpreter\linkResolver.cpp, line 773]
Event: 2.997 Thread 0x0000023d3a73b330 Exception <a 'java/lang/NoSuchMethodError'{0x0000000089ca3df8}: 'void java.lang.invoke.DirectMethodHandle$Holder.invokeVirtual(java.lang.Object, java.lang.Object, java.lang.Object, java.lang.Object)'> (0x0000000089ca3df8) 
thrown [s\open\src\hotspot\share\interpreter\linkResolver.cpp, line 773]
Event: 3.124 Thread 0x0000023d3a73b330 Exception <a 'java/lang/NoSuchMethodError'{0x0000000089bc5ab0}: 'void java.lang.invoke.DirectMethodHandle$Holder.invokeSpecial(java.lang.Object, java.lang.Object, java.lang.Object)'> (0x0000000089bc5ab0) 
thrown [s\open\src\hotspot\share\interpreter\linkResolver.cpp, line 773]
Event: 3.154 Thread 0x0000023d3a73b330 Exception <a 'java/lang/IncompatibleClassChangeError'{0x0000000089bf5ce8}: Found class java.lang.Object, but interface was expected> (0x0000000089bf5ce8) 
thrown [s\open\src\hotspot\share\interpreter\linkResolver.cpp, line 840]
Event: 3.161 Thread 0x0000023d3a73b330 Exception <a 'java/lang/NoSuchMethodError'{0x0000000089a09850}: 'java.lang.Object java.lang.invoke.DirectMethodHandle$Holder.invokeStaticInit(java.lang.Object, int)'> (0x0000000089a09850) 
thrown [s\open\src\hotspot\share\interpreter\linkResolver.cpp, line 773]
Event: 3.166 Thread 0x0000023d3a73b330 Exception <a 'java/lang/NoSuchMethodError'{0x0000000089a14980}: 'java.lang.Object java.lang.invoke.DirectMethodHandle$Holder.invokeStatic(java.lang.Object, int, java.lang.Object)'> (0x0000000089a14980) 
thrown [s\open\src\hotspot\share\interpreter\linkResolver.cpp, line 773]
Event: 3.167 Thread 0x0000023d3a73b330 Exception <a 'java/lang/NoSuchMethodError'{0x0000000089a17fd0}: 'java.lang.Object java.lang.invoke.DirectMethodHandle$Holder.invokeStaticInit(java.lang.Object, int, java.lang.Object)'> (0x0000000089a17fd0) 
thrown [s\open\src\hotspot\share\interpreter\linkResolver.cpp, line 773]
Event: 3.184 Thread 0x0000023d9c793b10 Exception <a 'java/lang/NoClassDefFoundError'{0x0000000089a56790}: jakarta/validation/Validation> (0x0000000089a56790) 
thrown [s\open\src\hotspot\share\classfile\systemDictionary.cpp, line 294]
Event: 4.058 Thread 0x0000023d3a73b330 Exception <a 'java/lang/NoSuchMethodError'{0x00000000890911f8}: 'int java.lang.invoke.Invokers$Holder.invokeExact_MT(java.lang.Object, java.lang.Object)'> (0x00000000890911f8) 
thrown [s\open\src\hotspot\share\interpreter\linkResolver.cpp, line 773]

VM Operations (20 events):
Event: 1.826 Executing VM operation: HandshakeAllThreads
Event: 1.826 Executing VM operation: HandshakeAllThreads done
Event: 1.827 Executing VM operation: HandshakeAllThreads
Event: 1.827 Executing VM operation: HandshakeAllThreads done
Event: 2.041 Executing VM operation: HandshakeAllThreads
Event: 2.042 Executing VM operation: HandshakeAllThreads done
Event: 2.515 Executing VM operation: HandshakeAllThreads
Event: 2.515 Executing VM operation: HandshakeAllThreads done
Event: 2.767 Executing VM operation: G1CollectForAllocation
Event: 2.775 Executing VM operation: G1CollectForAllocation done
Event: 3.089 Executing VM operation: HandshakeAllThreads
Event: 3.089 Executing VM operation: HandshakeAllThreads done
Event: 3.100 Executing VM operation: HandshakeAllThreads
Event: 3.100 Executing VM operation: HandshakeAllThreads done
Event: 3.100 Executing VM operation: HandshakeAllThreads
Event: 3.100 Executing VM operation: HandshakeAllThreads done
Event: 4.001 Executing VM operation: HandshakeAllThreads
Event: 4.001 Executing VM operation: HandshakeAllThreads done
Event: 4.001 Executing VM operation: Cleanup
Event: 4.002 Executing VM operation: Cleanup done

Events (17 events):
Event: 0.129 Thread 0x0000023d3a73b330 Thread added: 0x0000023d3a73b330
Event: 0.163 Thread 0x0000023d568679e0 Thread added: 0x0000023d568679e0
Event: 0.163 Thread 0x0000023d56868980 Thread added: 0x0000023d56868980
Event: 0.166 Thread 0x0000023d5686c940 Thread added: 0x0000023d5686c940
Event: 0.166 Thread 0x0000023d568703a0 Thread added: 0x0000023d568703a0
Event: 0.166 Thread 0x0000023d56870ce0 Thread added: 0x0000023d56870ce0
Event: 0.166 Thread 0x0000023d56871620 Thread added: 0x0000023d56871620
Event: 0.167 Thread 0x0000023d56872290 Thread added: 0x0000023d56872290
Event: 0.178 Thread 0x0000023d568c5f60 Thread added: 0x0000023d568c5f60
Event: 0.485 Thread 0x0000023d56834590 Thread added: 0x0000023d56834590
Event: 1.019 Thread 0x0000023d9bd879a0 Thread added: 0x0000023d9bd879a0
Event: 1.019 Thread 0x0000023d9bffe0c0 Thread added: 0x0000023d9bffe0c0
Event: 1.241 Thread 0x0000023d9c100940 Thread added: 0x0000023d9c100940
Event: 1.833 Thread 0x0000023d9c100940 Thread exited: 0x0000023d9c100940
Event: 3.146 Thread 0x0000023d9c793b10 Thread added: 0x0000023d9c793b10
Event: 3.680 Thread 0x0000023d9ca9f020 Thread added: 0x0000023d9ca9f020
Event: 3.946 Thread 0x0000023d9ca9f020 Thread exited: 0x0000023d9ca9f020


Dynamic libraries:
0x00007ff71d6c0000 - 0x00007ff71d6d0000 	C:\Program Files\Java\jdk-20\bin\java.exe
0x00007ffc00a50000 - 0x00007ffc00c48000 	C:\Windows\SYSTEM32\ntdll.dll
0x00007ffbfeab0000 - 0x00007ffbfeb6d000 	C:\Windows\System32\KERNEL32.DLL
0x00007ffbfe2b0000 - 0x00007ffbfe5a6000 	C:\Windows\System32\KERNELBASE.dll
0x00007ffbfe7d0000 - 0x00007ffbfe8d0000 	C:\Windows\System32\ucrtbase.dll
0x00007ffbf62d0000 - 0x00007ffbf62e9000 	C:\Program Files\Java\jdk-20\bin\jli.dll
0x00007ffbff040000 - 0x00007ffbff0ef000 	C:\Windows\System32\ADVAPI32.dll
0x00007ffc001d0000 - 0x00007ffc0026e000 	C:\Windows\System32\msvcrt.dll
0x00007ffbfed10000 - 0x00007ffbfedac000 	C:\Windows\System32\sechost.dll
0x00007ffbff1b0000 - 0x00007ffbff2d6000 	C:\Windows\System32\RPCRT4.dll
0x00007ffbfeb70000 - 0x00007ffbfed0e000 	C:\Windows\System32\USER32.dll
0x00007ffbfe1e0000 - 0x00007ffbfe202000 	C:\Windows\System32\win32u.dll
0x00007ffbff360000 - 0x00007ffbff38c000 	C:\Windows\System32\GDI32.dll
0x00007ffbfe960000 - 0x00007ffbfea7a000 	C:\Windows\System32\gdi32full.dll
0x00007ffbfe210000 - 0x00007ffbfe2ad000 	C:\Windows\System32\msvcp_win.dll
0x00007ffbeee90000 - 0x00007ffbef12a000 	C:\Windows\WinSxS\amd64_microsoft.windows.common-controls_6595b64144ccf1df_6.0.19041.3636_none_60b6a03d71f818d5\COMCTL32.dll
0x00007ffbf16b0000 - 0x00007ffbf16ba000 	C:\Windows\SYSTEM32\VERSION.dll
0x00007ffbf6800000 - 0x00007ffbf681b000 	C:\Program Files\Java\jdk-20\bin\VCRUNTIME140.dll
0x00007ffc00140000 - 0x00007ffc00170000 	C:\Windows\System32\IMM32.DLL
0x00007ffbf9420000 - 0x00007ffbf942c000 	C:\Program Files\Java\jdk-20\bin\vcruntime140_1.dll
0x00007ffbce900000 - 0x00007ffbce98e000 	C:\Program Files\Java\jdk-20\bin\msvcp140.dll
0x00007ffbc3730000 - 0x00007ffbc43c8000 	C:\Program Files\Java\jdk-20\bin\server\jvm.dll
0x00007ffbf8230000 - 0x00007ffbf8239000 	C:\Windows\SYSTEM32\WSOCK32.dll
0x00007ffbff2e0000 - 0x00007ffbff34b000 	C:\Windows\System32\WS2_32.dll
0x00007ffbf0840000 - 0x00007ffbf0867000 	C:\Windows\SYSTEM32\WINMM.dll
0x00007ffbfc940000 - 0x00007ffbfc952000 	C:\Windows\SYSTEM32\kernel.appcore.dll
0x00007ffbf7c60000 - 0x00007ffbf7c6a000 	C:\Program Files\Java\jdk-20\bin\jimage.dll
0x00007ffbebd90000 - 0x00007ffbebf74000 	C:\Windows\SYSTEM32\DBGHELP.DLL
0x00007ffbebc70000 - 0x00007ffbebca4000 	C:\Windows\SYSTEM32\dbgcore.DLL
0x00007ffbfe8d0000 - 0x00007ffbfe952000 	C:\Windows\System32\bcryptPrimitives.dll
0x00007ffbf7bc0000 - 0x00007ffbf7bce000 	C:\Program Files\Java\jdk-20\bin\instrument.dll
0x00007ffbe2480000 - 0x00007ffbe24a6000 	C:\Program Files\Java\jdk-20\bin\java.dll
0x00007ffbca6b0000 - 0x00007ffbca787000 	C:\Program Files\Java\jdk-20\bin\jsvml.dll
0x00007ffbff3a0000 - 0x00007ffbffae5000 	C:\Windows\System32\SHELL32.dll
0x00007ffbfbc00000 - 0x00007ffbfc39b000 	C:\Windows\SYSTEM32\windows.storage.dll
0x00007ffc00270000 - 0x00007ffc005c4000 	C:\Windows\System32\combase.dll
0x00007ffbfd9c0000 - 0x00007ffbfd9ed000 	C:\Windows\SYSTEM32\Wldp.dll
0x00007ffbffaf0000 - 0x00007ffbffb9d000 	C:\Windows\System32\SHCORE.dll
0x00007ffc00630000 - 0x00007ffc00685000 	C:\Windows\System32\shlwapi.dll
0x00007ffbfe060000 - 0x00007ffbfe085000 	C:\Windows\SYSTEM32\profapi.dll
0x00007ffbe2460000 - 0x00007ffbe2478000 	C:\Program Files\Java\jdk-20\bin\zip.dll
0x00007ffbe1d30000 - 0x00007ffbe1d43000 	C:\Program Files\Java\jdk-20\bin\net.dll
0x00007ffbf49f0000 - 0x00007ffbf4afa000 	C:\Windows\SYSTEM32\WINHTTP.dll
0x00007ffbfd7a0000 - 0x00007ffbfd80a000 	C:\Windows\system32\mswsock.dll
0x00007ffbdb960000 - 0x00007ffbdb976000 	C:\Program Files\Java\jdk-20\bin\nio.dll
0x00007ffbdb8c0000 - 0x00007ffbdb8da000 	C:\Program Files\JetBrains\IntelliJ IDEA Community Edition 2023.1.2\bin\breakgen64.dll
0x00007ffbf02d0000 - 0x00007ffbf02d7000 	C:\Program Files\Java\jdk-20\bin\extnet.dll
0x00007ffbe2b50000 - 0x00007ffbe2b60000 	C:\Program Files\Java\jdk-20\bin\verify.dll

dbghelp: loaded successfully - version: 4.0.5 - missing functions: none
symbol engine: initialized successfully - sym options: 0x614 - pdb path: .;C:\Program Files\Java\jdk-20\bin;C:\Windows\SYSTEM32;C:\Windows\WinSxS\amd64_microsoft.windows.common-controls_6595b64144ccf1df_6.0.19041.3636_none_60b6a03d71f818d5;C:\Program Files\Java\jdk-20\bin\server;C:\Program Files\JetBrains\IntelliJ IDEA Community Edition 2023.1.2\bin

VM Arguments:
jvm_args: -javaagent:C:\Program Files\JetBrains\IntelliJ IDEA Community Edition 2023.1.2\lib\idea_rt.jar=53850:C:\Program Files\JetBrains\IntelliJ IDEA Community Edition 2023.1.2\bin -Dfile.encoding=UTF-8 -Dsun.stdout.encoding=UTF-8 -Dsun.stderr.encoding=UTF-8 
java_command: com.exam.SecurityApplication
java_class_path (initial): G:\Project\ExamsBackEnd\BackEnd\ExamServer_Springboot\target\classes;C:\Users\D e r r y\.m2\repository\org\springframework\boot\spring-boot-starter-security\3.0.4\spring-boot-starter-security-3.0.4.jar;C:\Users\D e r r y\.m2\repository\org\springframework\boot\spring-boot-starter\3.0.1\spring-boot-starter-3.0.1.jar;C:\Users\D e r r y\.m2\repository\org\springframework\boot\spring-boot\3.0.1\spring-boot-3.0.1.jar;C:\Users\D e r r y\.m2\repository\org\springframework\boot\spring-boot-autoconfigure\3.0.1\spring-boot-autoconfigure-3.0.1.jar;C:\Users\D e r r y\.m2\repository\org\springframework\boot\spring-boot-starter-logging\3.0.1\spring-boot-starter-logging-3.0.1.jar;C:\Users\D e r r y\.m2\repository\ch\qos\logback\logback-classic\1.4.5\logback-classic-1.4.5.jar;C:\Users\D e r r y\.m2\repository\ch\qos\logback\logback-core\1.4.5\logback-core-1.4.5.jar;C:\Users\D e r r y\.m2\repository\org\apache\logging\log4j\log4j-to-slf4j\2.19.0\log4j-to-slf4j-2.19.0.jar;C:\Users\D e r r y\.m2\repository\org\apache\logging\log4j\log4j-api\2.19.0\log4j-api-2.19.0.jar;C:\Users\D e r r y\.m2\repository\org\slf4j\jul-to-slf4j\2.0.6\jul-to-slf4j-2.0.6.jar;C:\Users\D e r r y\.m2\repository\jakarta\annotation\jakarta.annotation-api\2.1.1\jakarta.annotation-api-2.1.1.jar;C:\Users\D e r r y\.m2\repository\org\yaml\snakeyaml\1.33\snakeyaml-1.33.jar;C:\Users\D e r r y\.m2\repository\org\springframework\spring-aop\6.0.3\spring-aop-6.0.3.jar;C:\Users\D e r r y\.m2\repository\org\springframework\security\spring-security-config\6.0.1\spring-security-config-6.0.1.jar;C:\Users\D e r r y\.m2\repository\org\springframework\security\spring-security-web\6.0.1\spring-security-web-6.0.1.jar;C:\Users\D e r r y\.m2\repository\org\springframework\boot\spring-boot-starter-web\3.1.0\spring-boot-starter-web-3.1.0.jar;C:\Users\D e r r y\.m2\repository\org\springframework\boot\spring-boot-starter-json\3.0.1\spring-boot-starter-json-3.0.1.jar;C:\Users\D e r r y\.m2\repository\com\fasterxml\jackson\datatype\jackson-datatype-jdk8\2.14.1\jackson-datatype-jdk8-2.14.1.jar;C:\Users\D e r r y\.m2\repository\com\fasterxml\jackson\datatype\jackson-datatype-jsr310\2.14.1\jackson-datatype-jsr310-2.14.1.jar;C:\Users\D e r r y\.m2\repository\com\fasterxml\jackson\module\jackson-module-parameter-names\2.14.1\jackson-module-parameter-names-2.14.1.jar;C:\Users\D e r r y\.m2\repository\org\springframework\boot\spring-boot-starter-tomcat\3.0.1\spring-boot-starter-tomcat-3.0.1.jar;C:\Users\D e r r y\.m2\repository\org\apache\tomcat\embed\tomcat-embed-core\10.1.4\tomcat-embed-core-10.1.4.jar;C:\Users\D e r r y\.m2\repository\org\apache\tomcat\embed\tomcat-embed-el\10.1.4\tomcat-embed-el-10.1.4.jar;C:\Users\D e r r y\.m2\repository\org\apache\tomcat\embed\tomcat-embed-websocket\10.1.4\tomcat-embed-websocket-10.1.4.jar;C:\Users\D e r r y\.m2\repository\org\springframework\spring-web\6.0.3\spring-web-6.0.3.jar;C:\Users\D e r r y\.m2\repository\io\micrometer\micrometer-observation\1.10.2\micrometer-observation-1.10.2.jar;C:\Users\D e r r y\.m2\repository\io\micrometer\micrometer-commons\1.10.2\micrometer-commons-1.10.2.jar;C:\Users\D e r r y\.m2\repository\org\springframework\spring-webmvc\6.0.3\spring-webmvc-6.0.3.jar;C:\Users\D e r r y\.m2\repository\com\mysql\mysql-connector-j\8.0.32\mysql-connector-j-8.0.32.jar;C:\Users\D e r r y\.m2\repository\org\springframework\boot\spring-boot-starter-data-jpa\3.0.4\spring-boot-starter-data-jpa-3.0.4.jar;C:\Users\D e r r y\.m2\repository\org\springframework\boot\spring-boot-starter-aop\3.0.1\spring-boot-starter-aop-3.0.1.jar;C:\Users\D e r r y\.m2\repository\org\aspectj\aspectjweaver\1.9.19\aspectjweaver-1.9.19.jar;C:\Users\D e r r y\.m2\repository\org\springframework\boot\spring-boot-starter-jdbc\3.0.1\spring-boot-starter-jdbc-3.0.1.jar;C:\Users\D e r r y\.m2\repository\com\zaxxer\HikariCP\5.0.1\HikariCP-5.0.1.jar;C:\Users\D e r r y\.m2\repository\org\springframework\spring-jdbc\6.0.3\spring-jdbc-6.0.3.jar;C:\Users\D e r r y\.m2\repository\org\hibernate\orm\hibernate-core\6.1.6.Final\hibernate-core-6.1.6.Final.jar;C:\Users\D e r r y\.m2\repository\jakarta\persistence\jakarta.persistence-api\3.1.0\jakarta.persistence-api-3.1.0.jar;C:\Users\D e r r y\.m2\repository\jakarta\transaction\jakarta.transaction-api\2.0.1\jakarta.transaction-api-2.0.1.jar;C:\Users\D e r r y\.m2\repository\org\jboss\logging\jboss-logging\3.5.0.Final\jboss-logging-3.5.0.Final.jar;C:\Users\D e r r y\.m2\repository\org\hibernate\common\hibernate-commons-annotations\6.0.2.Final\hibernate-commons-annotations-6.0.2.Final.jar;C:\Users\D e r r y\.m2\repository\org\jboss\jandex\2.4.2.Final\jandex-2.4.2.Final.jar;C:\Users\D e r r y\.m2\repository\com\fasterxml\classmate\1.5.1\classmate-1.5.1.jar;C:\Users\D e r r y\.m2\repository\net\bytebuddy\byte-buddy\1.12.20\byte-buddy-1.12.20.jar;C:\Users\D e r r y\.m2\repository\org\glassfish\jaxb\jaxb-runtime\4.0.1\jaxb-runtime-4.0.1.jar;C:\Users\D e r r y\.m2\repository\org\glassfish\jaxb\jaxb-core\4.0.1\jaxb-core-4.0.1.jar;C:\Users\D e r r y\.m2\repository\org\eclipse\angus\angus-activation\1.0.0\angus-activation-1.0.0.jar;C:\Users\D e r r y\.m2\repository\org\glassfish\jaxb\txw2\4.0.1\txw2-4.0.1.jar;C:\Users\D e r r y\.m2\repository\com\sun\istack\istack-commons-runtime\4.1.1\istack-commons-runtime-4.1.1.jar;C:\Users\D e r r y\.m2\repository\jakarta\inject\jakarta.inject-api\2.0.0\jakarta.inject-api-2.0.0.jar;C:\Users\D e r r y\.m2\repository\org\antlr\antlr4-runtime\4.10.1\antlr4-runtime-4.10.1.jar;C:\Users\D e r r y\.m2\repository\org\springframework\data\spring-data-jpa\3.0.0\spring-data-jpa-3.0.0.jar;C:\Users\D e r r y\.m2\repository\org\springframework\data\spring-data-commons\3.0.0\spring-data-commons-3.0.0.jar;C:\Users\D e r r y\.m2\repository\org\springframework\spring-orm\6.0.3\spring-orm-6.0.3.jar;C:\Users\D e r r y\.m2\repository\org\springframework\spring-tx\6.0.3\spring-tx-6.0.3.jar;C:\Users\D e r r y\.m2\repository\org\slf4j\slf4j-api\2.0.6\slf4j-api-2.0.6.jar;C:\Users\D e r r y\.m2\repository\org\springframework\spring-aspects\6.0.3\spring-aspects-6.0.3.jar;C:\Users\D e r r y\.m2\repository\org\projectlombok\lombok\1.18.26\lombok-1.18.26.jar;C:\Users\D e r r y\.m2\repository\org\springframework\spring-context\6.0.9\spring-context-6.0.9.jar;C:\Users\D e r r y\.m2\repository\org\springframework\spring-beans\6.0.3\spring-beans-6.0.3.jar;C:\Users\D e r r y\.m2\repository\org\springframework\spring-core\6.0.3\spring-core-6.0.3.jar;C:\Users\D e r r y\.m2\repository\org\springframework\spring-jcl\6.0.3\spring-jcl-6.0.3.jar;C:\Users\D e r r y\.m2\repository\org\springframework\spring-expression\6.0.3\spring-expression-6.0.3.jar;C:\Users\D e r r y\.m2\repository\io\jsonwebtoken\jjwt-api\0.11.5\jjwt-api-0.11.5.jar;C:\Users\D e r r y\.m2\repository\io\jsonwebtoken\jjwt-impl\0.11.5\jjwt-impl-0.11.5.jar;C:\Users\D e r r y\.m2\repository\io\jsonwebtoken\jjwt-jackson\0.11.5\jjwt-jackson-0.11.5.jar;C:\Users\D e r r y\.m2\repository\com\fasterxml\jackson\core\jackson-databind\2.14.1\jackson-databind-2.14.1.jar;C:\Users\D e r r y\.m2\repository\com\fasterxml\jackson\core\jackson-annotations\2.14.1\jackson-annotations-2.14.1.jar;C:\Users\D e r r y\.m2\repository\com\fasterxml\jackson\core\jackson-core\2.14.1\jackson-core-2.14.1.jar;C:\Users\D e r r y\.m2\repository\jakarta\xml\bind\jakarta.xml.bind-api\4.0.0\jakarta.xml.bind-api-4.0.0.jar;C:\Users\D e r r y\.m2\repository\jakarta\activation\jakarta.activation-api\2.1.0\jakarta.activation-api-2.1.0.jar;C:\Users\D e r r y\.m2\repository\org\springframework\security\spring-security-core\6.0.1\spring-security-core-6.0.1.jar;C:\Users\D e r r y\.m2\repository\org\springframework\security\spring-security-crypto\6.0.1\spring-security-crypto-6.0.1.jar
Launcher Type: SUN_STANDARD

[Global flags]
     intx CICompilerCount                          = 3                                         {product} {ergonomic}
     uint ConcGCThreads                            = 1                                         {product} {ergonomic}
     uint G1ConcRefinementThreads                  = 4                                         {product} {ergonomic}
   size_t G1HeapRegionSize                         = 1048576                                   {product} {ergonomic}
    uintx GCDrainStackTargetSize                   = 64                                        {product} {ergonomic}
   size_t InitialHeapSize                          = 134217728                                 {product} {ergonomic}
   size_t MarkStackSize                            = 4194304                                   {product} {ergonomic}
   size_t MaxHeapSize                              = 2116026368                                {product} {ergonomic}
   size_t MaxNewSize                               = 1268776960                                {product} {ergonomic}
   size_t MinHeapDeltaBytes                        = 1048576                                   {product} {ergonomic}
   size_t MinHeapSize                              = 8388608                                   {product} {ergonomic}
    uintx NonNMethodCodeHeapSize                   = 5832780                                {pd product} {ergonomic}
    uintx NonProfiledCodeHeapSize                  = 122912730                              {pd product} {ergonomic}
    uintx ProfiledCodeHeapSize                     = 122912730                              {pd product} {ergonomic}
    uintx ReservedCodeCacheSize                    = 251658240                              {pd product} {ergonomic}
     bool SegmentedCodeCache                       = true                                      {product} {ergonomic}
   size_t SoftMaxHeapSize                          = 2116026368                             {manageable} {ergonomic}
     bool UseCompressedClassPointers               = true                           {product lp64_product} {ergonomic}
     bool UseCompressedOops                        = true                           {product lp64_product} {ergonomic}
     bool UseG1GC                                  = true                                      {product} {ergonomic}
     bool UseLargePagesIndividualAllocation        = false                                  {pd product} {ergonomic}

Logging:
Log output configuration:
 #0: stdout all=warning uptime,level,tags foldmultilines=false
 #1: stderr all=off uptime,level,tags foldmultilines=false

Environment Variables:
PATH=C:\Program Files\Common Files\Oracle\Java\javapath;C:\Program Files (x86)\Common Files\Oracle\Java\javapath;C:\Windows\system32;C:\Windows;C:\Windows\System32\Wbem;C:\Windows\System32\WindowsPowerShell\v1.0\;C:\Windows\System32\OpenSSH\;C:\Program Files\nodejs\;C:\Program Files\Git\cmd;C:\ProgramData\chocolatey\bin;C:\Program Files\apache-maven-3.9.4-bin\apache-maven-3.9.4\bin;C:\Program Files\dotnet\;C:\Users\D e r r y\anaconda3;C:\Users\D e r r y\anaconda3\Library\mingw-w64\bin;C:\Users\D e r r y\anaconda3\Library\usr\bin;C:\Users\D e r r y\anaconda3\Library\bin;C:\Users\D e r r y\anaconda3\Scripts;C:\Program Files\MySQL\MySQL Shell 8.0\bin\;C:\Users\D e r r y\AppData\Local\Microsoft\WindowsApps;C:\Program Files\JetBrains\IntelliJ IDEA Community Edition 2023.1.2\bin;;C:\Program Files\JetBrains\PyCharm Community Edition 2023.1.2\bin;;C:\Users\D e r r y\AppData\Roaming\npm;C:\Users\D e r r y\AppData\Local\Programs\Microsoft VS Code\bin;C:\Users\D e r r y\AppData\Local\Programs\MiKTeX\miktex\bin\x64\;C:\Users\D e r r y\AppData\Local\GitHubDesktop\bin;C:\Program Files\heroku\bin;C:\Program Files\bin
USERNAME=D e r r y
OS=Windows_NT
PROCESSOR_IDENTIFIER=Intel64 Family 6 Model 61 Stepping 4, GenuineIntel
TMP=C:\Users\DERRY~1\AppData\Local\Temp
TEMP=C:\Users\DERRY~1\AppData\Local\Temp




---------------  S Y S T E M  ---------------

OS:
 Windows 10 , 64 bit Build 19041 (10.0.19041.3636)
OS uptime: 0 days 8:43 hours
Hyper-V role detected

CPU: total 4 (initial active 4) (2 cores per cpu, 2 threads per core) family 6 model 61 stepping 4 microcode 0x2f, cx8, cmov, fxsr, ht, mmx, 3dnowpref, sse, sse2, sse3, ssse3, sse4.1, sse4.2, popcnt, lzcnt, tsc, tscinvbit, avx, avx2, aes, erms, clmul, bmi1, bmi2, rtm, adx, fma, vzeroupper, clflush, hv, rdtscp, f16c

Memory: 4k page, system-wide physical 8067M (1386M free)
TotalPageFile size 10115M (AvailPageFile size 4M)
current process WorkingSet (physical memory assigned to process): 95M, peak: 95M
current process commit charge ("private bytes"): 229M, peak: 229M

vm_info: Java HotSpot(TM) 64-Bit Server VM (20.0.2+9-78) for windows-amd64 JRE (20.0.2+9-78), built on 2023-06-14T10:08:48Z by "mach5one" with MS VC++ 17.1 (VS2022)

END.
