#
# There is insufficient memory for the Java Runtime Environment to continue.
# Native memory allocation (malloc) failed to allocate 1992336 bytes for Chunk::new
# Possible reasons:
#   The system is out of physical RAM or swap space
#   The process is running with CompressedOops enabled, and the Java Heap may be blocking the growth of the native heap
# Possible solutions:
#   Reduce memory load on the system
#   Increase physical memory or swap space
#   Check if swap backing store is full
#   Decrease Java heap size (-Xmx/-Xms)
#   Decrease number of Java threads
#   Decrease Java thread stack sizes (-Xss)
#   Set larger code cache with -XX:ReservedCodeCacheSize=
#   JVM is running with Unscaled Compressed Oops mode in which the Java heap is
#     placed in the first 4GB address space. The Java Heap base address is the
#     maximum limit for the native heap growth. Please use -XX:HeapBaseMinAddress
#     to set the Java Heap base and to place the Java Heap above 4GB virtual address.
# This output file may be truncated or incomplete.
#
#  Out of Memory Error (arena.cpp:184), pid=12308, tid=872
#
# JRE version: Java(TM) SE Runtime Environment (20.0.2+9) (build 20.0.2+9-78)
# Java VM: Java HotSpot(TM) 64-Bit Server VM (20.0.2+9-78, mixed mode, sharing, tiered, compressed oops, compressed class ptrs, g1 gc, windows-amd64)
# No core dump will be written. Minidumps are not enabled by default on client versions of Windows
#

---------------  S U M M A R Y ------------

Command Line: -javaagent:C:\Program Files\JetBrains\IntelliJ IDEA Community Edition 2023.1.2\lib\idea_rt.jar=51345:C:\Program Files\JetBrains\IntelliJ IDEA Community Edition 2023.1.2\bin -Dfile.encoding=UTF-8 -Dsun.stdout.encoding=UTF-8 -Dsun.stderr.encoding=UTF-8 com.exam.SecurityApplication

Host: Intel(R) Core(TM) i5-5300U CPU @ 2.30GHz, 4 cores, 7G,  Windows 10 , 64 bit Build 19041 (10.0.19041.3636)
Time: Fri May 31 19:53:05 2024 Sao Tome Standard Time elapsed time: 11.009519 seconds (0d 0h 0m 11s)

---------------  T H R E A D  ---------------

Current thread (0x0000024a71c7d930):  JavaThread "C2 CompilerThread0" daemon [_thread_in_native, id=872, stack(0x000000d28f600000,0x000000d28f700000)]


Current CompileTask:
C2:  11009 5798       4       org.springframework.core.annotation.TypeMappedAnnotations::get (52 bytes)

Stack: [0x000000d28f600000,0x000000d28f700000]
Native frames: (J=compiled Java code, j=interpreted, Vv=VM code, C=native code)
V  [jvm.dll+0x6bc25a]
V  [jvm.dll+0x84971a]
V  [jvm.dll+0x84b315]
V  [jvm.dll+0x84ba13]
V  [jvm.dll+0x280e4f]
V  [jvm.dll+0xc2ab1]
V  [jvm.dll+0xc2dd5]
V  [jvm.dll+0x3bb64c]
V  [jvm.dll+0x385b75]
V  [jvm.dll+0x384fea]
V  [jvm.dll+0x24b529]
V  [jvm.dll+0x24a921]
V  [jvm.dll+0x1ce761]
V  [jvm.dll+0x25a0eb]
V  [jvm.dll+0x2587c0]
V  [jvm.dll+0x3f2dd5]
V  [jvm.dll+0x7f5c76]
V  [jvm.dll+0x6baecb]
C  [ucrtbase.dll+0x21bb2]
C  [KERNEL32.DLL+0x17344]
C  [ntdll.dll+0x526b1]


---------------  P R O C E S S  ---------------

Threads class SMR info:
_java_thread_list=0x0000024a7856fc00, length=16, elements={
0x0000024a55b328c0, 0x0000024a71c62eb0, 0x0000024a71c638c0, 0x0000024a71c67570,
0x0000024a71c68cd0, 0x0000024a71c6b230, 0x0000024a71c73b90, 0x0000024a71c7d930,
0x0000024a71c9fee0, 0x0000024a760e54f0, 0x0000024a761ef7a0, 0x0000024a762fe6c0,
0x0000024a77c023a0, 0x0000024a7659a660, 0x0000024a77c02e40, 0x0000024a77c01e50
}

Java Threads: ( => current thread )
  0x0000024a55b328c0 JavaThread "main" [_thread_in_Java, id=16048, stack(0x000000d28e900000,0x000000d28ea00000)]
  0x0000024a71c62eb0 JavaThread "Reference Handler" daemon [_thread_blocked, id=13076, stack(0x000000d28f000000,0x000000d28f100000)]
  0x0000024a71c638c0 JavaThread "Finalizer" daemon [_thread_blocked, id=11376, stack(0x000000d28f100000,0x000000d28f200000)]
  0x0000024a71c67570 JavaThread "Signal Dispatcher" daemon [_thread_blocked, id=15664, stack(0x000000d28f200000,0x000000d28f300000)]
  0x0000024a71c68cd0 JavaThread "Attach Listener" daemon [_thread_blocked, id=12508, stack(0x000000d28f300000,0x000000d28f400000)]
  0x0000024a71c6b230 JavaThread "Service Thread" daemon [_thread_blocked, id=4292, stack(0x000000d28f400000,0x000000d28f500000)]
  0x0000024a71c73b90 JavaThread "Monitor Deflation Thread" daemon [_thread_blocked, id=15604, stack(0x000000d28f500000,0x000000d28f600000)]
=>0x0000024a71c7d930 JavaThread "C2 CompilerThread0" daemon [_thread_in_native, id=872, stack(0x000000d28f600000,0x000000d28f700000)]
  0x0000024a71c9fee0 JavaThread "C1 CompilerThread0" daemon [_thread_blocked, id=9016, stack(0x000000d28f700000,0x000000d28f800000)]
  0x0000024a760e54f0 JavaThread "Common-Cleaner" daemon [_thread_blocked, id=9680, stack(0x000000d28f800000,0x000000d28f900000)]
  0x0000024a761ef7a0 JavaThread "Monitor Ctrl-Break" daemon [_thread_in_native, id=5328, stack(0x000000d28fa00000,0x000000d28fb00000)]
  0x0000024a762fe6c0 JavaThread "Notification Thread" daemon [_thread_blocked, id=4584, stack(0x000000d28fb00000,0x000000d28fc00000)]
  0x0000024a77c023a0 JavaThread "mysql-cj-abandoned-connection-cleanup" daemon [_thread_blocked, id=16924, stack(0x000000d290000000,0x000000d290100000)]
  0x0000024a7659a660 JavaThread "C2 CompilerThread1" daemon [_thread_in_native, id=6920, stack(0x000000d290100000,0x000000d290200000)]
  0x0000024a77c02e40 JavaThread "HikariPool-1 housekeeper" daemon [_thread_blocked, id=14928, stack(0x000000d290200000,0x000000d290300000)]
  0x0000024a77c01e50 JavaThread "HikariPool-1 connection adder" daemon [_thread_blocked, id=16328, stack(0x000000d290300000,0x000000d290400000)]

Other Threads:
  0x0000024a71c46140 VMThread "VM Thread" [stack: 0x000000d28ef00000,0x000000d28f000000] [id=12588]
  0x0000024a761efcf0 WatcherThread "VM Periodic Task Thread" [stack: 0x000000d28fc00000,0x000000d28fd00000] [id=11000]
  0x0000024a55b8eef0 WorkerThread "GC Thread#0" [stack: 0x000000d28ea00000,0x000000d28eb00000] [id=14420]
  0x0000024a76764b70 WorkerThread "GC Thread#1" [stack: 0x000000d28fd00000,0x000000d28fe00000] [id=3036]
  0x0000024a76765650 WorkerThread "GC Thread#2" [stack: 0x000000d28fe00000,0x000000d28ff00000] [id=1968]
  0x0000024a76767160 WorkerThread "GC Thread#3" [stack: 0x000000d28ff00000,0x000000d290000000] [id=5052]
  0x0000024a55ba0380 ConcurrentGCThread "G1 Main Marker" [stack: 0x000000d28eb00000,0x000000d28ec00000] [id=4516]
  0x0000024a55ba0db0 WorkerThread "G1 Conc#0" [stack: 0x000000d28ec00000,0x000000d28ed00000] [id=12036]
  0x0000024a55bee460 ConcurrentGCThread "G1 Refine#0" [stack: 0x000000d28ed00000,0x000000d28ee00000] [id=8864]
  0x0000024a55beeb10 ConcurrentGCThread "G1 Service" [stack: 0x000000d28ee00000,0x000000d28ef00000] [id=17092]

Threads with active compile tasks:
C2 CompilerThread0    11062 5798       4       org.springframework.core.annotation.TypeMappedAnnotations::get (52 bytes)
C2 CompilerThread1    11062 5815   !   4       org.springframework.core.annotation.AnnotationsScanner::processMethodHierarchy (276 bytes)

VM state: not at safepoint (normal execution)

VM Mutex/Monitor currently owned by a thread: None

Heap address: 0x0000000081e00000, size: 2018 MB, Compressed Oops mode: 32-bit

CDS archive(s) mapped at: [0x0000024a00000000-0x0000024a00c60000-0x0000024a00c60000), size 12976128, SharedBaseAddress: 0x0000024a00000000, ArchiveRelocationMode: 1.
Compressed class space mapped at: 0x0000024a01000000-0x0000024a41000000, reserved size: 1073741824
Narrow klass base: 0x0000024a00000000, Narrow klass shift: 0, Narrow klass range: 0x100000000

GC Precious Log:
 CardTable entry size: 512
 Card Set container configuration: InlinePtr #cards 5 size 8 Array Of Cards #cards 12 size 40 Howl #buckets 4 coarsen threshold 1843 Howl Bitmap #cards 512 size 80 coarsen threshold 460 Card regions per heap region 1 cards per card region 2048
 CPUs: 4 total, 4 available
 Memory: 8067M
 Large Page Support: Disabled
 NUMA Support: Disabled
 Compressed Oops: Enabled (32-bit)
 Heap Region Size: 1M
 Heap Min Capacity: 8M
 Heap Initial Capacity: 128M
 Heap Max Capacity: 2018M
 Pre-touch: Disabled
 Parallel Workers: 4
 Concurrent Workers: 1
 Concurrent Refinement Workers: 4
 Periodic GC: Disabled

Heap:
 garbage-first heap   total 51200K, used 42148K [0x0000000081e00000, 0x0000000100000000)
  region size 1024K, 22 young (22528K), 3 survivors (3072K)
 Metaspace       used 57443K, committed 58048K, reserved 1114112K
  class space    used 7517K, committed 7744K, reserved 1048576K

Heap Regions: E=young(eden), S=young(survivor), O=old, HS=humongous(starts), HC=humongous(continues), CS=collection set, F=free, OA=open archive, CA=closed archive, TAMS=top-at-mark-start, PB=parsable bottom
|   0|0x0000000081e00000, 0x0000000081f00000, 0x0000000081f00000|100%|HS|  |TAMS 0x0000000081e00000| PB 0x0000000081e00000| Complete 
|   1|0x0000000081f00000, 0x0000000082000000, 0x0000000082000000|100%| O|  |TAMS 0x0000000081f00000| PB 0x0000000081f00000| Untracked 
|   2|0x0000000082000000, 0x0000000082100000, 0x0000000082100000|100%| O|  |TAMS 0x0000000082000000| PB 0x0000000082000000| Untracked 
|   3|0x0000000082100000, 0x0000000082200000, 0x0000000082200000|100%| O|  |TAMS 0x0000000082100000| PB 0x0000000082100000| Untracked 
|   4|0x0000000082200000, 0x0000000082300000, 0x0000000082300000|100%| O|  |TAMS 0x0000000082200000| PB 0x0000000082200000| Untracked 
|   5|0x0000000082300000, 0x0000000082400000, 0x0000000082400000|100%| O|  |TAMS 0x0000000082300000| PB 0x0000000082300000| Untracked 
|   6|0x0000000082400000, 0x0000000082500000, 0x0000000082500000|100%| O|  |TAMS 0x0000000082400000| PB 0x0000000082400000| Untracked 
|   7|0x0000000082500000, 0x0000000082600000, 0x0000000082600000|100%| O|  |TAMS 0x0000000082500000| PB 0x0000000082500000| Untracked 
|   8|0x0000000082600000, 0x0000000082700000, 0x0000000082700000|100%| O|  |TAMS 0x0000000082600000| PB 0x0000000082600000| Untracked 
|   9|0x0000000082700000, 0x0000000082800000, 0x0000000082800000|100%| O|  |TAMS 0x0000000082700000| PB 0x0000000082700000| Untracked 
|  10|0x0000000082800000, 0x0000000082900000, 0x0000000082900000|100%| O|  |TAMS 0x0000000082800000| PB 0x0000000082800000| Untracked 
|  11|0x0000000082900000, 0x0000000082a00000, 0x0000000082a00000|100%| O|  |TAMS 0x0000000082900000| PB 0x0000000082900000| Untracked 
|  12|0x0000000082a00000, 0x0000000082b00000, 0x0000000082b00000|100%| O|  |TAMS 0x0000000082a00000| PB 0x0000000082a00000| Untracked 
|  13|0x0000000082b00000, 0x0000000082b00000, 0x0000000082c00000|  0%| F|  |TAMS 0x0000000082b00000| PB 0x0000000082b00000| Untracked 
|  14|0x0000000082c00000, 0x0000000082d00000, 0x0000000082d00000|100%| O|  |TAMS 0x0000000082c00000| PB 0x0000000082c00000| Untracked 
|  15|0x0000000082d00000, 0x0000000082e00000, 0x0000000082e00000|100%| O|  |TAMS 0x0000000082d00000| PB 0x0000000082d00000| Untracked 
|  16|0x0000000082e00000, 0x0000000082f00000, 0x0000000082f00000|100%| O|  |TAMS 0x0000000082e00000| PB 0x0000000082e00000| Untracked 
|  17|0x0000000082f00000, 0x0000000083000000, 0x0000000083000000|100%| O|  |TAMS 0x0000000082f00000| PB 0x0000000082f00000| Untracked 
|  18|0x0000000083000000, 0x0000000083100000, 0x0000000083100000|100%| O|  |TAMS 0x0000000083000000| PB 0x0000000083000000| Untracked 
|  19|0x0000000083100000, 0x0000000083200000, 0x0000000083200000|100%| O|  |TAMS 0x0000000083100000| PB 0x0000000083100000| Untracked 
|  20|0x0000000083200000, 0x0000000083200000, 0x0000000083300000|  0%| F|  |TAMS 0x0000000083200000| PB 0x0000000083200000| Untracked 
|  21|0x0000000083300000, 0x0000000083300000, 0x0000000083400000|  0%| F|  |TAMS 0x0000000083300000| PB 0x0000000083300000| Untracked 
|  22|0x0000000083400000, 0x0000000083400000, 0x0000000083500000|  0%| F|  |TAMS 0x0000000083400000| PB 0x0000000083400000| Untracked 
|  23|0x0000000083500000, 0x0000000083529140, 0x0000000083600000| 16%| S|CS|TAMS 0x0000000083500000| PB 0x0000000083500000| Complete 
|  24|0x0000000083600000, 0x0000000083700000, 0x0000000083700000|100%| O|  |TAMS 0x0000000083600000| PB 0x0000000083600000| Untracked 
|  25|0x0000000083700000, 0x0000000083800000, 0x0000000083800000|100%| O|  |TAMS 0x0000000083700000| PB 0x0000000083700000| Untracked 
|  26|0x0000000083800000, 0x0000000083900000, 0x0000000083900000|100%| S|CS|TAMS 0x0000000083800000| PB 0x0000000083800000| Complete 
|  27|0x0000000083900000, 0x0000000083a00000, 0x0000000083a00000|100%| S|CS|TAMS 0x0000000083900000| PB 0x0000000083900000| Complete 
|  28|0x0000000083a00000, 0x0000000083a00000, 0x0000000083b00000|  0%| F|  |TAMS 0x0000000083a00000| PB 0x0000000083a00000| Untracked 
|  29|0x0000000083b00000, 0x0000000083b00000, 0x0000000083c00000|  0%| F|  |TAMS 0x0000000083b00000| PB 0x0000000083b00000| Untracked 
|  30|0x0000000083c00000, 0x0000000083c00000, 0x0000000083d00000|  0%| F|  |TAMS 0x0000000083c00000| PB 0x0000000083c00000| Untracked 
|  31|0x0000000083d00000, 0x0000000083d5dbf0, 0x0000000083e00000| 36%| E|  |TAMS 0x0000000083d00000| PB 0x0000000083d00000| Complete 
|  32|0x0000000083e00000, 0x0000000083f00000, 0x0000000083f00000|100%| E|CS|TAMS 0x0000000083e00000| PB 0x0000000083e00000| Complete 
|  33|0x0000000083f00000, 0x0000000084000000, 0x0000000084000000|100%| E|CS|TAMS 0x0000000083f00000| PB 0x0000000083f00000| Complete 
|  34|0x0000000084000000, 0x0000000084100000, 0x0000000084100000|100%| E|CS|TAMS 0x0000000084000000| PB 0x0000000084000000| Complete 
|  35|0x0000000084100000, 0x0000000084200000, 0x0000000084200000|100%| E|CS|TAMS 0x0000000084100000| PB 0x0000000084100000| Complete 
|  36|0x0000000084200000, 0x0000000084300000, 0x0000000084300000|100%| E|CS|TAMS 0x0000000084200000| PB 0x0000000084200000| Complete 
|  37|0x0000000084300000, 0x0000000084400000, 0x0000000084400000|100%| E|CS|TAMS 0x0000000084300000| PB 0x0000000084300000| Complete 
|  38|0x0000000084400000, 0x0000000084500000, 0x0000000084500000|100%| E|CS|TAMS 0x0000000084400000| PB 0x0000000084400000| Complete 
|  39|0x0000000084500000, 0x0000000084600000, 0x0000000084600000|100%| E|CS|TAMS 0x0000000084500000| PB 0x0000000084500000| Complete 
|  40|0x0000000084600000, 0x0000000084700000, 0x0000000084700000|100%| E|CS|TAMS 0x0000000084600000| PB 0x0000000084600000| Complete 
|  41|0x0000000084700000, 0x0000000084800000, 0x0000000084800000|100%| E|CS|TAMS 0x0000000084700000| PB 0x0000000084700000| Complete 
|  74|0x0000000086800000, 0x0000000086900000, 0x0000000086900000|100%| E|CS|TAMS 0x0000000086800000| PB 0x0000000086800000| Complete 
|  75|0x0000000086900000, 0x0000000086a00000, 0x0000000086a00000|100%| E|CS|TAMS 0x0000000086900000| PB 0x0000000086900000| Complete 
|  76|0x0000000086a00000, 0x0000000086b00000, 0x0000000086b00000|100%| E|CS|TAMS 0x0000000086a00000| PB 0x0000000086a00000| Complete 
|  77|0x0000000086b00000, 0x0000000086c00000, 0x0000000086c00000|100%| E|CS|TAMS 0x0000000086b00000| PB 0x0000000086b00000| Complete 
|  78|0x0000000086c00000, 0x0000000086d00000, 0x0000000086d00000|100%| E|CS|TAMS 0x0000000086c00000| PB 0x0000000086c00000| Complete 
|  79|0x0000000086d00000, 0x0000000086e00000, 0x0000000086e00000|100%| E|CS|TAMS 0x0000000086d00000| PB 0x0000000086d00000| Complete 
|  80|0x0000000086e00000, 0x0000000086f00000, 0x0000000086f00000|100%| E|CS|TAMS 0x0000000086e00000| PB 0x0000000086e00000| Complete 
| 127|0x0000000089d00000, 0x0000000089e00000, 0x0000000089e00000|100%| E|CS|TAMS 0x0000000089d00000| PB 0x0000000089d00000| Complete 

Card table byte_map: [0x0000024a6d000000,0x0000024a6d400000] _byte_map_base: 0x0000024a6cbf1000

Marking Bits: (CMBitMap*) 0x0000024a55b8f520
 Bits: [0x0000024a6d800000, 0x0000024a6f788000)

Polling page: 0x0000024a53ab0000

Metaspace:

Usage:
  Non-class:     48.76 MB used.
      Class:      7.34 MB used.
       Both:     56.10 MB used.

Virtual space:
  Non-class space:       64.00 MB reserved,      49.12 MB ( 77%) committed,  1 nodes.
      Class space:        1.00 GB reserved,       7.56 MB ( <1%) committed,  1 nodes.
             Both:        1.06 GB reserved,      56.69 MB (  5%) committed. 

Chunk freelists:
   Non-Class:  2.23 MB
       Class:  400.00 KB
        Both:  2.62 MB

MaxMetaspaceSize: unlimited
CompressedClassSpaceSize: 1.00 GB
Initial GC threshold: 21.00 MB
Current GC threshold: 59.50 MB
CDS: on
MetaspaceReclaimPolicy: balanced
 - commit_granule_bytes: 65536.
 - commit_granule_words: 8192.
 - virtual_space_node_default_size: 8388608.
 - enlarge_chunks_in_place: 1.
 - new_chunks_are_fully_committed: 0.
 - uncommit_free_chunks: 1.
 - use_allocation_guard: 0.


Internal statistics:

num_allocs_failed_limit: 9.
num_arena_births: 760.
num_arena_deaths: 0.
num_vsnodes_births: 2.
num_vsnodes_deaths: 0.
num_space_committed: 907.
num_space_uncommitted: 0.
num_chunks_returned_to_freelist: 9.
num_chunks_taken_from_freelist: 2696.
num_chunk_merges: 6.
num_chunk_splits: 1950.
num_chunks_enlarged: 1531.
num_inconsistent_stats: 0.

CodeHeap 'non-profiled nmethods': size=120000Kb used=2894Kb max_used=2894Kb free=117106Kb
 bounds [0x0000024a656d0000, 0x0000024a659b0000, 0x0000024a6cc00000]
CodeHeap 'profiled nmethods': size=120000Kb used=10967Kb max_used=10967Kb free=109033Kb
 bounds [0x0000024a5dc00000, 0x0000024a5e6c0000, 0x0000024a65130000]
CodeHeap 'non-nmethods': size=5760Kb used=1718Kb max_used=1746Kb free=4041Kb
 bounds [0x0000024a65130000, 0x0000024a653a0000, 0x0000024a656d0000]
 total_blobs=6246 nmethods=5555 adapters=601
 compilation: enabled
              stopped_count=0, restarted_count=0
 full_count=0

Compilation events (20 events):
Event: 10.948 Thread 0x0000024a71c9fee0 5914   !   3       org.springframework.core.SerializableTypeWrapper$TypeProxyInvocationHandler::invoke (326 bytes)
Event: 10.967 Thread 0x0000024a71c9fee0 nmethod 5914 0x0000024a5e67fe90 code [0x0000024a5e680e20, 0x0000024a5e68bb28]
Event: 10.968 Thread 0x0000024a71c9fee0 5918       3       org.springframework.data.util.Optionals::toStream (26 bytes)
Event: 10.968 Thread 0x0000024a71c9fee0 nmethod 5918 0x0000024a5e691d10 code [0x0000024a5e691f80, 0x0000024a5e692bd8]
Event: 10.969 Thread 0x0000024a71c9fee0 5920       3       java.util.concurrent.atomic.AtomicLongArray::lazySet (13 bytes)
Event: 10.969 Thread 0x0000024a71c9fee0 nmethod 5920 0x0000024a5e693090 code [0x0000024a5e693260, 0x0000024a5e693738]
Event: 10.969 Thread 0x0000024a71c9fee0 5915       3       java.util.regex.Pattern$SliceNode::<init> (10 bytes)
Event: 10.969 Thread 0x0000024a71c9fee0 nmethod 5915 0x0000024a5e693990 code [0x0000024a5e693b20, 0x0000024a5e693db8]
Event: 10.969 Thread 0x0000024a71c9fee0 5924       3       java.util.stream.MatchOps$BooleanTerminalSink::<init> (21 bytes)
Event: 10.970 Thread 0x0000024a71c9fee0 nmethod 5924 0x0000024a5e693e90 code [0x0000024a5e694020, 0x0000024a5e6941f8]
Event: 10.970 Thread 0x0000024a71c9fee0 5919   !   3       jdk.proxy2.$Proxy92::annotationType (29 bytes)
Event: 10.970 Thread 0x0000024a71c9fee0 nmethod 5919 0x0000024a5e694310 code [0x0000024a5e6944c0, 0x0000024a5e6948b0]
Event: 10.970 Thread 0x0000024a71c9fee0 5917       1       java.util.WeakHashMap$Entry::getValue (5 bytes)
Event: 10.970 Thread 0x0000024a71c9fee0 nmethod 5917 0x0000024a659a2310 code [0x0000024a659a2480, 0x0000024a659a2548]
Event: 10.970 Thread 0x0000024a71c9fee0 5916       1       org.springframework.util.ConcurrentLruCache$Node::getNext (5 bytes)
Event: 10.970 Thread 0x0000024a71c9fee0 nmethod 5916 0x0000024a659a2610 code [0x0000024a659a2780, 0x0000024a659a2848]
Event: 10.970 Thread 0x0000024a71c9fee0 5921       1       org.hibernate.metamodel.model.domain.internal.SingularAttributeImpl::isId (5 bytes)
Event: 10.970 Thread 0x0000024a71c9fee0 nmethod 5921 0x0000024a659a2910 code [0x0000024a659a2a80, 0x0000024a659a2b50]
Event: 10.983 Thread 0x0000024a71c9fee0 5925       1       java.lang.reflect.ProxyGenerator::getClassLoader (5 bytes)
Event: 10.983 Thread 0x0000024a71c9fee0 nmethod 5925 0x0000024a659a2c10 code [0x0000024a659a2d80, 0x0000024a659a2e50]

GC Heap History (20 events):
Event: 0.835 GC heap before
{Heap before GC invocations=0 (full 0):
 garbage-first heap   total 131072K, used 14336K [0x0000000081e00000, 0x0000000100000000)
  region size 1024K, 13 young (13312K), 0 survivors (0K)
 Metaspace       used 3823K, committed 4032K, reserved 1114112K
  class space    used 404K, committed 512K, reserved 1048576K
}
Event: 0.842 GC heap after
{Heap after GC invocations=1 (full 0):
 garbage-first heap   total 131072K, used 6108K [0x0000000081e00000, 0x0000000100000000)
  region size 1024K, 2 young (2048K), 2 survivors (2048K)
 Metaspace       used 3823K, committed 4032K, reserved 1114112K
  class space    used 404K, committed 512K, reserved 1048576K
}
Event: 1.686 GC heap before
{Heap before GC invocations=1 (full 0):
 garbage-first heap   total 131072K, used 19420K [0x0000000081e00000, 0x0000000100000000)
  region size 1024K, 15 young (15360K), 2 survivors (2048K)
 Metaspace       used 7805K, committed 8000K, reserved 1114112K
  class space    used 924K, committed 1024K, reserved 1048576K
}
Event: 1.692 GC heap after
{Heap after GC invocations=2 (full 0):
 garbage-first heap   total 131072K, used 7788K [0x0000000081e00000, 0x0000000100000000)
  region size 1024K, 2 young (2048K), 2 survivors (2048K)
 Metaspace       used 7805K, committed 8000K, reserved 1114112K
  class space    used 924K, committed 1024K, reserved 1048576K
}
Event: 2.402 GC heap before
{Heap before GC invocations=2 (full 0):
 garbage-first heap   total 131072K, used 33388K [0x0000000081e00000, 0x0000000100000000)
  region size 1024K, 28 young (28672K), 2 survivors (2048K)
 Metaspace       used 14764K, committed 15104K, reserved 1114112K
  class space    used 1745K, committed 1920K, reserved 1048576K
}
Event: 2.408 GC heap after
{Heap after GC invocations=3 (full 0):
 garbage-first heap   total 131072K, used 9806K [0x0000000081e00000, 0x0000000100000000)
  region size 1024K, 4 young (4096K), 4 survivors (4096K)
 Metaspace       used 14764K, committed 15104K, reserved 1114112K
  class space    used 1745K, committed 1920K, reserved 1048576K
}
Event: 4.375 GC heap before
{Heap before GC invocations=3 (full 0):
 garbage-first heap   total 131072K, used 52814K [0x0000000081e00000, 0x0000000100000000)
  region size 1024K, 47 young (48128K), 4 survivors (4096K)
 Metaspace       used 21244K, committed 21504K, reserved 1114112K
  class space    used 2564K, committed 2688K, reserved 1048576K
}
Event: 4.390 GC heap after
{Heap after GC invocations=4 (full 0):
 garbage-first heap   total 131072K, used 13387K [0x0000000081e00000, 0x0000000100000000)
  region size 1024K, 7 young (7168K), 7 survivors (7168K)
 Metaspace       used 21244K, committed 21504K, reserved 1114112K
  class space    used 2564K, committed 2688K, reserved 1048576K
}
Event: 5.622 GC heap before
{Heap before GC invocations=5 (full 0):
 garbage-first heap   total 51200K, used 36939K [0x0000000081e00000, 0x0000000100000000)
  region size 1024K, 30 young (30720K), 7 survivors (7168K)
 Metaspace       used 26353K, committed 26752K, reserved 1114112K
  class space    used 3274K, committed 3456K, reserved 1048576K
}
Event: 5.649 GC heap after
{Heap after GC invocations=6 (full 0):
 garbage-first heap   total 51200K, used 16087K [0x0000000081e00000, 0x0000000100000000)
  region size 1024K, 3 young (3072K), 3 survivors (3072K)
 Metaspace       used 26353K, committed 26752K, reserved 1114112K
  class space    used 3274K, committed 3456K, reserved 1048576K
}
Event: 6.717 GC heap before
{Heap before GC invocations=6 (full 0):
 garbage-first heap   total 51200K, used 38615K [0x0000000081e00000, 0x0000000100000000)
  region size 1024K, 26 young (26624K), 3 survivors (3072K)
 Metaspace       used 31377K, committed 31936K, reserved 1114112K
  class space    used 3943K, committed 4224K, reserved 1048576K
}
Event: 6.733 GC heap after
{Heap after GC invocations=7 (full 0):
 garbage-first heap   total 51200K, used 18370K [0x0000000081e00000, 0x0000000100000000)
  region size 1024K, 2 young (2048K), 2 survivors (2048K)
 Metaspace       used 31377K, committed 31936K, reserved 1114112K
  class space    used 3943K, committed 4224K, reserved 1048576K
}
Event: 7.293 GC heap before
{Heap before GC invocations=7 (full 0):
 garbage-first heap   total 51200K, used 31682K [0x0000000081e00000, 0x0000000100000000)
  region size 1024K, 16 young (16384K), 2 survivors (2048K)
 Metaspace       used 35614K, committed 36096K, reserved 1114112K
  class space    used 4528K, committed 4736K, reserved 1048576K
}
Event: 7.300 GC heap after
{Heap after GC invocations=8 (full 0):
 garbage-first heap   total 51200K, used 19394K [0x0000000081e00000, 0x0000000100000000)
  region size 1024K, 3 young (3072K), 3 survivors (3072K)
 Metaspace       used 35614K, committed 36096K, reserved 1114112K
  class space    used 4528K, committed 4736K, reserved 1048576K
}
Event: 9.278 GC heap before
{Heap before GC invocations=9 (full 0):
 garbage-first heap   total 51200K, used 41922K [0x0000000081e00000, 0x0000000100000000)
  region size 1024K, 26 young (26624K), 3 survivors (3072K)
 Metaspace       used 44353K, committed 44928K, reserved 1114112K
  class space    used 5635K, committed 5888K, reserved 1048576K
}
Event: 9.290 GC heap after
{Heap after GC invocations=10 (full 0):
 garbage-first heap   total 51200K, used 22046K [0x0000000081e00000, 0x0000000100000000)
  region size 1024K, 4 young (4096K), 4 survivors (4096K)
 Metaspace       used 44353K, committed 44928K, reserved 1114112K
  class space    used 5635K, committed 5888K, reserved 1048576K
}
Event: 9.938 GC heap before
{Heap before GC invocations=10 (full 0):
 garbage-first heap   total 51200K, used 42526K [0x0000000081e00000, 0x0000000100000000)
  region size 1024K, 24 young (24576K), 4 survivors (4096K)
 Metaspace       used 50876K, committed 51456K, reserved 1114112K
  class space    used 6670K, committed 6912K, reserved 1048576K
}
Event: 9.948 GC heap after
{Heap after GC invocations=11 (full 0):
 garbage-first heap   total 51200K, used 22860K [0x0000000081e00000, 0x0000000100000000)
  region size 1024K, 2 young (2048K), 2 survivors (2048K)
 Metaspace       used 50876K, committed 51456K, reserved 1114112K
  class space    used 6670K, committed 6912K, reserved 1048576K
}
Event: 10.599 GC heap before
{Heap before GC invocations=11 (full 0):
 garbage-first heap   total 51200K, used 43340K [0x0000000081e00000, 0x0000000100000000)
  region size 1024K, 22 young (22528K), 2 survivors (2048K)
 Metaspace       used 54797K, committed 55360K, reserved 1114112K
  class space    used 7197K, committed 7424K, reserved 1048576K
}
Event: 10.603 GC heap after
{Heap after GC invocations=12 (full 0):
 garbage-first heap   total 51200K, used 23716K [0x0000000081e00000, 0x0000000100000000)
  region size 1024K, 3 young (3072K), 3 survivors (3072K)
 Metaspace       used 54797K, committed 55360K, reserved 1114112K
  class space    used 7197K, committed 7424K, reserved 1048576K
}

Dll operation events (14 events):
Event: 0.019 Loaded shared library C:\Program Files\Java\jdk-20\bin\java.dll
Event: 0.054 Loaded shared library C:\Program Files\Java\jdk-20\bin\jsvml.dll
Event: 0.239 Loaded shared library C:\Program Files\Java\jdk-20\bin\zip.dll
Event: 0.243 Loaded shared library C:\Program Files\Java\jdk-20\bin\instrument.dll
Event: 0.251 Loaded shared library C:\Program Files\Java\jdk-20\bin\net.dll
Event: 0.255 Loaded shared library C:\Program Files\Java\jdk-20\bin\nio.dll
Event: 0.259 Loaded shared library C:\Program Files\Java\jdk-20\bin\zip.dll
Event: 0.420 Loaded shared library C:\Program Files\JetBrains\IntelliJ IDEA Community Edition 2023.1.2\bin\breakgen64.dll
Event: 0.433 Loaded shared library C:\Program Files\Java\jdk-20\bin\extnet.dll
Event: 0.489 Loaded shared library C:\Program Files\Java\jdk-20\bin\jimage.dll
Event: 2.063 Loaded shared library C:\Program Files\Java\jdk-20\bin\verify.dll
Event: 5.870 Loaded shared library C:\Program Files\Java\jdk-20\bin\sunmscapi.dll
Event: 5.880 Loaded shared library C:\Program Files\Java\jdk-20\bin\management.dll
Event: 5.884 Loaded shared library C:\Program Files\Java\jdk-20\bin\management_ext.dll

Deoptimization events (20 events):
Event: 10.877 Thread 0x0000024a55b328c0 Uncommon trap: trap_request=0xffffffde fr.pc=0x0000024a6583d9c8 relative=0x00000000000004e8
Event: 10.877 Thread 0x0000024a55b328c0 Uncommon trap: reason=class_check action=maybe_recompile pc=0x0000024a6583d9c8 method=org.springframework.util.ConcurrentReferenceHashMap$Segment.findInChain(Lorg/springframework/util/ConcurrentReferenceHashMap$Reference;Ljava/lang/Object;I)Lorg/springfra
Event: 10.877 Thread 0x0000024a55b328c0 DEOPT PACKING pc=0x0000024a6583d9c8 sp=0x000000d28e9faff0
Event: 10.877 Thread 0x0000024a55b328c0 DEOPT UNPACKING pc=0x0000024a65199d22 sp=0x000000d28e9fadd0 mode 2
Event: 10.877 Thread 0x0000024a55b328c0 Uncommon trap: trap_request=0xffffffde fr.pc=0x0000024a6583d9c8 relative=0x00000000000004e8
Event: 10.877 Thread 0x0000024a55b328c0 Uncommon trap: reason=class_check action=maybe_recompile pc=0x0000024a6583d9c8 method=org.springframework.util.ConcurrentReferenceHashMap$Segment.findInChain(Lorg/springframework/util/ConcurrentReferenceHashMap$Reference;Ljava/lang/Object;I)Lorg/springfra
Event: 10.877 Thread 0x0000024a55b328c0 DEOPT PACKING pc=0x0000024a6583d9c8 sp=0x000000d28e9faff0
Event: 10.877 Thread 0x0000024a55b328c0 DEOPT UNPACKING pc=0x0000024a65199d22 sp=0x000000d28e9fadd0 mode 2
Event: 10.878 Thread 0x0000024a55b328c0 Uncommon trap: trap_request=0xffffffde fr.pc=0x0000024a65860a18 relative=0x0000000000000438
Event: 10.878 Thread 0x0000024a55b328c0 Uncommon trap: reason=class_check action=maybe_recompile pc=0x0000024a65860a18 method=org.springframework.util.ConcurrentReferenceHashMap$Segment.findInChain(Lorg/springframework/util/ConcurrentReferenceHashMap$Reference;Ljava/lang/Object;I)Lorg/springfra
Event: 10.878 Thread 0x0000024a55b328c0 DEOPT PACKING pc=0x0000024a65860a18 sp=0x000000d28e9faf90
Event: 10.879 Thread 0x0000024a55b328c0 DEOPT UNPACKING pc=0x0000024a65199d22 sp=0x000000d28e9fadc8 mode 2
Event: 10.879 Thread 0x0000024a55b328c0 Uncommon trap: trap_request=0xffffffde fr.pc=0x0000024a6587b298 relative=0x00000000000003d8
Event: 10.879 Thread 0x0000024a55b328c0 Uncommon trap: reason=class_check action=maybe_recompile pc=0x0000024a6587b298 method=org.springframework.util.ConcurrentReferenceHashMap$Segment.findInChain(Lorg/springframework/util/ConcurrentReferenceHashMap$Reference;Ljava/lang/Object;I)Lorg/springfra
Event: 10.879 Thread 0x0000024a55b328c0 DEOPT PACKING pc=0x0000024a6587b298 sp=0x000000d28e9faf10
Event: 10.879 Thread 0x0000024a55b328c0 DEOPT UNPACKING pc=0x0000024a65199d22 sp=0x000000d28e9fadc8 mode 2
Event: 10.880 Thread 0x0000024a55b328c0 Uncommon trap: trap_request=0xffffffde fr.pc=0x0000024a6585d208 relative=0x00000000000001e8
Event: 10.880 Thread 0x0000024a55b328c0 Uncommon trap: reason=class_check action=maybe_recompile pc=0x0000024a6585d208 method=org.springframework.util.ConcurrentReferenceHashMap$Segment.findInChain(Lorg/springframework/util/ConcurrentReferenceHashMap$Reference;Ljava/lang/Object;I)Lorg/springfra
Event: 10.880 Thread 0x0000024a55b328c0 DEOPT PACKING pc=0x0000024a6585d208 sp=0x000000d28e9fae10
Event: 10.880 Thread 0x0000024a55b328c0 DEOPT UNPACKING pc=0x0000024a65199d22 sp=0x000000d28e9fadb8 mode 2

Classes loaded (20 events):
Event: 9.967 Loading class java/lang/foreign/MemoryLayout done
Event: 9.967 Loading class java/lang/foreign/ValueLayout done
Event: 10.040 Loading class java/lang/reflect/AnnotatedParameterizedType
Event: 10.040 Loading class java/lang/reflect/AnnotatedParameterizedType done
Event: 10.216 Loading class java/lang/reflect/AnnotatedWildcardType
Event: 10.216 Loading class java/lang/reflect/AnnotatedWildcardType done
Event: 10.447 Loading class java/util/TimerTask
Event: 10.447 Loading class java/util/TimerTask done
Event: 10.614 Loading class javax/naming/Reference
Event: 10.614 Loading class javax/naming/Reference done
Event: 10.619 Loading class sun/reflect/generics/reflectiveObjects/GenericArrayTypeImpl
Event: 10.619 Loading class sun/reflect/generics/reflectiveObjects/GenericArrayTypeImpl done
Event: 10.892 Loading class java/util/WeakHashMap$KeyIterator
Event: 10.892 Loading class java/util/WeakHashMap$HashIterator
Event: 10.893 Loading class java/util/WeakHashMap$HashIterator done
Event: 10.893 Loading class java/util/WeakHashMap$KeyIterator done
Event: 10.893 Loading class java/util/WeakHashMap$EntrySet
Event: 10.893 Loading class java/util/WeakHashMap$EntrySet done
Event: 10.893 Loading class java/util/WeakHashMap$EntryIterator
Event: 10.893 Loading class java/util/WeakHashMap$EntryIterator done

Classes unloaded (0 events):
No events

Classes redefined (0 events):
No events

Internal exceptions (20 events):
Event: 7.938 Thread 0x0000024a55b328c0 Exception <a 'java/lang/NoSuchMethodError'{0x0000000084757e10}: 'java.lang.Object java.lang.invoke.DirectMethodHandle$Holder.invokeStaticInit(java.lang.Object, java.lang.Object, java.lang.Object, java.lang.Object)'> (0x0000000084757e10) 
thrown [s\open\src\hotspot\share\interpreter\linkResolver.cpp, line 773]
Event: 8.384 Thread 0x0000024a55b328c0 Exception <a 'java/lang/NoSuchMethodError'{0x0000000083e9b880}: 'java.lang.Object java.lang.invoke.DirectMethodHandle$Holder.invokeSpecial(java.lang.Object, java.lang.Object, int, java.lang.Object, int)'> (0x0000000083e9b880) 
thrown [s\open\src\hotspot\share\interpreter\linkResolver.cpp, line 773]
Event: 8.434 Thread 0x0000024a55b328c0 Exception <a 'java/lang/NoSuchMethodError'{0x0000000083ef26b0}: 'java.lang.Object java.lang.invoke.DirectMethodHandle$Holder.newInvokeSpecial(java.lang.Object, java.lang.Object, java.lang.Object, int)'> (0x0000000083ef26b0) 
thrown [s\open\src\hotspot\share\interpreter\linkResolver.cpp, line 773]
Event: 8.435 Thread 0x0000024a55b328c0 Exception <a 'java/lang/NoSuchMethodError'{0x0000000083ef6d40}: 'java.lang.Object java.lang.invoke.DirectMethodHandle$Holder.invokeSpecial(java.lang.Object, java.lang.Object, java.lang.Object, java.lang.Object, int)'> (0x0000000083ef6d40) 
thrown [s\open\src\hotspot\share\interpreter\linkResolver.cpp, line 773]
Event: 8.435 Thread 0x0000024a55b328c0 Exception <a 'java/lang/NoSuchMethodError'{0x0000000083efa9d8}: 'java.lang.Object java.lang.invoke.Invokers$Holder.linkToTargetMethod(java.lang.Object, java.lang.Object, int, java.lang.Object)'> (0x0000000083efa9d8) 
thrown [s\open\src\hotspot\share\interpreter\linkResolver.cpp, line 773]
Event: 9.356 Thread 0x0000024a55b328c0 Exception <a 'java/lang/NoSuchMethodError'{0x0000000086e25328}: 'java.lang.Object java.lang.invoke.DirectMethodHandle$Holder.newInvokeSpecial(java.lang.Object, java.lang.Object, int)'> (0x0000000086e25328) 
thrown [s\open\src\hotspot\share\interpreter\linkResolver.cpp, line 773]
Event: 9.584 Thread 0x0000024a55b328c0 Exception <a 'java/lang/NoSuchMethodError'{0x00000000847d68d8}: 'java.lang.Object java.lang.invoke.DirectMethodHandle$Holder.invokeStatic(java.lang.Object, java.lang.Object, int, java.lang.Object)'> (0x00000000847d68d8) 
thrown [s\open\src\hotspot\share\interpreter\linkResolver.cpp, line 773]
Event: 9.584 Thread 0x0000024a55b328c0 Exception <a 'java/lang/NoSuchMethodError'{0x00000000847da8e0}: 'java.lang.Object java.lang.invoke.DirectMethodHandle$Holder.invokeStaticInit(java.lang.Object, java.lang.Object, int, java.lang.Object)'> (0x00000000847da8e0) 
thrown [s\open\src\hotspot\share\interpreter\linkResolver.cpp, line 773]
Event: 9.613 Thread 0x0000024a55b328c0 Exception <a 'java/lang/IncompatibleClassChangeError'{0x00000000846f5408}: Found class java.lang.Object, but interface was expected> (0x00000000846f5408) 
thrown [s\open\src\hotspot\share\interpreter\linkResolver.cpp, line 840]
Event: 10.273 Thread 0x0000024a55b328c0 Exception <a 'java/lang/NoSuchMethodError'{0x0000000084456fa8}: 'int java.lang.invoke.DirectMethodHandle$Holder.invokeStatic(java.lang.Object, java.lang.Object, java.lang.Object, java.lang.Object, java.lang.Object)'> (0x0000000084456fa8) 
thrown [s\open\src\hotspot\share\interpreter\linkResolver.cpp, line 773]
Event: 10.274 Thread 0x0000024a55b328c0 Exception <a 'java/lang/NoSuchMethodError'{0x000000008446ac28}: 'java.lang.Object java.lang.invoke.DirectMethodHandle$Holder.newInvokeSpecial(java.lang.Object, java.lang.Object, java.lang.Object, java.lang.Object, java.lang.Object, java.lang.Object, java.lang.Object)'> (0x000000008446ac28) 
thrown [s\open\src\hotspot\share\interpreter\linkResolver.cpp, line 773]
Event: 10.318 Thread 0x0000024a55b328c0 Exception <a 'java/lang/NoSuchMethodError'{0x000000008421bf18}: 'void java.lang.invoke.DirectMethodHandle$Holder.invokeSpecial(java.lang.Object, java.lang.Object, java.lang.Object, java.lang.Object, java.lang.Object, java.lang.Object, java.lang.Object, java.lang.Object)'> (0x000000008421bf18) 
thrown [s\open\src\hotspot\share\interpreter\linkResolver.cpp, line 773]
Event: 10.323 Thread 0x0000024a55b328c0 Exception <a 'java/lang/NoSuchMethodError'{0x00000000842596f8}: 'java.lang.Object java.lang.invoke.DirectMethodHandle$Holder.newInvokeSpecial(java.lang.Object, java.lang.Object, int, java.lang.Object, int, java.lang.Object, java.lang.Object, java.lang.Object)'> (0x00000000842596f8) 
thrown [s\open\src\hotspot\share\interpreter\linkResolver.cpp, line 773]
Event: 10.324 Thread 0x0000024a55b328c0 Exception <a 'java/lang/NoSuchMethodError'{0x00000000842655d8}: 'int java.lang.invoke.DirectMethodHandle$Holder.invokeSpecial(java.lang.Object, java.lang.Object, java.lang.Object, java.lang.Object, java.lang.Object, java.lang.Object)'> (0x00000000842655d8) 
thrown [s\open\src\hotspot\share\interpreter\linkResolver.cpp, line 773]
Event: 10.325 Thread 0x0000024a55b328c0 Exception <a 'java/lang/NoSuchMethodError'{0x00000000842726c0}: 'void java.lang.invoke.DirectMethodHandle$Holder.invokeSpecial(java.lang.Object, java.lang.Object, java.lang.Object, java.lang.Object, java.lang.Object, java.lang.Object, java.lang.Object)'> (0x00000000842726c0) 
thrown [s\open\src\hotspot\share\interpreter\linkResolver.cpp, line 773]
Event: 10.333 Thread 0x0000024a55b328c0 Exception <a 'java/lang/NoSuchMethodError'{0x00000000842c29b0}: 'java.lang.Object java.lang.invoke.DirectMethodHandle$Holder.newInvokeSpecial(java.lang.Object, java.lang.Object, java.lang.Object, java.lang.Object, java.lang.Object, java.lang.Object, java.lang.Object, int)'> (0x00000000842c29b0) 
thrown [s\open\src\hotspot\share\interpreter\linkResolver.cpp, line 773]
Event: 10.333 Thread 0x0000024a55b328c0 Exception <a 'java/lang/NoSuchMethodError'{0x00000000842c7720}: 'java.lang.Object java.lang.invoke.DirectMethodHandle$Holder.invokeSpecial(java.lang.Object, java.lang.Object, java.lang.Object, java.lang.Object, java.lang.Object, java.lang.Object, java.lang.Object, java.lang.Object, int)'> (0x00000000842c7720) 
thrown [s\open\src\hotspot\share\interpreter\linkResolver.cpp, line 773]
Event: 10.365 Thread 0x0000024a55b328c0 Exception <a 'java/lang/NoSuchMethodError'{0x00000000840023e8}: 'void java.lang.invoke.DirectMethodHandle$Holder.invokeInterface(java.lang.Object, java.lang.Object)'> (0x00000000840023e8) 
thrown [s\open\src\hotspot\share\interpreter\linkResolver.cpp, line 773]
Event: 10.669 Thread 0x0000024a55b328c0 Exception <a 'java/lang/IncompatibleClassChangeError'{0x0000000086deeb38}: Found class java.lang.Object, but interface was expected> (0x0000000086deeb38) 
thrown [s\open\src\hotspot\share\interpreter\linkResolver.cpp, line 840]
Event: 10.706 Thread 0x0000024a55b328c0 Exception <a 'java/lang/IncompatibleClassChangeError'{0x0000000086b47e58}: Found class java.lang.Object, but interface was expected> (0x0000000086b47e58) 
thrown [s\open\src\hotspot\share\interpreter\linkResolver.cpp, line 840]

VM Operations (20 events):
Event: 7.792 Executing VM operation: HandshakeAllThreads
Event: 7.792 Executing VM operation: HandshakeAllThreads done
Event: 8.805 Executing VM operation: Cleanup
Event: 8.808 Executing VM operation: Cleanup done
Event: 9.277 Executing VM operation: G1CollectForAllocation
Event: 9.290 Executing VM operation: G1CollectForAllocation done
Event: 9.743 Executing VM operation: HandshakeAllThreads
Event: 9.743 Executing VM operation: HandshakeAllThreads done
Event: 9.938 Executing VM operation: G1CollectForAllocation
Event: 9.948 Executing VM operation: G1CollectForAllocation done
Event: 10.095 Executing VM operation: ICBufferFull
Event: 10.095 Executing VM operation: ICBufferFull done
Event: 10.220 Executing VM operation: ICBufferFull
Event: 10.220 Executing VM operation: ICBufferFull done
Event: 10.433 Executing VM operation: HandshakeAllThreads
Event: 10.433 Executing VM operation: HandshakeAllThreads done
Event: 10.599 Executing VM operation: G1CollectForAllocation
Event: 10.603 Executing VM operation: G1CollectForAllocation done
Event: 10.865 Executing VM operation: HandshakeAllThreads
Event: 10.865 Executing VM operation: HandshakeAllThreads done

Events (20 events):
Event: 7.352 Thread 0x0000024a71c46140 flushing nmethod 0x0000024a65705690
Event: 7.352 Thread 0x0000024a71c46140 flushing nmethod 0x0000024a656fad10
Event: 7.352 Thread 0x0000024a71c46140 flushing nmethod 0x0000024a656fa290
Event: 7.352 Thread 0x0000024a71c46140 flushing nmethod 0x0000024a656f9890
Event: 7.352 Thread 0x0000024a71c46140 flushing nmethod 0x0000024a656f9290
Event: 7.352 Thread 0x0000024a71c46140 flushing nmethod 0x0000024a656f8f10
Event: 7.352 Thread 0x0000024a71c46140 flushing nmethod 0x0000024a656f8b90
Event: 7.352 Thread 0x0000024a71c46140 flushing nmethod 0x0000024a656f8890
Event: 7.352 Thread 0x0000024a71c46140 flushing nmethod 0x0000024a656e8d90
Event: 7.352 Thread 0x0000024a71c46140 flushing nmethod 0x0000024a656e8690
Event: 7.352 Thread 0x0000024a71c46140 flushing nmethod 0x0000024a656e5990
Event: 7.352 Thread 0x0000024a71c46140 flushing nmethod 0x0000024a656deb10
Event: 7.352 Thread 0x0000024a71c46140 flushing nmethod 0x0000024a656e3d90
Event: 7.352 Thread 0x0000024a71c46140 flushing nmethod 0x0000024a656e3490
Event: 7.352 Thread 0x0000024a71c46140 flushing nmethod 0x0000024a656e1d10
Event: 7.352 Thread 0x0000024a71c46140 flushing nmethod 0x0000024a656db790
Event: 7.352 Thread 0x0000024a71c46140 flushing nmethod 0x0000024a656d1410
Event: 7.498 Thread 0x0000024a7659a660 Thread added: 0x0000024a7659a660
Event: 7.869 Thread 0x0000024a77c02e40 Thread added: 0x0000024a77c02e40
Event: 7.987 Thread 0x0000024a77c01e50 Thread added: 0x0000024a77c01e50


Dynamic libraries:
0x00007ff66ac20000 - 0x00007ff66ac30000 	C:\Program Files\Java\jdk-20\bin\java.exe
0x00007ffe95870000 - 0x00007ffe95a68000 	C:\Windows\SYSTEM32\ntdll.dll
0x00007ffe94100000 - 0x00007ffe941bd000 	C:\Windows\System32\KERNEL32.DLL
0x00007ffe93340000 - 0x00007ffe93636000 	C:\Windows\System32\KERNELBASE.dll
0x00007ffe937a0000 - 0x00007ffe938a0000 	C:\Windows\System32\ucrtbase.dll
0x00007ffe8e380000 - 0x00007ffe8e39b000 	C:\Program Files\Java\jdk-20\bin\VCRUNTIME140.dll
0x00007ffe815a0000 - 0x00007ffe815b9000 	C:\Program Files\Java\jdk-20\bin\jli.dll
0x00007ffe954c0000 - 0x00007ffe95570000 	C:\Windows\System32\ADVAPI32.dll
0x00007ffe95420000 - 0x00007ffe954be000 	C:\Windows\System32\msvcrt.dll
0x00007ffe94b30000 - 0x00007ffe94bd0000 	C:\Windows\System32\sechost.dll
0x00007ffe94f60000 - 0x00007ffe95083000 	C:\Windows\System32\RPCRT4.dll
0x00007ffe93080000 - 0x00007ffe930a7000 	C:\Windows\System32\bcrypt.dll
0x00007ffe82790000 - 0x00007ffe82a2a000 	C:\Windows\WinSxS\amd64_microsoft.windows.common-controls_6595b64144ccf1df_6.0.19041.4355_none_60b8b9eb71f62e16\COMCTL32.dll
0x00007ffe944b0000 - 0x00007ffe9464f000 	C:\Windows\System32\USER32.dll
0x00007ffe94480000 - 0x00007ffe944ab000 	C:\Windows\System32\GDI32.dll
0x00007ffe93770000 - 0x00007ffe93792000 	C:\Windows\System32\win32u.dll
0x00007ffe930b0000 - 0x00007ffe931c7000 	C:\Windows\System32\gdi32full.dll
0x00007ffe93640000 - 0x00007ffe936dd000 	C:\Windows\System32\msvcp_win.dll
0x00007ffe86a00000 - 0x00007ffe86a0a000 	C:\Windows\SYSTEM32\VERSION.dll
0x00007ffe94430000 - 0x00007ffe94462000 	C:\Windows\System32\IMM32.DLL
0x00007ffe90020000 - 0x00007ffe9002c000 	C:\Program Files\Java\jdk-20\bin\vcruntime140_1.dll
0x00007ffe77f80000 - 0x00007ffe7800e000 	C:\Program Files\Java\jdk-20\bin\msvcp140.dll
0x00007ffe112e0000 - 0x00007ffe11f78000 	C:\Program Files\Java\jdk-20\bin\server\jvm.dll
0x00007ffe8ffa0000 - 0x00007ffe8ffa9000 	C:\Windows\SYSTEM32\WSOCK32.dll
0x00007ffe94650000 - 0x00007ffe946bb000 	C:\Windows\System32\WS2_32.dll
0x00007ffe83470000 - 0x00007ffe83497000 	C:\Windows\SYSTEM32\WINMM.dll
0x00007ffe916f0000 - 0x00007ffe91702000 	C:\Windows\SYSTEM32\kernel.appcore.dll
0x00007ffe8fff0000 - 0x00007ffe8fffa000 	C:\Program Files\Java\jdk-20\bin\jimage.dll
0x00007ffe7f210000 - 0x00007ffe7f3f4000 	C:\Windows\SYSTEM32\DBGHELP.DLL
0x00007ffe7f1d0000 - 0x00007ffe7f204000 	C:\Windows\SYSTEM32\dbgcore.DLL
0x00007ffe936e0000 - 0x00007ffe93762000 	C:\Windows\System32\bcryptPrimitives.dll
0x00007ffe8e3b0000 - 0x00007ffe8e3be000 	C:\Program Files\Java\jdk-20\bin\instrument.dll
0x00007ffe77f50000 - 0x00007ffe77f76000 	C:\Program Files\Java\jdk-20\bin\java.dll
0x00007ffe6e120000 - 0x00007ffe6e1f7000 	C:\Program Files\Java\jdk-20\bin\jsvml.dll
0x00007ffe938a0000 - 0x00007ffe9400b000 	C:\Windows\System32\SHELL32.dll
0x00007ffe909b0000 - 0x00007ffe9114d000 	C:\Windows\SYSTEM32\windows.storage.dll
0x00007ffe950b0000 - 0x00007ffe95403000 	C:\Windows\System32\combase.dll
0x00007ffe92790000 - 0x00007ffe927be000 	C:\Windows\SYSTEM32\Wldp.dll
0x00007ffe942e0000 - 0x00007ffe943ad000 	C:\Windows\System32\OLEAUT32.dll
0x00007ffe94230000 - 0x00007ffe942dd000 	C:\Windows\System32\SHCORE.dll
0x00007ffe941d0000 - 0x00007ffe94225000 	C:\Windows\System32\shlwapi.dll
0x00007ffe92e50000 - 0x00007ffe92e74000 	C:\Windows\SYSTEM32\profapi.dll
0x00007ffe77e80000 - 0x00007ffe77e98000 	C:\Program Files\Java\jdk-20\bin\zip.dll
0x00007ffe77f30000 - 0x00007ffe77f43000 	C:\Program Files\Java\jdk-20\bin\net.dll
0x00007ffe8a680000 - 0x00007ffe8a78a000 	C:\Windows\SYSTEM32\WINHTTP.dll
0x00007ffe92570000 - 0x00007ffe925da000 	C:\Windows\system32\mswsock.dll
0x00007ffe77ea0000 - 0x00007ffe77eb6000 	C:\Program Files\Java\jdk-20\bin\nio.dll
0x00007ffe77e60000 - 0x00007ffe77e7a000 	C:\Program Files\JetBrains\IntelliJ IDEA Community Edition 2023.1.2\bin\breakgen64.dll
0x00007ffe837f0000 - 0x00007ffe837f7000 	C:\Program Files\Java\jdk-20\bin\extnet.dll
0x00007ffe7fb70000 - 0x00007ffe7fb80000 	C:\Program Files\Java\jdk-20\bin\verify.dll
0x00007ffe927d0000 - 0x00007ffe927e8000 	C:\Windows\SYSTEM32\CRYPTSP.dll
0x00007ffe91eb0000 - 0x00007ffe91ee4000 	C:\Windows\system32\rsaenh.dll
0x00007ffe92e00000 - 0x00007ffe92e2e000 	C:\Windows\SYSTEM32\USERENV.dll
0x00007ffe92700000 - 0x00007ffe9270c000 	C:\Windows\SYSTEM32\CRYPTBASE.dll
0x00007ffe92270000 - 0x00007ffe922ab000 	C:\Windows\SYSTEM32\IPHLPAPI.DLL
0x00007ffe95410000 - 0x00007ffe95418000 	C:\Windows\System32\NSI.dll
0x00007ffe8a7d0000 - 0x00007ffe8a7e7000 	C:\Windows\SYSTEM32\dhcpcsvc6.DLL
0x00007ffe8a790000 - 0x00007ffe8a7ad000 	C:\Windows\SYSTEM32\dhcpcsvc.DLL
0x00007ffe922b0000 - 0x00007ffe9237b000 	C:\Windows\SYSTEM32\DNSAPI.dll
0x00007ffe77e30000 - 0x00007ffe77e3e000 	C:\Program Files\Java\jdk-20\bin\sunmscapi.dll
0x00007ffe92f20000 - 0x00007ffe9307e000 	C:\Windows\System32\CRYPT32.dll
0x00007ffe928e0000 - 0x00007ffe92909000 	C:\Windows\SYSTEM32\ncrypt.dll
0x00007ffe928a0000 - 0x00007ffe928db000 	C:\Windows\SYSTEM32\NTASN1.dll
0x00007ffe77e50000 - 0x00007ffe77e5a000 	C:\Program Files\Java\jdk-20\bin\management.dll
0x00007ffe77e40000 - 0x00007ffe77e4b000 	C:\Program Files\Java\jdk-20\bin\management_ext.dll
0x00007ffe941c0000 - 0x00007ffe941c8000 	C:\Windows\System32\PSAPI.DLL
0x00007ffe84dd0000 - 0x00007ffe84dda000 	C:\Windows\System32\rasadhlp.dll
0x00007ffe886e0000 - 0x00007ffe88760000 	C:\Windows\System32\fwpuclnt.dll

dbghelp: loaded successfully - version: 4.0.5 - missing functions: none
symbol engine: initialized successfully - sym options: 0x614 - pdb path: .;C:\Program Files\Java\jdk-20\bin;C:\Windows\SYSTEM32;C:\Windows\WinSxS\amd64_microsoft.windows.common-controls_6595b64144ccf1df_6.0.19041.4355_none_60b8b9eb71f62e16;C:\Program Files\Java\jdk-20\bin\server;C:\Program Files\JetBrains\IntelliJ IDEA Community Edition 2023.1.2\bin

VM Arguments:
jvm_args: -javaagent:C:\Program Files\JetBrains\IntelliJ IDEA Community Edition 2023.1.2\lib\idea_rt.jar=51345:C:\Program Files\JetBrains\IntelliJ IDEA Community Edition 2023.1.2\bin -Dfile.encoding=UTF-8 -Dsun.stdout.encoding=UTF-8 -Dsun.stderr.encoding=UTF-8 
java_command: com.exam.SecurityApplication
java_class_path (initial): G:\Project\ExamsBackEnd\BackEnd\ExamServer_Springboot\target\classes;C:\Users\D e r r y\.m2\repository\org\springframework\boot\spring-boot-starter-security\3.0.4\spring-boot-starter-security-3.0.4.jar;C:\Users\D e r r y\.m2\repository\org\springframework\boot\spring-boot-starter\3.0.1\spring-boot-starter-3.0.1.jar;C:\Users\D e r r y\.m2\repository\org\springframework\boot\spring-boot\3.0.1\spring-boot-3.0.1.jar;C:\Users\D e r r y\.m2\repository\org\springframework\boot\spring-boot-autoconfigure\3.0.1\spring-boot-autoconfigure-3.0.1.jar;C:\Users\D e r r y\.m2\repository\org\springframework\boot\spring-boot-starter-logging\3.0.1\spring-boot-starter-logging-3.0.1.jar;C:\Users\D e r r y\.m2\repository\ch\qos\logback\logback-classic\1.4.5\logback-classic-1.4.5.jar;C:\Users\D e r r y\.m2\repository\ch\qos\logback\logback-core\1.4.5\logback-core-1.4.5.jar;C:\Users\D e r r y\.m2\repository\org\apache\logging\log4j\log4j-to-slf4j\2.19.0\log4j-to-slf4j-2.19.0.jar;C:\Users\D e r r y\.m2\repository\org\apache\logging\log4j\log4j-api\2.19.0\log4j-api-2.19.0.jar;C:\Users\D e r r y\.m2\repository\org\slf4j\jul-to-slf4j\2.0.6\jul-to-slf4j-2.0.6.jar;C:\Users\D e r r y\.m2\repository\jakarta\annotation\jakarta.annotation-api\2.1.1\jakarta.annotation-api-2.1.1.jar;C:\Users\D e r r y\.m2\repository\org\yaml\snakeyaml\1.33\snakeyaml-1.33.jar;C:\Users\D e r r y\.m2\repository\org\springframework\spring-aop\6.0.3\spring-aop-6.0.3.jar;C:\Users\D e r r y\.m2\repository\org\springframework\security\spring-security-config\6.0.1\spring-security-config-6.0.1.jar;C:\Users\D e r r y\.m2\repository\org\springframework\security\spring-security-web\6.0.1\spring-security-web-6.0.1.jar;C:\Users\D e r r y\.m2\repository\org\springframework\boot\spring-boot-starter-web\3.1.0\spring-boot-starter-web-3.1.0.jar;C:\Users\D e r r y\.m2\repository\org\springframework\boot\spring-boot-starter-json\3.0.1\spring-boot-starter-json-3.0.1.jar;C:\Users\D e r r y\.m2\repository\com\fasterxml\jackson\datatype\jackson-datatype-jdk8\2.14.1\jackson-datatype-jdk8-2.14.1.jar;C:\Users\D e r r y\.m2\repository\com\fasterxml\jackson\datatype\jackson-datatype-jsr310\2.14.1\jackson-datatype-jsr310-2.14.1.jar;C:\Users\D e r r y\.m2\repository\com\fasterxml\jackson\module\jackson-module-parameter-names\2.14.1\jackson-module-parameter-names-2.14.1.jar;C:\Users\D e r r y\.m2\repository\org\springframework\boot\spring-boot-starter-tomcat\3.0.1\spring-boot-starter-tomcat-3.0.1.jar;C:\Users\D e r r y\.m2\repository\org\apache\tomcat\embed\tomcat-embed-core\10.1.4\tomcat-embed-core-10.1.4.jar;C:\Users\D e r r y\.m2\repository\org\apache\tomcat\embed\tomcat-embed-el\10.1.4\tomcat-embed-el-10.1.4.jar;C:\Users\D e r r y\.m2\repository\org\apache\tomcat\embed\tomcat-embed-websocket\10.1.4\tomcat-embed-websocket-10.1.4.jar;C:\Users\D e r r y\.m2\repository\org\springframework\spring-web\6.0.3\spring-web-6.0.3.jar;C:\Users\D e r r y\.m2\repository\io\micrometer\micrometer-observation\1.10.2\micrometer-observation-1.10.2.jar;C:\Users\D e r r y\.m2\repository\io\micrometer\micrometer-commons\1.10.2\micrometer-commons-1.10.2.jar;C:\Users\D e r r y\.m2\repository\org\springframework\spring-webmvc\6.0.3\spring-webmvc-6.0.3.jar;C:\Users\D e r r y\.m2\repository\com\mysql\mysql-connector-j\8.0.32\mysql-connector-j-8.0.32.jar;C:\Users\D e r r y\.m2\repository\org\springframework\boot\spring-boot-starter-data-jpa\3.0.4\spring-boot-starter-data-jpa-3.0.4.jar;C:\Users\D e r r y\.m2\repository\org\springframework\boot\spring-boot-starter-aop\3.0.1\spring-boot-starter-aop-3.0.1.jar;C:\Users\D e r r y\.m2\repository\org\aspectj\aspectjweaver\1.9.19\aspectjweaver-1.9.19.jar;C:\Users\D e r r y\.m2\repository\org\springframework\boot\spring-boot-starter-jdbc\3.0.1\spring-boot-starter-jdbc-3.0.1.jar;C:\Users\D e r r y\.m2\repository\com\zaxxer\HikariCP\5.0.1\HikariCP-5.0.1.jar;C:\Users\D e r r y\.m2\repository\org\springframework\spring-jdbc\6.0.3\spring-jdbc-6.0.3.jar;C:\Users\D e r r y\.m2\repository\org\hibernate\orm\hibernate-core\6.1.6.Final\hibernate-core-6.1.6.Final.jar;C:\Users\D e r r y\.m2\repository\jakarta\persistence\jakarta.persistence-api\3.1.0\jakarta.persistence-api-3.1.0.jar;C:\Users\D e r r y\.m2\repository\jakarta\transaction\jakarta.transaction-api\2.0.1\jakarta.transaction-api-2.0.1.jar;C:\Users\D e r r y\.m2\repository\org\jboss\logging\jboss-logging\3.5.0.Final\jboss-logging-3.5.0.Final.jar;C:\Users\D e r r y\.m2\repository\org\hibernate\common\hibernate-commons-annotations\6.0.2.Final\hibernate-commons-annotations-6.0.2.Final.jar;C:\Users\D e r r y\.m2\repository\org\jboss\jandex\2.4.2.Final\jandex-2.4.2.Final.jar;C:\Users\D e r r y\.m2\repository\com\fasterxml\classmate\1.5.1\classmate-1.5.1.jar;C:\Users\D e r r y\.m2\repository\net\bytebuddy\byte-buddy\1.12.20\byte-buddy-1.12.20.jar;C:\Users\D e r r y\.m2\repository\org\glassfish\jaxb\jaxb-runtime\4.0.1\jaxb-runtime-4.0.1.jar;C:\Users\D e r r y\.m2\repository\org\glassfish\jaxb\jaxb-core\4.0.1\jaxb-core-4.0.1.jar;C:\Users\D e r r y\.m2\repository\org\eclipse\angus\angus-activation\1.0.0\angus-activation-1.0.0.jar;C:\Users\D e r r y\.m2\repository\org\glassfish\jaxb\txw2\4.0.1\txw2-4.0.1.jar;C:\Users\D e r r y\.m2\repository\com\sun\istack\istack-commons-runtime\4.1.1\istack-commons-runtime-4.1.1.jar;C:\Users\D e r r y\.m2\repository\jakarta\inject\jakarta.inject-api\2.0.0\jakarta.inject-api-2.0.0.jar;C:\Users\D e r r y\.m2\repository\org\antlr\antlr4-runtime\4.10.1\antlr4-runtime-4.10.1.jar;C:\Users\D e r r y\.m2\repository\org\springframework\data\spring-data-jpa\3.0.0\spring-data-jpa-3.0.0.jar;C:\Users\D e r r y\.m2\repository\org\springframework\data\spring-data-commons\3.0.0\spring-data-commons-3.0.0.jar;C:\Users\D e r r y\.m2\repository\org\springframework\spring-orm\6.0.3\spring-orm-6.0.3.jar;C:\Users\D e r r y\.m2\repository\org\springframework\spring-tx\6.0.3\spring-tx-6.0.3.jar;C:\Users\D e r r y\.m2\repository\org\slf4j\slf4j-api\2.0.6\slf4j-api-2.0.6.jar;C:\Users\D e r r y\.m2\repository\org\springframework\spring-aspects\6.0.3\spring-aspects-6.0.3.jar;C:\Users\D e r r y\.m2\repository\org\projectlombok\lombok\1.18.26\lombok-1.18.26.jar;C:\Users\D e r r y\.m2\repository\org\springframework\spring-context\6.0.9\spring-context-6.0.9.jar;C:\Users\D e r r y\.m2\repository\org\springframework\spring-beans\6.0.3\spring-beans-6.0.3.jar;C:\Users\D e r r y\.m2\repository\org\springframework\spring-core\6.0.3\spring-core-6.0.3.jar;C:\Users\D e r r y\.m2\repository\org\springframework\spring-jcl\6.0.3\spring-jcl-6.0.3.jar;C:\Users\D e r r y\.m2\repository\org\springframework\spring-expression\6.0.3\spring-expression-6.0.3.jar;C:\Users\D e r r y\.m2\repository\io\jsonwebtoken\jjwt-api\0.11.5\jjwt-api-0.11.5.jar;C:\Users\D e r r y\.m2\repository\io\jsonwebtoken\jjwt-impl\0.11.5\jjwt-impl-0.11.5.jar;C:\Users\D e r r y\.m2\repository\io\jsonwebtoken\jjwt-jackson\0.11.5\jjwt-jackson-0.11.5.jar;C:\Users\D e r r y\.m2\repository\com\fasterxml\jackson\core\jackson-databind\2.14.1\jackson-databind-2.14.1.jar;C:\Users\D e r r y\.m2\repository\com\fasterxml\jackson\core\jackson-annotations\2.14.1\jackson-annotations-2.14.1.jar;C:\Users\D e r r y\.m2\repository\com\fasterxml\jackson\core\jackson-core\2.14.1\jackson-core-2.14.1.jar;C:\Users\D e r r y\.m2\repository\jakarta\xml\bind\jakarta.xml.bind-api\4.0.0\jakarta.xml.bind-api-4.0.0.jar;C:\Users\D e r r y\.m2\repository\jakarta\activation\jakarta.activation-api\2.1.0\jakarta.activation-api-2.1.0.jar;C:\Users\D e r r y\.m2\repository\org\springframework\security\spring-security-core\6.0.1\spring-security-core-6.0.1.jar;C:\Users\D e r r y\.m2\repository\org\springframework\security\spring-security-crypto\6.0.1\spring-security-crypto-6.0.1.jar
Launcher Type: SUN_STANDARD

[Global flags]
     intx CICompilerCount                          = 3                                         {product} {ergonomic}
     uint ConcGCThreads                            = 1                                         {product} {ergonomic}
     uint G1ConcRefinementThreads                  = 4                                         {product} {ergonomic}
   size_t G1HeapRegionSize                         = 1048576                                   {product} {ergonomic}
    uintx GCDrainStackTargetSize                   = 64                                        {product} {ergonomic}
   size_t InitialHeapSize                          = 134217728                                 {product} {ergonomic}
   size_t MarkStackSize                            = 4194304                                   {product} {ergonomic}
   size_t MaxHeapSize                              = 2116026368                                {product} {ergonomic}
   size_t MaxNewSize                               = 1268776960                                {product} {ergonomic}
   size_t MinHeapDeltaBytes                        = 1048576                                   {product} {ergonomic}
   size_t MinHeapSize                              = 8388608                                   {product} {ergonomic}
    uintx NonNMethodCodeHeapSize                   = 5832780                                {pd product} {ergonomic}
    uintx NonProfiledCodeHeapSize                  = 122912730                              {pd product} {ergonomic}
    uintx ProfiledCodeHeapSize                     = 122912730                              {pd product} {ergonomic}
    uintx ReservedCodeCacheSize                    = 251658240                              {pd product} {ergonomic}
     bool SegmentedCodeCache                       = true                                      {product} {ergonomic}
   size_t SoftMaxHeapSize                          = 2116026368                             {manageable} {ergonomic}
     bool UseCompressedClassPointers               = true                           {product lp64_product} {ergonomic}
     bool UseCompressedOops                        = true                           {product lp64_product} {ergonomic}
     bool UseG1GC                                  = true                                      {product} {ergonomic}
     bool UseLargePagesIndividualAllocation        = false                                  {pd product} {ergonomic}

Logging:
Log output configuration:
 #0: stdout all=warning uptime,level,tags foldmultilines=false
 #1: stderr all=off uptime,level,tags foldmultilines=false

Environment Variables:
PATH=C:\Program Files\Common Files\Oracle\Java\javapath;C:\Program Files (x86)\Common Files\Oracle\Java\javapath;C:\Windows\system32;C:\Windows;C:\Windows\System32\Wbem;C:\Windows\System32\WindowsPowerShell\v1.0\;C:\Windows\System32\OpenSSH\;C:\Program Files\nodejs\;C:\Program Files\Git\cmd;C:\ProgramData\chocolatey\bin;C:\Program Files\apache-maven-3.9.4-bin\apache-maven-3.9.4\bin;C:\Program Files\dotnet\;C:\Users\D e r r y\anaconda3;C:\Users\D e r r y\anaconda3\Library\mingw-w64\bin;C:\Users\D e r r y\anaconda3\Library\usr\bin;C:\Users\D e r r y\anaconda3\Library\bin;C:\Users\D e r r y\anaconda3\Scripts;C:\Program Files\MySQL\MySQL Shell 8.0\bin\;C:\Users\D e r r y\AppData\Local\Microsoft\WindowsApps;C:\Program Files\JetBrains\IntelliJ IDEA Community Edition 2023.1.2\bin;;C:\Program Files\JetBrains\PyCharm Community Edition 2023.1.2\bin;;C:\Users\D e r r y\AppData\Roaming\npm;C:\Users\D e r r y\AppData\Local\Programs\Microsoft VS Code\bin;C:\Users\D e r r y\AppData\Local\GitHubDesktop\bin;C:\Program Files\heroku\bin;C:\Program Files\bin;C:\Program Files\JetBrains\PhpStorm 2024.1\bin;
USERNAME=D e r r y
OS=Windows_NT
PROCESSOR_IDENTIFIER=Intel64 Family 6 Model 61 Stepping 4, GenuineIntel
TMP=C:\Users\DERRY~1\AppData\Local\Temp
TEMP=C:\Users\DERRY~1\AppData\Local\Temp




---------------  S Y S T E M  ---------------

OS:
 Windows 10 , 64 bit Build 19041 (10.0.19041.3636)
OS uptime: 0 days 2:42 hours
Hyper-V role detected

CPU: total 4 (initial active 4) (2 cores per cpu, 2 threads per core) family 6 model 61 stepping 4 microcode 0x2f, cx8, cmov, fxsr, ht, mmx, 3dnowpref, sse, sse2, sse3, ssse3, sse4.1, sse4.2, popcnt, lzcnt, tsc, tscinvbit, avx, avx2, aes, erms, clmul, bmi1, bmi2, rtm, adx, fma, vzeroupper, clflush, hv, rdtscp, f16c

Memory: 4k page, system-wide physical 8067M (1143M free)
TotalPageFile size 10115M (AvailPageFile size 5M)
current process WorkingSet (physical memory assigned to process): 226M, peak: 227M
current process commit charge ("private bytes"): 258M, peak: 260M

vm_info: Java HotSpot(TM) 64-Bit Server VM (20.0.2+9-78) for windows-amd64 JRE (20.0.2+9-78), built on 2023-06-14T10:08:48Z by "mach5one" with MS VC++ 17.1 (VS2022)

END.
