#
# There is insufficient memory for the Java Runtime Environment to continue.
# Native memory allocation (malloc) failed to allocate 1754560 bytes for Chunk::new
# Possible reasons:
#   The system is out of physical RAM or swap space
#   The process is running with CompressedOops enabled, and the Java Heap may be blocking the growth of the native heap
# Possible solutions:
#   Reduce memory load on the system
#   Increase physical memory or swap space
#   Check if swap backing store is full
#   Decrease Java heap size (-Xmx/-Xms)
#   Decrease number of Java threads
#   Decrease Java thread stack sizes (-Xss)
#   Set larger code cache with -XX:ReservedCodeCacheSize=
#   JVM is running with Unscaled Compressed Oops mode in which the Java heap is
#     placed in the first 4GB address space. The Java Heap base address is the
#     maximum limit for the native heap growth. Please use -XX:HeapBaseMinAddress
#     to set the Java Heap base and to place the Java Heap above 4GB virtual address.
# This output file may be truncated or incomplete.
#
#  Out of Memory Error (arena.cpp:184), pid=11872, tid=11068
#
# JRE version: Java(TM) SE Runtime Environment (20.0.2+9) (build 20.0.2+9-78)
# Java VM: Java HotSpot(TM) 64-Bit Server VM (20.0.2+9-78, mixed mode, sharing, tiered, compressed oops, compressed class ptrs, g1 gc, windows-amd64)
# No core dump will be written. Minidumps are not enabled by default on client versions of Windows
#

---------------  S U M M A R Y ------------

Command Line: -javaagent:C:\Program Files\JetBrains\IntelliJ IDEA Community Edition 2023.1.2\lib\idea_rt.jar=56135:C:\Program Files\JetBrains\IntelliJ IDEA Community Edition 2023.1.2\bin -Dfile.encoding=UTF-8 -Dsun.stdout.encoding=UTF-8 -Dsun.stderr.encoding=UTF-8 com.exam.SecurityApplication

Host: Intel(R) Core(TM) i5-5300U CPU @ 2.30GHz, 4 cores, 7G,  Windows 10 , 64 bit Build 19041 (10.0.19041.3636)
Time: Tue Nov 21 13:37:21 2023 Sao Tome Standard Time elapsed time: 16.128236 seconds (0d 0h 0m 16s)

---------------  T H R E A D  ---------------

Current thread (0x000002275e4b0d70):  JavaThread "C2 CompilerThread0" daemon [_thread_in_native, id=11068, stack(0x000000bf33a00000,0x000000bf33b00000)]


Current CompileTask:
C2:  16128 4175   !   4       jdk.internal.loader.BuiltinClassLoader::findClassOnClassPathOrNull (64 bytes)

Stack: [0x000000bf33a00000,0x000000bf33b00000]
Native frames: (J=compiled Java code, j=interpreted, Vv=VM code, C=native code)
V  [jvm.dll+0x6bc25a]
V  [jvm.dll+0x84971a]
V  [jvm.dll+0x84b315]
V  [jvm.dll+0x84ba13]
V  [jvm.dll+0x280e4f]
V  [jvm.dll+0xc2ab1]
V  [jvm.dll+0xc2dd5]
V  [jvm.dll+0x3bb64c]
V  [jvm.dll+0x1e7109]
V  [jvm.dll+0x24b67b]
V  [jvm.dll+0x24a921]
V  [jvm.dll+0x1ce761]
V  [jvm.dll+0x25a0eb]
V  [jvm.dll+0x2587c0]
V  [jvm.dll+0x3f2dd5]
V  [jvm.dll+0x7f5c76]
V  [jvm.dll+0x6baecb]
C  [ucrtbase.dll+0x21bb2]
C  [KERNEL32.DLL+0x17344]
C  [ntdll.dll+0x526b1]


---------------  P R O C E S S  ---------------

Threads class SMR info:
_java_thread_list=0x00000227a38d2510, length=13, elements={
0x000002274236c290, 0x000002275e49a080, 0x000002275e49b620, 0x000002275e4a3810,
0x000002275e4a55e0, 0x000002275e4aa2f0, 0x000002275e4ac850, 0x000002275e4b0d70,
0x000002275e4b5a30, 0x00000227a38c2940, 0x00000227a38c1950, 0x00000227a38bf970,
0x00000227a38c0960
}

Java Threads: ( => current thread )
  0x000002274236c290 JavaThread "main" [_thread_in_vm, id=6324, stack(0x000000bf32d00000,0x000000bf32e00000)]
  0x000002275e49a080 JavaThread "Reference Handler" daemon [_thread_blocked, id=7228, stack(0x000000bf33400000,0x000000bf33500000)]
  0x000002275e49b620 JavaThread "Finalizer" daemon [_thread_blocked, id=4392, stack(0x000000bf33500000,0x000000bf33600000)]
  0x000002275e4a3810 JavaThread "Signal Dispatcher" daemon [_thread_blocked, id=3568, stack(0x000000bf33600000,0x000000bf33700000)]
  0x000002275e4a55e0 JavaThread "Attach Listener" daemon [_thread_blocked, id=15956, stack(0x000000bf33700000,0x000000bf33800000)]
  0x000002275e4aa2f0 JavaThread "Service Thread" daemon [_thread_blocked, id=13136, stack(0x000000bf33800000,0x000000bf33900000)]
  0x000002275e4ac850 JavaThread "Monitor Deflation Thread" daemon [_thread_blocked, id=14760, stack(0x000000bf33900000,0x000000bf33a00000)]
=>0x000002275e4b0d70 JavaThread "C2 CompilerThread0" daemon [_thread_in_native, id=11068, stack(0x000000bf33a00000,0x000000bf33b00000)]
  0x000002275e4b5a30 JavaThread "C1 CompilerThread0" daemon [_thread_blocked, id=7248, stack(0x000000bf33b00000,0x000000bf33c00000)]
  0x00000227a38c2940 JavaThread "Common-Cleaner" daemon [_thread_blocked, id=11716, stack(0x000000bf33c00000,0x000000bf33d00000)]
  0x00000227a38c1950 JavaThread "Monitor Ctrl-Break" daemon [_thread_in_native, id=11096, stack(0x000000bf33e00000,0x000000bf33f00000)]
  0x00000227a38bf970 JavaThread "Notification Thread" daemon [_thread_blocked, id=15752, stack(0x000000bf33f00000,0x000000bf34000000)]
  0x00000227a38c0960 JavaThread "mysql-cj-abandoned-connection-cleanup" daemon [_thread_blocked, id=12672, stack(0x000000bf34300000,0x000000bf34400000)]

Other Threads:
  0x000002275e479250 VMThread "VM Thread" [stack: 0x000000bf33300000,0x000000bf33400000] [id=15124]
  0x00000227a3acc800 WatcherThread "VM Periodic Task Thread" [stack: 0x000000bf34000000,0x000000bf34100000] [id=14524]
  0x00000227423c9160 WorkerThread "GC Thread#0" [stack: 0x000000bf32e00000,0x000000bf32f00000] [id=11188]
  0x00000227a3ea4dd0 WorkerThread "GC Thread#1" [stack: 0x000000bf33d00000,0x000000bf33e00000] [id=15160]
  0x00000227a421e550 WorkerThread "GC Thread#2" [stack: 0x000000bf34100000,0x000000bf34200000] [id=14640]
  0x00000227a3f094d0 WorkerThread "GC Thread#3" [stack: 0x000000bf34200000,0x000000bf34300000] [id=13736]
  0x00000227423d9cb0 ConcurrentGCThread "G1 Main Marker" [stack: 0x000000bf32f00000,0x000000bf33000000] [id=15504]
  0x00000227423da880 WorkerThread "G1 Conc#0" [stack: 0x000000bf33000000,0x000000bf33100000] [id=11620]
  0x000002274242e910 ConcurrentGCThread "G1 Refine#0" [stack: 0x000000bf33100000,0x000000bf33200000] [id=15900]
  0x000002275e32d500 ConcurrentGCThread "G1 Service" [stack: 0x000000bf33200000,0x000000bf33300000] [id=1664]

Threads with active compile tasks:
C2 CompilerThread0    16186 4175   !   4       jdk.internal.loader.BuiltinClassLoader::findClassOnClassPathOrNull (64 bytes)

VM state: not at safepoint (normal execution)

VM Mutex/Monitor currently owned by a thread: None

Heap address: 0x0000000081e00000, size: 2018 MB, Compressed Oops mode: 32-bit

CDS archive(s) mapped at: [0x000002275e800000-0x000002275f460000-0x000002275f460000), size 12976128, SharedBaseAddress: 0x000002275e800000, ArchiveRelocationMode: 1.
Compressed class space mapped at: 0x000002275f800000-0x000002279f800000, reserved size: 1073741824
Narrow klass base: 0x000002275e800000, Narrow klass shift: 0, Narrow klass range: 0x100000000

GC Precious Log:
 CardTable entry size: 512
 Card Set container configuration: InlinePtr #cards 5 size 8 Array Of Cards #cards 12 size 40 Howl #buckets 4 coarsen threshold 1843 Howl Bitmap #cards 512 size 80 coarsen threshold 460 Card regions per heap region 1 cards per card region 2048
 CPUs: 4 total, 4 available
 Memory: 8067M
 Large Page Support: Disabled
 NUMA Support: Disabled
 Compressed Oops: Enabled (32-bit)
 Heap Region Size: 1M
 Heap Min Capacity: 8M
 Heap Initial Capacity: 128M
 Heap Max Capacity: 2018M
 Pre-touch: Disabled
 Parallel Workers: 4
 Concurrent Workers: 1
 Concurrent Refinement Workers: 4
 Periodic GC: Disabled

Heap:
 garbage-first heap   total 51200K, used 23155K [0x0000000081e00000, 0x0000000100000000)
  region size 1024K, 8 young (8192K), 3 survivors (3072K)
 Metaspace       used 39398K, committed 39872K, reserved 1114112K
  class space    used 4993K, committed 5184K, reserved 1048576K

Heap Regions: E=young(eden), S=young(survivor), O=old, HS=humongous(starts), HC=humongous(continues), CS=collection set, F=free, OA=open archive, CA=closed archive, TAMS=top-at-mark-start, PB=parsable bottom
|   0|0x0000000081e00000, 0x0000000081f00000, 0x0000000081f00000|100%|HS|  |TAMS 0x0000000081e00000| PB 0x0000000081e00000| Complete 
|   1|0x0000000081f00000, 0x0000000082000000, 0x0000000082000000|100%| O|  |TAMS 0x0000000081f00000| PB 0x0000000081f00000| Untracked 
|   2|0x0000000082000000, 0x0000000082100000, 0x0000000082100000|100%| O|  |TAMS 0x0000000082000000| PB 0x0000000082000000| Untracked 
|   3|0x0000000082100000, 0x0000000082200000, 0x0000000082200000|100%| O|  |TAMS 0x0000000082100000| PB 0x0000000082100000| Untracked 
|   4|0x0000000082200000, 0x0000000082300000, 0x0000000082300000|100%| O|  |TAMS 0x0000000082200000| PB 0x0000000082200000| Untracked 
|   5|0x0000000082300000, 0x0000000082400000, 0x0000000082400000|100%| O|  |TAMS 0x0000000082300000| PB 0x0000000082300000| Untracked 
|   6|0x0000000082400000, 0x0000000082400000, 0x0000000082500000|  0%| F|  |TAMS 0x0000000082400000| PB 0x0000000082400000| Untracked 
|   7|0x0000000082500000, 0x0000000082600000, 0x0000000082600000|100%| O|  |TAMS 0x0000000082500000| PB 0x0000000082500000| Untracked 
|   8|0x0000000082600000, 0x0000000082700000, 0x0000000082700000|100%| O|  |TAMS 0x0000000082600000| PB 0x0000000082600000| Untracked 
|   9|0x0000000082700000, 0x0000000082800000, 0x0000000082800000|100%| O|  |TAMS 0x0000000082700000| PB 0x0000000082700000| Untracked 
|  10|0x0000000082800000, 0x0000000082900000, 0x0000000082900000|100%| O|  |TAMS 0x0000000082800000| PB 0x0000000082800000| Untracked 
|  11|0x0000000082900000, 0x0000000082a00000, 0x0000000082a00000|100%| O|  |TAMS 0x0000000082900000| PB 0x0000000082900000| Untracked 
|  12|0x0000000082a00000, 0x0000000082b00000, 0x0000000082b00000|100%| O|  |TAMS 0x0000000082a00000| PB 0x0000000082a00000| Untracked 
|  13|0x0000000082b00000, 0x0000000082c00000, 0x0000000082c00000|100%| O|  |TAMS 0x0000000082b00000| PB 0x0000000082b00000| Complete 
|  14|0x0000000082c00000, 0x0000000082d00000, 0x0000000082d00000|100%| O|  |TAMS 0x0000000082c00000| PB 0x0000000082c00000| Untracked 
|  15|0x0000000082d00000, 0x0000000082e00000, 0x0000000082e00000|100%| O|  |TAMS 0x0000000082d00000| PB 0x0000000082d00000| Untracked 
|  16|0x0000000082e00000, 0x0000000082e9cc00, 0x0000000082f00000| 61%| O|  |TAMS 0x0000000082e00000| PB 0x0000000082e00000| Untracked 
|  17|0x0000000082f00000, 0x0000000082f00000, 0x0000000083000000|  0%| F|  |TAMS 0x0000000082f00000| PB 0x0000000082f00000| Untracked 
|  18|0x0000000083000000, 0x0000000083000000, 0x0000000083100000|  0%| F|  |TAMS 0x0000000083000000| PB 0x0000000083000000| Untracked 
|  19|0x0000000083100000, 0x0000000083100000, 0x0000000083200000|  0%| F|  |TAMS 0x0000000083100000| PB 0x0000000083100000| Untracked 
|  20|0x0000000083200000, 0x0000000083200000, 0x0000000083300000|  0%| F|  |TAMS 0x0000000083200000| PB 0x0000000083200000| Untracked 
|  21|0x0000000083300000, 0x0000000083300000, 0x0000000083400000|  0%| F|  |TAMS 0x0000000083300000| PB 0x0000000083300000| Untracked 
|  22|0x0000000083400000, 0x0000000083400000, 0x0000000083500000|  0%| F|  |TAMS 0x0000000083400000| PB 0x0000000083400000| Untracked 
|  23|0x0000000083500000, 0x0000000083500000, 0x0000000083600000|  0%| F|  |TAMS 0x0000000083500000| PB 0x0000000083500000| Untracked 
|  24|0x0000000083600000, 0x0000000083600000, 0x0000000083700000|  0%| F|  |TAMS 0x0000000083600000| PB 0x0000000083600000| Untracked 
|  25|0x0000000083700000, 0x0000000083700000, 0x0000000083800000|  0%| F|  |TAMS 0x0000000083700000| PB 0x0000000083700000| Untracked 
|  26|0x0000000083800000, 0x0000000083800000, 0x0000000083900000|  0%| F|  |TAMS 0x0000000083800000| PB 0x0000000083800000| Untracked 
|  27|0x0000000083900000, 0x0000000083900000, 0x0000000083a00000|  0%| F|  |TAMS 0x0000000083900000| PB 0x0000000083900000| Untracked 
|  28|0x0000000083a00000, 0x0000000083a00000, 0x0000000083b00000|  0%| F|  |TAMS 0x0000000083a00000| PB 0x0000000083a00000| Untracked 
|  29|0x0000000083b00000, 0x0000000083b00000, 0x0000000083c00000|  0%| F|  |TAMS 0x0000000083b00000| PB 0x0000000083b00000| Untracked 
|  30|0x0000000083c00000, 0x0000000083c00000, 0x0000000083d00000|  0%| F|  |TAMS 0x0000000083c00000| PB 0x0000000083c00000| Untracked 
|  31|0x0000000083d00000, 0x0000000083d00000, 0x0000000083e00000|  0%| F|  |TAMS 0x0000000083d00000| PB 0x0000000083d00000| Untracked 
|  32|0x0000000083e00000, 0x0000000083e00000, 0x0000000083f00000|  0%| F|  |TAMS 0x0000000083e00000| PB 0x0000000083e00000| Untracked 
|  33|0x0000000083f00000, 0x0000000084000000, 0x0000000084000000|100%| S|CS|TAMS 0x0000000083f00000| PB 0x0000000083f00000| Complete 
|  34|0x0000000084000000, 0x0000000084100000, 0x0000000084100000|100%| S|CS|TAMS 0x0000000084000000| PB 0x0000000084000000| Complete 
|  35|0x0000000084100000, 0x0000000084200000, 0x0000000084200000|100%| S|CS|TAMS 0x0000000084100000| PB 0x0000000084100000| Complete 
|  36|0x0000000084200000, 0x0000000084200000, 0x0000000084300000|  0%| F|  |TAMS 0x0000000084200000| PB 0x0000000084200000| Untracked 
|  37|0x0000000084300000, 0x0000000084300000, 0x0000000084400000|  0%| F|  |TAMS 0x0000000084300000| PB 0x0000000084300000| Untracked 
|  38|0x0000000084400000, 0x0000000084400000, 0x0000000084500000|  0%| F|  |TAMS 0x0000000084400000| PB 0x0000000084400000| Untracked 
|  39|0x0000000084500000, 0x0000000084500000, 0x0000000084600000|  0%| F|  |TAMS 0x0000000084500000| PB 0x0000000084500000| Untracked 
|  40|0x0000000084600000, 0x0000000084600000, 0x0000000084700000|  0%| F|  |TAMS 0x0000000084600000| PB 0x0000000084600000| Untracked 
|  41|0x0000000084700000, 0x0000000084700000, 0x0000000084800000|  0%| F|  |TAMS 0x0000000084700000| PB 0x0000000084700000| Untracked 
|  75|0x0000000086900000, 0x0000000086900000, 0x0000000086a00000|  0%| F|  |TAMS 0x0000000086900000| PB 0x0000000086900000| Untracked 
|  76|0x0000000086a00000, 0x0000000086a00000, 0x0000000086b00000|  0%| F|  |TAMS 0x0000000086a00000| PB 0x0000000086a00000| Untracked 
|  77|0x0000000086b00000, 0x0000000086b00000, 0x0000000086c00000|  0%| F|  |TAMS 0x0000000086b00000| PB 0x0000000086b00000| Untracked 
|  78|0x0000000086c00000, 0x0000000086d00000, 0x0000000086d00000|100%| E|  |TAMS 0x0000000086c00000| PB 0x0000000086c00000| Complete 
|  79|0x0000000086d00000, 0x0000000086e00000, 0x0000000086e00000|100%| E|CS|TAMS 0x0000000086d00000| PB 0x0000000086d00000| Complete 
|  80|0x0000000086e00000, 0x0000000086f00000, 0x0000000086f00000|100%| E|CS|TAMS 0x0000000086e00000| PB 0x0000000086e00000| Complete 
|  81|0x0000000086f00000, 0x0000000087000000, 0x0000000087000000|100%| E|CS|TAMS 0x0000000086f00000| PB 0x0000000086f00000| Complete 
| 127|0x0000000089d00000, 0x0000000089e00000, 0x0000000089e00000|100%| E|CS|TAMS 0x0000000089d00000| PB 0x0000000089d00000| Complete 

Card table byte_map: [0x0000022759840000,0x0000022759c40000] _byte_map_base: 0x0000022759431000

Marking Bits: (CMBitMap*) 0x00000227423c9790
 Bits: [0x000002275a040000, 0x000002275bfc8000)

Polling page: 0x00000227401b0000

Metaspace:

Usage:
  Non-class:     33.61 MB used.
      Class:      4.88 MB used.
       Both:     38.49 MB used.

Virtual space:
  Non-class space:       64.00 MB reserved,      33.88 MB ( 53%) committed,  1 nodes.
      Class space:        1.00 GB reserved,       5.06 MB ( <1%) committed,  1 nodes.
             Both:        1.06 GB reserved,      38.94 MB (  4%) committed. 

Chunk freelists:
   Non-Class:  2.16 MB
       Class:  2.75 MB
        Both:  4.91 MB

MaxMetaspaceSize: unlimited
CompressedClassSpaceSize: 1.00 GB
Initial GC threshold: 21.00 MB
Current GC threshold: 59.31 MB
CDS: on
MetaspaceReclaimPolicy: balanced
 - commit_granule_bytes: 65536.
 - commit_granule_words: 8192.
 - virtual_space_node_default_size: 8388608.
 - enlarge_chunks_in_place: 1.
 - new_chunks_are_fully_committed: 0.
 - uncommit_free_chunks: 1.
 - use_allocation_guard: 0.


Internal statistics:

num_allocs_failed_limit: 9.
num_arena_births: 626.
num_arena_deaths: 0.
num_vsnodes_births: 2.
num_vsnodes_deaths: 0.
num_space_committed: 623.
num_space_uncommitted: 0.
num_chunks_returned_to_freelist: 9.
num_chunks_taken_from_freelist: 1922.
num_chunk_merges: 9.
num_chunk_splits: 1358.
num_chunks_enlarged: 1024.
num_inconsistent_stats: 0.

CodeHeap 'non-profiled nmethods': size=120000Kb used=1971Kb max_used=2157Kb free=118028Kb
 bounds [0x0000022751f10000, 0x0000022752180000, 0x0000022759440000]
CodeHeap 'profiled nmethods': size=120000Kb used=7726Kb max_used=8730Kb free=112273Kb
 bounds [0x000002274a440000, 0x000002274acd0000, 0x0000022751970000]
CodeHeap 'non-nmethods': size=5760Kb used=1579Kb max_used=1579Kb free=4180Kb
 bounds [0x0000022751970000, 0x0000022751be0000, 0x0000022751f10000]
 total_blobs=4391 nmethods=3806 adapters=495
 compilation: enabled
              stopped_count=0, restarted_count=0
 full_count=0

Compilation events (20 events):
Event: 16.053 Thread 0x000002275e4b5a30 4238       3       sun.security.jca.ProviderList::getProvider (22 bytes)
Event: 16.053 Thread 0x000002275e4b5a30 nmethod 4238 0x000002274a499790 code [0x000002274a499940, 0x000002274a499b28]
Event: 16.095 Thread 0x000002275e4b5a30 4239       3       java.util.stream.AbstractPipeline::copyIntoWithCancel (46 bytes)
Event: 16.095 Thread 0x000002275e4b5a30 nmethod 4239 0x000002274a4b4090 code [0x000002274a4b4260, 0x000002274a4b4748]
Event: 16.095 Thread 0x000002275e4b5a30 4240       3       java.util.ArrayList$ArrayListSpliterator::getFence (35 bytes)
Event: 16.095 Thread 0x000002275e4b5a30 nmethod 4240 0x000002274a521a90 code [0x000002274a521c20, 0x000002274a521d80]
Event: 16.095 Thread 0x000002275e4b5a30 4241       3       java.util.ArrayList$ArrayListSpliterator::tryAdvance (79 bytes)
Event: 16.096 Thread 0x000002275e4b5a30 nmethod 4241 0x000002274a55c590 code [0x000002274a55c780, 0x000002274a55cce0]
Event: 16.096 Thread 0x000002275e4b5a30 4243       3       com.mysql.cj.protocol.ExportControlled$$Lambda$816/0x000002275fccafa0::test (12 bytes)
Event: 16.097 Thread 0x000002275e4b5a30 nmethod 4243 0x000002274a4bac10 code [0x000002274a4badc0, 0x000002274a4bb170]
Event: 16.100 Thread 0x000002275e4b5a30 4245       3       java.lang.reflect.Method::isCallerSensitive (38 bytes)
Event: 16.101 Thread 0x000002275e4b5a30 nmethod 4245 0x000002274a4df690 code [0x000002274a4df8c0, 0x000002274a4e0280]
Event: 16.102 Thread 0x000002275e4b5a30 4246       3       sun.security.ssl.SSLAlgorithmConstraints::permits (96 bytes)
Event: 16.102 Thread 0x000002275e4b5a30 nmethod 4246 0x000002274a82c410 code [0x000002274a82c5e0, 0x000002274a82cad8]
Event: 16.102 Thread 0x000002275e4b5a30 4247       3       sun.security.ssl.CipherSuite::isAvailable (52 bytes)
Event: 16.103 Thread 0x000002275e4b5a30 nmethod 4247 0x000002274a4e7010 code [0x000002274a4e71c0, 0x000002274a4e7548]
Event: 16.103 Thread 0x000002275e4b5a30 4248       3       sun.security.ssl.CipherSuite$KeyExchange::isAvailable (46 bytes)
Event: 16.103 Thread 0x000002275e4b5a30 nmethod 4248 0x000002274a4a7610 code [0x000002274a4a77c0, 0x000002274a4a7ab0]
Event: 16.103 Thread 0x000002275e4b5a30 4249       3       jdk.internal.misc.Unsafe::putIntUnaligned (14 bytes)
Event: 16.104 Thread 0x000002275e4b5a30 nmethod 4249 0x000002274a5cf190 code [0x000002274a5cf320, 0x000002274a5cf570]

GC Heap History (14 events):
Event: 2.756 GC heap before
{Heap before GC invocations=0 (full 0):
 garbage-first heap   total 131072K, used 14336K [0x0000000081e00000, 0x0000000100000000)
  region size 1024K, 13 young (13312K), 0 survivors (0K)
 Metaspace       used 3805K, committed 4032K, reserved 1114112K
  class space    used 383K, committed 512K, reserved 1048576K
}
Event: 2.775 GC heap after
{Heap after GC invocations=1 (full 0):
 garbage-first heap   total 131072K, used 6412K [0x0000000081e00000, 0x0000000100000000)
  region size 1024K, 2 young (2048K), 2 survivors (2048K)
 Metaspace       used 3805K, committed 4032K, reserved 1114112K
  class space    used 383K, committed 512K, reserved 1048576K
}
Event: 3.974 GC heap before
{Heap before GC invocations=1 (full 0):
 garbage-first heap   total 131072K, used 19724K [0x0000000081e00000, 0x0000000100000000)
  region size 1024K, 15 young (15360K), 2 survivors (2048K)
 Metaspace       used 7855K, committed 8128K, reserved 1114112K
  class space    used 932K, committed 1024K, reserved 1048576K
}
Event: 3.980 GC heap after
{Heap after GC invocations=2 (full 0):
 garbage-first heap   total 131072K, used 7723K [0x0000000081e00000, 0x0000000100000000)
  region size 1024K, 2 young (2048K), 2 survivors (2048K)
 Metaspace       used 7855K, committed 8128K, reserved 1114112K
  class space    used 932K, committed 1024K, reserved 1048576K
}
Event: 5.116 GC heap before
{Heap before GC invocations=2 (full 0):
 garbage-first heap   total 131072K, used 33323K [0x0000000081e00000, 0x0000000100000000)
  region size 1024K, 28 young (28672K), 2 survivors (2048K)
 Metaspace       used 15011K, committed 15296K, reserved 1114112K
  class space    used 1781K, committed 1920K, reserved 1048576K
}
Event: 5.124 GC heap after
{Heap after GC invocations=3 (full 0):
 garbage-first heap   total 131072K, used 9871K [0x0000000081e00000, 0x0000000100000000)
  region size 1024K, 4 young (4096K), 4 survivors (4096K)
 Metaspace       used 15011K, committed 15296K, reserved 1114112K
  class space    used 1781K, committed 1920K, reserved 1048576K
}
Event: 9.349 GC heap before
{Heap before GC invocations=3 (full 0):
 garbage-first heap   total 131072K, used 51855K [0x0000000081e00000, 0x0000000100000000)
  region size 1024K, 46 young (47104K), 4 survivors (4096K)
 Metaspace       used 21233K, committed 21504K, reserved 1114112K
  class space    used 2566K, committed 2688K, reserved 1048576K
}
Event: 9.371 GC heap after
{Heap after GC invocations=4 (full 0):
 garbage-first heap   total 131072K, used 13023K [0x0000000081e00000, 0x0000000100000000)
  region size 1024K, 7 young (7168K), 7 survivors (7168K)
 Metaspace       used 21233K, committed 21504K, reserved 1114112K
  class space    used 2566K, committed 2688K, reserved 1048576K
}
Event: 12.052 GC heap before
{Heap before GC invocations=5 (full 0):
 garbage-first heap   total 51200K, used 36575K [0x0000000081e00000, 0x0000000100000000)
  region size 1024K, 30 young (30720K), 7 survivors (7168K)
 Metaspace       used 26398K, committed 26816K, reserved 1114112K
  class space    used 3288K, committed 3456K, reserved 1048576K
}
Event: 12.080 GC heap after
{Heap after GC invocations=6 (full 0):
 garbage-first heap   total 51200K, used 16159K [0x0000000081e00000, 0x0000000100000000)
  region size 1024K, 3 young (3072K), 3 survivors (3072K)
 Metaspace       used 26398K, committed 26816K, reserved 1114112K
  class space    used 3288K, committed 3456K, reserved 1048576K
}
Event: 13.583 GC heap before
{Heap before GC invocations=6 (full 0):
 garbage-first heap   total 51200K, used 38687K [0x0000000081e00000, 0x0000000100000000)
  region size 1024K, 26 young (26624K), 3 survivors (3072K)
 Metaspace       used 31639K, committed 32128K, reserved 1114112K
  class space    used 3984K, committed 4224K, reserved 1048576K
}
Event: 13.601 GC heap after
{Heap after GC invocations=7 (full 0):
 garbage-first heap   total 51200K, used 18365K [0x0000000081e00000, 0x0000000100000000)
  region size 1024K, 3 young (3072K), 3 survivors (3072K)
 Metaspace       used 31639K, committed 32128K, reserved 1114112K
  class space    used 3984K, committed 4224K, reserved 1048576K
}
Event: 15.337 GC heap before
{Heap before GC invocations=7 (full 0):
 garbage-first heap   total 51200K, used 30653K [0x0000000081e00000, 0x0000000100000000)
  region size 1024K, 17 young (17408K), 3 survivors (3072K)
 Metaspace       used 35537K, committed 35968K, reserved 1114112K
  class space    used 4527K, committed 4736K, reserved 1048576K
}
Event: 15.350 GC heap after
{Heap after GC invocations=8 (full 0):
 garbage-first heap   total 51200K, used 19059K [0x0000000081e00000, 0x0000000100000000)
  region size 1024K, 3 young (3072K), 3 survivors (3072K)
 Metaspace       used 35537K, committed 35968K, reserved 1114112K
  class space    used 4527K, committed 4736K, reserved 1048576K
}

Dll operation events (14 events):
Event: 0.026 Loaded shared library C:\Program Files\Java\jdk-20\bin\java.dll
Event: 0.058 Loaded shared library C:\Program Files\Java\jdk-20\bin\jsvml.dll
Event: 0.554 Loaded shared library C:\Program Files\Java\jdk-20\bin\zip.dll
Event: 0.575 Loaded shared library C:\Program Files\Java\jdk-20\bin\instrument.dll
Event: 0.589 Loaded shared library C:\Program Files\Java\jdk-20\bin\net.dll
Event: 0.592 Loaded shared library C:\Program Files\Java\jdk-20\bin\nio.dll
Event: 0.604 Loaded shared library C:\Program Files\Java\jdk-20\bin\zip.dll
Event: 1.606 Loaded shared library C:\Program Files\Java\jdk-20\bin\jimage.dll
Event: 1.697 Loaded shared library C:\Program Files\JetBrains\IntelliJ IDEA Community Edition 2023.1.2\bin\breakgen64.dll
Event: 1.719 Loaded shared library C:\Program Files\Java\jdk-20\bin\extnet.dll
Event: 4.624 Loaded shared library C:\Program Files\Java\jdk-20\bin\verify.dll
Event: 12.358 Loaded shared library C:\Program Files\Java\jdk-20\bin\sunmscapi.dll
Event: 12.401 Loaded shared library C:\Program Files\Java\jdk-20\bin\management.dll
Event: 12.405 Loaded shared library C:\Program Files\Java\jdk-20\bin\management_ext.dll

Deoptimization events (20 events):
Event: 15.719 Thread 0x000002274236c290 Uncommon trap: trap_request=0xffffff45 fr.pc=0x0000022751f5265c relative=0x000000000000043c
Event: 15.719 Thread 0x000002274236c290 Uncommon trap: reason=unstable_if action=reinterpret pc=0x0000022751f5265c method=java.lang.AbstractStringBuilder.inflateIfNeededFor(Ljava/lang/String;)V @ 14 c2
Event: 15.719 Thread 0x000002274236c290 DEOPT PACKING pc=0x0000022751f5265c sp=0x000000bf32df7ce0
Event: 15.719 Thread 0x000002274236c290 DEOPT UNPACKING pc=0x00000227519d9d22 sp=0x000000bf32df7b80 mode 2
Event: 15.719 Thread 0x000002274236c290 Uncommon trap: trap_request=0xffffff45 fr.pc=0x0000022751f53d5c relative=0x000000000000043c
Event: 15.719 Thread 0x000002274236c290 Uncommon trap: reason=unstable_if action=reinterpret pc=0x0000022751f53d5c method=java.lang.AbstractStringBuilder.inflateIfNeededFor(Ljava/lang/String;)V @ 14 c2
Event: 15.719 Thread 0x000002274236c290 DEOPT PACKING pc=0x0000022751f53d5c sp=0x000000bf32df7c70
Event: 15.719 Thread 0x000002274236c290 DEOPT UNPACKING pc=0x00000227519d9d22 sp=0x000000bf32df7b78 mode 2
Event: 15.853 Thread 0x000002274236c290 Uncommon trap: trap_request=0xffffff45 fr.pc=0x000002275211ea74 relative=0x00000000000009b4
Event: 15.853 Thread 0x000002274236c290 Uncommon trap: reason=unstable_if action=reinterpret pc=0x000002275211ea74 method=sun.net.util.IPAddressUtil.scan(Ljava/lang/String;JJ[C)I @ 14 c2
Event: 15.853 Thread 0x000002274236c290 DEOPT PACKING pc=0x000002275211ea74 sp=0x000000bf32df5280
Event: 15.853 Thread 0x000002274236c290 DEOPT UNPACKING pc=0x00000227519d9d22 sp=0x000000bf32df5078 mode 2
Event: 15.853 Thread 0x000002274236c290 Uncommon trap: trap_request=0xffffff45 fr.pc=0x0000022752119c5c relative=0x000000000000005c
Event: 15.853 Thread 0x000002274236c290 Uncommon trap: reason=unstable_if action=reinterpret pc=0x0000022752119c5c method=sun.net.util.IPAddressUtil.scan(Ljava/lang/String;JJ)I @ 14 c2
Event: 15.853 Thread 0x000002274236c290 DEOPT PACKING pc=0x0000022752119c5c sp=0x000000bf32df51f0
Event: 15.853 Thread 0x000002274236c290 DEOPT UNPACKING pc=0x00000227519d9d22 sp=0x000000bf32df50f0 mode 2
Event: 16.048 Thread 0x000002274236c290 Uncommon trap: trap_request=0xffffff45 fr.pc=0x0000022751fb0864 relative=0x00000000000001e4
Event: 16.048 Thread 0x000002274236c290 Uncommon trap: reason=unstable_if action=reinterpret pc=0x0000022751fb0864 method=java.util.HashMap.putVal(ILjava/lang/Object;Ljava/lang/Object;ZZ)Ljava/lang/Object; @ 162 c2
Event: 16.048 Thread 0x000002274236c290 DEOPT PACKING pc=0x0000022751fb0864 sp=0x000000bf32df6890
Event: 16.048 Thread 0x000002274236c290 DEOPT UNPACKING pc=0x00000227519d9d22 sp=0x000000bf32df6820 mode 2

Classes loaded (20 events):
Event: 16.120 Loading class sun/security/ssl/CertStatusExtension$SHCertStatusReqV2Producer
Event: 16.120 Loading class sun/security/ssl/CertStatusExtension$SHCertStatusReqV2Producer done
Event: 16.120 Loading class sun/security/ssl/CertStatusExtension$SHCertStatusReqV2Consumer
Event: 16.120 Loading class sun/security/ssl/CertStatusExtension$SHCertStatusReqV2Consumer done
Event: 16.120 Loading class sun/security/ssl/CertStatusExtension$CertStatusRequestsStringizer
Event: 16.121 Loading class sun/security/ssl/CertStatusExtension$CertStatusRequestsStringizer done
Event: 16.121 Loading class sun/security/ssl/CertStatusExtension$CertStatusRespStringizer
Event: 16.121 Loading class sun/security/ssl/CertStatusExtension$CertStatusRespStringizer done
Event: 16.121 Loading class sun/security/ssl/SupportedGroupsExtension
Event: 16.122 Loading class sun/security/ssl/SupportedGroupsExtension done
Event: 16.122 Loading class sun/security/ssl/SupportedGroupsExtension$CHSupportedGroupsProducer
Event: 16.122 Loading class sun/security/ssl/SupportedGroupsExtension$CHSupportedGroupsProducer done
Event: 16.122 Loading class sun/security/ssl/SupportedGroupsExtension$CHSupportedGroupsConsumer
Event: 16.123 Loading class sun/security/ssl/SupportedGroupsExtension$CHSupportedGroupsConsumer done
Event: 16.123 Loading class sun/security/ssl/SupportedGroupsExtension$CHSupportedGroupsOnTradeAbsence
Event: 16.123 Loading class sun/security/ssl/SupportedGroupsExtension$CHSupportedGroupsOnTradeAbsence done
Event: 16.124 Loading class sun/security/ssl/SupportedGroupsExtension$SupportedGroupsStringizer
Event: 16.124 Loading class sun/security/ssl/SupportedGroupsExtension$SupportedGroupsStringizer done
Event: 16.124 Loading class sun/security/ssl/SupportedGroupsExtension$EESupportedGroupsProducer
Event: 16.125 Loading class sun/security/ssl/SupportedGroupsExtension$EESupportedGroupsProducer done

Classes unloaded (0 events):
No events

Classes redefined (0 events):
No events

Internal exceptions (20 events):
Event: 9.940 Thread 0x000002274236c290 Exception <a 'java/lang/NoSuchMethodError'{0x00000000840b7f10}: 'int java.lang.invoke.DirectMethodHandle$Holder.invokeSpecial(java.lang.Object, java.lang.Object, java.lang.Object, int)'> (0x00000000840b7f10) 
thrown [s\open\src\hotspot\share\interpreter\linkResolver.cpp, line 773]
Event: 9.944 Thread 0x000002274236c290 Exception <a 'java/lang/NoSuchMethodError'{0x00000000840c9c48}: 'java.lang.Object java.lang.invoke.DirectMethodHandle$Holder.invokeStatic(java.lang.Object, java.lang.Object, java.lang.Object, java.lang.Object, int)'> (0x00000000840c9c48) 
thrown [s\open\src\hotspot\share\interpreter\linkResolver.cpp, line 773]
Event: 9.947 Thread 0x000002274236c290 Exception <a 'java/lang/NoSuchMethodError'{0x00000000840d4300}: 'void java.lang.invoke.DelegatingMethodHandle$Holder.reinvoke_L(java.lang.Object, java.lang.Object, int)'> (0x00000000840d4300) 
thrown [s\open\src\hotspot\share\interpreter\linkResolver.cpp, line 773]
Event: 10.072 Thread 0x000002274236c290 Implicit null exception at 0x0000022752084ada to 0x0000022752084b79
Event: 10.309 Thread 0x000002274236c290 Exception <a 'java/lang/NoSuchMethodError'{0x0000000083dd9d08}: 'java.lang.Object java.lang.invoke.DirectMethodHandle$Holder.invokeSpecialIFC(java.lang.Object, java.lang.Object, java.lang.Object)'> (0x0000000083dd9d08) 
thrown [s\open\src\hotspot\share\interpreter\linkResolver.cpp, line 773]
Event: 10.339 Thread 0x000002274236c290 Exception <a 'java/lang/NoSuchMethodError'{0x0000000083c1ec18}: 'java.lang.Object java.lang.invoke.DirectMethodHandle$Holder.invokeVirtual(java.lang.Object, java.lang.Object, java.lang.Object, java.lang.Object, java.lang.Object)'> (0x0000000083c1ec18) 
thrown [s\open\src\hotspot\share\interpreter\linkResolver.cpp, line 773]
Event: 10.543 Thread 0x000002274236c290 Implicit null exception at 0x0000022752081c4c to 0x0000022752082430
Event: 10.543 Thread 0x000002274236c290 Exception <a 'java/lang/NoSuchMethodError'{0x0000000083ad0070}: 'java.lang.reflect.Field[] java.lang.Class.getDeclaredFields(java.lang.Class)'> (0x0000000083ad0070) 
thrown [s\open\src\hotspot\share\interpreter\linkResolver.cpp, line 773]
Event: 10.629 Thread 0x000002274236c290 Exception <a 'java/lang/NoSuchMethodError'{0x00000000839ff3a8}: 'void java.lang.invoke.DirectMethodHandle$Holder.invokeInterface(java.lang.Object, java.lang.Object, int)'> (0x00000000839ff3a8) 
thrown [s\open\src\hotspot\share\interpreter\linkResolver.cpp, line 773]
Event: 10.645 Thread 0x000002274236c290 Exception <a 'java/lang/IncompatibleClassChangeError'{0x000000008384ea70}: Found class java.lang.Object, but interface was expected> (0x000000008384ea70) 
thrown [s\open\src\hotspot\share\interpreter\linkResolver.cpp, line 840]
Event: 10.646 Thread 0x000002274236c290 Exception <a 'java/lang/NoSuchMethodError'{0x0000000083853b28}: 'void java.lang.invoke.DirectMethodHandle$Holder.invokeStatic(java.lang.Object, int, java.lang.Object)'> (0x0000000083853b28) 
thrown [s\open\src\hotspot\share\interpreter\linkResolver.cpp, line 773]
Event: 11.341 Thread 0x000002274236c290 Exception <a 'java/lang/NoSuchMethodError'{0x0000000083424380}: 'java.lang.Object java.lang.invoke.DirectMethodHandle$Holder.invokeStaticInit(java.lang.Object, int, int, int, int)'> (0x0000000083424380) 
thrown [s\open\src\hotspot\share\interpreter\linkResolver.cpp, line 773]
Event: 11.745 Thread 0x000002274236c290 Exception <a 'java/lang/NoSuchMethodError'{0x00000000834ff650}: 'java.lang.Object java.lang.invoke.DirectMethodHandle$Holder.invokeStaticInit(java.lang.Object, java.lang.Object, int, int, int, int)'> (0x00000000834ff650) 
thrown [s\open\src\hotspot\share\interpreter\linkResolver.cpp, line 773]
Event: 12.095 Thread 0x000002274236c290 Exception <a 'java/lang/NoSuchMethodError'{0x0000000089d63628}: 'int java.lang.invoke.DirectMethodHandle$Holder.invokeVirtual(java.lang.Object, java.lang.Object, java.lang.Object, java.lang.Object)'> (0x0000000089d63628) 
thrown [s\open\src\hotspot\share\interpreter\linkResolver.cpp, line 773]
Event: 12.096 Thread 0x000002274236c290 Exception <a 'java/lang/NoSuchMethodError'{0x0000000089d67090}: 'int java.lang.invoke.DelegatingMethodHandle$Holder.reinvoke_L(java.lang.Object, java.lang.Object, java.lang.Object, java.lang.Object)'> (0x0000000089d67090) 
thrown [s\open\src\hotspot\share\interpreter\linkResolver.cpp, line 773]
Event: 12.430 Thread 0x000002274236c290 Exception <a 'java/io/FileNotFoundException'{0x0000000086b4bd20}> (0x0000000086b4bd20) 
thrown [s\open\src\hotspot\share\prims\jni.cpp, line 519]
Event: 12.536 Thread 0x000002274236c290 Exception <a 'java/lang/NoSuchMethodError'{0x0000000086a89458}: 'int java.lang.invoke.DirectMethodHandle$Holder.invokeInterface(java.lang.Object, java.lang.Object, java.lang.Object, java.lang.Object)'> (0x0000000086a89458) 
thrown [s\open\src\hotspot\share\interpreter\linkResolver.cpp, line 773]
Event: 12.743 Thread 0x000002274236c290 Exception <a 'java/lang/NoSuchMethodError'{0x0000000084334958}: 'java.lang.Object java.lang.invoke.DirectMethodHandle$Holder.newInvokeSpecial(java.lang.Object, java.lang.Object, java.lang.Object, java.lang.Object, java.lang.Object, java.lang.Object, java.lang.Object, java.lang.Object, java.lang.Object, java.lang.Object, java.lang.Object)'> (0x0000000084334958) 
thrown [s\open\src\hotspot\share\interpreter\linkResolver.cpp, line 773]
Event: 12.997 Thread 0x000002274236c290 Exception <a 'java/lang/NoSuchMethodError'{0x0000000084061660}: 'void java.lang.invoke.DelegatingMethodHandle$Holder.reinvoke_L(java.lang.Object, java.lang.Object, java.lang.Object, java.lang.Object, int, java.lang.Object, java.lang.Object, java.lang.Object)'> (0x0000000084061660) 
thrown [s\open\src\hotspot\share\interpreter\linkResolver.cpp, line 773]
Event: 15.811 Thread 0x000002274236c290 Exception <a 'sun/nio/fs/WindowsException'{0x0000000086dc1538}> (0x0000000086dc1538) 
thrown [s\open\src\hotspot\share\prims\jni.cpp, line 519]

VM Operations (20 events):
Event: 12.732 Executing VM operation: HandshakeAllThreads
Event: 12.732 Executing VM operation: HandshakeAllThreads done
Event: 13.583 Executing VM operation: G1CollectForAllocation
Event: 13.601 Executing VM operation: G1CollectForAllocation done
Event: 14.601 Executing VM operation: Cleanup
Event: 14.634 Executing VM operation: Cleanup done
Event: 15.337 Executing VM operation: CollectForMetadataAllocation
Event: 15.352 Executing VM operation: CollectForMetadataAllocation done
Event: 15.408 Executing VM operation: CollectForMetadataAllocation
Event: 15.408 Executing VM operation: CollectForMetadataAllocation done
Event: 15.409 Executing VM operation: G1PauseRemark
Event: 15.428 Executing VM operation: G1PauseRemark done
Event: 15.448 Executing VM operation: G1PauseCleanup
Event: 15.448 Executing VM operation: G1PauseCleanup done
Event: 15.701 Executing VM operation: HandshakeAllThreads
Event: 15.701 Executing VM operation: HandshakeAllThreads done
Event: 15.816 Executing VM operation: HandshakeAllThreads
Event: 15.816 Executing VM operation: HandshakeAllThreads done
Event: 15.852 Executing VM operation: HandshakeAllThreads
Event: 15.852 Executing VM operation: HandshakeAllThreads done

Events (20 events):
Event: 15.427 Thread 0x000002275e479250 flushing nmethod 0x0000022751f40910
Event: 15.427 Thread 0x000002275e479250 flushing nmethod 0x0000022751f3fb90
Event: 15.427 Thread 0x000002275e479250 flushing nmethod 0x0000022751f37a10
Event: 15.427 Thread 0x000002275e479250 flushing nmethod 0x0000022751f35310
Event: 15.427 Thread 0x000002275e479250 flushing nmethod 0x0000022751f32310
Event: 15.427 Thread 0x000002275e479250 flushing nmethod 0x0000022751f31390
Event: 15.427 Thread 0x000002275e479250 flushing nmethod 0x0000022751f31010
Event: 15.427 Thread 0x000002275e479250 flushing nmethod 0x0000022751f32610
Event: 15.427 Thread 0x000002275e479250 flushing nmethod 0x0000022751f30010
Event: 15.427 Thread 0x000002275e479250 flushing nmethod 0x0000022751f2f210
Event: 15.427 Thread 0x000002275e479250 flushing nmethod 0x0000022751f1fb90
Event: 15.427 Thread 0x000002275e479250 flushing nmethod 0x0000022751f1e210
Event: 15.427 Thread 0x000002275e479250 flushing nmethod 0x0000022751f29290
Event: 15.427 Thread 0x000002275e479250 flushing nmethod 0x0000022751f26b10
Event: 15.427 Thread 0x000002275e479250 flushing nmethod 0x0000022751f25110
Event: 15.427 Thread 0x000002275e479250 flushing nmethod 0x0000022751f24210
Event: 15.427 Thread 0x000002275e479250 flushing nmethod 0x0000022751f23610
Event: 15.427 Thread 0x000002275e479250 flushing nmethod 0x0000022751f22490
Event: 15.427 Thread 0x000002275e479250 flushing nmethod 0x0000022751f1a290
Event: 15.427 Thread 0x000002275e479250 flushing nmethod 0x0000022751f11410


Dynamic libraries:
0x00007ff6d7c50000 - 0x00007ff6d7c60000 	C:\Program Files\Java\jdk-20\bin\java.exe
0x00007ffe93af0000 - 0x00007ffe93ce8000 	C:\Windows\SYSTEM32\ntdll.dll
0x00007ffe937a0000 - 0x00007ffe9385d000 	C:\Windows\System32\KERNEL32.DLL
0x00007ffe911d0000 - 0x00007ffe914c6000 	C:\Windows\System32\KERNELBASE.dll
0x00007ffe917d0000 - 0x00007ffe918d0000 	C:\Windows\System32\ucrtbase.dll
0x00007ffe82480000 - 0x00007ffe8249b000 	C:\Program Files\Java\jdk-20\bin\VCRUNTIME140.dll
0x00007ffe824a0000 - 0x00007ffe824b9000 	C:\Program Files\Java\jdk-20\bin\jli.dll
0x00007ffe93570000 - 0x00007ffe9361f000 	C:\Windows\System32\ADVAPI32.dll
0x00007ffe920a0000 - 0x00007ffe9213e000 	C:\Windows\System32\msvcrt.dll
0x00007ffe93700000 - 0x00007ffe9379c000 	C:\Windows\System32\sechost.dll
0x00007ffe929c0000 - 0x00007ffe92ae6000 	C:\Windows\System32\RPCRT4.dll
0x00007ffe93910000 - 0x00007ffe93aae000 	C:\Windows\System32\USER32.dll
0x00007ffe91520000 - 0x00007ffe91542000 	C:\Windows\System32\win32u.dll
0x00007ffe92af0000 - 0x00007ffe92b1c000 	C:\Windows\System32\GDI32.dll
0x00007ffe918d0000 - 0x00007ffe919ea000 	C:\Windows\System32\gdi32full.dll
0x00007ffe91730000 - 0x00007ffe917cd000 	C:\Windows\System32\msvcp_win.dll
0x00007ffe82e10000 - 0x00007ffe830aa000 	C:\Windows\WinSxS\amd64_microsoft.windows.common-controls_6595b64144ccf1df_6.0.19041.3636_none_60b6a03d71f818d5\COMCTL32.dll
0x00007ffe87e40000 - 0x00007ffe87e4a000 	C:\Windows\SYSTEM32\VERSION.dll
0x00007ffe93620000 - 0x00007ffe93650000 	C:\Windows\System32\IMM32.DLL
0x00007ffe82450000 - 0x00007ffe8245c000 	C:\Program Files\Java\jdk-20\bin\vcruntime140_1.dll
0x00007ffe823c0000 - 0x00007ffe8244e000 	C:\Program Files\Java\jdk-20\bin\msvcp140.dll
0x00007ffdff610000 - 0x00007ffe002a8000 	C:\Program Files\Java\jdk-20\bin\server\jvm.dll
0x00007ffe83e00000 - 0x00007ffe83e27000 	C:\Windows\SYSTEM32\WINMM.dll
0x00007ffe89680000 - 0x00007ffe89689000 	C:\Windows\SYSTEM32\WSOCK32.dll
0x00007ffe92ba0000 - 0x00007ffe92c0b000 	C:\Windows\System32\WS2_32.dll
0x00007ffe8f9e0000 - 0x00007ffe8f9f2000 	C:\Windows\SYSTEM32\kernel.appcore.dll
0x00007ffe823b0000 - 0x00007ffe823ba000 	C:\Program Files\Java\jdk-20\bin\jimage.dll
0x00007ffe80010000 - 0x00007ffe801f4000 	C:\Windows\SYSTEM32\DBGHELP.DLL
0x00007ffe82980000 - 0x00007ffe829b4000 	C:\Windows\SYSTEM32\dbgcore.DLL
0x00007ffe916a0000 - 0x00007ffe91722000 	C:\Windows\System32\bcryptPrimitives.dll
0x00007ffe8b850000 - 0x00007ffe8b85e000 	C:\Program Files\Java\jdk-20\bin\instrument.dll
0x00007ffe6c0e0000 - 0x00007ffe6c106000 	C:\Program Files\Java\jdk-20\bin\java.dll
0x00007ffe021a0000 - 0x00007ffe02277000 	C:\Program Files\Java\jdk-20\bin\jsvml.dll
0x00007ffe92270000 - 0x00007ffe929b4000 	C:\Windows\System32\SHELL32.dll
0x00007ffe8f180000 - 0x00007ffe8f91b000 	C:\Windows\SYSTEM32\windows.storage.dll
0x00007ffe92d90000 - 0x00007ffe930e4000 	C:\Windows\System32\combase.dll
0x00007ffe90a60000 - 0x00007ffe90a8d000 	C:\Windows\SYSTEM32\Wldp.dll
0x00007ffe93860000 - 0x00007ffe9390d000 	C:\Windows\System32\SHCORE.dll
0x00007ffe91f60000 - 0x00007ffe91fb5000 	C:\Windows\System32\shlwapi.dll
0x00007ffe91100000 - 0x00007ffe91125000 	C:\Windows\SYSTEM32\profapi.dll
0x00007ffe82460000 - 0x00007ffe82478000 	C:\Program Files\Java\jdk-20\bin\zip.dll
0x00007ffe82530000 - 0x00007ffe82543000 	C:\Program Files\Java\jdk-20\bin\net.dll
0x00007ffe898f0000 - 0x00007ffe899fa000 	C:\Windows\SYSTEM32\WINHTTP.dll
0x00007ffe90840000 - 0x00007ffe908aa000 	C:\Windows\system32\mswsock.dll
0x00007ffe82510000 - 0x00007ffe82526000 	C:\Program Files\Java\jdk-20\bin\nio.dll
0x00007ffe6f3b0000 - 0x00007ffe6f3ca000 	C:\Program Files\JetBrains\IntelliJ IDEA Community Edition 2023.1.2\bin\breakgen64.dll
0x00007ffe82500000 - 0x00007ffe82507000 	C:\Program Files\Java\jdk-20\bin\extnet.dll
0x00007ffe82390000 - 0x00007ffe823a0000 	C:\Program Files\Java\jdk-20\bin\verify.dll
0x00007ffe90aa0000 - 0x00007ffe90ab8000 	C:\Windows\SYSTEM32\CRYPTSP.dll
0x00007ffe90190000 - 0x00007ffe901c4000 	C:\Windows\system32\rsaenh.dll
0x00007ffe91670000 - 0x00007ffe91697000 	C:\Windows\System32\bcrypt.dll
0x00007ffe91080000 - 0x00007ffe910ae000 	C:\Windows\SYSTEM32\USERENV.dll
0x00007ffe909d0000 - 0x00007ffe909dc000 	C:\Windows\SYSTEM32\CRYPTBASE.dll
0x00007ffe90550000 - 0x00007ffe9058b000 	C:\Windows\SYSTEM32\IPHLPAPI.DLL
0x00007ffe91f50000 - 0x00007ffe91f58000 	C:\Windows\System32\NSI.dll
0x00007ffe89fb0000 - 0x00007ffe89fc7000 	C:\Windows\SYSTEM32\dhcpcsvc6.DLL
0x00007ffe89f90000 - 0x00007ffe89fad000 	C:\Windows\SYSTEM32\dhcpcsvc.DLL
0x00007ffe90590000 - 0x00007ffe9065a000 	C:\Windows\SYSTEM32\DNSAPI.dll
0x00007ffe75030000 - 0x00007ffe7503e000 	C:\Program Files\Java\jdk-20\bin\sunmscapi.dll
0x00007ffe919f0000 - 0x00007ffe91b4d000 	C:\Windows\System32\CRYPT32.dll
0x00007ffe90bb0000 - 0x00007ffe90bd7000 	C:\Windows\SYSTEM32\ncrypt.dll
0x00007ffe90b70000 - 0x00007ffe90bab000 	C:\Windows\SYSTEM32\NTASN1.dll
0x00007ffe82380000 - 0x00007ffe8238a000 	C:\Program Files\Java\jdk-20\bin\management.dll
0x00007ffe81e60000 - 0x00007ffe81e6b000 	C:\Program Files\Java\jdk-20\bin\management_ext.dll
0x00007ffe93560000 - 0x00007ffe93568000 	C:\Windows\System32\PSAPI.DLL
0x00007ffe846f0000 - 0x00007ffe846fa000 	C:\Windows\System32\rasadhlp.dll
0x00007ffe885f0000 - 0x00007ffe88670000 	C:\Windows\System32\fwpuclnt.dll

dbghelp: loaded successfully - version: 4.0.5 - missing functions: none
symbol engine: initialized successfully - sym options: 0x614 - pdb path: .;C:\Program Files\Java\jdk-20\bin;C:\Windows\SYSTEM32;C:\Windows\WinSxS\amd64_microsoft.windows.common-controls_6595b64144ccf1df_6.0.19041.3636_none_60b6a03d71f818d5;C:\Program Files\Java\jdk-20\bin\server;C:\Program Files\JetBrains\IntelliJ IDEA Community Edition 2023.1.2\bin

VM Arguments:
jvm_args: -javaagent:C:\Program Files\JetBrains\IntelliJ IDEA Community Edition 2023.1.2\lib\idea_rt.jar=56135:C:\Program Files\JetBrains\IntelliJ IDEA Community Edition 2023.1.2\bin -Dfile.encoding=UTF-8 -Dsun.stdout.encoding=UTF-8 -Dsun.stderr.encoding=UTF-8 
java_command: com.exam.SecurityApplication
java_class_path (initial): G:\Project\ExamsBackEnd\BackEnd\ExamServer_Springboot\target\classes;C:\Users\D e r r y\.m2\repository\org\springframework\boot\spring-boot-starter-security\3.0.4\spring-boot-starter-security-3.0.4.jar;C:\Users\D e r r y\.m2\repository\org\springframework\boot\spring-boot-starter\3.0.1\spring-boot-starter-3.0.1.jar;C:\Users\D e r r y\.m2\repository\org\springframework\boot\spring-boot\3.0.1\spring-boot-3.0.1.jar;C:\Users\D e r r y\.m2\repository\org\springframework\boot\spring-boot-autoconfigure\3.0.1\spring-boot-autoconfigure-3.0.1.jar;C:\Users\D e r r y\.m2\repository\org\springframework\boot\spring-boot-starter-logging\3.0.1\spring-boot-starter-logging-3.0.1.jar;C:\Users\D e r r y\.m2\repository\ch\qos\logback\logback-classic\1.4.5\logback-classic-1.4.5.jar;C:\Users\D e r r y\.m2\repository\ch\qos\logback\logback-core\1.4.5\logback-core-1.4.5.jar;C:\Users\D e r r y\.m2\repository\org\apache\logging\log4j\log4j-to-slf4j\2.19.0\log4j-to-slf4j-2.19.0.jar;C:\Users\D e r r y\.m2\repository\org\apache\logging\log4j\log4j-api\2.19.0\log4j-api-2.19.0.jar;C:\Users\D e r r y\.m2\repository\org\slf4j\jul-to-slf4j\2.0.6\jul-to-slf4j-2.0.6.jar;C:\Users\D e r r y\.m2\repository\jakarta\annotation\jakarta.annotation-api\2.1.1\jakarta.annotation-api-2.1.1.jar;C:\Users\D e r r y\.m2\repository\org\yaml\snakeyaml\1.33\snakeyaml-1.33.jar;C:\Users\D e r r y\.m2\repository\org\springframework\spring-aop\6.0.3\spring-aop-6.0.3.jar;C:\Users\D e r r y\.m2\repository\org\springframework\security\spring-security-config\6.0.1\spring-security-config-6.0.1.jar;C:\Users\D e r r y\.m2\repository\org\springframework\security\spring-security-web\6.0.1\spring-security-web-6.0.1.jar;C:\Users\D e r r y\.m2\repository\org\springframework\boot\spring-boot-starter-web\3.1.0\spring-boot-starter-web-3.1.0.jar;C:\Users\D e r r y\.m2\repository\org\springframework\boot\spring-boot-starter-json\3.0.1\spring-boot-starter-json-3.0.1.jar;C:\Users\D e r r y\.m2\repository\com\fasterxml\jackson\datatype\jackson-datatype-jdk8\2.14.1\jackson-datatype-jdk8-2.14.1.jar;C:\Users\D e r r y\.m2\repository\com\fasterxml\jackson\datatype\jackson-datatype-jsr310\2.14.1\jackson-datatype-jsr310-2.14.1.jar;C:\Users\D e r r y\.m2\repository\com\fasterxml\jackson\module\jackson-module-parameter-names\2.14.1\jackson-module-parameter-names-2.14.1.jar;C:\Users\D e r r y\.m2\repository\org\springframework\boot\spring-boot-starter-tomcat\3.0.1\spring-boot-starter-tomcat-3.0.1.jar;C:\Users\D e r r y\.m2\repository\org\apache\tomcat\embed\tomcat-embed-core\10.1.4\tomcat-embed-core-10.1.4.jar;C:\Users\D e r r y\.m2\repository\org\apache\tomcat\embed\tomcat-embed-el\10.1.4\tomcat-embed-el-10.1.4.jar;C:\Users\D e r r y\.m2\repository\org\apache\tomcat\embed\tomcat-embed-websocket\10.1.4\tomcat-embed-websocket-10.1.4.jar;C:\Users\D e r r y\.m2\repository\org\springframework\spring-web\6.0.3\spring-web-6.0.3.jar;C:\Users\D e r r y\.m2\repository\io\micrometer\micrometer-observation\1.10.2\micrometer-observation-1.10.2.jar;C:\Users\D e r r y\.m2\repository\io\micrometer\micrometer-commons\1.10.2\micrometer-commons-1.10.2.jar;C:\Users\D e r r y\.m2\repository\org\springframework\spring-webmvc\6.0.3\spring-webmvc-6.0.3.jar;C:\Users\D e r r y\.m2\repository\com\mysql\mysql-connector-j\8.0.32\mysql-connector-j-8.0.32.jar;C:\Users\D e r r y\.m2\repository\org\springframework\boot\spring-boot-starter-data-jpa\3.0.4\spring-boot-starter-data-jpa-3.0.4.jar;C:\Users\D e r r y\.m2\repository\org\springframework\boot\spring-boot-starter-aop\3.0.1\spring-boot-starter-aop-3.0.1.jar;C:\Users\D e r r y\.m2\repository\org\aspectj\aspectjweaver\1.9.19\aspectjweaver-1.9.19.jar;C:\Users\D e r r y\.m2\repository\org\springframework\boot\spring-boot-starter-jdbc\3.0.1\spring-boot-starter-jdbc-3.0.1.jar;C:\Users\D e r r y\.m2\repository\com\zaxxer\HikariCP\5.0.1\HikariCP-5.0.1.jar;C:\Users\D e r r y\.m2\repository\org\springframework\spring-jdbc\6.0.3\spring-jdbc-6.0.3.jar;C:\Users\D e r r y\.m2\repository\org\hibernate\orm\hibernate-core\6.1.6.Final\hibernate-core-6.1.6.Final.jar;C:\Users\D e r r y\.m2\repository\jakarta\persistence\jakarta.persistence-api\3.1.0\jakarta.persistence-api-3.1.0.jar;C:\Users\D e r r y\.m2\repository\jakarta\transaction\jakarta.transaction-api\2.0.1\jakarta.transaction-api-2.0.1.jar;C:\Users\D e r r y\.m2\repository\org\jboss\logging\jboss-logging\3.5.0.Final\jboss-logging-3.5.0.Final.jar;C:\Users\D e r r y\.m2\repository\org\hibernate\common\hibernate-commons-annotations\6.0.2.Final\hibernate-commons-annotations-6.0.2.Final.jar;C:\Users\D e r r y\.m2\repository\org\jboss\jandex\2.4.2.Final\jandex-2.4.2.Final.jar;C:\Users\D e r r y\.m2\repository\com\fasterxml\classmate\1.5.1\classmate-1.5.1.jar;C:\Users\D e r r y\.m2\repository\net\bytebuddy\byte-buddy\1.12.20\byte-buddy-1.12.20.jar;C:\Users\D e r r y\.m2\repository\org\glassfish\jaxb\jaxb-runtime\4.0.1\jaxb-runtime-4.0.1.jar;C:\Users\D e r r y\.m2\repository\org\glassfish\jaxb\jaxb-core\4.0.1\jaxb-core-4.0.1.jar;C:\Users\D e r r y\.m2\repository\org\eclipse\angus\angus-activation\1.0.0\angus-activation-1.0.0.jar;C:\Users\D e r r y\.m2\repository\org\glassfish\jaxb\txw2\4.0.1\txw2-4.0.1.jar;C:\Users\D e r r y\.m2\repository\com\sun\istack\istack-commons-runtime\4.1.1\istack-commons-runtime-4.1.1.jar;C:\Users\D e r r y\.m2\repository\jakarta\inject\jakarta.inject-api\2.0.0\jakarta.inject-api-2.0.0.jar;C:\Users\D e r r y\.m2\repository\org\antlr\antlr4-runtime\4.10.1\antlr4-runtime-4.10.1.jar;C:\Users\D e r r y\.m2\repository\org\springframework\data\spring-data-jpa\3.0.0\spring-data-jpa-3.0.0.jar;C:\Users\D e r r y\.m2\repository\org\springframework\data\spring-data-commons\3.0.0\spring-data-commons-3.0.0.jar;C:\Users\D e r r y\.m2\repository\org\springframework\spring-orm\6.0.3\spring-orm-6.0.3.jar;C:\Users\D e r r y\.m2\repository\org\springframework\spring-tx\6.0.3\spring-tx-6.0.3.jar;C:\Users\D e r r y\.m2\repository\org\slf4j\slf4j-api\2.0.6\slf4j-api-2.0.6.jar;C:\Users\D e r r y\.m2\repository\org\springframework\spring-aspects\6.0.3\spring-aspects-6.0.3.jar;C:\Users\D e r r y\.m2\repository\org\projectlombok\lombok\1.18.26\lombok-1.18.26.jar;C:\Users\D e r r y\.m2\repository\org\springframework\spring-context\6.0.9\spring-context-6.0.9.jar;C:\Users\D e r r y\.m2\repository\org\springframework\spring-beans\6.0.3\spring-beans-6.0.3.jar;C:\Users\D e r r y\.m2\repository\org\springframework\spring-core\6.0.3\spring-core-6.0.3.jar;C:\Users\D e r r y\.m2\repository\org\springframework\spring-jcl\6.0.3\spring-jcl-6.0.3.jar;C:\Users\D e r r y\.m2\repository\org\springframework\spring-expression\6.0.3\spring-expression-6.0.3.jar;C:\Users\D e r r y\.m2\repository\io\jsonwebtoken\jjwt-api\0.11.5\jjwt-api-0.11.5.jar;C:\Users\D e r r y\.m2\repository\io\jsonwebtoken\jjwt-impl\0.11.5\jjwt-impl-0.11.5.jar;C:\Users\D e r r y\.m2\repository\io\jsonwebtoken\jjwt-jackson\0.11.5\jjwt-jackson-0.11.5.jar;C:\Users\D e r r y\.m2\repository\com\fasterxml\jackson\core\jackson-databind\2.14.1\jackson-databind-2.14.1.jar;C:\Users\D e r r y\.m2\repository\com\fasterxml\jackson\core\jackson-annotations\2.14.1\jackson-annotations-2.14.1.jar;C:\Users\D e r r y\.m2\repository\com\fasterxml\jackson\core\jackson-core\2.14.1\jackson-core-2.14.1.jar;C:\Users\D e r r y\.m2\repository\jakarta\xml\bind\jakarta.xml.bind-api\4.0.0\jakarta.xml.bind-api-4.0.0.jar;C:\Users\D e r r y\.m2\repository\jakarta\activation\jakarta.activation-api\2.1.0\jakarta.activation-api-2.1.0.jar;C:\Users\D e r r y\.m2\repository\org\springframework\security\spring-security-core\6.0.1\spring-security-core-6.0.1.jar;C:\Users\D e r r y\.m2\repository\org\springframework\security\spring-security-crypto\6.0.1\spring-security-crypto-6.0.1.jar
Launcher Type: SUN_STANDARD

[Global flags]
     intx CICompilerCount                          = 3                                         {product} {ergonomic}
     uint ConcGCThreads                            = 1                                         {product} {ergonomic}
     uint G1ConcRefinementThreads                  = 4                                         {product} {ergonomic}
   size_t G1HeapRegionSize                         = 1048576                                   {product} {ergonomic}
    uintx GCDrainStackTargetSize                   = 64                                        {product} {ergonomic}
   size_t InitialHeapSize                          = 134217728                                 {product} {ergonomic}
   size_t MarkStackSize                            = 4194304                                   {product} {ergonomic}
   size_t MaxHeapSize                              = 2116026368                                {product} {ergonomic}
   size_t MaxNewSize                               = 1268776960                                {product} {ergonomic}
   size_t MinHeapDeltaBytes                        = 1048576                                   {product} {ergonomic}
   size_t MinHeapSize                              = 8388608                                   {product} {ergonomic}
    uintx NonNMethodCodeHeapSize                   = 5832780                                {pd product} {ergonomic}
    uintx NonProfiledCodeHeapSize                  = 122912730                              {pd product} {ergonomic}
    uintx ProfiledCodeHeapSize                     = 122912730                              {pd product} {ergonomic}
    uintx ReservedCodeCacheSize                    = 251658240                              {pd product} {ergonomic}
     bool SegmentedCodeCache                       = true                                      {product} {ergonomic}
   size_t SoftMaxHeapSize                          = 2116026368                             {manageable} {ergonomic}
     bool UseCompressedClassPointers               = true                           {product lp64_product} {ergonomic}
     bool UseCompressedOops                        = true                           {product lp64_product} {ergonomic}
     bool UseG1GC                                  = true                                      {product} {ergonomic}
     bool UseLargePagesIndividualAllocation        = false                                  {pd product} {ergonomic}

Logging:
Log output configuration:
 #0: stdout all=warning uptime,level,tags foldmultilines=false
 #1: stderr all=off uptime,level,tags foldmultilines=false

Environment Variables:
PATH=C:\Program Files\Common Files\Oracle\Java\javapath;C:\Program Files (x86)\Common Files\Oracle\Java\javapath;C:\Windows\system32;C:\Windows;C:\Windows\System32\Wbem;C:\Windows\System32\WindowsPowerShell\v1.0\;C:\Windows\System32\OpenSSH\;C:\Program Files\nodejs\;C:\Program Files\Git\cmd;C:\ProgramData\chocolatey\bin;C:\Program Files\apache-maven-3.9.4-bin\apache-maven-3.9.4\bin;C:\Program Files\dotnet\;C:\Users\D e r r y\anaconda3;C:\Users\D e r r y\anaconda3\Library\mingw-w64\bin;C:\Users\D e r r y\anaconda3\Library\usr\bin;C:\Users\D e r r y\anaconda3\Library\bin;C:\Users\D e r r y\anaconda3\Scripts;C:\Program Files\MySQL\MySQL Shell 8.0\bin\;C:\Users\D e r r y\AppData\Local\Microsoft\WindowsApps;C:\Program Files\JetBrains\IntelliJ IDEA Community Edition 2023.1.2\bin;;C:\Program Files\JetBrains\PyCharm Community Edition 2023.1.2\bin;;C:\Users\D e r r y\AppData\Roaming\npm;C:\Users\D e r r y\AppData\Local\Programs\Microsoft VS Code\bin;C:\Users\D e r r y\AppData\Local\Programs\MiKTeX\miktex\bin\x64\;C:\Users\D e r r y\AppData\Local\GitHubDesktop\bin;C:\Program Files\heroku\bin;C:\Program Files\bin
USERNAME=D e r r y
OS=Windows_NT
PROCESSOR_IDENTIFIER=Intel64 Family 6 Model 61 Stepping 4, GenuineIntel
TMP=C:\Users\DERRY~1\AppData\Local\Temp
TEMP=C:\Users\DERRY~1\AppData\Local\Temp




---------------  S Y S T E M  ---------------

OS:
 Windows 10 , 64 bit Build 19041 (10.0.19041.3636)
OS uptime: 1 days 0:01 hours
Hyper-V role detected

CPU: total 4 (initial active 4) (2 cores per cpu, 2 threads per core) family 6 model 61 stepping 4 microcode 0x2f, cx8, cmov, fxsr, ht, mmx, 3dnowpref, sse, sse2, sse3, ssse3, sse4.1, sse4.2, popcnt, lzcnt, tsc, tscinvbit, avx, avx2, aes, erms, clmul, bmi1, bmi2, rtm, adx, fma, vzeroupper, clflush, hv, rdtscp, f16c

Memory: 4k page, system-wide physical 8067M (347M free)
TotalPageFile size 10115M (AvailPageFile size 7M)
current process WorkingSet (physical memory assigned to process): 181M, peak: 183M
current process commit charge ("private bytes"): 214M, peak: 252M

vm_info: Java HotSpot(TM) 64-Bit Server VM (20.0.2+9-78) for windows-amd64 JRE (20.0.2+9-78), built on 2023-06-14T10:08:48Z by "mach5one" with MS VC++ 17.1 (VS2022)

END.
