#
# There is insufficient memory for the Java Runtime Environment to continue.
# Native memory allocation (malloc) failed to allocate 611696 bytes for Chunk::new
# Possible reasons:
#   The system is out of physical RAM or swap space
#   The process is running with CompressedOops enabled, and the Java Heap may be blocking the growth of the native heap
# Possible solutions:
#   Reduce memory load on the system
#   Increase physical memory or swap space
#   Check if swap backing store is full
#   Decrease Java heap size (-Xmx/-Xms)
#   Decrease number of Java threads
#   Decrease Java thread stack sizes (-Xss)
#   Set larger code cache with -XX:ReservedCodeCacheSize=
#   JVM is running with Unscaled Compressed Oops mode in which the Java heap is
#     placed in the first 4GB address space. The Java Heap base address is the
#     maximum limit for the native heap growth. Please use -XX:HeapBaseMinAddress
#     to set the Java Heap base and to place the Java Heap above 4GB virtual address.
# This output file may be truncated or incomplete.
#
#  Out of Memory Error (arena.cpp:184), pid=16092, tid=16356
#
# JRE version: Java(TM) SE Runtime Environment (20.0.2+9) (build 20.0.2+9-78)
# Java VM: Java HotSpot(TM) 64-Bit Server VM (20.0.2+9-78, mixed mode, sharing, tiered, compressed oops, compressed class ptrs, g1 gc, windows-amd64)
# No core dump will be written. Minidumps are not enabled by default on client versions of Windows
#

---------------  S U M M A R Y ------------

Command Line: -javaagent:C:\Program Files\JetBrains\IntelliJ IDEA Community Edition 2023.1.2\lib\idea_rt.jar=54360:C:\Program Files\JetBrains\IntelliJ IDEA Community Edition 2023.1.2\bin -Dfile.encoding=UTF-8 -Dsun.stdout.encoding=UTF-8 -Dsun.stderr.encoding=UTF-8 com.exam.SecurityApplication

Host: Intel(R) Core(TM) i5-5300U CPU @ 2.30GHz, 4 cores, 7G,  Windows 10 , 64 bit Build 19041 (10.0.19041.3636)
Time: Sat Jun  1 19:52:54 2024 Sao Tome Standard Time elapsed time: 6.237250 seconds (0d 0h 0m 6s)

---------------  T H R E A D  ---------------

Current thread (0x00000271b06baed0):  JavaThread "C2 CompilerThread0" daemon [_thread_in_native, id=16356, stack(0x00000085d7800000,0x00000085d7900000)]


Current CompileTask:
C2:   6237 2558   !   4       java.net.URL::<init> (543 bytes)

Stack: [0x00000085d7800000,0x00000085d7900000]
Native frames: (J=compiled Java code, j=interpreted, Vv=VM code, C=native code)
V  [jvm.dll+0x6bc25a]
V  [jvm.dll+0x84971a]
V  [jvm.dll+0x84b315]
V  [jvm.dll+0x84ba13]
V  [jvm.dll+0x280e4f]
V  [jvm.dll+0xc2ab1]
V  [jvm.dll+0xc2dd5]
V  [jvm.dll+0x2f611f]
V  [jvm.dll+0x5e3b0b]
V  [jvm.dll+0x254684]
V  [jvm.dll+0x254a4f]
V  [jvm.dll+0x24d23d]
V  [jvm.dll+0x24a819]
V  [jvm.dll+0x1ce761]
V  [jvm.dll+0x25a0eb]
V  [jvm.dll+0x2587c0]
V  [jvm.dll+0x3f2dd5]
V  [jvm.dll+0x7f5c76]
V  [jvm.dll+0x6baecb]
C  [ucrtbase.dll+0x21bb2]
C  [KERNEL32.DLL+0x17344]
C  [ntdll.dll+0x526b1]


---------------  P R O C E S S  ---------------

Threads class SMR info:
_java_thread_list=0x00000271f6b09d40, length=12, elements={
0x0000027194580970, 0x00000271b06b4e80, 0x00000271b06b5a80, 0x00000271b06b7690,
0x00000271b06b8fe0, 0x00000271b06b9920, 0x00000271b06ba260, 0x00000271b06baed0,
0x00000271b070bae0, 0x00000271b0680400, 0x00000271f5cf7360, 0x00000271f5cf78b0
}

Java Threads: ( => current thread )
  0x0000027194580970 JavaThread "main" [_thread_in_Java, id=10768, stack(0x00000085d6b00000,0x00000085d6c00000)]
  0x00000271b06b4e80 JavaThread "Reference Handler" daemon [_thread_blocked, id=1832, stack(0x00000085d7200000,0x00000085d7300000)]
  0x00000271b06b5a80 JavaThread "Finalizer" daemon [_thread_blocked, id=7372, stack(0x00000085d7300000,0x00000085d7400000)]
  0x00000271b06b7690 JavaThread "Signal Dispatcher" daemon [_thread_blocked, id=11176, stack(0x00000085d7400000,0x00000085d7500000)]
  0x00000271b06b8fe0 JavaThread "Attach Listener" daemon [_thread_blocked, id=2004, stack(0x00000085d7500000,0x00000085d7600000)]
  0x00000271b06b9920 JavaThread "Service Thread" daemon [_thread_blocked, id=16208, stack(0x00000085d7600000,0x00000085d7700000)]
  0x00000271b06ba260 JavaThread "Monitor Deflation Thread" daemon [_thread_blocked, id=16004, stack(0x00000085d7700000,0x00000085d7800000)]
=>0x00000271b06baed0 JavaThread "C2 CompilerThread0" daemon [_thread_in_native, id=16356, stack(0x00000085d7800000,0x00000085d7900000)]
  0x00000271b070bae0 JavaThread "C1 CompilerThread0" daemon [_thread_in_vm, id=1876, stack(0x00000085d7900000,0x00000085d7a00000)]
  0x00000271b0680400 JavaThread "Common-Cleaner" daemon [_thread_blocked, id=8452, stack(0x00000085d7a00000,0x00000085d7b00000)]
  0x00000271f5cf7360 JavaThread "Monitor Ctrl-Break" daemon [_thread_in_native, id=4124, stack(0x00000085d7b00000,0x00000085d7c00000)]
  0x00000271f5cf78b0 JavaThread "Notification Thread" daemon [_thread_blocked, id=13644, stack(0x00000085d7c00000,0x00000085d7d00000)]

Other Threads:
  0x00000271b06949c0 VMThread "VM Thread" [stack: 0x00000085d7100000,0x00000085d7200000] [id=15648]
  0x00000271f5b0e920 WatcherThread "VM Periodic Task Thread" [stack: 0x00000085d7d00000,0x00000085d7e00000] [id=14404]
  0x00000271945de9b0 WorkerThread "GC Thread#0" [stack: 0x00000085d6c00000,0x00000085d6d00000] [id=6776]
  0x00000271f63a3010 WorkerThread "GC Thread#1" [stack: 0x00000085d7e00000,0x00000085d7f00000] [id=13428]
  0x00000271f63a32e0 WorkerThread "GC Thread#2" [stack: 0x00000085d7f00000,0x00000085d8000000] [id=8280]
  0x00000271f63a6c70 WorkerThread "GC Thread#3" [stack: 0x00000085d8000000,0x00000085d8100000] [id=9468]
  0x00000271945ef6a0 ConcurrentGCThread "G1 Main Marker" [stack: 0x00000085d6d00000,0x00000085d6e00000] [id=16224]
  0x00000271945f0870 WorkerThread "G1 Conc#0" [stack: 0x00000085d6e00000,0x00000085d6f00000] [id=13948]
  0x000002719463e2d0 ConcurrentGCThread "G1 Refine#0" [stack: 0x00000085d6f00000,0x00000085d7000000] [id=6224]
  0x000002719463ec70 ConcurrentGCThread "G1 Service" [stack: 0x00000085d7000000,0x00000085d7100000] [id=5172]

Threads with active compile tasks:
C2 CompilerThread0     6297 2558   !   4       java.net.URL::<init> (543 bytes)
C1 CompilerThread0     6297 2668       3       sun.nio.fs.WindowsPath::compareTo (118 bytes)

VM state: not at safepoint (normal execution)

VM Mutex/Monitor currently owned by a thread: None

Heap address: 0x0000000081e00000, size: 2018 MB, Compressed Oops mode: 32-bit

CDS archive(s) mapped at: [0x00000271b0800000-0x00000271b1460000-0x00000271b1460000), size 12976128, SharedBaseAddress: 0x00000271b0800000, ArchiveRelocationMode: 1.
Compressed class space mapped at: 0x00000271b1800000-0x00000271f1800000, reserved size: 1073741824
Narrow klass base: 0x00000271b0800000, Narrow klass shift: 0, Narrow klass range: 0x100000000

GC Precious Log:
 CardTable entry size: 512
 Card Set container configuration: InlinePtr #cards 5 size 8 Array Of Cards #cards 12 size 40 Howl #buckets 4 coarsen threshold 1843 Howl Bitmap #cards 512 size 80 coarsen threshold 460 Card regions per heap region 1 cards per card region 2048
 CPUs: 4 total, 4 available
 Memory: 8067M
 Large Page Support: Disabled
 NUMA Support: Disabled
 Compressed Oops: Enabled (32-bit)
 Heap Region Size: 1M
 Heap Min Capacity: 8M
 Heap Initial Capacity: 128M
 Heap Max Capacity: 2018M
 Pre-touch: Disabled
 Parallel Workers: 4
 Concurrent Workers: 1
 Concurrent Refinement Workers: 4
 Periodic GC: Disabled

Heap:
 garbage-first heap   total 131072K, used 34027K [0x0000000081e00000, 0x0000000100000000)
  region size 1024K, 29 young (29696K), 4 survivors (4096K)
 Metaspace       used 18381K, committed 18688K, reserved 1114112K
  class space    used 2196K, committed 2368K, reserved 1048576K

Heap Regions: E=young(eden), S=young(survivor), O=old, HS=humongous(starts), HC=humongous(continues), CS=collection set, F=free, OA=open archive, CA=closed archive, TAMS=top-at-mark-start, PB=parsable bottom
|   0|0x0000000081e00000, 0x0000000081f00000, 0x0000000081f00000|100%|HS|  |TAMS 0x0000000081e00000| PB 0x0000000081e00000| Complete 
|   1|0x0000000081f00000, 0x0000000082000000, 0x0000000082000000|100%| O|  |TAMS 0x0000000081f00000| PB 0x0000000081f00000| Untracked 
|   2|0x0000000082000000, 0x0000000082100000, 0x0000000082100000|100%| O|  |TAMS 0x0000000082000000| PB 0x0000000082000000| Untracked 
|   3|0x0000000082100000, 0x0000000082200000, 0x0000000082200000|100%| O|  |TAMS 0x0000000082100000| PB 0x0000000082100000| Untracked 
|   4|0x0000000082200000, 0x0000000082300000, 0x0000000082300000|100%| O|  |TAMS 0x0000000082200000| PB 0x0000000082200000| Untracked 
|   5|0x0000000082300000, 0x0000000082400000, 0x0000000082400000|100%| O|  |TAMS 0x0000000082300000| PB 0x0000000082300000| Untracked 
|   6|0x0000000082400000, 0x0000000082400000, 0x0000000082500000|  0%| F|  |TAMS 0x0000000082400000| PB 0x0000000082400000| Untracked 
|   7|0x0000000082500000, 0x0000000082500000, 0x0000000082600000|  0%| F|  |TAMS 0x0000000082500000| PB 0x0000000082500000| Untracked 
|   8|0x0000000082600000, 0x0000000082600000, 0x0000000082700000|  0%| F|  |TAMS 0x0000000082600000| PB 0x0000000082600000| Untracked 
|   9|0x0000000082700000, 0x0000000082700000, 0x0000000082800000|  0%| F|  |TAMS 0x0000000082700000| PB 0x0000000082700000| Untracked 
|  10|0x0000000082800000, 0x0000000082800000, 0x0000000082900000|  0%| F|  |TAMS 0x0000000082800000| PB 0x0000000082800000| Untracked 
|  11|0x0000000082900000, 0x0000000082900000, 0x0000000082a00000|  0%| F|  |TAMS 0x0000000082900000| PB 0x0000000082900000| Untracked 
|  12|0x0000000082a00000, 0x0000000082a00000, 0x0000000082b00000|  0%| F|  |TAMS 0x0000000082a00000| PB 0x0000000082a00000| Untracked 
|  13|0x0000000082b00000, 0x0000000082b00000, 0x0000000082c00000|  0%| F|  |TAMS 0x0000000082b00000| PB 0x0000000082b00000| Untracked 
|  14|0x0000000082c00000, 0x0000000082c00000, 0x0000000082d00000|  0%| F|  |TAMS 0x0000000082c00000| PB 0x0000000082c00000| Untracked 
|  15|0x0000000082d00000, 0x0000000082d00000, 0x0000000082e00000|  0%| F|  |TAMS 0x0000000082d00000| PB 0x0000000082d00000| Untracked 
|  16|0x0000000082e00000, 0x0000000082e00000, 0x0000000082f00000|  0%| F|  |TAMS 0x0000000082e00000| PB 0x0000000082e00000| Untracked 
|  17|0x0000000082f00000, 0x0000000082f00000, 0x0000000083000000|  0%| F|  |TAMS 0x0000000082f00000| PB 0x0000000082f00000| Untracked 
|  18|0x0000000083000000, 0x0000000083000000, 0x0000000083100000|  0%| F|  |TAMS 0x0000000083000000| PB 0x0000000083000000| Untracked 
|  19|0x0000000083100000, 0x0000000083100000, 0x0000000083200000|  0%| F|  |TAMS 0x0000000083100000| PB 0x0000000083100000| Untracked 
|  20|0x0000000083200000, 0x0000000083200000, 0x0000000083300000|  0%| F|  |TAMS 0x0000000083200000| PB 0x0000000083200000| Untracked 
|  21|0x0000000083300000, 0x0000000083300000, 0x0000000083400000|  0%| F|  |TAMS 0x0000000083300000| PB 0x0000000083300000| Untracked 
|  22|0x0000000083400000, 0x0000000083400000, 0x0000000083500000|  0%| F|  |TAMS 0x0000000083400000| PB 0x0000000083400000| Untracked 
|  23|0x0000000083500000, 0x0000000083500000, 0x0000000083600000|  0%| F|  |TAMS 0x0000000083500000| PB 0x0000000083500000| Untracked 
|  24|0x0000000083600000, 0x0000000083600000, 0x0000000083700000|  0%| F|  |TAMS 0x0000000083600000| PB 0x0000000083600000| Untracked 
|  25|0x0000000083700000, 0x0000000083700000, 0x0000000083800000|  0%| F|  |TAMS 0x0000000083700000| PB 0x0000000083700000| Untracked 
|  26|0x0000000083800000, 0x0000000083800000, 0x0000000083900000|  0%| F|  |TAMS 0x0000000083800000| PB 0x0000000083800000| Untracked 
|  27|0x0000000083900000, 0x0000000083900000, 0x0000000083a00000|  0%| F|  |TAMS 0x0000000083900000| PB 0x0000000083900000| Untracked 
|  28|0x0000000083a00000, 0x0000000083a00000, 0x0000000083b00000|  0%| F|  |TAMS 0x0000000083a00000| PB 0x0000000083a00000| Untracked 
|  29|0x0000000083b00000, 0x0000000083b00000, 0x0000000083c00000|  0%| F|  |TAMS 0x0000000083b00000| PB 0x0000000083b00000| Untracked 
|  30|0x0000000083c00000, 0x0000000083c00000, 0x0000000083d00000|  0%| F|  |TAMS 0x0000000083c00000| PB 0x0000000083c00000| Untracked 
|  31|0x0000000083d00000, 0x0000000083d00000, 0x0000000083e00000|  0%| F|  |TAMS 0x0000000083d00000| PB 0x0000000083d00000| Untracked 
|  32|0x0000000083e00000, 0x0000000083e00000, 0x0000000083f00000|  0%| F|  |TAMS 0x0000000083e00000| PB 0x0000000083e00000| Untracked 
|  33|0x0000000083f00000, 0x0000000083f00000, 0x0000000084000000|  0%| F|  |TAMS 0x0000000083f00000| PB 0x0000000083f00000| Untracked 
|  34|0x0000000084000000, 0x0000000084000000, 0x0000000084100000|  0%| F|  |TAMS 0x0000000084000000| PB 0x0000000084000000| Untracked 
|  35|0x0000000084100000, 0x0000000084100000, 0x0000000084200000|  0%| F|  |TAMS 0x0000000084100000| PB 0x0000000084100000| Untracked 
|  36|0x0000000084200000, 0x0000000084200000, 0x0000000084300000|  0%| F|  |TAMS 0x0000000084200000| PB 0x0000000084200000| Untracked 
|  37|0x0000000084300000, 0x0000000084300000, 0x0000000084400000|  0%| F|  |TAMS 0x0000000084300000| PB 0x0000000084300000| Untracked 
|  38|0x0000000084400000, 0x0000000084400000, 0x0000000084500000|  0%| F|  |TAMS 0x0000000084400000| PB 0x0000000084400000| Untracked 
|  39|0x0000000084500000, 0x0000000084500000, 0x0000000084600000|  0%| F|  |TAMS 0x0000000084500000| PB 0x0000000084500000| Untracked 
|  40|0x0000000084600000, 0x0000000084600000, 0x0000000084700000|  0%| F|  |TAMS 0x0000000084600000| PB 0x0000000084600000| Untracked 
|  41|0x0000000084700000, 0x0000000084700000, 0x0000000084800000|  0%| F|  |TAMS 0x0000000084700000| PB 0x0000000084700000| Untracked 
|  42|0x0000000084800000, 0x0000000084800000, 0x0000000084900000|  0%| F|  |TAMS 0x0000000084800000| PB 0x0000000084800000| Untracked 
|  43|0x0000000084900000, 0x0000000084900000, 0x0000000084a00000|  0%| F|  |TAMS 0x0000000084900000| PB 0x0000000084900000| Untracked 
|  44|0x0000000084a00000, 0x0000000084a00000, 0x0000000084b00000|  0%| F|  |TAMS 0x0000000084a00000| PB 0x0000000084a00000| Untracked 
|  45|0x0000000084b00000, 0x0000000084b00000, 0x0000000084c00000|  0%| F|  |TAMS 0x0000000084b00000| PB 0x0000000084b00000| Untracked 
|  46|0x0000000084c00000, 0x0000000084c00000, 0x0000000084d00000|  0%| F|  |TAMS 0x0000000084c00000| PB 0x0000000084c00000| Untracked 
|  47|0x0000000084d00000, 0x0000000084d00000, 0x0000000084e00000|  0%| F|  |TAMS 0x0000000084d00000| PB 0x0000000084d00000| Untracked 
|  48|0x0000000084e00000, 0x0000000084e00000, 0x0000000084f00000|  0%| F|  |TAMS 0x0000000084e00000| PB 0x0000000084e00000| Untracked 
|  49|0x0000000084f00000, 0x0000000084f00000, 0x0000000085000000|  0%| F|  |TAMS 0x0000000084f00000| PB 0x0000000084f00000| Untracked 
|  50|0x0000000085000000, 0x0000000085000000, 0x0000000085100000|  0%| F|  |TAMS 0x0000000085000000| PB 0x0000000085000000| Untracked 
|  51|0x0000000085100000, 0x0000000085100000, 0x0000000085200000|  0%| F|  |TAMS 0x0000000085100000| PB 0x0000000085100000| Untracked 
|  52|0x0000000085200000, 0x0000000085200000, 0x0000000085300000|  0%| F|  |TAMS 0x0000000085200000| PB 0x0000000085200000| Untracked 
|  53|0x0000000085300000, 0x0000000085300000, 0x0000000085400000|  0%| F|  |TAMS 0x0000000085300000| PB 0x0000000085300000| Untracked 
|  54|0x0000000085400000, 0x0000000085400000, 0x0000000085500000|  0%| F|  |TAMS 0x0000000085400000| PB 0x0000000085400000| Untracked 
|  55|0x0000000085500000, 0x0000000085500000, 0x0000000085600000|  0%| F|  |TAMS 0x0000000085500000| PB 0x0000000085500000| Untracked 
|  56|0x0000000085600000, 0x0000000085600000, 0x0000000085700000|  0%| F|  |TAMS 0x0000000085600000| PB 0x0000000085600000| Untracked 
|  57|0x0000000085700000, 0x0000000085700000, 0x0000000085800000|  0%| F|  |TAMS 0x0000000085700000| PB 0x0000000085700000| Untracked 
|  58|0x0000000085800000, 0x0000000085800000, 0x0000000085900000|  0%| F|  |TAMS 0x0000000085800000| PB 0x0000000085800000| Untracked 
|  59|0x0000000085900000, 0x0000000085900000, 0x0000000085a00000|  0%| F|  |TAMS 0x0000000085900000| PB 0x0000000085900000| Untracked 
|  60|0x0000000085a00000, 0x0000000085a00000, 0x0000000085b00000|  0%| F|  |TAMS 0x0000000085a00000| PB 0x0000000085a00000| Untracked 
|  61|0x0000000085b00000, 0x0000000085b00000, 0x0000000085c00000|  0%| F|  |TAMS 0x0000000085b00000| PB 0x0000000085b00000| Untracked 
|  62|0x0000000085c00000, 0x0000000085c00000, 0x0000000085d00000|  0%| F|  |TAMS 0x0000000085c00000| PB 0x0000000085c00000| Untracked 
|  63|0x0000000085d00000, 0x0000000085d00000, 0x0000000085e00000|  0%| F|  |TAMS 0x0000000085d00000| PB 0x0000000085d00000| Untracked 
|  64|0x0000000085e00000, 0x0000000085e00000, 0x0000000085f00000|  0%| F|  |TAMS 0x0000000085e00000| PB 0x0000000085e00000| Untracked 
|  65|0x0000000085f00000, 0x0000000085f00000, 0x0000000086000000|  0%| F|  |TAMS 0x0000000085f00000| PB 0x0000000085f00000| Untracked 
|  66|0x0000000086000000, 0x0000000086000000, 0x0000000086100000|  0%| F|  |TAMS 0x0000000086000000| PB 0x0000000086000000| Untracked 
|  67|0x0000000086100000, 0x0000000086100000, 0x0000000086200000|  0%| F|  |TAMS 0x0000000086100000| PB 0x0000000086100000| Untracked 
|  68|0x0000000086200000, 0x0000000086200000, 0x0000000086300000|  0%| F|  |TAMS 0x0000000086200000| PB 0x0000000086200000| Untracked 
|  69|0x0000000086300000, 0x0000000086300000, 0x0000000086400000|  0%| F|  |TAMS 0x0000000086300000| PB 0x0000000086300000| Untracked 
|  70|0x0000000086400000, 0x0000000086400000, 0x0000000086500000|  0%| F|  |TAMS 0x0000000086400000| PB 0x0000000086400000| Untracked 
|  71|0x0000000086500000, 0x0000000086500000, 0x0000000086600000|  0%| F|  |TAMS 0x0000000086500000| PB 0x0000000086500000| Untracked 
|  72|0x0000000086600000, 0x0000000086600000, 0x0000000086700000|  0%| F|  |TAMS 0x0000000086600000| PB 0x0000000086600000| Untracked 
|  73|0x0000000086700000, 0x0000000086700000, 0x0000000086800000|  0%| F|  |TAMS 0x0000000086700000| PB 0x0000000086700000| Untracked 
|  74|0x0000000086800000, 0x0000000086800000, 0x0000000086900000|  0%| F|  |TAMS 0x0000000086800000| PB 0x0000000086800000| Untracked 
|  75|0x0000000086900000, 0x0000000086900000, 0x0000000086a00000|  0%| F|  |TAMS 0x0000000086900000| PB 0x0000000086900000| Untracked 
|  76|0x0000000086a00000, 0x0000000086a00000, 0x0000000086b00000|  0%| F|  |TAMS 0x0000000086a00000| PB 0x0000000086a00000| Untracked 
|  77|0x0000000086b00000, 0x0000000086b00000, 0x0000000086c00000|  0%| F|  |TAMS 0x0000000086b00000| PB 0x0000000086b00000| Untracked 
|  78|0x0000000086c00000, 0x0000000086c00000, 0x0000000086d00000|  0%| F|  |TAMS 0x0000000086c00000| PB 0x0000000086c00000| Untracked 
|  79|0x0000000086d00000, 0x0000000086d00000, 0x0000000086e00000|  0%| F|  |TAMS 0x0000000086d00000| PB 0x0000000086d00000| Untracked 
|  80|0x0000000086e00000, 0x0000000086e00000, 0x0000000086f00000|  0%| F|  |TAMS 0x0000000086e00000| PB 0x0000000086e00000| Untracked 
|  81|0x0000000086f00000, 0x0000000086f00000, 0x0000000087000000|  0%| F|  |TAMS 0x0000000086f00000| PB 0x0000000086f00000| Untracked 
|  82|0x0000000087000000, 0x0000000087000000, 0x0000000087100000|  0%| F|  |TAMS 0x0000000087000000| PB 0x0000000087000000| Untracked 
|  83|0x0000000087100000, 0x0000000087100000, 0x0000000087200000|  0%| F|  |TAMS 0x0000000087100000| PB 0x0000000087100000| Untracked 
|  84|0x0000000087200000, 0x0000000087200000, 0x0000000087300000|  0%| F|  |TAMS 0x0000000087200000| PB 0x0000000087200000| Untracked 
|  85|0x0000000087300000, 0x0000000087300000, 0x0000000087400000|  0%| F|  |TAMS 0x0000000087300000| PB 0x0000000087300000| Untracked 
|  86|0x0000000087400000, 0x0000000087400000, 0x0000000087500000|  0%| F|  |TAMS 0x0000000087400000| PB 0x0000000087400000| Untracked 
|  87|0x0000000087500000, 0x0000000087500000, 0x0000000087600000|  0%| F|  |TAMS 0x0000000087500000| PB 0x0000000087500000| Untracked 
|  88|0x0000000087600000, 0x0000000087600000, 0x0000000087700000|  0%| F|  |TAMS 0x0000000087600000| PB 0x0000000087600000| Untracked 
|  89|0x0000000087700000, 0x0000000087700000, 0x0000000087800000|  0%| F|  |TAMS 0x0000000087700000| PB 0x0000000087700000| Untracked 
|  90|0x0000000087800000, 0x0000000087800000, 0x0000000087900000|  0%| F|  |TAMS 0x0000000087800000| PB 0x0000000087800000| Untracked 
|  91|0x0000000087900000, 0x0000000087900000, 0x0000000087a00000|  0%| F|  |TAMS 0x0000000087900000| PB 0x0000000087900000| Untracked 
|  92|0x0000000087a00000, 0x0000000087a00000, 0x0000000087b00000|  0%| F|  |TAMS 0x0000000087a00000| PB 0x0000000087a00000| Untracked 
|  93|0x0000000087b00000, 0x0000000087b00000, 0x0000000087c00000|  0%| F|  |TAMS 0x0000000087b00000| PB 0x0000000087b00000| Untracked 
|  94|0x0000000087c00000, 0x0000000087c00000, 0x0000000087d00000|  0%| F|  |TAMS 0x0000000087c00000| PB 0x0000000087c00000| Untracked 
|  95|0x0000000087d00000, 0x0000000087d3ad20, 0x0000000087e00000| 22%| S|CS|TAMS 0x0000000087d00000| PB 0x0000000087d00000| Complete 
|  96|0x0000000087e00000, 0x0000000087f00000, 0x0000000087f00000|100%| S|CS|TAMS 0x0000000087e00000| PB 0x0000000087e00000| Complete 
|  97|0x0000000087f00000, 0x0000000088000000, 0x0000000088000000|100%| S|CS|TAMS 0x0000000087f00000| PB 0x0000000087f00000| Complete 
|  98|0x0000000088000000, 0x0000000088100000, 0x0000000088100000|100%| S|CS|TAMS 0x0000000088000000| PB 0x0000000088000000| Complete 
|  99|0x0000000088100000, 0x0000000088100000, 0x0000000088200000|  0%| F|  |TAMS 0x0000000088100000| PB 0x0000000088100000| Untracked 
| 100|0x0000000088200000, 0x0000000088200000, 0x0000000088300000|  0%| F|  |TAMS 0x0000000088200000| PB 0x0000000088200000| Untracked 
| 101|0x0000000088300000, 0x0000000088300000, 0x0000000088400000|  0%| F|  |TAMS 0x0000000088300000| PB 0x0000000088300000| Untracked 
| 102|0x0000000088400000, 0x0000000088400000, 0x0000000088500000|  0%| F|  |TAMS 0x0000000088400000| PB 0x0000000088400000| Untracked 
| 103|0x0000000088500000, 0x0000000088566be0, 0x0000000088600000| 40%| E|  |TAMS 0x0000000088500000| PB 0x0000000088500000| Complete 
| 104|0x0000000088600000, 0x0000000088700000, 0x0000000088700000|100%| E|CS|TAMS 0x0000000088600000| PB 0x0000000088600000| Complete 
| 105|0x0000000088700000, 0x0000000088800000, 0x0000000088800000|100%| E|CS|TAMS 0x0000000088700000| PB 0x0000000088700000| Complete 
| 106|0x0000000088800000, 0x0000000088900000, 0x0000000088900000|100%| E|CS|TAMS 0x0000000088800000| PB 0x0000000088800000| Complete 
| 107|0x0000000088900000, 0x0000000088a00000, 0x0000000088a00000|100%| E|CS|TAMS 0x0000000088900000| PB 0x0000000088900000| Complete 
| 108|0x0000000088a00000, 0x0000000088b00000, 0x0000000088b00000|100%| E|CS|TAMS 0x0000000088a00000| PB 0x0000000088a00000| Complete 
| 109|0x0000000088b00000, 0x0000000088c00000, 0x0000000088c00000|100%| E|CS|TAMS 0x0000000088b00000| PB 0x0000000088b00000| Complete 
| 110|0x0000000088c00000, 0x0000000088d00000, 0x0000000088d00000|100%| E|CS|TAMS 0x0000000088c00000| PB 0x0000000088c00000| Complete 
| 111|0x0000000088d00000, 0x0000000088e00000, 0x0000000088e00000|100%| E|CS|TAMS 0x0000000088d00000| PB 0x0000000088d00000| Complete 
| 112|0x0000000088e00000, 0x0000000088f00000, 0x0000000088f00000|100%| E|CS|TAMS 0x0000000088e00000| PB 0x0000000088e00000| Complete 
| 113|0x0000000088f00000, 0x0000000089000000, 0x0000000089000000|100%| E|CS|TAMS 0x0000000088f00000| PB 0x0000000088f00000| Complete 
| 114|0x0000000089000000, 0x0000000089100000, 0x0000000089100000|100%| E|CS|TAMS 0x0000000089000000| PB 0x0000000089000000| Complete 
| 115|0x0000000089100000, 0x0000000089200000, 0x0000000089200000|100%| E|CS|TAMS 0x0000000089100000| PB 0x0000000089100000| Complete 
| 116|0x0000000089200000, 0x0000000089300000, 0x0000000089300000|100%| E|CS|TAMS 0x0000000089200000| PB 0x0000000089200000| Complete 
| 117|0x0000000089300000, 0x0000000089400000, 0x0000000089400000|100%| E|CS|TAMS 0x0000000089300000| PB 0x0000000089300000| Complete 
| 118|0x0000000089400000, 0x0000000089500000, 0x0000000089500000|100%| E|CS|TAMS 0x0000000089400000| PB 0x0000000089400000| Complete 
| 119|0x0000000089500000, 0x0000000089600000, 0x0000000089600000|100%| E|CS|TAMS 0x0000000089500000| PB 0x0000000089500000| Complete 
| 120|0x0000000089600000, 0x0000000089700000, 0x0000000089700000|100%| E|CS|TAMS 0x0000000089600000| PB 0x0000000089600000| Complete 
| 121|0x0000000089700000, 0x0000000089800000, 0x0000000089800000|100%| E|CS|TAMS 0x0000000089700000| PB 0x0000000089700000| Complete 
| 122|0x0000000089800000, 0x0000000089900000, 0x0000000089900000|100%| E|CS|TAMS 0x0000000089800000| PB 0x0000000089800000| Complete 
| 123|0x0000000089900000, 0x0000000089a00000, 0x0000000089a00000|100%| E|CS|TAMS 0x0000000089900000| PB 0x0000000089900000| Complete 
| 124|0x0000000089a00000, 0x0000000089b00000, 0x0000000089b00000|100%| E|CS|TAMS 0x0000000089a00000| PB 0x0000000089a00000| Complete 
| 125|0x0000000089b00000, 0x0000000089c00000, 0x0000000089c00000|100%| E|CS|TAMS 0x0000000089b00000| PB 0x0000000089b00000| Complete 
| 126|0x0000000089c00000, 0x0000000089d00000, 0x0000000089d00000|100%| E|CS|TAMS 0x0000000089c00000| PB 0x0000000089c00000| Complete 
| 127|0x0000000089d00000, 0x0000000089e00000, 0x0000000089e00000|100%| E|CS|TAMS 0x0000000089d00000| PB 0x0000000089d00000| Complete 

Card table byte_map: [0x00000271aba50000,0x00000271abe50000] _byte_map_base: 0x00000271ab641000

Marking Bits: (CMBitMap*) 0x00000271945defe0
 Bits: [0x00000271ac250000, 0x00000271ae1d8000)

Polling page: 0x0000027193d40000

Metaspace:

Usage:
  Non-class:     15.82 MB used.
      Class:      2.15 MB used.
       Both:     17.96 MB used.

Virtual space:
  Non-class space:       64.00 MB reserved,      15.94 MB ( 25%) committed,  1 nodes.
      Class space:        1.00 GB reserved,       2.31 MB ( <1%) committed,  1 nodes.
             Both:        1.06 GB reserved,      18.25 MB (  2%) committed. 

Chunk freelists:
   Non-Class:  80.00 KB
       Class:  1.67 MB
        Both:  1.75 MB

MaxMetaspaceSize: unlimited
CompressedClassSpaceSize: 1.00 GB
Initial GC threshold: 21.00 MB
Current GC threshold: 21.00 MB
CDS: on
MetaspaceReclaimPolicy: balanced
 - commit_granule_bytes: 65536.
 - commit_granule_words: 8192.
 - virtual_space_node_default_size: 8388608.
 - enlarge_chunks_in_place: 1.
 - new_chunks_are_fully_committed: 0.
 - uncommit_free_chunks: 1.
 - use_allocation_guard: 0.


Internal statistics:

num_allocs_failed_limit: 0.
num_arena_births: 248.
num_arena_deaths: 0.
num_vsnodes_births: 2.
num_vsnodes_deaths: 0.
num_space_committed: 292.
num_space_uncommitted: 0.
num_chunks_returned_to_freelist: 0.
num_chunks_taken_from_freelist: 860.
num_chunk_merges: 0.
num_chunk_splits: 596.
num_chunks_enlarged: 468.
num_inconsistent_stats: 0.

CodeHeap 'non-profiled nmethods': size=120000Kb used=901Kb max_used=901Kb free=119098Kb
 bounds [0x00000271a4120000, 0x00000271a4390000, 0x00000271ab650000]
CodeHeap 'profiled nmethods': size=120000Kb used=5484Kb max_used=5484Kb free=114515Kb
 bounds [0x000002719c650000, 0x000002719cbb0000, 0x00000271a3b80000]
CodeHeap 'non-nmethods': size=5760Kb used=1469Kb max_used=1489Kb free=4290Kb
 bounds [0x00000271a3b80000, 0x00000271a3df0000, 0x00000271a4120000]
 total_blobs=3165 nmethods=2666 adapters=409
 compilation: enabled
              stopped_count=0, restarted_count=0
 full_count=0

Compilation events (20 events):
Event: 6.211 Thread 0x00000271b070bae0 2642       3       org.springframework.core.annotation.AnnotationAttributes::fromMap (29 bytes)
Event: 6.211 Thread 0x00000271b070bae0 nmethod 2642 0x000002719cb8b890 code [0x000002719cb8ba80, 0x000002719cb8c178]
Event: 6.211 Thread 0x00000271b070bae0 2643       3       org.springframework.util.StringUtils::containsText (37 bytes)
Event: 6.212 Thread 0x00000271b070bae0 nmethod 2643 0x000002719cb8c310 code [0x000002719cb8c500, 0x000002719cb8ca60]
Event: 6.212 Thread 0x00000271b070bae0 2644       3       org.springframework.core.annotation.AbstractMergedAnnotation$$Lambda$254/0x00000271b199fa28::apply (8 bytes)
Event: 6.213 Thread 0x00000271b070bae0 nmethod 2644 0x000002719cb8cc10 code [0x000002719cb8ce20, 0x000002719cb8d6f8]
Event: 6.213 Thread 0x00000271b070bae0 2646       3       java.util.LinkedHashMap::values (25 bytes)
Event: 6.213 Thread 0x00000271b070bae0 nmethod 2646 0x000002719cb8da10 code [0x000002719cb8dbc0, 0x000002719cb8df40]
Event: 6.213 Thread 0x00000271b070bae0 2645       3       jdk.internal.org.objectweb.asm.MethodVisitor::visitFieldInsn (20 bytes)
Event: 6.214 Thread 0x00000271b070bae0 nmethod 2645 0x000002719cb8e090 code [0x000002719cb8e220, 0x000002719cb8e428]
Event: 6.214 Thread 0x00000271b070bae0 2647       3       org.springframework.core.annotation.AbstractMergedAnnotation::asAnnotationAttributes (14 bytes)
Event: 6.214 Thread 0x00000271b070bae0 nmethod 2647 0x000002719cb8e510 code [0x000002719cb8e6c0, 0x000002719cb8eaf8]
Event: 6.215 Thread 0x00000271b070bae0 2648       3       org.springframework.context.annotation.AnnotationConfigUtils::attributesFor (9 bytes)
Event: 6.215 Thread 0x00000271b070bae0 nmethod 2648 0x000002719cb8ec10 code [0x000002719cb8ee20, 0x000002719cb8f758]
Event: 6.216 Thread 0x00000271b070bae0 2649       3       org.springframework.core.annotation.MergedAnnotationSelectors$FirstDirectlyDeclared::isBestCandidate (15 bytes)
Event: 6.216 Thread 0x00000271b070bae0 nmethod 2649 0x000002719cb8fa10 code [0x000002719cb8fba0, 0x000002719cb8fdc8]
Event: 6.216 Thread 0x00000271b070bae0 2650       3       java.util.ArrayList::toArray (12 bytes)
Event: 6.216 Thread 0x00000271b070bae0 nmethod 2650 0x000002719cb8fe90 code [0x000002719cb90020, 0x000002719cb901f8]
Event: 6.216 Thread 0x00000271b070bae0 2651       3       org.springframework.util.Assert::hasText (17 bytes)
Event: 6.217 Thread 0x00000271b070bae0 nmethod 2651 0x000002719cb90310 code [0x000002719cb904e0, 0x000002719cb908f0]

GC Heap History (6 events):
Event: 2.364 GC heap before
{Heap before GC invocations=0 (full 0):
 garbage-first heap   total 131072K, used 14336K [0x0000000081e00000, 0x0000000100000000)
  region size 1024K, 13 young (13312K), 0 survivors (0K)
 Metaspace       used 3853K, committed 4032K, reserved 1114112K
  class space    used 404K, committed 512K, reserved 1048576K
}
Event: 2.373 GC heap after
{Heap after GC invocations=1 (full 0):
 garbage-first heap   total 131072K, used 6050K [0x0000000081e00000, 0x0000000100000000)
  region size 1024K, 2 young (2048K), 2 survivors (2048K)
 Metaspace       used 3853K, committed 4032K, reserved 1114112K
  class space    used 404K, committed 512K, reserved 1048576K
}
Event: 3.446 GC heap before
{Heap before GC invocations=1 (full 0):
 garbage-first heap   total 131072K, used 19362K [0x0000000081e00000, 0x0000000100000000)
  region size 1024K, 15 young (15360K), 2 survivors (2048K)
 Metaspace       used 7701K, committed 7872K, reserved 1114112K
  class space    used 926K, committed 1024K, reserved 1048576K
}
Event: 3.453 GC heap after
{Heap after GC invocations=2 (full 0):
 garbage-first heap   total 131072K, used 7404K [0x0000000081e00000, 0x0000000100000000)
  region size 1024K, 2 young (2048K), 2 survivors (2048K)
 Metaspace       used 7701K, committed 7872K, reserved 1114112K
  class space    used 926K, committed 1024K, reserved 1048576K
}
Event: 4.743 GC heap before
{Heap before GC invocations=2 (full 0):
 garbage-first heap   total 131072K, used 34028K [0x0000000081e00000, 0x0000000100000000)
  region size 1024K, 29 young (29696K), 2 survivors (2048K)
 Metaspace       used 15179K, committed 15424K, reserved 1114112K
  class space    used 1829K, committed 1984K, reserved 1048576K
}
Event: 4.750 GC heap after
{Heap after GC invocations=3 (full 0):
 garbage-first heap   total 131072K, used 9451K [0x0000000081e00000, 0x0000000100000000)
  region size 1024K, 4 young (4096K), 4 survivors (4096K)
 Metaspace       used 15179K, committed 15424K, reserved 1114112K
  class space    used 1829K, committed 1984K, reserved 1048576K
}

Dll operation events (11 events):
Event: 0.048 Loaded shared library C:\Program Files\Java\jdk-20\bin\java.dll
Event: 0.201 Loaded shared library C:\Program Files\Java\jdk-20\bin\jsvml.dll
Event: 0.854 Loaded shared library C:\Program Files\Java\jdk-20\bin\zip.dll
Event: 0.861 Loaded shared library C:\Program Files\Java\jdk-20\bin\instrument.dll
Event: 0.894 Loaded shared library C:\Program Files\Java\jdk-20\bin\net.dll
Event: 0.899 Loaded shared library C:\Program Files\Java\jdk-20\bin\nio.dll
Event: 0.909 Loaded shared library C:\Program Files\Java\jdk-20\bin\zip.dll
Event: 1.376 Loaded shared library C:\Program Files\JetBrains\IntelliJ IDEA Community Edition 2023.1.2\bin\breakgen64.dll
Event: 1.422 Loaded shared library C:\Program Files\Java\jdk-20\bin\extnet.dll
Event: 1.723 Loaded shared library C:\Program Files\Java\jdk-20\bin\jimage.dll
Event: 3.943 Loaded shared library C:\Program Files\Java\jdk-20\bin\verify.dll

Deoptimization events (20 events):
Event: 5.447 Thread 0x0000027194580970 DEOPT PACKING pc=0x000002719c781181 sp=0x00000085d6bfea40
Event: 5.447 Thread 0x0000027194580970 DEOPT UNPACKING pc=0x00000271a3bea4c2 sp=0x00000085d6bfdf30 mode 0
Event: 5.447 Thread 0x0000027194580970 DEOPT PACKING pc=0x000002719c77c64e sp=0x00000085d6bfea50
Event: 5.447 Thread 0x0000027194580970 DEOPT UNPACKING pc=0x00000271a3bea4c2 sp=0x00000085d6bfdf38 mode 0
Event: 5.563 Thread 0x0000027194580970 Uncommon trap: trap_request=0xffffff45 fr.pc=0x00000271a4185df4 relative=0x0000000000000994
Event: 5.563 Thread 0x0000027194580970 Uncommon trap: reason=unstable_if action=reinterpret pc=0x00000271a4185df4 method=jdk.internal.org.objectweb.asm.SymbolTable.put(Ljdk/internal/org/objectweb/asm/SymbolTable$Entry;)Ljdk/internal/org/objectweb/asm/SymbolTable$Entry; @ 13 c2
Event: 5.563 Thread 0x0000027194580970 DEOPT PACKING pc=0x00000271a4185df4 sp=0x00000085d6bfd0d0
Event: 5.563 Thread 0x0000027194580970 DEOPT UNPACKING pc=0x00000271a3be9d22 sp=0x00000085d6bfd008 mode 2
Event: 5.750 Thread 0x0000027194580970 Uncommon trap: trap_request=0xffffff45 fr.pc=0x00000271a41d5528 relative=0x0000000000001d48
Event: 5.750 Thread 0x0000027194580970 Uncommon trap: reason=unstable_if action=reinterpret pc=0x00000271a41d5528 method=org.springframework.boot.context.properties.source.ConfigurationPropertyName$ElementsParser.add(IILorg/springframework/boot/context/properties/source/ConfigurationPropertyNa
Event: 5.750 Thread 0x0000027194580970 DEOPT PACKING pc=0x00000271a41d5528 sp=0x00000085d6bfe480
Event: 5.750 Thread 0x0000027194580970 DEOPT UNPACKING pc=0x00000271a3be9d22 sp=0x00000085d6bfe3a8 mode 2
Event: 6.008 Thread 0x0000027194580970 DEOPT PACKING pc=0x000002719c9b3ad7 sp=0x00000085d6bfe460
Event: 6.008 Thread 0x0000027194580970 DEOPT UNPACKING pc=0x00000271a3bea4c2 sp=0x00000085d6bfd938 mode 0
Event: 6.038 Thread 0x0000027194580970 DEOPT PACKING pc=0x000002719c6a51b1 sp=0x00000085d6bfe3e0
Event: 6.038 Thread 0x0000027194580970 DEOPT UNPACKING pc=0x00000271a3bea4c2 sp=0x00000085d6bfd8e0 mode 0
Event: 6.098 Thread 0x0000027194580970 Uncommon trap: trap_request=0xffffff45 fr.pc=0x00000271a41cefac relative=0x0000000000000d6c
Event: 6.098 Thread 0x0000027194580970 Uncommon trap: reason=unstable_if action=reinterpret pc=0x00000271a41cefac method=jdk.internal.jimage.ImageLocation.verifyName(Ljava/lang/String;Ljava/lang/String;IIIIIILjdk/internal/jimage/ImageStrings;)Z @ 2 c2
Event: 6.098 Thread 0x0000027194580970 DEOPT PACKING pc=0x00000271a41cefac sp=0x00000085d6bfe0a0
Event: 6.098 Thread 0x0000027194580970 DEOPT UNPACKING pc=0x00000271a3be9d22 sp=0x00000085d6bfdf78 mode 2

Classes loaded (20 events):
Event: 4.705 Loading class sun/nio/fs/WindowsPath$WindowsPathWithAttributes
Event: 4.705 Loading class sun/nio/fs/BasicFileAttributesHolder
Event: 4.705 Loading class sun/nio/fs/BasicFileAttributesHolder done
Event: 4.705 Loading class sun/nio/fs/WindowsPath$WindowsPathWithAttributes done
Event: 4.706 Loading class java/util/StringTokenizer
Event: 4.707 Loading class java/util/StringTokenizer done
Event: 4.708 Loading class java/util/regex/Pattern$LazyLoop
Event: 4.709 Loading class java/util/regex/Pattern$LazyLoop done
Event: 4.772 Loading class java/util/regex/Pattern$BnM
Event: 4.773 Loading class java/util/regex/Pattern$BnM done
Event: 4.773 Loading class java/util/regex/Pattern$Pos
Event: 4.773 Loading class java/util/regex/Pattern$Pos done
Event: 5.303 Loading class java/lang/Thread$ThreadNumbering
Event: 5.304 Loading class java/lang/Thread$ThreadNumbering done
Event: 5.340 Loading class javax/naming/ldap/LdapContext
Event: 5.341 Loading class javax/naming/directory/DirContext
Event: 5.342 Loading class javax/naming/directory/DirContext done
Event: 5.342 Loading class javax/naming/ldap/LdapContext done
Event: 5.887 Loading class java/beans/PropertyVetoException
Event: 5.887 Loading class java/beans/PropertyVetoException done

Classes unloaded (0 events):
No events

Classes redefined (0 events):
No events

Internal exceptions (20 events):
Event: 3.565 Thread 0x0000027194580970 Exception <a 'java/lang/NoSuchMethodError'{0x0000000089c72160}: 'java.lang.Object java.lang.invoke.DirectMethodHandle$Holder.invokeStaticInit(java.lang.Object, long, java.lang.Object)'> (0x0000000089c72160) 
thrown [s\open\src\hotspot\share\interpreter\linkResolver.cpp, line 773]
Event: 3.566 Thread 0x0000027194580970 Exception <a 'java/lang/NoSuchMethodError'{0x0000000089c77ec0}: 'java.lang.Object java.lang.invoke.DirectMethodHandle$Holder.newInvokeSpecial(java.lang.Object, long)'> (0x0000000089c77ec0) 
thrown [s\open\src\hotspot\share\interpreter\linkResolver.cpp, line 773]
Event: 3.591 Thread 0x0000027194580970 Exception <a 'java/lang/NoSuchMethodError'{0x0000000089cb6968}: 'void java.lang.invoke.DirectMethodHandle$Holder.invokeVirtual(java.lang.Object, java.lang.Object, java.lang.Object, java.lang.Object)'> (0x0000000089cb6968) 
thrown [s\open\src\hotspot\share\interpreter\linkResolver.cpp, line 773]
Event: 3.681 Thread 0x0000027194580970 Exception <a 'java/lang/NoSuchMethodError'{0x0000000089bd8678}: 'void java.lang.invoke.DirectMethodHandle$Holder.invokeSpecial(java.lang.Object, java.lang.Object, java.lang.Object)'> (0x0000000089bd8678) 
thrown [s\open\src\hotspot\share\interpreter\linkResolver.cpp, line 773]
Event: 3.698 Thread 0x00000271f672d930 Exception <a 'java/lang/NoClassDefFoundError'{0x0000000089a150e8}: jakarta/validation/Validation> (0x0000000089a150e8) 
thrown [s\open\src\hotspot\share\classfile\systemDictionary.cpp, line 294]
Event: 3.703 Thread 0x0000027194580970 Exception <a 'java/lang/IncompatibleClassChangeError'{0x0000000089a2bdf0}: Found class java.lang.Object, but interface was expected> (0x0000000089a2bdf0) 
thrown [s\open\src\hotspot\share\interpreter\linkResolver.cpp, line 840]
Event: 3.712 Thread 0x0000027194580970 Exception <a 'java/lang/NoSuchMethodError'{0x0000000089a3ee90}: 'java.lang.Object java.lang.invoke.DirectMethodHandle$Holder.invokeStaticInit(java.lang.Object, int)'> (0x0000000089a3ee90) 
thrown [s\open\src\hotspot\share\interpreter\linkResolver.cpp, line 773]
Event: 3.720 Thread 0x0000027194580970 Exception <a 'java/lang/NoSuchMethodError'{0x0000000089a49fc0}: 'java.lang.Object java.lang.invoke.DirectMethodHandle$Holder.invokeStatic(java.lang.Object, int, java.lang.Object)'> (0x0000000089a49fc0) 
thrown [s\open\src\hotspot\share\interpreter\linkResolver.cpp, line 773]
Event: 3.720 Thread 0x0000027194580970 Exception <a 'java/lang/NoSuchMethodError'{0x0000000089a4d610}: 'java.lang.Object java.lang.invoke.DirectMethodHandle$Holder.invokeStaticInit(java.lang.Object, int, java.lang.Object)'> (0x0000000089a4d610) 
thrown [s\open\src\hotspot\share\interpreter\linkResolver.cpp, line 773]
Event: 4.071 Thread 0x0000027194580970 Exception <a 'java/lang/NoSuchMethodError'{0x0000000089170938}: 'int java.lang.invoke.Invokers$Holder.invokeExact_MT(java.lang.Object, java.lang.Object)'> (0x0000000089170938) 
thrown [s\open\src\hotspot\share\interpreter\linkResolver.cpp, line 773]
Event: 4.695 Thread 0x0000027194580970 Exception <a 'java/lang/NoSuchMethodError'{0x0000000088215280}: 'int java.lang.invoke.DirectMethodHandle$Holder.invokeSpecial(java.lang.Object, java.lang.Object, java.lang.Object, java.lang.Object, java.lang.Object)'> (0x0000000088215280) 
thrown [s\open\src\hotspot\share\interpreter\linkResolver.cpp, line 773]
Event: 4.702 Thread 0x0000027194580970 Exception <a 'java/lang/NoSuchMethodError'{0x000000008821de30}: 'void java.lang.invoke.DirectMethodHandle$Holder.invokeVirtual(java.lang.Object, java.lang.Object)'> (0x000000008821de30) 
thrown [s\open\src\hotspot\share\interpreter\linkResolver.cpp, line 773]
Event: 4.793 Thread 0x00000271f672d930 Exception <a 'java/lang/NoSuchMethodError'{0x0000000089cdaa50}: 'long java.lang.invoke.DirectMethodHandle$Holder.invokeSpecial(java.lang.Object, java.lang.Object)'> (0x0000000089cdaa50) 
thrown [s\open\src\hotspot\share\interpreter\linkResolver.cpp, line 773]
Event: 4.797 Thread 0x00000271f672d930 Exception <a 'java/lang/NoSuchMethodError'{0x0000000089ce5b40}: 'long java.lang.invoke.DirectMethodHandle$Holder.invokeStatic(java.lang.Object, java.lang.Object)'> (0x0000000089ce5b40) 
thrown [s\open\src\hotspot\share\interpreter\linkResolver.cpp, line 773]
Event: 4.797 Thread 0x00000271f672d930 Exception <a 'java/lang/NoSuchMethodError'{0x0000000089ce8ea8}: 'long java.lang.invoke.DirectMethodHandle$Holder.invokeStaticInit(java.lang.Object, java.lang.Object)'> (0x0000000089ce8ea8) 
thrown [s\open\src\hotspot\share\interpreter\linkResolver.cpp, line 773]
Event: 4.802 Thread 0x00000271f672d930 Exception <a 'java/lang/NoSuchMethodError'{0x0000000089cf6b08}: 'long java.lang.invoke.DirectMethodHandle$Holder.invokeInterface(java.lang.Object, java.lang.Object)'> (0x0000000089cf6b08) 
thrown [s\open\src\hotspot\share\interpreter\linkResolver.cpp, line 773]
Event: 4.802 Thread 0x00000271f672d930 Exception <a 'java/lang/IncompatibleClassChangeError'{0x0000000089cf9db8}: Found class java.lang.Object, but interface was expected> (0x0000000089cf9db8) 
thrown [s\open\src\hotspot\share\interpreter\linkResolver.cpp, line 840]
Event: 4.826 Thread 0x00000271f672d930 Exception <a 'java/lang/NoSuchMethodError'{0x0000000089b5fd80}: 'java.lang.Object java.lang.invoke.DirectMethodHandle$Holder.invokeVirtual(java.lang.Object, java.lang.Object, java.lang.Object, java.lang.Object)'> (0x0000000089b5fd80) 
thrown [s\open\src\hotspot\share\interpreter\linkResolver.cpp, line 773]
Event: 5.430 Thread 0x0000027194580970 Exception <a 'java/lang/IncompatibleClassChangeError'{0x000000008939c698}: Found class java.lang.Object, but interface was expected> (0x000000008939c698) 
thrown [s\open\src\hotspot\share\interpreter\linkResolver.cpp, line 840]
Event: 5.505 Thread 0x0000027194580970 Exception <a 'java/lang/NoSuchMethodError'{0x00000000892c1488}: 'void java.lang.invoke.DirectMethodHandle$Holder.invokeInterface(java.lang.Object, java.lang.Object, java.lang.Object, java.lang.Object)'> (0x00000000892c1488) 
thrown [s\open\src\hotspot\share\interpreter\linkResolver.cpp, line 773]

VM Operations (20 events):
Event: 3.446 Executing VM operation: G1CollectForAllocation
Event: 3.455 Executing VM operation: G1CollectForAllocation done
Event: 3.664 Executing VM operation: HandshakeAllThreads
Event: 3.664 Executing VM operation: HandshakeAllThreads done
Event: 3.675 Executing VM operation: HandshakeAllThreads
Event: 3.675 Executing VM operation: HandshakeAllThreads done
Event: 3.675 Executing VM operation: HandshakeAllThreads
Event: 3.675 Executing VM operation: HandshakeAllThreads done
Event: 4.272 Executing VM operation: HandshakeAllThreads
Event: 4.285 Executing VM operation: HandshakeAllThreads done
Event: 4.625 Executing VM operation: HandshakeAllThreads
Event: 4.625 Executing VM operation: HandshakeAllThreads done
Event: 4.625 Executing VM operation: Cleanup
Event: 4.625 Executing VM operation: Cleanup done
Event: 4.743 Executing VM operation: G1CollectForAllocation
Event: 4.750 Executing VM operation: G1CollectForAllocation done
Event: 5.758 Executing VM operation: Cleanup
Event: 5.759 Executing VM operation: Cleanup done
Event: 6.209 Executing VM operation: HandshakeAllThreads
Event: 6.209 Executing VM operation: HandshakeAllThreads done

Events (16 events):
Event: 0.202 Thread 0x0000027194580970 Thread added: 0x0000027194580970
Event: 0.281 Thread 0x00000271b06b4e80 Thread added: 0x00000271b06b4e80
Event: 0.282 Thread 0x00000271b06b5a80 Thread added: 0x00000271b06b5a80
Event: 0.282 Thread 0x00000271b06b7690 Thread added: 0x00000271b06b7690
Event: 0.283 Thread 0x00000271b06b8fe0 Thread added: 0x00000271b06b8fe0
Event: 0.283 Thread 0x00000271b06b9920 Thread added: 0x00000271b06b9920
Event: 0.283 Thread 0x00000271b06ba260 Thread added: 0x00000271b06ba260
Event: 0.283 Thread 0x00000271b06baed0 Thread added: 0x00000271b06baed0
Event: 0.314 Thread 0x00000271b070bae0 Thread added: 0x00000271b070bae0
Event: 0.693 Thread 0x00000271b0680400 Thread added: 0x00000271b0680400
Event: 1.378 Thread 0x00000271f5cf7360 Thread added: 0x00000271f5cf7360
Event: 1.378 Thread 0x00000271f5cf78b0 Thread added: 0x00000271f5cf78b0
Event: 3.691 Thread 0x00000271f672d930 Thread added: 0x00000271f672d930
Event: 4.830 Thread 0x00000271f672d930 Thread exited: 0x00000271f672d930
Event: 5.305 Thread 0x00000271f69b4080 Thread added: 0x00000271f69b4080
Event: 5.371 Thread 0x00000271f69b4080 Thread exited: 0x00000271f69b4080


Dynamic libraries:
0x00007ff60adf0000 - 0x00007ff60ae00000 	C:\Program Files\Java\jdk-20\bin\java.exe
0x00007ff99a3d0000 - 0x00007ff99a5c8000 	C:\Windows\SYSTEM32\ntdll.dll
0x00007ff998d50000 - 0x00007ff998e0d000 	C:\Windows\System32\KERNEL32.DLL
0x00007ff997d90000 - 0x00007ff998086000 	C:\Windows\System32\KERNELBASE.dll
0x00007ff998090000 - 0x00007ff998190000 	C:\Windows\System32\ucrtbase.dll
0x00007ff992f40000 - 0x00007ff992f59000 	C:\Program Files\Java\jdk-20\bin\jli.dll
0x00007ff992f20000 - 0x00007ff992f3b000 	C:\Program Files\Java\jdk-20\bin\VCRUNTIME140.dll
0x00007ff999750000 - 0x00007ff999800000 	C:\Windows\System32\ADVAPI32.dll
0x00007ff998530000 - 0x00007ff9985ce000 	C:\Windows\System32\msvcrt.dll
0x00007ff999fc0000 - 0x00007ff99a060000 	C:\Windows\System32\sechost.dll
0x00007ff998400000 - 0x00007ff998523000 	C:\Windows\System32\RPCRT4.dll
0x00007ff997a80000 - 0x00007ff997aa7000 	C:\Windows\System32\bcrypt.dll
0x00007ff99a060000 - 0x00007ff99a1ff000 	C:\Windows\System32\USER32.dll
0x00007ff997cd0000 - 0x00007ff997cf2000 	C:\Windows\System32\win32u.dll
0x00007ff999720000 - 0x00007ff99974b000 	C:\Windows\System32\GDI32.dll
0x00007ff998190000 - 0x00007ff9982a7000 	C:\Windows\System32\gdi32full.dll
0x00007ff9982b0000 - 0x00007ff99834d000 	C:\Windows\System32\msvcp_win.dll
0x00007ff985ab0000 - 0x00007ff985d4a000 	C:\Windows\WinSxS\amd64_microsoft.windows.common-controls_6595b64144ccf1df_6.0.19041.4355_none_60b8b9eb71f62e16\COMCTL32.dll
0x00007ff98b710000 - 0x00007ff98b71a000 	C:\Windows\SYSTEM32\VERSION.dll
0x00007ff999810000 - 0x00007ff999842000 	C:\Windows\System32\IMM32.DLL
0x00007ff992f10000 - 0x00007ff992f1c000 	C:\Program Files\Java\jdk-20\bin\vcruntime140_1.dll
0x00007ff992e80000 - 0x00007ff992f0e000 	C:\Program Files\Java\jdk-20\bin\msvcp140.dll
0x00007ff95d2a0000 - 0x00007ff95df38000 	C:\Program Files\Java\jdk-20\bin\server\jvm.dll
0x00007ff991ab0000 - 0x00007ff991ab9000 	C:\Windows\SYSTEM32\WSOCK32.dll
0x00007ff998e10000 - 0x00007ff998e7b000 	C:\Windows\System32\WS2_32.dll
0x00007ff987600000 - 0x00007ff987627000 	C:\Windows\SYSTEM32\WINMM.dll
0x00007ff996250000 - 0x00007ff996262000 	C:\Windows\SYSTEM32\kernel.appcore.dll
0x00007ff992e70000 - 0x00007ff992e7a000 	C:\Program Files\Java\jdk-20\bin\jimage.dll
0x00007ff9830e0000 - 0x00007ff9832c4000 	C:\Windows\SYSTEM32\DBGHELP.DLL
0x00007ff982f40000 - 0x00007ff982f74000 	C:\Windows\SYSTEM32\dbgcore.DLL
0x00007ff997d00000 - 0x00007ff997d82000 	C:\Windows\System32\bcryptPrimitives.dll
0x00007ff991ac0000 - 0x00007ff991ace000 	C:\Program Files\Java\jdk-20\bin\instrument.dll
0x00007ff992e40000 - 0x00007ff992e66000 	C:\Program Files\Java\jdk-20\bin\java.dll
0x00007ff95e6a0000 - 0x00007ff95e777000 	C:\Program Files\Java\jdk-20\bin\jsvml.dll
0x00007ff998fb0000 - 0x00007ff99971b000 	C:\Windows\System32\SHELL32.dll
0x00007ff995510000 - 0x00007ff995cad000 	C:\Windows\SYSTEM32\windows.storage.dll
0x00007ff998940000 - 0x00007ff998c93000 	C:\Windows\System32\combase.dll
0x00007ff9972f0000 - 0x00007ff99731e000 	C:\Windows\SYSTEM32\Wldp.dll
0x00007ff998ee0000 - 0x00007ff998fad000 	C:\Windows\System32\OLEAUT32.dll
0x00007ff998ca0000 - 0x00007ff998d4d000 	C:\Windows\System32\SHCORE.dll
0x00007ff999f60000 - 0x00007ff999fb5000 	C:\Windows\System32\shlwapi.dll
0x00007ff9979b0000 - 0x00007ff9979d4000 	C:\Windows\SYSTEM32\profapi.dll
0x00007ff98b370000 - 0x00007ff98b388000 	C:\Program Files\Java\jdk-20\bin\zip.dll
0x00007ff992e20000 - 0x00007ff992e33000 	C:\Program Files\Java\jdk-20\bin\net.dll
0x00007ff98e320000 - 0x00007ff98e42a000 	C:\Windows\SYSTEM32\WINHTTP.dll
0x00007ff9970d0000 - 0x00007ff99713a000 	C:\Windows\system32\mswsock.dll
0x00007ff991a00000 - 0x00007ff991a16000 	C:\Program Files\Java\jdk-20\bin\nio.dll
0x00007ff98fd40000 - 0x00007ff98fd5a000 	C:\Program Files\JetBrains\IntelliJ IDEA Community Edition 2023.1.2\bin\breakgen64.dll
0x00007ff992e10000 - 0x00007ff992e17000 	C:\Program Files\Java\jdk-20\bin\extnet.dll
0x00007ff992050000 - 0x00007ff992060000 	C:\Program Files\Java\jdk-20\bin\verify.dll

dbghelp: loaded successfully - version: 4.0.5 - missing functions: none
symbol engine: initialized successfully - sym options: 0x614 - pdb path: .;C:\Program Files\Java\jdk-20\bin;C:\Windows\SYSTEM32;C:\Windows\WinSxS\amd64_microsoft.windows.common-controls_6595b64144ccf1df_6.0.19041.4355_none_60b8b9eb71f62e16;C:\Program Files\Java\jdk-20\bin\server;C:\Program Files\JetBrains\IntelliJ IDEA Community Edition 2023.1.2\bin

VM Arguments:
jvm_args: -javaagent:C:\Program Files\JetBrains\IntelliJ IDEA Community Edition 2023.1.2\lib\idea_rt.jar=54360:C:\Program Files\JetBrains\IntelliJ IDEA Community Edition 2023.1.2\bin -Dfile.encoding=UTF-8 -Dsun.stdout.encoding=UTF-8 -Dsun.stderr.encoding=UTF-8 
java_command: com.exam.SecurityApplication
java_class_path (initial): G:\Project\ExamsBackEnd\BackEnd\ExamServer_Springboot\target\classes;C:\Users\D e r r y\.m2\repository\org\springframework\boot\spring-boot-starter-security\3.0.4\spring-boot-starter-security-3.0.4.jar;C:\Users\D e r r y\.m2\repository\org\springframework\boot\spring-boot-starter\3.0.1\spring-boot-starter-3.0.1.jar;C:\Users\D e r r y\.m2\repository\org\springframework\boot\spring-boot\3.0.1\spring-boot-3.0.1.jar;C:\Users\D e r r y\.m2\repository\org\springframework\boot\spring-boot-autoconfigure\3.0.1\spring-boot-autoconfigure-3.0.1.jar;C:\Users\D e r r y\.m2\repository\org\springframework\boot\spring-boot-starter-logging\3.0.1\spring-boot-starter-logging-3.0.1.jar;C:\Users\D e r r y\.m2\repository\ch\qos\logback\logback-classic\1.4.5\logback-classic-1.4.5.jar;C:\Users\D e r r y\.m2\repository\ch\qos\logback\logback-core\1.4.5\logback-core-1.4.5.jar;C:\Users\D e r r y\.m2\repository\org\apache\logging\log4j\log4j-to-slf4j\2.19.0\log4j-to-slf4j-2.19.0.jar;C:\Users\D e r r y\.m2\repository\org\apache\logging\log4j\log4j-api\2.19.0\log4j-api-2.19.0.jar;C:\Users\D e r r y\.m2\repository\org\slf4j\jul-to-slf4j\2.0.6\jul-to-slf4j-2.0.6.jar;C:\Users\D e r r y\.m2\repository\jakarta\annotation\jakarta.annotation-api\2.1.1\jakarta.annotation-api-2.1.1.jar;C:\Users\D e r r y\.m2\repository\org\yaml\snakeyaml\1.33\snakeyaml-1.33.jar;C:\Users\D e r r y\.m2\repository\org\springframework\spring-aop\6.0.3\spring-aop-6.0.3.jar;C:\Users\D e r r y\.m2\repository\org\springframework\security\spring-security-config\6.0.1\spring-security-config-6.0.1.jar;C:\Users\D e r r y\.m2\repository\org\springframework\security\spring-security-web\6.0.1\spring-security-web-6.0.1.jar;C:\Users\D e r r y\.m2\repository\org\springframework\boot\spring-boot-starter-web\3.1.0\spring-boot-starter-web-3.1.0.jar;C:\Users\D e r r y\.m2\repository\org\springframework\boot\spring-boot-starter-json\3.0.1\spring-boot-starter-json-3.0.1.jar;C:\Users\D e r r y\.m2\repository\com\fasterxml\jackson\datatype\jackson-datatype-jdk8\2.14.1\jackson-datatype-jdk8-2.14.1.jar;C:\Users\D e r r y\.m2\repository\com\fasterxml\jackson\datatype\jackson-datatype-jsr310\2.14.1\jackson-datatype-jsr310-2.14.1.jar;C:\Users\D e r r y\.m2\repository\com\fasterxml\jackson\module\jackson-module-parameter-names\2.14.1\jackson-module-parameter-names-2.14.1.jar;C:\Users\D e r r y\.m2\repository\org\springframework\boot\spring-boot-starter-tomcat\3.0.1\spring-boot-starter-tomcat-3.0.1.jar;C:\Users\D e r r y\.m2\repository\org\apache\tomcat\embed\tomcat-embed-core\10.1.4\tomcat-embed-core-10.1.4.jar;C:\Users\D e r r y\.m2\repository\org\apache\tomcat\embed\tomcat-embed-el\10.1.4\tomcat-embed-el-10.1.4.jar;C:\Users\D e r r y\.m2\repository\org\apache\tomcat\embed\tomcat-embed-websocket\10.1.4\tomcat-embed-websocket-10.1.4.jar;C:\Users\D e r r y\.m2\repository\org\springframework\spring-web\6.0.3\spring-web-6.0.3.jar;C:\Users\D e r r y\.m2\repository\io\micrometer\micrometer-observation\1.10.2\micrometer-observation-1.10.2.jar;C:\Users\D e r r y\.m2\repository\io\micrometer\micrometer-commons\1.10.2\micrometer-commons-1.10.2.jar;C:\Users\D e r r y\.m2\repository\org\springframework\spring-webmvc\6.0.3\spring-webmvc-6.0.3.jar;C:\Users\D e r r y\.m2\repository\com\mysql\mysql-connector-j\8.0.32\mysql-connector-j-8.0.32.jar;C:\Users\D e r r y\.m2\repository\org\springframework\boot\spring-boot-starter-data-jpa\3.0.4\spring-boot-starter-data-jpa-3.0.4.jar;C:\Users\D e r r y\.m2\repository\org\springframework\boot\spring-boot-starter-aop\3.0.1\spring-boot-starter-aop-3.0.1.jar;C:\Users\D e r r y\.m2\repository\org\aspectj\aspectjweaver\1.9.19\aspectjweaver-1.9.19.jar;C:\Users\D e r r y\.m2\repository\org\springframework\boot\spring-boot-starter-jdbc\3.0.1\spring-boot-starter-jdbc-3.0.1.jar;C:\Users\D e r r y\.m2\repository\com\zaxxer\HikariCP\5.0.1\HikariCP-5.0.1.jar;C:\Users\D e r r y\.m2\repository\org\springframework\spring-jdbc\6.0.3\spring-jdbc-6.0.3.jar;C:\Users\D e r r y\.m2\repository\org\hibernate\orm\hibernate-core\6.1.6.Final\hibernate-core-6.1.6.Final.jar;C:\Users\D e r r y\.m2\repository\jakarta\persistence\jakarta.persistence-api\3.1.0\jakarta.persistence-api-3.1.0.jar;C:\Users\D e r r y\.m2\repository\jakarta\transaction\jakarta.transaction-api\2.0.1\jakarta.transaction-api-2.0.1.jar;C:\Users\D e r r y\.m2\repository\org\jboss\logging\jboss-logging\3.5.0.Final\jboss-logging-3.5.0.Final.jar;C:\Users\D e r r y\.m2\repository\org\hibernate\common\hibernate-commons-annotations\6.0.2.Final\hibernate-commons-annotations-6.0.2.Final.jar;C:\Users\D e r r y\.m2\repository\org\jboss\jandex\2.4.2.Final\jandex-2.4.2.Final.jar;C:\Users\D e r r y\.m2\repository\com\fasterxml\classmate\1.5.1\classmate-1.5.1.jar;C:\Users\D e r r y\.m2\repository\net\bytebuddy\byte-buddy\1.12.20\byte-buddy-1.12.20.jar;C:\Users\D e r r y\.m2\repository\org\glassfish\jaxb\jaxb-runtime\4.0.1\jaxb-runtime-4.0.1.jar;C:\Users\D e r r y\.m2\repository\org\glassfish\jaxb\jaxb-core\4.0.1\jaxb-core-4.0.1.jar;C:\Users\D e r r y\.m2\repository\org\eclipse\angus\angus-activation\1.0.0\angus-activation-1.0.0.jar;C:\Users\D e r r y\.m2\repository\org\glassfish\jaxb\txw2\4.0.1\txw2-4.0.1.jar;C:\Users\D e r r y\.m2\repository\com\sun\istack\istack-commons-runtime\4.1.1\istack-commons-runtime-4.1.1.jar;C:\Users\D e r r y\.m2\repository\jakarta\inject\jakarta.inject-api\2.0.0\jakarta.inject-api-2.0.0.jar;C:\Users\D e r r y\.m2\repository\org\antlr\antlr4-runtime\4.10.1\antlr4-runtime-4.10.1.jar;C:\Users\D e r r y\.m2\repository\org\springframework\data\spring-data-jpa\3.0.0\spring-data-jpa-3.0.0.jar;C:\Users\D e r r y\.m2\repository\org\springframework\data\spring-data-commons\3.0.0\spring-data-commons-3.0.0.jar;C:\Users\D e r r y\.m2\repository\org\springframework\spring-orm\6.0.3\spring-orm-6.0.3.jar;C:\Users\D e r r y\.m2\repository\org\springframework\spring-tx\6.0.3\spring-tx-6.0.3.jar;C:\Users\D e r r y\.m2\repository\org\slf4j\slf4j-api\2.0.6\slf4j-api-2.0.6.jar;C:\Users\D e r r y\.m2\repository\org\springframework\spring-aspects\6.0.3\spring-aspects-6.0.3.jar;C:\Users\D e r r y\.m2\repository\org\projectlombok\lombok\1.18.26\lombok-1.18.26.jar;C:\Users\D e r r y\.m2\repository\org\springframework\spring-context\6.0.9\spring-context-6.0.9.jar;C:\Users\D e r r y\.m2\repository\org\springframework\spring-beans\6.0.3\spring-beans-6.0.3.jar;C:\Users\D e r r y\.m2\repository\org\springframework\spring-core\6.0.3\spring-core-6.0.3.jar;C:\Users\D e r r y\.m2\repository\org\springframework\spring-jcl\6.0.3\spring-jcl-6.0.3.jar;C:\Users\D e r r y\.m2\repository\org\springframework\spring-expression\6.0.3\spring-expression-6.0.3.jar;C:\Users\D e r r y\.m2\repository\io\jsonwebtoken\jjwt-api\0.11.5\jjwt-api-0.11.5.jar;C:\Users\D e r r y\.m2\repository\io\jsonwebtoken\jjwt-impl\0.11.5\jjwt-impl-0.11.5.jar;C:\Users\D e r r y\.m2\repository\io\jsonwebtoken\jjwt-jackson\0.11.5\jjwt-jackson-0.11.5.jar;C:\Users\D e r r y\.m2\repository\com\fasterxml\jackson\core\jackson-databind\2.14.1\jackson-databind-2.14.1.jar;C:\Users\D e r r y\.m2\repository\com\fasterxml\jackson\core\jackson-annotations\2.14.1\jackson-annotations-2.14.1.jar;C:\Users\D e r r y\.m2\repository\com\fasterxml\jackson\core\jackson-core\2.14.1\jackson-core-2.14.1.jar;C:\Users\D e r r y\.m2\repository\jakarta\xml\bind\jakarta.xml.bind-api\4.0.0\jakarta.xml.bind-api-4.0.0.jar;C:\Users\D e r r y\.m2\repository\jakarta\activation\jakarta.activation-api\2.1.0\jakarta.activation-api-2.1.0.jar;C:\Users\D e r r y\.m2\repository\org\springframework\security\spring-security-core\6.0.1\spring-security-core-6.0.1.jar;C:\Users\D e r r y\.m2\repository\org\springframework\security\spring-security-crypto\6.0.1\spring-security-crypto-6.0.1.jar
Launcher Type: SUN_STANDARD

[Global flags]
     intx CICompilerCount                          = 3                                         {product} {ergonomic}
     uint ConcGCThreads                            = 1                                         {product} {ergonomic}
     uint G1ConcRefinementThreads                  = 4                                         {product} {ergonomic}
   size_t G1HeapRegionSize                         = 1048576                                   {product} {ergonomic}
    uintx GCDrainStackTargetSize                   = 64                                        {product} {ergonomic}
   size_t InitialHeapSize                          = 134217728                                 {product} {ergonomic}
   size_t MarkStackSize                            = 4194304                                   {product} {ergonomic}
   size_t MaxHeapSize                              = 2116026368                                {product} {ergonomic}
   size_t MaxNewSize                               = 1268776960                                {product} {ergonomic}
   size_t MinHeapDeltaBytes                        = 1048576                                   {product} {ergonomic}
   size_t MinHeapSize                              = 8388608                                   {product} {ergonomic}
    uintx NonNMethodCodeHeapSize                   = 5832780                                {pd product} {ergonomic}
    uintx NonProfiledCodeHeapSize                  = 122912730                              {pd product} {ergonomic}
    uintx ProfiledCodeHeapSize                     = 122912730                              {pd product} {ergonomic}
    uintx ReservedCodeCacheSize                    = 251658240                              {pd product} {ergonomic}
     bool SegmentedCodeCache                       = true                                      {product} {ergonomic}
   size_t SoftMaxHeapSize                          = 2116026368                             {manageable} {ergonomic}
     bool UseCompressedClassPointers               = true                           {product lp64_product} {ergonomic}
     bool UseCompressedOops                        = true                           {product lp64_product} {ergonomic}
     bool UseG1GC                                  = true                                      {product} {ergonomic}
     bool UseLargePagesIndividualAllocation        = false                                  {pd product} {ergonomic}

Logging:
Log output configuration:
 #0: stdout all=warning uptime,level,tags foldmultilines=false
 #1: stderr all=off uptime,level,tags foldmultilines=false

Environment Variables:
PATH=C:\Program Files\Common Files\Oracle\Java\javapath;C:\Program Files (x86)\Common Files\Oracle\Java\javapath;C:\Windows\system32;C:\Windows;C:\Windows\System32\Wbem;C:\Windows\System32\WindowsPowerShell\v1.0\;C:\Windows\System32\OpenSSH\;C:\Program Files\nodejs\;C:\Program Files\Git\cmd;C:\ProgramData\chocolatey\bin;C:\Program Files\apache-maven-3.9.4-bin\apache-maven-3.9.4\bin;C:\Program Files\dotnet\;C:\Users\D e r r y\anaconda3;C:\Users\D e r r y\anaconda3\Library\mingw-w64\bin;C:\Users\D e r r y\anaconda3\Library\usr\bin;C:\Users\D e r r y\anaconda3\Library\bin;C:\Users\D e r r y\anaconda3\Scripts;C:\Program Files\MySQL\MySQL Shell 8.0\bin\;C:\Users\D e r r y\AppData\Local\Microsoft\WindowsApps;C:\Program Files\JetBrains\IntelliJ IDEA Community Edition 2023.1.2\bin;;C:\Program Files\JetBrains\PyCharm Community Edition 2023.1.2\bin;;C:\Users\D e r r y\AppData\Roaming\npm;C:\Users\D e r r y\AppData\Local\Programs\Microsoft VS Code\bin;C:\Users\D e r r y\AppData\Local\GitHubDesktop\bin;C:\Program Files\heroku\bin;C:\Program Files\bin;C:\Program Files\JetBrains\PhpStorm 2024.1\bin;
USERNAME=D e r r y
OS=Windows_NT
PROCESSOR_IDENTIFIER=Intel64 Family 6 Model 61 Stepping 4, GenuineIntel
TMP=C:\Users\DERRY~1\AppData\Local\Temp
TEMP=C:\Users\DERRY~1\AppData\Local\Temp




---------------  S Y S T E M  ---------------

OS:
 Windows 10 , 64 bit Build 19041 (10.0.19041.3636)
OS uptime: 0 days 0:13 hours
Hyper-V role detected

CPU: total 4 (initial active 4) (2 cores per cpu, 2 threads per core) family 6 model 61 stepping 4 microcode 0x2f, cx8, cmov, fxsr, ht, mmx, 3dnowpref, sse, sse2, sse3, ssse3, sse4.1, sse4.2, popcnt, lzcnt, tsc, tscinvbit, avx, avx2, aes, erms, clmul, bmi1, bmi2, rtm, adx, fma, vzeroupper, clflush, hv, rdtscp, f16c

Memory: 4k page, system-wide physical 8067M (233M free)
TotalPageFile size 10115M (AvailPageFile size 4M)
current process WorkingSet (physical memory assigned to process): 117M, peak: 117M
current process commit charge ("private bytes"): 241M, peak: 241M

vm_info: Java HotSpot(TM) 64-Bit Server VM (20.0.2+9-78) for windows-amd64 JRE (20.0.2+9-78), built on 2023-06-14T10:08:48Z by "mach5one" with MS VC++ 17.1 (VS2022)

END.
