#
# There is insufficient memory for the Java Runtime Environment to continue.
# Native memory allocation (malloc) failed to allocate 43456 bytes for Chunk::new
# Possible reasons:
#   The system is out of physical RAM or swap space
#   The process is running with CompressedOops enabled, and the Java Heap may be blocking the growth of the native heap
# Possible solutions:
#   Reduce memory load on the system
#   Increase physical memory or swap space
#   Check if swap backing store is full
#   Decrease Java heap size (-Xmx/-Xms)
#   Decrease number of Java threads
#   Decrease Java thread stack sizes (-Xss)
#   Set larger code cache with -XX:ReservedCodeCacheSize=
#   JVM is running with Unscaled Compressed Oops mode in which the Java heap is
#     placed in the first 4GB address space. The Java Heap base address is the
#     maximum limit for the native heap growth. Please use -XX:HeapBaseMinAddress
#     to set the Java Heap base and to place the Java Heap above 4GB virtual address.
# This output file may be truncated or incomplete.
#
#  Out of Memory Error (arena.cpp:184), pid=9752, tid=9112
#
# JRE version: Java(TM) SE Runtime Environment (20.0.2+9) (build 20.0.2+9-78)
# Java VM: Java HotSpot(TM) 64-Bit Server VM (20.0.2+9-78, mixed mode, sharing, tiered, compressed oops, compressed class ptrs, g1 gc, windows-amd64)
# No core dump will be written. Minidumps are not enabled by default on client versions of Windows
#

---------------  S U M M A R Y ------------

Command Line: -javaagent:C:\Program Files\JetBrains\IntelliJ IDEA Community Edition 2023.1.2\lib\idea_rt.jar=56143:C:\Program Files\JetBrains\IntelliJ IDEA Community Edition 2023.1.2\bin -Dfile.encoding=UTF-8 -Dsun.stdout.encoding=UTF-8 -Dsun.stderr.encoding=UTF-8 com.exam.SecurityApplication

Host: Intel(R) Core(TM) i5-5300U CPU @ 2.30GHz, 4 cores, 7G,  Windows 10 , 64 bit Build 19041 (10.0.19041.3636)
Time: Tue Nov 21 13:37:55 2023 Sao Tome Standard Time elapsed time: 6.139692 seconds (0d 0h 0m 6s)

---------------  T H R E A D  ---------------

Current thread (0x0000022d6a7d6900):  JavaThread "C2 CompilerThread0" daemon [_thread_in_native, id=9112, stack(0x0000002f97b00000,0x0000002f97c00000)]


Current CompileTask:
C2:   6139 3024       4       org.springframework.beans.factory.support.AbstractBeanFactory::isTypeMatch (619 bytes)

Stack: [0x0000002f97b00000,0x0000002f97c00000]
Native frames: (J=compiled Java code, j=interpreted, Vv=VM code, C=native code)
V  [jvm.dll+0x6bc25a]
V  [jvm.dll+0x84971a]
V  [jvm.dll+0x84b315]
V  [jvm.dll+0x84ba13]
V  [jvm.dll+0x280e4f]
V  [jvm.dll+0xc2ab1]
V  [jvm.dll+0xc2dd5]
V  [jvm.dll+0x2f664c]
V  [jvm.dll+0x5e3b0b]
V  [jvm.dll+0x254684]
V  [jvm.dll+0x254a4f]
V  [jvm.dll+0x24d23d]
V  [jvm.dll+0x24a819]
V  [jvm.dll+0x1ce761]
V  [jvm.dll+0x25a0eb]
V  [jvm.dll+0x2587c0]
V  [jvm.dll+0x3f2dd5]
V  [jvm.dll+0x7f5c76]
V  [jvm.dll+0x6baecb]
C  [ucrtbase.dll+0x21bb2]
C  [KERNEL32.DLL+0x17344]
C  [ntdll.dll+0x526b1]


---------------  P R O C E S S  ---------------

Threads class SMR info:
_java_thread_list=0x0000022d6ecf5cb0, length=13, elements={
0x0000022d4e69b440, 0x0000022d6a7c6a50, 0x0000022d6a7c79f0, 0x0000022d6a7cf910,
0x0000022d6a7d3370, 0x0000022d6a7d40d0, 0x0000022d6a7d5350, 0x0000022d6a7d6900,
0x0000022d6a7df940, 0x0000022d6a796450, 0x0000022d6eeea470, 0x0000022d6eeea9c0,
0x0000022d6f3e9170
}

Java Threads: ( => current thread )
  0x0000022d4e69b440 JavaThread "main" [_thread_in_Java, id=12304, stack(0x0000002f96e00000,0x0000002f96f00000)]
  0x0000022d6a7c6a50 JavaThread "Reference Handler" daemon [_thread_blocked, id=6548, stack(0x0000002f97500000,0x0000002f97600000)]
  0x0000022d6a7c79f0 JavaThread "Finalizer" daemon [_thread_blocked, id=15524, stack(0x0000002f97600000,0x0000002f97700000)]
  0x0000022d6a7cf910 JavaThread "Signal Dispatcher" daemon [_thread_blocked, id=4928, stack(0x0000002f97700000,0x0000002f97800000)]
  0x0000022d6a7d3370 JavaThread "Attach Listener" daemon [_thread_blocked, id=14728, stack(0x0000002f97800000,0x0000002f97900000)]
  0x0000022d6a7d40d0 JavaThread "Service Thread" daemon [_thread_blocked, id=13888, stack(0x0000002f97900000,0x0000002f97a00000)]
  0x0000022d6a7d5350 JavaThread "Monitor Deflation Thread" daemon [_thread_blocked, id=15164, stack(0x0000002f97a00000,0x0000002f97b00000)]
=>0x0000022d6a7d6900 JavaThread "C2 CompilerThread0" daemon [_thread_in_native, id=9112, stack(0x0000002f97b00000,0x0000002f97c00000)]
  0x0000022d6a7df940 JavaThread "C1 CompilerThread0" daemon [_thread_in_native, id=8004, stack(0x0000002f97c00000,0x0000002f97d00000)]
  0x0000022d6a796450 JavaThread "Common-Cleaner" daemon [_thread_blocked, id=14608, stack(0x0000002f97d00000,0x0000002f97e00000)]
  0x0000022d6eeea470 JavaThread "Monitor Ctrl-Break" daemon [_thread_in_native, id=8720, stack(0x0000002f97f00000,0x0000002f98000000)]
  0x0000022d6eeea9c0 JavaThread "Notification Thread" daemon [_thread_blocked, id=16308, stack(0x0000002f98000000,0x0000002f98100000)]
  0x0000022d6f3e9170 JavaThread "C2 CompilerThread1" daemon [_thread_in_native, id=15856, stack(0x0000002f98400000,0x0000002f98500000)]

Other Threads:
  0x0000022d6a7aaa80 VMThread "VM Thread" [stack: 0x0000002f97400000,0x0000002f97500000] [id=1904]
  0x0000022d6ef93140 WatcherThread "VM Periodic Task Thread" [stack: 0x0000002f98100000,0x0000002f98200000] [id=15800]
  0x0000022d4e6f9320 WorkerThread "GC Thread#0" [stack: 0x0000002f96f00000,0x0000002f97000000] [id=15816]
  0x0000022d6ef0af60 WorkerThread "GC Thread#1" [stack: 0x0000002f97e00000,0x0000002f97f00000] [id=10996]
  0x0000022d6f3871b0 WorkerThread "GC Thread#2" [stack: 0x0000002f98200000,0x0000002f98300000] [id=8692]
  0x0000022d6f3880f0 WorkerThread "GC Thread#3" [stack: 0x0000002f98300000,0x0000002f98400000] [id=16360]
  0x0000022d4e709e70 ConcurrentGCThread "G1 Main Marker" [stack: 0x0000002f97000000,0x0000002f97100000] [id=15720]
  0x0000022d4e70aa40 WorkerThread "G1 Conc#0" [stack: 0x0000002f97100000,0x0000002f97200000] [id=9968]
  0x0000022d4e75ec60 ConcurrentGCThread "G1 Refine#0" [stack: 0x0000002f97200000,0x0000002f97300000] [id=12232]
  0x0000022d6a65c9e0 ConcurrentGCThread "G1 Service" [stack: 0x0000002f97300000,0x0000002f97400000] [id=1900]

Threads with active compile tasks:
C2 CompilerThread0     6179 3024       4       org.springframework.beans.factory.support.AbstractBeanFactory::isTypeMatch (619 bytes)
C1 CompilerThread0     6179 3064   !   3       org.springframework.util.ConcurrentReferenceHashMap$Segment::restructure (316 bytes)
C2 CompilerThread1     6179 3037       4       org.springframework.core.ResolvableType::forType (115 bytes)

VM state: not at safepoint (normal execution)

VM Mutex/Monitor currently owned by a thread: None

Heap address: 0x0000000081e00000, size: 2018 MB, Compressed Oops mode: 32-bit

CDS archive(s) mapped at: [0x0000022d00000000-0x0000022d00c60000-0x0000022d00c60000), size 12976128, SharedBaseAddress: 0x0000022d00000000, ArchiveRelocationMode: 1.
Compressed class space mapped at: 0x0000022d01000000-0x0000022d41000000, reserved size: 1073741824
Narrow klass base: 0x0000022d00000000, Narrow klass shift: 0, Narrow klass range: 0x100000000

GC Precious Log:
 CardTable entry size: 512
 Card Set container configuration: InlinePtr #cards 5 size 8 Array Of Cards #cards 12 size 40 Howl #buckets 4 coarsen threshold 1843 Howl Bitmap #cards 512 size 80 coarsen threshold 460 Card regions per heap region 1 cards per card region 2048
 CPUs: 4 total, 4 available
 Memory: 8067M
 Large Page Support: Disabled
 NUMA Support: Disabled
 Compressed Oops: Enabled (32-bit)
 Heap Region Size: 1M
 Heap Min Capacity: 8M
 Heap Initial Capacity: 128M
 Heap Max Capacity: 2018M
 Pre-touch: Disabled
 Parallel Workers: 4
 Concurrent Workers: 1
 Concurrent Refinement Workers: 4
 Periodic GC: Disabled

Heap:
 garbage-first heap   total 131072K, used 44703K [0x0000000081e00000, 0x0000000100000000)
  region size 1024K, 40 young (40960K), 4 survivors (4096K)
 Metaspace       used 20725K, committed 20992K, reserved 1114112K
  class space    used 2488K, committed 2624K, reserved 1048576K

Heap Regions: E=young(eden), S=young(survivor), O=old, HS=humongous(starts), HC=humongous(continues), CS=collection set, F=free, OA=open archive, CA=closed archive, TAMS=top-at-mark-start, PB=parsable bottom
|   0|0x0000000081e00000, 0x0000000081f00000, 0x0000000081f00000|100%|HS|  |TAMS 0x0000000081e00000| PB 0x0000000081e00000| Complete 
|   1|0x0000000081f00000, 0x0000000082000000, 0x0000000082000000|100%| O|  |TAMS 0x0000000081f00000| PB 0x0000000081f00000| Untracked 
|   2|0x0000000082000000, 0x0000000082100000, 0x0000000082100000|100%| O|  |TAMS 0x0000000082000000| PB 0x0000000082000000| Untracked 
|   3|0x0000000082100000, 0x0000000082200000, 0x0000000082200000|100%| O|  |TAMS 0x0000000082100000| PB 0x0000000082100000| Untracked 
|   4|0x0000000082200000, 0x0000000082300000, 0x0000000082300000|100%| O|  |TAMS 0x0000000082200000| PB 0x0000000082200000| Untracked 
|   5|0x0000000082300000, 0x0000000082400000, 0x0000000082400000|100%| O|  |TAMS 0x0000000082300000| PB 0x0000000082300000| Untracked 
|   6|0x0000000082400000, 0x0000000082415000, 0x0000000082500000|  8%| O|  |TAMS 0x0000000082400000| PB 0x0000000082400000| Untracked 
|   7|0x0000000082500000, 0x0000000082500000, 0x0000000082600000|  0%| F|  |TAMS 0x0000000082500000| PB 0x0000000082500000| Untracked 
|   8|0x0000000082600000, 0x0000000082600000, 0x0000000082700000|  0%| F|  |TAMS 0x0000000082600000| PB 0x0000000082600000| Untracked 
|   9|0x0000000082700000, 0x0000000082700000, 0x0000000082800000|  0%| F|  |TAMS 0x0000000082700000| PB 0x0000000082700000| Untracked 
|  10|0x0000000082800000, 0x0000000082800000, 0x0000000082900000|  0%| F|  |TAMS 0x0000000082800000| PB 0x0000000082800000| Untracked 
|  11|0x0000000082900000, 0x0000000082900000, 0x0000000082a00000|  0%| F|  |TAMS 0x0000000082900000| PB 0x0000000082900000| Untracked 
|  12|0x0000000082a00000, 0x0000000082a00000, 0x0000000082b00000|  0%| F|  |TAMS 0x0000000082a00000| PB 0x0000000082a00000| Untracked 
|  13|0x0000000082b00000, 0x0000000082b00000, 0x0000000082c00000|  0%| F|  |TAMS 0x0000000082b00000| PB 0x0000000082b00000| Untracked 
|  14|0x0000000082c00000, 0x0000000082c00000, 0x0000000082d00000|  0%| F|  |TAMS 0x0000000082c00000| PB 0x0000000082c00000| Untracked 
|  15|0x0000000082d00000, 0x0000000082d00000, 0x0000000082e00000|  0%| F|  |TAMS 0x0000000082d00000| PB 0x0000000082d00000| Untracked 
|  16|0x0000000082e00000, 0x0000000082e00000, 0x0000000082f00000|  0%| F|  |TAMS 0x0000000082e00000| PB 0x0000000082e00000| Untracked 
|  17|0x0000000082f00000, 0x0000000082f00000, 0x0000000083000000|  0%| F|  |TAMS 0x0000000082f00000| PB 0x0000000082f00000| Untracked 
|  18|0x0000000083000000, 0x0000000083000000, 0x0000000083100000|  0%| F|  |TAMS 0x0000000083000000| PB 0x0000000083000000| Untracked 
|  19|0x0000000083100000, 0x0000000083100000, 0x0000000083200000|  0%| F|  |TAMS 0x0000000083100000| PB 0x0000000083100000| Untracked 
|  20|0x0000000083200000, 0x0000000083200000, 0x0000000083300000|  0%| F|  |TAMS 0x0000000083200000| PB 0x0000000083200000| Untracked 
|  21|0x0000000083300000, 0x0000000083300000, 0x0000000083400000|  0%| F|  |TAMS 0x0000000083300000| PB 0x0000000083300000| Untracked 
|  22|0x0000000083400000, 0x0000000083400000, 0x0000000083500000|  0%| F|  |TAMS 0x0000000083400000| PB 0x0000000083400000| Untracked 
|  23|0x0000000083500000, 0x0000000083500000, 0x0000000083600000|  0%| F|  |TAMS 0x0000000083500000| PB 0x0000000083500000| Untracked 
|  24|0x0000000083600000, 0x0000000083600000, 0x0000000083700000|  0%| F|  |TAMS 0x0000000083600000| PB 0x0000000083600000| Untracked 
|  25|0x0000000083700000, 0x0000000083700000, 0x0000000083800000|  0%| F|  |TAMS 0x0000000083700000| PB 0x0000000083700000| Untracked 
|  26|0x0000000083800000, 0x0000000083800000, 0x0000000083900000|  0%| F|  |TAMS 0x0000000083800000| PB 0x0000000083800000| Untracked 
|  27|0x0000000083900000, 0x0000000083900000, 0x0000000083a00000|  0%| F|  |TAMS 0x0000000083900000| PB 0x0000000083900000| Untracked 
|  28|0x0000000083a00000, 0x0000000083a00000, 0x0000000083b00000|  0%| F|  |TAMS 0x0000000083a00000| PB 0x0000000083a00000| Untracked 
|  29|0x0000000083b00000, 0x0000000083b00000, 0x0000000083c00000|  0%| F|  |TAMS 0x0000000083b00000| PB 0x0000000083b00000| Untracked 
|  30|0x0000000083c00000, 0x0000000083c00000, 0x0000000083d00000|  0%| F|  |TAMS 0x0000000083c00000| PB 0x0000000083c00000| Untracked 
|  31|0x0000000083d00000, 0x0000000083d00000, 0x0000000083e00000|  0%| F|  |TAMS 0x0000000083d00000| PB 0x0000000083d00000| Untracked 
|  32|0x0000000083e00000, 0x0000000083e00000, 0x0000000083f00000|  0%| F|  |TAMS 0x0000000083e00000| PB 0x0000000083e00000| Untracked 
|  33|0x0000000083f00000, 0x0000000083f00000, 0x0000000084000000|  0%| F|  |TAMS 0x0000000083f00000| PB 0x0000000083f00000| Untracked 
|  34|0x0000000084000000, 0x0000000084000000, 0x0000000084100000|  0%| F|  |TAMS 0x0000000084000000| PB 0x0000000084000000| Untracked 
|  35|0x0000000084100000, 0x0000000084100000, 0x0000000084200000|  0%| F|  |TAMS 0x0000000084100000| PB 0x0000000084100000| Untracked 
|  36|0x0000000084200000, 0x0000000084200000, 0x0000000084300000|  0%| F|  |TAMS 0x0000000084200000| PB 0x0000000084200000| Untracked 
|  37|0x0000000084300000, 0x0000000084300000, 0x0000000084400000|  0%| F|  |TAMS 0x0000000084300000| PB 0x0000000084300000| Untracked 
|  38|0x0000000084400000, 0x0000000084400000, 0x0000000084500000|  0%| F|  |TAMS 0x0000000084400000| PB 0x0000000084400000| Untracked 
|  39|0x0000000084500000, 0x0000000084500000, 0x0000000084600000|  0%| F|  |TAMS 0x0000000084500000| PB 0x0000000084500000| Untracked 
|  40|0x0000000084600000, 0x0000000084600000, 0x0000000084700000|  0%| F|  |TAMS 0x0000000084600000| PB 0x0000000084600000| Untracked 
|  41|0x0000000084700000, 0x0000000084700000, 0x0000000084800000|  0%| F|  |TAMS 0x0000000084700000| PB 0x0000000084700000| Untracked 
|  42|0x0000000084800000, 0x0000000084800000, 0x0000000084900000|  0%| F|  |TAMS 0x0000000084800000| PB 0x0000000084800000| Untracked 
|  43|0x0000000084900000, 0x0000000084900000, 0x0000000084a00000|  0%| F|  |TAMS 0x0000000084900000| PB 0x0000000084900000| Untracked 
|  44|0x0000000084a00000, 0x0000000084a00000, 0x0000000084b00000|  0%| F|  |TAMS 0x0000000084a00000| PB 0x0000000084a00000| Untracked 
|  45|0x0000000084b00000, 0x0000000084b00000, 0x0000000084c00000|  0%| F|  |TAMS 0x0000000084b00000| PB 0x0000000084b00000| Untracked 
|  46|0x0000000084c00000, 0x0000000084c00000, 0x0000000084d00000|  0%| F|  |TAMS 0x0000000084c00000| PB 0x0000000084c00000| Untracked 
|  47|0x0000000084d00000, 0x0000000084d00000, 0x0000000084e00000|  0%| F|  |TAMS 0x0000000084d00000| PB 0x0000000084d00000| Untracked 
|  48|0x0000000084e00000, 0x0000000084e00000, 0x0000000084f00000|  0%| F|  |TAMS 0x0000000084e00000| PB 0x0000000084e00000| Untracked 
|  49|0x0000000084f00000, 0x0000000084f00000, 0x0000000085000000|  0%| F|  |TAMS 0x0000000084f00000| PB 0x0000000084f00000| Untracked 
|  50|0x0000000085000000, 0x0000000085000000, 0x0000000085100000|  0%| F|  |TAMS 0x0000000085000000| PB 0x0000000085000000| Untracked 
|  51|0x0000000085100000, 0x0000000085100000, 0x0000000085200000|  0%| F|  |TAMS 0x0000000085100000| PB 0x0000000085100000| Untracked 
|  52|0x0000000085200000, 0x0000000085200000, 0x0000000085300000|  0%| F|  |TAMS 0x0000000085200000| PB 0x0000000085200000| Untracked 
|  53|0x0000000085300000, 0x0000000085300000, 0x0000000085400000|  0%| F|  |TAMS 0x0000000085300000| PB 0x0000000085300000| Untracked 
|  54|0x0000000085400000, 0x0000000085400000, 0x0000000085500000|  0%| F|  |TAMS 0x0000000085400000| PB 0x0000000085400000| Untracked 
|  55|0x0000000085500000, 0x0000000085500000, 0x0000000085600000|  0%| F|  |TAMS 0x0000000085500000| PB 0x0000000085500000| Untracked 
|  56|0x0000000085600000, 0x0000000085600000, 0x0000000085700000|  0%| F|  |TAMS 0x0000000085600000| PB 0x0000000085600000| Untracked 
|  57|0x0000000085700000, 0x0000000085700000, 0x0000000085800000|  0%| F|  |TAMS 0x0000000085700000| PB 0x0000000085700000| Untracked 
|  58|0x0000000085800000, 0x0000000085800000, 0x0000000085900000|  0%| F|  |TAMS 0x0000000085800000| PB 0x0000000085800000| Untracked 
|  59|0x0000000085900000, 0x0000000085900000, 0x0000000085a00000|  0%| F|  |TAMS 0x0000000085900000| PB 0x0000000085900000| Untracked 
|  60|0x0000000085a00000, 0x0000000085a00000, 0x0000000085b00000|  0%| F|  |TAMS 0x0000000085a00000| PB 0x0000000085a00000| Untracked 
|  61|0x0000000085b00000, 0x0000000085b00000, 0x0000000085c00000|  0%| F|  |TAMS 0x0000000085b00000| PB 0x0000000085b00000| Untracked 
|  62|0x0000000085c00000, 0x0000000085c00000, 0x0000000085d00000|  0%| F|  |TAMS 0x0000000085c00000| PB 0x0000000085c00000| Untracked 
|  63|0x0000000085d00000, 0x0000000085d00000, 0x0000000085e00000|  0%| F|  |TAMS 0x0000000085d00000| PB 0x0000000085d00000| Untracked 
|  64|0x0000000085e00000, 0x0000000085e00000, 0x0000000085f00000|  0%| F|  |TAMS 0x0000000085e00000| PB 0x0000000085e00000| Untracked 
|  65|0x0000000085f00000, 0x0000000085f00000, 0x0000000086000000|  0%| F|  |TAMS 0x0000000085f00000| PB 0x0000000085f00000| Untracked 
|  66|0x0000000086000000, 0x0000000086000000, 0x0000000086100000|  0%| F|  |TAMS 0x0000000086000000| PB 0x0000000086000000| Untracked 
|  67|0x0000000086100000, 0x0000000086100000, 0x0000000086200000|  0%| F|  |TAMS 0x0000000086100000| PB 0x0000000086100000| Untracked 
|  68|0x0000000086200000, 0x0000000086200000, 0x0000000086300000|  0%| F|  |TAMS 0x0000000086200000| PB 0x0000000086200000| Untracked 
|  69|0x0000000086300000, 0x0000000086300000, 0x0000000086400000|  0%| F|  |TAMS 0x0000000086300000| PB 0x0000000086300000| Untracked 
|  70|0x0000000086400000, 0x0000000086400000, 0x0000000086500000|  0%| F|  |TAMS 0x0000000086400000| PB 0x0000000086400000| Untracked 
|  71|0x0000000086500000, 0x0000000086500000, 0x0000000086600000|  0%| F|  |TAMS 0x0000000086500000| PB 0x0000000086500000| Untracked 
|  72|0x0000000086600000, 0x0000000086600000, 0x0000000086700000|  0%| F|  |TAMS 0x0000000086600000| PB 0x0000000086600000| Untracked 
|  73|0x0000000086700000, 0x0000000086700000, 0x0000000086800000|  0%| F|  |TAMS 0x0000000086700000| PB 0x0000000086700000| Untracked 
|  74|0x0000000086800000, 0x0000000086800000, 0x0000000086900000|  0%| F|  |TAMS 0x0000000086800000| PB 0x0000000086800000| Untracked 
|  75|0x0000000086900000, 0x0000000086900000, 0x0000000086a00000|  0%| F|  |TAMS 0x0000000086900000| PB 0x0000000086900000| Untracked 
|  76|0x0000000086a00000, 0x0000000086a00000, 0x0000000086b00000|  0%| F|  |TAMS 0x0000000086a00000| PB 0x0000000086a00000| Untracked 
|  77|0x0000000086b00000, 0x0000000086b00000, 0x0000000086c00000|  0%| F|  |TAMS 0x0000000086b00000| PB 0x0000000086b00000| Untracked 
|  78|0x0000000086c00000, 0x0000000086c00000, 0x0000000086d00000|  0%| F|  |TAMS 0x0000000086c00000| PB 0x0000000086c00000| Untracked 
|  79|0x0000000086d00000, 0x0000000086d00000, 0x0000000086e00000|  0%| F|  |TAMS 0x0000000086d00000| PB 0x0000000086d00000| Untracked 
|  80|0x0000000086e00000, 0x0000000086e00000, 0x0000000086f00000|  0%| F|  |TAMS 0x0000000086e00000| PB 0x0000000086e00000| Untracked 
|  81|0x0000000086f00000, 0x0000000086f00000, 0x0000000087000000|  0%| F|  |TAMS 0x0000000086f00000| PB 0x0000000086f00000| Untracked 
|  82|0x0000000087000000, 0x0000000087000000, 0x0000000087100000|  0%| F|  |TAMS 0x0000000087000000| PB 0x0000000087000000| Untracked 
|  83|0x0000000087100000, 0x0000000087100000, 0x0000000087200000|  0%| F|  |TAMS 0x0000000087100000| PB 0x0000000087100000| Untracked 
|  84|0x0000000087200000, 0x0000000087200000, 0x0000000087300000|  0%| F|  |TAMS 0x0000000087200000| PB 0x0000000087200000| Untracked 
|  85|0x0000000087300000, 0x0000000087300000, 0x0000000087400000|  0%| F|  |TAMS 0x0000000087300000| PB 0x0000000087300000| Untracked 
|  86|0x0000000087400000, 0x0000000087400000, 0x0000000087500000|  0%| F|  |TAMS 0x0000000087400000| PB 0x0000000087400000| Untracked 
|  87|0x0000000087500000, 0x00000000875652d8, 0x0000000087600000| 39%| E|  |TAMS 0x0000000087500000| PB 0x0000000087500000| Complete 
|  88|0x0000000087600000, 0x0000000087700000, 0x0000000087700000|100%| E|CS|TAMS 0x0000000087600000| PB 0x0000000087600000| Complete 
|  89|0x0000000087700000, 0x0000000087800000, 0x0000000087800000|100%| E|CS|TAMS 0x0000000087700000| PB 0x0000000087700000| Complete 
|  90|0x0000000087800000, 0x0000000087900000, 0x0000000087900000|100%| E|CS|TAMS 0x0000000087800000| PB 0x0000000087800000| Complete 
|  91|0x0000000087900000, 0x0000000087a00000, 0x0000000087a00000|100%| E|CS|TAMS 0x0000000087900000| PB 0x0000000087900000| Complete 
|  92|0x0000000087a00000, 0x0000000087b00000, 0x0000000087b00000|100%| E|CS|TAMS 0x0000000087a00000| PB 0x0000000087a00000| Complete 
|  93|0x0000000087b00000, 0x0000000087c00000, 0x0000000087c00000|100%| E|CS|TAMS 0x0000000087b00000| PB 0x0000000087b00000| Complete 
|  94|0x0000000087c00000, 0x0000000087d00000, 0x0000000087d00000|100%| E|CS|TAMS 0x0000000087c00000| PB 0x0000000087c00000| Complete 
|  95|0x0000000087d00000, 0x0000000087d92d60, 0x0000000087e00000| 57%| S|CS|TAMS 0x0000000087d00000| PB 0x0000000087d00000| Complete 
|  96|0x0000000087e00000, 0x0000000087f00000, 0x0000000087f00000|100%| S|CS|TAMS 0x0000000087e00000| PB 0x0000000087e00000| Complete 
|  97|0x0000000087f00000, 0x0000000088000000, 0x0000000088000000|100%| S|CS|TAMS 0x0000000087f00000| PB 0x0000000087f00000| Complete 
|  98|0x0000000088000000, 0x0000000088100000, 0x0000000088100000|100%| S|CS|TAMS 0x0000000088000000| PB 0x0000000088000000| Complete 
|  99|0x0000000088100000, 0x0000000088200000, 0x0000000088200000|100%| E|CS|TAMS 0x0000000088100000| PB 0x0000000088100000| Complete 
| 100|0x0000000088200000, 0x0000000088300000, 0x0000000088300000|100%| E|CS|TAMS 0x0000000088200000| PB 0x0000000088200000| Complete 
| 101|0x0000000088300000, 0x0000000088400000, 0x0000000088400000|100%| E|CS|TAMS 0x0000000088300000| PB 0x0000000088300000| Complete 
| 102|0x0000000088400000, 0x0000000088500000, 0x0000000088500000|100%| E|CS|TAMS 0x0000000088400000| PB 0x0000000088400000| Complete 
| 103|0x0000000088500000, 0x0000000088600000, 0x0000000088600000|100%| E|CS|TAMS 0x0000000088500000| PB 0x0000000088500000| Complete 
| 104|0x0000000088600000, 0x0000000088700000, 0x0000000088700000|100%| E|CS|TAMS 0x0000000088600000| PB 0x0000000088600000| Complete 
| 105|0x0000000088700000, 0x0000000088800000, 0x0000000088800000|100%| E|CS|TAMS 0x0000000088700000| PB 0x0000000088700000| Complete 
| 106|0x0000000088800000, 0x0000000088900000, 0x0000000088900000|100%| E|CS|TAMS 0x0000000088800000| PB 0x0000000088800000| Complete 
| 107|0x0000000088900000, 0x0000000088a00000, 0x0000000088a00000|100%| E|CS|TAMS 0x0000000088900000| PB 0x0000000088900000| Complete 
| 108|0x0000000088a00000, 0x0000000088b00000, 0x0000000088b00000|100%| E|CS|TAMS 0x0000000088a00000| PB 0x0000000088a00000| Complete 
| 109|0x0000000088b00000, 0x0000000088c00000, 0x0000000088c00000|100%| E|CS|TAMS 0x0000000088b00000| PB 0x0000000088b00000| Complete 
| 110|0x0000000088c00000, 0x0000000088d00000, 0x0000000088d00000|100%| E|CS|TAMS 0x0000000088c00000| PB 0x0000000088c00000| Complete 
| 111|0x0000000088d00000, 0x0000000088e00000, 0x0000000088e00000|100%| E|CS|TAMS 0x0000000088d00000| PB 0x0000000088d00000| Complete 
| 112|0x0000000088e00000, 0x0000000088f00000, 0x0000000088f00000|100%| E|CS|TAMS 0x0000000088e00000| PB 0x0000000088e00000| Complete 
| 113|0x0000000088f00000, 0x0000000089000000, 0x0000000089000000|100%| E|CS|TAMS 0x0000000088f00000| PB 0x0000000088f00000| Complete 
| 114|0x0000000089000000, 0x0000000089100000, 0x0000000089100000|100%| E|CS|TAMS 0x0000000089000000| PB 0x0000000089000000| Complete 
| 115|0x0000000089100000, 0x0000000089200000, 0x0000000089200000|100%| E|CS|TAMS 0x0000000089100000| PB 0x0000000089100000| Complete 
| 116|0x0000000089200000, 0x0000000089300000, 0x0000000089300000|100%| E|CS|TAMS 0x0000000089200000| PB 0x0000000089200000| Complete 
| 117|0x0000000089300000, 0x0000000089400000, 0x0000000089400000|100%| E|CS|TAMS 0x0000000089300000| PB 0x0000000089300000| Complete 
| 118|0x0000000089400000, 0x0000000089500000, 0x0000000089500000|100%| E|CS|TAMS 0x0000000089400000| PB 0x0000000089400000| Complete 
| 119|0x0000000089500000, 0x0000000089600000, 0x0000000089600000|100%| E|CS|TAMS 0x0000000089500000| PB 0x0000000089500000| Complete 
| 120|0x0000000089600000, 0x0000000089700000, 0x0000000089700000|100%| E|CS|TAMS 0x0000000089600000| PB 0x0000000089600000| Complete 
| 121|0x0000000089700000, 0x0000000089800000, 0x0000000089800000|100%| E|CS|TAMS 0x0000000089700000| PB 0x0000000089700000| Complete 
| 122|0x0000000089800000, 0x0000000089900000, 0x0000000089900000|100%| E|CS|TAMS 0x0000000089800000| PB 0x0000000089800000| Complete 
| 123|0x0000000089900000, 0x0000000089a00000, 0x0000000089a00000|100%| E|CS|TAMS 0x0000000089900000| PB 0x0000000089900000| Complete 
| 124|0x0000000089a00000, 0x0000000089b00000, 0x0000000089b00000|100%| E|CS|TAMS 0x0000000089a00000| PB 0x0000000089a00000| Complete 
| 125|0x0000000089b00000, 0x0000000089c00000, 0x0000000089c00000|100%| E|CS|TAMS 0x0000000089b00000| PB 0x0000000089b00000| Complete 
| 126|0x0000000089c00000, 0x0000000089d00000, 0x0000000089d00000|100%| E|  |TAMS 0x0000000089c00000| PB 0x0000000089c00000| Complete 
| 127|0x0000000089d00000, 0x0000000089e00000, 0x0000000089e00000|100%| E|CS|TAMS 0x0000000089d00000| PB 0x0000000089d00000| Complete 

Card table byte_map: [0x0000022d65b70000,0x0000022d65f70000] _byte_map_base: 0x0000022d65761000

Marking Bits: (CMBitMap*) 0x0000022d4e6f9950
 Bits: [0x0000022d66370000, 0x0000022d682f8000)

Polling page: 0x0000022d4c480000

Metaspace:

Usage:
  Non-class:     17.82 MB used.
      Class:      2.43 MB used.
       Both:     20.25 MB used.

Virtual space:
  Non-class space:       64.00 MB reserved,      18.00 MB ( 28%) committed,  1 nodes.
      Class space:        1.00 GB reserved,       2.56 MB ( <1%) committed,  1 nodes.
             Both:        1.06 GB reserved,      20.56 MB (  2%) committed. 

Chunk freelists:
   Non-Class:  1.12 MB
       Class:  1.41 MB
        Both:  2.53 MB

MaxMetaspaceSize: unlimited
CompressedClassSpaceSize: 1.00 GB
Initial GC threshold: 21.00 MB
Current GC threshold: 21.00 MB
CDS: on
MetaspaceReclaimPolicy: balanced
 - commit_granule_bytes: 65536.
 - commit_granule_words: 8192.
 - virtual_space_node_default_size: 8388608.
 - enlarge_chunks_in_place: 1.
 - new_chunks_are_fully_committed: 0.
 - uncommit_free_chunks: 1.
 - use_allocation_guard: 0.


Internal statistics:

num_allocs_failed_limit: 0.
num_arena_births: 272.
num_arena_deaths: 0.
num_vsnodes_births: 2.
num_vsnodes_deaths: 0.
num_space_committed: 329.
num_space_uncommitted: 0.
num_chunks_returned_to_freelist: 0.
num_chunks_taken_from_freelist: 981.
num_chunk_merges: 0.
num_chunk_splits: 674.
num_chunks_enlarged: 521.
num_inconsistent_stats: 0.

CodeHeap 'non-profiled nmethods': size=120000Kb used=1078Kb max_used=1078Kb free=118921Kb
 bounds [0x0000022d5e240000, 0x0000022d5e4b0000, 0x0000022d65770000]
CodeHeap 'profiled nmethods': size=120000Kb used=6318Kb max_used=6318Kb free=113681Kb
 bounds [0x0000022d56770000, 0x0000022d56da0000, 0x0000022d5dca0000]
CodeHeap 'non-nmethods': size=5760Kb used=1471Kb max_used=1499Kb free=4288Kb
 bounds [0x0000022d5dca0000, 0x0000022d5df10000, 0x0000022d5e240000]
 total_blobs=3569 nmethods=3067 adapters=412
 compilation: enabled
              stopped_count=0, restarted_count=0
 full_count=0

Compilation events (20 events):
Event: 6.111 Thread 0x0000022d6a7df940 3043       3       org.springframework.boot.autoconfigure.condition.ConditionMessage$Style$2::applyToItem (6 bytes)
Event: 6.113 Thread 0x0000022d6a7df940 nmethod 3043 0x0000022d56d88290 code [0x0000022d56d885e0, 0x0000022d56d89c60]
Event: 6.114 Thread 0x0000022d6a7df940 3044       1       org.springframework.beans.factory.support.AbstractBeanFactory::getBeanClassLoader (5 bytes)
Event: 6.114 Thread 0x0000022d6a7df940 nmethod 3044 0x0000022d5e34bc10 code [0x0000022d5e34bd80, 0x0000022d5e34be48]
Event: 6.114 Thread 0x0000022d6a7df940 3045       3       org.springframework.beans.factory.support.DefaultListableBeanFactory::getBeanDefinition (57 bytes)
Event: 6.115 Thread 0x0000022d6a7df940 nmethod 3045 0x0000022d56d8a410 code [0x0000022d56d8a600, 0x0000022d56d8ac50]
Event: 6.119 Thread 0x0000022d6a7df940 3046       3       org.springframework.core.env.SystemEnvironmentPropertySource::resolvePropertyName (45 bytes)
Event: 6.120 Thread 0x0000022d6a7df940 nmethod 3046 0x0000022d56d8ae90 code [0x0000022d56d8b0c0, 0x0000022d56d8b7c8]
Event: 6.120 Thread 0x0000022d6a7df940 3047       3       java.lang.String::toUpperCase (8 bytes)
Event: 6.121 Thread 0x0000022d6a7df940 nmethod 3047 0x0000022d56d8ba90 code [0x0000022d56d8bc60, 0x0000022d56d8bff0]
Event: 6.121 Thread 0x0000022d6a7df940 3048       3       java.lang.ProcessEnvironment::get (6 bytes)
Event: 6.121 Thread 0x0000022d6a7df940 nmethod 3048 0x0000022d56d8c110 code [0x0000022d56d8c2e0, 0x0000022d56d8c878]
Event: 6.121 Thread 0x0000022d6a7df940 3049       3       java.lang.ProcessEnvironment::get (12 bytes)
Event: 6.122 Thread 0x0000022d6a7df940 nmethod 3049 0x0000022d56d8ca90 code [0x0000022d56d8cc60, 0x0000022d56d8d198]
Event: 6.122 Thread 0x0000022d6a7df940 3050       3       org.springframework.boot.autoconfigure.condition.OnBeanCondition$Spec::merge (7 bytes)
Event: 6.122 Thread 0x0000022d6a7df940 nmethod 3050 0x0000022d56d8d310 code [0x0000022d56d8d4a0, 0x0000022d56d8d5d8]
Event: 6.134 Thread 0x0000022d6a7df940 3051       3       sun.reflect.annotation.AnnotationParser::parseArrayElements (105 bytes)
Event: 6.135 Thread 0x0000022d6a7df940 nmethod 3051 0x0000022d56d8d690 code [0x0000022d56d8d8a0, 0x0000022d56d8e190]
Event: 6.136 Thread 0x0000022d6a7df940 3052       3       org.springframework.core.ResolvableType$DefaultVariableResolver::resolveVariable (9 bytes)
Event: 6.137 Thread 0x0000022d6a7df940 nmethod 3052 0x0000022d56d8e410 code [0x0000022d56d8e5a0, 0x0000022d56d8e6d8]

GC Heap History (6 events):
Event: 1.163 GC heap before
{Heap before GC invocations=0 (full 0):
 garbage-first heap   total 131072K, used 14336K [0x0000000081e00000, 0x0000000100000000)
  region size 1024K, 13 young (13312K), 0 survivors (0K)
 Metaspace       used 3830K, committed 4032K, reserved 1114112K
  class space    used 404K, committed 512K, reserved 1048576K
}
Event: 1.172 GC heap after
{Heap after GC invocations=1 (full 0):
 garbage-first heap   total 131072K, used 6357K [0x0000000081e00000, 0x0000000100000000)
  region size 1024K, 2 young (2048K), 2 survivors (2048K)
 Metaspace       used 3830K, committed 4032K, reserved 1114112K
  class space    used 404K, committed 512K, reserved 1048576K
}
Event: 2.277 GC heap before
{Heap before GC invocations=1 (full 0):
 garbage-first heap   total 131072K, used 19669K [0x0000000081e00000, 0x0000000100000000)
  region size 1024K, 15 young (15360K), 2 survivors (2048K)
 Metaspace       used 7859K, committed 8128K, reserved 1114112K
  class space    used 929K, committed 1024K, reserved 1048576K
}
Event: 2.283 GC heap after
{Heap after GC invocations=2 (full 0):
 garbage-first heap   total 131072K, used 7769K [0x0000000081e00000, 0x0000000100000000)
  region size 1024K, 2 young (2048K), 2 survivors (2048K)
 Metaspace       used 7859K, committed 8128K, reserved 1114112K
  class space    used 929K, committed 1024K, reserved 1048576K
}
Event: 3.430 GC heap before
{Heap before GC invocations=2 (full 0):
 garbage-first heap   total 131072K, used 34393K [0x0000000081e00000, 0x0000000100000000)
  region size 1024K, 29 young (29696K), 2 survivors (2048K)
 Metaspace       used 15216K, committed 15488K, reserved 1114112K
  class space    used 1810K, committed 1920K, reserved 1048576K
}
Event: 3.437 GC heap after
{Heap after GC invocations=3 (full 0):
 garbage-first heap   total 131072K, used 9887K [0x0000000081e00000, 0x0000000100000000)
  region size 1024K, 4 young (4096K), 4 survivors (4096K)
 Metaspace       used 15216K, committed 15488K, reserved 1114112K
  class space    used 1810K, committed 1920K, reserved 1048576K
}

Dll operation events (11 events):
Event: 0.072 Loaded shared library C:\Program Files\Java\jdk-20\bin\java.dll
Event: 0.138 Loaded shared library C:\Program Files\Java\jdk-20\bin\jsvml.dll
Event: 0.368 Loaded shared library C:\Program Files\Java\jdk-20\bin\zip.dll
Event: 0.373 Loaded shared library C:\Program Files\Java\jdk-20\bin\instrument.dll
Event: 0.385 Loaded shared library C:\Program Files\Java\jdk-20\bin\net.dll
Event: 0.388 Loaded shared library C:\Program Files\Java\jdk-20\bin\nio.dll
Event: 0.395 Loaded shared library C:\Program Files\Java\jdk-20\bin\zip.dll
Event: 0.612 Loaded shared library C:\Program Files\JetBrains\IntelliJ IDEA Community Edition 2023.1.2\bin\breakgen64.dll
Event: 0.627 Loaded shared library C:\Program Files\Java\jdk-20\bin\extnet.dll
Event: 0.691 Loaded shared library C:\Program Files\Java\jdk-20\bin\jimage.dll
Event: 2.997 Loaded shared library C:\Program Files\Java\jdk-20\bin\verify.dll

Deoptimization events (20 events):
Event: 4.933 Thread 0x0000022d4e69b440 DEOPT PACKING pc=0x0000022d5e2f2b70 sp=0x0000002f96efdf00
Event: 4.933 Thread 0x0000022d4e69b440 DEOPT UNPACKING pc=0x0000022d5dd09d22 sp=0x0000002f96efddd8 mode 2
Event: 4.982 Thread 0x0000022d4e69b440 DEOPT PACKING pc=0x0000022d567cb3b1 sp=0x0000002f96efe2e0
Event: 4.982 Thread 0x0000022d4e69b440 DEOPT UNPACKING pc=0x0000022d5dd0a4c2 sp=0x0000002f96efd7e0 mode 0
Event: 5.685 Thread 0x0000022d4e69b440 Uncommon trap: trap_request=0xffffffde fr.pc=0x0000022d5e24baa0 relative=0x00000000000001a0
Event: 5.685 Thread 0x0000022d4e69b440 Uncommon trap: reason=class_check action=maybe_recompile pc=0x0000022d5e24baa0 method=java.lang.String.equals(Ljava/lang/Object;)Z @ 8 c2
Event: 5.685 Thread 0x0000022d4e69b440 DEOPT PACKING pc=0x0000022d5e24baa0 sp=0x0000002f96efea90
Event: 5.685 Thread 0x0000022d4e69b440 DEOPT UNPACKING pc=0x0000022d5dd09d22 sp=0x0000002f96efea18 mode 2
Event: 5.685 Thread 0x0000022d4e69b440 Uncommon trap: trap_request=0xffffffde fr.pc=0x0000022d5e24baa0 relative=0x00000000000001a0
Event: 5.685 Thread 0x0000022d4e69b440 Uncommon trap: reason=class_check action=maybe_recompile pc=0x0000022d5e24baa0 method=java.lang.String.equals(Ljava/lang/Object;)Z @ 8 c2
Event: 5.685 Thread 0x0000022d4e69b440 DEOPT PACKING pc=0x0000022d5e24baa0 sp=0x0000002f96efea90
Event: 5.685 Thread 0x0000022d4e69b440 DEOPT UNPACKING pc=0x0000022d5dd09d22 sp=0x0000002f96efea18 mode 2
Event: 5.685 Thread 0x0000022d4e69b440 Uncommon trap: trap_request=0xffffffde fr.pc=0x0000022d5e24baa0 relative=0x00000000000001a0
Event: 5.685 Thread 0x0000022d4e69b440 Uncommon trap: reason=class_check action=maybe_recompile pc=0x0000022d5e24baa0 method=java.lang.String.equals(Ljava/lang/Object;)Z @ 8 c2
Event: 5.685 Thread 0x0000022d4e69b440 DEOPT PACKING pc=0x0000022d5e24baa0 sp=0x0000002f96efea90
Event: 5.685 Thread 0x0000022d4e69b440 DEOPT UNPACKING pc=0x0000022d5dd09d22 sp=0x0000002f96efea18 mode 2
Event: 5.687 Thread 0x0000022d4e69b440 Uncommon trap: trap_request=0xffffffde fr.pc=0x0000022d5e24baa0 relative=0x00000000000001a0
Event: 5.687 Thread 0x0000022d4e69b440 Uncommon trap: reason=class_check action=maybe_recompile pc=0x0000022d5e24baa0 method=java.lang.String.equals(Ljava/lang/Object;)Z @ 8 c2
Event: 5.687 Thread 0x0000022d4e69b440 DEOPT PACKING pc=0x0000022d5e24baa0 sp=0x0000002f96efe750
Event: 5.687 Thread 0x0000022d4e69b440 DEOPT UNPACKING pc=0x0000022d5dd09d22 sp=0x0000002f96efe6d8 mode 2

Classes loaded (20 events):
Event: 3.922 Loading class javax/naming/directory/DirContext done
Event: 3.922 Loading class javax/naming/ldap/LdapContext done
Event: 4.374 Loading class java/beans/PropertyVetoException
Event: 4.374 Loading class java/beans/PropertyVetoException done
Event: 5.573 Loading class java/util/stream/Streams$ConcatSpliterator$OfRef
Event: 5.573 Loading class java/util/stream/Streams$ConcatSpliterator
Event: 5.573 Loading class java/util/stream/Streams$ConcatSpliterator done
Event: 5.573 Loading class java/util/stream/Streams$ConcatSpliterator$OfRef done
Event: 5.574 Loading class java/util/stream/Streams$2
Event: 5.574 Loading class java/util/stream/Streams$2 done
Event: 5.657 Loading class java/util/stream/ReferencePipeline$15
Event: 5.657 Loading class java/util/stream/ReferencePipeline$15 done
Event: 5.659 Loading class java/util/stream/ReferencePipeline$15$1
Event: 5.659 Loading class java/util/stream/ReferencePipeline$15$1 done
Event: 5.767 Loading class sun/reflect/generics/tree/BooleanSignature
Event: 5.767 Loading class sun/reflect/generics/tree/BooleanSignature done
Event: 6.109 Loading class java/lang/UnsupportedClassVersionError
Event: 6.109 Loading class java/lang/ClassFormatError
Event: 6.109 Loading class java/lang/ClassFormatError done
Event: 6.109 Loading class java/lang/UnsupportedClassVersionError done

Classes unloaded (0 events):
No events

Classes redefined (0 events):
No events

Internal exceptions (20 events):
Event: 2.431 Thread 0x0000022d4e69b440 Exception <a 'java/lang/NoSuchMethodError'{0x0000000089b7b4f8}: 'java.lang.Object java.lang.invoke.DirectMethodHandle$Holder.invokeStaticInit(java.lang.Object, long, java.lang.Object)'> (0x0000000089b7b4f8) 
thrown [s\open\src\hotspot\share\interpreter\linkResolver.cpp, line 773]
Event: 2.432 Thread 0x0000022d4e69b440 Exception <a 'java/lang/NoSuchMethodError'{0x0000000089b814a0}: 'java.lang.Object java.lang.invoke.DirectMethodHandle$Holder.newInvokeSpecial(java.lang.Object, long)'> (0x0000000089b814a0) 
thrown [s\open\src\hotspot\share\interpreter\linkResolver.cpp, line 773]
Event: 2.504 Thread 0x0000022d4e69b440 Exception <a 'java/lang/NoSuchMethodError'{0x0000000089bc0ba0}: 'void java.lang.invoke.DirectMethodHandle$Holder.invokeVirtual(java.lang.Object, java.lang.Object, java.lang.Object, java.lang.Object)'> (0x0000000089bc0ba0) 
thrown [s\open\src\hotspot\share\interpreter\linkResolver.cpp, line 773]
Event: 2.722 Thread 0x0000022d4e69b440 Exception <a 'java/lang/NoSuchMethodError'{0x0000000089ae29e0}: 'void java.lang.invoke.DirectMethodHandle$Holder.invokeSpecial(java.lang.Object, java.lang.Object, java.lang.Object)'> (0x0000000089ae29e0) 
thrown [s\open\src\hotspot\share\interpreter\linkResolver.cpp, line 773]
Event: 2.745 Thread 0x0000022d4e69b440 Exception <a 'java/lang/IncompatibleClassChangeError'{0x0000000089913528}: Found class java.lang.Object, but interface was expected> (0x0000000089913528) 
thrown [s\open\src\hotspot\share\interpreter\linkResolver.cpp, line 840]
Event: 2.755 Thread 0x0000022d4e69b440 Exception <a 'java/lang/NoSuchMethodError'{0x0000000089926490}: 'java.lang.Object java.lang.invoke.DirectMethodHandle$Holder.invokeStaticInit(java.lang.Object, int)'> (0x0000000089926490) 
thrown [s\open\src\hotspot\share\interpreter\linkResolver.cpp, line 773]
Event: 2.787 Thread 0x0000022d6f953cf0 Exception <a 'java/lang/NoClassDefFoundError'{0x0000000089954b30}: jakarta/validation/Validation> (0x0000000089954b30) 
thrown [s\open\src\hotspot\share\classfile\systemDictionary.cpp, line 294]
Event: 2.790 Thread 0x0000022d4e69b440 Exception <a 'java/lang/NoSuchMethodError'{0x0000000089931538}: 'java.lang.Object java.lang.invoke.DirectMethodHandle$Holder.invokeStatic(java.lang.Object, int, java.lang.Object)'> (0x0000000089931538) 
thrown [s\open\src\hotspot\share\interpreter\linkResolver.cpp, line 773]
Event: 2.791 Thread 0x0000022d4e69b440 Exception <a 'java/lang/NoSuchMethodError'{0x0000000089934b88}: 'java.lang.Object java.lang.invoke.DirectMethodHandle$Holder.invokeStaticInit(java.lang.Object, int, java.lang.Object)'> (0x0000000089934b88) 
thrown [s\open\src\hotspot\share\interpreter\linkResolver.cpp, line 773]
Event: 3.047 Thread 0x0000022d4e69b440 Exception <a 'java/lang/NoSuchMethodError'{0x0000000088f47c18}: 'int java.lang.invoke.Invokers$Holder.invokeExact_MT(java.lang.Object, java.lang.Object)'> (0x0000000088f47c18) 
thrown [s\open\src\hotspot\share\interpreter\linkResolver.cpp, line 773]
Event: 3.469 Thread 0x0000022d4e69b440 Exception <a 'java/lang/NoSuchMethodError'{0x0000000089d47c80}: 'int java.lang.invoke.DirectMethodHandle$Holder.invokeSpecial(java.lang.Object, java.lang.Object, java.lang.Object, java.lang.Object, java.lang.Object)'> (0x0000000089d47c80) 
thrown [s\open\src\hotspot\share\interpreter\linkResolver.cpp, line 773]
Event: 3.473 Thread 0x0000022d4e69b440 Exception <a 'java/lang/NoSuchMethodError'{0x0000000089d508b0}: 'void java.lang.invoke.DirectMethodHandle$Holder.invokeVirtual(java.lang.Object, java.lang.Object)'> (0x0000000089d508b0) 
thrown [s\open\src\hotspot\share\interpreter\linkResolver.cpp, line 773]
Event: 3.512 Thread 0x0000022d6f953cf0 Exception <a 'java/lang/NoSuchMethodError'{0x0000000089cfba00}: 'long java.lang.invoke.DirectMethodHandle$Holder.invokeSpecial(java.lang.Object, java.lang.Object)'> (0x0000000089cfba00) 
thrown [s\open\src\hotspot\share\interpreter\linkResolver.cpp, line 773]
Event: 3.522 Thread 0x0000022d6f953cf0 Exception <a 'java/lang/NoSuchMethodError'{0x0000000089b1af08}: 'long java.lang.invoke.DirectMethodHandle$Holder.invokeStatic(java.lang.Object, java.lang.Object)'> (0x0000000089b1af08) 
thrown [s\open\src\hotspot\share\interpreter\linkResolver.cpp, line 773]
Event: 3.522 Thread 0x0000022d6f953cf0 Exception <a 'java/lang/NoSuchMethodError'{0x0000000089b1e270}: 'long java.lang.invoke.DirectMethodHandle$Holder.invokeStaticInit(java.lang.Object, java.lang.Object)'> (0x0000000089b1e270) 
thrown [s\open\src\hotspot\share\interpreter\linkResolver.cpp, line 773]
Event: 3.527 Thread 0x0000022d6f953cf0 Exception <a 'java/lang/NoSuchMethodError'{0x0000000089b2bf28}: 'long java.lang.invoke.DirectMethodHandle$Holder.invokeInterface(java.lang.Object, java.lang.Object)'> (0x0000000089b2bf28) 
thrown [s\open\src\hotspot\share\interpreter\linkResolver.cpp, line 773]
Event: 3.528 Thread 0x0000022d6f953cf0 Exception <a 'java/lang/IncompatibleClassChangeError'{0x0000000089b2f1d8}: Found class java.lang.Object, but interface was expected> (0x0000000089b2f1d8) 
thrown [s\open\src\hotspot\share\interpreter\linkResolver.cpp, line 840]
Event: 3.548 Thread 0x0000022d6f953cf0 Exception <a 'java/lang/NoSuchMethodError'{0x0000000089a1aff8}: 'java.lang.Object java.lang.invoke.DirectMethodHandle$Holder.invokeVirtual(java.lang.Object, java.lang.Object, java.lang.Object, java.lang.Object)'> (0x0000000089a1aff8) 
thrown [s\open\src\hotspot\share\interpreter\linkResolver.cpp, line 773]
Event: 3.991 Thread 0x0000022d4e69b440 Exception <a 'java/lang/IncompatibleClassChangeError'{0x0000000089237b90}: Found class java.lang.Object, but interface was expected> (0x0000000089237b90) 
thrown [s\open\src\hotspot\share\interpreter\linkResolver.cpp, line 840]
Event: 4.054 Thread 0x0000022d4e69b440 Exception <a 'java/lang/NoSuchMethodError'{0x000000008915ea38}: 'void java.lang.invoke.DirectMethodHandle$Holder.invokeInterface(java.lang.Object, java.lang.Object, java.lang.Object, java.lang.Object)'> (0x000000008915ea38) 
thrown [s\open\src\hotspot\share\interpreter\linkResolver.cpp, line 773]

VM Operations (20 events):
Event: 3.259 Executing VM operation: HandshakeAllThreads
Event: 3.259 Executing VM operation: HandshakeAllThreads done
Event: 3.388 Executing VM operation: ICBufferFull
Event: 3.388 Executing VM operation: ICBufferFull done
Event: 3.424 Executing VM operation: HandshakeAllThreads
Event: 3.424 Executing VM operation: HandshakeAllThreads done
Event: 3.430 Executing VM operation: G1CollectForAllocation
Event: 3.437 Executing VM operation: G1CollectForAllocation done
Event: 4.100 Executing VM operation: ICBufferFull
Event: 4.101 Executing VM operation: ICBufferFull done
Event: 5.108 Executing VM operation: Cleanup
Event: 5.109 Executing VM operation: Cleanup done
Event: 5.268 Executing VM operation: HandshakeAllThreads
Event: 5.268 Executing VM operation: HandshakeAllThreads done
Event: 5.337 Executing VM operation: HandshakeAllThreads
Event: 5.337 Executing VM operation: HandshakeAllThreads done
Event: 5.337 Executing VM operation: HandshakeAllThreads
Event: 5.338 Executing VM operation: HandshakeAllThreads done
Event: 6.074 Executing VM operation: ICBufferFull
Event: 6.074 Executing VM operation: ICBufferFull done

Events (20 events):
Event: 0.138 Thread 0x0000022d4e69b440 Thread added: 0x0000022d4e69b440
Event: 0.172 Thread 0x0000022d6a7c6a50 Thread added: 0x0000022d6a7c6a50
Event: 0.173 Thread 0x0000022d6a7c79f0 Thread added: 0x0000022d6a7c79f0
Event: 0.173 Thread 0x0000022d6a7cf910 Thread added: 0x0000022d6a7cf910
Event: 0.173 Thread 0x0000022d6a7d3370 Thread added: 0x0000022d6a7d3370
Event: 0.173 Thread 0x0000022d6a7d40d0 Thread added: 0x0000022d6a7d40d0
Event: 0.174 Thread 0x0000022d6a7d5350 Thread added: 0x0000022d6a7d5350
Event: 0.174 Thread 0x0000022d6a7d6900 Thread added: 0x0000022d6a7d6900
Event: 0.174 Thread 0x0000022d6a7df940 Thread added: 0x0000022d6a7df940
Event: 0.293 Thread 0x0000022d6a796450 Thread added: 0x0000022d6a796450
Event: 0.491 Thread 0x0000022d6ef0af60 Thread added: 0x0000022d6ef0af60
Event: 0.613 Thread 0x0000022d6eeea470 Thread added: 0x0000022d6eeea470
Event: 0.613 Thread 0x0000022d6eeea9c0 Thread added: 0x0000022d6eeea9c0
Event: 1.158 Thread 0x0000022d6ef0af60 Thread exited: 0x0000022d6ef0af60
Event: 1.267 Thread 0x0000022d6f190420 Thread added: 0x0000022d6f190420
Event: 1.399 Thread 0x0000022d6f190420 Thread exited: 0x0000022d6f190420
Event: 2.738 Thread 0x0000022d6f953cf0 Thread added: 0x0000022d6f953cf0
Event: 3.552 Thread 0x0000022d6f953cf0 Thread exited: 0x0000022d6f953cf0
Event: 3.884 Thread 0x0000022d6fa8a040 Thread added: 0x0000022d6fa8a040
Event: 3.939 Thread 0x0000022d6fa8a040 Thread exited: 0x0000022d6fa8a040


Dynamic libraries:
0x00007ff6d7c50000 - 0x00007ff6d7c60000 	C:\Program Files\Java\jdk-20\bin\java.exe
0x00007ffe93af0000 - 0x00007ffe93ce8000 	C:\Windows\SYSTEM32\ntdll.dll
0x00007ffe937a0000 - 0x00007ffe9385d000 	C:\Windows\System32\KERNEL32.DLL
0x00007ffe911d0000 - 0x00007ffe914c6000 	C:\Windows\System32\KERNELBASE.dll
0x00007ffe917d0000 - 0x00007ffe918d0000 	C:\Windows\System32\ucrtbase.dll
0x00007ffe824a0000 - 0x00007ffe824b9000 	C:\Program Files\Java\jdk-20\bin\jli.dll
0x00007ffe82480000 - 0x00007ffe8249b000 	C:\Program Files\Java\jdk-20\bin\VCRUNTIME140.dll
0x00007ffe93570000 - 0x00007ffe9361f000 	C:\Windows\System32\ADVAPI32.dll
0x00007ffe920a0000 - 0x00007ffe9213e000 	C:\Windows\System32\msvcrt.dll
0x00007ffe93700000 - 0x00007ffe9379c000 	C:\Windows\System32\sechost.dll
0x00007ffe929c0000 - 0x00007ffe92ae6000 	C:\Windows\System32\RPCRT4.dll
0x00007ffe93910000 - 0x00007ffe93aae000 	C:\Windows\System32\USER32.dll
0x00007ffe91520000 - 0x00007ffe91542000 	C:\Windows\System32\win32u.dll
0x00007ffe92af0000 - 0x00007ffe92b1c000 	C:\Windows\System32\GDI32.dll
0x00007ffe918d0000 - 0x00007ffe919ea000 	C:\Windows\System32\gdi32full.dll
0x00007ffe91730000 - 0x00007ffe917cd000 	C:\Windows\System32\msvcp_win.dll
0x00007ffe82e10000 - 0x00007ffe830aa000 	C:\Windows\WinSxS\amd64_microsoft.windows.common-controls_6595b64144ccf1df_6.0.19041.3636_none_60b6a03d71f818d5\COMCTL32.dll
0x00007ffe87e40000 - 0x00007ffe87e4a000 	C:\Windows\SYSTEM32\VERSION.dll
0x00007ffe93620000 - 0x00007ffe93650000 	C:\Windows\System32\IMM32.DLL
0x00007ffe82450000 - 0x00007ffe8245c000 	C:\Program Files\Java\jdk-20\bin\vcruntime140_1.dll
0x00007ffe823c0000 - 0x00007ffe8244e000 	C:\Program Files\Java\jdk-20\bin\msvcp140.dll
0x00007ffdff610000 - 0x00007ffe002a8000 	C:\Program Files\Java\jdk-20\bin\server\jvm.dll
0x00007ffe89680000 - 0x00007ffe89689000 	C:\Windows\SYSTEM32\WSOCK32.dll
0x00007ffe92ba0000 - 0x00007ffe92c0b000 	C:\Windows\System32\WS2_32.dll
0x00007ffe83e00000 - 0x00007ffe83e27000 	C:\Windows\SYSTEM32\WINMM.dll
0x00007ffe8f9e0000 - 0x00007ffe8f9f2000 	C:\Windows\SYSTEM32\kernel.appcore.dll
0x00007ffe823b0000 - 0x00007ffe823ba000 	C:\Program Files\Java\jdk-20\bin\jimage.dll
0x00007ffe80010000 - 0x00007ffe801f4000 	C:\Windows\SYSTEM32\DBGHELP.DLL
0x00007ffe82980000 - 0x00007ffe829b4000 	C:\Windows\SYSTEM32\dbgcore.DLL
0x00007ffe916a0000 - 0x00007ffe91722000 	C:\Windows\System32\bcryptPrimitives.dll
0x00007ffe8b850000 - 0x00007ffe8b85e000 	C:\Program Files\Java\jdk-20\bin\instrument.dll
0x00007ffe6c0e0000 - 0x00007ffe6c106000 	C:\Program Files\Java\jdk-20\bin\java.dll
0x00007ffe021a0000 - 0x00007ffe02277000 	C:\Program Files\Java\jdk-20\bin\jsvml.dll
0x00007ffe92270000 - 0x00007ffe929b4000 	C:\Windows\System32\SHELL32.dll
0x00007ffe8f180000 - 0x00007ffe8f91b000 	C:\Windows\SYSTEM32\windows.storage.dll
0x00007ffe92d90000 - 0x00007ffe930e4000 	C:\Windows\System32\combase.dll
0x00007ffe90a60000 - 0x00007ffe90a8d000 	C:\Windows\SYSTEM32\Wldp.dll
0x00007ffe93860000 - 0x00007ffe9390d000 	C:\Windows\System32\SHCORE.dll
0x00007ffe91f60000 - 0x00007ffe91fb5000 	C:\Windows\System32\shlwapi.dll
0x00007ffe91100000 - 0x00007ffe91125000 	C:\Windows\SYSTEM32\profapi.dll
0x00007ffe82460000 - 0x00007ffe82478000 	C:\Program Files\Java\jdk-20\bin\zip.dll
0x00007ffe82530000 - 0x00007ffe82543000 	C:\Program Files\Java\jdk-20\bin\net.dll
0x00007ffe898f0000 - 0x00007ffe899fa000 	C:\Windows\SYSTEM32\WINHTTP.dll
0x00007ffe90840000 - 0x00007ffe908aa000 	C:\Windows\system32\mswsock.dll
0x00007ffe82510000 - 0x00007ffe82526000 	C:\Program Files\Java\jdk-20\bin\nio.dll
0x00007ffe6f3b0000 - 0x00007ffe6f3ca000 	C:\Program Files\JetBrains\IntelliJ IDEA Community Edition 2023.1.2\bin\breakgen64.dll
0x00007ffe82500000 - 0x00007ffe82507000 	C:\Program Files\Java\jdk-20\bin\extnet.dll
0x00007ffe82390000 - 0x00007ffe823a0000 	C:\Program Files\Java\jdk-20\bin\verify.dll

dbghelp: loaded successfully - version: 4.0.5 - missing functions: none
symbol engine: initialized successfully - sym options: 0x614 - pdb path: .;C:\Program Files\Java\jdk-20\bin;C:\Windows\SYSTEM32;C:\Windows\WinSxS\amd64_microsoft.windows.common-controls_6595b64144ccf1df_6.0.19041.3636_none_60b6a03d71f818d5;C:\Program Files\Java\jdk-20\bin\server;C:\Program Files\JetBrains\IntelliJ IDEA Community Edition 2023.1.2\bin

VM Arguments:
jvm_args: -javaagent:C:\Program Files\JetBrains\IntelliJ IDEA Community Edition 2023.1.2\lib\idea_rt.jar=56143:C:\Program Files\JetBrains\IntelliJ IDEA Community Edition 2023.1.2\bin -Dfile.encoding=UTF-8 -Dsun.stdout.encoding=UTF-8 -Dsun.stderr.encoding=UTF-8 
java_command: com.exam.SecurityApplication
java_class_path (initial): G:\Project\ExamsBackEnd\BackEnd\ExamServer_Springboot\target\classes;C:\Users\D e r r y\.m2\repository\org\springframework\boot\spring-boot-starter-security\3.0.4\spring-boot-starter-security-3.0.4.jar;C:\Users\D e r r y\.m2\repository\org\springframework\boot\spring-boot-starter\3.0.1\spring-boot-starter-3.0.1.jar;C:\Users\D e r r y\.m2\repository\org\springframework\boot\spring-boot\3.0.1\spring-boot-3.0.1.jar;C:\Users\D e r r y\.m2\repository\org\springframework\boot\spring-boot-autoconfigure\3.0.1\spring-boot-autoconfigure-3.0.1.jar;C:\Users\D e r r y\.m2\repository\org\springframework\boot\spring-boot-starter-logging\3.0.1\spring-boot-starter-logging-3.0.1.jar;C:\Users\D e r r y\.m2\repository\ch\qos\logback\logback-classic\1.4.5\logback-classic-1.4.5.jar;C:\Users\D e r r y\.m2\repository\ch\qos\logback\logback-core\1.4.5\logback-core-1.4.5.jar;C:\Users\D e r r y\.m2\repository\org\apache\logging\log4j\log4j-to-slf4j\2.19.0\log4j-to-slf4j-2.19.0.jar;C:\Users\D e r r y\.m2\repository\org\apache\logging\log4j\log4j-api\2.19.0\log4j-api-2.19.0.jar;C:\Users\D e r r y\.m2\repository\org\slf4j\jul-to-slf4j\2.0.6\jul-to-slf4j-2.0.6.jar;C:\Users\D e r r y\.m2\repository\jakarta\annotation\jakarta.annotation-api\2.1.1\jakarta.annotation-api-2.1.1.jar;C:\Users\D e r r y\.m2\repository\org\yaml\snakeyaml\1.33\snakeyaml-1.33.jar;C:\Users\D e r r y\.m2\repository\org\springframework\spring-aop\6.0.3\spring-aop-6.0.3.jar;C:\Users\D e r r y\.m2\repository\org\springframework\security\spring-security-config\6.0.1\spring-security-config-6.0.1.jar;C:\Users\D e r r y\.m2\repository\org\springframework\security\spring-security-web\6.0.1\spring-security-web-6.0.1.jar;C:\Users\D e r r y\.m2\repository\org\springframework\boot\spring-boot-starter-web\3.1.0\spring-boot-starter-web-3.1.0.jar;C:\Users\D e r r y\.m2\repository\org\springframework\boot\spring-boot-starter-json\3.0.1\spring-boot-starter-json-3.0.1.jar;C:\Users\D e r r y\.m2\repository\com\fasterxml\jackson\datatype\jackson-datatype-jdk8\2.14.1\jackson-datatype-jdk8-2.14.1.jar;C:\Users\D e r r y\.m2\repository\com\fasterxml\jackson\datatype\jackson-datatype-jsr310\2.14.1\jackson-datatype-jsr310-2.14.1.jar;C:\Users\D e r r y\.m2\repository\com\fasterxml\jackson\module\jackson-module-parameter-names\2.14.1\jackson-module-parameter-names-2.14.1.jar;C:\Users\D e r r y\.m2\repository\org\springframework\boot\spring-boot-starter-tomcat\3.0.1\spring-boot-starter-tomcat-3.0.1.jar;C:\Users\D e r r y\.m2\repository\org\apache\tomcat\embed\tomcat-embed-core\10.1.4\tomcat-embed-core-10.1.4.jar;C:\Users\D e r r y\.m2\repository\org\apache\tomcat\embed\tomcat-embed-el\10.1.4\tomcat-embed-el-10.1.4.jar;C:\Users\D e r r y\.m2\repository\org\apache\tomcat\embed\tomcat-embed-websocket\10.1.4\tomcat-embed-websocket-10.1.4.jar;C:\Users\D e r r y\.m2\repository\org\springframework\spring-web\6.0.3\spring-web-6.0.3.jar;C:\Users\D e r r y\.m2\repository\io\micrometer\micrometer-observation\1.10.2\micrometer-observation-1.10.2.jar;C:\Users\D e r r y\.m2\repository\io\micrometer\micrometer-commons\1.10.2\micrometer-commons-1.10.2.jar;C:\Users\D e r r y\.m2\repository\org\springframework\spring-webmvc\6.0.3\spring-webmvc-6.0.3.jar;C:\Users\D e r r y\.m2\repository\com\mysql\mysql-connector-j\8.0.32\mysql-connector-j-8.0.32.jar;C:\Users\D e r r y\.m2\repository\org\springframework\boot\spring-boot-starter-data-jpa\3.0.4\spring-boot-starter-data-jpa-3.0.4.jar;C:\Users\D e r r y\.m2\repository\org\springframework\boot\spring-boot-starter-aop\3.0.1\spring-boot-starter-aop-3.0.1.jar;C:\Users\D e r r y\.m2\repository\org\aspectj\aspectjweaver\1.9.19\aspectjweaver-1.9.19.jar;C:\Users\D e r r y\.m2\repository\org\springframework\boot\spring-boot-starter-jdbc\3.0.1\spring-boot-starter-jdbc-3.0.1.jar;C:\Users\D e r r y\.m2\repository\com\zaxxer\HikariCP\5.0.1\HikariCP-5.0.1.jar;C:\Users\D e r r y\.m2\repository\org\springframework\spring-jdbc\6.0.3\spring-jdbc-6.0.3.jar;C:\Users\D e r r y\.m2\repository\org\hibernate\orm\hibernate-core\6.1.6.Final\hibernate-core-6.1.6.Final.jar;C:\Users\D e r r y\.m2\repository\jakarta\persistence\jakarta.persistence-api\3.1.0\jakarta.persistence-api-3.1.0.jar;C:\Users\D e r r y\.m2\repository\jakarta\transaction\jakarta.transaction-api\2.0.1\jakarta.transaction-api-2.0.1.jar;C:\Users\D e r r y\.m2\repository\org\jboss\logging\jboss-logging\3.5.0.Final\jboss-logging-3.5.0.Final.jar;C:\Users\D e r r y\.m2\repository\org\hibernate\common\hibernate-commons-annotations\6.0.2.Final\hibernate-commons-annotations-6.0.2.Final.jar;C:\Users\D e r r y\.m2\repository\org\jboss\jandex\2.4.2.Final\jandex-2.4.2.Final.jar;C:\Users\D e r r y\.m2\repository\com\fasterxml\classmate\1.5.1\classmate-1.5.1.jar;C:\Users\D e r r y\.m2\repository\net\bytebuddy\byte-buddy\1.12.20\byte-buddy-1.12.20.jar;C:\Users\D e r r y\.m2\repository\org\glassfish\jaxb\jaxb-runtime\4.0.1\jaxb-runtime-4.0.1.jar;C:\Users\D e r r y\.m2\repository\org\glassfish\jaxb\jaxb-core\4.0.1\jaxb-core-4.0.1.jar;C:\Users\D e r r y\.m2\repository\org\eclipse\angus\angus-activation\1.0.0\angus-activation-1.0.0.jar;C:\Users\D e r r y\.m2\repository\org\glassfish\jaxb\txw2\4.0.1\txw2-4.0.1.jar;C:\Users\D e r r y\.m2\repository\com\sun\istack\istack-commons-runtime\4.1.1\istack-commons-runtime-4.1.1.jar;C:\Users\D e r r y\.m2\repository\jakarta\inject\jakarta.inject-api\2.0.0\jakarta.inject-api-2.0.0.jar;C:\Users\D e r r y\.m2\repository\org\antlr\antlr4-runtime\4.10.1\antlr4-runtime-4.10.1.jar;C:\Users\D e r r y\.m2\repository\org\springframework\data\spring-data-jpa\3.0.0\spring-data-jpa-3.0.0.jar;C:\Users\D e r r y\.m2\repository\org\springframework\data\spring-data-commons\3.0.0\spring-data-commons-3.0.0.jar;C:\Users\D e r r y\.m2\repository\org\springframework\spring-orm\6.0.3\spring-orm-6.0.3.jar;C:\Users\D e r r y\.m2\repository\org\springframework\spring-tx\6.0.3\spring-tx-6.0.3.jar;C:\Users\D e r r y\.m2\repository\org\slf4j\slf4j-api\2.0.6\slf4j-api-2.0.6.jar;C:\Users\D e r r y\.m2\repository\org\springframework\spring-aspects\6.0.3\spring-aspects-6.0.3.jar;C:\Users\D e r r y\.m2\repository\org\projectlombok\lombok\1.18.26\lombok-1.18.26.jar;C:\Users\D e r r y\.m2\repository\org\springframework\spring-context\6.0.9\spring-context-6.0.9.jar;C:\Users\D e r r y\.m2\repository\org\springframework\spring-beans\6.0.3\spring-beans-6.0.3.jar;C:\Users\D e r r y\.m2\repository\org\springframework\spring-core\6.0.3\spring-core-6.0.3.jar;C:\Users\D e r r y\.m2\repository\org\springframework\spring-jcl\6.0.3\spring-jcl-6.0.3.jar;C:\Users\D e r r y\.m2\repository\org\springframework\spring-expression\6.0.3\spring-expression-6.0.3.jar;C:\Users\D e r r y\.m2\repository\io\jsonwebtoken\jjwt-api\0.11.5\jjwt-api-0.11.5.jar;C:\Users\D e r r y\.m2\repository\io\jsonwebtoken\jjwt-impl\0.11.5\jjwt-impl-0.11.5.jar;C:\Users\D e r r y\.m2\repository\io\jsonwebtoken\jjwt-jackson\0.11.5\jjwt-jackson-0.11.5.jar;C:\Users\D e r r y\.m2\repository\com\fasterxml\jackson\core\jackson-databind\2.14.1\jackson-databind-2.14.1.jar;C:\Users\D e r r y\.m2\repository\com\fasterxml\jackson\core\jackson-annotations\2.14.1\jackson-annotations-2.14.1.jar;C:\Users\D e r r y\.m2\repository\com\fasterxml\jackson\core\jackson-core\2.14.1\jackson-core-2.14.1.jar;C:\Users\D e r r y\.m2\repository\jakarta\xml\bind\jakarta.xml.bind-api\4.0.0\jakarta.xml.bind-api-4.0.0.jar;C:\Users\D e r r y\.m2\repository\jakarta\activation\jakarta.activation-api\2.1.0\jakarta.activation-api-2.1.0.jar;C:\Users\D e r r y\.m2\repository\org\springframework\security\spring-security-core\6.0.1\spring-security-core-6.0.1.jar;C:\Users\D e r r y\.m2\repository\org\springframework\security\spring-security-crypto\6.0.1\spring-security-crypto-6.0.1.jar
Launcher Type: SUN_STANDARD

[Global flags]
     intx CICompilerCount                          = 3                                         {product} {ergonomic}
     uint ConcGCThreads                            = 1                                         {product} {ergonomic}
     uint G1ConcRefinementThreads                  = 4                                         {product} {ergonomic}
   size_t G1HeapRegionSize                         = 1048576                                   {product} {ergonomic}
    uintx GCDrainStackTargetSize                   = 64                                        {product} {ergonomic}
   size_t InitialHeapSize                          = 134217728                                 {product} {ergonomic}
   size_t MarkStackSize                            = 4194304                                   {product} {ergonomic}
   size_t MaxHeapSize                              = 2116026368                                {product} {ergonomic}
   size_t MaxNewSize                               = 1268776960                                {product} {ergonomic}
   size_t MinHeapDeltaBytes                        = 1048576                                   {product} {ergonomic}
   size_t MinHeapSize                              = 8388608                                   {product} {ergonomic}
    uintx NonNMethodCodeHeapSize                   = 5832780                                {pd product} {ergonomic}
    uintx NonProfiledCodeHeapSize                  = 122912730                              {pd product} {ergonomic}
    uintx ProfiledCodeHeapSize                     = 122912730                              {pd product} {ergonomic}
    uintx ReservedCodeCacheSize                    = 251658240                              {pd product} {ergonomic}
     bool SegmentedCodeCache                       = true                                      {product} {ergonomic}
   size_t SoftMaxHeapSize                          = 2116026368                             {manageable} {ergonomic}
     bool UseCompressedClassPointers               = true                           {product lp64_product} {ergonomic}
     bool UseCompressedOops                        = true                           {product lp64_product} {ergonomic}
     bool UseG1GC                                  = true                                      {product} {ergonomic}
     bool UseLargePagesIndividualAllocation        = false                                  {pd product} {ergonomic}

Logging:
Log output configuration:
 #0: stdout all=warning uptime,level,tags foldmultilines=false
 #1: stderr all=off uptime,level,tags foldmultilines=false

Environment Variables:
PATH=C:\Program Files\Common Files\Oracle\Java\javapath;C:\Program Files (x86)\Common Files\Oracle\Java\javapath;C:\Windows\system32;C:\Windows;C:\Windows\System32\Wbem;C:\Windows\System32\WindowsPowerShell\v1.0\;C:\Windows\System32\OpenSSH\;C:\Program Files\nodejs\;C:\Program Files\Git\cmd;C:\ProgramData\chocolatey\bin;C:\Program Files\apache-maven-3.9.4-bin\apache-maven-3.9.4\bin;C:\Program Files\dotnet\;C:\Users\D e r r y\anaconda3;C:\Users\D e r r y\anaconda3\Library\mingw-w64\bin;C:\Users\D e r r y\anaconda3\Library\usr\bin;C:\Users\D e r r y\anaconda3\Library\bin;C:\Users\D e r r y\anaconda3\Scripts;C:\Program Files\MySQL\MySQL Shell 8.0\bin\;C:\Users\D e r r y\AppData\Local\Microsoft\WindowsApps;C:\Program Files\JetBrains\IntelliJ IDEA Community Edition 2023.1.2\bin;;C:\Program Files\JetBrains\PyCharm Community Edition 2023.1.2\bin;;C:\Users\D e r r y\AppData\Roaming\npm;C:\Users\D e r r y\AppData\Local\Programs\Microsoft VS Code\bin;C:\Users\D e r r y\AppData\Local\Programs\MiKTeX\miktex\bin\x64\;C:\Users\D e r r y\AppData\Local\GitHubDesktop\bin;C:\Program Files\heroku\bin;C:\Program Files\bin
USERNAME=D e r r y
OS=Windows_NT
PROCESSOR_IDENTIFIER=Intel64 Family 6 Model 61 Stepping 4, GenuineIntel
TMP=C:\Users\DERRY~1\AppData\Local\Temp
TEMP=C:\Users\DERRY~1\AppData\Local\Temp




---------------  S Y S T E M  ---------------

OS:
 Windows 10 , 64 bit Build 19041 (10.0.19041.3636)
OS uptime: 1 days 0:01 hours
Hyper-V role detected

CPU: total 4 (initial active 4) (2 cores per cpu, 2 threads per core) family 6 model 61 stepping 4 microcode 0x2f, cx8, cmov, fxsr, ht, mmx, 3dnowpref, sse, sse2, sse3, ssse3, sse4.1, sse4.2, popcnt, lzcnt, tsc, tscinvbit, avx, avx2, aes, erms, clmul, bmi1, bmi2, rtm, adx, fma, vzeroupper, clflush, hv, rdtscp, f16c

Memory: 4k page, system-wide physical 8067M (418M free)
TotalPageFile size 10115M (AvailPageFile size 2M)
current process WorkingSet (physical memory assigned to process): 129M, peak: 129M
current process commit charge ("private bytes"): 246M, peak: 246M

vm_info: Java HotSpot(TM) 64-Bit Server VM (20.0.2+9-78) for windows-amd64 JRE (20.0.2+9-78), built on 2023-06-14T10:08:48Z by "mach5one" with MS VC++ 17.1 (VS2022)

END.
