#
# There is insufficient memory for the Java Runtime Environment to continue.
# Native memory allocation (malloc) failed to allocate 358000 bytes for Chunk::new
# Possible reasons:
#   The system is out of physical RAM or swap space
#   The process is running with CompressedOops enabled, and the Java Heap may be blocking the growth of the native heap
# Possible solutions:
#   Reduce memory load on the system
#   Increase physical memory or swap space
#   Check if swap backing store is full
#   Decrease Java heap size (-Xmx/-Xms)
#   Decrease number of Java threads
#   Decrease Java thread stack sizes (-Xss)
#   Set larger code cache with -XX:ReservedCodeCacheSize=
#   JVM is running with Unscaled Compressed Oops mode in which the Java heap is
#     placed in the first 4GB address space. The Java Heap base address is the
#     maximum limit for the native heap growth. Please use -XX:HeapBaseMinAddress
#     to set the Java Heap base and to place the Java Heap above 4GB virtual address.
# This output file may be truncated or incomplete.
#
#  Out of Memory Error (arena.cpp:184), pid=11452, tid=11808
#
# JRE version: Java(TM) SE Runtime Environment (20.0.2+9) (build 20.0.2+9-78)
# Java VM: Java HotSpot(TM) 64-Bit Server VM (20.0.2+9-78, mixed mode, sharing, tiered, compressed oops, compressed class ptrs, g1 gc, windows-amd64)
# No core dump will be written. Minidumps are not enabled by default on client versions of Windows
#

---------------  S U M M A R Y ------------

Command Line: -javaagent:C:\Program Files\JetBrains\IntelliJ IDEA Community Edition 2023.1.2\lib\idea_rt.jar=56814:C:\Program Files\JetBrains\IntelliJ IDEA Community Edition 2023.1.2\bin -Dfile.encoding=UTF-8 -Dsun.stdout.encoding=UTF-8 -Dsun.stderr.encoding=UTF-8 com.exam.SecurityApplication

Host: Intel(R) Core(TM) i5-5300U CPU @ 2.30GHz, 4 cores, 7G,  Windows 10 , 64 bit Build 19041 (10.0.19041.3636)
Time: Wed May 29 19:24:26 2024 Sao Tome Standard Time elapsed time: 4553.990644 seconds (0d 1h 15m 53s)

---------------  T H R E A D  ---------------

Current thread (0x000001e67ed5a110):  JavaThread "C2 CompilerThread0" daemon [_thread_in_native, id=11808, stack(0x00000064f3000000,0x00000064f3100000)]


Current CompileTask:
C2:4553990 13499   !   4       sun.nio.ch.SelectorImpl::lockAndDoSelect (87 bytes)

Stack: [0x00000064f3000000,0x00000064f3100000]
Native frames: (J=compiled Java code, j=interpreted, Vv=VM code, C=native code)
V  [jvm.dll+0x6bc25a]
V  [jvm.dll+0x84971a]
V  [jvm.dll+0x84b315]
V  [jvm.dll+0x84ba13]
V  [jvm.dll+0x280e4f]
V  [jvm.dll+0xc2ab1]
V  [jvm.dll+0xc2dd5]
V  [jvm.dll+0x3bb64c]
V  [jvm.dll+0x1e7109]
V  [jvm.dll+0x24b67b]
V  [jvm.dll+0x24a921]
V  [jvm.dll+0x1ce761]
V  [jvm.dll+0x25a0eb]
V  [jvm.dll+0x2587c0]
V  [jvm.dll+0x3f2dd5]
V  [jvm.dll+0x7f5c76]
V  [jvm.dll+0x6baecb]
C  [ucrtbase.dll+0x21bb2]
C  [KERNEL32.DLL+0x17344]
C  [ntdll.dll+0x526b1]


---------------  P R O C E S S  ---------------

Threads class SMR info:
_java_thread_list=0x000001e64a619b40, length=29, elements={
0x000001e67ed4da40, 0x000001e67ed4e9e0, 0x000001e67ed538e0, 0x000001e67ed57740,
0x000001e67ed58820, 0x000001e67ed59160, 0x000001e67ed5a110, 0x000001e67ed5c3e0,
0x000001e67ed1bfd0, 0x000001e6492e0870, 0x000001e6492e0dc0, 0x000001e64a9299a0,
0x000001e64a9269d0, 0x000001e64a929ef0, 0x000001e64a929450, 0x000001e64a926f20,
0x000001e64a9279c0, 0x000001e64a927f10, 0x000001e64a928460, 0x000001e64a9289b0,
0x000001e649b63bc0, 0x000001e649b5f160, 0x000001e649b5ec10, 0x000001e649b62bd0,
0x000001e649b64660, 0x000001e649b63670, 0x000001e649b5e6c0, 0x000001e649b63120,
0x000001e649b60150
}

Java Threads: ( => current thread )
  0x000001e67ed4da40 JavaThread "Reference Handler" daemon [_thread_blocked, id=11320, stack(0x00000064f2a00000,0x00000064f2b00000)]
  0x000001e67ed4e9e0 JavaThread "Finalizer" daemon [_thread_blocked, id=13484, stack(0x00000064f2b00000,0x00000064f2c00000)]
  0x000001e67ed538e0 JavaThread "Signal Dispatcher" daemon [_thread_blocked, id=15344, stack(0x00000064f2c00000,0x00000064f2d00000)]
  0x000001e67ed57740 JavaThread "Attach Listener" daemon [_thread_blocked, id=14232, stack(0x00000064f2d00000,0x00000064f2e00000)]
  0x000001e67ed58820 JavaThread "Service Thread" daemon [_thread_blocked, id=11376, stack(0x00000064f2e00000,0x00000064f2f00000)]
  0x000001e67ed59160 JavaThread "Monitor Deflation Thread" daemon [_thread_blocked, id=7156, stack(0x00000064f2f00000,0x00000064f3000000)]
=>0x000001e67ed5a110 JavaThread "C2 CompilerThread0" daemon [_thread_in_native, id=11808, stack(0x00000064f3000000,0x00000064f3100000)]
  0x000001e67ed5c3e0 JavaThread "C1 CompilerThread0" daemon [_thread_blocked, id=2760, stack(0x00000064f3100000,0x00000064f3200000)]
  0x000001e67ed1bfd0 JavaThread "Common-Cleaner" daemon [_thread_blocked, id=6796, stack(0x00000064f3200000,0x00000064f3300000)]
  0x000001e6492e0870 JavaThread "Monitor Ctrl-Break" daemon [_thread_in_native, id=12140, stack(0x00000064f3400000,0x00000064f3500000)]
  0x000001e6492e0dc0 JavaThread "Notification Thread" daemon [_thread_blocked, id=14976, stack(0x00000064f3500000,0x00000064f3600000)]
  0x000001e64a9299a0 JavaThread "mysql-cj-abandoned-connection-cleanup" daemon [_thread_blocked, id=11080, stack(0x00000064f3a00000,0x00000064f3b00000)]
  0x000001e64a9269d0 JavaThread "HikariPool-1 housekeeper" daemon [_thread_blocked, id=2296, stack(0x00000064f3c00000,0x00000064f3d00000)]
  0x000001e64a929ef0 JavaThread "Catalina-utility-1" [_thread_blocked, id=12832, stack(0x00000064f3e00000,0x00000064f3f00000)]
  0x000001e64a929450 JavaThread "Catalina-utility-2" [_thread_blocked, id=15260, stack(0x00000064f3f00000,0x00000064f4000000)]
  0x000001e64a926f20 JavaThread "container-0" [_thread_blocked, id=7788, stack(0x00000064f4000000,0x00000064f4100000)]
  0x000001e64a9279c0 JavaThread "http-nio-9191-exec-1" daemon [_thread_blocked, id=10576, stack(0x00000064f3d00000,0x00000064f3e00000)]
  0x000001e64a927f10 JavaThread "http-nio-9191-exec-2" daemon [_thread_blocked, id=12192, stack(0x00000064f4100000,0x00000064f4200000)]
  0x000001e64a928460 JavaThread "http-nio-9191-exec-3" daemon [_thread_blocked, id=11432, stack(0x00000064f4200000,0x00000064f4300000)]
  0x000001e64a9289b0 JavaThread "http-nio-9191-exec-4" daemon [_thread_blocked, id=10584, stack(0x00000064f4300000,0x00000064f4400000)]
  0x000001e649b63bc0 JavaThread "http-nio-9191-exec-5" daemon [_thread_blocked, id=13560, stack(0x00000064f4400000,0x00000064f4500000)]
  0x000001e649b5f160 JavaThread "http-nio-9191-exec-6" daemon [_thread_blocked, id=12788, stack(0x00000064f4500000,0x00000064f4600000)]
  0x000001e649b5ec10 JavaThread "http-nio-9191-exec-7" daemon [_thread_blocked, id=4812, stack(0x00000064f4600000,0x00000064f4700000)]
  0x000001e649b62bd0 JavaThread "http-nio-9191-exec-8" daemon [_thread_blocked, id=14428, stack(0x00000064f4700000,0x00000064f4800000)]
  0x000001e649b64660 JavaThread "http-nio-9191-exec-9" daemon [_thread_blocked, id=8768, stack(0x00000064f4800000,0x00000064f4900000)]
  0x000001e649b63670 JavaThread "http-nio-9191-exec-10" daemon [_thread_blocked, id=7932, stack(0x00000064f4900000,0x00000064f4a00000)]
  0x000001e649b5e6c0 JavaThread "http-nio-9191-Poller" daemon [_thread_in_native, id=1448, stack(0x00000064f4a00000,0x00000064f4b00000)]
  0x000001e649b63120 JavaThread "http-nio-9191-Acceptor" daemon [_thread_in_native, id=8608, stack(0x00000064f4b00000,0x00000064f4c00000)]
  0x000001e649b60150 JavaThread "DestroyJavaVM" [_thread_blocked, id=1968, stack(0x00000064f2300000,0x00000064f2400000)]

Other Threads:
  0x000001e67ed30300 VMThread "VM Thread" [stack: 0x00000064f2900000,0x00000064f2a00000] [id=13408]
  0x000001e6494fecf0 WatcherThread "VM Periodic Task Thread" [stack: 0x00000064f3600000,0x00000064f3700000] [id=11420]
  0x000001e664cae960 WorkerThread "GC Thread#0" [stack: 0x00000064f2400000,0x00000064f2500000] [id=5724]
  0x000001e6498ca1b0 WorkerThread "GC Thread#1" [stack: 0x00000064f3700000,0x00000064f3800000] [id=8728]
  0x000001e6498ca480 WorkerThread "GC Thread#2" [stack: 0x00000064f3800000,0x00000064f3900000] [id=13556]
  0x000001e6499c2d70 WorkerThread "GC Thread#3" [stack: 0x00000064f3900000,0x00000064f3a00000] [id=12064]
  0x000001e664cbf4b0 ConcurrentGCThread "G1 Main Marker" [stack: 0x00000064f2500000,0x00000064f2600000] [id=13276]
  0x000001e664cc0080 WorkerThread "G1 Conc#0" [stack: 0x00000064f2600000,0x00000064f2700000] [id=14932]
  0x000001e67ebe34d0 ConcurrentGCThread "G1 Refine#0" [stack: 0x00000064f2700000,0x00000064f2800000] [id=11196]
  0x000001e664d0c950 ConcurrentGCThread "G1 Service" [stack: 0x00000064f2800000,0x00000064f2900000] [id=13944]

Threads with active compile tasks:
C2 CompilerThread0  4554043 13499   !   4       sun.nio.ch.SelectorImpl::lockAndDoSelect (87 bytes)

VM state: not at safepoint (normal execution)

VM Mutex/Monitor currently owned by a thread: None

Heap address: 0x0000000081e00000, size: 2018 MB, Compressed Oops mode: 32-bit

CDS archive(s) mapped at: [0x000001e604000000-0x000001e604c60000-0x000001e604c60000), size 12976128, SharedBaseAddress: 0x000001e604000000, ArchiveRelocationMode: 1.
Compressed class space mapped at: 0x000001e605000000-0x000001e645000000, reserved size: 1073741824
Narrow klass base: 0x000001e604000000, Narrow klass shift: 0, Narrow klass range: 0x100000000

GC Precious Log:
 CardTable entry size: 512
 Card Set container configuration: InlinePtr #cards 5 size 8 Array Of Cards #cards 12 size 40 Howl #buckets 4 coarsen threshold 1843 Howl Bitmap #cards 512 size 80 coarsen threshold 460 Card regions per heap region 1 cards per card region 2048
 CPUs: 4 total, 4 available
 Memory: 8067M
 Large Page Support: Disabled
 NUMA Support: Disabled
 Compressed Oops: Enabled (32-bit)
 Heap Region Size: 1M
 Heap Min Capacity: 8M
 Heap Initial Capacity: 128M
 Heap Max Capacity: 2018M
 Pre-touch: Disabled
 Parallel Workers: 4
 Concurrent Workers: 1
 Concurrent Refinement Workers: 4
 Periodic GC: Disabled

Heap:
 garbage-first heap   total 61440K, used 52233K [0x0000000081e00000, 0x0000000100000000)
  region size 1024K, 23 young (23552K), 2 survivors (2048K)
 Metaspace       used 77293K, committed 78080K, reserved 1179648K
  class space    used 9742K, committed 10176K, reserved 1048576K

Heap Regions: E=young(eden), S=young(survivor), O=old, HS=humongous(starts), HC=humongous(continues), CS=collection set, F=free, OA=open archive, CA=closed archive, TAMS=top-at-mark-start, PB=parsable bottom
|   0|0x0000000081e00000, 0x0000000081f00000, 0x0000000081f00000|100%|HS|  |TAMS 0x0000000081e00000| PB 0x0000000081e00000| Complete 
|   1|0x0000000081f00000, 0x0000000082000000, 0x0000000082000000|100%| O|  |TAMS 0x0000000081f00000| PB 0x0000000081f00000| Untracked 
|   2|0x0000000082000000, 0x0000000082100000, 0x0000000082100000|100%| O|  |TAMS 0x0000000082000000| PB 0x0000000082000000| Untracked 
|   3|0x0000000082100000, 0x0000000082200000, 0x0000000082200000|100%| O|  |TAMS 0x0000000082100000| PB 0x0000000082100000| Untracked 
|   4|0x0000000082200000, 0x0000000082300000, 0x0000000082300000|100%| O|  |TAMS 0x0000000082200000| PB 0x0000000082200000| Untracked 
|   5|0x0000000082300000, 0x00000000823f4800, 0x0000000082400000| 95%| O|  |TAMS 0x0000000082300000| PB 0x0000000082300000| Untracked 
|   6|0x0000000082400000, 0x0000000082500000, 0x0000000082500000|100%| O|  |TAMS 0x0000000082400000| PB 0x0000000082400000| Untracked 
|   7|0x0000000082500000, 0x0000000082600000, 0x0000000082600000|100%| O|  |TAMS 0x0000000082500000| PB 0x0000000082500000| Untracked 
|   8|0x0000000082600000, 0x0000000082700000, 0x0000000082700000|100%| O|  |TAMS 0x0000000082600000| PB 0x0000000082600000| Untracked 
|   9|0x0000000082700000, 0x0000000082800000, 0x0000000082800000|100%| O|  |TAMS 0x0000000082700000| PB 0x0000000082700000| Untracked 
|  10|0x0000000082800000, 0x0000000082800000, 0x0000000082900000|  0%| F|  |TAMS 0x0000000082800000| PB 0x0000000082800000| Untracked 
|  11|0x0000000082900000, 0x0000000082a00000, 0x0000000082a00000|100%| O|  |TAMS 0x0000000082900000| PB 0x0000000082900000| Untracked 
|  12|0x0000000082a00000, 0x0000000082a75e00, 0x0000000082b00000| 46%| O|  |TAMS 0x0000000082a00000| PB 0x0000000082a00000| Untracked 
|  13|0x0000000082b00000, 0x0000000082c00000, 0x0000000082c00000|100%| O|  |TAMS 0x0000000082b00000| PB 0x0000000082b00000| Untracked 
|  14|0x0000000082c00000, 0x0000000082d00000, 0x0000000082d00000|100%| O|  |TAMS 0x0000000082c00000| PB 0x0000000082c00000| Untracked 
|  15|0x0000000082d00000, 0x0000000082e00000, 0x0000000082e00000|100%| O|  |TAMS 0x0000000082d00000| PB 0x0000000082d00000| Untracked 
|  16|0x0000000082e00000, 0x0000000082f00000, 0x0000000082f00000|100%| O|  |TAMS 0x0000000082e00000| PB 0x0000000082e00000| Untracked 
|  17|0x0000000082f00000, 0x0000000083000000, 0x0000000083000000|100%| O|  |TAMS 0x0000000082f00000| PB 0x0000000082f00000| Untracked 
|  18|0x0000000083000000, 0x0000000083100000, 0x0000000083100000|100%| O|  |TAMS 0x0000000083000000| PB 0x0000000083000000| Untracked 
|  19|0x0000000083100000, 0x0000000083200000, 0x0000000083200000|100%| O|  |TAMS 0x0000000083100000| PB 0x0000000083100000| Untracked 
|  20|0x0000000083200000, 0x0000000083300000, 0x0000000083300000|100%| O|  |TAMS 0x0000000083200000| PB 0x0000000083200000| Untracked 
|  21|0x0000000083300000, 0x0000000083300000, 0x0000000083400000|  0%| F|  |TAMS 0x0000000083300000| PB 0x0000000083300000| Untracked 
|  22|0x0000000083400000, 0x0000000083500000, 0x0000000083500000|100%| O|  |TAMS 0x0000000083400000| PB 0x0000000083400000| Untracked 
|  23|0x0000000083500000, 0x0000000083500000, 0x0000000083600000|  0%| F|  |TAMS 0x0000000083500000| PB 0x0000000083500000| Untracked 
|  24|0x0000000083600000, 0x0000000083700000, 0x0000000083700000|100%| O|  |TAMS 0x0000000083600000| PB 0x0000000083600000| Untracked 
|  25|0x0000000083700000, 0x0000000083800000, 0x0000000083800000|100%| O|  |TAMS 0x0000000083700000| PB 0x0000000083700000| Untracked 
|  26|0x0000000083800000, 0x0000000083897f20, 0x0000000083900000| 59%| S|CS|TAMS 0x0000000083800000| PB 0x0000000083800000| Complete 
|  27|0x0000000083900000, 0x0000000083a00000, 0x0000000083a00000|100%| S|CS|TAMS 0x0000000083900000| PB 0x0000000083900000| Complete 
|  28|0x0000000083a00000, 0x0000000083b00000, 0x0000000083b00000|100%| O|  |TAMS 0x0000000083a00000| PB 0x0000000083a00000| Untracked 
|  29|0x0000000083b00000, 0x0000000083c00000, 0x0000000083c00000|100%| O|  |TAMS 0x0000000083b00000| PB 0x0000000083b00000| Untracked 
|  30|0x0000000083c00000, 0x0000000083d00000, 0x0000000083d00000|100%| O|  |TAMS 0x0000000083c00000| PB 0x0000000083c00000| Untracked 
|  31|0x0000000083d00000, 0x0000000083e00000, 0x0000000083e00000|100%| O|  |TAMS 0x0000000083d00000| PB 0x0000000083d00000| Untracked 
|  32|0x0000000083e00000, 0x0000000083f00000, 0x0000000083f00000|100%| O|  |TAMS 0x0000000083e00000| PB 0x0000000083e00000| Untracked 
|  33|0x0000000083f00000, 0x0000000083f00000, 0x0000000084000000|  0%| F|  |TAMS 0x0000000083f00000| PB 0x0000000083f00000| Untracked 
|  34|0x0000000084000000, 0x0000000084100000, 0x0000000084100000|100%| O|  |TAMS 0x0000000084000000| PB 0x0000000084000000| Untracked 
|  35|0x0000000084100000, 0x0000000084200000, 0x0000000084200000|100%| O|  |TAMS 0x0000000084100000| PB 0x0000000084100000| Untracked 
|  36|0x0000000084200000, 0x0000000084200000, 0x0000000084300000|  0%| F|  |TAMS 0x0000000084200000| PB 0x0000000084200000| Untracked 
|  37|0x0000000084300000, 0x0000000084300000, 0x0000000084400000|  0%| F|  |TAMS 0x0000000084300000| PB 0x0000000084300000| Untracked 
|  38|0x0000000084400000, 0x00000000844c8c20, 0x0000000084500000| 78%| E|  |TAMS 0x0000000084400000| PB 0x0000000084400000| Complete 
|  39|0x0000000084500000, 0x0000000084600000, 0x0000000084600000|100%| E|CS|TAMS 0x0000000084500000| PB 0x0000000084500000| Complete 
|  40|0x0000000084600000, 0x0000000084700000, 0x0000000084700000|100%| E|  |TAMS 0x0000000084600000| PB 0x0000000084600000| Complete 
|  41|0x0000000084700000, 0x0000000084800000, 0x0000000084800000|100%| E|CS|TAMS 0x0000000084700000| PB 0x0000000084700000| Complete 
|  42|0x0000000084800000, 0x0000000084900000, 0x0000000084900000|100%| E|CS|TAMS 0x0000000084800000| PB 0x0000000084800000| Complete 
|  43|0x0000000084900000, 0x0000000084a00000, 0x0000000084a00000|100%| E|CS|TAMS 0x0000000084900000| PB 0x0000000084900000| Complete 
|  44|0x0000000084a00000, 0x0000000084b00000, 0x0000000084b00000|100%| E|CS|TAMS 0x0000000084a00000| PB 0x0000000084a00000| Complete 
|  45|0x0000000084b00000, 0x0000000084c00000, 0x0000000084c00000|100%| E|CS|TAMS 0x0000000084b00000| PB 0x0000000084b00000| Complete 
|  46|0x0000000084c00000, 0x0000000084d00000, 0x0000000084d00000|100%| E|CS|TAMS 0x0000000084c00000| PB 0x0000000084c00000| Complete 
|  47|0x0000000084d00000, 0x0000000084e00000, 0x0000000084e00000|100%| E|CS|TAMS 0x0000000084d00000| PB 0x0000000084d00000| Complete 
|  48|0x0000000084e00000, 0x0000000084f00000, 0x0000000084f00000|100%| E|CS|TAMS 0x0000000084e00000| PB 0x0000000084e00000| Complete 
|  49|0x0000000084f00000, 0x0000000085000000, 0x0000000085000000|100%| E|CS|TAMS 0x0000000084f00000| PB 0x0000000084f00000| Complete 
|  50|0x0000000085000000, 0x0000000085100000, 0x0000000085100000|100%| E|CS|TAMS 0x0000000085000000| PB 0x0000000085000000| Complete 
|  74|0x0000000086800000, 0x0000000086900000, 0x0000000086900000|100%| E|CS|TAMS 0x0000000086800000| PB 0x0000000086800000| Complete 
|  75|0x0000000086900000, 0x0000000086a00000, 0x0000000086a00000|100%| E|CS|TAMS 0x0000000086900000| PB 0x0000000086900000| Complete 
|  76|0x0000000086a00000, 0x0000000086b00000, 0x0000000086b00000|100%| E|CS|TAMS 0x0000000086a00000| PB 0x0000000086a00000| Complete 
|  77|0x0000000086b00000, 0x0000000086c00000, 0x0000000086c00000|100%| E|CS|TAMS 0x0000000086b00000| PB 0x0000000086b00000| Complete 
|  78|0x0000000086c00000, 0x0000000086d00000, 0x0000000086d00000|100%| E|CS|TAMS 0x0000000086c00000| PB 0x0000000086c00000| Complete 
|  79|0x0000000086d00000, 0x0000000086e00000, 0x0000000086e00000|100%| E|CS|TAMS 0x0000000086d00000| PB 0x0000000086d00000| Complete 
|  80|0x0000000086e00000, 0x0000000086f00000, 0x0000000086f00000|100%| E|CS|TAMS 0x0000000086e00000| PB 0x0000000086e00000| Complete 
| 127|0x0000000089d00000, 0x0000000089e00000, 0x0000000089e00000|100%| E|CS|TAMS 0x0000000089d00000| PB 0x0000000089d00000| Complete 
|2017|0x00000000fff00000, 0x0000000100000000, 0x0000000100000000|100%| O|  |TAMS 0x00000000fff00000| PB 0x00000000fff00000| Untracked 

Card table byte_map: [0x000001e67df70000,0x000001e67e370000] _byte_map_base: 0x000001e67db61000

Marking Bits: (CMBitMap*) 0x000001e664caef90
 Bits: [0x000001e600000000, 0x000001e601f88000)

Polling page: 0x000001e664b00000

Metaspace:

Usage:
  Non-class:     65.97 MB used.
      Class:      9.51 MB used.
       Both:     75.48 MB used.

Virtual space:
  Non-class space:      128.00 MB reserved,      66.31 MB ( 52%) committed,  2 nodes.
      Class space:        1.00 GB reserved,       9.94 MB ( <1%) committed,  1 nodes.
             Both:        1.12 GB reserved,      76.25 MB (  7%) committed. 

Chunk freelists:
   Non-Class:  1.58 MB
       Class:  2.00 MB
        Both:  3.58 MB

MaxMetaspaceSize: unlimited
CompressedClassSpaceSize: 1.00 GB
Initial GC threshold: 21.00 MB
Current GC threshold: 126.06 MB
CDS: on
MetaspaceReclaimPolicy: balanced
 - commit_granule_bytes: 65536.
 - commit_granule_words: 8192.
 - virtual_space_node_default_size: 8388608.
 - enlarge_chunks_in_place: 1.
 - new_chunks_are_fully_committed: 0.
 - uncommit_free_chunks: 1.
 - use_allocation_guard: 0.


Internal statistics:

num_allocs_failed_limit: 6.
num_arena_births: 1238.
num_arena_deaths: 288.
num_vsnodes_births: 3.
num_vsnodes_deaths: 0.
num_space_committed: 1220.
num_space_uncommitted: 0.
num_chunks_returned_to_freelist: 320.
num_chunks_taken_from_freelist: 4163.
num_chunk_merges: 86.
num_chunk_splits: 2845.
num_chunks_enlarged: 2176.
num_inconsistent_stats: 0.

CodeHeap 'non-profiled nmethods': size=120000Kb used=6270Kb max_used=6270Kb free=113729Kb
 bounds [0x000001e676020000, 0x000001e676640000, 0x000001e67d550000]
CodeHeap 'profiled nmethods': size=120000Kb used=20434Kb max_used=20434Kb free=99565Kb
 bounds [0x000001e66e550000, 0x000001e66f950000, 0x000001e675a80000]
CodeHeap 'non-nmethods': size=5760Kb used=1762Kb max_used=1809Kb free=3997Kb
 bounds [0x000001e675a80000, 0x000001e675cf0000, 0x000001e676020000]
 total_blobs=10337 nmethods=9612 adapters=634
 compilation: enabled
              stopped_count=0, restarted_count=0
 full_count=0

Compilation events (20 events):
Event: 3953.432 Thread 0x000001e67ed5a110 nmethod 13489 0x000001e676633390 code [0x000001e6766335c0, 0x000001e676634530]
Event: 4050.666 Thread 0x000001e67ed5a110 13490       4       java.util.TreeMap::put (221 bytes)
Event: 4050.686 Thread 0x000001e67ed5a110 nmethod 13490 0x000001e676634e90 code [0x000001e6766350a0, 0x000001e676635c18]
Event: 4125.374 Thread 0x000001e67ed5a110 13491       4       java.util.concurrent.ThreadPoolExecutor$Worker::unlock (7 bytes)
Event: 4125.378 Thread 0x000001e67ed5a110 nmethod 13491 0x000001e676636310 code [0x000001e6766364a0, 0x000001e6766365f0]
Event: 4141.386 Thread 0x000001e67ed5a110 13492       4       java.util.concurrent.ThreadPoolExecutor$Worker::lock (6 bytes)
Event: 4141.391 Thread 0x000001e67ed5a110 nmethod 13492 0x000001e676636710 code [0x000001e676636880, 0x000001e6766369f8]
Event: 4142.649 Thread 0x000001e67ed5a110 13493   !   4       java.util.concurrent.ThreadPoolExecutor::getTask (177 bytes)
Event: 4142.732 Thread 0x000001e67ed5a110 nmethod 13493 0x000001e676636a90 code [0x000001e676636d80, 0x000001e676638d88]
Event: 4173.378 Thread 0x000001e67ed5a110 13494       4       java.util.concurrent.ScheduledThreadPoolExecutor$DelayedWorkQueue::siftUp (64 bytes)
Event: 4173.390 Thread 0x000001e67ed5a110 nmethod 13494 0x000001e67663a310 code [0x000001e67663a4c0, 0x000001e67663aa88]
Event: 4177.377 Thread 0x000001e67ed5a110 13495       4       java.util.concurrent.ScheduledThreadPoolExecutor$DelayedWorkQueue::add (9 bytes)
Event: 4177.431 Thread 0x000001e67ed5a110 nmethod 13495 0x000001e67663ae90 code [0x000001e67663b0a0, 0x000001e67663c348]
Event: 4188.376 Thread 0x000001e67ed5a110 13496       4       java.util.concurrent.Executors$RunnableAdapter::call (14 bytes)
Event: 4188.378 Thread 0x000001e67ed5a110 nmethod 13496 0x000001e67663cd90 code [0x000001e67663cf00, 0x000001e67663cfb8]
Event: 4189.374 Thread 0x000001e67ed5a110 13497       4       java.util.concurrent.ScheduledThreadPoolExecutor$ScheduledFutureTask::run (57 bytes)
Event: 4189.397 Thread 0x000001e67ed5a110 nmethod 13497 0x000001e67663d090 code [0x000001e67663d260, 0x000001e67663d7d8]
Event: 4553.772 Thread 0x000001e67ed5a110 13498   !   4       org.apache.tomcat.util.net.NioEndpoint$Poller::timeout (500 bytes)
Event: 4553.802 Thread 0x000001e67ed5a110 nmethod 13498 0x000001e67663de10 code [0x000001e67663e0a0, 0x000001e67663ed40]
Event: 4553.802 Thread 0x000001e67ed5a110 13499   !   4       sun.nio.ch.SelectorImpl::lockAndDoSelect (87 bytes)

GC Heap History (20 events):
Event: 792.768 GC heap before
{Heap before GC invocations=23 (full 0):
 garbage-first heap   total 58368K, used 50549K [0x0000000081e00000, 0x0000000100000000)
  region size 1024K, 20 young (20480K), 2 survivors (2048K)
 Metaspace       used 73483K, committed 74176K, reserved 1114112K
  class space    used 9679K, committed 9984K, reserved 1048576K
}
Event: 792.773 GC heap after
{Heap after GC invocations=24 (full 0):
 garbage-first heap   total 58368K, used 33332K [0x0000000081e00000, 0x0000000100000000)
  region size 1024K, 2 young (2048K), 2 survivors (2048K)
 Metaspace       used 73483K, committed 74176K, reserved 1114112K
  class space    used 9679K, committed 9984K, reserved 1048576K
}
Event: 1035.797 GC heap before
{Heap before GC invocations=25 (full 0):
 garbage-first heap   total 60416K, used 50740K [0x0000000081e00000, 0x0000000100000000)
  region size 1024K, 20 young (20480K), 2 survivors (2048K)
 Metaspace       used 74386K, committed 75136K, reserved 1114112K
  class space    used 9714K, committed 10048K, reserved 1048576K
}
Event: 1035.802 GC heap after
{Heap after GC invocations=26 (full 0):
 garbage-first heap   total 60416K, used 33728K [0x0000000081e00000, 0x0000000100000000)
  region size 1024K, 1 young (1024K), 1 survivors (1024K)
 Metaspace       used 74386K, committed 75136K, reserved 1114112K
  class space    used 9714K, committed 10048K, reserved 1048576K
}
Event: 1188.158 GC heap before
{Heap before GC invocations=26 (full 0):
 garbage-first heap   total 60416K, used 54208K [0x0000000081e00000, 0x0000000100000000)
  region size 1024K, 21 young (21504K), 1 survivors (1024K)
 Metaspace       used 75017K, committed 75712K, reserved 1179648K
  class space    used 9722K, committed 10048K, reserved 1048576K
}
Event: 1188.164 GC heap after
{Heap after GC invocations=27 (full 0):
 garbage-first heap   total 60416K, used 33189K [0x0000000081e00000, 0x0000000100000000)
  region size 1024K, 1 young (1024K), 1 survivors (1024K)
 Metaspace       used 75017K, committed 75712K, reserved 1179648K
  class space    used 9722K, committed 10048K, reserved 1048576K
}
Event: 1444.014 GC heap before
{Heap before GC invocations=27 (full 0):
 garbage-first heap   total 60416K, used 53669K [0x0000000081e00000, 0x0000000100000000)
  region size 1024K, 22 young (22528K), 1 survivors (1024K)
 Metaspace       used 75497K, committed 76224K, reserved 1179648K
  class space    used 9724K, committed 10048K, reserved 1048576K
}
Event: 1444.019 GC heap after
{Heap after GC invocations=28 (full 0):
 garbage-first heap   total 60416K, used 33187K [0x0000000081e00000, 0x0000000100000000)
  region size 1024K, 1 young (1024K), 1 survivors (1024K)
 Metaspace       used 75497K, committed 76224K, reserved 1179648K
  class space    used 9724K, committed 10048K, reserved 1048576K
}
Event: 2045.688 GC heap before
{Heap before GC invocations=29 (full 0):
 garbage-first heap   total 60416K, used 53667K [0x0000000081e00000, 0x0000000100000000)
  region size 1024K, 22 young (22528K), 1 survivors (1024K)
 Metaspace       used 75911K, committed 76672K, reserved 1179648K
  class space    used 9736K, committed 10112K, reserved 1048576K
}
Event: 2045.695 GC heap after
{Heap after GC invocations=30 (full 0):
 garbage-first heap   total 60416K, used 33909K [0x0000000081e00000, 0x0000000100000000)
  region size 1024K, 2 young (2048K), 2 survivors (2048K)
 Metaspace       used 75911K, committed 76672K, reserved 1179648K
  class space    used 9736K, committed 10112K, reserved 1048576K
}
Event: 2144.458 GC heap before
{Heap before GC invocations=30 (full 0):
 garbage-first heap   total 60416K, used 52341K [0x0000000081e00000, 0x0000000100000000)
  region size 1024K, 21 young (21504K), 2 survivors (2048K)
 Metaspace       used 76286K, committed 77120K, reserved 1179648K
  class space    used 9770K, committed 10176K, reserved 1048576K
}
Event: 2144.465 GC heap after
{Heap after GC invocations=31 (full 0):
 garbage-first heap   total 60416K, used 33826K [0x0000000081e00000, 0x0000000100000000)
  region size 1024K, 2 young (2048K), 2 survivors (2048K)
 Metaspace       used 76286K, committed 77120K, reserved 1179648K
  class space    used 9770K, committed 10176K, reserved 1048576K
}
Event: 2346.445 GC heap before
{Heap before GC invocations=31 (full 0):
 garbage-first heap   total 60416K, used 52258K [0x0000000081e00000, 0x0000000100000000)
  region size 1024K, 21 young (21504K), 2 survivors (2048K)
 Metaspace       used 76589K, committed 77440K, reserved 1179648K
  class space    used 9774K, committed 10176K, reserved 1048576K
}
Event: 2346.451 GC heap after
{Heap after GC invocations=32 (full 0):
 garbage-first heap   total 60416K, used 33944K [0x0000000081e00000, 0x0000000100000000)
  region size 1024K, 2 young (2048K), 2 survivors (2048K)
 Metaspace       used 76589K, committed 77440K, reserved 1179648K
  class space    used 9774K, committed 10176K, reserved 1048576K
}
Event: 2511.340 GC heap before
{Heap before GC invocations=33 (full 0):
 garbage-first heap   total 60416K, used 52376K [0x0000000081e00000, 0x0000000100000000)
  region size 1024K, 21 young (21504K), 2 survivors (2048K)
 Metaspace       used 76696K, committed 77504K, reserved 1179648K
  class space    used 9732K, committed 10176K, reserved 1048576K
}
Event: 2511.347 GC heap after
{Heap after GC invocations=34 (full 0):
 garbage-first heap   total 60416K, used 34037K [0x0000000081e00000, 0x0000000100000000)
  region size 1024K, 2 young (2048K), 2 survivors (2048K)
 Metaspace       used 76696K, committed 77504K, reserved 1179648K
  class space    used 9732K, committed 10176K, reserved 1048576K
}
Event: 2694.226 GC heap before
{Heap before GC invocations=34 (full 0):
 garbage-first heap   total 60416K, used 52469K [0x0000000081e00000, 0x0000000100000000)
  region size 1024K, 21 young (21504K), 2 survivors (2048K)
 Metaspace       used 76872K, committed 77632K, reserved 1179648K
  class space    used 9739K, committed 10176K, reserved 1048576K
}
Event: 2694.241 GC heap after
{Heap after GC invocations=35 (full 0):
 garbage-first heap   total 61440K, used 32658K [0x0000000081e00000, 0x0000000100000000)
  region size 1024K, 2 young (2048K), 2 survivors (2048K)
 Metaspace       used 76872K, committed 77632K, reserved 1179648K
  class space    used 9739K, committed 10176K, reserved 1048576K
}
Event: 2818.288 GC heap before
{Heap before GC invocations=35 (full 0):
 garbage-first heap   total 61440K, used 54162K [0x0000000081e00000, 0x0000000100000000)
  region size 1024K, 24 young (24576K), 2 survivors (2048K)
 Metaspace       used 76969K, committed 77760K, reserved 1179648K
  class space    used 9741K, committed 10176K, reserved 1048576K
}
Event: 2818.295 GC heap after
{Heap after GC invocations=36 (full 0):
 garbage-first heap   total 61440K, used 32777K [0x0000000081e00000, 0x0000000100000000)
  region size 1024K, 2 young (2048K), 2 survivors (2048K)
 Metaspace       used 76969K, committed 77760K, reserved 1179648K
  class space    used 9741K, committed 10176K, reserved 1048576K
}

Dll operation events (14 events):
Event: 0.018 Loaded shared library C:\Program Files\Java\jdk-20\bin\java.dll
Event: 0.052 Loaded shared library C:\Program Files\Java\jdk-20\bin\jsvml.dll
Event: 0.261 Loaded shared library C:\Program Files\Java\jdk-20\bin\zip.dll
Event: 0.271 Loaded shared library C:\Program Files\Java\jdk-20\bin\instrument.dll
Event: 0.283 Loaded shared library C:\Program Files\Java\jdk-20\bin\net.dll
Event: 0.286 Loaded shared library C:\Program Files\Java\jdk-20\bin\nio.dll
Event: 0.292 Loaded shared library C:\Program Files\Java\jdk-20\bin\zip.dll
Event: 0.480 Loaded shared library C:\Program Files\JetBrains\IntelliJ IDEA Community Edition 2023.1.2\bin\breakgen64.dll
Event: 0.495 Loaded shared library C:\Program Files\Java\jdk-20\bin\extnet.dll
Event: 0.558 Loaded shared library C:\Program Files\Java\jdk-20\bin\jimage.dll
Event: 1.920 Loaded shared library C:\Program Files\Java\jdk-20\bin\verify.dll
Event: 5.783 Loaded shared library C:\Program Files\Java\jdk-20\bin\sunmscapi.dll
Event: 5.791 Loaded shared library C:\Program Files\Java\jdk-20\bin\management.dll
Event: 5.795 Loaded shared library C:\Program Files\Java\jdk-20\bin\management_ext.dll

Deoptimization events (20 events):
Event: 3730.426 Thread 0x000001e64a929ef0 Uncommon trap: trap_request=0xffffffbe fr.pc=0x000001e676630a80 relative=0x0000000000000300
Event: 3730.426 Thread 0x000001e64a929ef0 Uncommon trap: reason=profile_predicate action=maybe_recompile pc=0x000001e676630a80 method=java.util.HashMap.valuesToArray([Ljava/lang/Object;)[Ljava/lang/Object; @ 48 c2
Event: 3730.426 Thread 0x000001e64a929ef0 DEOPT PACKING pc=0x000001e676630a80 sp=0x00000064f3efeaa0
Event: 3730.426 Thread 0x000001e64a929ef0 DEOPT UNPACKING pc=0x000001e675ae9d22 sp=0x00000064f3efea38 mode 2
Event: 3840.515 Thread 0x000001e64a929ef0 Uncommon trap: trap_request=0xffffffd6 fr.pc=0x000001e676632688 relative=0x00000000000005e8
Event: 3840.515 Thread 0x000001e64a929ef0 Uncommon trap: reason=array_check action=maybe_recompile pc=0x000001e676632688 method=java.util.HashMap.valuesToArray([Ljava/lang/Object;)[Ljava/lang/Object; @ 62 c2
Event: 3840.515 Thread 0x000001e64a929ef0 DEOPT PACKING pc=0x000001e676632688 sp=0x00000064f3efea90
Event: 3840.516 Thread 0x000001e64a929ef0 DEOPT UNPACKING pc=0x000001e675ae9d22 sp=0x00000064f3efea28 mode 2
Event: 3840.516 Thread 0x000001e64a929ef0 Uncommon trap: trap_request=0xffffffd6 fr.pc=0x000001e676632688 relative=0x00000000000005e8
Event: 3840.516 Thread 0x000001e64a929ef0 Uncommon trap: reason=array_check action=maybe_recompile pc=0x000001e676632688 method=java.util.HashMap.valuesToArray([Ljava/lang/Object;)[Ljava/lang/Object; @ 62 c2
Event: 3840.516 Thread 0x000001e64a929ef0 DEOPT PACKING pc=0x000001e676632688 sp=0x00000064f3efe9b0
Event: 3840.516 Thread 0x000001e64a929ef0 DEOPT UNPACKING pc=0x000001e675ae9d22 sp=0x00000064f3efe948 mode 2
Event: 3840.516 Thread 0x000001e64a929ef0 Uncommon trap: trap_request=0xffffffd6 fr.pc=0x000001e676632688 relative=0x00000000000005e8
Event: 3840.516 Thread 0x000001e64a929ef0 Uncommon trap: reason=array_check action=maybe_recompile pc=0x000001e676632688 method=java.util.HashMap.valuesToArray([Ljava/lang/Object;)[Ljava/lang/Object; @ 62 c2
Event: 3840.516 Thread 0x000001e64a929ef0 DEOPT PACKING pc=0x000001e676632688 sp=0x00000064f3efe8d0
Event: 3840.516 Thread 0x000001e64a929ef0 DEOPT UNPACKING pc=0x000001e675ae9d22 sp=0x00000064f3efe868 mode 2
Event: 3850.525 Thread 0x000001e64a929450 Uncommon trap: trap_request=0xffffffd6 fr.pc=0x000001e676632688 relative=0x00000000000005e8
Event: 3850.525 Thread 0x000001e64a929450 Uncommon trap: reason=array_check action=maybe_recompile pc=0x000001e676632688 method=java.util.HashMap.valuesToArray([Ljava/lang/Object;)[Ljava/lang/Object; @ 62 c2
Event: 3850.525 Thread 0x000001e64a929450 DEOPT PACKING pc=0x000001e676632688 sp=0x00000064f3fff0d0
Event: 3850.525 Thread 0x000001e64a929450 DEOPT UNPACKING pc=0x000001e675ae9d22 sp=0x00000064f3fff068 mode 2

Classes loaded (20 events):
Event: 279.281 Loading class java/util/zip/GZIPInputStream
Event: 279.282 Loading class java/util/zip/GZIPInputStream done
Event: 279.283 Loading class java/util/zip/GZIPOutputStream
Event: 279.283 Loading class java/util/zip/GZIPOutputStream done
Event: 285.436 Loading class java/util/concurrent/locks/ReentrantReadWriteLock$Sync$HoldCounter
Event: 285.437 Loading class java/util/concurrent/locks/ReentrantReadWriteLock$Sync$HoldCounter done
Event: 370.503 Loading class sun/reflect/generics/tree/IntSignature
Event: 370.515 Loading class sun/reflect/generics/tree/IntSignature done
Event: 1009.694 Loading class java/text/ParsePosition
Event: 1009.705 Loading class java/text/ParsePosition done
Event: 1778.985 Loading class sun/security/ssl/Alert
Event: 1779.001 Loading class sun/security/ssl/Alert done
Event: 1779.003 Loading class sun/security/ssl/Alert$AlertConsumer
Event: 1779.017 Loading class sun/security/ssl/Alert$AlertConsumer done
Event: 1779.017 Loading class sun/security/ssl/Alert$Level
Event: 1779.017 Loading class sun/security/ssl/Alert$Level done
Event: 2355.740 Loading class java/util/ArrayList$SubList$2
Event: 2355.745 Loading class java/util/ArrayList$SubList$2 done
Event: 2447.578 Loading class java/math/BigDecimal$StringBuilderHelper
Event: 2447.593 Loading class java/math/BigDecimal$StringBuilderHelper done

Classes unloaded (20 events):
Event: 2346.560 Thread 0x000001e67ed30300 Unloading class 0x000001e60512a800 'java/lang/invoke/LambdaForm$DMH+0x000001e60512a800'
Event: 2346.560 Thread 0x000001e67ed30300 Unloading class 0x000001e605106400 'java/lang/invoke/LambdaForm$MH+0x000001e605106400'
Event: 2346.560 Thread 0x000001e67ed30300 Unloading class 0x000001e605105c00 'java/lang/invoke/LambdaForm$MH+0x000001e605105c00'
Event: 2346.560 Thread 0x000001e67ed30300 Unloading class 0x000001e605105800 'java/lang/invoke/LambdaForm$MH+0x000001e605105800'
Event: 2346.560 Thread 0x000001e67ed30300 Unloading class 0x000001e605105400 'java/lang/invoke/LambdaForm$MH+0x000001e605105400'
Event: 2346.560 Thread 0x000001e67ed30300 Unloading class 0x000001e605105000 'java/lang/invoke/LambdaForm$MH+0x000001e605105000'
Event: 2346.560 Thread 0x000001e67ed30300 Unloading class 0x000001e605104800 'java/lang/invoke/LambdaForm$MH+0x000001e605104800'
Event: 2346.560 Thread 0x000001e67ed30300 Unloading class 0x000001e605104400 'java/lang/invoke/LambdaForm$MH+0x000001e605104400'
Event: 2346.560 Thread 0x000001e67ed30300 Unloading class 0x000001e605104000 'java/lang/invoke/LambdaForm$MH+0x000001e605104000'
Event: 2346.560 Thread 0x000001e67ed30300 Unloading class 0x000001e605022800 'java/lang/invoke/LambdaForm$MH+0x000001e605022800'
Event: 2346.560 Thread 0x000001e67ed30300 Unloading class 0x000001e605021c00 'java/lang/invoke/LambdaForm$MH+0x000001e605021c00'
Event: 2346.560 Thread 0x000001e67ed30300 Unloading class 0x000001e605021800 'java/lang/invoke/LambdaForm$MH+0x000001e605021800'
Event: 2346.560 Thread 0x000001e67ed30300 Unloading class 0x000001e605021400 'java/lang/invoke/LambdaForm$MH+0x000001e605021400'
Event: 2346.560 Thread 0x000001e67ed30300 Unloading class 0x000001e605020c00 'java/lang/invoke/LambdaForm$MH+0x000001e605020c00'
Event: 2346.560 Thread 0x000001e67ed30300 Unloading class 0x000001e605020000 'java/lang/invoke/LambdaForm$MH+0x000001e605020000'
Event: 2346.560 Thread 0x000001e67ed30300 Unloading class 0x000001e605014000 'java/lang/invoke/LambdaForm$MH+0x000001e605014000'
Event: 2346.560 Thread 0x000001e67ed30300 Unloading class 0x000001e605002400 'java/lang/invoke/LambdaForm$MH+0x000001e605002400'
Event: 2346.560 Thread 0x000001e67ed30300 Unloading class 0x000001e605002000 'java/lang/invoke/LambdaForm$MH+0x000001e605002000'
Event: 2346.560 Thread 0x000001e67ed30300 Unloading class 0x000001e605001c00 'java/lang/invoke/LambdaForm$MH+0x000001e605001c00'
Event: 2346.560 Thread 0x000001e67ed30300 Unloading class 0x000001e605001400 'java/lang/invoke/LambdaForm$MH+0x000001e605001400'

Classes redefined (0 events):
No events

Internal exceptions (20 events):
Event: 1799.851 Thread 0x000001e649b64bb0 Exception <a 'java/io/IOException'{0x00000000848e1460}> (0x00000000848e1460) 
thrown [s\open\src\hotspot\share\prims\jni.cpp, line 519]
Event: 2355.738 Thread 0x000001e64a9279c0 Exception <a 'java/lang/NoSuchMethodError'{0x0000000086e28ac8}: 'java.lang.Object java.lang.invoke.DirectMethodHandle$Holder.invokeStatic(java.lang.Object, int, int)'> (0x0000000086e28ac8) 
thrown [s\open\src\hotspot\share\interpreter\linkResolver.cpp, line 773]
Event: 2447.253 Thread 0x000001e649b62bd0 Implicit null exception at 0x000001e676184e71 to 0x000001e676184f38
Event: 2447.257 Thread 0x000001e649b62bd0 Implicit null exception at 0x000001e67613b34d to 0x000001e67613cd44
Event: 2447.416 Thread 0x000001e649b62bd0 Implicit null exception at 0x000001e67622acd8 to 0x000001e67622b620
Event: 2447.477 Thread 0x000001e649b62bd0 Implicit null exception at 0x000001e67618ab00 to 0x000001e67618adf0
Event: 3535.940 Thread 0x000001e649b5fc00 Exception <a 'java/net/SocketException'{0x00000000848b0590}: Connection reset by peer: shutdown> (0x00000000848b0590) 
thrown [s\open\src\hotspot\share\prims\jni.cpp, line 538]
Event: 3542.022 Thread 0x000001e649b64bb0 Exception <a 'java/io/IOException'{0x000000008470ed90}> (0x000000008470ed90) 
thrown [s\open\src\hotspot\share\prims\jni.cpp, line 519]
Event: 3551.382 Thread 0x000001e649b5fc00 Exception <a 'java/io/IOException'{0x0000000084771800}> (0x0000000084771800) 
thrown [s\open\src\hotspot\share\prims\jni.cpp, line 519]
Event: 3551.382 Thread 0x000001e649b5fc00 Exception <a 'java/io/IOException'{0x0000000084771e50}> (0x0000000084771e50) 
thrown [s\open\src\hotspot\share\prims\jni.cpp, line 519]
Event: 3558.331 Thread 0x000001e649b64110 Exception <a 'java/io/IOException'{0x00000000847d3f10}> (0x00000000847d3f10) 
thrown [s\open\src\hotspot\share\prims\jni.cpp, line 519]
Event: 3558.331 Thread 0x000001e649b64110 Exception <a 'java/io/IOException'{0x00000000847d4560}> (0x00000000847d4560) 
thrown [s\open\src\hotspot\share\prims\jni.cpp, line 519]
Event: 3568.184 Thread 0x000001e649b64bb0 Exception <a 'java/io/IOException'{0x0000000084635280}> (0x0000000084635280) 
thrown [s\open\src\hotspot\share\prims\jni.cpp, line 519]
Event: 3568.184 Thread 0x000001e649b64bb0 Exception <a 'java/io/IOException'{0x00000000846358d0}> (0x00000000846358d0) 
thrown [s\open\src\hotspot\share\prims\jni.cpp, line 519]
Event: 3575.302 Thread 0x000001e649b64110 Exception <a 'java/io/IOException'{0x0000000084697f90}> (0x0000000084697f90) 
thrown [s\open\src\hotspot\share\prims\jni.cpp, line 519]
Event: 3575.303 Thread 0x000001e649b64110 Exception <a 'java/io/IOException'{0x00000000846985e0}> (0x00000000846985e0) 
thrown [s\open\src\hotspot\share\prims\jni.cpp, line 519]
Event: 3579.981 Thread 0x000001e649b64110 Exception <a 'java/net/SocketException'{0x0000000084699c50}: Connection reset by peer: shutdown> (0x0000000084699c50) 
thrown [s\open\src\hotspot\share\prims\jni.cpp, line 538]
Event: 3584.699 Thread 0x000001e649b64110 Exception <a 'java/net/SocketException'{0x000000008469aff8}: Connection reset by peer: shutdown> (0x000000008469aff8) 
thrown [s\open\src\hotspot\share\prims\jni.cpp, line 538]
Event: 3589.262 Thread 0x000001e649b64110 Exception <a 'java/io/IOException'{0x000000008469c3f0}> (0x000000008469c3f0) 
thrown [s\open\src\hotspot\share\prims\jni.cpp, line 519]
Event: 3591.258 Thread 0x000001e649b64110 Exception <a 'java/io/IOException'{0x00000000845fb578}> (0x00000000845fb578) 
thrown [s\open\src\hotspot\share\prims\jni.cpp, line 519]

VM Operations (20 events):
Event: 3584.802 Executing VM operation: Cleanup
Event: 3584.802 Executing VM operation: Cleanup done
Event: 3589.869 Executing VM operation: Cleanup
Event: 3589.869 Executing VM operation: Cleanup done
Event: 3721.177 Executing VM operation: Cleanup
Event: 3721.177 Executing VM operation: Cleanup done
Event: 3731.274 Executing VM operation: Cleanup
Event: 3731.274 Executing VM operation: Cleanup done
Event: 3841.277 Executing VM operation: Cleanup
Event: 3841.277 Executing VM operation: Cleanup done
Event: 3851.377 Executing VM operation: Cleanup
Event: 3851.377 Executing VM operation: Cleanup done
Event: 3931.197 Executing VM operation: Cleanup
Event: 3931.199 Executing VM operation: Cleanup done
Event: 4178.633 Executing VM operation: Cleanup
Event: 4178.633 Executing VM operation: Cleanup done
Event: 4189.731 Executing VM operation: Cleanup
Event: 4189.732 Executing VM operation: Cleanup done
Event: 4191.748 Executing VM operation: Cleanup
Event: 4191.748 Executing VM operation: Cleanup done

Events (20 events):
Event: 3542.022 Thread 0x000001e649b64bb0 Thread added: 0x000001e649b64bb0
Event: 3542.022 Thread 0x000001e649b5e170 Thread added: 0x000001e649b5e170
Event: 3547.042 Thread 0x000001e649b64bb0 Thread exited: 0x000001e649b64bb0
Event: 3547.061 Thread 0x000001e649b5e170 Thread exited: 0x000001e649b5e170
Event: 3551.165 Thread 0x000001e649b5fc00 Thread added: 0x000001e649b5fc00
Event: 3551.165 Thread 0x000001e649b64110 Thread added: 0x000001e649b64110
Event: 3556.424 Thread 0x000001e649b5fc00 Thread exited: 0x000001e649b5fc00
Event: 3556.510 Thread 0x000001e649b64110 Thread exited: 0x000001e649b64110
Event: 3558.220 Thread 0x000001e649b64110 Thread added: 0x000001e649b64110
Event: 3558.221 Thread 0x000001e649b64bb0 Thread added: 0x000001e649b64bb0
Event: 3563.383 Thread 0x000001e649b64110 Thread exited: 0x000001e649b64110
Event: 3563.465 Thread 0x000001e649b64bb0 Thread exited: 0x000001e649b64bb0
Event: 3568.181 Thread 0x000001e649b64bb0 Thread added: 0x000001e649b64bb0
Event: 3568.181 Thread 0x000001e649b64110 Thread added: 0x000001e649b64110
Event: 3573.187 Thread 0x000001e649b64bb0 Thread exited: 0x000001e649b64bb0
Event: 3573.233 Thread 0x000001e649b64110 Thread exited: 0x000001e649b64110
Event: 3575.301 Thread 0x000001e649b64110 Thread added: 0x000001e649b64110
Event: 3575.301 Thread 0x000001e649b61690 Thread added: 0x000001e649b61690
Event: 3596.297 Thread 0x000001e649b64110 Thread exited: 0x000001e649b64110
Event: 3596.317 Thread 0x000001e649b61690 Thread exited: 0x000001e649b61690


Dynamic libraries:
0x00007ff790c50000 - 0x00007ff790c60000 	C:\Program Files\Java\jdk-20\bin\java.exe
0x00007fff32470000 - 0x00007fff32668000 	C:\Windows\SYSTEM32\ntdll.dll
0x00007fff314a0000 - 0x00007fff3155d000 	C:\Windows\System32\KERNEL32.DLL
0x00007fff2fe40000 - 0x00007fff30136000 	C:\Windows\System32\KERNELBASE.dll
0x00007fff303a0000 - 0x00007fff304a0000 	C:\Windows\System32\ucrtbase.dll
0x00007fff00420000 - 0x00007fff00439000 	C:\Program Files\Java\jdk-20\bin\jli.dll
0x00007fff00400000 - 0x00007fff0041b000 	C:\Program Files\Java\jdk-20\bin\VCRUNTIME140.dll
0x00007fff31700000 - 0x00007fff317b0000 	C:\Windows\System32\ADVAPI32.dll
0x00007fff32360000 - 0x00007fff323fe000 	C:\Windows\System32\msvcrt.dll
0x00007fff31930000 - 0x00007fff319d0000 	C:\Windows\System32\sechost.dll
0x00007fff30560000 - 0x00007fff30683000 	C:\Windows\System32\RPCRT4.dll
0x00007fff2fb20000 - 0x00007fff2fb47000 	C:\Windows\System32\bcrypt.dll
0x00007fff31300000 - 0x00007fff3149f000 	C:\Windows\System32\USER32.dll
0x00007fff2fb50000 - 0x00007fff2fb72000 	C:\Windows\System32\win32u.dll
0x00007fff32400000 - 0x00007fff3242b000 	C:\Windows\System32\GDI32.dll
0x00007fff2fc80000 - 0x00007fff2fd97000 	C:\Windows\System32\gdi32full.dll
0x00007fff2fda0000 - 0x00007fff2fe3d000 	C:\Windows\System32\msvcp_win.dll
0x00007fff1f400000 - 0x00007fff1f69a000 	C:\Windows\WinSxS\amd64_microsoft.windows.common-controls_6595b64144ccf1df_6.0.19041.4355_none_60b8b9eb71f62e16\COMCTL32.dll
0x00007fff236c0000 - 0x00007fff236ca000 	C:\Windows\SYSTEM32\VERSION.dll
0x00007fff311d0000 - 0x00007fff31202000 	C:\Windows\System32\IMM32.DLL
0x00007fff0a630000 - 0x00007fff0a63c000 	C:\Program Files\Java\jdk-20\bin\vcruntime140_1.dll
0x00007ffefc4b0000 - 0x00007ffefc53e000 	C:\Program Files\Java\jdk-20\bin\msvcp140.dll
0x00007ffea3360000 - 0x00007ffea3ff8000 	C:\Program Files\Java\jdk-20\bin\server\jvm.dll
0x00007fff28d20000 - 0x00007fff28d29000 	C:\Windows\SYSTEM32\WSOCK32.dll
0x00007fff318c0000 - 0x00007fff3192b000 	C:\Windows\System32\WS2_32.dll
0x00007fff20190000 - 0x00007fff201b7000 	C:\Windows\SYSTEM32\WINMM.dll
0x00007fff2e2f0000 - 0x00007fff2e302000 	C:\Windows\SYSTEM32\kernel.appcore.dll
0x00007fff06e80000 - 0x00007fff06e8a000 	C:\Program Files\Java\jdk-20\bin\jimage.dll
0x00007fff1c250000 - 0x00007fff1c434000 	C:\Windows\SYSTEM32\DBGHELP.DLL
0x00007fff1c0d0000 - 0x00007fff1c104000 	C:\Windows\SYSTEM32\dbgcore.DLL
0x00007fff2fb80000 - 0x00007fff2fc02000 	C:\Windows\System32\bcryptPrimitives.dll
0x00007fff25bc0000 - 0x00007fff25bce000 	C:\Program Files\Java\jdk-20\bin\instrument.dll
0x00007fff065b0000 - 0x00007fff065d6000 	C:\Program Files\Java\jdk-20\bin\java.dll
0x00007ffef9c50000 - 0x00007ffef9d27000 	C:\Program Files\Java\jdk-20\bin\jsvml.dll
0x00007fff30740000 - 0x00007fff30eab000 	C:\Windows\System32\SHELL32.dll
0x00007fff2d5b0000 - 0x00007fff2dd4d000 	C:\Windows\SYSTEM32\windows.storage.dll
0x00007fff31b00000 - 0x00007fff31e53000 	C:\Windows\System32\combase.dll
0x00007fff2f390000 - 0x00007fff2f3be000 	C:\Windows\SYSTEM32\Wldp.dll
0x00007fff31100000 - 0x00007fff311cd000 	C:\Windows\System32\OLEAUT32.dll
0x00007fff30690000 - 0x00007fff3073d000 	C:\Windows\System32\SHCORE.dll
0x00007fff317b0000 - 0x00007fff31805000 	C:\Windows\System32\shlwapi.dll
0x00007fff2fa50000 - 0x00007fff2fa74000 	C:\Windows\SYSTEM32\profapi.dll
0x00007ffefd660000 - 0x00007ffefd678000 	C:\Program Files\Java\jdk-20\bin\zip.dll
0x00007fff003e0000 - 0x00007fff003f3000 	C:\Program Files\Java\jdk-20\bin\net.dll
0x00007fff26c10000 - 0x00007fff26d1a000 	C:\Windows\SYSTEM32\WINHTTP.dll
0x00007fff2f170000 - 0x00007fff2f1da000 	C:\Windows\system32\mswsock.dll
0x00007ffeff430000 - 0x00007ffeff446000 	C:\Program Files\Java\jdk-20\bin\nio.dll
0x00007fff1ede0000 - 0x00007fff1edfa000 	C:\Program Files\JetBrains\IntelliJ IDEA Community Edition 2023.1.2\bin\breakgen64.dll
0x00007fff065a0000 - 0x00007fff065a7000 	C:\Program Files\Java\jdk-20\bin\extnet.dll
0x00007fff04660000 - 0x00007fff04670000 	C:\Program Files\Java\jdk-20\bin\verify.dll
0x00007fff2f3d0000 - 0x00007fff2f3e8000 	C:\Windows\SYSTEM32\CRYPTSP.dll
0x00007fff2eab0000 - 0x00007fff2eae4000 	C:\Windows\system32\rsaenh.dll
0x00007fff2fa00000 - 0x00007fff2fa2e000 	C:\Windows\SYSTEM32\USERENV.dll
0x00007fff2f300000 - 0x00007fff2f30c000 	C:\Windows\SYSTEM32\CRYPTBASE.dll
0x00007fff2ee70000 - 0x00007fff2eeab000 	C:\Windows\SYSTEM32\IPHLPAPI.DLL
0x00007fff31ee0000 - 0x00007fff31ee8000 	C:\Windows\System32\NSI.dll
0x00007fff28320000 - 0x00007fff28337000 	C:\Windows\SYSTEM32\dhcpcsvc6.DLL
0x00007fff282e0000 - 0x00007fff282fd000 	C:\Windows\SYSTEM32\dhcpcsvc.DLL
0x00007fff2eeb0000 - 0x00007fff2ef7b000 	C:\Windows\SYSTEM32\DNSAPI.dll
0x00007fff1be10000 - 0x00007fff1be1e000 	C:\Program Files\Java\jdk-20\bin\sunmscapi.dll
0x00007fff30140000 - 0x00007fff3029e000 	C:\Windows\System32\CRYPT32.dll
0x00007fff2f4e0000 - 0x00007fff2f509000 	C:\Windows\SYSTEM32\ncrypt.dll
0x00007fff2f4a0000 - 0x00007fff2f4db000 	C:\Windows\SYSTEM32\NTASN1.dll
0x00007fff258b0000 - 0x00007fff258ba000 	C:\Program Files\Java\jdk-20\bin\management.dll
0x00007fff1fee0000 - 0x00007fff1feeb000 	C:\Program Files\Java\jdk-20\bin\management_ext.dll
0x00007fff312f0000 - 0x00007fff312f8000 	C:\Windows\System32\PSAPI.DLL
0x00007fff235c0000 - 0x00007fff235ca000 	C:\Windows\System32\rasadhlp.dll
0x00007fff25b00000 - 0x00007fff25b80000 	C:\Windows\System32\fwpuclnt.dll
0x00007ffefac60000 - 0x00007ffefac67000 	C:\Windows\system32\wshunix.dll

dbghelp: loaded successfully - version: 4.0.5 - missing functions: none
symbol engine: initialized successfully - sym options: 0x614 - pdb path: .;C:\Program Files\Java\jdk-20\bin;C:\Windows\SYSTEM32;C:\Windows\WinSxS\amd64_microsoft.windows.common-controls_6595b64144ccf1df_6.0.19041.4355_none_60b8b9eb71f62e16;C:\Program Files\Java\jdk-20\bin\server;C:\Program Files\JetBrains\IntelliJ IDEA Community Edition 2023.1.2\bin

VM Arguments:
jvm_args: -javaagent:C:\Program Files\JetBrains\IntelliJ IDEA Community Edition 2023.1.2\lib\idea_rt.jar=56814:C:\Program Files\JetBrains\IntelliJ IDEA Community Edition 2023.1.2\bin -Dfile.encoding=UTF-8 -Dsun.stdout.encoding=UTF-8 -Dsun.stderr.encoding=UTF-8 
java_command: com.exam.SecurityApplication
java_class_path (initial): G:\Project\ExamsBackEnd\BackEnd\ExamServer_Springboot\target\classes;C:\Users\D e r r y\.m2\repository\org\springframework\boot\spring-boot-starter-security\3.0.4\spring-boot-starter-security-3.0.4.jar;C:\Users\D e r r y\.m2\repository\org\springframework\boot\spring-boot-starter\3.0.1\spring-boot-starter-3.0.1.jar;C:\Users\D e r r y\.m2\repository\org\springframework\boot\spring-boot\3.0.1\spring-boot-3.0.1.jar;C:\Users\D e r r y\.m2\repository\org\springframework\boot\spring-boot-autoconfigure\3.0.1\spring-boot-autoconfigure-3.0.1.jar;C:\Users\D e r r y\.m2\repository\org\springframework\boot\spring-boot-starter-logging\3.0.1\spring-boot-starter-logging-3.0.1.jar;C:\Users\D e r r y\.m2\repository\ch\qos\logback\logback-classic\1.4.5\logback-classic-1.4.5.jar;C:\Users\D e r r y\.m2\repository\ch\qos\logback\logback-core\1.4.5\logback-core-1.4.5.jar;C:\Users\D e r r y\.m2\repository\org\apache\logging\log4j\log4j-to-slf4j\2.19.0\log4j-to-slf4j-2.19.0.jar;C:\Users\D e r r y\.m2\repository\org\apache\logging\log4j\log4j-api\2.19.0\log4j-api-2.19.0.jar;C:\Users\D e r r y\.m2\repository\org\slf4j\jul-to-slf4j\2.0.6\jul-to-slf4j-2.0.6.jar;C:\Users\D e r r y\.m2\repository\jakarta\annotation\jakarta.annotation-api\2.1.1\jakarta.annotation-api-2.1.1.jar;C:\Users\D e r r y\.m2\repository\org\yaml\snakeyaml\1.33\snakeyaml-1.33.jar;C:\Users\D e r r y\.m2\repository\org\springframework\spring-aop\6.0.3\spring-aop-6.0.3.jar;C:\Users\D e r r y\.m2\repository\org\springframework\security\spring-security-config\6.0.1\spring-security-config-6.0.1.jar;C:\Users\D e r r y\.m2\repository\org\springframework\security\spring-security-web\6.0.1\spring-security-web-6.0.1.jar;C:\Users\D e r r y\.m2\repository\org\springframework\boot\spring-boot-starter-web\3.1.0\spring-boot-starter-web-3.1.0.jar;C:\Users\D e r r y\.m2\repository\org\springframework\boot\spring-boot-starter-json\3.0.1\spring-boot-starter-json-3.0.1.jar;C:\Users\D e r r y\.m2\repository\com\fasterxml\jackson\datatype\jackson-datatype-jdk8\2.14.1\jackson-datatype-jdk8-2.14.1.jar;C:\Users\D e r r y\.m2\repository\com\fasterxml\jackson\datatype\jackson-datatype-jsr310\2.14.1\jackson-datatype-jsr310-2.14.1.jar;C:\Users\D e r r y\.m2\repository\com\fasterxml\jackson\module\jackson-module-parameter-names\2.14.1\jackson-module-parameter-names-2.14.1.jar;C:\Users\D e r r y\.m2\repository\org\springframework\boot\spring-boot-starter-tomcat\3.0.1\spring-boot-starter-tomcat-3.0.1.jar;C:\Users\D e r r y\.m2\repository\org\apache\tomcat\embed\tomcat-embed-core\10.1.4\tomcat-embed-core-10.1.4.jar;C:\Users\D e r r y\.m2\repository\org\apache\tomcat\embed\tomcat-embed-el\10.1.4\tomcat-embed-el-10.1.4.jar;C:\Users\D e r r y\.m2\repository\org\apache\tomcat\embed\tomcat-embed-websocket\10.1.4\tomcat-embed-websocket-10.1.4.jar;C:\Users\D e r r y\.m2\repository\org\springframework\spring-web\6.0.3\spring-web-6.0.3.jar;C:\Users\D e r r y\.m2\repository\io\micrometer\micrometer-observation\1.10.2\micrometer-observation-1.10.2.jar;C:\Users\D e r r y\.m2\repository\io\micrometer\micrometer-commons\1.10.2\micrometer-commons-1.10.2.jar;C:\Users\D e r r y\.m2\repository\org\springframework\spring-webmvc\6.0.3\spring-webmvc-6.0.3.jar;C:\Users\D e r r y\.m2\repository\com\mysql\mysql-connector-j\8.0.32\mysql-connector-j-8.0.32.jar;C:\Users\D e r r y\.m2\repository\org\springframework\boot\spring-boot-starter-data-jpa\3.0.4\spring-boot-starter-data-jpa-3.0.4.jar;C:\Users\D e r r y\.m2\repository\org\springframework\boot\spring-boot-starter-aop\3.0.1\spring-boot-starter-aop-3.0.1.jar;C:\Users\D e r r y\.m2\repository\org\aspectj\aspectjweaver\1.9.19\aspectjweaver-1.9.19.jar;C:\Users\D e r r y\.m2\repository\org\springframework\boot\spring-boot-starter-jdbc\3.0.1\spring-boot-starter-jdbc-3.0.1.jar;C:\Users\D e r r y\.m2\repository\com\zaxxer\HikariCP\5.0.1\HikariCP-5.0.1.jar;C:\Users\D e r r y\.m2\repository\org\springframework\spring-jdbc\6.0.3\spring-jdbc-6.0.3.jar;C:\Users\D e r r y\.m2\repository\org\hibernate\orm\hibernate-core\6.1.6.Final\hibernate-core-6.1.6.Final.jar;C:\Users\D e r r y\.m2\repository\jakarta\persistence\jakarta.persistence-api\3.1.0\jakarta.persistence-api-3.1.0.jar;C:\Users\D e r r y\.m2\repository\jakarta\transaction\jakarta.transaction-api\2.0.1\jakarta.transaction-api-2.0.1.jar;C:\Users\D e r r y\.m2\repository\org\jboss\logging\jboss-logging\3.5.0.Final\jboss-logging-3.5.0.Final.jar;C:\Users\D e r r y\.m2\repository\org\hibernate\common\hibernate-commons-annotations\6.0.2.Final\hibernate-commons-annotations-6.0.2.Final.jar;C:\Users\D e r r y\.m2\repository\org\jboss\jandex\2.4.2.Final\jandex-2.4.2.Final.jar;C:\Users\D e r r y\.m2\repository\com\fasterxml\classmate\1.5.1\classmate-1.5.1.jar;C:\Users\D e r r y\.m2\repository\net\bytebuddy\byte-buddy\1.12.20\byte-buddy-1.12.20.jar;C:\Users\D e r r y\.m2\repository\org\glassfish\jaxb\jaxb-runtime\4.0.1\jaxb-runtime-4.0.1.jar;C:\Users\D e r r y\.m2\repository\org\glassfish\jaxb\jaxb-core\4.0.1\jaxb-core-4.0.1.jar;C:\Users\D e r r y\.m2\repository\org\eclipse\angus\angus-activation\1.0.0\angus-activation-1.0.0.jar;C:\Users\D e r r y\.m2\repository\org\glassfish\jaxb\txw2\4.0.1\txw2-4.0.1.jar;C:\Users\D e r r y\.m2\repository\com\sun\istack\istack-commons-runtime\4.1.1\istack-commons-runtime-4.1.1.jar;C:\Users\D e r r y\.m2\repository\jakarta\inject\jakarta.inject-api\2.0.0\jakarta.inject-api-2.0.0.jar;C:\Users\D e r r y\.m2\repository\org\antlr\antlr4-runtime\4.10.1\antlr4-runtime-4.10.1.jar;C:\Users\D e r r y\.m2\repository\org\springframework\data\spring-data-jpa\3.0.0\spring-data-jpa-3.0.0.jar;C:\Users\D e r r y\.m2\repository\org\springframework\data\spring-data-commons\3.0.0\spring-data-commons-3.0.0.jar;C:\Users\D e r r y\.m2\repository\org\springframework\spring-orm\6.0.3\spring-orm-6.0.3.jar;C:\Users\D e r r y\.m2\repository\org\springframework\spring-tx\6.0.3\spring-tx-6.0.3.jar;C:\Users\D e r r y\.m2\repository\org\slf4j\slf4j-api\2.0.6\slf4j-api-2.0.6.jar;C:\Users\D e r r y\.m2\repository\org\springframework\spring-aspects\6.0.3\spring-aspects-6.0.3.jar;C:\Users\D e r r y\.m2\repository\org\projectlombok\lombok\1.18.26\lombok-1.18.26.jar;C:\Users\D e r r y\.m2\repository\org\springframework\spring-context\6.0.9\spring-context-6.0.9.jar;C:\Users\D e r r y\.m2\repository\org\springframework\spring-beans\6.0.3\spring-beans-6.0.3.jar;C:\Users\D e r r y\.m2\repository\org\springframework\spring-core\6.0.3\spring-core-6.0.3.jar;C:\Users\D e r r y\.m2\repository\org\springframework\spring-jcl\6.0.3\spring-jcl-6.0.3.jar;C:\Users\D e r r y\.m2\repository\org\springframework\spring-expression\6.0.3\spring-expression-6.0.3.jar;C:\Users\D e r r y\.m2\repository\io\jsonwebtoken\jjwt-api\0.11.5\jjwt-api-0.11.5.jar;C:\Users\D e r r y\.m2\repository\io\jsonwebtoken\jjwt-impl\0.11.5\jjwt-impl-0.11.5.jar;C:\Users\D e r r y\.m2\repository\io\jsonwebtoken\jjwt-jackson\0.11.5\jjwt-jackson-0.11.5.jar;C:\Users\D e r r y\.m2\repository\com\fasterxml\jackson\core\jackson-databind\2.14.1\jackson-databind-2.14.1.jar;C:\Users\D e r r y\.m2\repository\com\fasterxml\jackson\core\jackson-annotations\2.14.1\jackson-annotations-2.14.1.jar;C:\Users\D e r r y\.m2\repository\com\fasterxml\jackson\core\jackson-core\2.14.1\jackson-core-2.14.1.jar;C:\Users\D e r r y\.m2\repository\jakarta\xml\bind\jakarta.xml.bind-api\4.0.0\jakarta.xml.bind-api-4.0.0.jar;C:\Users\D e r r y\.m2\repository\jakarta\activation\jakarta.activation-api\2.1.0\jakarta.activation-api-2.1.0.jar;C:\Users\D e r r y\.m2\repository\org\springframework\security\spring-security-core\6.0.1\spring-security-core-6.0.1.jar;C:\Users\D e r r y\.m2\repository\org\springframework\security\spring-security-crypto\6.0.1\spring-security-crypto-6.0.1.jar
Launcher Type: SUN_STANDARD

[Global flags]
     intx CICompilerCount                          = 3                                         {product} {ergonomic}
     uint ConcGCThreads                            = 1                                         {product} {ergonomic}
     uint G1ConcRefinementThreads                  = 4                                         {product} {ergonomic}
   size_t G1HeapRegionSize                         = 1048576                                   {product} {ergonomic}
    uintx GCDrainStackTargetSize                   = 64                                        {product} {ergonomic}
   size_t InitialHeapSize                          = 134217728                                 {product} {ergonomic}
   size_t MarkStackSize                            = 4194304                                   {product} {ergonomic}
   size_t MaxHeapSize                              = 2116026368                                {product} {ergonomic}
   size_t MaxNewSize                               = 1268776960                                {product} {ergonomic}
   size_t MinHeapDeltaBytes                        = 1048576                                   {product} {ergonomic}
   size_t MinHeapSize                              = 8388608                                   {product} {ergonomic}
    uintx NonNMethodCodeHeapSize                   = 5832780                                {pd product} {ergonomic}
    uintx NonProfiledCodeHeapSize                  = 122912730                              {pd product} {ergonomic}
    uintx ProfiledCodeHeapSize                     = 122912730                              {pd product} {ergonomic}
    uintx ReservedCodeCacheSize                    = 251658240                              {pd product} {ergonomic}
     bool SegmentedCodeCache                       = true                                      {product} {ergonomic}
   size_t SoftMaxHeapSize                          = 2116026368                             {manageable} {ergonomic}
     bool UseCompressedClassPointers               = true                           {product lp64_product} {ergonomic}
     bool UseCompressedOops                        = true                           {product lp64_product} {ergonomic}
     bool UseG1GC                                  = true                                      {product} {ergonomic}
     bool UseLargePagesIndividualAllocation        = false                                  {pd product} {ergonomic}

Logging:
Log output configuration:
 #0: stdout all=warning uptime,level,tags foldmultilines=false
 #1: stderr all=off uptime,level,tags foldmultilines=false

Environment Variables:
PATH=C:\Program Files\Common Files\Oracle\Java\javapath;C:\Program Files (x86)\Common Files\Oracle\Java\javapath;C:\Windows\system32;C:\Windows;C:\Windows\System32\Wbem;C:\Windows\System32\WindowsPowerShell\v1.0\;C:\Windows\System32\OpenSSH\;C:\Program Files\nodejs\;C:\Program Files\Git\cmd;C:\ProgramData\chocolatey\bin;C:\Program Files\apache-maven-3.9.4-bin\apache-maven-3.9.4\bin;C:\Program Files\dotnet\;C:\Users\D e r r y\anaconda3;C:\Users\D e r r y\anaconda3\Library\mingw-w64\bin;C:\Users\D e r r y\anaconda3\Library\usr\bin;C:\Users\D e r r y\anaconda3\Library\bin;C:\Users\D e r r y\anaconda3\Scripts;C:\Program Files\MySQL\MySQL Shell 8.0\bin\;C:\Users\D e r r y\AppData\Local\Microsoft\WindowsApps;C:\Program Files\JetBrains\IntelliJ IDEA Community Edition 2023.1.2\bin;;C:\Program Files\JetBrains\PyCharm Community Edition 2023.1.2\bin;;C:\Users\D e r r y\AppData\Roaming\npm;C:\Users\D e r r y\AppData\Local\Programs\Microsoft VS Code\bin;C:\Users\D e r r y\AppData\Local\GitHubDesktop\bin;C:\Program Files\heroku\bin;C:\Program Files\bin;C:\Program Files\JetBrains\PhpStorm 2024.1\bin;
USERNAME=D e r r y
OS=Windows_NT
PROCESSOR_IDENTIFIER=Intel64 Family 6 Model 61 Stepping 4, GenuineIntel
TMP=C:\Users\DERRY~1\AppData\Local\Temp
TEMP=C:\Users\DERRY~1\AppData\Local\Temp




---------------  S Y S T E M  ---------------

OS:
 Windows 10 , 64 bit Build 19041 (10.0.19041.3636)
OS uptime: 0 days 2:25 hours
Hyper-V role detected

CPU: total 4 (initial active 4) (2 cores per cpu, 2 threads per core) family 6 model 61 stepping 4 microcode 0x2f, cx8, cmov, fxsr, ht, mmx, 3dnowpref, sse, sse2, sse3, ssse3, sse4.1, sse4.2, popcnt, lzcnt, tsc, tscinvbit, avx, avx2, aes, erms, clmul, bmi1, bmi2, rtm, adx, fma, vzeroupper, clflush, hv, rdtscp, f16c

Memory: 4k page, system-wide physical 8067M (670M free)
TotalPageFile size 10115M (AvailPageFile size 0M)
current process WorkingSet (physical memory assigned to process): 247M, peak: 270M
current process commit charge ("private bytes"): 300M, peak: 300M

vm_info: Java HotSpot(TM) 64-Bit Server VM (20.0.2+9-78) for windows-amd64 JRE (20.0.2+9-78), built on 2023-06-14T10:08:48Z by "mach5one" with MS VC++ 17.1 (VS2022)

END.
