#
# There is insufficient memory for the Java Runtime Environment to continue.
# Native memory allocation (mmap) failed to map 10485760 bytes for G1 virtual space
# Possible reasons:
#   The system is out of physical RAM or swap space
#   The process is running with CompressedOops enabled, and the Java Heap may be blocking the growth of the native heap
# Possible solutions:
#   Reduce memory load on the system
#   Increase physical memory or swap space
#   Check if swap backing store is full
#   Decrease Java heap size (-Xmx/-Xms)
#   Decrease number of Java threads
#   Decrease Java thread stack sizes (-Xss)
#   Set larger code cache with -XX:ReservedCodeCacheSize=
#   JVM is running with Unscaled Compressed Oops mode in which the Java heap is
#     placed in the first 4GB address space. The Java Heap base address is the
#     maximum limit for the native heap growth. Please use -XX:HeapBaseMinAddress
#     to set the Java Heap base and to place the Java Heap above 4GB virtual address.
# This output file may be truncated or incomplete.
#
#  Out of Memory Error (os_windows.cpp:3528), pid=7040, tid=3392
#
# JRE version: Java(TM) SE Runtime Environment (20.0.2+9) (build 20.0.2+9-78)
# Java VM: Java HotSpot(TM) 64-Bit Server VM (20.0.2+9-78, mixed mode, sharing, tiered, compressed oops, compressed class ptrs, g1 gc, windows-amd64)
# No core dump will be written. Minidumps are not enabled by default on client versions of Windows
#

---------------  S U M M A R Y ------------

Command Line: -javaagent:C:\Program Files\JetBrains\IntelliJ IDEA Community Edition 2023.1.2\lib\idea_rt.jar=55799:C:\Program Files\JetBrains\IntelliJ IDEA Community Edition 2023.1.2\bin -Dfile.encoding=UTF-8 -Dsun.stdout.encoding=UTF-8 -Dsun.stderr.encoding=UTF-8 com.exam.SecurityApplication

Host: Intel(R) Core(TM) i5-5300U CPU @ 2.30GHz, 4 cores, 7G,  Windows 10 , 64 bit Build 19041 (10.0.19041.3636)
Time: Thu Nov 16 13:54:00 2023 Sao Tome Standard Time elapsed time: 13.552334 seconds (0d 0h 0m 13s)

---------------  T H R E A D  ---------------

Current thread (0x0000027eb382f330):  VMThread "VM Thread" [stack: 0x0000009908900000,0x0000009908a00000] [id=3392]

Stack: [0x0000009908900000,0x0000009908a00000]
Native frames: (J=compiled Java code, j=interpreted, Vv=VM code, C=native code)
V  [jvm.dll+0x6bc25a]
V  [jvm.dll+0x84971a]
V  [jvm.dll+0x84b315]
V  [jvm.dll+0x84ba13]
V  [jvm.dll+0x280e4f]
V  [jvm.dll+0x6b8fe9]
V  [jvm.dll+0x6adbca]
V  [jvm.dll+0x35b165]
V  [jvm.dll+0x363386]
V  [jvm.dll+0x3b400e]
V  [jvm.dll+0x3b4295]
V  [jvm.dll+0x32b86a]
V  [jvm.dll+0x32b917]
V  [jvm.dll+0x373cc2]
V  [jvm.dll+0x3724c0]
V  [jvm.dll+0x32afb1]
V  [jvm.dll+0x371ba6]
V  [jvm.dll+0x85135e]
V  [jvm.dll+0x852471]
V  [jvm.dll+0x852979]
V  [jvm.dll+0x852bf3]
V  [jvm.dll+0x7f5c76]
V  [jvm.dll+0x6baecb]
C  [ucrtbase.dll+0x21bb2]
C  [KERNEL32.DLL+0x17344]
C  [ntdll.dll+0x526b1]

VM_Operation (0x00000099083f3b30): G1CollectForAllocation, mode: safepoint, requested by thread 0x0000027e9771eee0


---------------  P R O C E S S  ---------------

Threads class SMR info:
_java_thread_list=0x0000027efb5d98b0, length=15, elements={
0x0000027e9771eee0, 0x0000027eb3850250, 0x0000027eb38510f0, 0x0000027eb38550b0,
0x0000027eb3858b10, 0x0000027eb3859450, 0x0000027eb385a010, 0x0000027eb385ac80,
0x0000027eb385cc90, 0x0000027eb381a8c0, 0x0000027ef8f5e7f0, 0x0000027ef8f5c760,
0x0000027ef9b61770, 0x0000027ef9b5f790, 0x0000027ef9b60230
}

Java Threads: ( => current thread )
  0x0000027e9771eee0 JavaThread "main" [_thread_blocked, id=4776, stack(0x0000009908300000,0x0000009908400000)]
  0x0000027eb3850250 JavaThread "Reference Handler" daemon [_thread_blocked, id=13380, stack(0x0000009908a00000,0x0000009908b00000)]
  0x0000027eb38510f0 JavaThread "Finalizer" daemon [_thread_blocked, id=10852, stack(0x0000009908b00000,0x0000009908c00000)]
  0x0000027eb38550b0 JavaThread "Signal Dispatcher" daemon [_thread_blocked, id=3780, stack(0x0000009908c00000,0x0000009908d00000)]
  0x0000027eb3858b10 JavaThread "Attach Listener" daemon [_thread_blocked, id=6012, stack(0x0000009908d00000,0x0000009908e00000)]
  0x0000027eb3859450 JavaThread "Service Thread" daemon [_thread_blocked, id=11524, stack(0x0000009908e00000,0x0000009908f00000)]
  0x0000027eb385a010 JavaThread "Monitor Deflation Thread" daemon [_thread_blocked, id=6984, stack(0x0000009908f00000,0x0000009909000000)]
  0x0000027eb385ac80 JavaThread "C2 CompilerThread0" daemon [_thread_blocked, id=884, stack(0x0000009909000000,0x0000009909100000)]
  0x0000027eb385cc90 JavaThread "C1 CompilerThread0" daemon [_thread_blocked, id=11372, stack(0x0000009909100000,0x0000009909200000)]
  0x0000027eb381a8c0 JavaThread "Common-Cleaner" daemon [_thread_blocked, id=9464, stack(0x0000009909200000,0x0000009909300000)]
  0x0000027ef8f5e7f0 JavaThread "Monitor Ctrl-Break" daemon [_thread_in_native, id=10892, stack(0x0000009909300000,0x0000009909400000)]
  0x0000027ef8f5c760 JavaThread "Notification Thread" daemon [_thread_blocked, id=11368, stack(0x0000009909400000,0x0000009909500000)]
  0x0000027ef9b61770 JavaThread "mysql-cj-abandoned-connection-cleanup" daemon [_thread_blocked, id=7000, stack(0x0000009909600000,0x0000009909700000)]
  0x0000027ef9b5f790 JavaThread "HikariPool-1 housekeeper" daemon [_thread_blocked, id=10952, stack(0x0000009909b00000,0x0000009909c00000)]
  0x0000027ef9b60230 JavaThread "HikariPool-1 connection adder" daemon [_thread_blocked, id=13316, stack(0x0000009909c00000,0x0000009909d00000)]

Other Threads:
=>0x0000027eb382f330 VMThread "VM Thread" [stack: 0x0000009908900000,0x0000009908a00000] [id=3392]
  0x0000027ef8f5d130 WatcherThread "VM Periodic Task Thread" [stack: 0x0000009909500000,0x0000009909600000] [id=7424]
  0x0000027e97778120 WorkerThread "GC Thread#0" [stack: 0x0000009908400000,0x0000009908500000] [id=2824]
  0x0000027ef969e9a0 WorkerThread "GC Thread#1" [stack: 0x0000009909700000,0x0000009909800000] [id=8068]
  0x0000027ef972b8a0 WorkerThread "GC Thread#2" [stack: 0x0000009909800000,0x0000009909900000] [id=3776]
  0x0000027ef9318f90 WorkerThread "GC Thread#3" [stack: 0x0000009909900000,0x0000009909a00000] [id=10380]
  0x0000027e97788e10 ConcurrentGCThread "G1 Main Marker" [stack: 0x0000009908500000,0x0000009908600000] [id=6192]
  0x0000027e97789840 WorkerThread "G1 Conc#0" [stack: 0x0000009908600000,0x0000009908700000] [id=5936]
  0x0000027e977de390 ConcurrentGCThread "G1 Refine#0" [stack: 0x0000009908700000,0x0000009908800000] [id=3228]
  0x0000027eb36de120 ConcurrentGCThread "G1 Service" [stack: 0x0000009908800000,0x0000009908900000] [id=9876]

Threads with active compile tasks:
C2 CompilerThread0    13602 5859   !   4       org.springframework.core.annotation.AnnotationsScanner::processMethodHierarchy (276 bytes)

VM state: at safepoint (normal execution)

VM Mutex/Monitor currently owned by a thread:  ([mutex/lock_event])
[0x0000027e977190b0] Threads_lock - owner thread: 0x0000027eb382f330
[0x0000027e97717eb0] Heap_lock - owner thread: 0x0000027e9771eee0

Heap address: 0x0000000081e00000, size: 2018 MB, Compressed Oops mode: 32-bit

CDS archive(s) mapped at: [0x0000027eb3c00000-0x0000027eb4860000-0x0000027eb4860000), size 12976128, SharedBaseAddress: 0x0000027eb3c00000, ArchiveRelocationMode: 1.
Compressed class space mapped at: 0x0000027eb4c00000-0x0000027ef4c00000, reserved size: 1073741824
Narrow klass base: 0x0000027eb3c00000, Narrow klass shift: 0, Narrow klass range: 0x100000000

GC Precious Log:
 CardTable entry size: 512
 Card Set container configuration: InlinePtr #cards 5 size 8 Array Of Cards #cards 12 size 40 Howl #buckets 4 coarsen threshold 1843 Howl Bitmap #cards 512 size 80 coarsen threshold 460 Card regions per heap region 1 cards per card region 2048
 CPUs: 4 total, 4 available
 Memory: 8067M
 Large Page Support: Disabled
 NUMA Support: Disabled
 Compressed Oops: Enabled (32-bit)
 Heap Region Size: 1M
 Heap Min Capacity: 8M
 Heap Initial Capacity: 128M
 Heap Max Capacity: 2018M
 Pre-touch: Disabled
 Parallel Workers: 4
 Concurrent Workers: 1
 Concurrent Refinement Workers: 4
 Periodic GC: Disabled

Heap:
 garbage-first heap   total 48128K, used 25448K [0x0000000081e00000, 0x0000000100000000)
  region size 1024K, 3 young (3072K), 3 survivors (3072K)
 Metaspace       used 59164K, committed 59776K, reserved 1114112K
  class space    used 7711K, committed 8000K, reserved 1048576K

Heap Regions: E=young(eden), S=young(survivor), O=old, HS=humongous(starts), HC=humongous(continues), CS=collection set, F=free, OA=open archive, CA=closed archive, TAMS=top-at-mark-start, PB=parsable bottom
|   0|0x0000000081e00000, 0x0000000081f00000, 0x0000000081f00000|100%|HS|  |TAMS 0x0000000081f00000| PB 0x0000000081e00000| Complete 
|   1|0x0000000081f00000, 0x0000000082000000, 0x0000000082000000|100%| O|  |TAMS 0x0000000082000000| PB 0x0000000081f00000| Untracked 
|   2|0x0000000082000000, 0x0000000082100000, 0x0000000082100000|100%| O|  |TAMS 0x0000000082100000| PB 0x0000000082000000| Untracked 
|   3|0x0000000082100000, 0x0000000082200000, 0x0000000082200000|100%| O|  |TAMS 0x0000000082200000| PB 0x0000000082100000| Untracked 
|   4|0x0000000082200000, 0x0000000082300000, 0x0000000082300000|100%| O|  |TAMS 0x0000000082300000| PB 0x0000000082200000| Untracked 
|   5|0x0000000082300000, 0x0000000082400000, 0x0000000082400000|100%| O|  |TAMS 0x0000000082400000| PB 0x0000000082300000| Untracked 
|   6|0x0000000082400000, 0x0000000082500000, 0x0000000082500000|100%| O|  |TAMS 0x0000000082500000| PB 0x0000000082400000| Untracked 
|   7|0x0000000082500000, 0x0000000082600000, 0x0000000082600000|100%| O|  |TAMS 0x0000000082600000| PB 0x0000000082500000| Untracked 
|   8|0x0000000082600000, 0x0000000082700000, 0x0000000082700000|100%| O|  |TAMS 0x0000000082700000| PB 0x0000000082600000| Untracked 
|   9|0x0000000082700000, 0x0000000082800000, 0x0000000082800000|100%| O|  |TAMS 0x0000000082800000| PB 0x0000000082700000| Untracked 
|  10|0x0000000082800000, 0x0000000082900000, 0x0000000082900000|100%| O|  |TAMS 0x0000000082900000| PB 0x0000000082800000| Untracked 
|  11|0x0000000082900000, 0x0000000082a00000, 0x0000000082a00000|100%| O|  |TAMS 0x0000000082a00000| PB 0x0000000082900000| Untracked 
|  12|0x0000000082a00000, 0x0000000082b00000, 0x0000000082b00000|100%| O|  |TAMS 0x0000000082b00000| PB 0x0000000082a00000| Untracked 
|  13|0x0000000082b00000, 0x0000000082c00000, 0x0000000082c00000|100%| O|  |TAMS 0x0000000082c00000| PB 0x0000000082b00000| Untracked 
|  14|0x0000000082c00000, 0x0000000082d00000, 0x0000000082d00000|100%| O|  |TAMS 0x0000000082d00000| PB 0x0000000082c00000| Untracked 
|  15|0x0000000082d00000, 0x0000000082e00000, 0x0000000082e00000|100%| O|  |TAMS 0x0000000082dda400| PB 0x0000000082d00000| Untracked 
|  16|0x0000000082e00000, 0x0000000082f00000, 0x0000000082f00000|100%| O|  |TAMS 0x0000000082f00000| PB 0x0000000082e00000| Untracked 
|  17|0x0000000082f00000, 0x0000000083000000, 0x0000000083000000|100%| O|  |TAMS 0x0000000083000000| PB 0x0000000082f00000| Untracked 
|  18|0x0000000083000000, 0x0000000083100000, 0x0000000083100000|100%| O|  |TAMS 0x0000000083100000| PB 0x0000000083000000| Untracked 
|  19|0x0000000083100000, 0x0000000083200000, 0x0000000083200000|100%| O|  |TAMS 0x0000000083200000| PB 0x0000000083100000| Untracked 
|  20|0x0000000083200000, 0x0000000083300000, 0x0000000083300000|100%| O|  |TAMS 0x0000000083300000| PB 0x0000000083200000| Untracked 
|  21|0x0000000083300000, 0x00000000833a5800, 0x0000000083400000| 64%| O|  |TAMS 0x0000000083300000| PB 0x0000000083300000| Untracked 
|  22|0x0000000083400000, 0x0000000083400000, 0x0000000083500000|  0%| F|  |TAMS 0x0000000083400000| PB 0x0000000083400000| Untracked 
|  23|0x0000000083500000, 0x0000000083500000, 0x0000000083600000|  0%| F|  |TAMS 0x0000000083500000| PB 0x0000000083500000| Untracked 
|  24|0x0000000083600000, 0x0000000083700000, 0x0000000083700000|100%| O|  |TAMS 0x0000000083700000| PB 0x0000000083600000| Untracked 
|  25|0x0000000083700000, 0x0000000083700000, 0x0000000083800000|  0%| F|  |TAMS 0x0000000083700000| PB 0x0000000083700000| Untracked 
|  26|0x0000000083800000, 0x0000000083800000, 0x0000000083900000|  0%| F|  |TAMS 0x0000000083800000| PB 0x0000000083800000| Untracked 
|  27|0x0000000083900000, 0x0000000083900000, 0x0000000083a00000|  0%| F|  |TAMS 0x0000000083900000| PB 0x0000000083900000| Untracked 
|  28|0x0000000083a00000, 0x0000000083a34a48, 0x0000000083b00000| 20%| S|CS|TAMS 0x0000000083a00000| PB 0x0000000083a00000| Complete 
|  29|0x0000000083b00000, 0x0000000083c00000, 0x0000000083c00000|100%| S|CS|TAMS 0x0000000083b00000| PB 0x0000000083b00000| Complete 
|  30|0x0000000083c00000, 0x0000000083d00000, 0x0000000083d00000|100%| S|CS|TAMS 0x0000000083c00000| PB 0x0000000083c00000| Complete 
|  31|0x0000000083d00000, 0x0000000083d00000, 0x0000000083e00000|  0%| F|  |TAMS 0x0000000083d00000| PB 0x0000000083d00000| Untracked 
|  32|0x0000000083e00000, 0x0000000083e00000, 0x0000000083f00000|  0%| F|  |TAMS 0x0000000083e00000| PB 0x0000000083e00000| Untracked 
|  33|0x0000000083f00000, 0x0000000083f00000, 0x0000000084000000|  0%| F|  |TAMS 0x0000000083f00000| PB 0x0000000083f00000| Untracked 
|  34|0x0000000084000000, 0x0000000084000000, 0x0000000084100000|  0%| F|  |TAMS 0x0000000084000000| PB 0x0000000084000000| Untracked 
|  35|0x0000000084100000, 0x0000000084100000, 0x0000000084200000|  0%| F|  |TAMS 0x0000000084100000| PB 0x0000000084100000| Untracked 
|  36|0x0000000084200000, 0x0000000084200000, 0x0000000084300000|  0%| F|  |TAMS 0x0000000084200000| PB 0x0000000084200000| Untracked 
|  37|0x0000000084300000, 0x0000000084300000, 0x0000000084400000|  0%| F|  |TAMS 0x0000000084300000| PB 0x0000000084300000| Untracked 
|  38|0x0000000084400000, 0x0000000084400000, 0x0000000084500000|  0%| F|  |TAMS 0x0000000084400000| PB 0x0000000084400000| Untracked 
|  76|0x0000000086a00000, 0x0000000086a00000, 0x0000000086b00000|  0%| F|  |TAMS 0x0000000086a00000| PB 0x0000000086a00000| Untracked 
|  77|0x0000000086b00000, 0x0000000086b00000, 0x0000000086c00000|  0%| F|  |TAMS 0x0000000086b00000| PB 0x0000000086b00000| Untracked 
|  78|0x0000000086c00000, 0x0000000086c00000, 0x0000000086d00000|  0%| F|  |TAMS 0x0000000086c00000| PB 0x0000000086c00000| Untracked 
|  79|0x0000000086d00000, 0x0000000086d00000, 0x0000000086e00000|  0%| F|  |TAMS 0x0000000086d00000| PB 0x0000000086d00000| Untracked 
|  80|0x0000000086e00000, 0x0000000086e00000, 0x0000000086f00000|  0%| F|  |TAMS 0x0000000086e00000| PB 0x0000000086e00000| Untracked 
|  81|0x0000000086f00000, 0x0000000086f00000, 0x0000000087000000|  0%| F|  |TAMS 0x0000000086f00000| PB 0x0000000086f00000| Untracked 
|  82|0x0000000087000000, 0x0000000087000000, 0x0000000087100000|  0%| F|  |TAMS 0x0000000087000000| PB 0x0000000087000000| Untracked 
| 127|0x0000000089d00000, 0x0000000089d00000, 0x0000000089e00000|  0%| F|  |TAMS 0x0000000089d00000| PB 0x0000000089d00000| Untracked 

Card table byte_map: [0x0000027eaebf0000,0x0000027eaeff0000] _byte_map_base: 0x0000027eae7e1000

Marking Bits: (CMBitMap*) 0x0000027e97778750
 Bits: [0x0000027eaf3f0000, 0x0000027eb1378000)

Polling page: 0x0000027e96ee0000

Metaspace:

Usage:
  Non-class:     50.25 MB used.
      Class:      7.53 MB used.
       Both:     57.78 MB used.

Virtual space:
  Non-class space:       64.00 MB reserved,      50.56 MB ( 79%) committed,  1 nodes.
      Class space:        1.00 GB reserved,       7.81 MB ( <1%) committed,  1 nodes.
             Both:        1.06 GB reserved,      58.38 MB (  5%) committed. 

Chunk freelists:
   Non-Class:  864.00 KB
       Class:  230.00 KB
        Both:  1.07 MB

MaxMetaspaceSize: unlimited
CompressedClassSpaceSize: 1.00 GB
Initial GC threshold: 21.00 MB
Current GC threshold: 59.50 MB
CDS: on
MetaspaceReclaimPolicy: balanced
 - commit_granule_bytes: 65536.
 - commit_granule_words: 8192.
 - virtual_space_node_default_size: 8388608.
 - enlarge_chunks_in_place: 1.
 - new_chunks_are_fully_committed: 0.
 - uncommit_free_chunks: 1.
 - use_allocation_guard: 0.


Internal statistics:

num_allocs_failed_limit: 9.
num_arena_births: 758.
num_arena_deaths: 0.
num_vsnodes_births: 2.
num_vsnodes_deaths: 0.
num_space_committed: 934.
num_space_uncommitted: 0.
num_chunks_returned_to_freelist: 9.
num_chunks_taken_from_freelist: 2746.
num_chunk_merges: 9.
num_chunk_splits: 1990.
num_chunks_enlarged: 1583.
num_inconsistent_stats: 0.

CodeHeap 'non-profiled nmethods': size=120000Kb used=2616Kb max_used=2616Kb free=117383Kb
 bounds [0x0000027ea72c0000, 0x0000027ea7550000, 0x0000027eae7f0000]
CodeHeap 'profiled nmethods': size=120000Kb used=10858Kb max_used=10858Kb free=109141Kb
 bounds [0x0000027e9f7f0000, 0x0000027ea0290000, 0x0000027ea6d20000]
CodeHeap 'non-nmethods': size=5760Kb used=1720Kb max_used=1768Kb free=4039Kb
 bounds [0x0000027ea6d20000, 0x0000027ea6f90000, 0x0000027ea72c0000]
 total_blobs=6178 nmethods=5484 adapters=603
 compilation: enabled
              stopped_count=0, restarted_count=0
 full_count=0

Compilation events (20 events):
Event: 13.456 Thread 0x0000027eb385cc90 5903       2       java.util.regex.Pattern$Bound::match (34 bytes)
Event: 13.457 Thread 0x0000027eb385cc90 nmethod 5903 0x0000027ea0287b90 code [0x0000027ea0287d20, 0x0000027ea0287ed8]
Event: 13.457 Thread 0x0000027eb385cc90 5904       2       java.util.regex.Pattern$GroupTail::match (111 bytes)
Event: 13.457 Thread 0x0000027eb385cc90 nmethod 5904 0x0000027ea0287f90 code [0x0000027ea0288140, 0x0000027ea0288400]
Event: 13.458 Thread 0x0000027eb385cc90 5905       2       java.util.regex.Pattern$Behind::match (137 bytes)
Event: 13.459 Thread 0x0000027eb385cc90 nmethod 5905 0x0000027ea0288610 code [0x0000027ea02887c0, 0x0000027ea0288a88]
Event: 13.459 Thread 0x0000027eb385cc90 5906       2       java.util.regex.Pattern$Bound::check (174 bytes)
Event: 13.460 Thread 0x0000027eb385cc90 nmethod 5906 0x0000027ea0288c10 code [0x0000027ea0288ec0, 0x0000027ea0289700]
Event: 13.461 Thread 0x0000027eb385cc90 5907       2       java.util.regex.Pattern::qtype (39 bytes)
Event: 13.461 Thread 0x0000027eb385cc90 nmethod 5907 0x0000027ea0289c90 code [0x0000027ea0289e40, 0x0000027ea028a008]
Event: 13.461 Thread 0x0000027eb385cc90 5908       2       java.util.regex.Pattern$$Lambda$22/0x800000032::is (9 bytes)
Event: 13.462 Thread 0x0000027eb385cc90 nmethod 5908 0x0000027ea028a110 code [0x0000027ea028a2a0, 0x0000027ea028a3e8]
Event: 13.462 Thread 0x0000027eb385cc90 5909       2       java.util.regex.Pattern::lambda$negate$7 (16 bytes)
Event: 13.462 Thread 0x0000027eb385cc90 nmethod 5909 0x0000027ea028a490 code [0x0000027ea028a620, 0x0000027ea028a738]
Event: 13.462 Thread 0x0000027eb385cc90 5910       3       java.lang.Character::equals (29 bytes)
Event: 13.463 Thread 0x0000027eb385cc90 nmethod 5910 0x0000027ea028a810 code [0x0000027ea028a9c0, 0x0000027ea028ada8]
Event: 13.463 Thread 0x0000027eb385cc90 5911       2       java.util.regex.Pattern$BranchConn::match (11 bytes)
Event: 13.463 Thread 0x0000027eb385cc90 nmethod 5911 0x0000027ea028ae90 code [0x0000027ea028b020, 0x0000027ea028b150]
Event: 13.500 Thread 0x0000027eb385ac80 nmethod 5867 0x0000027ea754a390 code [0x0000027ea754a6a0, 0x0000027ea754cd18]
Event: 13.501 Thread 0x0000027eb385ac80 5859   !   4       org.springframework.core.annotation.AnnotationsScanner::processMethodHierarchy (276 bytes)

GC Heap History (20 events):
Event: 1.866 GC heap after
{Heap after GC invocations=2 (full 0):
 garbage-first heap   total 131072K, used 7510K [0x0000000081e00000, 0x0000000100000000)
  region size 1024K, 2 young (2048K), 2 survivors (2048K)
 Metaspace       used 7861K, committed 8128K, reserved 1114112K
  class space    used 933K, committed 1024K, reserved 1048576K
}
Event: 2.667 GC heap before
{Heap before GC invocations=2 (full 0):
 garbage-first heap   total 131072K, used 34134K [0x0000000081e00000, 0x0000000100000000)
  region size 1024K, 29 young (29696K), 2 survivors (2048K)
 Metaspace       used 15307K, committed 15616K, reserved 1114112K
  class space    used 1834K, committed 1984K, reserved 1048576K
}
Event: 2.673 GC heap after
{Heap after GC invocations=3 (full 0):
 garbage-first heap   total 131072K, used 9743K [0x0000000081e00000, 0x0000000100000000)
  region size 1024K, 4 young (4096K), 4 survivors (4096K)
 Metaspace       used 15307K, committed 15616K, reserved 1114112K
  class space    used 1834K, committed 1984K, reserved 1048576K
}
Event: 4.610 GC heap before
{Heap before GC invocations=3 (full 0):
 garbage-first heap   total 131072K, used 50703K [0x0000000081e00000, 0x0000000100000000)
  region size 1024K, 45 young (46080K), 4 survivors (4096K)
 Metaspace       used 21227K, committed 21504K, reserved 1114112K
  class space    used 2569K, committed 2688K, reserved 1048576K
}
Event: 4.624 GC heap after
{Heap after GC invocations=4 (full 0):
 garbage-first heap   total 131072K, used 13199K [0x0000000081e00000, 0x0000000100000000)
  region size 1024K, 7 young (7168K), 7 survivors (7168K)
 Metaspace       used 21227K, committed 21504K, reserved 1114112K
  class space    used 2569K, committed 2688K, reserved 1048576K
}
Event: 5.609 GC heap before
{Heap before GC invocations=5 (full 0):
 garbage-first heap   total 48128K, used 34703K [0x0000000081e00000, 0x0000000100000000)
  region size 1024K, 28 young (28672K), 7 survivors (7168K)
 Metaspace       used 25777K, committed 26176K, reserved 1114112K
  class space    used 3231K, committed 3392K, reserved 1048576K
}
Event: 5.629 GC heap after
{Heap after GC invocations=6 (full 0):
 garbage-first heap   total 48128K, used 15683K [0x0000000081e00000, 0x0000000100000000)
  region size 1024K, 3 young (3072K), 3 survivors (3072K)
 Metaspace       used 25777K, committed 26176K, reserved 1114112K
  class space    used 3231K, committed 3392K, reserved 1048576K
}
Event: 6.642 GC heap before
{Heap before GC invocations=6 (full 0):
 garbage-first heap   total 48128K, used 36163K [0x0000000081e00000, 0x0000000100000000)
  region size 1024K, 24 young (24576K), 3 survivors (3072K)
 Metaspace       used 30557K, committed 31040K, reserved 1114112K
  class space    used 3809K, committed 4032K, reserved 1048576K
}
Event: 6.663 GC heap after
{Heap after GC invocations=7 (full 0):
 garbage-first heap   total 48128K, used 17340K [0x0000000081e00000, 0x0000000100000000)
  region size 1024K, 2 young (2048K), 2 survivors (2048K)
 Metaspace       used 30557K, committed 31040K, reserved 1114112K
  class space    used 3809K, committed 4032K, reserved 1048576K
}
Event: 7.493 GC heap before
{Heap before GC invocations=7 (full 0):
 garbage-first heap   total 48128K, used 33724K [0x0000000081e00000, 0x0000000100000000)
  region size 1024K, 19 young (19456K), 2 survivors (2048K)
 Metaspace       used 35529K, committed 35968K, reserved 1114112K
  class space    used 4526K, committed 4736K, reserved 1048576K
}
Event: 7.503 GC heap after
{Heap after GC invocations=8 (full 0):
 garbage-first heap   total 48128K, used 18865K [0x0000000081e00000, 0x0000000100000000)
  region size 1024K, 2 young (2048K), 2 survivors (2048K)
 Metaspace       used 35529K, committed 35968K, reserved 1114112K
  class space    used 4526K, committed 4736K, reserved 1048576K
}
Event: 9.808 GC heap before
{Heap before GC invocations=9 (full 0):
 garbage-first heap   total 48128K, used 40369K [0x0000000081e00000, 0x0000000100000000)
  region size 1024K, 23 young (23552K), 2 survivors (2048K)
 Metaspace       used 43979K, committed 44544K, reserved 1114112K
  class space    used 5582K, committed 5824K, reserved 1048576K
}
Event: 9.818 GC heap after
{Heap after GC invocations=10 (full 0):
 garbage-first heap   total 48128K, used 21151K [0x0000000081e00000, 0x0000000100000000)
  region size 1024K, 3 young (3072K), 3 survivors (3072K)
 Metaspace       used 43979K, committed 44544K, reserved 1114112K
  class space    used 5582K, committed 5824K, reserved 1048576K
}
Event: 10.935 GC heap before
{Heap before GC invocations=10 (full 0):
 garbage-first heap   total 48128K, used 40607K [0x0000000081e00000, 0x0000000100000000)
  region size 1024K, 22 young (22528K), 3 survivors (3072K)
 Metaspace       used 50148K, committed 50688K, reserved 1114112K
  class space    used 6549K, committed 6784K, reserved 1048576K
}
Event: 10.950 GC heap after
{Heap after GC invocations=11 (full 0):
 garbage-first heap   total 48128K, used 22493K [0x0000000081e00000, 0x0000000100000000)
  region size 1024K, 2 young (2048K), 2 survivors (2048K)
 Metaspace       used 50148K, committed 50688K, reserved 1114112K
  class space    used 6549K, committed 6784K, reserved 1048576K
}
Event: 12.057 GC heap before
{Heap before GC invocations=11 (full 0):
 garbage-first heap   total 48128K, used 40925K [0x0000000081e00000, 0x0000000100000000)
  region size 1024K, 20 young (20480K), 2 survivors (2048K)
 Metaspace       used 53564K, committed 54080K, reserved 1114112K
  class space    used 7038K, committed 7232K, reserved 1048576K
}
Event: 12.064 GC heap after
{Heap after GC invocations=12 (full 0):
 garbage-first heap   total 48128K, used 23215K [0x0000000081e00000, 0x0000000100000000)
  region size 1024K, 2 young (2048K), 2 survivors (2048K)
 Metaspace       used 53564K, committed 54080K, reserved 1114112K
  class space    used 7038K, committed 7232K, reserved 1048576K
}
Event: 13.061 GC heap before
{Heap before GC invocations=12 (full 0):
 garbage-first heap   total 48128K, used 41647K [0x0000000081e00000, 0x0000000100000000)
  region size 1024K, 20 young (20480K), 2 survivors (2048K)
 Metaspace       used 57254K, committed 57920K, reserved 1114112K
  class space    used 7497K, committed 7808K, reserved 1048576K
}
Event: 13.071 GC heap after
{Heap after GC invocations=13 (full 0):
 garbage-first heap   total 48128K, used 25081K [0x0000000081e00000, 0x0000000100000000)
  region size 1024K, 3 young (3072K), 3 survivors (3072K)
 Metaspace       used 57254K, committed 57920K, reserved 1114112K
  class space    used 7497K, committed 7808K, reserved 1048576K
}
Event: 13.538 GC heap before
{Heap before GC invocations=13 (full 0):
 garbage-first heap   total 48128K, used 40441K [0x0000000081e00000, 0x0000000100000000)
  region size 1024K, 19 young (19456K), 3 survivors (3072K)
 Metaspace       used 59164K, committed 59776K, reserved 1114112K
  class space    used 7711K, committed 8000K, reserved 1048576K
}

Dll operation events (14 events):
Event: 0.021 Loaded shared library C:\Program Files\Java\jdk-20\bin\java.dll
Event: 0.054 Loaded shared library C:\Program Files\Java\jdk-20\bin\jsvml.dll
Event: 0.304 Loaded shared library C:\Program Files\Java\jdk-20\bin\zip.dll
Event: 0.316 Loaded shared library C:\Program Files\Java\jdk-20\bin\instrument.dll
Event: 0.338 Loaded shared library C:\Program Files\Java\jdk-20\bin\net.dll
Event: 0.342 Loaded shared library C:\Program Files\Java\jdk-20\bin\nio.dll
Event: 0.349 Loaded shared library C:\Program Files\Java\jdk-20\bin\zip.dll
Event: 0.598 Loaded shared library C:\Program Files\JetBrains\IntelliJ IDEA Community Edition 2023.1.2\bin\breakgen64.dll
Event: 0.613 Loaded shared library C:\Program Files\Java\jdk-20\bin\extnet.dll
Event: 0.673 Loaded shared library C:\Program Files\Java\jdk-20\bin\jimage.dll
Event: 2.266 Loaded shared library C:\Program Files\Java\jdk-20\bin\verify.dll
Event: 5.885 Loaded shared library C:\Program Files\Java\jdk-20\bin\sunmscapi.dll
Event: 5.911 Loaded shared library C:\Program Files\Java\jdk-20\bin\management.dll
Event: 5.914 Loaded shared library C:\Program Files\Java\jdk-20\bin\management_ext.dll

Deoptimization events (20 events):
Event: 13.232 Thread 0x0000027e9771eee0 DEOPT PACKING pc=0x0000027ea72cf0b0 sp=0x00000099083faaf0
Event: 13.232 Thread 0x0000027e9771eee0 DEOPT UNPACKING pc=0x0000027ea6d89d22 sp=0x00000099083faaa0 mode 2
Event: 13.234 Thread 0x0000027e9771eee0 Uncommon trap: trap_request=0xffffffc6 fr.pc=0x0000027ea72cf0b0 relative=0x00000000000004f0
Event: 13.234 Thread 0x0000027e9771eee0 Uncommon trap: reason=bimorphic_or_optimized_type_check action=maybe_recompile pc=0x0000027ea72cf0b0 method=java.util.regex.Matcher.search(I)Z @ 121 c2
Event: 13.234 Thread 0x0000027e9771eee0 DEOPT PACKING pc=0x0000027ea72cf0b0 sp=0x00000099083fa880
Event: 13.234 Thread 0x0000027e9771eee0 DEOPT UNPACKING pc=0x0000027ea6d89d22 sp=0x00000099083fa830 mode 2
Event: 13.234 Thread 0x0000027e9771eee0 Uncommon trap: trap_request=0xffffffc6 fr.pc=0x0000027ea72cf0b0 relative=0x00000000000004f0
Event: 13.234 Thread 0x0000027e9771eee0 Uncommon trap: reason=bimorphic_or_optimized_type_check action=maybe_recompile pc=0x0000027ea72cf0b0 method=java.util.regex.Matcher.search(I)Z @ 121 c2
Event: 13.234 Thread 0x0000027e9771eee0 DEOPT PACKING pc=0x0000027ea72cf0b0 sp=0x00000099083fa880
Event: 13.234 Thread 0x0000027e9771eee0 DEOPT UNPACKING pc=0x0000027ea6d89d22 sp=0x00000099083fa830 mode 2
Event: 13.234 Thread 0x0000027e9771eee0 Uncommon trap: trap_request=0xffffffc6 fr.pc=0x0000027ea72cf0b0 relative=0x00000000000004f0
Event: 13.234 Thread 0x0000027e9771eee0 Uncommon trap: reason=bimorphic_or_optimized_type_check action=maybe_recompile pc=0x0000027ea72cf0b0 method=java.util.regex.Matcher.search(I)Z @ 121 c2
Event: 13.234 Thread 0x0000027e9771eee0 DEOPT PACKING pc=0x0000027ea72cf0b0 sp=0x00000099083fa880
Event: 13.234 Thread 0x0000027e9771eee0 DEOPT UNPACKING pc=0x0000027ea6d89d22 sp=0x00000099083fa830 mode 2
Event: 13.362 Thread 0x0000027e9771eee0 Uncommon trap: trap_request=0xffffff45 fr.pc=0x0000027ea7539a84 relative=0x0000000000004d44
Event: 13.362 Thread 0x0000027e9771eee0 Uncommon trap: reason=unstable_if action=reinterpret pc=0x0000027ea7539a84 method=org.springframework.core.annotation.AnnotationsScanner.processMethodHierarchy(Ljava/lang/Object;[ILjava/lang/Class;Lorg/springframework/core/annotation/AnnotationsProcessor;
Event: 13.362 Thread 0x0000027e9771eee0 DEOPT PACKING pc=0x0000027ea7539a84 sp=0x00000099083fbd30
Event: 13.362 Thread 0x0000027e9771eee0 DEOPT UNPACKING pc=0x0000027ea6d89d22 sp=0x00000099083fbab8 mode 2
Event: 13.455 Thread 0x0000027e9771eee0 DEOPT PACKING pc=0x0000027ea000eedf sp=0x00000099083fbb80
Event: 13.455 Thread 0x0000027e9771eee0 DEOPT UNPACKING pc=0x0000027ea6d8a4c2 sp=0x00000099083fb038 mode 0

Classes loaded (20 events):
Event: 13.028 Loading class java/lang/Package$1PackageInfoProxy
Event: 13.028 Loading class java/lang/Package$1PackageInfoProxy done
Event: 13.178 Loading class java/util/stream/ReduceOps$5
Event: 13.179 Loading class java/util/stream/ReduceOps$5 done
Event: 13.179 Loading class java/util/stream/ReduceOps$CountingSink$OfRef
Event: 13.180 Loading class java/util/stream/ReduceOps$CountingSink
Event: 13.180 Loading class java/util/stream/ReduceOps$CountingSink done
Event: 13.180 Loading class java/util/stream/ReduceOps$CountingSink$OfRef done
Event: 13.223 Loading class java/lang/invoke/WrongMethodTypeException
Event: 13.223 Loading class java/lang/invoke/WrongMethodTypeException done
Event: 13.236 Loading class java/lang/Character$UnicodeBlock
Event: 13.238 Loading class java/lang/Character$Subset
Event: 13.238 Loading class java/lang/Character$Subset done
Event: 13.238 Loading class java/lang/Character$UnicodeBlock done
Event: 13.302 Loading class java/util/regex/Pattern$Bound
Event: 13.302 Loading class java/util/regex/Pattern$Bound done
Event: 13.303 Loading class java/util/regex/Pattern$Behind
Event: 13.304 Loading class java/util/regex/Pattern$Behind done
Event: 13.523 Loading class java/util/EmptyStackException
Event: 13.524 Loading class java/util/EmptyStackException done

Classes unloaded (0 events):
No events

Classes redefined (0 events):
No events

Internal exceptions (20 events):
Event: 10.420 Thread 0x0000027e9771eee0 Exception <a 'java/lang/NoSuchMethodError'{0x00000000843f64e0}: 'java.lang.Object java.lang.invoke.DirectMethodHandle$Holder.invokeStatic(java.lang.Object, java.lang.Object, int, java.lang.Object)'> (0x00000000843f64e0) 
thrown [s\open\src\hotspot\share\interpreter\linkResolver.cpp, line 773]
Event: 10.420 Thread 0x0000027e9771eee0 Exception <a 'java/lang/NoSuchMethodError'{0x00000000843fa4e8}: 'java.lang.Object java.lang.invoke.DirectMethodHandle$Holder.invokeStaticInit(java.lang.Object, java.lang.Object, int, java.lang.Object)'> (0x00000000843fa4e8) 
thrown [s\open\src\hotspot\share\interpreter\linkResolver.cpp, line 773]
Event: 10.480 Thread 0x0000027e9771eee0 Exception <a 'java/lang/IncompatibleClassChangeError'{0x0000000084116170}: Found class java.lang.Object, but interface was expected> (0x0000000084116170) 
thrown [s\open\src\hotspot\share\interpreter\linkResolver.cpp, line 840]
Event: 11.863 Thread 0x0000027e9771eee0 Exception <a 'java/lang/NoSuchMethodError'{0x0000000084082688}: 'int java.lang.invoke.DirectMethodHandle$Holder.invokeStatic(java.lang.Object, java.lang.Object, java.lang.Object, java.lang.Object, java.lang.Object)'> (0x0000000084082688) 
thrown [s\open\src\hotspot\share\interpreter\linkResolver.cpp, line 773]
Event: 11.864 Thread 0x0000027e9771eee0 Exception <a 'java/lang/NoSuchMethodError'{0x00000000840960c8}: 'java.lang.Object java.lang.invoke.DirectMethodHandle$Holder.newInvokeSpecial(java.lang.Object, java.lang.Object, java.lang.Object, java.lang.Object, java.lang.Object, java.lang.Object, java.lang.Object)'> (0x00000000840960c8) 
thrown [s\open\src\hotspot\share\interpreter\linkResolver.cpp, line 773]
Event: 11.931 Thread 0x0000027e9771eee0 Exception <a 'java/lang/NoSuchMethodError'{0x0000000083e60340}: 'void java.lang.invoke.DirectMethodHandle$Holder.invokeSpecial(java.lang.Object, java.lang.Object, java.lang.Object, java.lang.Object, java.lang.Object, java.lang.Object, java.lang.Object, java.lang.Object)'> (0x0000000083e60340) 
thrown [s\open\src\hotspot\share\interpreter\linkResolver.cpp, line 773]
Event: 11.938 Thread 0x0000027e9771eee0 Exception <a 'java/lang/NoSuchMethodError'{0x0000000083e9ea08}: 'java.lang.Object java.lang.invoke.DirectMethodHandle$Holder.newInvokeSpecial(java.lang.Object, java.lang.Object, int, java.lang.Object, int, java.lang.Object, java.lang.Object, java.lang.Object)'> (0x0000000083e9ea08) 
thrown [s\open\src\hotspot\share\interpreter\linkResolver.cpp, line 773]
Event: 11.939 Thread 0x0000027e9771eee0 Exception <a 'java/lang/NoSuchMethodError'{0x0000000083eb6938}: 'int java.lang.invoke.DirectMethodHandle$Holder.invokeSpecial(java.lang.Object, java.lang.Object, java.lang.Object, java.lang.Object, java.lang.Object, java.lang.Object)'> (0x0000000083eb6938) 
thrown [s\open\src\hotspot\share\interpreter\linkResolver.cpp, line 773]
Event: 11.941 Thread 0x0000027e9771eee0 Exception <a 'java/lang/NoSuchMethodError'{0x0000000083ec41e8}: 'void java.lang.invoke.DirectMethodHandle$Holder.invokeSpecial(java.lang.Object, java.lang.Object, java.lang.Object, java.lang.Object, java.lang.Object, java.lang.Object, java.lang.Object)'> (0x0000000083ec41e8) 
thrown [s\open\src\hotspot\share\interpreter\linkResolver.cpp, line 773]
Event: 11.956 Thread 0x0000027e9771eee0 Exception <a 'java/lang/NoSuchMethodError'{0x0000000083d178b8}: 'java.lang.Object java.lang.invoke.DirectMethodHandle$Holder.newInvokeSpecial(java.lang.Object, java.lang.Object, java.lang.Object, java.lang.Object, java.lang.Object, java.lang.Object, java.lang.Object, int)'> (0x0000000083d178b8) 
thrown [s\open\src\hotspot\share\interpreter\linkResolver.cpp, line 773]
Event: 11.956 Thread 0x0000027e9771eee0 Exception <a 'java/lang/NoSuchMethodError'{0x0000000083d1c628}: 'java.lang.Object java.lang.invoke.DirectMethodHandle$Holder.invokeSpecial(java.lang.Object, java.lang.Object, java.lang.Object, java.lang.Object, java.lang.Object, java.lang.Object, java.lang.Object, java.lang.Object, int)'> (0x0000000083d1c628) 
thrown [s\open\src\hotspot\share\interpreter\linkResolver.cpp, line 773]
Event: 12.000 Thread 0x0000027e9771eee0 Exception <a 'java/lang/NoSuchMethodError'{0x0000000083c52568}: 'void java.lang.invoke.DirectMethodHandle$Holder.invokeInterface(java.lang.Object, java.lang.Object)'> (0x0000000083c52568) 
thrown [s\open\src\hotspot\share\interpreter\linkResolver.cpp, line 773]
Event: 12.399 Thread 0x0000027e9771eee0 Exception <a 'java/lang/NoSuchMethodError'{0x0000000086ff6d78}: 'java.lang.Object java.lang.invoke.DirectMethodHandle$Holder.invokeSpecial(java.lang.Object, java.lang.Object, int, java.lang.Object, int)'> (0x0000000086ff6d78) 
thrown [s\open\src\hotspot\share\interpreter\linkResolver.cpp, line 773]
Event: 12.593 Thread 0x0000027e9771eee0 Exception <a 'java/lang/IncompatibleClassChangeError'{0x0000000086b735c0}: Found class java.lang.Object, but interface was expected> (0x0000000086b735c0) 
thrown [s\open\src\hotspot\share\interpreter\linkResolver.cpp, line 840]
Event: 12.640 Thread 0x0000027e9771eee0 Exception <a 'java/lang/IncompatibleClassChangeError'{0x0000000084401108}: Found class java.lang.Object, but interface was expected> (0x0000000084401108) 
thrown [s\open\src\hotspot\share\interpreter\linkResolver.cpp, line 840]
Event: 13.019 Thread 0x0000027e9771eee0 Exception <a 'java/lang/IncompatibleClassChangeError'{0x0000000083c380f8}: Found class java.lang.Object, but interface was expected> (0x0000000083c380f8) 
thrown [s\open\src\hotspot\share\interpreter\linkResolver.cpp, line 840]
Event: 13.258 Thread 0x0000027e9771eee0 Exception <a 'java/lang/IncompatibleClassChangeError'{0x0000000086b7eba0}: Found class java.lang.Object, but interface was expected> (0x0000000086b7eba0) 
thrown [s\open\src\hotspot\share\interpreter\linkResolver.cpp, line 840]
Event: 13.259 Thread 0x0000027e9771eee0 Exception <a 'java/lang/IncompatibleClassChangeError'{0x0000000086b85720}: Found class java.lang.Object, but interface was expected> (0x0000000086b85720) 
thrown [s\open\src\hotspot\share\interpreter\linkResolver.cpp, line 840]
Event: 13.346 Thread 0x0000027e9771eee0 Exception <a 'java/lang/NoSuchMethodError'{0x00000000844af620}: 'void java.lang.invoke.Invokers$Holder.invokeExact_MT(java.lang.Object, java.lang.Object, java.lang.Object, java.lang.Object)'> (0x00000000844af620) 
thrown [s\open\src\hotspot\share\interpreter\linkResolver.cpp, line 773]
Event: 13.443 Thread 0x0000027e9771eee0 Exception <a 'java/lang/NoSuchMethodError'{0x0000000083e10f88}: 'int java.lang.invoke.DirectMethodHandle$Holder.invokeStatic(java.lang.Object, int, java.lang.Object)'> (0x0000000083e10f88) 
thrown [s\open\src\hotspot\share\interpreter\linkResolver.cpp, line 773]

VM Operations (20 events):
Event: 9.818 Executing VM operation: G1CollectForAllocation done
Event: 10.700 Executing VM operation: HandshakeAllThreads
Event: 10.700 Executing VM operation: HandshakeAllThreads done
Event: 10.935 Executing VM operation: G1CollectForAllocation
Event: 10.950 Executing VM operation: G1CollectForAllocation done
Event: 11.638 Executing VM operation: ICBufferFull
Event: 11.638 Executing VM operation: ICBufferFull done
Event: 12.057 Executing VM operation: G1CollectForAllocation
Event: 12.064 Executing VM operation: G1CollectForAllocation done
Event: 12.157 Executing VM operation: HandshakeAllThreads
Event: 12.157 Executing VM operation: HandshakeAllThreads done
Event: 12.842 Executing VM operation: HandshakeAllThreads
Event: 12.842 Executing VM operation: HandshakeAllThreads done
Event: 13.060 Executing VM operation: G1CollectForAllocation
Event: 13.073 Executing VM operation: G1CollectForAllocation done
Event: 13.133 Executing VM operation: HandshakeAllThreads
Event: 13.133 Executing VM operation: HandshakeAllThreads done
Event: 13.135 Executing VM operation: HandshakeAllThreads
Event: 13.135 Executing VM operation: HandshakeAllThreads done
Event: 13.538 Executing VM operation: G1CollectForAllocation

Events (20 events):
Event: 7.555 Thread 0x0000027eb382f330 flushing nmethod 0x0000027ea72f5d90
Event: 7.555 Thread 0x0000027eb382f330 flushing nmethod 0x0000027ea72ea510
Event: 7.555 Thread 0x0000027eb382f330 flushing nmethod 0x0000027ea72e9a90
Event: 7.555 Thread 0x0000027eb382f330 flushing nmethod 0x0000027ea72f2090
Event: 7.555 Thread 0x0000027eb382f330 flushing nmethod 0x0000027ea72e9790
Event: 7.555 Thread 0x0000027eb382f330 flushing nmethod 0x0000027ea72e9410
Event: 7.555 Thread 0x0000027eb382f330 flushing nmethod 0x0000027ea72e9090
Event: 7.555 Thread 0x0000027eb382f330 flushing nmethod 0x0000027ea72e8d90
Event: 7.555 Thread 0x0000027eb382f330 flushing nmethod 0x0000027ea72d9e90
Event: 7.555 Thread 0x0000027eb382f330 flushing nmethod 0x0000027ea72d8910
Event: 7.555 Thread 0x0000027eb382f330 flushing nmethod 0x0000027ea72d7310
Event: 7.555 Thread 0x0000027eb382f330 flushing nmethod 0x0000027ea72ce110
Event: 7.555 Thread 0x0000027eb382f330 flushing nmethod 0x0000027ea72d6010
Event: 7.555 Thread 0x0000027eb382f330 flushing nmethod 0x0000027ea72d3610
Event: 7.555 Thread 0x0000027eb382f330 flushing nmethod 0x0000027ea72d2d10
Event: 7.555 Thread 0x0000027eb382f330 flushing nmethod 0x0000027ea72d1890
Event: 7.555 Thread 0x0000027eb382f330 flushing nmethod 0x0000027ea72cc210
Event: 7.555 Thread 0x0000027eb382f330 flushing nmethod 0x0000027ea72c1410
Event: 8.698 Thread 0x0000027ef9b5f790 Thread added: 0x0000027ef9b5f790
Event: 8.813 Thread 0x0000027ef9b60230 Thread added: 0x0000027ef9b60230


Dynamic libraries:
0x00007ff798900000 - 0x00007ff798910000 	C:\Program Files\Java\jdk-20\bin\java.exe
0x00007ffd39df0000 - 0x00007ffd39fe8000 	C:\Windows\SYSTEM32\ntdll.dll
0x00007ffd38870000 - 0x00007ffd3892d000 	C:\Windows\System32\KERNEL32.DLL
0x00007ffd37700000 - 0x00007ffd379f6000 	C:\Windows\System32\KERNELBASE.dll
0x00007ffd37c30000 - 0x00007ffd37d30000 	C:\Windows\System32\ucrtbase.dll
0x00007ffd286a0000 - 0x00007ffd286bb000 	C:\Program Files\Java\jdk-20\bin\VCRUNTIME140.dll
0x00007ffd286c0000 - 0x00007ffd286d9000 	C:\Program Files\Java\jdk-20\bin\jli.dll
0x00007ffd39120000 - 0x00007ffd391cf000 	C:\Windows\System32\ADVAPI32.dll
0x00007ffd39d00000 - 0x00007ffd39d9e000 	C:\Windows\System32\msvcrt.dll
0x00007ffd39080000 - 0x00007ffd3911c000 	C:\Windows\System32\sechost.dll
0x00007ffd38ad0000 - 0x00007ffd38bf6000 	C:\Windows\System32\RPCRT4.dll
0x00007ffd38930000 - 0x00007ffd38ace000 	C:\Windows\System32\USER32.dll
0x00007ffd37c00000 - 0x00007ffd37c22000 	C:\Windows\System32\win32u.dll
0x00007ffd25850000 - 0x00007ffd25aea000 	C:\Windows\WinSxS\amd64_microsoft.windows.common-controls_6595b64144ccf1df_6.0.19041.3636_none_60b6a03d71f818d5\COMCTL32.dll
0x00007ffd382e0000 - 0x00007ffd3830c000 	C:\Windows\System32\GDI32.dll
0x00007ffd37d30000 - 0x00007ffd37e4a000 	C:\Windows\System32\gdi32full.dll
0x00007ffd374d0000 - 0x00007ffd3756d000 	C:\Windows\System32\msvcp_win.dll
0x00007ffd2a4b0000 - 0x00007ffd2a4ba000 	C:\Windows\SYSTEM32\VERSION.dll
0x00007ffd38c00000 - 0x00007ffd38c30000 	C:\Windows\System32\IMM32.DLL
0x00007ffd32060000 - 0x00007ffd3206c000 	C:\Program Files\Java\jdk-20\bin\vcruntime140_1.dll
0x00007ffd0ae50000 - 0x00007ffd0aede000 	C:\Program Files\Java\jdk-20\bin\msvcp140.dll
0x00007ffcf7460000 - 0x00007ffcf80f8000 	C:\Program Files\Java\jdk-20\bin\server\jvm.dll
0x00007ffd28e50000 - 0x00007ffd28e77000 	C:\Windows\SYSTEM32\WINMM.dll
0x00007ffd32b40000 - 0x00007ffd32b49000 	C:\Windows\SYSTEM32\WSOCK32.dll
0x00007ffd39010000 - 0x00007ffd3907b000 	C:\Windows\System32\WS2_32.dll
0x00007ffd35ce0000 - 0x00007ffd35cf2000 	C:\Windows\SYSTEM32\kernel.appcore.dll
0x00007ffd2ac00000 - 0x00007ffd2ac0a000 	C:\Program Files\Java\jdk-20\bin\jimage.dll
0x00007ffd2cd90000 - 0x00007ffd2cf74000 	C:\Windows\SYSTEM32\DBGHELP.DLL
0x00007ffd2bd90000 - 0x00007ffd2bdc4000 	C:\Windows\SYSTEM32\dbgcore.DLL
0x00007ffd37570000 - 0x00007ffd375f2000 	C:\Windows\System32\bcryptPrimitives.dll
0x00007ffd30c00000 - 0x00007ffd30c0e000 	C:\Program Files\Java\jdk-20\bin\instrument.dll
0x00007ffd28670000 - 0x00007ffd28696000 	C:\Program Files\Java\jdk-20\bin\java.dll
0x00007ffd0a930000 - 0x00007ffd0aa07000 	C:\Program Files\Java\jdk-20\bin\jsvml.dll
0x00007ffd393d0000 - 0x00007ffd39b14000 	C:\Windows\System32\SHELL32.dll
0x00007ffd34fa0000 - 0x00007ffd3573b000 	C:\Windows\SYSTEM32\windows.storage.dll
0x00007ffd38cb0000 - 0x00007ffd39004000 	C:\Windows\System32\combase.dll
0x00007ffd36d60000 - 0x00007ffd36d8d000 	C:\Windows\SYSTEM32\Wldp.dll
0x00007ffd39c50000 - 0x00007ffd39cfd000 	C:\Windows\System32\SHCORE.dll
0x00007ffd38810000 - 0x00007ffd38865000 	C:\Windows\System32\shlwapi.dll
0x00007ffd37400000 - 0x00007ffd37425000 	C:\Windows\SYSTEM32\profapi.dll
0x00007ffd1a8c0000 - 0x00007ffd1a8d8000 	C:\Program Files\Java\jdk-20\bin\zip.dll
0x00007ffd1d910000 - 0x00007ffd1d923000 	C:\Program Files\Java\jdk-20\bin\net.dll
0x00007ffd2fc30000 - 0x00007ffd2fd3a000 	C:\Windows\SYSTEM32\WINHTTP.dll
0x00007ffd36b40000 - 0x00007ffd36baa000 	C:\Windows\system32\mswsock.dll
0x00007ffd1b600000 - 0x00007ffd1b616000 	C:\Program Files\Java\jdk-20\bin\nio.dll
0x00007ffd2e950000 - 0x00007ffd2e96a000 	C:\Program Files\JetBrains\IntelliJ IDEA Community Edition 2023.1.2\bin\breakgen64.dll
0x00007ffd317e0000 - 0x00007ffd317e7000 	C:\Program Files\Java\jdk-20\bin\extnet.dll
0x00007ffd30ee0000 - 0x00007ffd30ef0000 	C:\Program Files\Java\jdk-20\bin\verify.dll
0x00007ffd36da0000 - 0x00007ffd36db8000 	C:\Windows\SYSTEM32\CRYPTSP.dll
0x00007ffd36490000 - 0x00007ffd364c4000 	C:\Windows\system32\rsaenh.dll
0x00007ffd37a00000 - 0x00007ffd37a27000 	C:\Windows\System32\bcrypt.dll
0x00007ffd373c0000 - 0x00007ffd373ee000 	C:\Windows\SYSTEM32\USERENV.dll
0x00007ffd36cd0000 - 0x00007ffd36cdc000 	C:\Windows\SYSTEM32\CRYPTBASE.dll
0x00007ffd36850000 - 0x00007ffd3688b000 	C:\Windows\SYSTEM32\IPHLPAPI.DLL
0x00007ffd38310000 - 0x00007ffd38318000 	C:\Windows\System32\NSI.dll
0x00007ffd2fe20000 - 0x00007ffd2fe37000 	C:\Windows\SYSTEM32\dhcpcsvc6.DLL
0x00007ffd2fda0000 - 0x00007ffd2fdbd000 	C:\Windows\SYSTEM32\dhcpcsvc.DLL
0x00007ffd36890000 - 0x00007ffd3695a000 	C:\Windows\SYSTEM32\DNSAPI.dll
0x00007ffd2a9c0000 - 0x00007ffd2a9ce000 	C:\Program Files\Java\jdk-20\bin\sunmscapi.dll
0x00007ffd37aa0000 - 0x00007ffd37bfd000 	C:\Windows\System32\CRYPT32.dll
0x00007ffd36eb0000 - 0x00007ffd36ed7000 	C:\Windows\SYSTEM32\ncrypt.dll
0x00007ffd36e70000 - 0x00007ffd36eab000 	C:\Windows\SYSTEM32\NTASN1.dll
0x00007ffd302a0000 - 0x00007ffd302aa000 	C:\Program Files\Java\jdk-20\bin\management.dll
0x00007ffd2ab40000 - 0x00007ffd2ab4b000 	C:\Program Files\Java\jdk-20\bin\management_ext.dll
0x00007ffd382d0000 - 0x00007ffd382d8000 	C:\Windows\System32\PSAPI.DLL
0x00007ffd2a4a0000 - 0x00007ffd2a4aa000 	C:\Windows\System32\rasadhlp.dll
0x00007ffd2f7b0000 - 0x00007ffd2f830000 	C:\Windows\System32\fwpuclnt.dll

dbghelp: loaded successfully - version: 4.0.5 - missing functions: none
symbol engine: initialized successfully - sym options: 0x614 - pdb path: .;C:\Program Files\Java\jdk-20\bin;C:\Windows\SYSTEM32;C:\Windows\WinSxS\amd64_microsoft.windows.common-controls_6595b64144ccf1df_6.0.19041.3636_none_60b6a03d71f818d5;C:\Program Files\Java\jdk-20\bin\server;C:\Program Files\JetBrains\IntelliJ IDEA Community Edition 2023.1.2\bin

VM Arguments:
jvm_args: -javaagent:C:\Program Files\JetBrains\IntelliJ IDEA Community Edition 2023.1.2\lib\idea_rt.jar=55799:C:\Program Files\JetBrains\IntelliJ IDEA Community Edition 2023.1.2\bin -Dfile.encoding=UTF-8 -Dsun.stdout.encoding=UTF-8 -Dsun.stderr.encoding=UTF-8 
java_command: com.exam.SecurityApplication
java_class_path (initial): G:\Project\Exams\BackEnd\ExamServer_Springboot\target\classes;C:\Users\D e r r y\.m2\repository\org\springframework\boot\spring-boot-starter-security\3.0.4\spring-boot-starter-security-3.0.4.jar;C:\Users\D e r r y\.m2\repository\org\springframework\boot\spring-boot-starter\3.0.1\spring-boot-starter-3.0.1.jar;C:\Users\D e r r y\.m2\repository\org\springframework\boot\spring-boot\3.0.1\spring-boot-3.0.1.jar;C:\Users\D e r r y\.m2\repository\org\springframework\boot\spring-boot-autoconfigure\3.0.1\spring-boot-autoconfigure-3.0.1.jar;C:\Users\D e r r y\.m2\repository\org\springframework\boot\spring-boot-starter-logging\3.0.1\spring-boot-starter-logging-3.0.1.jar;C:\Users\D e r r y\.m2\repository\ch\qos\logback\logback-classic\1.4.5\logback-classic-1.4.5.jar;C:\Users\D e r r y\.m2\repository\ch\qos\logback\logback-core\1.4.5\logback-core-1.4.5.jar;C:\Users\D e r r y\.m2\repository\org\apache\logging\log4j\log4j-to-slf4j\2.19.0\log4j-to-slf4j-2.19.0.jar;C:\Users\D e r r y\.m2\repository\org\apache\logging\log4j\log4j-api\2.19.0\log4j-api-2.19.0.jar;C:\Users\D e r r y\.m2\repository\org\slf4j\jul-to-slf4j\2.0.6\jul-to-slf4j-2.0.6.jar;C:\Users\D e r r y\.m2\repository\jakarta\annotation\jakarta.annotation-api\2.1.1\jakarta.annotation-api-2.1.1.jar;C:\Users\D e r r y\.m2\repository\org\yaml\snakeyaml\1.33\snakeyaml-1.33.jar;C:\Users\D e r r y\.m2\repository\org\springframework\spring-aop\6.0.3\spring-aop-6.0.3.jar;C:\Users\D e r r y\.m2\repository\org\springframework\security\spring-security-config\6.0.1\spring-security-config-6.0.1.jar;C:\Users\D e r r y\.m2\repository\org\springframework\security\spring-security-web\6.0.1\spring-security-web-6.0.1.jar;C:\Users\D e r r y\.m2\repository\org\springframework\boot\spring-boot-starter-web\3.1.0\spring-boot-starter-web-3.1.0.jar;C:\Users\D e r r y\.m2\repository\org\springframework\boot\spring-boot-starter-json\3.0.1\spring-boot-starter-json-3.0.1.jar;C:\Users\D e r r y\.m2\repository\com\fasterxml\jackson\datatype\jackson-datatype-jdk8\2.14.1\jackson-datatype-jdk8-2.14.1.jar;C:\Users\D e r r y\.m2\repository\com\fasterxml\jackson\datatype\jackson-datatype-jsr310\2.14.1\jackson-datatype-jsr310-2.14.1.jar;C:\Users\D e r r y\.m2\repository\com\fasterxml\jackson\module\jackson-module-parameter-names\2.14.1\jackson-module-parameter-names-2.14.1.jar;C:\Users\D e r r y\.m2\repository\org\springframework\boot\spring-boot-starter-tomcat\3.0.1\spring-boot-starter-tomcat-3.0.1.jar;C:\Users\D e r r y\.m2\repository\org\apache\tomcat\embed\tomcat-embed-core\10.1.4\tomcat-embed-core-10.1.4.jar;C:\Users\D e r r y\.m2\repository\org\apache\tomcat\embed\tomcat-embed-el\10.1.4\tomcat-embed-el-10.1.4.jar;C:\Users\D e r r y\.m2\repository\org\apache\tomcat\embed\tomcat-embed-websocket\10.1.4\tomcat-embed-websocket-10.1.4.jar;C:\Users\D e r r y\.m2\repository\org\springframework\spring-web\6.0.3\spring-web-6.0.3.jar;C:\Users\D e r r y\.m2\repository\io\micrometer\micrometer-observation\1.10.2\micrometer-observation-1.10.2.jar;C:\Users\D e r r y\.m2\repository\io\micrometer\micrometer-commons\1.10.2\micrometer-commons-1.10.2.jar;C:\Users\D e r r y\.m2\repository\org\springframework\spring-webmvc\6.0.3\spring-webmvc-6.0.3.jar;C:\Users\D e r r y\.m2\repository\com\mysql\mysql-connector-j\8.0.32\mysql-connector-j-8.0.32.jar;C:\Users\D e r r y\.m2\repository\org\springframework\boot\spring-boot-starter-data-jpa\3.0.4\spring-boot-starter-data-jpa-3.0.4.jar;C:\Users\D e r r y\.m2\repository\org\springframework\boot\spring-boot-starter-aop\3.0.1\spring-boot-starter-aop-3.0.1.jar;C:\Users\D e r r y\.m2\repository\org\aspectj\aspectjweaver\1.9.19\aspectjweaver-1.9.19.jar;C:\Users\D e r r y\.m2\repository\org\springframework\boot\spring-boot-starter-jdbc\3.0.1\spring-boot-starter-jdbc-3.0.1.jar;C:\Users\D e r r y\.m2\repository\com\zaxxer\HikariCP\5.0.1\HikariCP-5.0.1.jar;C:\Users\D e r r y\.m2\repository\org\springframework\spring-jdbc\6.0.3\spring-jdbc-6.0.3.jar;C:\Users\D e r r y\.m2\repository\org\hibernate\orm\hibernate-core\6.1.6.Final\hibernate-core-6.1.6.Final.jar;C:\Users\D e r r y\.m2\repository\jakarta\persistence\jakarta.persistence-api\3.1.0\jakarta.persistence-api-3.1.0.jar;C:\Users\D e r r y\.m2\repository\jakarta\transaction\jakarta.transaction-api\2.0.1\jakarta.transaction-api-2.0.1.jar;C:\Users\D e r r y\.m2\repository\org\jboss\logging\jboss-logging\3.5.0.Final\jboss-logging-3.5.0.Final.jar;C:\Users\D e r r y\.m2\repository\org\hibernate\common\hibernate-commons-annotations\6.0.2.Final\hibernate-commons-annotations-6.0.2.Final.jar;C:\Users\D e r r y\.m2\repository\org\jboss\jandex\2.4.2.Final\jandex-2.4.2.Final.jar;C:\Users\D e r r y\.m2\repository\com\fasterxml\classmate\1.5.1\classmate-1.5.1.jar;C:\Users\D e r r y\.m2\repository\net\bytebuddy\byte-buddy\1.12.20\byte-buddy-1.12.20.jar;C:\Users\D e r r y\.m2\repository\org\glassfish\jaxb\jaxb-runtime\4.0.1\jaxb-runtime-4.0.1.jar;C:\Users\D e r r y\.m2\repository\org\glassfish\jaxb\jaxb-core\4.0.1\jaxb-core-4.0.1.jar;C:\Users\D e r r y\.m2\repository\org\eclipse\angus\angus-activation\1.0.0\angus-activation-1.0.0.jar;C:\Users\D e r r y\.m2\repository\org\glassfish\jaxb\txw2\4.0.1\txw2-4.0.1.jar;C:\Users\D e r r y\.m2\repository\com\sun\istack\istack-commons-runtime\4.1.1\istack-commons-runtime-4.1.1.jar;C:\Users\D e r r y\.m2\repository\jakarta\inject\jakarta.inject-api\2.0.0\jakarta.inject-api-2.0.0.jar;C:\Users\D e r r y\.m2\repository\org\antlr\antlr4-runtime\4.10.1\antlr4-runtime-4.10.1.jar;C:\Users\D e r r y\.m2\repository\org\springframework\data\spring-data-jpa\3.0.0\spring-data-jpa-3.0.0.jar;C:\Users\D e r r y\.m2\repository\org\springframework\data\spring-data-commons\3.0.0\spring-data-commons-3.0.0.jar;C:\Users\D e r r y\.m2\repository\org\springframework\spring-orm\6.0.3\spring-orm-6.0.3.jar;C:\Users\D e r r y\.m2\repository\org\springframework\spring-tx\6.0.3\spring-tx-6.0.3.jar;C:\Users\D e r r y\.m2\repository\org\slf4j\slf4j-api\2.0.6\slf4j-api-2.0.6.jar;C:\Users\D e r r y\.m2\repository\org\springframework\spring-aspects\6.0.3\spring-aspects-6.0.3.jar;C:\Users\D e r r y\.m2\repository\org\projectlombok\lombok\1.18.26\lombok-1.18.26.jar;C:\Users\D e r r y\.m2\repository\org\springframework\spring-context\6.0.9\spring-context-6.0.9.jar;C:\Users\D e r r y\.m2\repository\org\springframework\spring-beans\6.0.3\spring-beans-6.0.3.jar;C:\Users\D e r r y\.m2\repository\org\springframework\spring-core\6.0.3\spring-core-6.0.3.jar;C:\Users\D e r r y\.m2\repository\org\springframework\spring-jcl\6.0.3\spring-jcl-6.0.3.jar;C:\Users\D e r r y\.m2\repository\org\springframework\spring-expression\6.0.3\spring-expression-6.0.3.jar;C:\Users\D e r r y\.m2\repository\io\jsonwebtoken\jjwt-api\0.11.5\jjwt-api-0.11.5.jar;C:\Users\D e r r y\.m2\repository\io\jsonwebtoken\jjwt-impl\0.11.5\jjwt-impl-0.11.5.jar;C:\Users\D e r r y\.m2\repository\io\jsonwebtoken\jjwt-jackson\0.11.5\jjwt-jackson-0.11.5.jar;C:\Users\D e r r y\.m2\repository\com\fasterxml\jackson\core\jackson-databind\2.14.1\jackson-databind-2.14.1.jar;C:\Users\D e r r y\.m2\repository\com\fasterxml\jackson\core\jackson-annotations\2.14.1\jackson-annotations-2.14.1.jar;C:\Users\D e r r y\.m2\repository\com\fasterxml\jackson\core\jackson-core\2.14.1\jackson-core-2.14.1.jar;C:\Users\D e r r y\.m2\repository\jakarta\xml\bind\jakarta.xml.bind-api\4.0.0\jakarta.xml.bind-api-4.0.0.jar;C:\Users\D e r r y\.m2\repository\jakarta\activation\jakarta.activation-api\2.1.0\jakarta.activation-api-2.1.0.jar;C:\Users\D e r r y\.m2\repository\org\springframework\security\spring-security-core\6.0.1\spring-security-core-6.0.1.jar;C:\Users\D e r r y\.m2\repository\org\springframework\security\spring-security-crypto\6.0.1\spring-security-crypto-6.0.1.jar
Launcher Type: SUN_STANDARD

[Global flags]
     intx CICompilerCount                          = 3                                         {product} {ergonomic}
     uint ConcGCThreads                            = 1                                         {product} {ergonomic}
     uint G1ConcRefinementThreads                  = 4                                         {product} {ergonomic}
   size_t G1HeapRegionSize                         = 1048576                                   {product} {ergonomic}
    uintx GCDrainStackTargetSize                   = 64                                        {product} {ergonomic}
   size_t InitialHeapSize                          = 134217728                                 {product} {ergonomic}
   size_t MarkStackSize                            = 4194304                                   {product} {ergonomic}
   size_t MaxHeapSize                              = 2116026368                                {product} {ergonomic}
   size_t MaxNewSize                               = 1268776960                                {product} {ergonomic}
   size_t MinHeapDeltaBytes                        = 1048576                                   {product} {ergonomic}
   size_t MinHeapSize                              = 8388608                                   {product} {ergonomic}
    uintx NonNMethodCodeHeapSize                   = 5832780                                {pd product} {ergonomic}
    uintx NonProfiledCodeHeapSize                  = 122912730                              {pd product} {ergonomic}
    uintx ProfiledCodeHeapSize                     = 122912730                              {pd product} {ergonomic}
    uintx ReservedCodeCacheSize                    = 251658240                              {pd product} {ergonomic}
     bool SegmentedCodeCache                       = true                                      {product} {ergonomic}
   size_t SoftMaxHeapSize                          = 2116026368                             {manageable} {ergonomic}
     bool UseCompressedClassPointers               = true                           {product lp64_product} {ergonomic}
     bool UseCompressedOops                        = true                           {product lp64_product} {ergonomic}
     bool UseG1GC                                  = true                                      {product} {ergonomic}
     bool UseLargePagesIndividualAllocation        = false                                  {pd product} {ergonomic}

Logging:
Log output configuration:
 #0: stdout all=warning uptime,level,tags foldmultilines=false
 #1: stderr all=off uptime,level,tags foldmultilines=false

Environment Variables:
PATH=C:\Program Files\Common Files\Oracle\Java\javapath;C:\Program Files (x86)\Common Files\Oracle\Java\javapath;C:\Windows\system32;C:\Windows;C:\Windows\System32\Wbem;C:\Windows\System32\WindowsPowerShell\v1.0\;C:\Windows\System32\OpenSSH\;C:\Program Files\nodejs\;C:\Program Files\Git\cmd;C:\ProgramData\chocolatey\bin;C:\Program Files\apache-maven-3.9.4-bin\apache-maven-3.9.4\bin;C:\Program Files\dotnet\;C:\Users\D e r r y\anaconda3;C:\Users\D e r r y\anaconda3\Library\mingw-w64\bin;C:\Users\D e r r y\anaconda3\Library\usr\bin;C:\Users\D e r r y\anaconda3\Library\bin;C:\Users\D e r r y\anaconda3\Scripts;C:\Program Files\MySQL\MySQL Shell 8.0\bin\;C:\Users\D e r r y\AppData\Local\Microsoft\WindowsApps;C:\Program Files\JetBrains\IntelliJ IDEA Community Edition 2023.1.2\bin;;C:\Program Files\JetBrains\PyCharm Community Edition 2023.1.2\bin;;C:\Users\D e r r y\AppData\Roaming\npm;C:\Users\D e r r y\AppData\Local\Programs\Microsoft VS Code\bin;C:\Users\D e r r y\AppData\Local\Programs\MiKTeX\miktex\bin\x64\;C:\Users\D e r r y\AppData\Local\GitHubDesktop\bin;C:\Program Files\heroku\bin;C:\Program Files\bin
USERNAME=D e r r y
OS=Windows_NT
PROCESSOR_IDENTIFIER=Intel64 Family 6 Model 61 Stepping 4, GenuineIntel
TMP=C:\Users\DERRY~1\AppData\Local\Temp
TEMP=C:\Users\DERRY~1\AppData\Local\Temp




---------------  S Y S T E M  ---------------

OS:
 Windows 10 , 64 bit Build 19041 (10.0.19041.3636)
OS uptime: 0 days 19:04 hours
Hyper-V role detected

CPU: total 4 (initial active 4) (2 cores per cpu, 2 threads per core) family 6 model 61 stepping 4 microcode 0x2f, cx8, cmov, fxsr, ht, mmx, 3dnowpref, sse, sse2, sse3, ssse3, sse4.1, sse4.2, popcnt, lzcnt, tsc, tscinvbit, avx, avx2, aes, erms, clmul, bmi1, bmi2, rtm, adx, fma, vzeroupper, clflush, hv, rdtscp, f16c

Memory: 4k page, system-wide physical 8067M (286M free)
TotalPageFile size 10115M (AvailPageFile size 92M)
current process WorkingSet (physical memory assigned to process): 211M, peak: 213M
current process commit charge ("private bytes"): 239M, peak: 251M

vm_info: Java HotSpot(TM) 64-Bit Server VM (20.0.2+9-78) for windows-amd64 JRE (20.0.2+9-78), built on 2023-06-14T10:08:48Z by "mach5one" with MS VC++ 17.1 (VS2022)

END.
