#
# There is insufficient memory for the Java Runtime Environment to continue.
# Native memory allocation (malloc) failed to allocate 32744 bytes for Chunk::new
# Possible reasons:
#   The system is out of physical RAM or swap space
#   The process is running with CompressedOops enabled, and the Java Heap may be blocking the growth of the native heap
# Possible solutions:
#   Reduce memory load on the system
#   Increase physical memory or swap space
#   Check if swap backing store is full
#   Decrease Java heap size (-Xmx/-Xms)
#   Decrease number of Java threads
#   Decrease Java thread stack sizes (-Xss)
#   Set larger code cache with -XX:ReservedCodeCacheSize=
#   JVM is running with Unscaled Compressed Oops mode in which the Java heap is
#     placed in the first 4GB address space. The Java Heap base address is the
#     maximum limit for the native heap growth. Please use -XX:HeapBaseMinAddress
#     to set the Java Heap base and to place the Java Heap above 4GB virtual address.
# This output file may be truncated or incomplete.
#
#  Out of Memory Error (arena.cpp:184), pid=1332, tid=14368
#
# JRE version: Java(TM) SE Runtime Environment (20.0.2+9) (build 20.0.2+9-78)
# Java VM: Java HotSpot(TM) 64-Bit Server VM (20.0.2+9-78, mixed mode, sharing, tiered, compressed oops, compressed class ptrs, g1 gc, windows-amd64)
# No core dump will be written. Minidumps are not enabled by default on client versions of Windows
#

---------------  S U M M A R Y ------------

Command Line: -javaagent:C:\Program Files\JetBrains\IntelliJ IDEA Community Edition 2023.1.2\lib\idea_rt.jar=55795:C:\Program Files\JetBrains\IntelliJ IDEA Community Edition 2023.1.2\bin -Dfile.encoding=UTF-8 -Dsun.stdout.encoding=UTF-8 -Dsun.stderr.encoding=UTF-8 com.exam.SecurityApplication

Host: Intel(R) Core(TM) i5-5300U CPU @ 2.30GHz, 4 cores, 7G,  Windows 10 , 64 bit Build 19041 (10.0.19041.3636)
Time: Thu Nov 16 13:53:12 2023 Sao Tome Standard Time elapsed time: 6.466797 seconds (0d 0h 0m 6s)

---------------  T H R E A D  ---------------

Current thread (0x000002295b4121d0):  JavaThread "C2 CompilerThread0" daemon [_thread_in_native, id=14368, stack(0x00000079f1d00000,0x00000079f1e00000)]


Current CompileTask:
C2:   6467 2612 % !   4       sun.net.www.ParseUtil::decode @ 70 (349 bytes)

Stack: [0x00000079f1d00000,0x00000079f1e00000]
Native frames: (J=compiled Java code, j=interpreted, Vv=VM code, C=native code)
V  [jvm.dll+0x6bc25a]
V  [jvm.dll+0x84971a]
V  [jvm.dll+0x84b315]
V  [jvm.dll+0x84ba13]
V  [jvm.dll+0x280e4f]
V  [jvm.dll+0xc2ab1]
V  [jvm.dll+0xc2dd5]
V  [jvm.dll+0x20dd9b]
V  [jvm.dll+0x20ee21]
V  [jvm.dll+0x20e16e]
V  [jvm.dll+0x1f99f0]
V  [jvm.dll+0x149c9b]
V  [jvm.dll+0x2f355c]
V  [jvm.dll+0x2f52d0]
V  [jvm.dll+0x6d4522]
V  [jvm.dll+0x6cc5a6]
V  [jvm.dll+0x6cbbf1]
V  [jvm.dll+0x6c9de4]
V  [jvm.dll+0x1d196c]
V  [jvm.dll+0x24a4d3]
V  [jvm.dll+0x1ce761]
V  [jvm.dll+0x25a0eb]
V  [jvm.dll+0x2587c0]
V  [jvm.dll+0x3f2dd5]
V  [jvm.dll+0x7f5c76]
V  [jvm.dll+0x6baecb]
C  [ucrtbase.dll+0x21bb2]
C  [KERNEL32.DLL+0x17344]
C  [ntdll.dll+0x526b1]


---------------  P R O C E S S  ---------------

Threads class SMR info:
_java_thread_list=0x00000229a1827be0, length=12, elements={
0x000002293f2db430, 0x000002295b407920, 0x000002295b4088c0, 0x000002295b40c880,
0x000002295b4102e0, 0x000002295b410c20, 0x000002295b411560, 0x000002295b4121d0,
0x000002295b415990, 0x000002295b3d57c0, 0x00000229a0b05b40, 0x00000229a09f7400
}

Java Threads: ( => current thread )
  0x000002293f2db430 JavaThread "main" [_thread_in_native, id=7232, stack(0x00000079f1000000,0x00000079f1100000)]
  0x000002295b407920 JavaThread "Reference Handler" daemon [_thread_blocked, id=15196, stack(0x00000079f1700000,0x00000079f1800000)]
  0x000002295b4088c0 JavaThread "Finalizer" daemon [_thread_blocked, id=8472, stack(0x00000079f1800000,0x00000079f1900000)]
  0x000002295b40c880 JavaThread "Signal Dispatcher" daemon [_thread_blocked, id=756, stack(0x00000079f1900000,0x00000079f1a00000)]
  0x000002295b4102e0 JavaThread "Attach Listener" daemon [_thread_blocked, id=9808, stack(0x00000079f1a00000,0x00000079f1b00000)]
  0x000002295b410c20 JavaThread "Service Thread" daemon [_thread_blocked, id=13160, stack(0x00000079f1b00000,0x00000079f1c00000)]
  0x000002295b411560 JavaThread "Monitor Deflation Thread" daemon [_thread_blocked, id=8380, stack(0x00000079f1c00000,0x00000079f1d00000)]
=>0x000002295b4121d0 JavaThread "C2 CompilerThread0" daemon [_thread_in_native, id=14368, stack(0x00000079f1d00000,0x00000079f1e00000)]
  0x000002295b415990 JavaThread "C1 CompilerThread0" daemon [_thread_in_native, id=3620, stack(0x00000079f1e00000,0x00000079f1f00000)]
  0x000002295b3d57c0 JavaThread "Common-Cleaner" daemon [_thread_blocked, id=1752, stack(0x00000079f1f00000,0x00000079f2000000)]
  0x00000229a0b05b40 JavaThread "Monitor Ctrl-Break" daemon [_thread_in_native, id=13120, stack(0x00000079f2000000,0x00000079f2100000)]
  0x00000229a09f7400 JavaThread "Notification Thread" daemon [_thread_blocked, id=14924, stack(0x00000079f2100000,0x00000079f2200000)]

Other Threads:
  0x000002295b3e9950 VMThread "VM Thread" [stack: 0x00000079f1600000,0x00000079f1700000] [id=11276]
  0x00000229a09f7dd0 WatcherThread "VM Periodic Task Thread" [stack: 0x00000079f2200000,0x00000079f2300000] [id=10632]
  0x000002293f338300 WorkerThread "GC Thread#0" [stack: 0x00000079f1100000,0x00000079f1200000] [id=4888]
  0x00000229a137acc0 WorkerThread "GC Thread#1" [stack: 0x00000079f2300000,0x00000079f2400000] [id=8808]
  0x00000229a0e6bf80 WorkerThread "GC Thread#2" [stack: 0x00000079f2400000,0x00000079f2500000] [id=10640]
  0x00000229a10edd90 WorkerThread "GC Thread#3" [stack: 0x00000079f2500000,0x00000079f2600000] [id=14948]
  0x000002293f348e50 ConcurrentGCThread "G1 Main Marker" [stack: 0x00000079f1200000,0x00000079f1300000] [id=8804]
  0x000002293f349880 WorkerThread "G1 Conc#0" [stack: 0x00000079f1300000,0x00000079f1400000] [id=15112]
  0x000002293f39e1a0 ConcurrentGCThread "G1 Refine#0" [stack: 0x00000079f1400000,0x00000079f1500000] [id=7692]
  0x000002293f39ec40 ConcurrentGCThread "G1 Service" [stack: 0x00000079f1500000,0x00000079f1600000] [id=6148]

Threads with active compile tasks:
C2 CompilerThread0     6732 2612 % !   4       sun.net.www.ParseUtil::decode @ 70 (349 bytes)
C1 CompilerThread0     6732 2618       3       org.springframework.boot.autoconfigure.condition.FilteringSpringBootCondition::filter (82 bytes)

VM state: not at safepoint (normal execution)

VM Mutex/Monitor currently owned by a thread: None

Heap address: 0x0000000081e00000, size: 2018 MB, Compressed Oops mode: 32-bit

CDS archive(s) mapped at: [0x000002295b800000-0x000002295c460000-0x000002295c460000), size 12976128, SharedBaseAddress: 0x000002295b800000, ArchiveRelocationMode: 1.
Compressed class space mapped at: 0x000002295c800000-0x000002299c800000, reserved size: 1073741824
Narrow klass base: 0x000002295b800000, Narrow klass shift: 0, Narrow klass range: 0x100000000

GC Precious Log:
 CardTable entry size: 512
 Card Set container configuration: InlinePtr #cards 5 size 8 Array Of Cards #cards 12 size 40 Howl #buckets 4 coarsen threshold 1843 Howl Bitmap #cards 512 size 80 coarsen threshold 460 Card regions per heap region 1 cards per card region 2048
 CPUs: 4 total, 4 available
 Memory: 8067M
 Large Page Support: Disabled
 NUMA Support: Disabled
 Compressed Oops: Enabled (32-bit)
 Heap Region Size: 1M
 Heap Min Capacity: 8M
 Heap Initial Capacity: 128M
 Heap Max Capacity: 2018M
 Pre-touch: Disabled
 Parallel Workers: 4
 Concurrent Workers: 1
 Concurrent Refinement Workers: 4
 Periodic GC: Disabled

Heap:
 garbage-first heap   total 131072K, used 35469K [0x0000000081e00000, 0x0000000100000000)
  region size 1024K, 30 young (30720K), 4 survivors (4096K)
 Metaspace       used 18653K, committed 18944K, reserved 1114112K
  class space    used 2232K, committed 2368K, reserved 1048576K

Heap Regions: E=young(eden), S=young(survivor), O=old, HS=humongous(starts), HC=humongous(continues), CS=collection set, F=free, OA=open archive, CA=closed archive, TAMS=top-at-mark-start, PB=parsable bottom
|   0|0x0000000081e00000, 0x0000000081f00000, 0x0000000081f00000|100%|HS|  |TAMS 0x0000000081e00000| PB 0x0000000081e00000| Complete 
|   1|0x0000000081f00000, 0x0000000082000000, 0x0000000082000000|100%| O|  |TAMS 0x0000000081f00000| PB 0x0000000081f00000| Untracked 
|   2|0x0000000082000000, 0x0000000082100000, 0x0000000082100000|100%| O|  |TAMS 0x0000000082000000| PB 0x0000000082000000| Untracked 
|   3|0x0000000082100000, 0x0000000082200000, 0x0000000082200000|100%| O|  |TAMS 0x0000000082100000| PB 0x0000000082100000| Untracked 
|   4|0x0000000082200000, 0x0000000082300000, 0x0000000082300000|100%| O|  |TAMS 0x0000000082200000| PB 0x0000000082200000| Untracked 
|   5|0x0000000082300000, 0x0000000082400000, 0x0000000082400000|100%| O|  |TAMS 0x0000000082300000| PB 0x0000000082300000| Untracked 
|   6|0x0000000082400000, 0x0000000082471400, 0x0000000082500000| 44%| O|  |TAMS 0x0000000082400000| PB 0x0000000082400000| Untracked 
|   7|0x0000000082500000, 0x0000000082500000, 0x0000000082600000|  0%| F|  |TAMS 0x0000000082500000| PB 0x0000000082500000| Untracked 
|   8|0x0000000082600000, 0x0000000082600000, 0x0000000082700000|  0%| F|  |TAMS 0x0000000082600000| PB 0x0000000082600000| Untracked 
|   9|0x0000000082700000, 0x0000000082700000, 0x0000000082800000|  0%| F|  |TAMS 0x0000000082700000| PB 0x0000000082700000| Untracked 
|  10|0x0000000082800000, 0x0000000082800000, 0x0000000082900000|  0%| F|  |TAMS 0x0000000082800000| PB 0x0000000082800000| Untracked 
|  11|0x0000000082900000, 0x0000000082900000, 0x0000000082a00000|  0%| F|  |TAMS 0x0000000082900000| PB 0x0000000082900000| Untracked 
|  12|0x0000000082a00000, 0x0000000082a00000, 0x0000000082b00000|  0%| F|  |TAMS 0x0000000082a00000| PB 0x0000000082a00000| Untracked 
|  13|0x0000000082b00000, 0x0000000082b00000, 0x0000000082c00000|  0%| F|  |TAMS 0x0000000082b00000| PB 0x0000000082b00000| Untracked 
|  14|0x0000000082c00000, 0x0000000082c00000, 0x0000000082d00000|  0%| F|  |TAMS 0x0000000082c00000| PB 0x0000000082c00000| Untracked 
|  15|0x0000000082d00000, 0x0000000082d00000, 0x0000000082e00000|  0%| F|  |TAMS 0x0000000082d00000| PB 0x0000000082d00000| Untracked 
|  16|0x0000000082e00000, 0x0000000082e00000, 0x0000000082f00000|  0%| F|  |TAMS 0x0000000082e00000| PB 0x0000000082e00000| Untracked 
|  17|0x0000000082f00000, 0x0000000082f00000, 0x0000000083000000|  0%| F|  |TAMS 0x0000000082f00000| PB 0x0000000082f00000| Untracked 
|  18|0x0000000083000000, 0x0000000083000000, 0x0000000083100000|  0%| F|  |TAMS 0x0000000083000000| PB 0x0000000083000000| Untracked 
|  19|0x0000000083100000, 0x0000000083100000, 0x0000000083200000|  0%| F|  |TAMS 0x0000000083100000| PB 0x0000000083100000| Untracked 
|  20|0x0000000083200000, 0x0000000083200000, 0x0000000083300000|  0%| F|  |TAMS 0x0000000083200000| PB 0x0000000083200000| Untracked 
|  21|0x0000000083300000, 0x0000000083300000, 0x0000000083400000|  0%| F|  |TAMS 0x0000000083300000| PB 0x0000000083300000| Untracked 
|  22|0x0000000083400000, 0x0000000083400000, 0x0000000083500000|  0%| F|  |TAMS 0x0000000083400000| PB 0x0000000083400000| Untracked 
|  23|0x0000000083500000, 0x0000000083500000, 0x0000000083600000|  0%| F|  |TAMS 0x0000000083500000| PB 0x0000000083500000| Untracked 
|  24|0x0000000083600000, 0x0000000083600000, 0x0000000083700000|  0%| F|  |TAMS 0x0000000083600000| PB 0x0000000083600000| Untracked 
|  25|0x0000000083700000, 0x0000000083700000, 0x0000000083800000|  0%| F|  |TAMS 0x0000000083700000| PB 0x0000000083700000| Untracked 
|  26|0x0000000083800000, 0x0000000083800000, 0x0000000083900000|  0%| F|  |TAMS 0x0000000083800000| PB 0x0000000083800000| Untracked 
|  27|0x0000000083900000, 0x0000000083900000, 0x0000000083a00000|  0%| F|  |TAMS 0x0000000083900000| PB 0x0000000083900000| Untracked 
|  28|0x0000000083a00000, 0x0000000083a00000, 0x0000000083b00000|  0%| F|  |TAMS 0x0000000083a00000| PB 0x0000000083a00000| Untracked 
|  29|0x0000000083b00000, 0x0000000083b00000, 0x0000000083c00000|  0%| F|  |TAMS 0x0000000083b00000| PB 0x0000000083b00000| Untracked 
|  30|0x0000000083c00000, 0x0000000083c00000, 0x0000000083d00000|  0%| F|  |TAMS 0x0000000083c00000| PB 0x0000000083c00000| Untracked 
|  31|0x0000000083d00000, 0x0000000083d00000, 0x0000000083e00000|  0%| F|  |TAMS 0x0000000083d00000| PB 0x0000000083d00000| Untracked 
|  32|0x0000000083e00000, 0x0000000083e00000, 0x0000000083f00000|  0%| F|  |TAMS 0x0000000083e00000| PB 0x0000000083e00000| Untracked 
|  33|0x0000000083f00000, 0x0000000083f00000, 0x0000000084000000|  0%| F|  |TAMS 0x0000000083f00000| PB 0x0000000083f00000| Untracked 
|  34|0x0000000084000000, 0x0000000084000000, 0x0000000084100000|  0%| F|  |TAMS 0x0000000084000000| PB 0x0000000084000000| Untracked 
|  35|0x0000000084100000, 0x0000000084100000, 0x0000000084200000|  0%| F|  |TAMS 0x0000000084100000| PB 0x0000000084100000| Untracked 
|  36|0x0000000084200000, 0x0000000084200000, 0x0000000084300000|  0%| F|  |TAMS 0x0000000084200000| PB 0x0000000084200000| Untracked 
|  37|0x0000000084300000, 0x0000000084300000, 0x0000000084400000|  0%| F|  |TAMS 0x0000000084300000| PB 0x0000000084300000| Untracked 
|  38|0x0000000084400000, 0x0000000084400000, 0x0000000084500000|  0%| F|  |TAMS 0x0000000084400000| PB 0x0000000084400000| Untracked 
|  39|0x0000000084500000, 0x0000000084500000, 0x0000000084600000|  0%| F|  |TAMS 0x0000000084500000| PB 0x0000000084500000| Untracked 
|  40|0x0000000084600000, 0x0000000084600000, 0x0000000084700000|  0%| F|  |TAMS 0x0000000084600000| PB 0x0000000084600000| Untracked 
|  41|0x0000000084700000, 0x0000000084700000, 0x0000000084800000|  0%| F|  |TAMS 0x0000000084700000| PB 0x0000000084700000| Untracked 
|  42|0x0000000084800000, 0x0000000084800000, 0x0000000084900000|  0%| F|  |TAMS 0x0000000084800000| PB 0x0000000084800000| Untracked 
|  43|0x0000000084900000, 0x0000000084900000, 0x0000000084a00000|  0%| F|  |TAMS 0x0000000084900000| PB 0x0000000084900000| Untracked 
|  44|0x0000000084a00000, 0x0000000084a00000, 0x0000000084b00000|  0%| F|  |TAMS 0x0000000084a00000| PB 0x0000000084a00000| Untracked 
|  45|0x0000000084b00000, 0x0000000084b00000, 0x0000000084c00000|  0%| F|  |TAMS 0x0000000084b00000| PB 0x0000000084b00000| Untracked 
|  46|0x0000000084c00000, 0x0000000084c00000, 0x0000000084d00000|  0%| F|  |TAMS 0x0000000084c00000| PB 0x0000000084c00000| Untracked 
|  47|0x0000000084d00000, 0x0000000084d00000, 0x0000000084e00000|  0%| F|  |TAMS 0x0000000084d00000| PB 0x0000000084d00000| Untracked 
|  48|0x0000000084e00000, 0x0000000084e00000, 0x0000000084f00000|  0%| F|  |TAMS 0x0000000084e00000| PB 0x0000000084e00000| Untracked 
|  49|0x0000000084f00000, 0x0000000084f00000, 0x0000000085000000|  0%| F|  |TAMS 0x0000000084f00000| PB 0x0000000084f00000| Untracked 
|  50|0x0000000085000000, 0x0000000085000000, 0x0000000085100000|  0%| F|  |TAMS 0x0000000085000000| PB 0x0000000085000000| Untracked 
|  51|0x0000000085100000, 0x0000000085100000, 0x0000000085200000|  0%| F|  |TAMS 0x0000000085100000| PB 0x0000000085100000| Untracked 
|  52|0x0000000085200000, 0x0000000085200000, 0x0000000085300000|  0%| F|  |TAMS 0x0000000085200000| PB 0x0000000085200000| Untracked 
|  53|0x0000000085300000, 0x0000000085300000, 0x0000000085400000|  0%| F|  |TAMS 0x0000000085300000| PB 0x0000000085300000| Untracked 
|  54|0x0000000085400000, 0x0000000085400000, 0x0000000085500000|  0%| F|  |TAMS 0x0000000085400000| PB 0x0000000085400000| Untracked 
|  55|0x0000000085500000, 0x0000000085500000, 0x0000000085600000|  0%| F|  |TAMS 0x0000000085500000| PB 0x0000000085500000| Untracked 
|  56|0x0000000085600000, 0x0000000085600000, 0x0000000085700000|  0%| F|  |TAMS 0x0000000085600000| PB 0x0000000085600000| Untracked 
|  57|0x0000000085700000, 0x0000000085700000, 0x0000000085800000|  0%| F|  |TAMS 0x0000000085700000| PB 0x0000000085700000| Untracked 
|  58|0x0000000085800000, 0x0000000085800000, 0x0000000085900000|  0%| F|  |TAMS 0x0000000085800000| PB 0x0000000085800000| Untracked 
|  59|0x0000000085900000, 0x0000000085900000, 0x0000000085a00000|  0%| F|  |TAMS 0x0000000085900000| PB 0x0000000085900000| Untracked 
|  60|0x0000000085a00000, 0x0000000085a00000, 0x0000000085b00000|  0%| F|  |TAMS 0x0000000085a00000| PB 0x0000000085a00000| Untracked 
|  61|0x0000000085b00000, 0x0000000085b00000, 0x0000000085c00000|  0%| F|  |TAMS 0x0000000085b00000| PB 0x0000000085b00000| Untracked 
|  62|0x0000000085c00000, 0x0000000085c00000, 0x0000000085d00000|  0%| F|  |TAMS 0x0000000085c00000| PB 0x0000000085c00000| Untracked 
|  63|0x0000000085d00000, 0x0000000085d00000, 0x0000000085e00000|  0%| F|  |TAMS 0x0000000085d00000| PB 0x0000000085d00000| Untracked 
|  64|0x0000000085e00000, 0x0000000085e00000, 0x0000000085f00000|  0%| F|  |TAMS 0x0000000085e00000| PB 0x0000000085e00000| Untracked 
|  65|0x0000000085f00000, 0x0000000085f00000, 0x0000000086000000|  0%| F|  |TAMS 0x0000000085f00000| PB 0x0000000085f00000| Untracked 
|  66|0x0000000086000000, 0x0000000086000000, 0x0000000086100000|  0%| F|  |TAMS 0x0000000086000000| PB 0x0000000086000000| Untracked 
|  67|0x0000000086100000, 0x0000000086100000, 0x0000000086200000|  0%| F|  |TAMS 0x0000000086100000| PB 0x0000000086100000| Untracked 
|  68|0x0000000086200000, 0x0000000086200000, 0x0000000086300000|  0%| F|  |TAMS 0x0000000086200000| PB 0x0000000086200000| Untracked 
|  69|0x0000000086300000, 0x0000000086300000, 0x0000000086400000|  0%| F|  |TAMS 0x0000000086300000| PB 0x0000000086300000| Untracked 
|  70|0x0000000086400000, 0x0000000086400000, 0x0000000086500000|  0%| F|  |TAMS 0x0000000086400000| PB 0x0000000086400000| Untracked 
|  71|0x0000000086500000, 0x0000000086500000, 0x0000000086600000|  0%| F|  |TAMS 0x0000000086500000| PB 0x0000000086500000| Untracked 
|  72|0x0000000086600000, 0x0000000086600000, 0x0000000086700000|  0%| F|  |TAMS 0x0000000086600000| PB 0x0000000086600000| Untracked 
|  73|0x0000000086700000, 0x0000000086700000, 0x0000000086800000|  0%| F|  |TAMS 0x0000000086700000| PB 0x0000000086700000| Untracked 
|  74|0x0000000086800000, 0x0000000086800000, 0x0000000086900000|  0%| F|  |TAMS 0x0000000086800000| PB 0x0000000086800000| Untracked 
|  75|0x0000000086900000, 0x0000000086900000, 0x0000000086a00000|  0%| F|  |TAMS 0x0000000086900000| PB 0x0000000086900000| Untracked 
|  76|0x0000000086a00000, 0x0000000086a00000, 0x0000000086b00000|  0%| F|  |TAMS 0x0000000086a00000| PB 0x0000000086a00000| Untracked 
|  77|0x0000000086b00000, 0x0000000086b00000, 0x0000000086c00000|  0%| F|  |TAMS 0x0000000086b00000| PB 0x0000000086b00000| Untracked 
|  78|0x0000000086c00000, 0x0000000086c00000, 0x0000000086d00000|  0%| F|  |TAMS 0x0000000086c00000| PB 0x0000000086c00000| Untracked 
|  79|0x0000000086d00000, 0x0000000086d00000, 0x0000000086e00000|  0%| F|  |TAMS 0x0000000086d00000| PB 0x0000000086d00000| Untracked 
|  80|0x0000000086e00000, 0x0000000086e00000, 0x0000000086f00000|  0%| F|  |TAMS 0x0000000086e00000| PB 0x0000000086e00000| Untracked 
|  81|0x0000000086f00000, 0x0000000086f00000, 0x0000000087000000|  0%| F|  |TAMS 0x0000000086f00000| PB 0x0000000086f00000| Untracked 
|  82|0x0000000087000000, 0x0000000087000000, 0x0000000087100000|  0%| F|  |TAMS 0x0000000087000000| PB 0x0000000087000000| Untracked 
|  83|0x0000000087100000, 0x0000000087100000, 0x0000000087200000|  0%| F|  |TAMS 0x0000000087100000| PB 0x0000000087100000| Untracked 
|  84|0x0000000087200000, 0x0000000087200000, 0x0000000087300000|  0%| F|  |TAMS 0x0000000087200000| PB 0x0000000087200000| Untracked 
|  85|0x0000000087300000, 0x0000000087300000, 0x0000000087400000|  0%| F|  |TAMS 0x0000000087300000| PB 0x0000000087300000| Untracked 
|  86|0x0000000087400000, 0x0000000087400000, 0x0000000087500000|  0%| F|  |TAMS 0x0000000087400000| PB 0x0000000087400000| Untracked 
|  87|0x0000000087500000, 0x0000000087500000, 0x0000000087600000|  0%| F|  |TAMS 0x0000000087500000| PB 0x0000000087500000| Untracked 
|  88|0x0000000087600000, 0x0000000087600000, 0x0000000087700000|  0%| F|  |TAMS 0x0000000087600000| PB 0x0000000087600000| Untracked 
|  89|0x0000000087700000, 0x0000000087700000, 0x0000000087800000|  0%| F|  |TAMS 0x0000000087700000| PB 0x0000000087700000| Untracked 
|  90|0x0000000087800000, 0x0000000087800000, 0x0000000087900000|  0%| F|  |TAMS 0x0000000087800000| PB 0x0000000087800000| Untracked 
|  91|0x0000000087900000, 0x0000000087900000, 0x0000000087a00000|  0%| F|  |TAMS 0x0000000087900000| PB 0x0000000087900000| Untracked 
|  92|0x0000000087a00000, 0x0000000087a00000, 0x0000000087b00000|  0%| F|  |TAMS 0x0000000087a00000| PB 0x0000000087a00000| Untracked 
|  93|0x0000000087b00000, 0x0000000087b00000, 0x0000000087c00000|  0%| F|  |TAMS 0x0000000087b00000| PB 0x0000000087b00000| Untracked 
|  94|0x0000000087c00000, 0x0000000087c00000, 0x0000000087d00000|  0%| F|  |TAMS 0x0000000087c00000| PB 0x0000000087c00000| Untracked 
|  95|0x0000000087d00000, 0x0000000087d320a0, 0x0000000087e00000| 19%| S|CS|TAMS 0x0000000087d00000| PB 0x0000000087d00000| Complete 
|  96|0x0000000087e00000, 0x0000000087f00000, 0x0000000087f00000|100%| S|CS|TAMS 0x0000000087e00000| PB 0x0000000087e00000| Complete 
|  97|0x0000000087f00000, 0x0000000088000000, 0x0000000088000000|100%| S|CS|TAMS 0x0000000087f00000| PB 0x0000000087f00000| Complete 
|  98|0x0000000088000000, 0x0000000088100000, 0x0000000088100000|100%| S|CS|TAMS 0x0000000088000000| PB 0x0000000088000000| Complete 
|  99|0x0000000088100000, 0x0000000088100000, 0x0000000088200000|  0%| F|  |TAMS 0x0000000088100000| PB 0x0000000088100000| Untracked 
| 100|0x0000000088200000, 0x0000000088200000, 0x0000000088300000|  0%| F|  |TAMS 0x0000000088200000| PB 0x0000000088200000| Untracked 
| 101|0x0000000088300000, 0x0000000088300000, 0x0000000088400000|  0%| F|  |TAMS 0x0000000088300000| PB 0x0000000088300000| Untracked 
| 102|0x0000000088400000, 0x0000000088500000, 0x0000000088500000|100%| E|  |TAMS 0x0000000088400000| PB 0x0000000088400000| Complete 
| 103|0x0000000088500000, 0x0000000088600000, 0x0000000088600000|100%| E|CS|TAMS 0x0000000088500000| PB 0x0000000088500000| Complete 
| 104|0x0000000088600000, 0x0000000088700000, 0x0000000088700000|100%| E|CS|TAMS 0x0000000088600000| PB 0x0000000088600000| Complete 
| 105|0x0000000088700000, 0x0000000088800000, 0x0000000088800000|100%| E|CS|TAMS 0x0000000088700000| PB 0x0000000088700000| Complete 
| 106|0x0000000088800000, 0x0000000088900000, 0x0000000088900000|100%| E|CS|TAMS 0x0000000088800000| PB 0x0000000088800000| Complete 
| 107|0x0000000088900000, 0x0000000088a00000, 0x0000000088a00000|100%| E|CS|TAMS 0x0000000088900000| PB 0x0000000088900000| Complete 
| 108|0x0000000088a00000, 0x0000000088b00000, 0x0000000088b00000|100%| E|CS|TAMS 0x0000000088a00000| PB 0x0000000088a00000| Complete 
| 109|0x0000000088b00000, 0x0000000088c00000, 0x0000000088c00000|100%| E|CS|TAMS 0x0000000088b00000| PB 0x0000000088b00000| Complete 
| 110|0x0000000088c00000, 0x0000000088d00000, 0x0000000088d00000|100%| E|CS|TAMS 0x0000000088c00000| PB 0x0000000088c00000| Complete 
| 111|0x0000000088d00000, 0x0000000088e00000, 0x0000000088e00000|100%| E|CS|TAMS 0x0000000088d00000| PB 0x0000000088d00000| Complete 
| 112|0x0000000088e00000, 0x0000000088f00000, 0x0000000088f00000|100%| E|CS|TAMS 0x0000000088e00000| PB 0x0000000088e00000| Complete 
| 113|0x0000000088f00000, 0x0000000089000000, 0x0000000089000000|100%| E|CS|TAMS 0x0000000088f00000| PB 0x0000000088f00000| Complete 
| 114|0x0000000089000000, 0x0000000089100000, 0x0000000089100000|100%| E|CS|TAMS 0x0000000089000000| PB 0x0000000089000000| Complete 
| 115|0x0000000089100000, 0x0000000089200000, 0x0000000089200000|100%| E|CS|TAMS 0x0000000089100000| PB 0x0000000089100000| Complete 
| 116|0x0000000089200000, 0x0000000089300000, 0x0000000089300000|100%| E|CS|TAMS 0x0000000089200000| PB 0x0000000089200000| Complete 
| 117|0x0000000089300000, 0x0000000089400000, 0x0000000089400000|100%| E|CS|TAMS 0x0000000089300000| PB 0x0000000089300000| Complete 
| 118|0x0000000089400000, 0x0000000089500000, 0x0000000089500000|100%| E|CS|TAMS 0x0000000089400000| PB 0x0000000089400000| Complete 
| 119|0x0000000089500000, 0x0000000089600000, 0x0000000089600000|100%| E|CS|TAMS 0x0000000089500000| PB 0x0000000089500000| Complete 
| 120|0x0000000089600000, 0x0000000089700000, 0x0000000089700000|100%| E|CS|TAMS 0x0000000089600000| PB 0x0000000089600000| Complete 
| 121|0x0000000089700000, 0x0000000089800000, 0x0000000089800000|100%| E|CS|TAMS 0x0000000089700000| PB 0x0000000089700000| Complete 
| 122|0x0000000089800000, 0x0000000089900000, 0x0000000089900000|100%| E|CS|TAMS 0x0000000089800000| PB 0x0000000089800000| Complete 
| 123|0x0000000089900000, 0x0000000089a00000, 0x0000000089a00000|100%| E|CS|TAMS 0x0000000089900000| PB 0x0000000089900000| Complete 
| 124|0x0000000089a00000, 0x0000000089b00000, 0x0000000089b00000|100%| E|CS|TAMS 0x0000000089a00000| PB 0x0000000089a00000| Complete 
| 125|0x0000000089b00000, 0x0000000089c00000, 0x0000000089c00000|100%| E|CS|TAMS 0x0000000089b00000| PB 0x0000000089b00000| Complete 
| 126|0x0000000089c00000, 0x0000000089d00000, 0x0000000089d00000|100%| E|CS|TAMS 0x0000000089c00000| PB 0x0000000089c00000| Complete 
| 127|0x0000000089d00000, 0x0000000089e00000, 0x0000000089e00000|100%| E|CS|TAMS 0x0000000089d00000| PB 0x0000000089d00000| Complete 

Card table byte_map: [0x00000229567b0000,0x0000022956bb0000] _byte_map_base: 0x00000229563a1000

Marking Bits: (CMBitMap*) 0x000002293f338930
 Bits: [0x0000022956fb0000, 0x0000022958f38000)

Polling page: 0x000002293d110000

Metaspace:

Usage:
  Non-class:     16.06 MB used.
      Class:      2.18 MB used.
       Both:     18.24 MB used.

Virtual space:
  Non-class space:       64.00 MB reserved,      16.19 MB ( 25%) committed,  1 nodes.
      Class space:        1.00 GB reserved,       2.31 MB ( <1%) committed,  1 nodes.
             Both:        1.06 GB reserved,      18.50 MB (  2%) committed. 

Chunk freelists:
   Non-Class:  3.25 MB
       Class:  1.66 MB
        Both:  4.91 MB

MaxMetaspaceSize: unlimited
CompressedClassSpaceSize: 1.00 GB
Initial GC threshold: 21.00 MB
Current GC threshold: 21.00 MB
CDS: on
MetaspaceReclaimPolicy: balanced
 - commit_granule_bytes: 65536.
 - commit_granule_words: 8192.
 - virtual_space_node_default_size: 8388608.
 - enlarge_chunks_in_place: 1.
 - new_chunks_are_fully_committed: 0.
 - uncommit_free_chunks: 1.
 - use_allocation_guard: 0.


Internal statistics:

num_allocs_failed_limit: 0.
num_arena_births: 250.
num_arena_deaths: 0.
num_vsnodes_births: 2.
num_vsnodes_deaths: 0.
num_space_committed: 296.
num_space_uncommitted: 0.
num_chunks_returned_to_freelist: 0.
num_chunks_taken_from_freelist: 881.
num_chunk_merges: 0.
num_chunk_splits: 599.
num_chunks_enlarged: 465.
num_inconsistent_stats: 0.

CodeHeap 'non-profiled nmethods': size=120000Kb used=916Kb max_used=916Kb free=119084Kb
 bounds [0x000002294ee80000, 0x000002294f0f0000, 0x00000229563b0000]
CodeHeap 'profiled nmethods': size=120000Kb used=5212Kb max_used=5212Kb free=114787Kb
 bounds [0x00000229473b0000, 0x00000229478d0000, 0x000002294e8e0000]
CodeHeap 'non-nmethods': size=5760Kb used=1465Kb max_used=1495Kb free=4294Kb
 bounds [0x000002294e8e0000, 0x000002294eb50000, 0x000002294ee80000]
 total_blobs=3115 nmethods=2615 adapters=410
 compilation: enabled
              stopped_count=0, restarted_count=0
 full_count=0

Compilation events (20 events):
Event: 6.273 Thread 0x000002295b415990 2607       3       java.util.Collections$UnmodifiableMap::<init> (22 bytes)
Event: 6.274 Thread 0x000002295b415990 nmethod 2607 0x00000229478c3d10 code [0x00000229478c3ec0, 0x00000229478c4180]
Event: 6.274 Thread 0x000002295b415990 2608       3       org.springframework.core.annotation.AnnotationAwareOrderComparator::findOrderFromAnnotation (67 bytes)
Event: 6.274 Thread 0x000002295b4121d0 2609       4       org.springframework.util.StringUtils::deleteAny (90 bytes)
Event: 6.274 Thread 0x000002295b415990 nmethod 2608 0x00000229478c4290 code [0x00000229478c44a0, 0x00000229478c4dc8]
Event: 6.275 Thread 0x000002295b4121d0 nmethod 2609 0x000002294ef64790 code [0x000002294ef64900, 0x000002294ef649b8]
Event: 6.275 Thread 0x000002295b4121d0 2610       4       java.util.ArrayDeque::addFirst (51 bytes)
Event: 6.277 Thread 0x000002295b415990 2611       3       ch.qos.logback.classic.LoggerContext::getLogger (6 bytes)
Event: 6.277 Thread 0x000002295b415990 nmethod 2611 0x00000229478c5010 code [0x00000229478c51a0, 0x00000229478c52e0]
Event: 6.277 Thread 0x000002295b4121d0 nmethod 2610 0x000002294ef64b10 code [0x000002294ef64c80, 0x000002294ef64ef0]
Event: 6.277 Thread 0x000002295b4121d0 2612 % !   4       sun.net.www.ParseUtil::decode @ 70 (349 bytes)
Event: 6.278 Thread 0x000002295b415990 2614       3       org.apache.commons.logging.LogFactory::getLog (8 bytes)
Event: 6.278 Thread 0x000002295b415990 nmethod 2614 0x00000229478c5390 code [0x00000229478c5560, 0x00000229478c5a78]
Event: 6.278 Thread 0x000002295b415990 2615       3       org.springframework.core.annotation.MergedAnnotationCollectors$$Lambda$357/0x000002295ca2fa58::accept (15 bytes)
Event: 6.279 Thread 0x000002295b415990 nmethod 2615 0x00000229478c5c10 code [0x00000229478c5e00, 0x00000229478c6538]
Event: 6.279 Thread 0x000002295b415990 2616   !   3       org.springframework.boot.autoconfigure.condition.FilteringSpringBootCondition$ClassNameFilter::isPresent (19 bytes)
Event: 6.279 Thread 0x000002295b415990 nmethod 2616 0x00000229478c6790 code [0x00000229478c6960, 0x00000229478c6c98]
Event: 6.279 Thread 0x000002295b415990 2617       3       org.springframework.boot.autoconfigure.condition.FilteringSpringBootCondition::resolve (16 bytes)
Event: 6.280 Thread 0x000002295b415990 nmethod 2617 0x00000229478c6e10 code [0x00000229478c6fc0, 0x00000229478c7200]
Event: 6.284 Thread 0x000002295b415990 2618       3       org.springframework.boot.autoconfigure.condition.FilteringSpringBootCondition::filter (82 bytes)

GC Heap History (6 events):
Event: 1.689 GC heap before
{Heap before GC invocations=0 (full 0):
 garbage-first heap   total 131072K, used 14336K [0x0000000081e00000, 0x0000000100000000)
  region size 1024K, 13 young (13312K), 0 survivors (0K)
 Metaspace       used 3787K, committed 4032K, reserved 1114112K
  class space    used 381K, committed 512K, reserved 1048576K
}
Event: 1.714 GC heap after
{Heap after GC invocations=1 (full 0):
 garbage-first heap   total 131072K, used 6485K [0x0000000081e00000, 0x0000000100000000)
  region size 1024K, 2 young (2048K), 2 survivors (2048K)
 Metaspace       used 3787K, committed 4032K, reserved 1114112K
  class space    used 381K, committed 512K, reserved 1048576K
}
Event: 2.614 GC heap before
{Heap before GC invocations=1 (full 0):
 garbage-first heap   total 131072K, used 18773K [0x0000000081e00000, 0x0000000100000000)
  region size 1024K, 14 young (14336K), 2 survivors (2048K)
 Metaspace       used 7508K, committed 7680K, reserved 1114112K
  class space    used 884K, committed 960K, reserved 1048576K
}
Event: 2.619 GC heap after
{Heap after GC invocations=2 (full 0):
 garbage-first heap   total 131072K, used 7843K [0x0000000081e00000, 0x0000000100000000)
  region size 1024K, 2 young (2048K), 2 survivors (2048K)
 Metaspace       used 7508K, committed 7680K, reserved 1114112K
  class space    used 884K, committed 960K, reserved 1048576K
}
Event: 3.580 GC heap before
{Heap before GC invocations=2 (full 0):
 garbage-first heap   total 131072K, used 34467K [0x0000000081e00000, 0x0000000100000000)
  region size 1024K, 29 young (29696K), 2 survivors (2048K)
 Metaspace       used 14968K, committed 15232K, reserved 1114112K
  class space    used 1780K, committed 1920K, reserved 1048576K
}
Event: 3.586 GC heap after
{Heap after GC invocations=3 (full 0):
 garbage-first heap   total 131072K, used 9869K [0x0000000081e00000, 0x0000000100000000)
  region size 1024K, 4 young (4096K), 4 survivors (4096K)
 Metaspace       used 14968K, committed 15232K, reserved 1114112K
  class space    used 1780K, committed 1920K, reserved 1048576K
}

Dll operation events (11 events):
Event: 0.026 Loaded shared library C:\Program Files\Java\jdk-20\bin\java.dll
Event: 0.100 Loaded shared library C:\Program Files\Java\jdk-20\bin\jsvml.dll
Event: 0.595 Loaded shared library C:\Program Files\Java\jdk-20\bin\zip.dll
Event: 0.601 Loaded shared library C:\Program Files\Java\jdk-20\bin\instrument.dll
Event: 0.613 Loaded shared library C:\Program Files\Java\jdk-20\bin\net.dll
Event: 0.617 Loaded shared library C:\Program Files\Java\jdk-20\bin\nio.dll
Event: 0.622 Loaded shared library C:\Program Files\Java\jdk-20\bin\zip.dll
Event: 0.934 Loaded shared library C:\Program Files\JetBrains\IntelliJ IDEA Community Edition 2023.1.2\bin\breakgen64.dll
Event: 0.951 Loaded shared library C:\Program Files\Java\jdk-20\bin\extnet.dll
Event: 1.020 Loaded shared library C:\Program Files\Java\jdk-20\bin\jimage.dll
Event: 3.120 Loaded shared library C:\Program Files\Java\jdk-20\bin\verify.dll

Deoptimization events (20 events):
Event: 4.261 Thread 0x000002293f2db430 DEOPT PACKING pc=0x00000229474ebbce sp=0x00000079f10fea90
Event: 4.261 Thread 0x000002293f2db430 DEOPT UNPACKING pc=0x000002294e94a4c2 sp=0x00000079f10fdf78 mode 0
Event: 4.261 Thread 0x000002293f2db430 DEOPT PACKING pc=0x00000229474f4b81 sp=0x00000079f10fea80
Event: 4.261 Thread 0x000002293f2db430 DEOPT UNPACKING pc=0x000002294e94a4c2 sp=0x00000079f10fdf70 mode 0
Event: 4.261 Thread 0x000002293f2db430 DEOPT PACKING pc=0x00000229474ebbce sp=0x00000079f10fea90
Event: 4.261 Thread 0x000002293f2db430 DEOPT UNPACKING pc=0x000002294e94a4c2 sp=0x00000079f10fdf78 mode 0
Event: 4.396 Thread 0x000002293f2db430 Uncommon trap: trap_request=0xffffff45 fr.pc=0x000002294eee9284 relative=0x00000000000009a4
Event: 4.396 Thread 0x000002293f2db430 Uncommon trap: reason=unstable_if action=reinterpret pc=0x000002294eee9284 method=jdk.internal.org.objectweb.asm.SymbolTable.put(Ljdk/internal/org/objectweb/asm/SymbolTable$Entry;)Ljdk/internal/org/objectweb/asm/SymbolTable$Entry; @ 13 c2
Event: 4.396 Thread 0x000002293f2db430 DEOPT PACKING pc=0x000002294eee9284 sp=0x00000079f10fd110
Event: 4.396 Thread 0x000002293f2db430 DEOPT UNPACKING pc=0x000002294e949d22 sp=0x00000079f10fd048 mode 2
Event: 4.669 Thread 0x000002293f2db430 DEOPT PACKING pc=0x0000022947719e57 sp=0x00000079f10fce30
Event: 4.669 Thread 0x000002293f2db430 DEOPT UNPACKING pc=0x000002294e94a4c2 sp=0x00000079f10fc308 mode 0
Event: 4.828 Thread 0x000002293f2db430 DEOPT PACKING pc=0x00000229474050b1 sp=0x00000079f10fe4e0
Event: 4.828 Thread 0x000002293f2db430 DEOPT UNPACKING pc=0x000002294e94a4c2 sp=0x00000079f10fd9e0 mode 0
Event: 6.262 Thread 0x000002293f2db430 Uncommon trap: trap_request=0xffffff45 fr.pc=0x000002294ef2f5bc relative=0x0000000000000efc
Event: 6.262 Thread 0x000002293f2db430 Uncommon trap: reason=unstable_if action=reinterpret pc=0x000002294ef2f5bc method=jdk.internal.jimage.ImageLocation.verifyName(Ljava/lang/String;Ljava/lang/String;IIIIIILjdk/internal/jimage/ImageStrings;)Z @ 2 c2
Event: 6.262 Thread 0x000002293f2db430 DEOPT PACKING pc=0x000002294ef2f5bc sp=0x00000079f10fe0e0
Event: 6.262 Thread 0x000002293f2db430 DEOPT UNPACKING pc=0x000002294e949d22 sp=0x00000079f10fdfb8 mode 2
Event: 6.277 Thread 0x000002293f2db430 DEOPT PACKING pc=0x00000229474050b1 sp=0x00000079f10fe4e0
Event: 6.277 Thread 0x000002293f2db430 DEOPT UNPACKING pc=0x000002294e94a4c2 sp=0x00000079f10fd9e0 mode 0

Classes loaded (20 events):
Event: 3.618 Loading class sun/nio/fs/WindowsPath$WindowsPathWithAttributes
Event: 3.618 Loading class sun/nio/fs/BasicFileAttributesHolder
Event: 3.618 Loading class sun/nio/fs/BasicFileAttributesHolder done
Event: 3.618 Loading class sun/nio/fs/WindowsPath$WindowsPathWithAttributes done
Event: 3.619 Loading class java/util/StringTokenizer
Event: 3.620 Loading class java/util/StringTokenizer done
Event: 3.621 Loading class java/util/regex/Pattern$LazyLoop
Event: 3.621 Loading class java/util/regex/Pattern$LazyLoop done
Event: 3.647 Loading class java/util/regex/Pattern$BnM
Event: 3.647 Loading class java/util/regex/Pattern$BnM done
Event: 3.648 Loading class java/util/regex/Pattern$Pos
Event: 3.648 Loading class java/util/regex/Pattern$Pos done
Event: 4.099 Loading class java/lang/Thread$ThreadNumbering
Event: 4.099 Loading class java/lang/Thread$ThreadNumbering done
Event: 4.131 Loading class javax/naming/ldap/LdapContext
Event: 4.131 Loading class javax/naming/directory/DirContext
Event: 4.132 Loading class javax/naming/directory/DirContext done
Event: 4.132 Loading class javax/naming/ldap/LdapContext done
Event: 4.670 Loading class java/beans/PropertyVetoException
Event: 4.670 Loading class java/beans/PropertyVetoException done

Classes unloaded (0 events):
No events

Classes redefined (0 events):
No events

Internal exceptions (20 events):
Event: 2.843 Thread 0x000002293f2db430 Exception <a 'java/lang/NoSuchMethodError'{0x0000000089a53de8}: 'java.lang.Object java.lang.invoke.DirectMethodHandle$Holder.invokeStaticInit(java.lang.Object, long, java.lang.Object)'> (0x0000000089a53de8) 
thrown [s\open\src\hotspot\share\interpreter\linkResolver.cpp, line 773]
Event: 2.844 Thread 0x000002293f2db430 Exception <a 'java/lang/NoSuchMethodError'{0x0000000089a59b48}: 'java.lang.Object java.lang.invoke.DirectMethodHandle$Holder.newInvokeSpecial(java.lang.Object, long)'> (0x0000000089a59b48) 
thrown [s\open\src\hotspot\share\interpreter\linkResolver.cpp, line 773]
Event: 2.864 Thread 0x000002293f2db430 Exception <a 'java/lang/NoSuchMethodError'{0x0000000089a98b08}: 'void java.lang.invoke.DirectMethodHandle$Holder.invokeVirtual(java.lang.Object, java.lang.Object, java.lang.Object, java.lang.Object)'> (0x0000000089a98b08) 
thrown [s\open\src\hotspot\share\interpreter\linkResolver.cpp, line 773]
Event: 2.933 Thread 0x000002293f2db430 Exception <a 'java/lang/NoSuchMethodError'{0x00000000899ba150}: 'void java.lang.invoke.DirectMethodHandle$Holder.invokeSpecial(java.lang.Object, java.lang.Object, java.lang.Object)'> (0x00000000899ba150) 
thrown [s\open\src\hotspot\share\interpreter\linkResolver.cpp, line 773]
Event: 2.945 Thread 0x00000229a1558ae0 Exception <a 'java/lang/NoClassDefFoundError'{0x0000000089800dd0}: jakarta/validation/Validation> (0x0000000089800dd0) 
thrown [s\open\src\hotspot\share\classfile\systemDictionary.cpp, line 294]
Event: 2.946 Thread 0x000002293f2db430 Exception <a 'java/lang/IncompatibleClassChangeError'{0x00000000899ea778}: Found class java.lang.Object, but interface was expected> (0x00000000899ea778) 
thrown [s\open\src\hotspot\share\interpreter\linkResolver.cpp, line 840]
Event: 2.953 Thread 0x000002293f2db430 Exception <a 'java/lang/NoSuchMethodError'{0x0000000089834e88}: 'java.lang.Object java.lang.invoke.DirectMethodHandle$Holder.invokeStaticInit(java.lang.Object, int)'> (0x0000000089834e88) 
thrown [s\open\src\hotspot\share\interpreter\linkResolver.cpp, line 773]
Event: 2.957 Thread 0x000002293f2db430 Exception <a 'java/lang/NoSuchMethodError'{0x00000000898405a0}: 'java.lang.Object java.lang.invoke.DirectMethodHandle$Holder.invokeStatic(java.lang.Object, int, java.lang.Object)'> (0x00000000898405a0) 
thrown [s\open\src\hotspot\share\interpreter\linkResolver.cpp, line 773]
Event: 2.958 Thread 0x000002293f2db430 Exception <a 'java/lang/NoSuchMethodError'{0x0000000089843bf0}: 'java.lang.Object java.lang.invoke.DirectMethodHandle$Holder.invokeStaticInit(java.lang.Object, int, java.lang.Object)'> (0x0000000089843bf0) 
thrown [s\open\src\hotspot\share\interpreter\linkResolver.cpp, line 773]
Event: 3.206 Thread 0x000002293f2db430 Exception <a 'java/lang/NoSuchMethodError'{0x0000000088d9b600}: 'int java.lang.invoke.Invokers$Holder.invokeExact_MT(java.lang.Object, java.lang.Object)'> (0x0000000088d9b600) 
thrown [s\open\src\hotspot\share\interpreter\linkResolver.cpp, line 773]
Event: 3.610 Thread 0x000002293f2db430 Exception <a 'java/lang/NoSuchMethodError'{0x0000000089d544d0}: 'int java.lang.invoke.DirectMethodHandle$Holder.invokeSpecial(java.lang.Object, java.lang.Object, java.lang.Object, java.lang.Object, java.lang.Object)'> (0x0000000089d544d0) 
thrown [s\open\src\hotspot\share\interpreter\linkResolver.cpp, line 773]
Event: 3.614 Thread 0x000002293f2db430 Exception <a 'java/lang/NoSuchMethodError'{0x0000000089d5d0a0}: 'void java.lang.invoke.DirectMethodHandle$Holder.invokeVirtual(java.lang.Object, java.lang.Object)'> (0x0000000089d5d0a0) 
thrown [s\open\src\hotspot\share\interpreter\linkResolver.cpp, line 773]
Event: 3.667 Thread 0x00000229a1558ae0 Exception <a 'java/lang/NoSuchMethodError'{0x0000000089a51710}: 'long java.lang.invoke.DirectMethodHandle$Holder.invokeSpecial(java.lang.Object, java.lang.Object)'> (0x0000000089a51710) 
thrown [s\open\src\hotspot\share\interpreter\linkResolver.cpp, line 773]
Event: 3.671 Thread 0x00000229a1558ae0 Exception <a 'java/lang/NoSuchMethodError'{0x0000000089ac2e60}: 'long java.lang.invoke.DirectMethodHandle$Holder.invokeStatic(java.lang.Object, java.lang.Object)'> (0x0000000089ac2e60) 
thrown [s\open\src\hotspot\share\interpreter\linkResolver.cpp, line 773]
Event: 3.672 Thread 0x00000229a1558ae0 Exception <a 'java/lang/NoSuchMethodError'{0x0000000089ac61c8}: 'long java.lang.invoke.DirectMethodHandle$Holder.invokeStaticInit(java.lang.Object, java.lang.Object)'> (0x0000000089ac61c8) 
thrown [s\open\src\hotspot\share\interpreter\linkResolver.cpp, line 773]
Event: 3.676 Thread 0x00000229a1558ae0 Exception <a 'java/lang/NoSuchMethodError'{0x0000000089ad3e28}: 'long java.lang.invoke.DirectMethodHandle$Holder.invokeInterface(java.lang.Object, java.lang.Object)'> (0x0000000089ad3e28) 
thrown [s\open\src\hotspot\share\interpreter\linkResolver.cpp, line 773]
Event: 3.676 Thread 0x00000229a1558ae0 Exception <a 'java/lang/IncompatibleClassChangeError'{0x0000000089ad70d8}: Found class java.lang.Object, but interface was expected> (0x0000000089ad70d8) 
thrown [s\open\src\hotspot\share\interpreter\linkResolver.cpp, line 840]
Event: 3.730 Thread 0x00000229a1558ae0 Exception <a 'java/lang/NoSuchMethodError'{0x000000008999dee0}: 'java.lang.Object java.lang.invoke.DirectMethodHandle$Holder.invokeVirtual(java.lang.Object, java.lang.Object, java.lang.Object, java.lang.Object)'> (0x000000008999dee0) 
thrown [s\open\src\hotspot\share\interpreter\linkResolver.cpp, line 773]
Event: 4.247 Thread 0x000002293f2db430 Exception <a 'java/lang/IncompatibleClassChangeError'{0x00000000892e76c0}: Found class java.lang.Object, but interface was expected> (0x00000000892e76c0) 
thrown [s\open\src\hotspot\share\interpreter\linkResolver.cpp, line 840]
Event: 4.307 Thread 0x000002293f2db430 Exception <a 'java/lang/NoSuchMethodError'{0x000000008900d760}: 'void java.lang.invoke.DirectMethodHandle$Holder.invokeInterface(java.lang.Object, java.lang.Object, java.lang.Object, java.lang.Object)'> (0x000000008900d760) 
thrown [s\open\src\hotspot\share\interpreter\linkResolver.cpp, line 773]

VM Operations (20 events):
Event: 2.920 Executing VM operation: HandshakeAllThreads
Event: 2.920 Executing VM operation: HandshakeAllThreads done
Event: 2.927 Executing VM operation: HandshakeAllThreads
Event: 2.927 Executing VM operation: HandshakeAllThreads done
Event: 2.928 Executing VM operation: HandshakeAllThreads
Event: 2.928 Executing VM operation: HandshakeAllThreads done
Event: 3.288 Executing VM operation: ICBufferFull
Event: 3.289 Executing VM operation: ICBufferFull done
Event: 3.293 Executing VM operation: HandshakeAllThreads
Event: 3.293 Executing VM operation: HandshakeAllThreads done
Event: 3.541 Executing VM operation: HandshakeAllThreads
Event: 3.541 Executing VM operation: HandshakeAllThreads done
Event: 3.576 Executing VM operation: HandshakeAllThreads
Event: 3.576 Executing VM operation: HandshakeAllThreads done
Event: 3.580 Executing VM operation: G1CollectForAllocation
Event: 3.586 Executing VM operation: G1CollectForAllocation done
Event: 4.528 Executing VM operation: ICBufferFull
Event: 4.529 Executing VM operation: ICBufferFull done
Event: 5.536 Executing VM operation: Cleanup
Event: 5.536 Executing VM operation: Cleanup done

Events (16 events):
Event: 0.101 Thread 0x000002293f2db430 Thread added: 0x000002293f2db430
Event: 0.132 Thread 0x000002295b407920 Thread added: 0x000002295b407920
Event: 0.132 Thread 0x000002295b4088c0 Thread added: 0x000002295b4088c0
Event: 0.133 Thread 0x000002295b40c880 Thread added: 0x000002295b40c880
Event: 0.133 Thread 0x000002295b4102e0 Thread added: 0x000002295b4102e0
Event: 0.133 Thread 0x000002295b410c20 Thread added: 0x000002295b410c20
Event: 0.133 Thread 0x000002295b411560 Thread added: 0x000002295b411560
Event: 0.134 Thread 0x000002295b4121d0 Thread added: 0x000002295b4121d0
Event: 0.140 Thread 0x000002295b415990 Thread added: 0x000002295b415990
Event: 0.549 Thread 0x000002295b3d57c0 Thread added: 0x000002295b3d57c0
Event: 0.936 Thread 0x00000229a0b05b40 Thread added: 0x00000229a0b05b40
Event: 0.936 Thread 0x00000229a09f7400 Thread added: 0x00000229a09f7400
Event: 2.940 Thread 0x00000229a1558ae0 Thread added: 0x00000229a1558ae0
Event: 3.734 Thread 0x00000229a1558ae0 Thread exited: 0x00000229a1558ae0
Event: 4.100 Thread 0x00000229a1737630 Thread added: 0x00000229a1737630
Event: 4.159 Thread 0x00000229a1737630 Thread exited: 0x00000229a1737630


Dynamic libraries:
0x00007ff798900000 - 0x00007ff798910000 	C:\Program Files\Java\jdk-20\bin\java.exe
0x00007ffd39df0000 - 0x00007ffd39fe8000 	C:\Windows\SYSTEM32\ntdll.dll
0x00007ffd38870000 - 0x00007ffd3892d000 	C:\Windows\System32\KERNEL32.DLL
0x00007ffd37700000 - 0x00007ffd379f6000 	C:\Windows\System32\KERNELBASE.dll
0x00007ffd37c30000 - 0x00007ffd37d30000 	C:\Windows\System32\ucrtbase.dll
0x00007ffd286c0000 - 0x00007ffd286d9000 	C:\Program Files\Java\jdk-20\bin\jli.dll
0x00007ffd39120000 - 0x00007ffd391cf000 	C:\Windows\System32\ADVAPI32.dll
0x00007ffd39d00000 - 0x00007ffd39d9e000 	C:\Windows\System32\msvcrt.dll
0x00007ffd39080000 - 0x00007ffd3911c000 	C:\Windows\System32\sechost.dll
0x00007ffd38ad0000 - 0x00007ffd38bf6000 	C:\Windows\System32\RPCRT4.dll
0x00007ffd286a0000 - 0x00007ffd286bb000 	C:\Program Files\Java\jdk-20\bin\VCRUNTIME140.dll
0x00007ffd38930000 - 0x00007ffd38ace000 	C:\Windows\System32\USER32.dll
0x00007ffd37c00000 - 0x00007ffd37c22000 	C:\Windows\System32\win32u.dll
0x00007ffd382e0000 - 0x00007ffd3830c000 	C:\Windows\System32\GDI32.dll
0x00007ffd37d30000 - 0x00007ffd37e4a000 	C:\Windows\System32\gdi32full.dll
0x00007ffd374d0000 - 0x00007ffd3756d000 	C:\Windows\System32\msvcp_win.dll
0x00007ffd25850000 - 0x00007ffd25aea000 	C:\Windows\WinSxS\amd64_microsoft.windows.common-controls_6595b64144ccf1df_6.0.19041.3636_none_60b6a03d71f818d5\COMCTL32.dll
0x00007ffd2a4b0000 - 0x00007ffd2a4ba000 	C:\Windows\SYSTEM32\VERSION.dll
0x00007ffd38c00000 - 0x00007ffd38c30000 	C:\Windows\System32\IMM32.DLL
0x00007ffd32060000 - 0x00007ffd3206c000 	C:\Program Files\Java\jdk-20\bin\vcruntime140_1.dll
0x00007ffd0ae50000 - 0x00007ffd0aede000 	C:\Program Files\Java\jdk-20\bin\msvcp140.dll
0x00007ffcf7460000 - 0x00007ffcf80f8000 	C:\Program Files\Java\jdk-20\bin\server\jvm.dll
0x00007ffd32b40000 - 0x00007ffd32b49000 	C:\Windows\SYSTEM32\WSOCK32.dll
0x00007ffd39010000 - 0x00007ffd3907b000 	C:\Windows\System32\WS2_32.dll
0x00007ffd28e50000 - 0x00007ffd28e77000 	C:\Windows\SYSTEM32\WINMM.dll
0x00007ffd35ce0000 - 0x00007ffd35cf2000 	C:\Windows\SYSTEM32\kernel.appcore.dll
0x00007ffd2ac00000 - 0x00007ffd2ac0a000 	C:\Program Files\Java\jdk-20\bin\jimage.dll
0x00007ffd2cd90000 - 0x00007ffd2cf74000 	C:\Windows\SYSTEM32\DBGHELP.DLL
0x00007ffd2bd90000 - 0x00007ffd2bdc4000 	C:\Windows\SYSTEM32\dbgcore.DLL
0x00007ffd37570000 - 0x00007ffd375f2000 	C:\Windows\System32\bcryptPrimitives.dll
0x00007ffd30c00000 - 0x00007ffd30c0e000 	C:\Program Files\Java\jdk-20\bin\instrument.dll
0x00007ffd28670000 - 0x00007ffd28696000 	C:\Program Files\Java\jdk-20\bin\java.dll
0x00007ffd0a930000 - 0x00007ffd0aa07000 	C:\Program Files\Java\jdk-20\bin\jsvml.dll
0x00007ffd393d0000 - 0x00007ffd39b14000 	C:\Windows\System32\SHELL32.dll
0x00007ffd34fa0000 - 0x00007ffd3573b000 	C:\Windows\SYSTEM32\windows.storage.dll
0x00007ffd38cb0000 - 0x00007ffd39004000 	C:\Windows\System32\combase.dll
0x00007ffd36d60000 - 0x00007ffd36d8d000 	C:\Windows\SYSTEM32\Wldp.dll
0x00007ffd39c50000 - 0x00007ffd39cfd000 	C:\Windows\System32\SHCORE.dll
0x00007ffd38810000 - 0x00007ffd38865000 	C:\Windows\System32\shlwapi.dll
0x00007ffd37400000 - 0x00007ffd37425000 	C:\Windows\SYSTEM32\profapi.dll
0x00007ffd1a8c0000 - 0x00007ffd1a8d8000 	C:\Program Files\Java\jdk-20\bin\zip.dll
0x00007ffd1d910000 - 0x00007ffd1d923000 	C:\Program Files\Java\jdk-20\bin\net.dll
0x00007ffd2fc30000 - 0x00007ffd2fd3a000 	C:\Windows\SYSTEM32\WINHTTP.dll
0x00007ffd36b40000 - 0x00007ffd36baa000 	C:\Windows\system32\mswsock.dll
0x00007ffd1b600000 - 0x00007ffd1b616000 	C:\Program Files\Java\jdk-20\bin\nio.dll
0x00007ffd2e950000 - 0x00007ffd2e96a000 	C:\Program Files\JetBrains\IntelliJ IDEA Community Edition 2023.1.2\bin\breakgen64.dll
0x00007ffd317e0000 - 0x00007ffd317e7000 	C:\Program Files\Java\jdk-20\bin\extnet.dll
0x00007ffd30ee0000 - 0x00007ffd30ef0000 	C:\Program Files\Java\jdk-20\bin\verify.dll

dbghelp: loaded successfully - version: 4.0.5 - missing functions: none
symbol engine: initialized successfully - sym options: 0x614 - pdb path: .;C:\Program Files\Java\jdk-20\bin;C:\Windows\SYSTEM32;C:\Windows\WinSxS\amd64_microsoft.windows.common-controls_6595b64144ccf1df_6.0.19041.3636_none_60b6a03d71f818d5;C:\Program Files\Java\jdk-20\bin\server;C:\Program Files\JetBrains\IntelliJ IDEA Community Edition 2023.1.2\bin

VM Arguments:
jvm_args: -javaagent:C:\Program Files\JetBrains\IntelliJ IDEA Community Edition 2023.1.2\lib\idea_rt.jar=55795:C:\Program Files\JetBrains\IntelliJ IDEA Community Edition 2023.1.2\bin -Dfile.encoding=UTF-8 -Dsun.stdout.encoding=UTF-8 -Dsun.stderr.encoding=UTF-8 
java_command: com.exam.SecurityApplication
java_class_path (initial): G:\Project\Exams\BackEnd\ExamServer_Springboot\target\classes;C:\Users\D e r r y\.m2\repository\org\springframework\boot\spring-boot-starter-security\3.0.4\spring-boot-starter-security-3.0.4.jar;C:\Users\D e r r y\.m2\repository\org\springframework\boot\spring-boot-starter\3.0.1\spring-boot-starter-3.0.1.jar;C:\Users\D e r r y\.m2\repository\org\springframework\boot\spring-boot\3.0.1\spring-boot-3.0.1.jar;C:\Users\D e r r y\.m2\repository\org\springframework\boot\spring-boot-autoconfigure\3.0.1\spring-boot-autoconfigure-3.0.1.jar;C:\Users\D e r r y\.m2\repository\org\springframework\boot\spring-boot-starter-logging\3.0.1\spring-boot-starter-logging-3.0.1.jar;C:\Users\D e r r y\.m2\repository\ch\qos\logback\logback-classic\1.4.5\logback-classic-1.4.5.jar;C:\Users\D e r r y\.m2\repository\ch\qos\logback\logback-core\1.4.5\logback-core-1.4.5.jar;C:\Users\D e r r y\.m2\repository\org\apache\logging\log4j\log4j-to-slf4j\2.19.0\log4j-to-slf4j-2.19.0.jar;C:\Users\D e r r y\.m2\repository\org\apache\logging\log4j\log4j-api\2.19.0\log4j-api-2.19.0.jar;C:\Users\D e r r y\.m2\repository\org\slf4j\jul-to-slf4j\2.0.6\jul-to-slf4j-2.0.6.jar;C:\Users\D e r r y\.m2\repository\jakarta\annotation\jakarta.annotation-api\2.1.1\jakarta.annotation-api-2.1.1.jar;C:\Users\D e r r y\.m2\repository\org\yaml\snakeyaml\1.33\snakeyaml-1.33.jar;C:\Users\D e r r y\.m2\repository\org\springframework\spring-aop\6.0.3\spring-aop-6.0.3.jar;C:\Users\D e r r y\.m2\repository\org\springframework\security\spring-security-config\6.0.1\spring-security-config-6.0.1.jar;C:\Users\D e r r y\.m2\repository\org\springframework\security\spring-security-web\6.0.1\spring-security-web-6.0.1.jar;C:\Users\D e r r y\.m2\repository\org\springframework\boot\spring-boot-starter-web\3.1.0\spring-boot-starter-web-3.1.0.jar;C:\Users\D e r r y\.m2\repository\org\springframework\boot\spring-boot-starter-json\3.0.1\spring-boot-starter-json-3.0.1.jar;C:\Users\D e r r y\.m2\repository\com\fasterxml\jackson\datatype\jackson-datatype-jdk8\2.14.1\jackson-datatype-jdk8-2.14.1.jar;C:\Users\D e r r y\.m2\repository\com\fasterxml\jackson\datatype\jackson-datatype-jsr310\2.14.1\jackson-datatype-jsr310-2.14.1.jar;C:\Users\D e r r y\.m2\repository\com\fasterxml\jackson\module\jackson-module-parameter-names\2.14.1\jackson-module-parameter-names-2.14.1.jar;C:\Users\D e r r y\.m2\repository\org\springframework\boot\spring-boot-starter-tomcat\3.0.1\spring-boot-starter-tomcat-3.0.1.jar;C:\Users\D e r r y\.m2\repository\org\apache\tomcat\embed\tomcat-embed-core\10.1.4\tomcat-embed-core-10.1.4.jar;C:\Users\D e r r y\.m2\repository\org\apache\tomcat\embed\tomcat-embed-el\10.1.4\tomcat-embed-el-10.1.4.jar;C:\Users\D e r r y\.m2\repository\org\apache\tomcat\embed\tomcat-embed-websocket\10.1.4\tomcat-embed-websocket-10.1.4.jar;C:\Users\D e r r y\.m2\repository\org\springframework\spring-web\6.0.3\spring-web-6.0.3.jar;C:\Users\D e r r y\.m2\repository\io\micrometer\micrometer-observation\1.10.2\micrometer-observation-1.10.2.jar;C:\Users\D e r r y\.m2\repository\io\micrometer\micrometer-commons\1.10.2\micrometer-commons-1.10.2.jar;C:\Users\D e r r y\.m2\repository\org\springframework\spring-webmvc\6.0.3\spring-webmvc-6.0.3.jar;C:\Users\D e r r y\.m2\repository\com\mysql\mysql-connector-j\8.0.32\mysql-connector-j-8.0.32.jar;C:\Users\D e r r y\.m2\repository\org\springframework\boot\spring-boot-starter-data-jpa\3.0.4\spring-boot-starter-data-jpa-3.0.4.jar;C:\Users\D e r r y\.m2\repository\org\springframework\boot\spring-boot-starter-aop\3.0.1\spring-boot-starter-aop-3.0.1.jar;C:\Users\D e r r y\.m2\repository\org\aspectj\aspectjweaver\1.9.19\aspectjweaver-1.9.19.jar;C:\Users\D e r r y\.m2\repository\org\springframework\boot\spring-boot-starter-jdbc\3.0.1\spring-boot-starter-jdbc-3.0.1.jar;C:\Users\D e r r y\.m2\repository\com\zaxxer\HikariCP\5.0.1\HikariCP-5.0.1.jar;C:\Users\D e r r y\.m2\repository\org\springframework\spring-jdbc\6.0.3\spring-jdbc-6.0.3.jar;C:\Users\D e r r y\.m2\repository\org\hibernate\orm\hibernate-core\6.1.6.Final\hibernate-core-6.1.6.Final.jar;C:\Users\D e r r y\.m2\repository\jakarta\persistence\jakarta.persistence-api\3.1.0\jakarta.persistence-api-3.1.0.jar;C:\Users\D e r r y\.m2\repository\jakarta\transaction\jakarta.transaction-api\2.0.1\jakarta.transaction-api-2.0.1.jar;C:\Users\D e r r y\.m2\repository\org\jboss\logging\jboss-logging\3.5.0.Final\jboss-logging-3.5.0.Final.jar;C:\Users\D e r r y\.m2\repository\org\hibernate\common\hibernate-commons-annotations\6.0.2.Final\hibernate-commons-annotations-6.0.2.Final.jar;C:\Users\D e r r y\.m2\repository\org\jboss\jandex\2.4.2.Final\jandex-2.4.2.Final.jar;C:\Users\D e r r y\.m2\repository\com\fasterxml\classmate\1.5.1\classmate-1.5.1.jar;C:\Users\D e r r y\.m2\repository\net\bytebuddy\byte-buddy\1.12.20\byte-buddy-1.12.20.jar;C:\Users\D e r r y\.m2\repository\org\glassfish\jaxb\jaxb-runtime\4.0.1\jaxb-runtime-4.0.1.jar;C:\Users\D e r r y\.m2\repository\org\glassfish\jaxb\jaxb-core\4.0.1\jaxb-core-4.0.1.jar;C:\Users\D e r r y\.m2\repository\org\eclipse\angus\angus-activation\1.0.0\angus-activation-1.0.0.jar;C:\Users\D e r r y\.m2\repository\org\glassfish\jaxb\txw2\4.0.1\txw2-4.0.1.jar;C:\Users\D e r r y\.m2\repository\com\sun\istack\istack-commons-runtime\4.1.1\istack-commons-runtime-4.1.1.jar;C:\Users\D e r r y\.m2\repository\jakarta\inject\jakarta.inject-api\2.0.0\jakarta.inject-api-2.0.0.jar;C:\Users\D e r r y\.m2\repository\org\antlr\antlr4-runtime\4.10.1\antlr4-runtime-4.10.1.jar;C:\Users\D e r r y\.m2\repository\org\springframework\data\spring-data-jpa\3.0.0\spring-data-jpa-3.0.0.jar;C:\Users\D e r r y\.m2\repository\org\springframework\data\spring-data-commons\3.0.0\spring-data-commons-3.0.0.jar;C:\Users\D e r r y\.m2\repository\org\springframework\spring-orm\6.0.3\spring-orm-6.0.3.jar;C:\Users\D e r r y\.m2\repository\org\springframework\spring-tx\6.0.3\spring-tx-6.0.3.jar;C:\Users\D e r r y\.m2\repository\org\slf4j\slf4j-api\2.0.6\slf4j-api-2.0.6.jar;C:\Users\D e r r y\.m2\repository\org\springframework\spring-aspects\6.0.3\spring-aspects-6.0.3.jar;C:\Users\D e r r y\.m2\repository\org\projectlombok\lombok\1.18.26\lombok-1.18.26.jar;C:\Users\D e r r y\.m2\repository\org\springframework\spring-context\6.0.9\spring-context-6.0.9.jar;C:\Users\D e r r y\.m2\repository\org\springframework\spring-beans\6.0.3\spring-beans-6.0.3.jar;C:\Users\D e r r y\.m2\repository\org\springframework\spring-core\6.0.3\spring-core-6.0.3.jar;C:\Users\D e r r y\.m2\repository\org\springframework\spring-jcl\6.0.3\spring-jcl-6.0.3.jar;C:\Users\D e r r y\.m2\repository\org\springframework\spring-expression\6.0.3\spring-expression-6.0.3.jar;C:\Users\D e r r y\.m2\repository\io\jsonwebtoken\jjwt-api\0.11.5\jjwt-api-0.11.5.jar;C:\Users\D e r r y\.m2\repository\io\jsonwebtoken\jjwt-impl\0.11.5\jjwt-impl-0.11.5.jar;C:\Users\D e r r y\.m2\repository\io\jsonwebtoken\jjwt-jackson\0.11.5\jjwt-jackson-0.11.5.jar;C:\Users\D e r r y\.m2\repository\com\fasterxml\jackson\core\jackson-databind\2.14.1\jackson-databind-2.14.1.jar;C:\Users\D e r r y\.m2\repository\com\fasterxml\jackson\core\jackson-annotations\2.14.1\jackson-annotations-2.14.1.jar;C:\Users\D e r r y\.m2\repository\com\fasterxml\jackson\core\jackson-core\2.14.1\jackson-core-2.14.1.jar;C:\Users\D e r r y\.m2\repository\jakarta\xml\bind\jakarta.xml.bind-api\4.0.0\jakarta.xml.bind-api-4.0.0.jar;C:\Users\D e r r y\.m2\repository\jakarta\activation\jakarta.activation-api\2.1.0\jakarta.activation-api-2.1.0.jar;C:\Users\D e r r y\.m2\repository\org\springframework\security\spring-security-core\6.0.1\spring-security-core-6.0.1.jar;C:\Users\D e r r y\.m2\repository\org\springframework\security\spring-security-crypto\6.0.1\spring-security-crypto-6.0.1.jar
Launcher Type: SUN_STANDARD

[Global flags]
     intx CICompilerCount                          = 3                                         {product} {ergonomic}
     uint ConcGCThreads                            = 1                                         {product} {ergonomic}
     uint G1ConcRefinementThreads                  = 4                                         {product} {ergonomic}
   size_t G1HeapRegionSize                         = 1048576                                   {product} {ergonomic}
    uintx GCDrainStackTargetSize                   = 64                                        {product} {ergonomic}
   size_t InitialHeapSize                          = 134217728                                 {product} {ergonomic}
   size_t MarkStackSize                            = 4194304                                   {product} {ergonomic}
   size_t MaxHeapSize                              = 2116026368                                {product} {ergonomic}
   size_t MaxNewSize                               = 1268776960                                {product} {ergonomic}
   size_t MinHeapDeltaBytes                        = 1048576                                   {product} {ergonomic}
   size_t MinHeapSize                              = 8388608                                   {product} {ergonomic}
    uintx NonNMethodCodeHeapSize                   = 5832780                                {pd product} {ergonomic}
    uintx NonProfiledCodeHeapSize                  = 122912730                              {pd product} {ergonomic}
    uintx ProfiledCodeHeapSize                     = 122912730                              {pd product} {ergonomic}
    uintx ReservedCodeCacheSize                    = 251658240                              {pd product} {ergonomic}
     bool SegmentedCodeCache                       = true                                      {product} {ergonomic}
   size_t SoftMaxHeapSize                          = 2116026368                             {manageable} {ergonomic}
     bool UseCompressedClassPointers               = true                           {product lp64_product} {ergonomic}
     bool UseCompressedOops                        = true                           {product lp64_product} {ergonomic}
     bool UseG1GC                                  = true                                      {product} {ergonomic}
     bool UseLargePagesIndividualAllocation        = false                                  {pd product} {ergonomic}

Logging:
Log output configuration:
 #0: stdout all=warning uptime,level,tags foldmultilines=false
 #1: stderr all=off uptime,level,tags foldmultilines=false

Environment Variables:
PATH=C:\Program Files\Common Files\Oracle\Java\javapath;C:\Program Files (x86)\Common Files\Oracle\Java\javapath;C:\Windows\system32;C:\Windows;C:\Windows\System32\Wbem;C:\Windows\System32\WindowsPowerShell\v1.0\;C:\Windows\System32\OpenSSH\;C:\Program Files\nodejs\;C:\Program Files\Git\cmd;C:\ProgramData\chocolatey\bin;C:\Program Files\apache-maven-3.9.4-bin\apache-maven-3.9.4\bin;C:\Program Files\dotnet\;C:\Users\D e r r y\anaconda3;C:\Users\D e r r y\anaconda3\Library\mingw-w64\bin;C:\Users\D e r r y\anaconda3\Library\usr\bin;C:\Users\D e r r y\anaconda3\Library\bin;C:\Users\D e r r y\anaconda3\Scripts;C:\Program Files\MySQL\MySQL Shell 8.0\bin\;C:\Users\D e r r y\AppData\Local\Microsoft\WindowsApps;C:\Program Files\JetBrains\IntelliJ IDEA Community Edition 2023.1.2\bin;;C:\Program Files\JetBrains\PyCharm Community Edition 2023.1.2\bin;;C:\Users\D e r r y\AppData\Roaming\npm;C:\Users\D e r r y\AppData\Local\Programs\Microsoft VS Code\bin;C:\Users\D e r r y\AppData\Local\Programs\MiKTeX\miktex\bin\x64\;C:\Users\D e r r y\AppData\Local\GitHubDesktop\bin;C:\Program Files\heroku\bin;C:\Program Files\bin
USERNAME=D e r r y
OS=Windows_NT
PROCESSOR_IDENTIFIER=Intel64 Family 6 Model 61 Stepping 4, GenuineIntel
TMP=C:\Users\DERRY~1\AppData\Local\Temp
TEMP=C:\Users\DERRY~1\AppData\Local\Temp




---------------  S Y S T E M  ---------------

OS:
 Windows 10 , 64 bit Build 19041 (10.0.19041.3636)
OS uptime: 0 days 19:03 hours
Hyper-V role detected

CPU: total 4 (initial active 4) (2 cores per cpu, 2 threads per core) family 6 model 61 stepping 4 microcode 0x2f, cx8, cmov, fxsr, ht, mmx, 3dnowpref, sse, sse2, sse3, ssse3, sse4.1, sse4.2, popcnt, lzcnt, tsc, tscinvbit, avx, avx2, aes, erms, clmul, bmi1, bmi2, rtm, adx, fma, vzeroupper, clflush, hv, rdtscp, f16c

Memory: 4k page, system-wide physical 8067M (277M free)
TotalPageFile size 10115M (AvailPageFile size 0M)
current process WorkingSet (physical memory assigned to process): 111M, peak: 120M
current process commit charge ("private bytes"): 236M, peak: 244M

vm_info: Java HotSpot(TM) 64-Bit Server VM (20.0.2+9-78) for windows-amd64 JRE (20.0.2+9-78), built on 2023-06-14T10:08:48Z by "mach5one" with MS VC++ 17.1 (VS2022)

END.
