#
# There is insufficient memory for the Java Runtime Environment to continue.
# Native memory allocation (malloc) failed to allocate 814736 bytes for Chunk::new
# Possible reasons:
#   The system is out of physical RAM or swap space
#   The process is running with CompressedOops enabled, and the Java Heap may be blocking the growth of the native heap
# Possible solutions:
#   Reduce memory load on the system
#   Increase physical memory or swap space
#   Check if swap backing store is full
#   Decrease Java heap size (-Xmx/-Xms)
#   Decrease number of Java threads
#   Decrease Java thread stack sizes (-Xss)
#   Set larger code cache with -XX:ReservedCodeCacheSize=
#   JVM is running with Unscaled Compressed Oops mode in which the Java heap is
#     placed in the first 4GB address space. The Java Heap base address is the
#     maximum limit for the native heap growth. Please use -XX:HeapBaseMinAddress
#     to set the Java Heap base and to place the Java Heap above 4GB virtual address.
# This output file may be truncated or incomplete.
#
#  Out of Memory Error (arena.cpp:184), pid=9312, tid=8832
#
# JRE version: Java(TM) SE Runtime Environment (20.0.2+9) (build 20.0.2+9-78)
# Java VM: Java HotSpot(TM) 64-Bit Server VM (20.0.2+9-78, mixed mode, sharing, tiered, compressed oops, compressed class ptrs, g1 gc, windows-amd64)
# No core dump will be written. Minidumps are not enabled by default on client versions of Windows
#

---------------  S U M M A R Y ------------

Command Line: -javaagent:C:\Program Files\JetBrains\IntelliJ IDEA Community Edition 2023.1.2\lib\idea_rt.jar=60602:C:\Program Files\JetBrains\IntelliJ IDEA Community Edition 2023.1.2\bin -Dfile.encoding=UTF-8 -Dsun.stdout.encoding=UTF-8 -Dsun.stderr.encoding=UTF-8 com.exam.SecurityApplication

Host: Intel(R) Core(TM) i5-5300U CPU @ 2.30GHz, 4 cores, 7G,  Windows 10 , 64 bit Build 19041 (10.0.19041.3636)
Time: Sat Dec  9 06:37:40 2023 Sao Tome Standard Time elapsed time: 11.201624 seconds (0d 0h 0m 11s)

---------------  T H R E A D  ---------------

Current thread (0x0000021fff47ebf0):  JavaThread "C2 CompilerThread0" daemon [_thread_in_native, id=8832, stack(0x0000006aa7f00000,0x0000006aa8000000)]


Current CompileTask:
C2:  11201 3577       4       org.springframework.boot.context.properties.source.ConfigurationPropertyName$ElementsParser::parse (234 bytes)

Stack: [0x0000006aa7f00000,0x0000006aa8000000]
Native frames: (J=compiled Java code, j=interpreted, Vv=VM code, C=native code)
V  [jvm.dll+0x6bc25a]
V  [jvm.dll+0x84971a]
V  [jvm.dll+0x84b315]
V  [jvm.dll+0x84ba13]
V  [jvm.dll+0x280e4f]
V  [jvm.dll+0xc2ab1]
V  [jvm.dll+0xc2dd5]
V  [jvm.dll+0x3bb612]
V  [jvm.dll+0x385b75]
V  [jvm.dll+0x384fea]
V  [jvm.dll+0x24b529]
V  [jvm.dll+0x24a921]
V  [jvm.dll+0x1ce761]
V  [jvm.dll+0x25a0eb]
V  [jvm.dll+0x2587c0]
V  [jvm.dll+0x3f2dd5]
V  [jvm.dll+0x7f5c76]
V  [jvm.dll+0x6baecb]
C  [ucrtbase.dll+0x21bb2]
C  [KERNEL32.DLL+0x17344]
C  [ntdll.dll+0x526b1]


---------------  P R O C E S S  ---------------

Threads class SMR info:
_java_thread_list=0x0000021fd53257d0, length=12, elements={
0x0000021ff234c6b0, 0x0000021fff4744e0, 0x0000021fff475480, 0x0000021fff4792a0,
0x0000021fff47cd00, 0x0000021fff47d640, 0x0000021fff47df80, 0x0000021fff47ebf0,
0x0000021fff4ddf80, 0x0000021fff446d60, 0x0000021fff891ef0, 0x0000021fd40c0950
}

Java Threads: ( => current thread )
  0x0000021ff234c6b0 JavaThread "main" [_thread_in_vm, id=6000, stack(0x0000006aa7200000,0x0000006aa7300000)]
  0x0000021fff4744e0 JavaThread "Reference Handler" daemon [_thread_blocked, id=1580, stack(0x0000006aa7900000,0x0000006aa7a00000)]
  0x0000021fff475480 JavaThread "Finalizer" daemon [_thread_blocked, id=16376, stack(0x0000006aa7a00000,0x0000006aa7b00000)]
  0x0000021fff4792a0 JavaThread "Signal Dispatcher" daemon [_thread_blocked, id=856, stack(0x0000006aa7b00000,0x0000006aa7c00000)]
  0x0000021fff47cd00 JavaThread "Attach Listener" daemon [_thread_blocked, id=10568, stack(0x0000006aa7c00000,0x0000006aa7d00000)]
  0x0000021fff47d640 JavaThread "Service Thread" daemon [_thread_blocked, id=2128, stack(0x0000006aa7d00000,0x0000006aa7e00000)]
  0x0000021fff47df80 JavaThread "Monitor Deflation Thread" daemon [_thread_blocked, id=15928, stack(0x0000006aa7e00000,0x0000006aa7f00000)]
=>0x0000021fff47ebf0 JavaThread "C2 CompilerThread0" daemon [_thread_in_native, id=8832, stack(0x0000006aa7f00000,0x0000006aa8000000)]
  0x0000021fff4ddf80 JavaThread "C1 CompilerThread0" daemon [_thread_blocked, id=15856, stack(0x0000006aa8000000,0x0000006aa8100000)]
  0x0000021fff446d60 JavaThread "Common-Cleaner" daemon [_thread_blocked, id=4144, stack(0x0000006aa8100000,0x0000006aa8200000)]
  0x0000021fff891ef0 JavaThread "Monitor Ctrl-Break" daemon [_thread_in_native, id=8932, stack(0x0000006aa8200000,0x0000006aa8300000)]
  0x0000021fd40c0950 JavaThread "Notification Thread" daemon [_thread_blocked, id=15536, stack(0x0000006aa8300000,0x0000006aa8400000)]

Other Threads:
  0x0000021fff4594f0 VMThread "VM Thread" [stack: 0x0000006aa7800000,0x0000006aa7900000] [id=14460]
  0x0000021fff892440 WatcherThread "VM Periodic Task Thread" [stack: 0x0000006aa8400000,0x0000006aa8500000] [id=8780]
  0x0000021ff23a8130 WorkerThread "GC Thread#0" [stack: 0x0000006aa7300000,0x0000006aa7400000] [id=11016]
  0x0000021fd43b14c0 WorkerThread "GC Thread#1" [stack: 0x0000006aa8500000,0x0000006aa8600000] [id=14132]
  0x0000021fd43be060 WorkerThread "GC Thread#2" [stack: 0x0000006aa8600000,0x0000006aa8700000] [id=15800]
  0x0000021fd43be330 WorkerThread "GC Thread#3" [stack: 0x0000006aa8700000,0x0000006aa8800000] [id=2656]
  0x0000021ff23b8c80 ConcurrentGCThread "G1 Main Marker" [stack: 0x0000006aa7400000,0x0000006aa7500000] [id=4996]
  0x0000021ff23b96b0 WorkerThread "G1 Conc#0" [stack: 0x0000006aa7500000,0x0000006aa7600000] [id=15828]
  0x0000021fff30b100 ConcurrentGCThread "G1 Refine#0" [stack: 0x0000006aa7600000,0x0000006aa7700000] [id=1104]
  0x0000021fff30bba0 ConcurrentGCThread "G1 Service" [stack: 0x0000006aa7700000,0x0000006aa7800000] [id=10216]

Threads with active compile tasks:
C2 CompilerThread0    11286 3577       4       org.springframework.boot.context.properties.source.ConfigurationPropertyName$ElementsParser::parse (234 bytes)

VM state: not at safepoint (normal execution)

VM Mutex/Monitor currently owned by a thread: None

Heap address: 0x0000000081e00000, size: 2018 MB, Compressed Oops mode: 32-bit

CDS archive(s) mapped at: [0x0000021f8f000000-0x0000021f8fc60000-0x0000021f8fc60000), size 12976128, SharedBaseAddress: 0x0000021f8f000000, ArchiveRelocationMode: 1.
Compressed class space mapped at: 0x0000021f90000000-0x0000021fd0000000, reserved size: 1073741824
Narrow klass base: 0x0000021f8f000000, Narrow klass shift: 0, Narrow klass range: 0x100000000

GC Precious Log:
 CardTable entry size: 512
 Card Set container configuration: InlinePtr #cards 5 size 8 Array Of Cards #cards 12 size 40 Howl #buckets 4 coarsen threshold 1843 Howl Bitmap #cards 512 size 80 coarsen threshold 460 Card regions per heap region 1 cards per card region 2048
 CPUs: 4 total, 4 available
 Memory: 8067M
 Large Page Support: Disabled
 NUMA Support: Disabled
 Compressed Oops: Enabled (32-bit)
 Heap Region Size: 1M
 Heap Min Capacity: 8M
 Heap Initial Capacity: 128M
 Heap Max Capacity: 2018M
 Pre-touch: Disabled
 Parallel Workers: 4
 Concurrent Workers: 1
 Concurrent Refinement Workers: 4
 Periodic GC: Disabled

Heap:
 garbage-first heap   total 51200K, used 29994K [0x0000000081e00000, 0x0000000100000000)
  region size 1024K, 25 young (25600K), 7 survivors (7168K)
 Metaspace       used 24951K, committed 25344K, reserved 1114112K
  class space    used 3116K, committed 3264K, reserved 1048576K

Heap Regions: E=young(eden), S=young(survivor), O=old, HS=humongous(starts), HC=humongous(continues), CS=collection set, F=free, OA=open archive, CA=closed archive, TAMS=top-at-mark-start, PB=parsable bottom
|   0|0x0000000081e00000, 0x0000000081f00000, 0x0000000081f00000|100%|HS|  |TAMS 0x0000000081e00000| PB 0x0000000081e00000| Complete 
|   1|0x0000000081f00000, 0x0000000082000000, 0x0000000082000000|100%| O|  |TAMS 0x0000000081f00000| PB 0x0000000081f00000| Untracked 
|   2|0x0000000082000000, 0x0000000082100000, 0x0000000082100000|100%| O|  |TAMS 0x0000000082000000| PB 0x0000000082000000| Untracked 
|   3|0x0000000082100000, 0x0000000082200000, 0x0000000082200000|100%| O|  |TAMS 0x0000000082100000| PB 0x0000000082100000| Untracked 
|   4|0x0000000082200000, 0x0000000082300000, 0x0000000082300000|100%| O|  |TAMS 0x0000000082200000| PB 0x0000000082200000| Untracked 
|   5|0x0000000082300000, 0x0000000082400000, 0x0000000082400000|100%| O|  |TAMS 0x0000000082300000| PB 0x0000000082300000| Untracked 
|   6|0x0000000082400000, 0x0000000082452800, 0x0000000082500000| 32%| O|  |TAMS 0x0000000082400000| PB 0x0000000082400000| Complete 
|   7|0x0000000082500000, 0x0000000082500000, 0x0000000082600000|  0%| F|  |TAMS 0x0000000082500000| PB 0x0000000082500000| Untracked 
|   8|0x0000000082600000, 0x0000000082600000, 0x0000000082700000|  0%| F|  |TAMS 0x0000000082600000| PB 0x0000000082600000| Untracked 
|   9|0x0000000082700000, 0x0000000082700000, 0x0000000082800000|  0%| F|  |TAMS 0x0000000082700000| PB 0x0000000082700000| Untracked 
|  10|0x0000000082800000, 0x0000000082800000, 0x0000000082900000|  0%| F|  |TAMS 0x0000000082800000| PB 0x0000000082800000| Untracked 
|  11|0x0000000082900000, 0x0000000082900000, 0x0000000082a00000|  0%| F|  |TAMS 0x0000000082900000| PB 0x0000000082900000| Untracked 
|  12|0x0000000082a00000, 0x0000000082a00000, 0x0000000082b00000|  0%| F|  |TAMS 0x0000000082a00000| PB 0x0000000082a00000| Untracked 
|  13|0x0000000082b00000, 0x0000000082b00000, 0x0000000082c00000|  0%| F|  |TAMS 0x0000000082b00000| PB 0x0000000082b00000| Untracked 
|  14|0x0000000082c00000, 0x0000000082c00000, 0x0000000082d00000|  0%| F|  |TAMS 0x0000000082c00000| PB 0x0000000082c00000| Untracked 
|  15|0x0000000082d00000, 0x0000000082d00000, 0x0000000082e00000|  0%| F|  |TAMS 0x0000000082d00000| PB 0x0000000082d00000| Untracked 
|  16|0x0000000082e00000, 0x0000000082e00000, 0x0000000082f00000|  0%| F|  |TAMS 0x0000000082e00000| PB 0x0000000082e00000| Untracked 
|  17|0x0000000082f00000, 0x0000000082f00000, 0x0000000083000000|  0%| F|  |TAMS 0x0000000082f00000| PB 0x0000000082f00000| Untracked 
|  18|0x0000000083000000, 0x0000000083000000, 0x0000000083100000|  0%| F|  |TAMS 0x0000000083000000| PB 0x0000000083000000| Untracked 
|  19|0x0000000083100000, 0x0000000083100000, 0x0000000083200000|  0%| F|  |TAMS 0x0000000083100000| PB 0x0000000083100000| Untracked 
|  20|0x0000000083200000, 0x0000000083200000, 0x0000000083300000|  0%| F|  |TAMS 0x0000000083200000| PB 0x0000000083200000| Untracked 
|  21|0x0000000083300000, 0x0000000083300000, 0x0000000083400000|  0%| F|  |TAMS 0x0000000083300000| PB 0x0000000083300000| Untracked 
|  22|0x0000000083400000, 0x0000000083400000, 0x0000000083500000|  0%| F|  |TAMS 0x0000000083400000| PB 0x0000000083400000| Untracked 
|  23|0x0000000083500000, 0x0000000083500000, 0x0000000083600000|  0%| F|  |TAMS 0x0000000083500000| PB 0x0000000083500000| Untracked 
|  24|0x0000000083600000, 0x0000000083600000, 0x0000000083700000|  0%| F|  |TAMS 0x0000000083600000| PB 0x0000000083600000| Untracked 
|  25|0x0000000083700000, 0x0000000083780800, 0x0000000083800000| 50%| E|  |TAMS 0x0000000083700000| PB 0x0000000083700000| Complete 
|  26|0x0000000083800000, 0x0000000083900000, 0x0000000083900000|100%| E|CS|TAMS 0x0000000083800000| PB 0x0000000083800000| Complete 
|  27|0x0000000083900000, 0x0000000083a00000, 0x0000000083a00000|100%| E|CS|TAMS 0x0000000083900000| PB 0x0000000083900000| Complete 
|  28|0x0000000083a00000, 0x0000000083b00000, 0x0000000083b00000|100%| E|CS|TAMS 0x0000000083a00000| PB 0x0000000083a00000| Complete 
|  29|0x0000000083b00000, 0x0000000083c00000, 0x0000000083c00000|100%| E|CS|TAMS 0x0000000083b00000| PB 0x0000000083b00000| Complete 
|  30|0x0000000083c00000, 0x0000000083d00000, 0x0000000083d00000|100%| E|CS|TAMS 0x0000000083c00000| PB 0x0000000083c00000| Complete 
|  31|0x0000000083d00000, 0x0000000083e00000, 0x0000000083e00000|100%| E|CS|TAMS 0x0000000083d00000| PB 0x0000000083d00000| Complete 
|  32|0x0000000083e00000, 0x0000000083f00000, 0x0000000083f00000|100%| E|CS|TAMS 0x0000000083e00000| PB 0x0000000083e00000| Complete 
|  33|0x0000000083f00000, 0x0000000084000000, 0x0000000084000000|100%| E|CS|TAMS 0x0000000083f00000| PB 0x0000000083f00000| Complete 
|  34|0x0000000084000000, 0x0000000084100000, 0x0000000084100000|100%| E|CS|TAMS 0x0000000084000000| PB 0x0000000084000000| Complete 
|  35|0x0000000084100000, 0x0000000084200000, 0x0000000084200000|100%| E|CS|TAMS 0x0000000084100000| PB 0x0000000084100000| Complete 
|  36|0x0000000084200000, 0x0000000084300000, 0x0000000084300000|100%| E|CS|TAMS 0x0000000084200000| PB 0x0000000084200000| Complete 
|  37|0x0000000084300000, 0x0000000084400000, 0x0000000084400000|100%| E|CS|TAMS 0x0000000084300000| PB 0x0000000084300000| Complete 
|  38|0x0000000084400000, 0x0000000084500000, 0x0000000084500000|100%| E|CS|TAMS 0x0000000084400000| PB 0x0000000084400000| Complete 
|  39|0x0000000084500000, 0x0000000084600000, 0x0000000084600000|100%| E|CS|TAMS 0x0000000084500000| PB 0x0000000084500000| Complete 
|  40|0x0000000084600000, 0x0000000084700000, 0x0000000084700000|100%| E|CS|TAMS 0x0000000084600000| PB 0x0000000084600000| Complete 
|  41|0x0000000084700000, 0x0000000084800000, 0x0000000084800000|100%| E|CS|TAMS 0x0000000084700000| PB 0x0000000084700000| Complete 
|  74|0x0000000086800000, 0x00000000868f8310, 0x0000000086900000| 96%| S|CS|TAMS 0x0000000086800000| PB 0x0000000086800000| Complete 
|  75|0x0000000086900000, 0x0000000086a00000, 0x0000000086a00000|100%| S|CS|TAMS 0x0000000086900000| PB 0x0000000086900000| Complete 
|  76|0x0000000086a00000, 0x0000000086b00000, 0x0000000086b00000|100%| S|CS|TAMS 0x0000000086a00000| PB 0x0000000086a00000| Complete 
|  77|0x0000000086b00000, 0x0000000086c00000, 0x0000000086c00000|100%| S|CS|TAMS 0x0000000086b00000| PB 0x0000000086b00000| Complete 
|  78|0x0000000086c00000, 0x0000000086d00000, 0x0000000086d00000|100%| S|CS|TAMS 0x0000000086c00000| PB 0x0000000086c00000| Complete 
|  79|0x0000000086d00000, 0x0000000086e00000, 0x0000000086e00000|100%| S|CS|TAMS 0x0000000086d00000| PB 0x0000000086d00000| Complete 
|  80|0x0000000086e00000, 0x0000000086f00000, 0x0000000086f00000|100%| S|CS|TAMS 0x0000000086e00000| PB 0x0000000086e00000| Complete 
| 127|0x0000000089d00000, 0x0000000089e00000, 0x0000000089e00000|100%| E|  |TAMS 0x0000000089d00000| PB 0x0000000089d00000| Complete 

Card table byte_map: [0x0000021ffa820000,0x0000021ffac20000] _byte_map_base: 0x0000021ffa411000

Marking Bits: (CMBitMap*) 0x0000021ff23a8760
 Bits: [0x0000021ffb020000, 0x0000021ffcfa8000)

Polling page: 0x0000021ff01a0000

Metaspace:

Usage:
  Non-class:     21.33 MB used.
      Class:      3.04 MB used.
       Both:     24.37 MB used.

Virtual space:
  Non-class space:       64.00 MB reserved,      21.56 MB ( 34%) committed,  1 nodes.
      Class space:        1.00 GB reserved,       3.19 MB ( <1%) committed,  1 nodes.
             Both:        1.06 GB reserved,      24.75 MB (  2%) committed. 

Chunk freelists:
   Non-Class:  2.00 MB
       Class:  848.00 KB
        Both:  2.83 MB

MaxMetaspaceSize: unlimited
CompressedClassSpaceSize: 1.00 GB
Initial GC threshold: 21.00 MB
Current GC threshold: 35.12 MB
CDS: on
MetaspaceReclaimPolicy: balanced
 - commit_granule_bytes: 65536.
 - commit_granule_words: 8192.
 - virtual_space_node_default_size: 8388608.
 - enlarge_chunks_in_place: 1.
 - new_chunks_are_fully_committed: 0.
 - uncommit_free_chunks: 1.
 - use_allocation_guard: 0.


Internal statistics:

num_allocs_failed_limit: 3.
num_arena_births: 462.
num_arena_deaths: 0.
num_vsnodes_births: 2.
num_vsnodes_deaths: 0.
num_space_committed: 396.
num_space_uncommitted: 0.
num_chunks_returned_to_freelist: 3.
num_chunks_taken_from_freelist: 1360.
num_chunk_merges: 3.
num_chunk_splits: 913.
num_chunks_enlarged: 667.
num_inconsistent_stats: 0.

CodeHeap 'non-profiled nmethods': size=120000Kb used=1476Kb max_used=1476Kb free=118523Kb
 bounds [0x0000021f87ad0000, 0x0000021f87d40000, 0x0000021f8f000000]
CodeHeap 'profiled nmethods': size=120000Kb used=7784Kb max_used=7784Kb free=112215Kb
 bounds [0x0000021f80000000, 0x0000021f807a0000, 0x0000021f87530000]
CodeHeap 'non-nmethods': size=5760Kb used=1485Kb max_used=1534Kb free=4274Kb
 bounds [0x0000021f87530000, 0x0000021f877a0000, 0x0000021f87ad0000]
 total_blobs=4161 nmethods=3648 adapters=423
 compilation: enabled
              stopped_count=0, restarted_count=0
 full_count=0

Compilation events (20 events):
Event: 10.951 Thread 0x0000021fff4ddf80 3599       3       org.springframework.boot.context.properties.source.SpringIterableConfigurationPropertySource$Mappings::updateMappings (261 bytes)
Event: 10.954 Thread 0x0000021fff4ddf80 nmethod 3599 0x0000021f8076dc10 code [0x0000021f8076e000, 0x0000021f80770008]
Event: 10.954 Thread 0x0000021fff4ddf80 3600   !   3       jdk.proxy2.$Proxy40::annotationType (29 bytes)
Event: 10.954 Thread 0x0000021fff4ddf80 nmethod 3600 0x0000021f80770b90 code [0x0000021f80770d40, 0x0000021f80771130]
Event: 10.954 Thread 0x0000021fff4ddf80 3598       3       java.time.Instant::ofEpochSecond (31 bytes)
Event: 10.954 Thread 0x0000021fff4ddf80 nmethod 3598 0x0000021f80771310 code [0x0000021f807714c0, 0x0000021f80771690]
Event: 10.954 Thread 0x0000021fff4ddf80 3597   !   3       org.springframework.core.env.PropertiesPropertySource::getPropertyNames (22 bytes)
Event: 10.955 Thread 0x0000021fff4ddf80 nmethod 3597 0x0000021f80771790 code [0x0000021f807719a0, 0x0000021f80772328]
Event: 10.975 Thread 0x0000021fff4ddf80 3601       3       java.lang.invoke.InvokerBytecodeGenerator::<init> (80 bytes)
Event: 10.976 Thread 0x0000021fff4ddf80 nmethod 3601 0x0000021f80772610 code [0x0000021f807727e0, 0x0000021f80772b88]
Event: 10.980 Thread 0x0000021fff4ddf80 3602   !   3       org.springframework.core.annotation.AnnotationsScanner::processClassInheritedAnnotations (250 bytes)
Event: 10.983 Thread 0x0000021fff4ddf80 nmethod 3602 0x0000021f80772e10 code [0x0000021f80773140, 0x0000021f807748c0]
Event: 10.983 Thread 0x0000021fff4ddf80 3603       3       java.lang.ThreadLocal$ThreadLocalMap::nextIndex (15 bytes)
Event: 10.983 Thread 0x0000021fff4ddf80 nmethod 3603 0x0000021f80775390 code [0x0000021f80775520, 0x0000021f80775668]
Event: 10.983 Thread 0x0000021fff4ddf80 3605   !   2       java.util.concurrent.ConcurrentHashMap::putVal (432 bytes)
Event: 10.985 Thread 0x0000021fff4ddf80 nmethod 3605 0x0000021f80775710 code [0x0000021f807759c0, 0x0000021f807768d8]
Event: 10.986 Thread 0x0000021fff4ddf80 3606   !   3       jdk.proxy2.$Proxy41::annotationType (29 bytes)
Event: 10.986 Thread 0x0000021fff4ddf80 nmethod 3606 0x0000021f80777190 code [0x0000021f80777340, 0x0000021f80777730]
Event: 10.986 Thread 0x0000021fff4ddf80 3604       3       org.springframework.core.annotation.AnnotatedElementUtils::getAnnotationAttributes (23 bytes)
Event: 10.987 Thread 0x0000021fff4ddf80 nmethod 3604 0x0000021f80777910 code [0x0000021f80777b40, 0x0000021f80778398]

GC Heap History (8 events):
Event: 3.356 GC heap before
{Heap before GC invocations=0 (full 0):
 garbage-first heap   total 131072K, used 14336K [0x0000000081e00000, 0x0000000100000000)
  region size 1024K, 13 young (13312K), 0 survivors (0K)
 Metaspace       used 3581K, committed 3776K, reserved 1114112K
  class space    used 353K, committed 448K, reserved 1048576K
}
Event: 3.376 GC heap after
{Heap after GC invocations=1 (full 0):
 garbage-first heap   total 131072K, used 6443K [0x0000000081e00000, 0x0000000100000000)
  region size 1024K, 2 young (2048K), 2 survivors (2048K)
 Metaspace       used 3581K, committed 3776K, reserved 1114112K
  class space    used 353K, committed 448K, reserved 1048576K
}
Event: 4.954 GC heap before
{Heap before GC invocations=1 (full 0):
 garbage-first heap   total 131072K, used 18731K [0x0000000081e00000, 0x0000000100000000)
  region size 1024K, 14 young (14336K), 2 survivors (2048K)
 Metaspace       used 7484K, committed 7680K, reserved 1114112K
  class space    used 879K, committed 960K, reserved 1048576K
}
Event: 4.962 GC heap after
{Heap after GC invocations=2 (full 0):
 garbage-first heap   total 131072K, used 7702K [0x0000000081e00000, 0x0000000100000000)
  region size 1024K, 2 young (2048K), 2 survivors (2048K)
 Metaspace       used 7484K, committed 7680K, reserved 1114112K
  class space    used 879K, committed 960K, reserved 1048576K
}
Event: 6.373 GC heap before
{Heap before GC invocations=2 (full 0):
 garbage-first heap   total 131072K, used 33302K [0x0000000081e00000, 0x0000000100000000)
  region size 1024K, 28 young (28672K), 2 survivors (2048K)
 Metaspace       used 14667K, committed 14976K, reserved 1114112K
  class space    used 1737K, committed 1856K, reserved 1048576K
}
Event: 6.380 GC heap after
{Heap after GC invocations=3 (full 0):
 garbage-first heap   total 131072K, used 9653K [0x0000000081e00000, 0x0000000100000000)
  region size 1024K, 4 young (4096K), 4 survivors (4096K)
 Metaspace       used 14667K, committed 14976K, reserved 1114112K
  class space    used 1737K, committed 1856K, reserved 1048576K
}
Event: 9.069 GC heap before
{Heap before GC invocations=3 (full 0):
 garbage-first heap   total 131072K, used 52661K [0x0000000081e00000, 0x0000000100000000)
  region size 1024K, 47 young (48128K), 4 survivors (4096K)
 Metaspace       used 21238K, committed 21504K, reserved 1114112K
  class space    used 2571K, committed 2688K, reserved 1048576K
}
Event: 9.087 GC heap after
{Heap after GC invocations=4 (full 0):
 garbage-first heap   total 131072K, used 13610K [0x0000000081e00000, 0x0000000100000000)
  region size 1024K, 7 young (7168K), 7 survivors (7168K)
 Metaspace       used 21238K, committed 21504K, reserved 1114112K
  class space    used 2571K, committed 2688K, reserved 1048576K
}

Dll operation events (11 events):
Event: 0.075 Loaded shared library C:\Program Files\Java\jdk-20\bin\java.dll
Event: 0.263 Loaded shared library C:\Program Files\Java\jdk-20\bin\jsvml.dll
Event: 0.969 Loaded shared library C:\Program Files\Java\jdk-20\bin\zip.dll
Event: 1.006 Loaded shared library C:\Program Files\Java\jdk-20\bin\instrument.dll
Event: 1.108 Loaded shared library C:\Program Files\Java\jdk-20\bin\net.dll
Event: 1.113 Loaded shared library C:\Program Files\Java\jdk-20\bin\nio.dll
Event: 1.122 Loaded shared library C:\Program Files\Java\jdk-20\bin\zip.dll
Event: 1.717 Loaded shared library C:\Program Files\JetBrains\IntelliJ IDEA Community Edition 2023.1.2\bin\breakgen64.dll
Event: 1.796 Loaded shared library C:\Program Files\Java\jdk-20\bin\extnet.dll
Event: 1.936 Loaded shared library C:\Program Files\Java\jdk-20\bin\jimage.dll
Event: 5.962 Loaded shared library C:\Program Files\Java\jdk-20\bin\verify.dll

Deoptimization events (20 events):
Event: 10.775 Thread 0x0000021ff234c6b0 Uncommon trap: trap_request=0xffffffde fr.pc=0x0000021f87b6ae14 relative=0x0000000000000df4
Event: 10.775 Thread 0x0000021ff234c6b0 Uncommon trap: reason=class_check action=maybe_recompile pc=0x0000021f87b6ae14 method=java.util.concurrent.ConcurrentHashMap.putVal(Ljava/lang/Object;Ljava/lang/Object;Z)Ljava/lang/Object; @ 242 c2
Event: 10.775 Thread 0x0000021ff234c6b0 DEOPT PACKING pc=0x0000021f87b6ae14 sp=0x0000006aa72fc730
Event: 10.775 Thread 0x0000021ff234c6b0 DEOPT UNPACKING pc=0x0000021f87599d22 sp=0x0000006aa72fc6b0 mode 2
Event: 10.795 Thread 0x0000021ff234c6b0 Uncommon trap: trap_request=0xffffff45 fr.pc=0x0000021f87c1cfc0 relative=0x0000000000000880
Event: 10.795 Thread 0x0000021ff234c6b0 Uncommon trap: reason=unstable_if action=reinterpret pc=0x0000021f87c1cfc0 method=jdk.internal.org.objectweb.asm.MethodWriter.visitInsn(I)V @ 24 c2
Event: 10.795 Thread 0x0000021ff234c6b0 DEOPT PACKING pc=0x0000021f87c1cfc0 sp=0x0000006aa72f58f0
Event: 10.795 Thread 0x0000021ff234c6b0 DEOPT UNPACKING pc=0x0000021f87599d22 sp=0x0000006aa72f58d8 mode 2
Event: 10.796 Thread 0x0000021ff234c6b0 Uncommon trap: trap_request=0xffffff45 fr.pc=0x0000021f87c06d08 relative=0x0000000000000148
Event: 10.796 Thread 0x0000021ff234c6b0 Uncommon trap: reason=unstable_if action=reinterpret pc=0x0000021f87c06d08 method=java.lang.invoke.MethodType.methodType(Ljava/lang/Class;[Ljava/lang/Class;Z)Ljava/lang/invoke/MethodType; @ 53 c2
Event: 10.796 Thread 0x0000021ff234c6b0 DEOPT PACKING pc=0x0000021f87c06d08 sp=0x0000006aa72fb790
Event: 10.796 Thread 0x0000021ff234c6b0 DEOPT UNPACKING pc=0x0000021f87599d22 sp=0x0000006aa72fb710 mode 2
Event: 10.980 Thread 0x0000021ff234c6b0 Uncommon trap: trap_request=0xffffffde fr.pc=0x0000021f87b6ae14 relative=0x0000000000000df4
Event: 10.980 Thread 0x0000021ff234c6b0 Uncommon trap: reason=class_check action=maybe_recompile pc=0x0000021f87b6ae14 method=java.util.concurrent.ConcurrentHashMap.putVal(Ljava/lang/Object;Ljava/lang/Object;Z)Ljava/lang/Object; @ 242 c2
Event: 10.980 Thread 0x0000021ff234c6b0 DEOPT PACKING pc=0x0000021f87b6ae14 sp=0x0000006aa72fdcb0
Event: 10.980 Thread 0x0000021ff234c6b0 DEOPT UNPACKING pc=0x0000021f87599d22 sp=0x0000006aa72fdc30 mode 2
Event: 10.982 Thread 0x0000021ff234c6b0 Uncommon trap: trap_request=0xffffffde fr.pc=0x0000021f87b6ae14 relative=0x0000000000000df4
Event: 10.982 Thread 0x0000021ff234c6b0 Uncommon trap: reason=class_check action=maybe_recompile pc=0x0000021f87b6ae14 method=java.util.concurrent.ConcurrentHashMap.putVal(Ljava/lang/Object;Ljava/lang/Object;Z)Ljava/lang/Object; @ 242 c2
Event: 10.982 Thread 0x0000021ff234c6b0 DEOPT PACKING pc=0x0000021f87b6ae14 sp=0x0000006aa72fdcb0
Event: 10.982 Thread 0x0000021ff234c6b0 DEOPT UNPACKING pc=0x0000021f87599d22 sp=0x0000006aa72fdc30 mode 2

Classes loaded (20 events):
Event: 10.476 Loading class sun/util/PropertyResourceBundleCharset$PropertiesFileDecoder
Event: 10.476 Loading class sun/util/PropertyResourceBundleCharset$PropertiesFileDecoder done
Event: 10.482 Loading class java/util/ResourceBundle$BundleReference
Event: 10.482 Loading class java/util/ResourceBundle$BundleReference done
Event: 10.484 Loading class java/lang/ThreadDeath
Event: 10.484 Loading class java/lang/ThreadDeath done
Event: 10.598 Loading class javax/management/MBeanRegistration
Event: 10.599 Loading class javax/management/MBeanRegistration done
Event: 10.607 Loading class javax/management/NotificationEmitter
Event: 10.607 Loading class javax/management/NotificationBroadcaster
Event: 10.608 Loading class javax/management/NotificationBroadcaster done
Event: 10.608 Loading class javax/management/NotificationEmitter done
Event: 10.801 Loading class java/beans/Introspector
Event: 10.812 Loading class java/beans/Introspector done
Event: 10.812 Loading class java/beans/EventSetDescriptor
Event: 10.813 Loading class java/beans/EventSetDescriptor done
Event: 10.813 Loading class java/beans/Introspector$1
Event: 10.813 Loading class jdk/internal/access/JavaBeansAccess
Event: 10.814 Loading class jdk/internal/access/JavaBeansAccess done
Event: 10.814 Loading class java/beans/Introspector$1 done

Classes unloaded (0 events):
No events

Classes redefined (0 events):
No events

Internal exceptions (20 events):
Event: 9.268 Thread 0x0000021ff234c6b0 Exception <a 'java/lang/NoSuchMethodError'{0x00000000847e0d80}: 'int java.lang.invoke.Invokers$Holder.linkToTargetMethod(java.lang.Object, java.lang.Object)'> (0x00000000847e0d80) 
thrown [s\open\src\hotspot\share\interpreter\linkResolver.cpp, line 773]
Event: 9.292 Thread 0x0000021ff234c6b0 Exception <a 'java/lang/NoSuchMethodError'{0x000000008465ebd8}: 'java.lang.Object java.lang.invoke.Invokers$Holder.invoke_MT(java.lang.Object, java.lang.Object, java.lang.Object, java.lang.Object, java.lang.Object, java.lang.Object, java.lang.Object, java.lang.Object, java.lang.Object, java.lang.Object)'> (0x000000008465ebd8) 
thrown [s\open\src\hotspot\share\interpreter\linkResolver.cpp, line 773]
Event: 9.341 Thread 0x0000021ff234c6b0 Exception <a 'java/lang/NoSuchMethodError'{0x0000000084698c38}: 'java.lang.Object java.lang.invoke.DirectMethodHandle$Holder.invokeSpecial(java.lang.Object, java.lang.Object, int, java.lang.Object, java.lang.Object)'> (0x0000000084698c38) 
thrown [s\open\src\hotspot\share\interpreter\linkResolver.cpp, line 773]
Event: 9.341 Thread 0x0000021ff234c6b0 Exception <a 'java/lang/NoSuchMethodError'{0x000000008469c668}: 'java.lang.Object java.lang.invoke.DelegatingMethodHandle$Holder.delegate(java.lang.Object, int, java.lang.Object, java.lang.Object)'> (0x000000008469c668) 
thrown [s\open\src\hotspot\share\interpreter\linkResolver.cpp, line 773]
Event: 9.347 Thread 0x0000021ff234c6b0 Exception <a 'java/lang/NoSuchMethodError'{0x00000000846ab990}: 'int java.lang.invoke.Invokers$Holder.linkToTargetMethod(java.lang.Object, java.lang.Object, java.lang.Object)'> (0x00000000846ab990) 
thrown [s\open\src\hotspot\share\interpreter\linkResolver.cpp, line 773]
Event: 9.420 Thread 0x0000021ff234c6b0 Exception <a 'java/lang/NoSuchMethodError'{0x0000000084546120}: 'void java.lang.invoke.Invokers$Holder.invokeExact_MT(java.lang.Object, java.lang.Object, java.lang.Object)'> (0x0000000084546120) 
thrown [s\open\src\hotspot\share\interpreter\linkResolver.cpp, line 773]
Event: 9.613 Thread 0x0000021ff234c6b0 Exception <a 'java/lang/NoClassDefFoundError'{0x000000008430b9d0}: org/flywaydb/core/Flyway> (0x000000008430b9d0) 
thrown [s\open\src\hotspot\share\classfile\systemDictionary.cpp, line 294]
Event: 9.613 Thread 0x0000021ff234c6b0 Exception <a 'java/lang/NoClassDefFoundError'{0x000000008430c8c8}: liquibase/integration/spring/SpringLiquibase> (0x000000008430c8c8) 
thrown [s\open\src\hotspot\share\classfile\systemDictionary.cpp, line 294]
Event: 9.750 Thread 0x0000021ff234c6b0 Exception <a 'java/lang/NoClassDefFoundError'{0x00000000842e6a78}: org/jooq/DSLContext> (0x00000000842e6a78) 
thrown [s\open\src\hotspot\share\classfile\systemDictionary.cpp, line 294]
Event: 9.752 Thread 0x0000021ff234c6b0 Exception <a 'java/lang/NoClassDefFoundError'{0x00000000842f81c0}: org/springframework/batch/core/repository/JobRepository> (0x00000000842f81c0) 
thrown [s\open\src\hotspot\share\classfile\systemDictionary.cpp, line 294]
Event: 9.753 Thread 0x0000021ff234c6b0 Exception <a 'java/lang/NoClassDefFoundError'{0x00000000842f8ed0}: org/quartz/Scheduler> (0x00000000842f8ed0) 
thrown [s\open\src\hotspot\share\classfile\systemDictionary.cpp, line 294]
Event: 9.753 Thread 0x0000021ff234c6b0 Exception <a 'java/lang/NoClassDefFoundError'{0x00000000842f9ef0}: org/springframework/session/jdbc/JdbcIndexedSessionRepository> (0x00000000842f9ef0) 
thrown [s\open\src\hotspot\share\classfile\systemDictionary.cpp, line 294]
Event: 9.952 Thread 0x0000021ff234c6b0 Exception <a 'java/lang/NoSuchMethodError'{0x00000000840a2c18}: 'void java.lang.invoke.DirectMethodHandle$Holder.invokeVirtual(java.lang.Object, java.lang.Object, int)'> (0x00000000840a2c18) 
thrown [s\open\src\hotspot\share\interpreter\linkResolver.cpp, line 773]
Event: 9.953 Thread 0x0000021ff234c6b0 Exception <a 'java/lang/NoSuchMethodError'{0x00000000840a6ac8}: 'int java.lang.invoke.DirectMethodHandle$Holder.invokeSpecial(java.lang.Object, java.lang.Object, java.lang.Object, int)'> (0x00000000840a6ac8) 
thrown [s\open\src\hotspot\share\interpreter\linkResolver.cpp, line 773]
Event: 9.956 Thread 0x0000021ff234c6b0 Exception <a 'java/lang/NoSuchMethodError'{0x00000000840b8800}: 'java.lang.Object java.lang.invoke.DirectMethodHandle$Holder.invokeStatic(java.lang.Object, java.lang.Object, java.lang.Object, java.lang.Object, int)'> (0x00000000840b8800) 
thrown [s\open\src\hotspot\share\interpreter\linkResolver.cpp, line 773]
Event: 9.958 Thread 0x0000021ff234c6b0 Exception <a 'java/lang/NoSuchMethodError'{0x00000000840c2eb8}: 'void java.lang.invoke.DelegatingMethodHandle$Holder.reinvoke_L(java.lang.Object, java.lang.Object, int)'> (0x00000000840c2eb8) 
thrown [s\open\src\hotspot\share\interpreter\linkResolver.cpp, line 773]
Event: 10.321 Thread 0x0000021ff234c6b0 Exception <a 'java/lang/NoSuchMethodError'{0x0000000083dcc110}: 'java.lang.Object java.lang.invoke.DirectMethodHandle$Holder.invokeSpecialIFC(java.lang.Object, java.lang.Object, java.lang.Object)'> (0x0000000083dcc110) 
thrown [s\open\src\hotspot\share\interpreter\linkResolver.cpp, line 773]
Event: 10.346 Thread 0x0000021ff234c6b0 Exception <a 'java/lang/NoSuchMethodError'{0x0000000083c11560}: 'java.lang.Object java.lang.invoke.DirectMethodHandle$Holder.invokeVirtual(java.lang.Object, java.lang.Object, java.lang.Object, java.lang.Object, java.lang.Object)'> (0x0000000083c11560) 
thrown [s\open\src\hotspot\share\interpreter\linkResolver.cpp, line 773]
Event: 10.795 Thread 0x0000021ff234c6b0 Implicit null exception at 0x0000021f87c1c7cc to 0x0000021f87c1cfb0
Event: 10.795 Thread 0x0000021ff234c6b0 Exception <a 'java/lang/NoSuchMethodError'{0x0000000083ac5020}: 'java.lang.reflect.Field[] java.lang.Class.getDeclaredFields(java.lang.Class)'> (0x0000000083ac5020) 
thrown [s\open\src\hotspot\share\interpreter\linkResolver.cpp, line 773]

VM Operations (20 events):
Event: 9.274 Executing VM operation: HandshakeAllThreads
Event: 9.274 Executing VM operation: HandshakeAllThreads done
Event: 9.281 Executing VM operation: HandshakeAllThreads
Event: 9.281 Executing VM operation: HandshakeAllThreads done
Event: 9.767 Executing VM operation: HandshakeAllThreads
Event: 9.767 Executing VM operation: HandshakeAllThreads done
Event: 9.944 Executing VM operation: HandshakeAllThreads
Event: 9.944 Executing VM operation: HandshakeAllThreads done
Event: 9.946 Executing VM operation: HandshakeAllThreads
Event: 9.946 Executing VM operation: HandshakeAllThreads done
Event: 9.993 Executing VM operation: HandshakeAllThreads
Event: 9.993 Executing VM operation: HandshakeAllThreads done
Event: 10.010 Executing VM operation: HandshakeAllThreads
Event: 10.010 Executing VM operation: HandshakeAllThreads done
Event: 10.182 Executing VM operation: HandshakeAllThreads
Event: 10.182 Executing VM operation: HandshakeAllThreads done
Event: 10.182 Executing VM operation: Cleanup
Event: 10.183 Executing VM operation: Cleanup done
Event: 10.933 Executing VM operation: HandshakeAllThreads
Event: 10.933 Executing VM operation: HandshakeAllThreads done

Events (18 events):
Event: 0.263 Thread 0x0000021ff234c6b0 Thread added: 0x0000021ff234c6b0
Event: 0.379 Thread 0x0000021fff4744e0 Thread added: 0x0000021fff4744e0
Event: 0.379 Thread 0x0000021fff475480 Thread added: 0x0000021fff475480
Event: 0.379 Thread 0x0000021fff4792a0 Thread added: 0x0000021fff4792a0
Event: 0.380 Thread 0x0000021fff47cd00 Thread added: 0x0000021fff47cd00
Event: 0.380 Thread 0x0000021fff47d640 Thread added: 0x0000021fff47d640
Event: 0.380 Thread 0x0000021fff47df80 Thread added: 0x0000021fff47df80
Event: 0.380 Thread 0x0000021fff47ebf0 Thread added: 0x0000021fff47ebf0
Event: 0.416 Thread 0x0000021fff4ddf80 Thread added: 0x0000021fff4ddf80
Event: 0.836 Thread 0x0000021fff446d60 Thread added: 0x0000021fff446d60
Event: 1.719 Thread 0x0000021fff891ef0 Thread added: 0x0000021fff891ef0
Event: 1.719 Thread 0x0000021fd40c0950 Thread added: 0x0000021fd40c0950
Event: 5.472 Thread 0x0000021fd4932af0 Thread added: 0x0000021fd4932af0
Event: 6.576 Thread 0x0000021fd4932af0 Thread exited: 0x0000021fd4932af0
Event: 7.012 Thread 0x0000021fd4b5a820 Thread added: 0x0000021fd4b5a820
Event: 7.077 Thread 0x0000021fd4b5a820 Thread exited: 0x0000021fd4b5a820
Event: 10.073 Thread 0x0000021fd4d50170 Thread added: 0x0000021fd4d50170
Event: 10.888 Thread 0x0000021fd4d50170 Thread exited: 0x0000021fd4d50170


Dynamic libraries:
0x00007ff7c4910000 - 0x00007ff7c4920000 	C:\Program Files\Java\jdk-20\bin\java.exe
0x00007ffd53150000 - 0x00007ffd53348000 	C:\Windows\SYSTEM32\ntdll.dll
0x00007ffd515c0000 - 0x00007ffd5167d000 	C:\Windows\System32\KERNEL32.DLL
0x00007ffd509a0000 - 0x00007ffd50c96000 	C:\Windows\System32\KERNELBASE.dll
0x00007ffd50830000 - 0x00007ffd50930000 	C:\Windows\System32\ucrtbase.dll
0x00007ffd489f0000 - 0x00007ffd48a09000 	C:\Program Files\Java\jdk-20\bin\jli.dll
0x00007ffd511b0000 - 0x00007ffd5125f000 	C:\Windows\System32\ADVAPI32.dll
0x00007ffd52650000 - 0x00007ffd526ee000 	C:\Windows\System32\msvcrt.dll
0x00007ffd51370000 - 0x00007ffd5140c000 	C:\Windows\System32\sechost.dll
0x00007ffd43690000 - 0x00007ffd436ab000 	C:\Program Files\Java\jdk-20\bin\VCRUNTIME140.dll
0x00007ffd51dd0000 - 0x00007ffd51ef6000 	C:\Windows\System32\RPCRT4.dll
0x00007ffd517f0000 - 0x00007ffd5198e000 	C:\Windows\System32\USER32.dll
0x00007ffd50d50000 - 0x00007ffd50d72000 	C:\Windows\System32\win32u.dll
0x00007ffd51bc0000 - 0x00007ffd51bec000 	C:\Windows\System32\GDI32.dll
0x00007ffd50f10000 - 0x00007ffd5102a000 	C:\Windows\System32\gdi32full.dll
0x00007ffd51080000 - 0x00007ffd5111d000 	C:\Windows\System32\msvcp_win.dll
0x00007ffd412d0000 - 0x00007ffd4156a000 	C:\Windows\WinSxS\amd64_microsoft.windows.common-controls_6595b64144ccf1df_6.0.19041.3636_none_60b6a03d71f818d5\COMCTL32.dll
0x00007ffd445f0000 - 0x00007ffd445fa000 	C:\Windows\SYSTEM32\VERSION.dll
0x00007ffd51260000 - 0x00007ffd51290000 	C:\Windows\System32\IMM32.DLL
0x00007ffd4d820000 - 0x00007ffd4d82c000 	C:\Program Files\Java\jdk-20\bin\vcruntime140_1.dll
0x00007ffd3f530000 - 0x00007ffd3f5be000 	C:\Program Files\Java\jdk-20\bin\msvcp140.dll
0x00007ffcb8170000 - 0x00007ffcb8e08000 	C:\Program Files\Java\jdk-20\bin\server\jvm.dll
0x00007ffd4bb90000 - 0x00007ffd4bb99000 	C:\Windows\SYSTEM32\WSOCK32.dll
0x00007ffd51300000 - 0x00007ffd5136b000 	C:\Windows\System32\WS2_32.dll
0x00007ffd42b80000 - 0x00007ffd42ba7000 	C:\Windows\SYSTEM32\WINMM.dll
0x00007ffd4f040000 - 0x00007ffd4f052000 	C:\Windows\SYSTEM32\kernel.appcore.dll
0x00007ffd43c80000 - 0x00007ffd43c8a000 	C:\Program Files\Java\jdk-20\bin\jimage.dll
0x00007ffd3e480000 - 0x00007ffd3e664000 	C:\Windows\SYSTEM32\DBGHELP.DLL
0x00007ffd3e3c0000 - 0x00007ffd3e3f4000 	C:\Windows\SYSTEM32\dbgcore.DLL
0x00007ffd51120000 - 0x00007ffd511a2000 	C:\Windows\System32\bcryptPrimitives.dll
0x00007ffd4bea0000 - 0x00007ffd4beae000 	C:\Program Files\Java\jdk-20\bin\instrument.dll
0x00007ffd3d680000 - 0x00007ffd3d6a6000 	C:\Program Files\Java\jdk-20\bin\java.dll
0x00007ffd1dea0000 - 0x00007ffd1df77000 	C:\Program Files\Java\jdk-20\bin\jsvml.dll
0x00007ffd51f00000 - 0x00007ffd52644000 	C:\Windows\System32\SHELL32.dll
0x00007ffd4e300000 - 0x00007ffd4ea9b000 	C:\Windows\SYSTEM32\windows.storage.dll
0x00007ffd526f0000 - 0x00007ffd52a44000 	C:\Windows\System32\combase.dll
0x00007ffd500c0000 - 0x00007ffd500ed000 	C:\Windows\SYSTEM32\Wldp.dll
0x00007ffd516e0000 - 0x00007ffd5178d000 	C:\Windows\System32\SHCORE.dll
0x00007ffd512a0000 - 0x00007ffd512f5000 	C:\Windows\System32\shlwapi.dll
0x00007ffd50760000 - 0x00007ffd50785000 	C:\Windows\SYSTEM32\profapi.dll
0x00007ffd3d660000 - 0x00007ffd3d678000 	C:\Program Files\Java\jdk-20\bin\zip.dll
0x00007ffd427c0000 - 0x00007ffd427d3000 	C:\Program Files\Java\jdk-20\bin\net.dll
0x00007ffd47640000 - 0x00007ffd4774a000 	C:\Windows\SYSTEM32\WINHTTP.dll
0x00007ffd4fea0000 - 0x00007ffd4ff0a000 	C:\Windows\system32\mswsock.dll
0x00007ffd40d70000 - 0x00007ffd40d86000 	C:\Program Files\Java\jdk-20\bin\nio.dll
0x00007ffd49fd0000 - 0x00007ffd49fea000 	C:\Program Files\JetBrains\IntelliJ IDEA Community Edition 2023.1.2\bin\breakgen64.dll
0x00007ffd3f760000 - 0x00007ffd3f767000 	C:\Program Files\Java\jdk-20\bin\extnet.dll
0x00007ffd3a3c0000 - 0x00007ffd3a3d0000 	C:\Program Files\Java\jdk-20\bin\verify.dll

dbghelp: loaded successfully - version: 4.0.5 - missing functions: none
symbol engine: initialized successfully - sym options: 0x614 - pdb path: .;C:\Program Files\Java\jdk-20\bin;C:\Windows\SYSTEM32;C:\Windows\WinSxS\amd64_microsoft.windows.common-controls_6595b64144ccf1df_6.0.19041.3636_none_60b6a03d71f818d5;C:\Program Files\Java\jdk-20\bin\server;C:\Program Files\JetBrains\IntelliJ IDEA Community Edition 2023.1.2\bin

VM Arguments:
jvm_args: -javaagent:C:\Program Files\JetBrains\IntelliJ IDEA Community Edition 2023.1.2\lib\idea_rt.jar=60602:C:\Program Files\JetBrains\IntelliJ IDEA Community Edition 2023.1.2\bin -Dfile.encoding=UTF-8 -Dsun.stdout.encoding=UTF-8 -Dsun.stderr.encoding=UTF-8 
java_command: com.exam.SecurityApplication
java_class_path (initial): G:\Project\ExamsBackEnd\BackEnd\ExamServer_Springboot\target\classes;C:\Users\D e r r y\.m2\repository\org\springframework\boot\spring-boot-starter-security\3.0.4\spring-boot-starter-security-3.0.4.jar;C:\Users\D e r r y\.m2\repository\org\springframework\boot\spring-boot-starter\3.0.1\spring-boot-starter-3.0.1.jar;C:\Users\D e r r y\.m2\repository\org\springframework\boot\spring-boot\3.0.1\spring-boot-3.0.1.jar;C:\Users\D e r r y\.m2\repository\org\springframework\boot\spring-boot-autoconfigure\3.0.1\spring-boot-autoconfigure-3.0.1.jar;C:\Users\D e r r y\.m2\repository\org\springframework\boot\spring-boot-starter-logging\3.0.1\spring-boot-starter-logging-3.0.1.jar;C:\Users\D e r r y\.m2\repository\ch\qos\logback\logback-classic\1.4.5\logback-classic-1.4.5.jar;C:\Users\D e r r y\.m2\repository\ch\qos\logback\logback-core\1.4.5\logback-core-1.4.5.jar;C:\Users\D e r r y\.m2\repository\org\apache\logging\log4j\log4j-to-slf4j\2.19.0\log4j-to-slf4j-2.19.0.jar;C:\Users\D e r r y\.m2\repository\org\apache\logging\log4j\log4j-api\2.19.0\log4j-api-2.19.0.jar;C:\Users\D e r r y\.m2\repository\org\slf4j\jul-to-slf4j\2.0.6\jul-to-slf4j-2.0.6.jar;C:\Users\D e r r y\.m2\repository\jakarta\annotation\jakarta.annotation-api\2.1.1\jakarta.annotation-api-2.1.1.jar;C:\Users\D e r r y\.m2\repository\org\yaml\snakeyaml\1.33\snakeyaml-1.33.jar;C:\Users\D e r r y\.m2\repository\org\springframework\spring-aop\6.0.3\spring-aop-6.0.3.jar;C:\Users\D e r r y\.m2\repository\org\springframework\security\spring-security-config\6.0.1\spring-security-config-6.0.1.jar;C:\Users\D e r r y\.m2\repository\org\springframework\security\spring-security-web\6.0.1\spring-security-web-6.0.1.jar;C:\Users\D e r r y\.m2\repository\org\springframework\boot\spring-boot-starter-web\3.1.0\spring-boot-starter-web-3.1.0.jar;C:\Users\D e r r y\.m2\repository\org\springframework\boot\spring-boot-starter-json\3.0.1\spring-boot-starter-json-3.0.1.jar;C:\Users\D e r r y\.m2\repository\com\fasterxml\jackson\datatype\jackson-datatype-jdk8\2.14.1\jackson-datatype-jdk8-2.14.1.jar;C:\Users\D e r r y\.m2\repository\com\fasterxml\jackson\datatype\jackson-datatype-jsr310\2.14.1\jackson-datatype-jsr310-2.14.1.jar;C:\Users\D e r r y\.m2\repository\com\fasterxml\jackson\module\jackson-module-parameter-names\2.14.1\jackson-module-parameter-names-2.14.1.jar;C:\Users\D e r r y\.m2\repository\org\springframework\boot\spring-boot-starter-tomcat\3.0.1\spring-boot-starter-tomcat-3.0.1.jar;C:\Users\D e r r y\.m2\repository\org\apache\tomcat\embed\tomcat-embed-core\10.1.4\tomcat-embed-core-10.1.4.jar;C:\Users\D e r r y\.m2\repository\org\apache\tomcat\embed\tomcat-embed-el\10.1.4\tomcat-embed-el-10.1.4.jar;C:\Users\D e r r y\.m2\repository\org\apache\tomcat\embed\tomcat-embed-websocket\10.1.4\tomcat-embed-websocket-10.1.4.jar;C:\Users\D e r r y\.m2\repository\org\springframework\spring-web\6.0.3\spring-web-6.0.3.jar;C:\Users\D e r r y\.m2\repository\io\micrometer\micrometer-observation\1.10.2\micrometer-observation-1.10.2.jar;C:\Users\D e r r y\.m2\repository\io\micrometer\micrometer-commons\1.10.2\micrometer-commons-1.10.2.jar;C:\Users\D e r r y\.m2\repository\org\springframework\spring-webmvc\6.0.3\spring-webmvc-6.0.3.jar;C:\Users\D e r r y\.m2\repository\com\mysql\mysql-connector-j\8.0.32\mysql-connector-j-8.0.32.jar;C:\Users\D e r r y\.m2\repository\org\springframework\boot\spring-boot-starter-data-jpa\3.0.4\spring-boot-starter-data-jpa-3.0.4.jar;C:\Users\D e r r y\.m2\repository\org\springframework\boot\spring-boot-starter-aop\3.0.1\spring-boot-starter-aop-3.0.1.jar;C:\Users\D e r r y\.m2\repository\org\aspectj\aspectjweaver\1.9.19\aspectjweaver-1.9.19.jar;C:\Users\D e r r y\.m2\repository\org\springframework\boot\spring-boot-starter-jdbc\3.0.1\spring-boot-starter-jdbc-3.0.1.jar;C:\Users\D e r r y\.m2\repository\com\zaxxer\HikariCP\5.0.1\HikariCP-5.0.1.jar;C:\Users\D e r r y\.m2\repository\org\springframework\spring-jdbc\6.0.3\spring-jdbc-6.0.3.jar;C:\Users\D e r r y\.m2\repository\org\hibernate\orm\hibernate-core\6.1.6.Final\hibernate-core-6.1.6.Final.jar;C:\Users\D e r r y\.m2\repository\jakarta\persistence\jakarta.persistence-api\3.1.0\jakarta.persistence-api-3.1.0.jar;C:\Users\D e r r y\.m2\repository\jakarta\transaction\jakarta.transaction-api\2.0.1\jakarta.transaction-api-2.0.1.jar;C:\Users\D e r r y\.m2\repository\org\jboss\logging\jboss-logging\3.5.0.Final\jboss-logging-3.5.0.Final.jar;C:\Users\D e r r y\.m2\repository\org\hibernate\common\hibernate-commons-annotations\6.0.2.Final\hibernate-commons-annotations-6.0.2.Final.jar;C:\Users\D e r r y\.m2\repository\org\jboss\jandex\2.4.2.Final\jandex-2.4.2.Final.jar;C:\Users\D e r r y\.m2\repository\com\fasterxml\classmate\1.5.1\classmate-1.5.1.jar;C:\Users\D e r r y\.m2\repository\net\bytebuddy\byte-buddy\1.12.20\byte-buddy-1.12.20.jar;C:\Users\D e r r y\.m2\repository\org\glassfish\jaxb\jaxb-runtime\4.0.1\jaxb-runtime-4.0.1.jar;C:\Users\D e r r y\.m2\repository\org\glassfish\jaxb\jaxb-core\4.0.1\jaxb-core-4.0.1.jar;C:\Users\D e r r y\.m2\repository\org\eclipse\angus\angus-activation\1.0.0\angus-activation-1.0.0.jar;C:\Users\D e r r y\.m2\repository\org\glassfish\jaxb\txw2\4.0.1\txw2-4.0.1.jar;C:\Users\D e r r y\.m2\repository\com\sun\istack\istack-commons-runtime\4.1.1\istack-commons-runtime-4.1.1.jar;C:\Users\D e r r y\.m2\repository\jakarta\inject\jakarta.inject-api\2.0.0\jakarta.inject-api-2.0.0.jar;C:\Users\D e r r y\.m2\repository\org\antlr\antlr4-runtime\4.10.1\antlr4-runtime-4.10.1.jar;C:\Users\D e r r y\.m2\repository\org\springframework\data\spring-data-jpa\3.0.0\spring-data-jpa-3.0.0.jar;C:\Users\D e r r y\.m2\repository\org\springframework\data\spring-data-commons\3.0.0\spring-data-commons-3.0.0.jar;C:\Users\D e r r y\.m2\repository\org\springframework\spring-orm\6.0.3\spring-orm-6.0.3.jar;C:\Users\D e r r y\.m2\repository\org\springframework\spring-tx\6.0.3\spring-tx-6.0.3.jar;C:\Users\D e r r y\.m2\repository\org\slf4j\slf4j-api\2.0.6\slf4j-api-2.0.6.jar;C:\Users\D e r r y\.m2\repository\org\springframework\spring-aspects\6.0.3\spring-aspects-6.0.3.jar;C:\Users\D e r r y\.m2\repository\org\projectlombok\lombok\1.18.26\lombok-1.18.26.jar;C:\Users\D e r r y\.m2\repository\org\springframework\spring-context\6.0.9\spring-context-6.0.9.jar;C:\Users\D e r r y\.m2\repository\org\springframework\spring-beans\6.0.3\spring-beans-6.0.3.jar;C:\Users\D e r r y\.m2\repository\org\springframework\spring-core\6.0.3\spring-core-6.0.3.jar;C:\Users\D e r r y\.m2\repository\org\springframework\spring-jcl\6.0.3\spring-jcl-6.0.3.jar;C:\Users\D e r r y\.m2\repository\org\springframework\spring-expression\6.0.3\spring-expression-6.0.3.jar;C:\Users\D e r r y\.m2\repository\io\jsonwebtoken\jjwt-api\0.11.5\jjwt-api-0.11.5.jar;C:\Users\D e r r y\.m2\repository\io\jsonwebtoken\jjwt-impl\0.11.5\jjwt-impl-0.11.5.jar;C:\Users\D e r r y\.m2\repository\io\jsonwebtoken\jjwt-jackson\0.11.5\jjwt-jackson-0.11.5.jar;C:\Users\D e r r y\.m2\repository\com\fasterxml\jackson\core\jackson-databind\2.14.1\jackson-databind-2.14.1.jar;C:\Users\D e r r y\.m2\repository\com\fasterxml\jackson\core\jackson-annotations\2.14.1\jackson-annotations-2.14.1.jar;C:\Users\D e r r y\.m2\repository\com\fasterxml\jackson\core\jackson-core\2.14.1\jackson-core-2.14.1.jar;C:\Users\D e r r y\.m2\repository\jakarta\xml\bind\jakarta.xml.bind-api\4.0.0\jakarta.xml.bind-api-4.0.0.jar;C:\Users\D e r r y\.m2\repository\jakarta\activation\jakarta.activation-api\2.1.0\jakarta.activation-api-2.1.0.jar;C:\Users\D e r r y\.m2\repository\org\springframework\security\spring-security-core\6.0.1\spring-security-core-6.0.1.jar;C:\Users\D e r r y\.m2\repository\org\springframework\security\spring-security-crypto\6.0.1\spring-security-crypto-6.0.1.jar
Launcher Type: SUN_STANDARD

[Global flags]
     intx CICompilerCount                          = 3                                         {product} {ergonomic}
     uint ConcGCThreads                            = 1                                         {product} {ergonomic}
     uint G1ConcRefinementThreads                  = 4                                         {product} {ergonomic}
   size_t G1HeapRegionSize                         = 1048576                                   {product} {ergonomic}
    uintx GCDrainStackTargetSize                   = 64                                        {product} {ergonomic}
   size_t InitialHeapSize                          = 134217728                                 {product} {ergonomic}
   size_t MarkStackSize                            = 4194304                                   {product} {ergonomic}
   size_t MaxHeapSize                              = 2116026368                                {product} {ergonomic}
   size_t MaxNewSize                               = 1268776960                                {product} {ergonomic}
   size_t MinHeapDeltaBytes                        = 1048576                                   {product} {ergonomic}
   size_t MinHeapSize                              = 8388608                                   {product} {ergonomic}
    uintx NonNMethodCodeHeapSize                   = 5832780                                {pd product} {ergonomic}
    uintx NonProfiledCodeHeapSize                  = 122912730                              {pd product} {ergonomic}
    uintx ProfiledCodeHeapSize                     = 122912730                              {pd product} {ergonomic}
    uintx ReservedCodeCacheSize                    = 251658240                              {pd product} {ergonomic}
     bool SegmentedCodeCache                       = true                                      {product} {ergonomic}
   size_t SoftMaxHeapSize                          = 2116026368                             {manageable} {ergonomic}
     bool UseCompressedClassPointers               = true                           {product lp64_product} {ergonomic}
     bool UseCompressedOops                        = true                           {product lp64_product} {ergonomic}
     bool UseG1GC                                  = true                                      {product} {ergonomic}
     bool UseLargePagesIndividualAllocation        = false                                  {pd product} {ergonomic}

Logging:
Log output configuration:
 #0: stdout all=warning uptime,level,tags foldmultilines=false
 #1: stderr all=off uptime,level,tags foldmultilines=false

Environment Variables:
PATH=C:\Program Files\Common Files\Oracle\Java\javapath;C:\Program Files (x86)\Common Files\Oracle\Java\javapath;C:\Windows\system32;C:\Windows;C:\Windows\System32\Wbem;C:\Windows\System32\WindowsPowerShell\v1.0\;C:\Windows\System32\OpenSSH\;C:\Program Files\nodejs\;C:\Program Files\Git\cmd;C:\ProgramData\chocolatey\bin;C:\Program Files\apache-maven-3.9.4-bin\apache-maven-3.9.4\bin;C:\Program Files\dotnet\;C:\Users\D e r r y\anaconda3;C:\Users\D e r r y\anaconda3\Library\mingw-w64\bin;C:\Users\D e r r y\anaconda3\Library\usr\bin;C:\Users\D e r r y\anaconda3\Library\bin;C:\Users\D e r r y\anaconda3\Scripts;C:\Program Files\MySQL\MySQL Shell 8.0\bin\;C:\Users\D e r r y\AppData\Local\Microsoft\WindowsApps;C:\Program Files\JetBrains\IntelliJ IDEA Community Edition 2023.1.2\bin;;C:\Program Files\JetBrains\PyCharm Community Edition 2023.1.2\bin;;C:\Users\D e r r y\AppData\Roaming\npm;C:\Users\D e r r y\AppData\Local\Programs\Microsoft VS Code\bin;C:\Users\D e r r y\AppData\Local\Programs\MiKTeX\miktex\bin\x64\;C:\Users\D e r r y\AppData\Local\GitHubDesktop\bin;C:\Program Files\heroku\bin;C:\Program Files\bin
USERNAME=D e r r y
OS=Windows_NT
PROCESSOR_IDENTIFIER=Intel64 Family 6 Model 61 Stepping 4, GenuineIntel
TMP=C:\Users\DERRY~1\AppData\Local\Temp
TEMP=C:\Users\DERRY~1\AppData\Local\Temp




---------------  S Y S T E M  ---------------

OS:
 Windows 10 , 64 bit Build 19041 (10.0.19041.3636)
OS uptime: 2 days 17:09 hours
Hyper-V role detected

CPU: total 4 (initial active 4) (2 cores per cpu, 2 threads per core) family 6 model 61 stepping 4 microcode 0x2f, cx8, cmov, fxsr, ht, mmx, 3dnowpref, sse, sse2, sse3, ssse3, sse4.1, sse4.2, popcnt, lzcnt, tsc, tscinvbit, avx, avx2, aes, erms, clmul, bmi1, bmi2, rtm, adx, fma, vzeroupper, clflush, hv, rdtscp, f16c

Memory: 4k page, system-wide physical 8067M (290M free)
TotalPageFile size 10115M (AvailPageFile size 68M)
current process WorkingSet (physical memory assigned to process): 134M, peak: 143M
current process commit charge ("private bytes"): 187M, peak: 251M

vm_info: Java HotSpot(TM) 64-Bit Server VM (20.0.2+9-78) for windows-amd64 JRE (20.0.2+9-78), built on 2023-06-14T10:08:48Z by "mach5one" with MS VC++ 17.1 (VS2022)

END.
