#
# There is insufficient memory for the Java Runtime Environment to continue.
# Native memory allocation (mmap) failed to map 65536 bytes for Failed to commit metaspace.
# Possible reasons:
#   The system is out of physical RAM or swap space
#   The process is running with CompressedOops enabled, and the Java Heap may be blocking the growth of the native heap
# Possible solutions:
#   Reduce memory load on the system
#   Increase physical memory or swap space
#   Check if swap backing store is full
#   Decrease Java heap size (-Xmx/-Xms)
#   Decrease number of Java threads
#   Decrease Java thread stack sizes (-Xss)
#   Set larger code cache with -XX:ReservedCodeCacheSize=
#   JVM is running with Unscaled Compressed Oops mode in which the Java heap is
#     placed in the first 4GB address space. The Java Heap base address is the
#     maximum limit for the native heap growth. Please use -XX:HeapBaseMinAddress
#     to set the Java Heap base and to place the Java Heap above 4GB virtual address.
# This output file may be truncated or incomplete.
#
#  Out of Memory Error (virtualSpaceNode.cpp:110), pid=9716, tid=6456
#
# JRE version: Java(TM) SE Runtime Environment (20.0.2+9) (build 20.0.2+9-78)
# Java VM: Java HotSpot(TM) 64-Bit Server VM (20.0.2+9-78, mixed mode, sharing, tiered, compressed oops, compressed class ptrs, g1 gc, windows-amd64)
# No core dump will be written. Minidumps are not enabled by default on client versions of Windows
#

---------------  S U M M A R Y ------------

Command Line: -javaagent:C:\Program Files\JetBrains\IntelliJ IDEA Community Edition 2023.1.2\lib\idea_rt.jar=50540:C:\Program Files\JetBrains\IntelliJ IDEA Community Edition 2023.1.2\bin -Dfile.encoding=UTF-8 -Dsun.stdout.encoding=UTF-8 -Dsun.stderr.encoding=UTF-8 com.exam.SecurityApplication

Host: Intel(R) Core(TM) i5-5300U CPU @ 2.30GHz, 4 cores, 7G,  Windows 10 , 64 bit Build 19041 (10.0.19041.3636)
Time: Sat Apr 20 11:50:10 2024 Sao Tome Standard Time elapsed time: 3.230887 seconds (0d 0h 0m 3s)

---------------  T H R E A D  ---------------

Current thread (0x000001c158f96cb0):  JavaThread "background-preinit" [_thread_in_vm, id=6456, stack(0x0000000abef00000,0x0000000abf000000)]

Stack: [0x0000000abef00000,0x0000000abf000000]
Native frames: (J=compiled Java code, j=interpreted, Vv=VM code, C=native code)
V  [jvm.dll+0x6bc25a]
V  [jvm.dll+0x84971a]
V  [jvm.dll+0x84b315]
V  [jvm.dll+0x84ba13]
V  [jvm.dll+0x280e4f]
V  [jvm.dll+0x84565b]
V  [jvm.dll+0x660616]
V  [jvm.dll+0x1eb7b7]
V  [jvm.dll+0x663032]
V  [jvm.dll+0x662e1e]
V  [jvm.dll+0x66102e]
V  [jvm.dll+0x27e2bc]
V  [jvm.dll+0x71134d]
V  [jvm.dll+0x711e4f]
V  [jvm.dll+0x3c8707]
V  [jvm.dll+0x3c77a7]
V  [jvm.dll+0x3c7748]
V  [jvm.dll+0x5c07ff]
V  [jvm.dll+0x5c08a8]
V  [jvm.dll+0x3dc0bc]
V  [jvm.dll+0x3dbb52]
C  0x000001c10755c7fc

Java frames: (J=compiled Java code, j=interpreted, Vv=VM code)
j  com.fasterxml.jackson.datatype.jsr310.JavaTimeModule.<init>()V+336
j  java.lang.invoke.DirectMethodHandle$Holder.newInvokeSpecial(Ljava/lang/Object;)Ljava/lang/Object;+15 java.base@20.0.2
j  java.lang.invoke.Invokers$Holder.invokeExact_MT(Ljava/lang/Object;Ljava/lang/Object;)Ljava/lang/Object;+18 java.base@20.0.2
j  jdk.internal.reflect.DirectConstructorHandleAccessor.invokeImpl([Ljava/lang/Object;)Ljava/lang/Object;+44 java.base@20.0.2
j  jdk.internal.reflect.DirectConstructorHandleAccessor.newInstance([Ljava/lang/Object;)Ljava/lang/Object;+68 java.base@20.0.2
j  java.lang.reflect.Constructor.newInstanceWithCaller([Ljava/lang/Object;ZLjava/lang/Class;)Ljava/lang/Object;+41 java.base@20.0.2
j  java.lang.reflect.Constructor.newInstance([Ljava/lang/Object;)Ljava/lang/Object;+30 java.base@20.0.2
j  org.springframework.beans.BeanUtils.instantiateClass(Ljava/lang/reflect/Constructor;[Ljava/lang/Object;)Ljava/lang/Object;+62
j  org.springframework.beans.BeanUtils.instantiateClass(Ljava/lang/Class;)Ljava/lang/Object;+79
j  org.springframework.http.converter.json.Jackson2ObjectMapperBuilder.registerWellKnownModulesIfAvailable(Lorg/springframework/util/MultiValueMap;)V+46
j  org.springframework.http.converter.json.Jackson2ObjectMapperBuilder.configure(Lcom/fasterxml/jackson/databind/ObjectMapper;)V+53
j  org.springframework.http.converter.json.Jackson2ObjectMapperBuilder.build()Lcom/fasterxml/jackson/databind/ObjectMapper;+87
j  org.springframework.http.converter.json.MappingJackson2HttpMessageConverter.<init>()V+4
j  org.springframework.http.converter.support.AllEncompassingFormHttpMessageConverter.<init>()V+55
j  org.springframework.boot.autoconfigure.BackgroundPreinitializer$MessageConverterInitializer.run()V+4
j  org.springframework.boot.autoconfigure.BackgroundPreinitializer$1.runSafely(Ljava/lang/Runnable;)Z+1
j  org.springframework.boot.autoconfigure.BackgroundPreinitializer$1.run()V+32
j  java.lang.Thread.runWith(Ljava/lang/Object;Ljava/lang/Runnable;)V+5 java.base@20.0.2
j  java.lang.Thread.run()V+19 java.base@20.0.2
v  ~StubRoutines::call_stub 0x000001c10753100d

---------------  P R O C E S S  ---------------

Threads class SMR info:
_java_thread_list=0x000001c1590ae0b0, length=14, elements={
0x000001c1759e05f0, 0x000001c17eb80830, 0x000001c17eb817d0, 0x000001c17eb866d0,
0x000001c17eb88220, 0x000001c17eb8aed0, 0x000001c17eb8b9b0, 0x000001c17eb8cb00,
0x000001c17eb939d0, 0x000001c17eb4bdc0, 0x000001c15857a3a0, 0x000001c1584fe350,
0x000001c158f96cb0, 0x000001c17eb960c0
}

Java Threads: ( => current thread )
  0x000001c1759e05f0 JavaThread "main" [_thread_in_vm, id=16080, stack(0x0000000abd900000,0x0000000abda00000)]
  0x000001c17eb80830 JavaThread "Reference Handler" daemon [_thread_blocked, id=2612, stack(0x0000000abe000000,0x0000000abe100000)]
  0x000001c17eb817d0 JavaThread "Finalizer" daemon [_thread_blocked, id=16968, stack(0x0000000abe100000,0x0000000abe200000)]
  0x000001c17eb866d0 JavaThread "Signal Dispatcher" daemon [_thread_blocked, id=8812, stack(0x0000000abe200000,0x0000000abe300000)]
  0x000001c17eb88220 JavaThread "Attach Listener" daemon [_thread_blocked, id=16460, stack(0x0000000abe300000,0x0000000abe400000)]
  0x000001c17eb8aed0 JavaThread "Service Thread" daemon [_thread_blocked, id=15012, stack(0x0000000abe400000,0x0000000abe500000)]
  0x000001c17eb8b9b0 JavaThread "Monitor Deflation Thread" daemon [_thread_blocked, id=12996, stack(0x0000000abe500000,0x0000000abe600000)]
  0x000001c17eb8cb00 JavaThread "C2 CompilerThread0" daemon [_thread_blocked, id=16920, stack(0x0000000abe600000,0x0000000abe700000)]
  0x000001c17eb939d0 JavaThread "C1 CompilerThread0" daemon [_thread_blocked, id=9944, stack(0x0000000abe700000,0x0000000abe800000)]
  0x000001c17eb4bdc0 JavaThread "Common-Cleaner" daemon [_thread_blocked, id=15576, stack(0x0000000abe800000,0x0000000abe900000)]
  0x000001c15857a3a0 JavaThread "Monitor Ctrl-Break" daemon [_thread_in_native, id=10744, stack(0x0000000abe900000,0x0000000abea00000)]
  0x000001c1584fe350 JavaThread "Notification Thread" daemon [_thread_blocked, id=15280, stack(0x0000000abea00000,0x0000000abeb00000)]
=>0x000001c158f96cb0 JavaThread "background-preinit" [_thread_in_vm, id=6456, stack(0x0000000abef00000,0x0000000abf000000)]
  0x000001c17eb960c0 JavaThread "C2 CompilerThread1" daemon [_thread_blocked, id=12772, stack(0x0000000abf000000,0x0000000abf100000)]

Other Threads:
  0x000001c17eb600f0 VMThread "VM Thread" [stack: 0x0000000abdf00000,0x0000000abe000000] [id=1716]
  0x000001c1584fed20 WatcherThread "VM Periodic Task Thread" [stack: 0x0000000abeb00000,0x0000000abec00000] [id=9164]
  0x000001c175a3e820 WorkerThread "GC Thread#0" [stack: 0x0000000abda00000,0x0000000abdb00000] [id=13612]
  0x000001c158c6ed80 WorkerThread "GC Thread#1" [stack: 0x0000000abec00000,0x0000000abed00000] [id=9192]
  0x000001c158c6f050 WorkerThread "GC Thread#2" [stack: 0x0000000abed00000,0x0000000abee00000] [id=5520]
  0x000001c158865780 WorkerThread "GC Thread#3" [stack: 0x0000000abee00000,0x0000000abef00000] [id=6024]
  0x000001c175a4f370 ConcurrentGCThread "G1 Main Marker" [stack: 0x0000000abdb00000,0x0000000abdc00000] [id=17248]
  0x000001c175a4ff40 WorkerThread "G1 Conc#0" [stack: 0x0000000abdc00000,0x0000000abdd00000] [id=8632]
  0x000001c17ea134d0 ConcurrentGCThread "G1 Refine#0" [stack: 0x0000000abdd00000,0x0000000abde00000] [id=16432]
  0x000001c175a9d830 ConcurrentGCThread "G1 Service" [stack: 0x0000000abde00000,0x0000000abdf00000] [id=11652]

Threads with active compile tasks:

VM state: not at safepoint (normal execution)

VM Mutex/Monitor currently owned by a thread:  ([mutex/lock_event])
[0x000001c1759da1e0] Metaspace_lock - owner thread: 0x000001c158f96cb0

Heap address: 0x0000000081e00000, size: 2018 MB, Compressed Oops mode: 32-bit

CDS archive(s) mapped at: [0x000001c113000000-0x000001c113c60000-0x000001c113c60000), size 12976128, SharedBaseAddress: 0x000001c113000000, ArchiveRelocationMode: 1.
Compressed class space mapped at: 0x000001c114000000-0x000001c154000000, reserved size: 1073741824
Narrow klass base: 0x000001c113000000, Narrow klass shift: 0, Narrow klass range: 0x100000000

GC Precious Log:
 CardTable entry size: 512
 Card Set container configuration: InlinePtr #cards 5 size 8 Array Of Cards #cards 12 size 40 Howl #buckets 4 coarsen threshold 1843 Howl Bitmap #cards 512 size 80 coarsen threshold 460 Card regions per heap region 1 cards per card region 2048
 CPUs: 4 total, 4 available
 Memory: 8067M
 Large Page Support: Disabled
 NUMA Support: Disabled
 Compressed Oops: Enabled (32-bit)
 Heap Region Size: 1M
 Heap Min Capacity: 8M
 Heap Initial Capacity: 128M
 Heap Max Capacity: 2018M
 Pre-touch: Disabled
 Parallel Workers: 4
 Concurrent Workers: 1
 Concurrent Refinement Workers: 4
 Periodic GC: Disabled

Heap:
 garbage-first heap   total 131072K, used 11773K [0x0000000081e00000, 0x0000000100000000)
  region size 1024K, 7 young (7168K), 4 survivors (4096K)
 Metaspace       used 15622K, committed 15872K, reserved 1114112K
  class space    used 1880K, committed 1984K, reserved 1048576K

Heap Regions: E=young(eden), S=young(survivor), O=old, HS=humongous(starts), HC=humongous(continues), CS=collection set, F=free, OA=open archive, CA=closed archive, TAMS=top-at-mark-start, PB=parsable bottom
|   0|0x0000000081e00000, 0x0000000081f00000, 0x0000000081f00000|100%|HS|  |TAMS 0x0000000081e00000| PB 0x0000000081e00000| Complete 
|   1|0x0000000081f00000, 0x0000000082000000, 0x0000000082000000|100%| O|  |TAMS 0x0000000081f00000| PB 0x0000000081f00000| Untracked 
|   2|0x0000000082000000, 0x0000000082100000, 0x0000000082100000|100%| O|  |TAMS 0x0000000082000000| PB 0x0000000082000000| Untracked 
|   3|0x0000000082100000, 0x0000000082200000, 0x0000000082200000|100%| O|  |TAMS 0x0000000082100000| PB 0x0000000082100000| Untracked 
|   4|0x0000000082200000, 0x0000000082300000, 0x0000000082300000|100%| O|  |TAMS 0x0000000082200000| PB 0x0000000082200000| Untracked 
|   5|0x0000000082300000, 0x0000000082400000, 0x0000000082400000|100%| O|  |TAMS 0x0000000082300000| PB 0x0000000082300000| Untracked 
|   6|0x0000000082400000, 0x0000000082400000, 0x0000000082500000|  0%| F|  |TAMS 0x0000000082400000| PB 0x0000000082400000| Untracked 
|   7|0x0000000082500000, 0x0000000082500000, 0x0000000082600000|  0%| F|  |TAMS 0x0000000082500000| PB 0x0000000082500000| Untracked 
|   8|0x0000000082600000, 0x0000000082600000, 0x0000000082700000|  0%| F|  |TAMS 0x0000000082600000| PB 0x0000000082600000| Untracked 
|   9|0x0000000082700000, 0x0000000082700000, 0x0000000082800000|  0%| F|  |TAMS 0x0000000082700000| PB 0x0000000082700000| Untracked 
|  10|0x0000000082800000, 0x0000000082800000, 0x0000000082900000|  0%| F|  |TAMS 0x0000000082800000| PB 0x0000000082800000| Untracked 
|  11|0x0000000082900000, 0x0000000082900000, 0x0000000082a00000|  0%| F|  |TAMS 0x0000000082900000| PB 0x0000000082900000| Untracked 
|  12|0x0000000082a00000, 0x0000000082a00000, 0x0000000082b00000|  0%| F|  |TAMS 0x0000000082a00000| PB 0x0000000082a00000| Untracked 
|  13|0x0000000082b00000, 0x0000000082b00000, 0x0000000082c00000|  0%| F|  |TAMS 0x0000000082b00000| PB 0x0000000082b00000| Untracked 
|  14|0x0000000082c00000, 0x0000000082c00000, 0x0000000082d00000|  0%| F|  |TAMS 0x0000000082c00000| PB 0x0000000082c00000| Untracked 
|  15|0x0000000082d00000, 0x0000000082d00000, 0x0000000082e00000|  0%| F|  |TAMS 0x0000000082d00000| PB 0x0000000082d00000| Untracked 
|  16|0x0000000082e00000, 0x0000000082e00000, 0x0000000082f00000|  0%| F|  |TAMS 0x0000000082e00000| PB 0x0000000082e00000| Untracked 
|  17|0x0000000082f00000, 0x0000000082f00000, 0x0000000083000000|  0%| F|  |TAMS 0x0000000082f00000| PB 0x0000000082f00000| Untracked 
|  18|0x0000000083000000, 0x0000000083000000, 0x0000000083100000|  0%| F|  |TAMS 0x0000000083000000| PB 0x0000000083000000| Untracked 
|  19|0x0000000083100000, 0x0000000083100000, 0x0000000083200000|  0%| F|  |TAMS 0x0000000083100000| PB 0x0000000083100000| Untracked 
|  20|0x0000000083200000, 0x0000000083200000, 0x0000000083300000|  0%| F|  |TAMS 0x0000000083200000| PB 0x0000000083200000| Untracked 
|  21|0x0000000083300000, 0x0000000083300000, 0x0000000083400000|  0%| F|  |TAMS 0x0000000083300000| PB 0x0000000083300000| Untracked 
|  22|0x0000000083400000, 0x0000000083400000, 0x0000000083500000|  0%| F|  |TAMS 0x0000000083400000| PB 0x0000000083400000| Untracked 
|  23|0x0000000083500000, 0x0000000083500000, 0x0000000083600000|  0%| F|  |TAMS 0x0000000083500000| PB 0x0000000083500000| Untracked 
|  24|0x0000000083600000, 0x0000000083600000, 0x0000000083700000|  0%| F|  |TAMS 0x0000000083600000| PB 0x0000000083600000| Untracked 
|  25|0x0000000083700000, 0x0000000083700000, 0x0000000083800000|  0%| F|  |TAMS 0x0000000083700000| PB 0x0000000083700000| Untracked 
|  26|0x0000000083800000, 0x0000000083800000, 0x0000000083900000|  0%| F|  |TAMS 0x0000000083800000| PB 0x0000000083800000| Untracked 
|  27|0x0000000083900000, 0x0000000083900000, 0x0000000083a00000|  0%| F|  |TAMS 0x0000000083900000| PB 0x0000000083900000| Untracked 
|  28|0x0000000083a00000, 0x0000000083a00000, 0x0000000083b00000|  0%| F|  |TAMS 0x0000000083a00000| PB 0x0000000083a00000| Untracked 
|  29|0x0000000083b00000, 0x0000000083b00000, 0x0000000083c00000|  0%| F|  |TAMS 0x0000000083b00000| PB 0x0000000083b00000| Untracked 
|  30|0x0000000083c00000, 0x0000000083c00000, 0x0000000083d00000|  0%| F|  |TAMS 0x0000000083c00000| PB 0x0000000083c00000| Untracked 
|  31|0x0000000083d00000, 0x0000000083d00000, 0x0000000083e00000|  0%| F|  |TAMS 0x0000000083d00000| PB 0x0000000083d00000| Untracked 
|  32|0x0000000083e00000, 0x0000000083e00000, 0x0000000083f00000|  0%| F|  |TAMS 0x0000000083e00000| PB 0x0000000083e00000| Untracked 
|  33|0x0000000083f00000, 0x0000000083f00000, 0x0000000084000000|  0%| F|  |TAMS 0x0000000083f00000| PB 0x0000000083f00000| Untracked 
|  34|0x0000000084000000, 0x0000000084000000, 0x0000000084100000|  0%| F|  |TAMS 0x0000000084000000| PB 0x0000000084000000| Untracked 
|  35|0x0000000084100000, 0x0000000084100000, 0x0000000084200000|  0%| F|  |TAMS 0x0000000084100000| PB 0x0000000084100000| Untracked 
|  36|0x0000000084200000, 0x0000000084200000, 0x0000000084300000|  0%| F|  |TAMS 0x0000000084200000| PB 0x0000000084200000| Untracked 
|  37|0x0000000084300000, 0x0000000084300000, 0x0000000084400000|  0%| F|  |TAMS 0x0000000084300000| PB 0x0000000084300000| Untracked 
|  38|0x0000000084400000, 0x0000000084400000, 0x0000000084500000|  0%| F|  |TAMS 0x0000000084400000| PB 0x0000000084400000| Untracked 
|  39|0x0000000084500000, 0x0000000084500000, 0x0000000084600000|  0%| F|  |TAMS 0x0000000084500000| PB 0x0000000084500000| Untracked 
|  40|0x0000000084600000, 0x0000000084600000, 0x0000000084700000|  0%| F|  |TAMS 0x0000000084600000| PB 0x0000000084600000| Untracked 
|  41|0x0000000084700000, 0x0000000084700000, 0x0000000084800000|  0%| F|  |TAMS 0x0000000084700000| PB 0x0000000084700000| Untracked 
|  42|0x0000000084800000, 0x0000000084800000, 0x0000000084900000|  0%| F|  |TAMS 0x0000000084800000| PB 0x0000000084800000| Untracked 
|  43|0x0000000084900000, 0x0000000084900000, 0x0000000084a00000|  0%| F|  |TAMS 0x0000000084900000| PB 0x0000000084900000| Untracked 
|  44|0x0000000084a00000, 0x0000000084a00000, 0x0000000084b00000|  0%| F|  |TAMS 0x0000000084a00000| PB 0x0000000084a00000| Untracked 
|  45|0x0000000084b00000, 0x0000000084b00000, 0x0000000084c00000|  0%| F|  |TAMS 0x0000000084b00000| PB 0x0000000084b00000| Untracked 
|  46|0x0000000084c00000, 0x0000000084c00000, 0x0000000084d00000|  0%| F|  |TAMS 0x0000000084c00000| PB 0x0000000084c00000| Untracked 
|  47|0x0000000084d00000, 0x0000000084d00000, 0x0000000084e00000|  0%| F|  |TAMS 0x0000000084d00000| PB 0x0000000084d00000| Untracked 
|  48|0x0000000084e00000, 0x0000000084e00000, 0x0000000084f00000|  0%| F|  |TAMS 0x0000000084e00000| PB 0x0000000084e00000| Untracked 
|  49|0x0000000084f00000, 0x0000000084f00000, 0x0000000085000000|  0%| F|  |TAMS 0x0000000084f00000| PB 0x0000000084f00000| Untracked 
|  50|0x0000000085000000, 0x0000000085000000, 0x0000000085100000|  0%| F|  |TAMS 0x0000000085000000| PB 0x0000000085000000| Untracked 
|  51|0x0000000085100000, 0x0000000085100000, 0x0000000085200000|  0%| F|  |TAMS 0x0000000085100000| PB 0x0000000085100000| Untracked 
|  52|0x0000000085200000, 0x0000000085200000, 0x0000000085300000|  0%| F|  |TAMS 0x0000000085200000| PB 0x0000000085200000| Untracked 
|  53|0x0000000085300000, 0x0000000085300000, 0x0000000085400000|  0%| F|  |TAMS 0x0000000085300000| PB 0x0000000085300000| Untracked 
|  54|0x0000000085400000, 0x0000000085400000, 0x0000000085500000|  0%| F|  |TAMS 0x0000000085400000| PB 0x0000000085400000| Untracked 
|  55|0x0000000085500000, 0x0000000085500000, 0x0000000085600000|  0%| F|  |TAMS 0x0000000085500000| PB 0x0000000085500000| Untracked 
|  56|0x0000000085600000, 0x0000000085600000, 0x0000000085700000|  0%| F|  |TAMS 0x0000000085600000| PB 0x0000000085600000| Untracked 
|  57|0x0000000085700000, 0x0000000085700000, 0x0000000085800000|  0%| F|  |TAMS 0x0000000085700000| PB 0x0000000085700000| Untracked 
|  58|0x0000000085800000, 0x0000000085800000, 0x0000000085900000|  0%| F|  |TAMS 0x0000000085800000| PB 0x0000000085800000| Untracked 
|  59|0x0000000085900000, 0x0000000085900000, 0x0000000085a00000|  0%| F|  |TAMS 0x0000000085900000| PB 0x0000000085900000| Untracked 
|  60|0x0000000085a00000, 0x0000000085a00000, 0x0000000085b00000|  0%| F|  |TAMS 0x0000000085a00000| PB 0x0000000085a00000| Untracked 
|  61|0x0000000085b00000, 0x0000000085b00000, 0x0000000085c00000|  0%| F|  |TAMS 0x0000000085b00000| PB 0x0000000085b00000| Untracked 
|  62|0x0000000085c00000, 0x0000000085c00000, 0x0000000085d00000|  0%| F|  |TAMS 0x0000000085c00000| PB 0x0000000085c00000| Untracked 
|  63|0x0000000085d00000, 0x0000000085d00000, 0x0000000085e00000|  0%| F|  |TAMS 0x0000000085d00000| PB 0x0000000085d00000| Untracked 
|  64|0x0000000085e00000, 0x0000000085e00000, 0x0000000085f00000|  0%| F|  |TAMS 0x0000000085e00000| PB 0x0000000085e00000| Untracked 
|  65|0x0000000085f00000, 0x0000000085f00000, 0x0000000086000000|  0%| F|  |TAMS 0x0000000085f00000| PB 0x0000000085f00000| Untracked 
|  66|0x0000000086000000, 0x0000000086000000, 0x0000000086100000|  0%| F|  |TAMS 0x0000000086000000| PB 0x0000000086000000| Untracked 
|  67|0x0000000086100000, 0x0000000086100000, 0x0000000086200000|  0%| F|  |TAMS 0x0000000086100000| PB 0x0000000086100000| Untracked 
|  68|0x0000000086200000, 0x0000000086200000, 0x0000000086300000|  0%| F|  |TAMS 0x0000000086200000| PB 0x0000000086200000| Untracked 
|  69|0x0000000086300000, 0x0000000086300000, 0x0000000086400000|  0%| F|  |TAMS 0x0000000086300000| PB 0x0000000086300000| Untracked 
|  70|0x0000000086400000, 0x0000000086400000, 0x0000000086500000|  0%| F|  |TAMS 0x0000000086400000| PB 0x0000000086400000| Untracked 
|  71|0x0000000086500000, 0x0000000086500000, 0x0000000086600000|  0%| F|  |TAMS 0x0000000086500000| PB 0x0000000086500000| Untracked 
|  72|0x0000000086600000, 0x0000000086600000, 0x0000000086700000|  0%| F|  |TAMS 0x0000000086600000| PB 0x0000000086600000| Untracked 
|  73|0x0000000086700000, 0x0000000086700000, 0x0000000086800000|  0%| F|  |TAMS 0x0000000086700000| PB 0x0000000086700000| Untracked 
|  74|0x0000000086800000, 0x0000000086800000, 0x0000000086900000|  0%| F|  |TAMS 0x0000000086800000| PB 0x0000000086800000| Untracked 
|  75|0x0000000086900000, 0x0000000086900000, 0x0000000086a00000|  0%| F|  |TAMS 0x0000000086900000| PB 0x0000000086900000| Untracked 
|  76|0x0000000086a00000, 0x0000000086a00000, 0x0000000086b00000|  0%| F|  |TAMS 0x0000000086a00000| PB 0x0000000086a00000| Untracked 
|  77|0x0000000086b00000, 0x0000000086b00000, 0x0000000086c00000|  0%| F|  |TAMS 0x0000000086b00000| PB 0x0000000086b00000| Untracked 
|  78|0x0000000086c00000, 0x0000000086c00000, 0x0000000086d00000|  0%| F|  |TAMS 0x0000000086c00000| PB 0x0000000086c00000| Untracked 
|  79|0x0000000086d00000, 0x0000000086d00000, 0x0000000086e00000|  0%| F|  |TAMS 0x0000000086d00000| PB 0x0000000086d00000| Untracked 
|  80|0x0000000086e00000, 0x0000000086e00000, 0x0000000086f00000|  0%| F|  |TAMS 0x0000000086e00000| PB 0x0000000086e00000| Untracked 
|  81|0x0000000086f00000, 0x0000000086f00000, 0x0000000087000000|  0%| F|  |TAMS 0x0000000086f00000| PB 0x0000000086f00000| Untracked 
|  82|0x0000000087000000, 0x0000000087000000, 0x0000000087100000|  0%| F|  |TAMS 0x0000000087000000| PB 0x0000000087000000| Untracked 
|  83|0x0000000087100000, 0x0000000087100000, 0x0000000087200000|  0%| F|  |TAMS 0x0000000087100000| PB 0x0000000087100000| Untracked 
|  84|0x0000000087200000, 0x0000000087200000, 0x0000000087300000|  0%| F|  |TAMS 0x0000000087200000| PB 0x0000000087200000| Untracked 
|  85|0x0000000087300000, 0x0000000087300000, 0x0000000087400000|  0%| F|  |TAMS 0x0000000087300000| PB 0x0000000087300000| Untracked 
|  86|0x0000000087400000, 0x0000000087400000, 0x0000000087500000|  0%| F|  |TAMS 0x0000000087400000| PB 0x0000000087400000| Untracked 
|  87|0x0000000087500000, 0x0000000087500000, 0x0000000087600000|  0%| F|  |TAMS 0x0000000087500000| PB 0x0000000087500000| Untracked 
|  88|0x0000000087600000, 0x0000000087600000, 0x0000000087700000|  0%| F|  |TAMS 0x0000000087600000| PB 0x0000000087600000| Untracked 
|  89|0x0000000087700000, 0x0000000087700000, 0x0000000087800000|  0%| F|  |TAMS 0x0000000087700000| PB 0x0000000087700000| Untracked 
|  90|0x0000000087800000, 0x0000000087800000, 0x0000000087900000|  0%| F|  |TAMS 0x0000000087800000| PB 0x0000000087800000| Untracked 
|  91|0x0000000087900000, 0x0000000087900000, 0x0000000087a00000|  0%| F|  |TAMS 0x0000000087900000| PB 0x0000000087900000| Untracked 
|  92|0x0000000087a00000, 0x0000000087a00000, 0x0000000087b00000|  0%| F|  |TAMS 0x0000000087a00000| PB 0x0000000087a00000| Untracked 
|  93|0x0000000087b00000, 0x0000000087b00000, 0x0000000087c00000|  0%| F|  |TAMS 0x0000000087b00000| PB 0x0000000087b00000| Untracked 
|  94|0x0000000087c00000, 0x0000000087c00000, 0x0000000087d00000|  0%| F|  |TAMS 0x0000000087c00000| PB 0x0000000087c00000| Untracked 
|  95|0x0000000087d00000, 0x0000000087d00000, 0x0000000087e00000|  0%| F|  |TAMS 0x0000000087d00000| PB 0x0000000087d00000| Untracked 
|  96|0x0000000087e00000, 0x0000000087e7f400, 0x0000000087f00000| 49%| S|CS|TAMS 0x0000000087e00000| PB 0x0000000087e00000| Complete 
|  97|0x0000000087f00000, 0x0000000088000000, 0x0000000088000000|100%| S|CS|TAMS 0x0000000087f00000| PB 0x0000000087f00000| Complete 
|  98|0x0000000088000000, 0x0000000088100000, 0x0000000088100000|100%| S|CS|TAMS 0x0000000088000000| PB 0x0000000088000000| Complete 
|  99|0x0000000088100000, 0x0000000088200000, 0x0000000088200000|100%| S|CS|TAMS 0x0000000088100000| PB 0x0000000088100000| Complete 
| 100|0x0000000088200000, 0x0000000088200000, 0x0000000088300000|  0%| F|  |TAMS 0x0000000088200000| PB 0x0000000088200000| Untracked 
| 101|0x0000000088300000, 0x0000000088300000, 0x0000000088400000|  0%| F|  |TAMS 0x0000000088300000| PB 0x0000000088300000| Untracked 
| 102|0x0000000088400000, 0x0000000088400000, 0x0000000088500000|  0%| F|  |TAMS 0x0000000088400000| PB 0x0000000088400000| Untracked 
| 103|0x0000000088500000, 0x0000000088500000, 0x0000000088600000|  0%| F|  |TAMS 0x0000000088500000| PB 0x0000000088500000| Untracked 
| 104|0x0000000088600000, 0x0000000088600000, 0x0000000088700000|  0%| F|  |TAMS 0x0000000088600000| PB 0x0000000088600000| Untracked 
| 105|0x0000000088700000, 0x0000000088700000, 0x0000000088800000|  0%| F|  |TAMS 0x0000000088700000| PB 0x0000000088700000| Untracked 
| 106|0x0000000088800000, 0x0000000088800000, 0x0000000088900000|  0%| F|  |TAMS 0x0000000088800000| PB 0x0000000088800000| Untracked 
| 107|0x0000000088900000, 0x0000000088900000, 0x0000000088a00000|  0%| F|  |TAMS 0x0000000088900000| PB 0x0000000088900000| Untracked 
| 108|0x0000000088a00000, 0x0000000088a00000, 0x0000000088b00000|  0%| F|  |TAMS 0x0000000088a00000| PB 0x0000000088a00000| Untracked 
| 109|0x0000000088b00000, 0x0000000088b00000, 0x0000000088c00000|  0%| F|  |TAMS 0x0000000088b00000| PB 0x0000000088b00000| Untracked 
| 110|0x0000000088c00000, 0x0000000088c00000, 0x0000000088d00000|  0%| F|  |TAMS 0x0000000088c00000| PB 0x0000000088c00000| Untracked 
| 111|0x0000000088d00000, 0x0000000088d00000, 0x0000000088e00000|  0%| F|  |TAMS 0x0000000088d00000| PB 0x0000000088d00000| Untracked 
| 112|0x0000000088e00000, 0x0000000088e00000, 0x0000000088f00000|  0%| F|  |TAMS 0x0000000088e00000| PB 0x0000000088e00000| Untracked 
| 113|0x0000000088f00000, 0x0000000088f00000, 0x0000000089000000|  0%| F|  |TAMS 0x0000000088f00000| PB 0x0000000088f00000| Untracked 
| 114|0x0000000089000000, 0x0000000089000000, 0x0000000089100000|  0%| F|  |TAMS 0x0000000089000000| PB 0x0000000089000000| Untracked 
| 115|0x0000000089100000, 0x0000000089100000, 0x0000000089200000|  0%| F|  |TAMS 0x0000000089100000| PB 0x0000000089100000| Untracked 
| 116|0x0000000089200000, 0x0000000089200000, 0x0000000089300000|  0%| F|  |TAMS 0x0000000089200000| PB 0x0000000089200000| Untracked 
| 117|0x0000000089300000, 0x0000000089300000, 0x0000000089400000|  0%| F|  |TAMS 0x0000000089300000| PB 0x0000000089300000| Untracked 
| 118|0x0000000089400000, 0x0000000089400000, 0x0000000089500000|  0%| F|  |TAMS 0x0000000089400000| PB 0x0000000089400000| Untracked 
| 119|0x0000000089500000, 0x0000000089500000, 0x0000000089600000|  0%| F|  |TAMS 0x0000000089500000| PB 0x0000000089500000| Untracked 
| 120|0x0000000089600000, 0x0000000089600000, 0x0000000089700000|  0%| F|  |TAMS 0x0000000089600000| PB 0x0000000089600000| Untracked 
| 121|0x0000000089700000, 0x0000000089700000, 0x0000000089800000|  0%| F|  |TAMS 0x0000000089700000| PB 0x0000000089700000| Untracked 
| 122|0x0000000089800000, 0x0000000089800000, 0x0000000089900000|  0%| F|  |TAMS 0x0000000089800000| PB 0x0000000089800000| Untracked 
| 123|0x0000000089900000, 0x0000000089900000, 0x0000000089a00000|  0%| F|  |TAMS 0x0000000089900000| PB 0x0000000089900000| Untracked 
| 124|0x0000000089a00000, 0x0000000089a00000, 0x0000000089b00000|  0%| F|  |TAMS 0x0000000089a00000| PB 0x0000000089a00000| Untracked 
| 125|0x0000000089b00000, 0x0000000089c00000, 0x0000000089c00000|100%| E|  |TAMS 0x0000000089b00000| PB 0x0000000089b00000| Complete 
| 126|0x0000000089c00000, 0x0000000089d00000, 0x0000000089d00000|100%| E|CS|TAMS 0x0000000089c00000| PB 0x0000000089c00000| Complete 
| 127|0x0000000089d00000, 0x0000000089e00000, 0x0000000089e00000|100%| E|CS|TAMS 0x0000000089d00000| PB 0x0000000089d00000| Complete 

Card table byte_map: [0x000001c17deb0000,0x000001c17e2b0000] _byte_map_base: 0x000001c17daa1000

Marking Bits: (CMBitMap*) 0x000001c175a3ee50
 Bits: [0x000001c10f000000, 0x000001c110f88000)

Polling page: 0x000001c1751a0000

Metaspace:

Usage:
  Non-class:     13.42 MB used.
      Class:      1.84 MB used.
       Both:     15.26 MB used.

Virtual space:
  Non-class space:       64.00 MB reserved,      13.56 MB ( 21%) committed,  1 nodes.
      Class space:        1.00 GB reserved,       1.94 MB ( <1%) committed,  1 nodes.
             Both:        1.06 GB reserved,      15.50 MB (  1%) committed. 

Chunk freelists:
   Non-Class:  2.11 MB
       Class:  2.00 MB
        Both:  4.11 MB

MaxMetaspaceSize: unlimited
CompressedClassSpaceSize: 1.00 GB
Initial GC threshold: 21.00 MB
Current GC threshold: 21.00 MB
CDS: on
MetaspaceReclaimPolicy: balanced
 - commit_granule_bytes: 65536.
 - commit_granule_words: 8192.
 - virtual_space_node_default_size: 8388608.
 - enlarge_chunks_in_place: 1.
 - new_chunks_are_fully_committed: 0.
 - uncommit_free_chunks: 1.
 - use_allocation_guard: 0.


Internal statistics:

num_allocs_failed_limit: 0.
num_arena_births: 222.
num_arena_deaths: 0.
num_vsnodes_births: 2.
num_vsnodes_deaths: 0.
num_space_committed: 248.
num_space_uncommitted: 0.
num_chunks_returned_to_freelist: 0.
num_chunks_taken_from_freelist: 720.
num_chunk_merges: 0.
num_chunk_splits: 490.
num_chunks_enlarged: 387.
num_inconsistent_stats: 0.

CodeHeap 'non-profiled nmethods': size=120000Kb used=637Kb max_used=637Kb free=119362Kb
 bounds [0x000001c107ad0000, 0x000001c107d40000, 0x000001c10f000000]
CodeHeap 'profiled nmethods': size=120000Kb used=3592Kb max_used=3592Kb free=116408Kb
 bounds [0x000001c100000000, 0x000001c100390000, 0x000001c107530000]
CodeHeap 'non-nmethods': size=5760Kb used=1462Kb max_used=1493Kb free=4297Kb
 bounds [0x000001c107530000, 0x000001c1077a0000, 0x000001c107ad0000]
 total_blobs=2417 nmethods=1923 adapters=404
 compilation: enabled
              stopped_count=0, restarted_count=0
 full_count=0

Compilation events (20 events):
Event: 3.210 Thread 0x000001c17eb939d0 1912       3       java.lang.Module::allows (60 bytes)
Event: 3.210 Thread 0x000001c17eb939d0 nmethod 1912 0x000001c100377c10 code [0x000001c100377e00, 0x000001c100378430]
Event: 3.211 Thread 0x000001c17eb8cb00 1913       4       java.lang.String::indexOf (113 bytes)
Event: 3.211 Thread 0x000001c17eb939d0 1915       3       java.util.regex.Pattern$Slice::match (79 bytes)
Event: 3.212 Thread 0x000001c17eb939d0 nmethod 1915 0x000001c100378590 code [0x000001c100378760, 0x000001c100378bf8]
Event: 3.212 Thread 0x000001c17eb939d0 1916       3       org.springframework.util.AntPathMatcher::matchStrings (11 bytes)
Event: 3.213 Thread 0x000001c17eb939d0 nmethod 1916 0x000001c100378d90 code [0x000001c100378f40, 0x000001c1003790f0]
Event: 3.214 Thread 0x000001c17eb939d0 1917       3       sun.nio.fs.WindowsPath::compareTo (118 bytes)
Event: 3.215 Thread 0x000001c17eb8cb00 nmethod 1913 0x000001c107b6b490 code [0x000001c107b6b600, 0x000001c107b6b938]
Event: 3.215 Thread 0x000001c17eb8cb00 1914       4       java.lang.String::indexOf (18 bytes)
Event: 3.215 Thread 0x000001c17eb960c0 nmethod 1880 0x000001c107b6bb10 code [0x000001c107b6bd20, 0x000001c107b6c958]
Event: 3.216 Thread 0x000001c17eb939d0 nmethod 1917 0x000001c100379210 code [0x000001c100379520, 0x000001c10037a9c0]
Event: 3.216 Thread 0x000001c17eb939d0 1919       3       org.springframework.util.StringUtils::cleanPath (322 bytes)
Event: 3.217 Thread 0x000001c17eb960c0 1920       4       jdk.internal.org.objectweb.asm.SymbolTable::addConstantUtf8Reference (101 bytes)
Event: 3.218 Thread 0x000001c17eb8cb00 nmethod 1914 0x000001c107b6d510 code [0x000001c107b6d680, 0x000001c107b6d9e8]
Event: 3.224 Thread 0x000001c17eb939d0 nmethod 1919 0x000001c10037b290 code [0x000001c10037b980, 0x000001c10037fa68]
Event: 3.225 Thread 0x000001c17eb939d0 1921       3       jdk.internal.org.objectweb.asm.MethodVisitor::visitInsn (16 bytes)
Event: 3.225 Thread 0x000001c17eb939d0 nmethod 1921 0x000001c100381010 code [0x000001c1003811a0, 0x000001c1003813b0]
Event: 3.225 Thread 0x000001c17eb939d0 1923       3       java.lang.invoke.MethodHandles$Lookup::checkMethodName (45 bytes)
Event: 3.226 Thread 0x000001c17eb939d0 nmethod 1923 0x000001c100381490 code [0x000001c1003816a0, 0x000001c100381d38]

GC Heap History (6 events):
Event: 1.268 GC heap before
{Heap before GC invocations=0 (full 0):
 garbage-first heap   total 131072K, used 14336K [0x0000000081e00000, 0x0000000100000000)
  region size 1024K, 13 young (13312K), 0 survivors (0K)
 Metaspace       used 3848K, committed 4032K, reserved 1114112K
  class space    used 405K, committed 512K, reserved 1048576K
}
Event: 1.276 GC heap after
{Heap after GC invocations=1 (full 0):
 garbage-first heap   total 131072K, used 6187K [0x0000000081e00000, 0x0000000100000000)
  region size 1024K, 2 young (2048K), 2 survivors (2048K)
 Metaspace       used 3848K, committed 4032K, reserved 1114112K
  class space    used 405K, committed 512K, reserved 1048576K
}
Event: 2.186 GC heap before
{Heap before GC invocations=1 (full 0):
 garbage-first heap   total 131072K, used 19499K [0x0000000081e00000, 0x0000000100000000)
  region size 1024K, 15 young (15360K), 2 survivors (2048K)
 Metaspace       used 7774K, committed 8000K, reserved 1114112K
  class space    used 925K, committed 1024K, reserved 1048576K
}
Event: 2.194 GC heap after
{Heap after GC invocations=2 (full 0):
 garbage-first heap   total 131072K, used 7773K [0x0000000081e00000, 0x0000000100000000)
  region size 1024K, 2 young (2048K), 2 survivors (2048K)
 Metaspace       used 7774K, committed 8000K, reserved 1114112K
  class space    used 925K, committed 1024K, reserved 1048576K
}
Event: 3.129 GC heap before
{Heap before GC invocations=2 (full 0):
 garbage-first heap   total 131072K, used 33373K [0x0000000081e00000, 0x0000000100000000)
  region size 1024K, 28 young (28672K), 2 survivors (2048K)
 Metaspace       used 14924K, committed 15168K, reserved 1114112K
  class space    used 1775K, committed 1920K, reserved 1048576K
}
Event: 3.136 GC heap after
{Heap after GC invocations=3 (full 0):
 garbage-first heap   total 131072K, used 9725K [0x0000000081e00000, 0x0000000100000000)
  region size 1024K, 4 young (4096K), 4 survivors (4096K)
 Metaspace       used 14924K, committed 15168K, reserved 1114112K
  class space    used 1775K, committed 1920K, reserved 1048576K
}

Dll operation events (11 events):
Event: 0.027 Loaded shared library C:\Program Files\Java\jdk-20\bin\java.dll
Event: 0.067 Loaded shared library C:\Program Files\Java\jdk-20\bin\jsvml.dll
Event: 0.347 Loaded shared library C:\Program Files\Java\jdk-20\bin\zip.dll
Event: 0.355 Loaded shared library C:\Program Files\Java\jdk-20\bin\instrument.dll
Event: 0.368 Loaded shared library C:\Program Files\Java\jdk-20\bin\net.dll
Event: 0.371 Loaded shared library C:\Program Files\Java\jdk-20\bin\nio.dll
Event: 0.381 Loaded shared library C:\Program Files\Java\jdk-20\bin\zip.dll
Event: 0.680 Loaded shared library C:\Program Files\JetBrains\IntelliJ IDEA Community Edition 2023.1.2\bin\breakgen64.dll
Event: 0.697 Loaded shared library C:\Program Files\Java\jdk-20\bin\extnet.dll
Event: 0.762 Loaded shared library C:\Program Files\Java\jdk-20\bin\jimage.dll
Event: 2.614 Loaded shared library C:\Program Files\Java\jdk-20\bin\verify.dll

Deoptimization events (20 events):
Event: 3.176 Thread 0x000001c158f96cb0 Uncommon trap: trap_request=0xffffffde fr.pc=0x000001c107b25954 relative=0x00000000000005f4
Event: 3.176 Thread 0x000001c158f96cb0 Uncommon trap: reason=class_check action=maybe_recompile pc=0x000001c107b25954 method=java.util.regex.Pattern$Start.match(Ljava/util/regex/Matcher;ILjava/lang/CharSequence;)Z @ 44 c2
Event: 3.176 Thread 0x000001c158f96cb0 DEOPT PACKING pc=0x000001c107b25954 sp=0x0000000abeffde90
Event: 3.176 Thread 0x000001c158f96cb0 DEOPT UNPACKING pc=0x000001c107599d22 sp=0x0000000abeffdde0 mode 2
Event: 3.180 Thread 0x000001c1759e05f0 Uncommon trap: trap_request=0xffffffde fr.pc=0x000001c107b25980 relative=0x0000000000000620
Event: 3.180 Thread 0x000001c1759e05f0 Uncommon trap: reason=class_check action=maybe_recompile pc=0x000001c107b25980 method=java.util.regex.Matcher.search(I)Z @ 121 c2
Event: 3.180 Thread 0x000001c1759e05f0 DEOPT PACKING pc=0x000001c107b25980 sp=0x0000000abd9fdb30
Event: 3.180 Thread 0x000001c1759e05f0 DEOPT UNPACKING pc=0x000001c107599d22 sp=0x0000000abd9fdb00 mode 2
Event: 3.180 Thread 0x000001c1759e05f0 Uncommon trap: trap_request=0xffffffde fr.pc=0x000001c107b25980 relative=0x0000000000000620
Event: 3.180 Thread 0x000001c1759e05f0 Uncommon trap: reason=class_check action=maybe_recompile pc=0x000001c107b25980 method=java.util.regex.Matcher.search(I)Z @ 121 c2
Event: 3.180 Thread 0x000001c1759e05f0 DEOPT PACKING pc=0x000001c107b25980 sp=0x0000000abd9fdb30
Event: 3.180 Thread 0x000001c1759e05f0 DEOPT UNPACKING pc=0x000001c107599d22 sp=0x0000000abd9fdb00 mode 2
Event: 3.180 Thread 0x000001c1759e05f0 Uncommon trap: trap_request=0xffffffde fr.pc=0x000001c107b25980 relative=0x0000000000000620
Event: 3.180 Thread 0x000001c1759e05f0 Uncommon trap: reason=class_check action=maybe_recompile pc=0x000001c107b25980 method=java.util.regex.Matcher.search(I)Z @ 121 c2
Event: 3.180 Thread 0x000001c1759e05f0 DEOPT PACKING pc=0x000001c107b25980 sp=0x0000000abd9fdb30
Event: 3.180 Thread 0x000001c1759e05f0 DEOPT UNPACKING pc=0x000001c107599d22 sp=0x0000000abd9fdb00 mode 2
Event: 3.181 Thread 0x000001c1759e05f0 Uncommon trap: trap_request=0xffffffde fr.pc=0x000001c107b25980 relative=0x0000000000000620
Event: 3.181 Thread 0x000001c1759e05f0 Uncommon trap: reason=class_check action=maybe_recompile pc=0x000001c107b25980 method=java.util.regex.Matcher.search(I)Z @ 121 c2
Event: 3.181 Thread 0x000001c1759e05f0 DEOPT PACKING pc=0x000001c107b25980 sp=0x0000000abd9fdb30
Event: 3.181 Thread 0x000001c1759e05f0 DEOPT UNPACKING pc=0x000001c107599d22 sp=0x0000000abd9fdb00 mode 2

Classes loaded (20 events):
Event: 3.175 Loading class java/util/stream/SortedOps$OfRef
Event: 3.175 Loading class java/util/stream/SortedOps$OfRef done
Event: 3.176 Loading class java/util/Comparators$NaturalOrderComparator
Event: 3.176 Loading class java/util/Comparators$NaturalOrderComparator done
Event: 3.176 Loading class java/util/stream/SortedOps$RefSortingSink
Event: 3.177 Loading class java/util/stream/SortedOps$AbstractRefSortingSink
Event: 3.177 Loading class java/util/stream/SortedOps$AbstractRefSortingSink done
Event: 3.177 Loading class java/util/stream/SortedOps$RefSortingSink done
Event: 3.177 Loading class sun/nio/fs/WindowsPath$WindowsPathWithAttributes
Event: 3.177 Loading class sun/nio/fs/BasicFileAttributesHolder
Event: 3.177 Loading class sun/nio/fs/BasicFileAttributesHolder done
Event: 3.177 Loading class sun/nio/fs/WindowsPath$WindowsPathWithAttributes done
Event: 3.178 Loading class java/util/StringTokenizer
Event: 3.178 Loading class java/util/StringTokenizer done
Event: 3.180 Loading class java/util/regex/Pattern$LazyLoop
Event: 3.180 Loading class java/util/regex/Pattern$LazyLoop done
Event: 3.182 Loading class java/util/regex/Pattern$BnM
Event: 3.182 Loading class java/util/regex/Pattern$BnM done
Event: 3.182 Loading class java/util/regex/Pattern$Pos
Event: 3.182 Loading class java/util/regex/Pattern$Pos done

Classes unloaded (0 events):
No events

Classes redefined (0 events):
No events

Internal exceptions (20 events):
Event: 2.281 Thread 0x000001c1759e05f0 Exception <a 'java/lang/NoSuchMethodError'{0x0000000089cde068}: 'void java.lang.invoke.DirectMethodHandle$Holder.invokeStaticInit(java.lang.Object, java.lang.Object)'> (0x0000000089cde068) 
thrown [s\open\src\hotspot\share\interpreter\linkResolver.cpp, line 773]
Event: 2.285 Thread 0x000001c1759e05f0 Exception <a 'java/lang/NoSuchMethodError'{0x0000000089ce9978}: 'void java.lang.invoke.DirectMethodHandle$Holder.invokeStaticInit(java.lang.Object, java.lang.Object, java.lang.Object)'> (0x0000000089ce9978) 
thrown [s\open\src\hotspot\share\interpreter\linkResolver.cpp, line 773]
Event: 2.295 Thread 0x000001c1759e05f0 Exception <a 'java/lang/NoSuchMethodError'{0x0000000089b25970}: 'java.lang.Object java.lang.invoke.DirectMethodHandle$Holder.invokeStatic(java.lang.Object, long, java.lang.Object)'> (0x0000000089b25970) 
thrown [s\open\src\hotspot\share\interpreter\linkResolver.cpp, line 773]
Event: 2.295 Thread 0x000001c1759e05f0 Exception <a 'java/lang/NoSuchMethodError'{0x0000000089b28fc8}: 'java.lang.Object java.lang.invoke.DirectMethodHandle$Holder.invokeStaticInit(java.lang.Object, long, java.lang.Object)'> (0x0000000089b28fc8) 
thrown [s\open\src\hotspot\share\interpreter\linkResolver.cpp, line 773]
Event: 2.296 Thread 0x000001c1759e05f0 Exception <a 'java/lang/NoSuchMethodError'{0x0000000089b2ed28}: 'java.lang.Object java.lang.invoke.DirectMethodHandle$Holder.newInvokeSpecial(java.lang.Object, long)'> (0x0000000089b2ed28) 
thrown [s\open\src\hotspot\share\interpreter\linkResolver.cpp, line 773]
Event: 2.348 Thread 0x000001c1759e05f0 Exception <a 'java/lang/NoSuchMethodError'{0x0000000089b6d7c0}: 'void java.lang.invoke.DirectMethodHandle$Holder.invokeVirtual(java.lang.Object, java.lang.Object, java.lang.Object, java.lang.Object)'> (0x0000000089b6d7c0) 
thrown [s\open\src\hotspot\share\interpreter\linkResolver.cpp, line 773]
Event: 2.424 Thread 0x000001c1759e05f0 Exception <a 'java/lang/NoSuchMethodError'{0x0000000089a902b8}: 'void java.lang.invoke.DirectMethodHandle$Holder.invokeSpecial(java.lang.Object, java.lang.Object, java.lang.Object)'> (0x0000000089a902b8) 
thrown [s\open\src\hotspot\share\interpreter\linkResolver.cpp, line 773]
Event: 2.437 Thread 0x000001c158f96cb0 Exception <a 'java/lang/NoClassDefFoundError'{0x0000000089ad3b20}: jakarta/validation/Validation> (0x0000000089ad3b20) 
thrown [s\open\src\hotspot\share\classfile\systemDictionary.cpp, line 294]
Event: 2.437 Thread 0x000001c1759e05f0 Exception <a 'java/lang/IncompatibleClassChangeError'{0x0000000089ae2238}: Found class java.lang.Object, but interface was expected> (0x0000000089ae2238) 
thrown [s\open\src\hotspot\share\interpreter\linkResolver.cpp, line 840]
Event: 2.444 Thread 0x000001c1759e05f0 Exception <a 'java/lang/NoSuchMethodError'{0x0000000089af5168}: 'java.lang.Object java.lang.invoke.DirectMethodHandle$Holder.invokeStaticInit(java.lang.Object, int)'> (0x0000000089af5168) 
thrown [s\open\src\hotspot\share\interpreter\linkResolver.cpp, line 773]
Event: 2.448 Thread 0x000001c1759e05f0 Exception <a 'java/lang/NoSuchMethodError'{0x00000000899518d8}: 'java.lang.Object java.lang.invoke.DirectMethodHandle$Holder.invokeStatic(java.lang.Object, int, java.lang.Object)'> (0x00000000899518d8) 
thrown [s\open\src\hotspot\share\interpreter\linkResolver.cpp, line 773]
Event: 2.449 Thread 0x000001c1759e05f0 Exception <a 'java/lang/NoSuchMethodError'{0x0000000089954f28}: 'java.lang.Object java.lang.invoke.DirectMethodHandle$Holder.invokeStaticInit(java.lang.Object, int, java.lang.Object)'> (0x0000000089954f28) 
thrown [s\open\src\hotspot\share\interpreter\linkResolver.cpp, line 773]
Event: 2.706 Thread 0x000001c1759e05f0 Exception <a 'java/lang/NoSuchMethodError'{0x00000000890efe88}: 'int java.lang.invoke.Invokers$Holder.invokeExact_MT(java.lang.Object, java.lang.Object)'> (0x00000000890efe88) 
thrown [s\open\src\hotspot\share\interpreter\linkResolver.cpp, line 773]
Event: 3.170 Thread 0x000001c1759e05f0 Exception <a 'java/lang/NoSuchMethodError'{0x0000000089c8c2d0}: 'int java.lang.invoke.DirectMethodHandle$Holder.invokeSpecial(java.lang.Object, java.lang.Object, java.lang.Object, java.lang.Object, java.lang.Object)'> (0x0000000089c8c2d0) 
thrown [s\open\src\hotspot\share\interpreter\linkResolver.cpp, line 773]
Event: 3.174 Thread 0x000001c1759e05f0 Exception <a 'java/lang/NoSuchMethodError'{0x0000000089c94f00}: 'void java.lang.invoke.DirectMethodHandle$Holder.invokeVirtual(java.lang.Object, java.lang.Object)'> (0x0000000089c94f00) 
thrown [s\open\src\hotspot\share\interpreter\linkResolver.cpp, line 773]
Event: 3.202 Thread 0x000001c158f96cb0 Exception <a 'java/lang/NoSuchMethodError'{0x0000000089b6fab8}: 'long java.lang.invoke.DirectMethodHandle$Holder.invokeSpecial(java.lang.Object, java.lang.Object)'> (0x0000000089b6fab8) 
thrown [s\open\src\hotspot\share\interpreter\linkResolver.cpp, line 773]
Event: 3.216 Thread 0x000001c158f96cb0 Exception <a 'java/lang/NoSuchMethodError'{0x0000000089b7ae58}: 'long java.lang.invoke.DirectMethodHandle$Holder.invokeStatic(java.lang.Object, java.lang.Object)'> (0x0000000089b7ae58) 
thrown [s\open\src\hotspot\share\interpreter\linkResolver.cpp, line 773]
Event: 3.217 Thread 0x000001c158f96cb0 Exception <a 'java/lang/NoSuchMethodError'{0x0000000089b7e1c0}: 'long java.lang.invoke.DirectMethodHandle$Holder.invokeStaticInit(java.lang.Object, java.lang.Object)'> (0x0000000089b7e1c0) 
thrown [s\open\src\hotspot\share\interpreter\linkResolver.cpp, line 773]
Event: 3.223 Thread 0x000001c158f96cb0 Exception <a 'java/lang/NoSuchMethodError'{0x0000000089b8be20}: 'long java.lang.invoke.DirectMethodHandle$Holder.invokeInterface(java.lang.Object, java.lang.Object)'> (0x0000000089b8be20) 
thrown [s\open\src\hotspot\share\interpreter\linkResolver.cpp, line 773]
Event: 3.223 Thread 0x000001c158f96cb0 Exception <a 'java/lang/IncompatibleClassChangeError'{0x0000000089befac8}: Found class java.lang.Object, but interface was expected> (0x0000000089befac8) 
thrown [s\open\src\hotspot\share\interpreter\linkResolver.cpp, line 840]

VM Operations (20 events):
Event: 2.031 Executing VM operation: HandshakeAllThreads
Event: 2.031 Executing VM operation: HandshakeAllThreads done
Event: 2.186 Executing VM operation: G1CollectForAllocation
Event: 2.194 Executing VM operation: G1CollectForAllocation done
Event: 2.242 Executing VM operation: HandshakeAllThreads
Event: 2.242 Executing VM operation: HandshakeAllThreads done
Event: 2.410 Executing VM operation: HandshakeAllThreads
Event: 2.410 Executing VM operation: HandshakeAllThreads done
Event: 2.419 Executing VM operation: HandshakeAllThreads
Event: 2.419 Executing VM operation: HandshakeAllThreads done
Event: 2.419 Executing VM operation: HandshakeAllThreads
Event: 2.419 Executing VM operation: HandshakeAllThreads done
Event: 2.747 Executing VM operation: HandshakeAllThreads
Event: 2.747 Executing VM operation: HandshakeAllThreads done
Event: 3.099 Executing VM operation: HandshakeAllThreads
Event: 3.099 Executing VM operation: HandshakeAllThreads done
Event: 3.129 Executing VM operation: G1CollectForAllocation
Event: 3.136 Executing VM operation: G1CollectForAllocation done
Event: 3.141 Executing VM operation: HandshakeAllThreads
Event: 3.141 Executing VM operation: HandshakeAllThreads done

Events (16 events):
Event: 0.067 Thread 0x000001c1759e05f0 Thread added: 0x000001c1759e05f0
Event: 0.090 Thread 0x000001c17eb80830 Thread added: 0x000001c17eb80830
Event: 0.090 Thread 0x000001c17eb817d0 Thread added: 0x000001c17eb817d0
Event: 0.091 Thread 0x000001c17eb866d0 Thread added: 0x000001c17eb866d0
Event: 0.091 Thread 0x000001c17eb88220 Thread added: 0x000001c17eb88220
Event: 0.091 Thread 0x000001c17eb8aed0 Thread added: 0x000001c17eb8aed0
Event: 0.091 Thread 0x000001c17eb8b9b0 Thread added: 0x000001c17eb8b9b0
Event: 0.091 Thread 0x000001c17eb8cb00 Thread added: 0x000001c17eb8cb00
Event: 0.092 Thread 0x000001c17eb939d0 Thread added: 0x000001c17eb939d0
Event: 0.245 Thread 0x000001c17eb4bdc0 Thread added: 0x000001c17eb4bdc0
Event: 0.682 Thread 0x000001c15857a3a0 Thread added: 0x000001c15857a3a0
Event: 0.682 Thread 0x000001c1584fe350 Thread added: 0x000001c1584fe350
Event: 1.105 Thread 0x000001c17eb92920 Thread added: 0x000001c17eb92920
Event: 1.239 Thread 0x000001c17eb92920 Thread exited: 0x000001c17eb92920
Event: 2.431 Thread 0x000001c158f96cb0 Thread added: 0x000001c158f96cb0
Event: 2.748 Thread 0x000001c17eb960c0 Thread added: 0x000001c17eb960c0


Dynamic libraries:
0x00007ff605050000 - 0x00007ff605060000 	C:\Program Files\Java\jdk-20\bin\java.exe
0x00007ffdbc510000 - 0x00007ffdbc708000 	C:\Windows\SYSTEM32\ntdll.dll
0x00007ffdbbd40000 - 0x00007ffdbbdfd000 	C:\Windows\System32\KERNEL32.DLL
0x00007ffdba0d0000 - 0x00007ffdba3c6000 	C:\Windows\System32\KERNELBASE.dll
0x00007ffdb9d50000 - 0x00007ffdb9e50000 	C:\Windows\System32\ucrtbase.dll
0x00007ffdb2e40000 - 0x00007ffdb2e5b000 	C:\Program Files\Java\jdk-20\bin\VCRUNTIME140.dll
0x00007ffdb5060000 - 0x00007ffdb5079000 	C:\Program Files\Java\jdk-20\bin\jli.dll
0x00007ffdbab00000 - 0x00007ffdbabb0000 	C:\Windows\System32\ADVAPI32.dll
0x00007ffdba5c0000 - 0x00007ffdba65e000 	C:\Windows\System32\msvcrt.dll
0x00007ffdbac10000 - 0x00007ffdbacb0000 	C:\Windows\System32\sechost.dll
0x00007ffdba930000 - 0x00007ffdbaa55000 	C:\Windows\System32\RPCRT4.dll
0x00007ffdb9bc0000 - 0x00007ffdb9be7000 	C:\Windows\System32\bcrypt.dll
0x00007ffdbbe10000 - 0x00007ffdbbfae000 	C:\Windows\System32\USER32.dll
0x00007ffdb9e50000 - 0x00007ffdb9e72000 	C:\Windows\System32\win32u.dll
0x00007ffda9b20000 - 0x00007ffda9dba000 	C:\Windows\WinSxS\amd64_microsoft.windows.common-controls_6595b64144ccf1df_6.0.19041.3636_none_60b6a03d71f818d5\COMCTL32.dll
0x00007ffdba900000 - 0x00007ffdba92b000 	C:\Windows\System32\GDI32.dll
0x00007ffdb9f10000 - 0x00007ffdba027000 	C:\Windows\System32\gdi32full.dll
0x00007ffdba030000 - 0x00007ffdba0cd000 	C:\Windows\System32\msvcp_win.dll
0x00007ffdaf550000 - 0x00007ffdaf55a000 	C:\Windows\SYSTEM32\VERSION.dll
0x00007ffdbaa60000 - 0x00007ffdbaa92000 	C:\Windows\System32\IMM32.DLL
0x00007ffdb2f70000 - 0x00007ffdb2f7c000 	C:\Program Files\Java\jdk-20\bin\vcruntime140_1.dll
0x00007ffd7e770000 - 0x00007ffd7e7fe000 	C:\Program Files\Java\jdk-20\bin\msvcp140.dll
0x00007ffd71ac0000 - 0x00007ffd72758000 	C:\Program Files\Java\jdk-20\bin\server\jvm.dll
0x00007ffdab430000 - 0x00007ffdab457000 	C:\Windows\SYSTEM32\WINMM.dll
0x00007ffdb13a0000 - 0x00007ffdb13a9000 	C:\Windows\SYSTEM32\WSOCK32.dll
0x00007ffdbade0000 - 0x00007ffdbae4b000 	C:\Windows\System32\WS2_32.dll
0x00007ffdb83c0000 - 0x00007ffdb83d2000 	C:\Windows\SYSTEM32\kernel.appcore.dll
0x00007ffd95cb0000 - 0x00007ffd95cba000 	C:\Program Files\Java\jdk-20\bin\jimage.dll
0x00007ffda6980000 - 0x00007ffda6b64000 	C:\Windows\SYSTEM32\DBGHELP.DLL
0x00007ffda5f90000 - 0x00007ffda5fc4000 	C:\Windows\SYSTEM32\dbgcore.DLL
0x00007ffdb9e80000 - 0x00007ffdb9f02000 	C:\Windows\System32\bcryptPrimitives.dll
0x00007ffdb0e60000 - 0x00007ffdb0e6e000 	C:\Program Files\Java\jdk-20\bin\instrument.dll
0x00007ffd88010000 - 0x00007ffd88036000 	C:\Program Files\Java\jdk-20\bin\java.dll
0x00007ffd77830000 - 0x00007ffd77907000 	C:\Program Files\Java\jdk-20\bin\jsvml.dll
0x00007ffdbb140000 - 0x00007ffdbb8ab000 	C:\Windows\System32\SHELL32.dll
0x00007ffdb7b60000 - 0x00007ffdb82fe000 	C:\Windows\SYSTEM32\windows.storage.dll
0x00007ffdbb8b0000 - 0x00007ffdbbc03000 	C:\Windows\System32\combase.dll
0x00007ffdb9440000 - 0x00007ffdb946e000 	C:\Windows\SYSTEM32\Wldp.dll
0x00007ffdbb070000 - 0x00007ffdbb13d000 	C:\Windows\System32\OLEAUT32.dll
0x00007ffdbae50000 - 0x00007ffdbaefd000 	C:\Windows\System32\SHCORE.dll
0x00007ffdba810000 - 0x00007ffdba865000 	C:\Windows\System32\shlwapi.dll
0x00007ffdb9af0000 - 0x00007ffdb9b15000 	C:\Windows\SYSTEM32\profapi.dll
0x00007ffd87340000 - 0x00007ffd87358000 	C:\Program Files\Java\jdk-20\bin\zip.dll
0x00007ffd87ff0000 - 0x00007ffd88003000 	C:\Program Files\Java\jdk-20\bin\net.dll
0x00007ffdb1050000 - 0x00007ffdb115a000 	C:\Windows\SYSTEM32\WINHTTP.dll
0x00007ffdb9220000 - 0x00007ffdb928a000 	C:\Windows\system32\mswsock.dll
0x00007ffd87fd0000 - 0x00007ffd87fe6000 	C:\Program Files\Java\jdk-20\bin\nio.dll
0x00007ffdb0e40000 - 0x00007ffdb0e5a000 	C:\Program Files\JetBrains\IntelliJ IDEA Community Edition 2023.1.2\bin\breakgen64.dll
0x00007ffd87fc0000 - 0x00007ffd87fc7000 	C:\Program Files\Java\jdk-20\bin\extnet.dll
0x00007ffd872d0000 - 0x00007ffd872e0000 	C:\Program Files\Java\jdk-20\bin\verify.dll

dbghelp: loaded successfully - version: 4.0.5 - missing functions: none
symbol engine: initialized successfully - sym options: 0x614 - pdb path: .;C:\Program Files\Java\jdk-20\bin;C:\Windows\SYSTEM32;C:\Windows\WinSxS\amd64_microsoft.windows.common-controls_6595b64144ccf1df_6.0.19041.3636_none_60b6a03d71f818d5;C:\Program Files\Java\jdk-20\bin\server;C:\Program Files\JetBrains\IntelliJ IDEA Community Edition 2023.1.2\bin

VM Arguments:
jvm_args: -javaagent:C:\Program Files\JetBrains\IntelliJ IDEA Community Edition 2023.1.2\lib\idea_rt.jar=50540:C:\Program Files\JetBrains\IntelliJ IDEA Community Edition 2023.1.2\bin -Dfile.encoding=UTF-8 -Dsun.stdout.encoding=UTF-8 -Dsun.stderr.encoding=UTF-8 
java_command: com.exam.SecurityApplication
java_class_path (initial): G:\Project\ExamsBackEnd\BackEnd\ExamServer_Springboot\target\classes;C:\Users\D e r r y\.m2\repository\org\springframework\boot\spring-boot-starter-security\3.0.4\spring-boot-starter-security-3.0.4.jar;C:\Users\D e r r y\.m2\repository\org\springframework\boot\spring-boot-starter\3.0.1\spring-boot-starter-3.0.1.jar;C:\Users\D e r r y\.m2\repository\org\springframework\boot\spring-boot\3.0.1\spring-boot-3.0.1.jar;C:\Users\D e r r y\.m2\repository\org\springframework\boot\spring-boot-autoconfigure\3.0.1\spring-boot-autoconfigure-3.0.1.jar;C:\Users\D e r r y\.m2\repository\org\springframework\boot\spring-boot-starter-logging\3.0.1\spring-boot-starter-logging-3.0.1.jar;C:\Users\D e r r y\.m2\repository\ch\qos\logback\logback-classic\1.4.5\logback-classic-1.4.5.jar;C:\Users\D e r r y\.m2\repository\ch\qos\logback\logback-core\1.4.5\logback-core-1.4.5.jar;C:\Users\D e r r y\.m2\repository\org\apache\logging\log4j\log4j-to-slf4j\2.19.0\log4j-to-slf4j-2.19.0.jar;C:\Users\D e r r y\.m2\repository\org\apache\logging\log4j\log4j-api\2.19.0\log4j-api-2.19.0.jar;C:\Users\D e r r y\.m2\repository\org\slf4j\jul-to-slf4j\2.0.6\jul-to-slf4j-2.0.6.jar;C:\Users\D e r r y\.m2\repository\jakarta\annotation\jakarta.annotation-api\2.1.1\jakarta.annotation-api-2.1.1.jar;C:\Users\D e r r y\.m2\repository\org\yaml\snakeyaml\1.33\snakeyaml-1.33.jar;C:\Users\D e r r y\.m2\repository\org\springframework\spring-aop\6.0.3\spring-aop-6.0.3.jar;C:\Users\D e r r y\.m2\repository\org\springframework\security\spring-security-config\6.0.1\spring-security-config-6.0.1.jar;C:\Users\D e r r y\.m2\repository\org\springframework\security\spring-security-web\6.0.1\spring-security-web-6.0.1.jar;C:\Users\D e r r y\.m2\repository\org\springframework\boot\spring-boot-starter-web\3.1.0\spring-boot-starter-web-3.1.0.jar;C:\Users\D e r r y\.m2\repository\org\springframework\boot\spring-boot-starter-json\3.0.1\spring-boot-starter-json-3.0.1.jar;C:\Users\D e r r y\.m2\repository\com\fasterxml\jackson\datatype\jackson-datatype-jdk8\2.14.1\jackson-datatype-jdk8-2.14.1.jar;C:\Users\D e r r y\.m2\repository\com\fasterxml\jackson\datatype\jackson-datatype-jsr310\2.14.1\jackson-datatype-jsr310-2.14.1.jar;C:\Users\D e r r y\.m2\repository\com\fasterxml\jackson\module\jackson-module-parameter-names\2.14.1\jackson-module-parameter-names-2.14.1.jar;C:\Users\D e r r y\.m2\repository\org\springframework\boot\spring-boot-starter-tomcat\3.0.1\spring-boot-starter-tomcat-3.0.1.jar;C:\Users\D e r r y\.m2\repository\org\apache\tomcat\embed\tomcat-embed-core\10.1.4\tomcat-embed-core-10.1.4.jar;C:\Users\D e r r y\.m2\repository\org\apache\tomcat\embed\tomcat-embed-el\10.1.4\tomcat-embed-el-10.1.4.jar;C:\Users\D e r r y\.m2\repository\org\apache\tomcat\embed\tomcat-embed-websocket\10.1.4\tomcat-embed-websocket-10.1.4.jar;C:\Users\D e r r y\.m2\repository\org\springframework\spring-web\6.0.3\spring-web-6.0.3.jar;C:\Users\D e r r y\.m2\repository\io\micrometer\micrometer-observation\1.10.2\micrometer-observation-1.10.2.jar;C:\Users\D e r r y\.m2\repository\io\micrometer\micrometer-commons\1.10.2\micrometer-commons-1.10.2.jar;C:\Users\D e r r y\.m2\repository\org\springframework\spring-webmvc\6.0.3\spring-webmvc-6.0.3.jar;C:\Users\D e r r y\.m2\repository\com\mysql\mysql-connector-j\8.0.32\mysql-connector-j-8.0.32.jar;C:\Users\D e r r y\.m2\repository\org\springframework\boot\spring-boot-starter-data-jpa\3.0.4\spring-boot-starter-data-jpa-3.0.4.jar;C:\Users\D e r r y\.m2\repository\org\springframework\boot\spring-boot-starter-aop\3.0.1\spring-boot-starter-aop-3.0.1.jar;C:\Users\D e r r y\.m2\repository\org\aspectj\aspectjweaver\1.9.19\aspectjweaver-1.9.19.jar;C:\Users\D e r r y\.m2\repository\org\springframework\boot\spring-boot-starter-jdbc\3.0.1\spring-boot-starter-jdbc-3.0.1.jar;C:\Users\D e r r y\.m2\repository\com\zaxxer\HikariCP\5.0.1\HikariCP-5.0.1.jar;C:\Users\D e r r y\.m2\repository\org\springframework\spring-jdbc\6.0.3\spring-jdbc-6.0.3.jar;C:\Users\D e r r y\.m2\repository\org\hibernate\orm\hibernate-core\6.1.6.Final\hibernate-core-6.1.6.Final.jar;C:\Users\D e r r y\.m2\repository\jakarta\persistence\jakarta.persistence-api\3.1.0\jakarta.persistence-api-3.1.0.jar;C:\Users\D e r r y\.m2\repository\jakarta\transaction\jakarta.transaction-api\2.0.1\jakarta.transaction-api-2.0.1.jar;C:\Users\D e r r y\.m2\repository\org\jboss\logging\jboss-logging\3.5.0.Final\jboss-logging-3.5.0.Final.jar;C:\Users\D e r r y\.m2\repository\org\hibernate\common\hibernate-commons-annotations\6.0.2.Final\hibernate-commons-annotations-6.0.2.Final.jar;C:\Users\D e r r y\.m2\repository\org\jboss\jandex\2.4.2.Final\jandex-2.4.2.Final.jar;C:\Users\D e r r y\.m2\repository\com\fasterxml\classmate\1.5.1\classmate-1.5.1.jar;C:\Users\D e r r y\.m2\repository\net\bytebuddy\byte-buddy\1.12.20\byte-buddy-1.12.20.jar;C:\Users\D e r r y\.m2\repository\org\glassfish\jaxb\jaxb-runtime\4.0.1\jaxb-runtime-4.0.1.jar;C:\Users\D e r r y\.m2\repository\org\glassfish\jaxb\jaxb-core\4.0.1\jaxb-core-4.0.1.jar;C:\Users\D e r r y\.m2\repository\org\eclipse\angus\angus-activation\1.0.0\angus-activation-1.0.0.jar;C:\Users\D e r r y\.m2\repository\org\glassfish\jaxb\txw2\4.0.1\txw2-4.0.1.jar;C:\Users\D e r r y\.m2\repository\com\sun\istack\istack-commons-runtime\4.1.1\istack-commons-runtime-4.1.1.jar;C:\Users\D e r r y\.m2\repository\jakarta\inject\jakarta.inject-api\2.0.0\jakarta.inject-api-2.0.0.jar;C:\Users\D e r r y\.m2\repository\org\antlr\antlr4-runtime\4.10.1\antlr4-runtime-4.10.1.jar;C:\Users\D e r r y\.m2\repository\org\springframework\data\spring-data-jpa\3.0.0\spring-data-jpa-3.0.0.jar;C:\Users\D e r r y\.m2\repository\org\springframework\data\spring-data-commons\3.0.0\spring-data-commons-3.0.0.jar;C:\Users\D e r r y\.m2\repository\org\springframework\spring-orm\6.0.3\spring-orm-6.0.3.jar;C:\Users\D e r r y\.m2\repository\org\springframework\spring-tx\6.0.3\spring-tx-6.0.3.jar;C:\Users\D e r r y\.m2\repository\org\slf4j\slf4j-api\2.0.6\slf4j-api-2.0.6.jar;C:\Users\D e r r y\.m2\repository\org\springframework\spring-aspects\6.0.3\spring-aspects-6.0.3.jar;C:\Users\D e r r y\.m2\repository\org\projectlombok\lombok\1.18.26\lombok-1.18.26.jar;C:\Users\D e r r y\.m2\repository\org\springframework\spring-context\6.0.9\spring-context-6.0.9.jar;C:\Users\D e r r y\.m2\repository\org\springframework\spring-beans\6.0.3\spring-beans-6.0.3.jar;C:\Users\D e r r y\.m2\repository\org\springframework\spring-core\6.0.3\spring-core-6.0.3.jar;C:\Users\D e r r y\.m2\repository\org\springframework\spring-jcl\6.0.3\spring-jcl-6.0.3.jar;C:\Users\D e r r y\.m2\repository\org\springframework\spring-expression\6.0.3\spring-expression-6.0.3.jar;C:\Users\D e r r y\.m2\repository\io\jsonwebtoken\jjwt-api\0.11.5\jjwt-api-0.11.5.jar;C:\Users\D e r r y\.m2\repository\io\jsonwebtoken\jjwt-impl\0.11.5\jjwt-impl-0.11.5.jar;C:\Users\D e r r y\.m2\repository\io\jsonwebtoken\jjwt-jackson\0.11.5\jjwt-jackson-0.11.5.jar;C:\Users\D e r r y\.m2\repository\com\fasterxml\jackson\core\jackson-databind\2.14.1\jackson-databind-2.14.1.jar;C:\Users\D e r r y\.m2\repository\com\fasterxml\jackson\core\jackson-annotations\2.14.1\jackson-annotations-2.14.1.jar;C:\Users\D e r r y\.m2\repository\com\fasterxml\jackson\core\jackson-core\2.14.1\jackson-core-2.14.1.jar;C:\Users\D e r r y\.m2\repository\jakarta\xml\bind\jakarta.xml.bind-api\4.0.0\jakarta.xml.bind-api-4.0.0.jar;C:\Users\D e r r y\.m2\repository\jakarta\activation\jakarta.activation-api\2.1.0\jakarta.activation-api-2.1.0.jar;C:\Users\D e r r y\.m2\repository\org\springframework\security\spring-security-core\6.0.1\spring-security-core-6.0.1.jar;C:\Users\D e r r y\.m2\repository\org\springframework\security\spring-security-crypto\6.0.1\spring-security-crypto-6.0.1.jar
Launcher Type: SUN_STANDARD

[Global flags]
     intx CICompilerCount                          = 3                                         {product} {ergonomic}
     uint ConcGCThreads                            = 1                                         {product} {ergonomic}
     uint G1ConcRefinementThreads                  = 4                                         {product} {ergonomic}
   size_t G1HeapRegionSize                         = 1048576                                   {product} {ergonomic}
    uintx GCDrainStackTargetSize                   = 64                                        {product} {ergonomic}
   size_t InitialHeapSize                          = 134217728                                 {product} {ergonomic}
   size_t MarkStackSize                            = 4194304                                   {product} {ergonomic}
   size_t MaxHeapSize                              = 2116026368                                {product} {ergonomic}
   size_t MaxNewSize                               = 1268776960                                {product} {ergonomic}
   size_t MinHeapDeltaBytes                        = 1048576                                   {product} {ergonomic}
   size_t MinHeapSize                              = 8388608                                   {product} {ergonomic}
    uintx NonNMethodCodeHeapSize                   = 5832780                                {pd product} {ergonomic}
    uintx NonProfiledCodeHeapSize                  = 122912730                              {pd product} {ergonomic}
    uintx ProfiledCodeHeapSize                     = 122912730                              {pd product} {ergonomic}
    uintx ReservedCodeCacheSize                    = 251658240                              {pd product} {ergonomic}
     bool SegmentedCodeCache                       = true                                      {product} {ergonomic}
   size_t SoftMaxHeapSize                          = 2116026368                             {manageable} {ergonomic}
     bool UseCompressedClassPointers               = true                           {product lp64_product} {ergonomic}
     bool UseCompressedOops                        = true                           {product lp64_product} {ergonomic}
     bool UseG1GC                                  = true                                      {product} {ergonomic}
     bool UseLargePagesIndividualAllocation        = false                                  {pd product} {ergonomic}

Logging:
Log output configuration:
 #0: stdout all=warning uptime,level,tags foldmultilines=false
 #1: stderr all=off uptime,level,tags foldmultilines=false

Environment Variables:
PATH=C:\Program Files\Common Files\Oracle\Java\javapath;C:\Program Files (x86)\Common Files\Oracle\Java\javapath;C:\Windows\system32;C:\Windows;C:\Windows\System32\Wbem;C:\Windows\System32\WindowsPowerShell\v1.0\;C:\Windows\System32\OpenSSH\;C:\Program Files\nodejs\;C:\Program Files\Git\cmd;C:\ProgramData\chocolatey\bin;C:\Program Files\apache-maven-3.9.4-bin\apache-maven-3.9.4\bin;C:\Program Files\dotnet\;C:\Users\D e r r y\anaconda3;C:\Users\D e r r y\anaconda3\Library\mingw-w64\bin;C:\Users\D e r r y\anaconda3\Library\usr\bin;C:\Users\D e r r y\anaconda3\Library\bin;C:\Users\D e r r y\anaconda3\Scripts;C:\Program Files\MySQL\MySQL Shell 8.0\bin\;C:\Users\D e r r y\AppData\Local\Microsoft\WindowsApps;C:\Program Files\JetBrains\IntelliJ IDEA Community Edition 2023.1.2\bin;;C:\Program Files\JetBrains\PyCharm Community Edition 2023.1.2\bin;;C:\Users\D e r r y\AppData\Roaming\npm;C:\Users\D e r r y\AppData\Local\Programs\Microsoft VS Code\bin;C:\Users\D e r r y\AppData\Local\Programs\MiKTeX\miktex\bin\x64\;C:\Users\D e r r y\AppData\Local\GitHubDesktop\bin;C:\Program Files\heroku\bin;C:\Program Files\bin;C:\Program Files\JetBrains\PhpStorm 2023.1\bin;
USERNAME=D e r r y
OS=Windows_NT
PROCESSOR_IDENTIFIER=Intel64 Family 6 Model 61 Stepping 4, GenuineIntel
TMP=C:\Users\DERRY~1\AppData\Local\Temp
TEMP=C:\Users\DERRY~1\AppData\Local\Temp




---------------  S Y S T E M  ---------------

OS:
 Windows 10 , 64 bit Build 19041 (10.0.19041.3636)
OS uptime: 0 days 14:40 hours
Hyper-V role detected

CPU: total 4 (initial active 4) (2 cores per cpu, 2 threads per core) family 6 model 61 stepping 4 microcode 0x2f, cx8, cmov, fxsr, ht, mmx, 3dnowpref, sse, sse2, sse3, ssse3, sse4.1, sse4.2, popcnt, lzcnt, tsc, tscinvbit, avx, avx2, aes, erms, clmul, bmi1, bmi2, rtm, adx, fma, vzeroupper, clflush, hv, rdtscp, f16c

Memory: 4k page, system-wide physical 8067M (429M free)
TotalPageFile size 10115M (AvailPageFile size 0M)
current process WorkingSet (physical memory assigned to process): 107M, peak: 107M
current process commit charge ("private bytes"): 233M, peak: 233M

vm_info: Java HotSpot(TM) 64-Bit Server VM (20.0.2+9-78) for windows-amd64 JRE (20.0.2+9-78), built on 2023-06-14T10:08:48Z by "mach5one" with MS VC++ 17.1 (VS2022)

END.
