#
# There is insufficient memory for the Java Runtime Environment to continue.
# Native memory allocation (malloc) failed to allocate 32744 bytes for Chunk::new
# Possible reasons:
#   The system is out of physical RAM or swap space
#   The process is running with CompressedOops enabled, and the Java Heap may be blocking the growth of the native heap
# Possible solutions:
#   Reduce memory load on the system
#   Increase physical memory or swap space
#   Check if swap backing store is full
#   Decrease Java heap size (-Xmx/-Xms)
#   Decrease number of Java threads
#   Decrease Java thread stack sizes (-Xss)
#   Set larger code cache with -XX:ReservedCodeCacheSize=
#   JVM is running with Unscaled Compressed Oops mode in which the Java heap is
#     placed in the first 4GB address space. The Java Heap base address is the
#     maximum limit for the native heap growth. Please use -XX:HeapBaseMinAddress
#     to set the Java Heap base and to place the Java Heap above 4GB virtual address.
# This output file may be truncated or incomplete.
#
#  Out of Memory Error (arena.cpp:184), pid=14404, tid=14488
#
# JRE version: Java(TM) SE Runtime Environment (20.0.2+9) (build 20.0.2+9-78)
# Java VM: Java HotSpot(TM) 64-Bit Server VM (20.0.2+9-78, mixed mode, sharing, tiered, compressed oops, compressed class ptrs, g1 gc, windows-amd64)
# No core dump will be written. Minidumps are not enabled by default on client versions of Windows
#

---------------  S U M M A R Y ------------

Command Line: -javaagent:C:\Program Files\JetBrains\IntelliJ IDEA Community Edition 2023.1.2\lib\idea_rt.jar=60473:C:\Program Files\JetBrains\IntelliJ IDEA Community Edition 2023.1.2\bin -Dfile.encoding=UTF-8 -Dsun.stdout.encoding=UTF-8 -Dsun.stderr.encoding=UTF-8 com.exam.SecurityApplication

Host: Intel(R) Core(TM) i5-5300U CPU @ 2.30GHz, 4 cores, 7G,  Windows 10 , 64 bit Build 19041 (10.0.19041.4597)
Time: Wed Jul 24 18:24:46 2024 Sao Tome Standard Time elapsed time: 219.824244 seconds (0d 0h 3m 39s)

---------------  T H R E A D  ---------------

Current thread (0x00000231a3d3bfd0):  JavaThread "C2 CompilerThread0" daemon [_thread_in_native, id=14488, stack(0x00000080c9600000,0x00000080c9700000)]


Current CompileTask:
C2: 219824 10449       4       org.springframework.transaction.interceptor.AbstractFallbackTransactionAttributeSource::getTransactionAttribute (165 bytes)

Stack: [0x00000080c9600000,0x00000080c9700000]
Native frames: (J=compiled Java code, j=interpreted, Vv=VM code, C=native code)
V  [jvm.dll+0x6bc25a]
V  [jvm.dll+0x84971a]
V  [jvm.dll+0x84b315]
V  [jvm.dll+0x84ba13]
V  [jvm.dll+0x280e4f]
V  [jvm.dll+0xc2ab1]
V  [jvm.dll+0xc2dd5]
V  [jvm.dll+0x64c6f4]
V  [jvm.dll+0x64d78c]
V  [jvm.dll+0x64bb40]
V  [jvm.dll+0x24b3ae]
V  [jvm.dll+0x24a921]
V  [jvm.dll+0x1ce761]
V  [jvm.dll+0x25a0eb]
V  [jvm.dll+0x2587c0]
V  [jvm.dll+0x3f2dd5]
V  [jvm.dll+0x7f5c76]
V  [jvm.dll+0x6baecb]
C  [ucrtbase.dll+0x21bb2]
C  [KERNEL32.DLL+0x17374]
C  [ntdll.dll+0x4cc91]


---------------  P R O C E S S  ---------------

Threads class SMR info:
_java_thread_list=0x00000231eb76b740, length=29, elements={
0x00000231a3d2acb0, 0x00000231a3d2bc50, 0x00000231a3d30b50, 0x00000231a3d361d0,
0x00000231a3d36dc0, 0x00000231a3d37ab0, 0x00000231a3d3bfd0, 0x00000231a3d3e050,
0x00000231a3cf9400, 0x00000231e97c9db0, 0x00000231e97ca300, 0x00000231e9f6f590,
0x00000231e9f6c5c0, 0x00000231e9f6e050, 0x00000231e9f6d060, 0x00000231e9f6c070,
0x00000231e9f6d5b0, 0x00000231e9f6db00, 0x00000231ec66a570, 0x00000231ec66caa0,
0x00000231ec669030, 0x00000231ec66aac0, 0x00000231ec666060, 0x00000231ec66c000,
0x00000231ec66bab0, 0x00000231ec665070, 0x00000231ec669580, 0x00000231ec6655c0,
0x00000231ec666b00
}

Java Threads: ( => current thread )
  0x00000231a3d2acb0 JavaThread "Reference Handler" daemon [_thread_blocked, id=9884, stack(0x00000080c9000000,0x00000080c9100000)]
  0x00000231a3d2bc50 JavaThread "Finalizer" daemon [_thread_blocked, id=16232, stack(0x00000080c9100000,0x00000080c9200000)]
  0x00000231a3d30b50 JavaThread "Signal Dispatcher" daemon [_thread_blocked, id=13064, stack(0x00000080c9200000,0x00000080c9300000)]
  0x00000231a3d361d0 JavaThread "Attach Listener" daemon [_thread_blocked, id=18128, stack(0x00000080c9300000,0x00000080c9400000)]
  0x00000231a3d36dc0 JavaThread "Service Thread" daemon [_thread_blocked, id=16956, stack(0x00000080c9400000,0x00000080c9500000)]
  0x00000231a3d37ab0 JavaThread "Monitor Deflation Thread" daemon [_thread_blocked, id=17304, stack(0x00000080c9500000,0x00000080c9600000)]
=>0x00000231a3d3bfd0 JavaThread "C2 CompilerThread0" daemon [_thread_in_native, id=14488, stack(0x00000080c9600000,0x00000080c9700000)]
  0x00000231a3d3e050 JavaThread "C1 CompilerThread0" daemon [_thread_in_vm, id=8748, stack(0x00000080c9700000,0x00000080c9800000)]
  0x00000231a3cf9400 JavaThread "Common-Cleaner" daemon [_thread_blocked, id=11764, stack(0x00000080c9800000,0x00000080c9900000)]
  0x00000231e97c9db0 JavaThread "Monitor Ctrl-Break" daemon [_thread_in_native, id=6516, stack(0x00000080c9900000,0x00000080c9a00000)]
  0x00000231e97ca300 JavaThread "Notification Thread" daemon [_thread_blocked, id=14500, stack(0x00000080c9a00000,0x00000080c9b00000)]
  0x00000231e9f6f590 JavaThread "mysql-cj-abandoned-connection-cleanup" daemon [_thread_blocked, id=3812, stack(0x00000080ca000000,0x00000080ca100000)]
  0x00000231e9f6c5c0 JavaThread "HikariPool-1 housekeeper" daemon [_thread_blocked, id=15448, stack(0x00000080ca200000,0x00000080ca300000)]
  0x00000231e9f6e050 JavaThread "Catalina-utility-1" [_thread_blocked, id=15612, stack(0x00000080ca100000,0x00000080ca200000)]
  0x00000231e9f6d060 JavaThread "Catalina-utility-2" [_thread_blocked, id=17808, stack(0x00000080ca300000,0x00000080ca400000)]
  0x00000231e9f6c070 JavaThread "container-0" [_thread_blocked, id=12816, stack(0x00000080ca400000,0x00000080ca500000)]
  0x00000231e9f6d5b0 JavaThread "http-nio-9191-exec-1" daemon [_thread_blocked, id=14160, stack(0x00000080ca500000,0x00000080ca600000)]
  0x00000231e9f6db00 JavaThread "http-nio-9191-exec-2" daemon [_thread_blocked, id=11964, stack(0x00000080ca600000,0x00000080ca700000)]
  0x00000231ec66a570 JavaThread "http-nio-9191-exec-3" daemon [_thread_blocked, id=1440, stack(0x00000080ca700000,0x00000080ca800000)]
  0x00000231ec66caa0 JavaThread "http-nio-9191-exec-4" daemon [_thread_in_Java, id=6540, stack(0x00000080ca800000,0x00000080ca900000)]
  0x00000231ec669030 JavaThread "http-nio-9191-exec-5" daemon [_thread_blocked, id=14876, stack(0x00000080ca900000,0x00000080caa00000)]
  0x00000231ec66aac0 JavaThread "http-nio-9191-exec-6" daemon [_thread_blocked, id=5132, stack(0x00000080caa00000,0x00000080cab00000)]
  0x00000231ec666060 JavaThread "http-nio-9191-exec-7" daemon [_thread_blocked, id=3584, stack(0x00000080cab00000,0x00000080cac00000)]
  0x00000231ec66c000 JavaThread "http-nio-9191-exec-8" daemon [_thread_blocked, id=10464, stack(0x00000080cac00000,0x00000080cad00000)]
  0x00000231ec66bab0 JavaThread "http-nio-9191-exec-9" daemon [_thread_blocked, id=10380, stack(0x00000080cad00000,0x00000080cae00000)]
  0x00000231ec665070 JavaThread "http-nio-9191-exec-10" daemon [_thread_in_native, id=16488, stack(0x00000080cae00000,0x00000080caf00000)]
  0x00000231ec669580 JavaThread "http-nio-9191-Poller" daemon [_thread_in_native, id=3320, stack(0x00000080caf00000,0x00000080cb000000)]
  0x00000231ec6655c0 JavaThread "http-nio-9191-Acceptor" daemon [_thread_in_native, id=11408, stack(0x00000080cb000000,0x00000080cb100000)]
  0x00000231ec666b00 JavaThread "DestroyJavaVM" [_thread_blocked, id=15940, stack(0x00000080c8900000,0x00000080c8a00000)]

Other Threads:
  0x00000231a3d0daa0 VMThread "VM Thread" [stack: 0x00000080c8f00000,0x00000080c9000000] [id=11692]
  0x0000023187bfffa0 WatcherThread "VM Periodic Task Thread" [stack: 0x00000080c9b00000,0x00000080c9c00000] [id=18124]
  0x0000023187c5c2d0 WorkerThread "GC Thread#0" [stack: 0x00000080c8a00000,0x00000080c8b00000] [id=15788]
  0x00000231e992a340 WorkerThread "GC Thread#1" [stack: 0x00000080c9c00000,0x00000080c9d00000] [id=112]
  0x00000231e9914740 WorkerThread "GC Thread#2" [stack: 0x00000080c9d00000,0x00000080c9e00000] [id=14468]
  0x00000231e9957fe0 WorkerThread "GC Thread#3" [stack: 0x00000080c9e00000,0x00000080c9f00000] [id=16356]
  0x0000023187c6ce20 ConcurrentGCThread "G1 Main Marker" [stack: 0x00000080c8b00000,0x00000080c8c00000] [id=3044]
  0x0000023187c6d850 WorkerThread "G1 Conc#0" [stack: 0x00000080c8c00000,0x00000080c8d00000] [id=14724]
  0x00000231a3bbe530 ConcurrentGCThread "G1 Refine#0" [stack: 0x00000080c8d00000,0x00000080c8e00000] [id=14520]
  0x00000231a3bbf080 ConcurrentGCThread "G1 Service" [stack: 0x00000080c8e00000,0x00000080c8f00000] [id=16676]

Threads with active compile tasks:
C2 CompilerThread0   219903 10449       4       org.springframework.transaction.interceptor.AbstractFallbackTransactionAttributeSource::getTransactionAttribute (165 bytes)

VM state: not at safepoint (normal execution)

VM Mutex/Monitor currently owned by a thread: None

OutOfMemory and StackOverflow Exception counts:
OutOfMemoryError java_heap_errors=1
LinkageErrors=139

Heap address: 0x0000000081e00000, size: 2018 MB, Compressed Oops mode: 32-bit

CDS archive(s) mapped at: [0x00000231a4000000-0x00000231a4c60000-0x00000231a4c60000), size 12976128, SharedBaseAddress: 0x00000231a4000000, ArchiveRelocationMode: 1.
Compressed class space mapped at: 0x00000231a5000000-0x00000231e5000000, reserved size: 1073741824
Narrow klass base: 0x00000231a4000000, Narrow klass shift: 0, Narrow klass range: 0x100000000

GC Precious Log:
 CardTable entry size: 512
 Card Set container configuration: InlinePtr #cards 5 size 8 Array Of Cards #cards 12 size 40 Howl #buckets 4 coarsen threshold 1843 Howl Bitmap #cards 512 size 80 coarsen threshold 460 Card regions per heap region 1 cards per card region 2048
 CPUs: 4 total, 4 available
 Memory: 8067M
 Large Page Support: Disabled
 NUMA Support: Disabled
 Compressed Oops: Enabled (32-bit)
 Heap Region Size: 1M
 Heap Min Capacity: 8M
 Heap Initial Capacity: 128M
 Heap Max Capacity: 2018M
 Pre-touch: Disabled
 Parallel Workers: 4
 Concurrent Workers: 1
 Concurrent Refinement Workers: 4
 Periodic GC: Disabled

Heap:
 garbage-first heap   total 70656K, used 59382K [0x0000000081e00000, 0x0000000100000000)
  region size 1024K, 25 young (25600K), 3 survivors (3072K)
 Metaspace       used 81688K, committed 82432K, reserved 1179648K
  class space    used 10817K, committed 11136K, reserved 1048576K

Heap Regions: E=young(eden), S=young(survivor), O=old, HS=humongous(starts), HC=humongous(continues), CS=collection set, F=free, OA=open archive, CA=closed archive, TAMS=top-at-mark-start, PB=parsable bottom
|   0|0x0000000081e00000, 0x0000000081f00000, 0x0000000081f00000|100%|HS|  |TAMS 0x0000000081e00000| PB 0x0000000081e00000| Complete 
|   1|0x0000000081f00000, 0x0000000082000000, 0x0000000082000000|100%| O|  |TAMS 0x0000000081f00000| PB 0x0000000081f00000| Untracked 
|   2|0x0000000082000000, 0x0000000082100000, 0x0000000082100000|100%| O|  |TAMS 0x0000000082000000| PB 0x0000000082000000| Untracked 
|   3|0x0000000082100000, 0x0000000082200000, 0x0000000082200000|100%| O|  |TAMS 0x0000000082100000| PB 0x0000000082100000| Untracked 
|   4|0x0000000082200000, 0x0000000082300000, 0x0000000082300000|100%| O|  |TAMS 0x0000000082200000| PB 0x0000000082200000| Untracked 
|   5|0x0000000082300000, 0x0000000082400000, 0x0000000082400000|100%| O|  |TAMS 0x0000000082300000| PB 0x0000000082300000| Untracked 
|   6|0x0000000082400000, 0x0000000082500000, 0x0000000082500000|100%| O|  |TAMS 0x0000000082400000| PB 0x0000000082400000| Untracked 
|   7|0x0000000082500000, 0x00000000825fac00, 0x0000000082600000| 97%| O|  |TAMS 0x0000000082500000| PB 0x0000000082500000| Untracked 
|   8|0x0000000082600000, 0x0000000082700000, 0x0000000082700000|100%| O|  |TAMS 0x0000000082600000| PB 0x0000000082600000| Untracked 
|   9|0x0000000082700000, 0x0000000082800000, 0x0000000082800000|100%| O|  |TAMS 0x0000000082700000| PB 0x0000000082700000| Untracked 
|  10|0x0000000082800000, 0x0000000082900000, 0x0000000082900000|100%| O|  |TAMS 0x0000000082800000| PB 0x0000000082800000| Complete 
|  11|0x0000000082900000, 0x0000000082a00000, 0x0000000082a00000|100%| O|  |TAMS 0x0000000082900000| PB 0x0000000082900000| Untracked 
|  12|0x0000000082a00000, 0x0000000082b00000, 0x0000000082b00000|100%| O|  |TAMS 0x0000000082a00000| PB 0x0000000082a00000| Untracked 
|  13|0x0000000082b00000, 0x0000000082c00000, 0x0000000082c00000|100%| O|  |TAMS 0x0000000082b00000| PB 0x0000000082b00000| Untracked 
|  14|0x0000000082c00000, 0x0000000082d00000, 0x0000000082d00000|100%| O|  |TAMS 0x0000000082c00000| PB 0x0000000082c00000| Untracked 
|  15|0x0000000082d00000, 0x0000000082e00000, 0x0000000082e00000|100%| O|  |TAMS 0x0000000082d00000| PB 0x0000000082d00000| Untracked 
|  16|0x0000000082e00000, 0x0000000082f00000, 0x0000000082f00000|100%| O|  |TAMS 0x0000000082e00000| PB 0x0000000082e00000| Untracked 
|  17|0x0000000082f00000, 0x0000000083000000, 0x0000000083000000|100%| O|  |TAMS 0x0000000082f00000| PB 0x0000000082f00000| Untracked 
|  18|0x0000000083000000, 0x0000000083100000, 0x0000000083100000|100%| O|  |TAMS 0x0000000083000000| PB 0x0000000083000000| Untracked 
|  19|0x0000000083100000, 0x0000000083200000, 0x0000000083200000|100%| O|  |TAMS 0x0000000083100000| PB 0x0000000083100000| Untracked 
|  20|0x0000000083200000, 0x0000000083300000, 0x0000000083300000|100%| O|  |TAMS 0x0000000083200000| PB 0x0000000083200000| Untracked 
|  21|0x0000000083300000, 0x0000000083400000, 0x0000000083400000|100%| O|  |TAMS 0x0000000083300000| PB 0x0000000083300000| Untracked 
|  22|0x0000000083400000, 0x0000000083500000, 0x0000000083500000|100%| O|  |TAMS 0x0000000083400000| PB 0x0000000083400000| Untracked 
|  23|0x0000000083500000, 0x0000000083600000, 0x0000000083600000|100%| O|  |TAMS 0x0000000083500000| PB 0x0000000083500000| Untracked 
|  24|0x0000000083600000, 0x0000000083700000, 0x0000000083700000|100%| O|  |TAMS 0x0000000083600000| PB 0x0000000083600000| Untracked 
|  25|0x0000000083700000, 0x0000000083800000, 0x0000000083800000|100%| O|  |TAMS 0x0000000083700000| PB 0x0000000083700000| Untracked 
|  26|0x0000000083800000, 0x0000000083900000, 0x0000000083900000|100%| O|  |TAMS 0x0000000083800000| PB 0x0000000083800000| Untracked 
|  27|0x0000000083900000, 0x0000000083a00000, 0x0000000083a00000|100%| O|  |TAMS 0x0000000083900000| PB 0x0000000083900000| Untracked 
|  28|0x0000000083a00000, 0x0000000083b00000, 0x0000000083b00000|100%| O|  |TAMS 0x0000000083a00000| PB 0x0000000083a00000| Untracked 
|  29|0x0000000083b00000, 0x0000000083c00000, 0x0000000083c00000|100%| O|  |TAMS 0x0000000083b00000| PB 0x0000000083b00000| Complete 
|  30|0x0000000083c00000, 0x0000000083c00000, 0x0000000083d00000|  0%| F|  |TAMS 0x0000000083c00000| PB 0x0000000083c00000| Untracked 
|  31|0x0000000083d00000, 0x0000000083e00000, 0x0000000083e00000|100%| O|  |TAMS 0x0000000083d00000| PB 0x0000000083d00000| Untracked 
|  32|0x0000000083e00000, 0x0000000083f00000, 0x0000000083f00000|100%| O|  |TAMS 0x0000000083e00000| PB 0x0000000083e00000| Untracked 
|  33|0x0000000083f00000, 0x0000000084000000, 0x0000000084000000|100%| O|  |TAMS 0x0000000083f00000| PB 0x0000000083f00000| Untracked 
|  34|0x0000000084000000, 0x0000000084100000, 0x0000000084100000|100%| O|  |TAMS 0x0000000084000000| PB 0x0000000084000000| Untracked 
|  35|0x0000000084100000, 0x0000000084200000, 0x0000000084200000|100%| O|  |TAMS 0x0000000084100000| PB 0x0000000084100000| Untracked 
|  36|0x0000000084200000, 0x0000000084200000, 0x0000000084300000|  0%| F|  |TAMS 0x0000000084200000| PB 0x0000000084200000| Untracked 
|  37|0x0000000084300000, 0x00000000843b0200, 0x0000000084400000| 68%| O|  |TAMS 0x0000000084300000| PB 0x0000000084300000| Untracked 
|  38|0x0000000084400000, 0x0000000084400000, 0x0000000084500000|  0%| F|  |TAMS 0x0000000084400000| PB 0x0000000084400000| Untracked 
|  39|0x0000000084500000, 0x0000000084500000, 0x0000000084600000|  0%| F|  |TAMS 0x0000000084500000| PB 0x0000000084500000| Untracked 
|  40|0x0000000084600000, 0x0000000084652b90, 0x0000000084700000| 32%| S|CS|TAMS 0x0000000084600000| PB 0x0000000084600000| Complete 
|  41|0x0000000084700000, 0x0000000084800000, 0x0000000084800000|100%| S|CS|TAMS 0x0000000084700000| PB 0x0000000084700000| Complete 
|  42|0x0000000084800000, 0x0000000084900000, 0x0000000084900000|100%| S|CS|TAMS 0x0000000084800000| PB 0x0000000084800000| Complete 
|  43|0x0000000084900000, 0x0000000084900000, 0x0000000084a00000|  0%| F|  |TAMS 0x0000000084900000| PB 0x0000000084900000| Untracked 
|  44|0x0000000084a00000, 0x0000000084a00000, 0x0000000084b00000|  0%| F|  |TAMS 0x0000000084a00000| PB 0x0000000084a00000| Untracked 
|  45|0x0000000084b00000, 0x0000000084b00000, 0x0000000084c00000|  0%| F|  |TAMS 0x0000000084b00000| PB 0x0000000084b00000| Untracked 
|  46|0x0000000084c00000, 0x0000000084c00000, 0x0000000084d00000|  0%| F|  |TAMS 0x0000000084c00000| PB 0x0000000084c00000| Untracked 
|  47|0x0000000084d00000, 0x0000000084d758c0, 0x0000000084e00000| 45%| E|  |TAMS 0x0000000084d00000| PB 0x0000000084d00000| Complete 
|  48|0x0000000084e00000, 0x0000000084f00000, 0x0000000084f00000|100%| E|CS|TAMS 0x0000000084e00000| PB 0x0000000084e00000| Complete 
|  49|0x0000000084f00000, 0x0000000085000000, 0x0000000085000000|100%| E|CS|TAMS 0x0000000084f00000| PB 0x0000000084f00000| Complete 
|  50|0x0000000085000000, 0x0000000085100000, 0x0000000085100000|100%| E|CS|TAMS 0x0000000085000000| PB 0x0000000085000000| Complete 
|  51|0x0000000085100000, 0x0000000085200000, 0x0000000085200000|100%| E|CS|TAMS 0x0000000085100000| PB 0x0000000085100000| Complete 
|  52|0x0000000085200000, 0x0000000085300000, 0x0000000085300000|100%| E|CS|TAMS 0x0000000085200000| PB 0x0000000085200000| Complete 
|  53|0x0000000085300000, 0x0000000085400000, 0x0000000085400000|100%| E|CS|TAMS 0x0000000085300000| PB 0x0000000085300000| Complete 
|  54|0x0000000085400000, 0x0000000085500000, 0x0000000085500000|100%| E|CS|TAMS 0x0000000085400000| PB 0x0000000085400000| Complete 
|  55|0x0000000085500000, 0x0000000085600000, 0x0000000085600000|100%| E|CS|TAMS 0x0000000085500000| PB 0x0000000085500000| Complete 
|  56|0x0000000085600000, 0x0000000085700000, 0x0000000085700000|100%| E|CS|TAMS 0x0000000085600000| PB 0x0000000085600000| Complete 
|  57|0x0000000085700000, 0x0000000085800000, 0x0000000085800000|100%| E|CS|TAMS 0x0000000085700000| PB 0x0000000085700000| Complete 
|  58|0x0000000085800000, 0x0000000085900000, 0x0000000085900000|100%| E|CS|TAMS 0x0000000085800000| PB 0x0000000085800000| Complete 
|  59|0x0000000085900000, 0x0000000085a00000, 0x0000000085a00000|100%| E|CS|TAMS 0x0000000085900000| PB 0x0000000085900000| Complete 
|  60|0x0000000085a00000, 0x0000000085b00000, 0x0000000085b00000|100%| E|  |TAMS 0x0000000085a00000| PB 0x0000000085a00000| Complete 
|  61|0x0000000085b00000, 0x0000000085c00000, 0x0000000085c00000|100%| E|CS|TAMS 0x0000000085b00000| PB 0x0000000085b00000| Complete 
|  72|0x0000000086600000, 0x0000000086700000, 0x0000000086700000|100%| E|CS|TAMS 0x0000000086600000| PB 0x0000000086600000| Complete 
|  73|0x0000000086700000, 0x0000000086800000, 0x0000000086800000|100%| E|CS|TAMS 0x0000000086700000| PB 0x0000000086700000| Complete 
|  74|0x0000000086800000, 0x0000000086900000, 0x0000000086900000|100%| E|CS|TAMS 0x0000000086800000| PB 0x0000000086800000| Complete 
|  75|0x0000000086900000, 0x0000000086a00000, 0x0000000086a00000|100%| E|CS|TAMS 0x0000000086900000| PB 0x0000000086900000| Complete 
|  76|0x0000000086a00000, 0x0000000086b00000, 0x0000000086b00000|100%| E|CS|TAMS 0x0000000086a00000| PB 0x0000000086a00000| Complete 
|  77|0x0000000086b00000, 0x0000000086c00000, 0x0000000086c00000|100%| E|CS|TAMS 0x0000000086b00000| PB 0x0000000086b00000| Complete 
|  78|0x0000000086c00000, 0x0000000086d00000, 0x0000000086d00000|100%| E|CS|TAMS 0x0000000086c00000| PB 0x0000000086c00000| Complete 

Card table byte_map: [0x000002319f0c0000,0x000002319f4c0000] _byte_map_base: 0x000002319ecb1000

Marking Bits: (CMBitMap*) 0x0000023187c5c900
 Bits: [0x000002319f8c0000, 0x00000231a1848000)

Polling page: 0x0000023185b10000

Metaspace:

Usage:
  Non-class:     69.21 MB used.
      Class:     10.56 MB used.
       Both:     79.77 MB used.

Virtual space:
  Non-class space:      128.00 MB reserved,      69.62 MB ( 54%) committed,  2 nodes.
      Class space:        1.00 GB reserved,      10.88 MB (  1%) committed,  1 nodes.
             Both:        1.12 GB reserved,      80.50 MB (  7%) committed. 

Chunk freelists:
   Non-Class:  2.23 MB
       Class:  1.09 MB
        Both:  3.32 MB

MaxMetaspaceSize: unlimited
CompressedClassSpaceSize: 1.00 GB
Initial GC threshold: 21.00 MB
Current GC threshold: 132.81 MB
CDS: on
MetaspaceReclaimPolicy: balanced
 - commit_granule_bytes: 65536.
 - commit_granule_words: 8192.
 - virtual_space_node_default_size: 8388608.
 - enlarge_chunks_in_place: 1.
 - new_chunks_are_fully_committed: 0.
 - uncommit_free_chunks: 1.
 - use_allocation_guard: 0.


Internal statistics:

num_allocs_failed_limit: 6.
num_arena_births: 1094.
num_arena_deaths: 0.
num_vsnodes_births: 3.
num_vsnodes_deaths: 0.
num_space_committed: 1288.
num_space_uncommitted: 0.
num_chunks_returned_to_freelist: 6.
num_chunks_taken_from_freelist: 3954.
num_chunk_merges: 6.
num_chunk_splits: 2864.
num_chunks_enlarged: 2291.
num_inconsistent_stats: 0.

CodeHeap 'non-profiled nmethods': size=120000Kb used=4734Kb max_used=4734Kb free=115265Kb
 bounds [0x0000023197790000, 0x0000023197c30000, 0x000002319ecc0000]
CodeHeap 'profiled nmethods': size=120000Kb used=17958Kb max_used=17958Kb free=102041Kb
 bounds [0x000002318fcc0000, 0x0000023190e50000, 0x00000231971f0000]
CodeHeap 'non-nmethods': size=5760Kb used=1783Kb max_used=1812Kb free=3976Kb
 bounds [0x00000231971f0000, 0x0000023197460000, 0x0000023197790000]
 total_blobs=10099 nmethods=9356 adapters=652
 compilation: enabled
              stopped_count=0, restarted_count=0
 full_count=0

Compilation events (20 events):
Event: 219.697 Thread 0x00000231a3d3e050 10602       1       com.exam.model.exam.Quiz::isAttempted (5 bytes)
Event: 219.697 Thread 0x00000231a3d3e050 nmethod 10602 0x0000023197c2f290 code [0x0000023197c2f400, 0x0000023197c2f4d0]
Event: 219.698 Thread 0x00000231a3d3e050 10603       1       com.exam.model.exam.Quiz::getQuizpassword (5 bytes)
Event: 219.698 Thread 0x00000231a3d3e050 nmethod 10603 0x0000023197c2f590 code [0x0000023197c2f700, 0x0000023197c2f7c8]
Event: 219.698 Thread 0x00000231a3d3e050 10604       1       com.exam.model.exam.Quiz::getCategory (5 bytes)
Event: 219.698 Thread 0x00000231a3d3e050 nmethod 10604 0x0000023197c2f890 code [0x0000023197c2fa00, 0x0000023197c2fac8]
Event: 219.698 Thread 0x00000231a3d3e050 10605       3       com.fasterxml.jackson.databind.ser.BeanSerializer::serialize (55 bytes)
Event: 219.699 Thread 0x00000231a3d3e050 nmethod 10605 0x0000023190e42310 code [0x0000023190e42500, 0x0000023190e42bf0]
Event: 219.799 Thread 0x00000231a3d3e050 10606   !   3       sun.nio.cs.StreamDecoder::close (63 bytes)
Event: 219.801 Thread 0x00000231a3d3e050 nmethod 10606 0x0000023190e42e10 code [0x0000023190e43100, 0x0000023190e44550]
Event: 219.802 Thread 0x00000231a3d3e050 10607       3       io.jsonwebtoken.lang.Assert::isTrue (14 bytes)
Event: 219.802 Thread 0x00000231a3d3e050 nmethod 10607 0x0000023190e44c90 code [0x0000023190e44e20, 0x0000023190e45000]
Event: 219.803 Thread 0x00000231a3d3e050 10608       3       org.springframework.aop.framework.ReflectiveMethodInvocation::<init> (50 bytes)
Event: 219.803 Thread 0x00000231a3d3e050 nmethod 10608 0x0000023190e45110 code [0x0000023190e452c0, 0x0000023190e456d8]
Event: 219.805 Thread 0x00000231a3d3e050 10610       3       java.util.LinkedHashMap$LinkedValues::size (8 bytes)
Event: 219.805 Thread 0x00000231a3d3e050 nmethod 10610 0x0000023190e45810 code [0x0000023190e459a0, 0x0000023190e45ab8]
Event: 219.809 Thread 0x00000231a3d3e050 10611       3       org.hibernate.engine.spi.LoadQueryInfluencers::<init> (26 bytes)
Event: 219.810 Thread 0x00000231a3d3e050 nmethod 10611 0x0000023190e45b90 code [0x0000023190e45d40, 0x0000023190e46138]
Event: 219.810 Thread 0x00000231a3d3e050 10612       3       org.hibernate.engine.spi.EffectiveEntityGraph::<init> (6 bytes)
Event: 219.810 Thread 0x00000231a3d3e050 nmethod 10612 0x0000023190e46290 code [0x0000023190e46420, 0x0000023190e465f0]

GC Heap History (20 events):
Event: 51.138 GC heap before
{Heap before GC invocations=16 (full 0):
 garbage-first heap   total 51200K, used 43631K [0x0000000081e00000, 0x0000000100000000)
  region size 1024K, 19 young (19456K), 3 survivors (3072K)
 Metaspace       used 62343K, committed 62912K, reserved 1114112K
  class space    used 8325K, committed 8576K, reserved 1048576K
}
Event: 51.152 GC heap after
{Heap after GC invocations=17 (full 0):
 garbage-first heap   total 51200K, used 29420K [0x0000000081e00000, 0x0000000100000000)
  region size 1024K, 3 young (3072K), 3 survivors (3072K)
 Metaspace       used 62343K, committed 62912K, reserved 1114112K
  class space    used 8325K, committed 8576K, reserved 1048576K
}
Event: 51.781 GC heap before
{Heap before GC invocations=18 (full 0):
 garbage-first heap   total 53248K, used 41708K [0x0000000081e00000, 0x0000000100000000)
  region size 1024K, 16 young (16384K), 3 survivors (3072K)
 Metaspace       used 64599K, committed 65216K, reserved 1114112K
  class space    used 8664K, committed 8896K, reserved 1048576K
}
Event: 51.793 GC heap after
{Heap after GC invocations=19 (full 0):
 garbage-first heap   total 53248K, used 30105K [0x0000000081e00000, 0x0000000100000000)
  region size 1024K, 2 young (2048K), 2 survivors (2048K)
 Metaspace       used 64599K, committed 65216K, reserved 1114112K
  class space    used 8664K, committed 8896K, reserved 1048576K
}
Event: 52.172 GC heap before
{Heap before GC invocations=19 (full 0):
 garbage-first heap   total 53248K, used 46489K [0x0000000081e00000, 0x0000000100000000)
  region size 1024K, 18 young (18432K), 2 survivors (2048K)
 Metaspace       used 65430K, committed 66048K, reserved 1114112K
  class space    used 8842K, committed 9088K, reserved 1048576K
}
Event: 52.187 GC heap after
{Heap after GC invocations=20 (full 0):
 garbage-first heap   total 53248K, used 31928K [0x0000000081e00000, 0x0000000100000000)
  region size 1024K, 3 young (3072K), 3 survivors (3072K)
 Metaspace       used 65430K, committed 66048K, reserved 1114112K
  class space    used 8842K, committed 9088K, reserved 1048576K
}
Event: 52.944 GC heap before
{Heap before GC invocations=20 (full 0):
 garbage-first heap   total 53248K, used 44216K [0x0000000081e00000, 0x0000000100000000)
  region size 1024K, 16 young (16384K), 3 survivors (3072K)
 Metaspace       used 66844K, committed 67392K, reserved 1114112K
  class space    used 9028K, committed 9280K, reserved 1048576K
}
Event: 52.950 GC heap after
{Heap after GC invocations=21 (full 0):
 garbage-first heap   total 53248K, used 32123K [0x0000000081e00000, 0x0000000100000000)
  region size 1024K, 2 young (2048K), 2 survivors (2048K)
 Metaspace       used 66844K, committed 67392K, reserved 1114112K
  class space    used 9028K, committed 9280K, reserved 1048576K
}
Event: 53.401 GC heap before
{Heap before GC invocations=22 (full 0):
 garbage-first heap   total 58368K, used 45435K [0x0000000081e00000, 0x0000000100000000)
  region size 1024K, 15 young (15360K), 2 survivors (2048K)
 Metaspace       used 67333K, committed 67904K, reserved 1114112K
  class space    used 9097K, committed 9344K, reserved 1048576K
}
Event: 53.405 GC heap after
{Heap after GC invocations=23 (full 0):
 garbage-first heap   total 58368K, used 32591K [0x0000000081e00000, 0x0000000100000000)
  region size 1024K, 2 young (2048K), 2 survivors (2048K)
 Metaspace       used 67333K, committed 67904K, reserved 1114112K
  class space    used 9097K, committed 9344K, reserved 1048576K
}
Event: 53.710 GC heap before
{Heap before GC invocations=23 (full 0):
 garbage-first heap   total 58368K, used 51023K [0x0000000081e00000, 0x0000000100000000)
  region size 1024K, 20 young (20480K), 2 survivors (2048K)
 Metaspace       used 67756K, committed 68352K, reserved 1114112K
  class space    used 9130K, committed 9408K, reserved 1048576K
}
Event: 53.716 GC heap after
{Heap after GC invocations=24 (full 0):
 garbage-first heap   total 70656K, used 32946K [0x0000000081e00000, 0x0000000100000000)
  region size 1024K, 3 young (3072K), 3 survivors (3072K)
 Metaspace       used 67756K, committed 68352K, reserved 1114112K
  class space    used 9130K, committed 9408K, reserved 1048576K
}
Event: 54.862 GC heap before
{Heap before GC invocations=24 (full 0):
 garbage-first heap   total 70656K, used 62642K [0x0000000081e00000, 0x0000000100000000)
  region size 1024K, 32 young (32768K), 3 survivors (3072K)
 Metaspace       used 70413K, committed 71168K, reserved 1114112K
  class space    used 9510K, committed 9856K, reserved 1048576K
}
Event: 54.870 GC heap after
{Heap after GC invocations=25 (full 0):
 garbage-first heap   total 70656K, used 34854K [0x0000000081e00000, 0x0000000100000000)
  region size 1024K, 4 young (4096K), 4 survivors (4096K)
 Metaspace       used 70413K, committed 71168K, reserved 1114112K
  class space    used 9510K, committed 9856K, reserved 1048576K
}
Event: 66.003 GC heap before
{Heap before GC invocations=26 (full 0):
 garbage-first heap   total 70656K, used 61478K [0x0000000081e00000, 0x0000000100000000)
  region size 1024K, 30 young (30720K), 4 survivors (4096K)
 Metaspace       used 74300K, committed 74944K, reserved 1114112K
  class space    used 10035K, committed 10304K, reserved 1048576K
}
Event: 66.014 GC heap after
{Heap after GC invocations=27 (full 0):
 garbage-first heap   total 70656K, used 36782K [0x0000000081e00000, 0x0000000100000000)
  region size 1024K, 4 young (4096K), 4 survivors (4096K)
 Metaspace       used 74300K, committed 74944K, reserved 1114112K
  class space    used 10035K, committed 10304K, reserved 1048576K
}
Event: 83.888 GC heap before
{Heap before GC invocations=27 (full 0):
 garbage-first heap   total 70656K, used 61358K [0x0000000081e00000, 0x0000000100000000)
  region size 1024K, 29 young (29696K), 4 survivors (4096K)
 Metaspace       used 79737K, committed 80384K, reserved 1179648K
  class space    used 10744K, committed 11008K, reserved 1048576K
}
Event: 83.903 GC heap after
{Heap after GC invocations=28 (full 0):
 garbage-first heap   total 70656K, used 38506K [0x0000000081e00000, 0x0000000100000000)
  region size 1024K, 2 young (2048K), 2 survivors (2048K)
 Metaspace       used 79737K, committed 80384K, reserved 1179648K
  class space    used 10744K, committed 11008K, reserved 1048576K
}
Event: 143.305 GC heap before
{Heap before GC invocations=28 (full 0):
 garbage-first heap   total 70656K, used 63082K [0x0000000081e00000, 0x0000000100000000)
  region size 1024K, 27 young (27648K), 2 survivors (2048K)
 Metaspace       used 80849K, committed 81536K, reserved 1179648K
  class space    used 10778K, committed 11072K, reserved 1048576K
}
Event: 143.311 GC heap after
{Heap after GC invocations=29 (full 0):
 garbage-first heap   total 70656K, used 38902K [0x0000000081e00000, 0x0000000100000000)
  region size 1024K, 3 young (3072K), 3 survivors (3072K)
 Metaspace       used 80849K, committed 81536K, reserved 1179648K
  class space    used 10778K, committed 11072K, reserved 1048576K
}

Dll operation events (14 events):
Event: 0.035 Loaded shared library C:\Program Files\Java\jdk-20\bin\java.dll
Event: 0.077 Loaded shared library C:\Program Files\Java\jdk-20\bin\jsvml.dll
Event: 0.644 Loaded shared library C:\Program Files\Java\jdk-20\bin\zip.dll
Event: 0.652 Loaded shared library C:\Program Files\Java\jdk-20\bin\instrument.dll
Event: 0.666 Loaded shared library C:\Program Files\Java\jdk-20\bin\net.dll
Event: 0.669 Loaded shared library C:\Program Files\Java\jdk-20\bin\nio.dll
Event: 0.676 Loaded shared library C:\Program Files\Java\jdk-20\bin\zip.dll
Event: 1.184 Loaded shared library C:\Program Files\JetBrains\IntelliJ IDEA Community Edition 2023.1.2\bin\breakgen64.dll
Event: 1.263 Loaded shared library C:\Program Files\Java\jdk-20\bin\extnet.dll
Event: 1.853 Loaded shared library C:\Program Files\Java\jdk-20\bin\jimage.dll
Event: 11.072 Loaded shared library C:\Program Files\Java\jdk-20\bin\verify.dll
Event: 37.884 Loaded shared library C:\Program Files\Java\jdk-20\bin\sunmscapi.dll
Event: 37.921 Loaded shared library C:\Program Files\Java\jdk-20\bin\management.dll
Event: 37.927 Loaded shared library C:\Program Files\Java\jdk-20\bin\management_ext.dll

Deoptimization events (20 events):
Event: 143.757 Thread 0x00000231ec66caa0 DEOPT PACKING pc=0x0000023190afc5f3 sp=0x00000080ca8f9d00
Event: 143.757 Thread 0x00000231ec66caa0 DEOPT UNPACKING pc=0x000002319725a4c2 sp=0x00000080ca8f9198 mode 0
Event: 176.390 Thread 0x00000231ec666060 DEOPT PACKING pc=0x000002318fd40f7e sp=0x00000080cabfbf50
Event: 176.390 Thread 0x00000231ec666060 DEOPT UNPACKING pc=0x000002319725a4c2 sp=0x00000080cabfb4d0 mode 0
Event: 185.146 Thread 0x00000231ec66bab0 Uncommon trap: trap_request=0xffffffde fr.pc=0x0000023197ab2374 relative=0x0000000000000874
Event: 185.146 Thread 0x00000231ec66bab0 Uncommon trap: reason=class_check action=maybe_recompile pc=0x0000023197ab2374 method=org.hibernate.metamodel.mapping.internal.MappingModelCreationHelper$1.<init>(Lorg/hibernate/mapping/BasicValue$Resolution;Lorg/hibernate/mapping/Value;Lorg/hibernate/map
Event: 185.146 Thread 0x00000231ec66bab0 DEOPT PACKING pc=0x0000023197ab2374 sp=0x00000080cadf8f50
Event: 185.146 Thread 0x00000231ec66bab0 DEOPT UNPACKING pc=0x0000023197259d22 sp=0x00000080cadf8ef8 mode 2
Event: 185.161 Thread 0x00000231ec66bab0 Uncommon trap: trap_request=0xffffffde fr.pc=0x0000023197ab2374 relative=0x0000000000000874
Event: 185.161 Thread 0x00000231ec66bab0 Uncommon trap: reason=class_check action=maybe_recompile pc=0x0000023197ab2374 method=org.hibernate.metamodel.mapping.internal.MappingModelCreationHelper$1.<init>(Lorg/hibernate/mapping/BasicValue$Resolution;Lorg/hibernate/mapping/Value;Lorg/hibernate/map
Event: 185.161 Thread 0x00000231ec66bab0 DEOPT PACKING pc=0x0000023197ab2374 sp=0x00000080cadf8f50
Event: 185.161 Thread 0x00000231ec66bab0 DEOPT UNPACKING pc=0x0000023197259d22 sp=0x00000080cadf8ef8 mode 2
Event: 185.162 Thread 0x00000231ec66bab0 Uncommon trap: trap_request=0xffffffde fr.pc=0x0000023197ab2374 relative=0x0000000000000874
Event: 185.162 Thread 0x00000231ec66bab0 Uncommon trap: reason=class_check action=maybe_recompile pc=0x0000023197ab2374 method=org.hibernate.metamodel.mapping.internal.MappingModelCreationHelper$1.<init>(Lorg/hibernate/mapping/BasicValue$Resolution;Lorg/hibernate/mapping/Value;Lorg/hibernate/map
Event: 185.162 Thread 0x00000231ec66bab0 DEOPT PACKING pc=0x0000023197ab2374 sp=0x00000080cadf8f50
Event: 185.162 Thread 0x00000231ec66bab0 DEOPT UNPACKING pc=0x0000023197259d22 sp=0x00000080cadf8ef8 mode 2
Event: 185.162 Thread 0x00000231ec66bab0 Uncommon trap: trap_request=0xffffffde fr.pc=0x0000023197ab2374 relative=0x0000000000000874
Event: 185.162 Thread 0x00000231ec66bab0 Uncommon trap: reason=class_check action=maybe_recompile pc=0x0000023197ab2374 method=org.hibernate.metamodel.mapping.internal.MappingModelCreationHelper$1.<init>(Lorg/hibernate/mapping/BasicValue$Resolution;Lorg/hibernate/mapping/Value;Lorg/hibernate/map
Event: 185.162 Thread 0x00000231ec66bab0 DEOPT PACKING pc=0x0000023197ab2374 sp=0x00000080cadf8f50
Event: 185.163 Thread 0x00000231ec66bab0 DEOPT UNPACKING pc=0x0000023197259d22 sp=0x00000080cadf8ef8 mode 2

Classes loaded (20 events):
Event: 67.632 Loading class com/sun/crypto/provider/HmacCore$HmacSHA256
Event: 67.633 Loading class com/sun/crypto/provider/HmacCore$HmacSHA256 done
Event: 67.856 Loading class java/util/AbstractMap$SimpleEntry
Event: 67.856 Loading class java/util/AbstractMap$SimpleEntry done
Event: 68.022 Loading class jdk/internal/reflect/MethodHandleBooleanFieldAccessorImpl
Event: 68.023 Loading class jdk/internal/reflect/MethodHandleBooleanFieldAccessorImpl done
Event: 68.328 Loading class java/util/stream/LongStream
Event: 68.329 Loading class java/util/stream/LongStream done
Event: 68.329 Loading class java/util/stream/DoubleStream
Event: 68.330 Loading class java/util/stream/DoubleStream done
Event: 68.363 Loading class org/w3c/dom/Node
Event: 68.364 Loading class org/w3c/dom/Node done
Event: 68.364 Loading class org/w3c/dom/Document
Event: 68.364 Loading class org/w3c/dom/Document done
Event: 98.822 Loading class java/util/ArrayList$SubList$2
Event: 98.822 Loading class java/util/ArrayList$SubList$2 done
Event: 98.892 Loading class java/util/concurrent/locks/ReentrantReadWriteLock$Sync$HoldCounter
Event: 98.893 Loading class java/util/concurrent/locks/ReentrantReadWriteLock$Sync$HoldCounter done
Event: 219.817 Loading class java/util/zip/DataFormatException
Event: 219.818 Loading class java/util/zip/DataFormatException done

Classes unloaded (0 events):
No events

Classes redefined (0 events):
No events

Internal exceptions (20 events):
Event: 53.152 Thread 0x0000023187bfe0a0 Implicit null exception at 0x0000023197860728 to 0x00000231978607de
Event: 53.894 Thread 0x0000023187bfe0a0 Exception <a 'java/lang/NoSuchMethodError'{0x0000000085a5e5f0}: 'void java.lang.invoke.DirectMethodHandle$Holder.invokeStatic(java.lang.Object, java.lang.Object, int)'> (0x0000000085a5e5f0) 
thrown [s\open\src\hotspot\share\interpreter\linkResolver.cpp, line 773]
Event: 53.929 Thread 0x0000023187bfe0a0 Exception <a 'java/lang/NoSuchMethodError'{0x0000000085afe898}: 'java.lang.Object java.lang.invoke.DirectMethodHandle$Holder.newInvokeSpecial(java.lang.Object, java.lang.Object, java.lang.Object, java.lang.Object, java.lang.Object, java.lang.Object, java.lang.Object, java.lang.Object)'> (0x0000000085afe898) 
thrown [s\open\src\hotspot\share\interpreter\linkResolver.cpp, line 773]
Event: 54.675 Thread 0x0000023187bfe0a0 Exception <a 'java/lang/IncompatibleClassChangeError'{0x0000000084ccdba8}: Found class java.lang.Object, but interface was expected> (0x0000000084ccdba8) 
thrown [s\open\src\hotspot\share\interpreter\linkResolver.cpp, line 840]
Event: 54.829 Thread 0x0000023187bfe0a0 Implicit null exception at 0x00000231978e4c48 to 0x00000231978e4e28
Event: 55.097 Thread 0x0000023187bfe0a0 Exception <a 'java/lang/NoSuchMethodError'{0x0000000086702180}: 'java.lang.Object java.lang.invoke.DirectMethodHandle$Holder.invokeInterface(java.lang.Object, java.lang.Object, java.lang.Object, java.lang.Object)'> (0x0000000086702180) 
thrown [s\open\src\hotspot\share\interpreter\linkResolver.cpp, line 773]
Event: 55.259 Thread 0x0000023187bfe0a0 Exception <a 'java/lang/NoSuchMethodError'{0x0000000085b981d8}: 'void java.lang.invoke.DirectMethodHandle$Holder.invokeVirtual(java.lang.Object, java.lang.Object, long)'> (0x0000000085b981d8) 
thrown [s\open\src\hotspot\share\interpreter\linkResolver.cpp, line 773]
Event: 55.427 Thread 0x0000023187bfe0a0 Exception <a 'java/lang/NoSuchMethodError'{0x00000000858b55e0}: 'int java.lang.invoke.DirectMethodHandle$Holder.invokeStaticInit(java.lang.Object, java.lang.Object, java.lang.Object, java.lang.Object)'> (0x00000000858b55e0) 
thrown [s\open\src\hotspot\share\interpreter\linkResolver.cpp, line 773]
Event: 55.952 Thread 0x0000023187bfe0a0 Exception <a 'java/lang/NoSuchMethodError'{0x0000000084d746d0}: 'java.lang.Object java.lang.invoke.DirectMethodHandle$Holder.newInvokeSpecial(java.lang.Object, java.lang.Object, int, java.lang.Object, java.lang.Object)'> (0x0000000084d746d0) 
thrown [s\open\src\hotspot\share\interpreter\linkResolver.cpp, line 773]
Event: 55.953 Thread 0x0000023187bfe0a0 Exception <a 'java/lang/NoSuchMethodError'{0x0000000084d7f298}: 'java.lang.Object java.lang.invoke.DirectMethodHandle$Holder.invokeSpecial(java.lang.Object, java.lang.Object, int, java.lang.Object, int, java.lang.Object)'> (0x0000000084d7f298) 
thrown [s\open\src\hotspot\share\interpreter\linkResolver.cpp, line 773]
Event: 55.954 Thread 0x0000023187bfe0a0 Exception <a 'java/lang/NoSuchMethodError'{0x0000000084d86f70}: 'java.lang.Object java.lang.invoke.DirectMethodHandle$Holder.newInvokeSpecial(java.lang.Object, java.lang.Object, int, java.lang.Object, int)'> (0x0000000084d86f70) 
thrown [s\open\src\hotspot\share\interpreter\linkResolver.cpp, line 773]
Event: 55.955 Thread 0x0000023187bfe0a0 Exception <a 'java/lang/NoSuchMethodError'{0x0000000084d8ade0}: 'java.lang.Object java.lang.invoke.DirectMethodHandle$Holder.invokeSpecial(java.lang.Object, java.lang.Object, java.lang.Object, int, java.lang.Object, int)'> (0x0000000084d8ade0) 
thrown [s\open\src\hotspot\share\interpreter\linkResolver.cpp, line 773]
Event: 65.890 Thread 0x00000231e9f6d5b0 Exception <a 'java/lang/NoSuchMethodError'{0x00000000849c4af8}: 'java.lang.Object java.lang.invoke.DirectMethodHandle$Holder.invokeSpecial(java.lang.Object, java.lang.Object, java.lang.Object, java.lang.Object, java.lang.Object, long)'> (0x00000000849c4af8) 
thrown [s\open\src\hotspot\share\interpreter\linkResolver.cpp, line 773]
Event: 65.894 Thread 0x00000231e9f6d5b0 Exception <a 'java/lang/NoSuchMethodError'{0x00000000849c82b8}: 'java.lang.Object java.lang.invoke.Invokers$Holder.linkToTargetMethod(java.lang.Object, java.lang.Object, java.lang.Object, long, java.lang.Object)'> (0x00000000849c82b8) 
thrown [s\open\src\hotspot\share\interpreter\linkResolver.cpp, line 773]
Event: 67.945 Thread 0x00000231ec66a570 Exception <a 'java/lang/IncompatibleClassChangeError'{0x00000000857a7498}: Found class java.lang.Object, but interface was expected> (0x00000000857a7498) 
thrown [s\open\src\hotspot\share\interpreter\linkResolver.cpp, line 840]
Event: 68.023 Thread 0x00000231ec66a570 Exception <a 'java/lang/NoSuchMethodError'{0x00000000856de618}: 'void java.lang.invoke.Invokers$Holder.invokeExact_MT(java.lang.Object, java.lang.Object, int, java.lang.Object)'> (0x00000000856de618) 
thrown [s\open\src\hotspot\share\interpreter\linkResolver.cpp, line 773]
Event: 82.060 Thread 0x00000231ec666060 Exception <a 'java/lang/NoSuchMethodError'{0x0000000084d4b7d8}: 'int java.lang.invoke.Invokers$Holder.invokeExact_MT(java.lang.Object, java.lang.Object, java.lang.Object)'> (0x0000000084d4b7d8) 
thrown [s\open\src\hotspot\share\interpreter\linkResolver.cpp, line 773]
Event: 93.664 Thread 0x00000231ec66a570 Exception <a 'java/lang/NoSuchMethodError'{0x00000000868aac68}: 'java.lang.Object java.lang.invoke.DirectMethodHandle$Holder.invokeInterface(java.lang.Object, java.lang.Object, java.lang.Object, java.lang.Object, java.lang.Object)'> (0x00000000868aac68) 
thrown [s\open\src\hotspot\share\interpreter\linkResolver.cpp, line 773]
Event: 98.800 Thread 0x00000231ec669030 Exception <a 'java/lang/NoSuchMethodError'{0x000000008671e2f0}: 'java.lang.Object java.lang.invoke.DirectMethodHandle$Holder.invokeStatic(java.lang.Object, int, int)'> (0x000000008671e2f0) 
thrown [s\open\src\hotspot\share\interpreter\linkResolver.cpp, line 773]
Event: 219.817 Thread 0x00000231ec66aac0 Exception <a 'java/lang/OutOfMemoryError'{0x0000000084d062e8}> (0x0000000084d062e8) 
thrown [s\open\src\hotspot\share\prims\jni.cpp, line 538]

VM Operations (20 events):
Event: 173.839 Executing VM operation: Cleanup
Event: 173.840 Executing VM operation: Cleanup done
Event: 176.861 Executing VM operation: Cleanup
Event: 176.862 Executing VM operation: Cleanup done
Event: 178.889 Executing VM operation: Cleanup
Event: 178.890 Executing VM operation: Cleanup done
Event: 180.534 Executing VM operation: HandshakeAllThreads
Event: 180.534 Executing VM operation: HandshakeAllThreads done
Event: 181.547 Executing VM operation: Cleanup
Event: 181.548 Executing VM operation: Cleanup done
Event: 185.137 Executing VM operation: HandshakeAllThreads
Event: 185.137 Executing VM operation: HandshakeAllThreads done
Event: 185.137 Executing VM operation: Cleanup
Event: 185.142 Executing VM operation: Cleanup done
Event: 185.151 Executing VM operation: HandshakeAllThreads
Event: 185.151 Executing VM operation: HandshakeAllThreads done
Event: 186.160 Executing VM operation: Cleanup
Event: 186.160 Executing VM operation: Cleanup done
Event: 219.498 Executing VM operation: Cleanup
Event: 219.498 Executing VM operation: Cleanup done

Events (20 events):
Event: 143.486 Thread 0x00000231a3d0daa0 flushing nmethod 0x000002318fd38790
Event: 143.486 Thread 0x00000231a3d0daa0 flushing nmethod 0x000002318fd13710
Event: 143.486 Thread 0x00000231a3d0daa0 flushing nmethod 0x000002318fd13210
Event: 143.486 Thread 0x00000231a3d0daa0 flushing nmethod 0x000002318fcc9f10
Event: 143.486 Thread 0x00000231a3d0daa0 flushing nmethod 0x0000023197aab910
Event: 143.486 Thread 0x00000231a3d0daa0 flushing nmethod 0x00000231979b6d90
Event: 143.486 Thread 0x00000231a3d0daa0 flushing nmethod 0x00000231979b1c10
Event: 143.486 Thread 0x00000231a3d0daa0 flushing nmethod 0x0000023197a02310
Event: 143.486 Thread 0x00000231a3d0daa0 flushing nmethod 0x0000023197991890
Event: 143.486 Thread 0x00000231a3d0daa0 flushing nmethod 0x000002319793cb90
Event: 143.486 Thread 0x00000231a3d0daa0 flushing nmethod 0x0000023197978810
Event: 143.486 Thread 0x00000231a3d0daa0 flushing nmethod 0x000002319791de90
Event: 143.486 Thread 0x00000231a3d0daa0 flushing nmethod 0x00000231978e4a90
Event: 143.486 Thread 0x00000231a3d0daa0 flushing nmethod 0x00000231978f5890
Event: 143.486 Thread 0x00000231a3d0daa0 flushing nmethod 0x000002319781a310
Event: 143.486 Thread 0x00000231a3d0daa0 flushing nmethod 0x0000023197860590
Event: 143.486 Thread 0x00000231a3d0daa0 flushing nmethod 0x0000023197826010
Event: 143.486 Thread 0x00000231a3d0daa0 flushing nmethod 0x000002319779b390
Event: 185.198 Thread 0x00000231ed3acc00 Thread added: 0x00000231ed3acc00
Event: 187.252 Thread 0x00000231ed3acc00 Thread exited: 0x00000231ed3acc00


Dynamic libraries:
0x00007ff6a37f0000 - 0x00007ff6a3800000 	C:\Program Files\Java\jdk-20\bin\java.exe
0x00007ffffbfd0000 - 0x00007ffffc1c8000 	C:\Windows\SYSTEM32\ntdll.dll
0x00007ffffbb50000 - 0x00007ffffbc11000 	C:\Windows\System32\KERNEL32.DLL
0x00007ffff9680000 - 0x00007ffff9976000 	C:\Windows\System32\KERNELBASE.dll
0x00007ffff9d40000 - 0x00007ffff9e40000 	C:\Windows\System32\ucrtbase.dll
0x00007fffe7830000 - 0x00007fffe7849000 	C:\Program Files\Java\jdk-20\bin\jli.dll
0x00007ffffbc30000 - 0x00007ffffbce0000 	C:\Windows\System32\ADVAPI32.dll
0x00007fffe90f0000 - 0x00007fffe910b000 	C:\Program Files\Java\jdk-20\bin\VCRUNTIME140.dll
0x00007ffffab80000 - 0x00007ffffac1e000 	C:\Windows\System32\msvcrt.dll
0x00007ffffbdc0000 - 0x00007ffffbe60000 	C:\Windows\System32\sechost.dll
0x00007ffffa030000 - 0x00007ffffa153000 	C:\Windows\System32\RPCRT4.dll
0x00007ffff9e40000 - 0x00007ffff9e67000 	C:\Windows\System32\bcrypt.dll
0x00007ffffb9b0000 - 0x00007ffffbb4f000 	C:\Windows\System32\USER32.dll
0x00007ffff9e70000 - 0x00007ffff9e92000 	C:\Windows\System32\win32u.dll
0x00007ffffb8d0000 - 0x00007ffffb8fb000 	C:\Windows\System32\GDI32.dll
0x00007ffff9ad0000 - 0x00007ffff9be7000 	C:\Windows\System32\gdi32full.dll
0x00007ffff9980000 - 0x00007ffff9a1d000 	C:\Windows\System32\msvcp_win.dll
0x00007fffe8150000 - 0x00007fffe83ea000 	C:\Windows\WinSxS\amd64_microsoft.windows.common-controls_6595b64144ccf1df_6.0.19041.4355_none_60b8b9eb71f62e16\COMCTL32.dll
0x00007fffecb40000 - 0x00007fffecb4a000 	C:\Windows\SYSTEM32\VERSION.dll
0x00007ffffa000000 - 0x00007ffffa02f000 	C:\Windows\System32\IMM32.DLL
0x00007fffe90e0000 - 0x00007fffe90ec000 	C:\Program Files\Java\jdk-20\bin\vcruntime140_1.dll
0x00007fffd96e0000 - 0x00007fffd976e000 	C:\Program Files\Java\jdk-20\bin\msvcp140.dll
0x00007fff66f40000 - 0x00007fff67bd8000 	C:\Program Files\Java\jdk-20\bin\server\jvm.dll
0x00007ffff34f0000 - 0x00007ffff34f9000 	C:\Windows\SYSTEM32\WSOCK32.dll
0x00007ffffaab0000 - 0x00007ffffab1b000 	C:\Windows\System32\WS2_32.dll
0x00007fffe8e30000 - 0x00007fffe8e57000 	C:\Windows\SYSTEM32\WINMM.dll
0x00007ffff7e80000 - 0x00007ffff7e92000 	C:\Windows\SYSTEM32\kernel.appcore.dll
0x00007fffe90b0000 - 0x00007fffe90ba000 	C:\Program Files\Java\jdk-20\bin\jimage.dll
0x00007fffe52b0000 - 0x00007fffe5494000 	C:\Windows\SYSTEM32\DBGHELP.DLL
0x00007fffe4d10000 - 0x00007fffe4d44000 	C:\Windows\SYSTEM32\dbgcore.DLL
0x00007ffff9cb0000 - 0x00007ffff9d32000 	C:\Windows\System32\bcryptPrimitives.dll
0x00007fffda190000 - 0x00007fffda19e000 	C:\Program Files\Java\jdk-20\bin\instrument.dll
0x00007fffdb240000 - 0x00007fffdb266000 	C:\Program Files\Java\jdk-20\bin\java.dll
0x00007fffd9600000 - 0x00007fffd96d7000 	C:\Program Files\Java\jdk-20\bin\jsvml.dll
0x00007ffffacf0000 - 0x00007ffffb45c000 	C:\Windows\System32\SHELL32.dll
0x00007ffff7110000 - 0x00007ffff78ae000 	C:\Windows\SYSTEM32\windows.storage.dll
0x00007ffffb460000 - 0x00007ffffb7b3000 	C:\Windows\System32\combase.dll
0x00007ffff8fc0000 - 0x00007ffff8fee000 	C:\Windows\SYSTEM32\Wldp.dll
0x00007ffffac20000 - 0x00007ffffaced000 	C:\Windows\System32\OLEAUT32.dll
0x00007ffffb820000 - 0x00007ffffb8cd000 	C:\Windows\System32\SHCORE.dll
0x00007ffffab20000 - 0x00007ffffab75000 	C:\Windows\System32\shlwapi.dll
0x00007ffff95b0000 - 0x00007ffff95d4000 	C:\Windows\SYSTEM32\profapi.dll
0x00007fffd95e0000 - 0x00007fffd95f8000 	C:\Program Files\Java\jdk-20\bin\zip.dll
0x00007fffe7690000 - 0x00007fffe76a3000 	C:\Program Files\Java\jdk-20\bin\net.dll
0x00007fffefa80000 - 0x00007fffefb8a000 	C:\Windows\SYSTEM32\WINHTTP.dll
0x00007ffff8da0000 - 0x00007ffff8e0a000 	C:\Windows\system32\mswsock.dll
0x00007fffd9b20000 - 0x00007fffd9b36000 	C:\Program Files\Java\jdk-20\bin\nio.dll
0x00007fffd9330000 - 0x00007fffd934a000 	C:\Program Files\JetBrains\IntelliJ IDEA Community Edition 2023.1.2\bin\breakgen64.dll
0x00007fffe7820000 - 0x00007fffe7827000 	C:\Program Files\Java\jdk-20\bin\extnet.dll
0x00007fffdb660000 - 0x00007fffdb670000 	C:\Program Files\Java\jdk-20\bin\verify.dll
0x00007ffff9000000 - 0x00007ffff9018000 	C:\Windows\SYSTEM32\CRYPTSP.dll
0x00007ffff8670000 - 0x00007ffff86a4000 	C:\Windows\system32\rsaenh.dll
0x00007ffff9520000 - 0x00007ffff954e000 	C:\Windows\SYSTEM32\USERENV.dll
0x00007ffff8f30000 - 0x00007ffff8f3c000 	C:\Windows\SYSTEM32\CRYPTBASE.dll
0x00007ffff8a50000 - 0x00007ffff8a8b000 	C:\Windows\SYSTEM32\IPHLPAPI.DLL
0x00007ffffa4b0000 - 0x00007ffffa4b8000 	C:\Windows\System32\NSI.dll
0x00007ffff1ae0000 - 0x00007ffff1af7000 	C:\Windows\SYSTEM32\dhcpcsvc6.DLL
0x00007ffff1aa0000 - 0x00007ffff1abd000 	C:\Windows\SYSTEM32\dhcpcsvc.DLL
0x00007ffff8aa0000 - 0x00007ffff8b6a000 	C:\Windows\SYSTEM32\DNSAPI.dll
0x00007fffdb610000 - 0x00007fffdb61e000 	C:\Program Files\Java\jdk-20\bin\sunmscapi.dll
0x00007ffff9ea0000 - 0x00007ffff9ffe000 	C:\Windows\System32\CRYPT32.dll
0x00007ffff9110000 - 0x00007ffff9139000 	C:\Windows\SYSTEM32\ncrypt.dll
0x00007ffff90d0000 - 0x00007ffff910b000 	C:\Windows\SYSTEM32\NTASN1.dll
0x00007ffff3d40000 - 0x00007ffff3d4a000 	C:\Program Files\Java\jdk-20\bin\management.dll
0x00007fffdbb10000 - 0x00007fffdbb1b000 	C:\Program Files\Java\jdk-20\bin\management_ext.dll
0x00007ffffa1e0000 - 0x00007ffffa1e8000 	C:\Windows\System32\PSAPI.DLL
0x00007ffff14a0000 - 0x00007ffff14aa000 	C:\Windows\System32\rasadhlp.dll
0x00007fffeef80000 - 0x00007fffef000000 	C:\Windows\System32\fwpuclnt.dll
0x00007fffeffb0000 - 0x00007fffeffb7000 	C:\Windows\system32\wshunix.dll

dbghelp: loaded successfully - version: 4.0.5 - missing functions: none
symbol engine: initialized successfully - sym options: 0x614 - pdb path: .;C:\Program Files\Java\jdk-20\bin;C:\Windows\SYSTEM32;C:\Windows\WinSxS\amd64_microsoft.windows.common-controls_6595b64144ccf1df_6.0.19041.4355_none_60b8b9eb71f62e16;C:\Program Files\Java\jdk-20\bin\server;C:\Program Files\JetBrains\IntelliJ IDEA Community Edition 2023.1.2\bin

VM Arguments:
jvm_args: -javaagent:C:\Program Files\JetBrains\IntelliJ IDEA Community Edition 2023.1.2\lib\idea_rt.jar=60473:C:\Program Files\JetBrains\IntelliJ IDEA Community Edition 2023.1.2\bin -Dfile.encoding=UTF-8 -Dsun.stdout.encoding=UTF-8 -Dsun.stderr.encoding=UTF-8 
java_command: com.exam.SecurityApplication
java_class_path (initial): G:\Project\ExamsBackEnd\BackEnd\ExamServer_Springboot\target\classes;C:\Users\D e r r y\.m2\repository\org\springframework\boot\spring-boot-starter-security\3.0.4\spring-boot-starter-security-3.0.4.jar;C:\Users\D e r r y\.m2\repository\org\springframework\boot\spring-boot-starter\3.0.1\spring-boot-starter-3.0.1.jar;C:\Users\D e r r y\.m2\repository\org\springframework\boot\spring-boot\3.0.1\spring-boot-3.0.1.jar;C:\Users\D e r r y\.m2\repository\org\springframework\boot\spring-boot-autoconfigure\3.0.1\spring-boot-autoconfigure-3.0.1.jar;C:\Users\D e r r y\.m2\repository\org\springframework\boot\spring-boot-starter-logging\3.0.1\spring-boot-starter-logging-3.0.1.jar;C:\Users\D e r r y\.m2\repository\ch\qos\logback\logback-classic\1.4.5\logback-classic-1.4.5.jar;C:\Users\D e r r y\.m2\repository\ch\qos\logback\logback-core\1.4.5\logback-core-1.4.5.jar;C:\Users\D e r r y\.m2\repository\org\apache\logging\log4j\log4j-to-slf4j\2.19.0\log4j-to-slf4j-2.19.0.jar;C:\Users\D e r r y\.m2\repository\org\apache\logging\log4j\log4j-api\2.19.0\log4j-api-2.19.0.jar;C:\Users\D e r r y\.m2\repository\org\slf4j\jul-to-slf4j\2.0.6\jul-to-slf4j-2.0.6.jar;C:\Users\D e r r y\.m2\repository\jakarta\annotation\jakarta.annotation-api\2.1.1\jakarta.annotation-api-2.1.1.jar;C:\Users\D e r r y\.m2\repository\org\yaml\snakeyaml\1.33\snakeyaml-1.33.jar;C:\Users\D e r r y\.m2\repository\org\springframework\spring-aop\6.0.3\spring-aop-6.0.3.jar;C:\Users\D e r r y\.m2\repository\org\springframework\security\spring-security-config\6.0.1\spring-security-config-6.0.1.jar;C:\Users\D e r r y\.m2\repository\org\springframework\security\spring-security-web\6.0.1\spring-security-web-6.0.1.jar;C:\Users\D e r r y\.m2\repository\org\springframework\boot\spring-boot-starter-web\3.1.0\spring-boot-starter-web-3.1.0.jar;C:\Users\D e r r y\.m2\repository\org\springframework\boot\spring-boot-starter-json\3.0.1\spring-boot-starter-json-3.0.1.jar;C:\Users\D e r r y\.m2\repository\com\fasterxml\jackson\datatype\jackson-datatype-jdk8\2.14.1\jackson-datatype-jdk8-2.14.1.jar;C:\Users\D e r r y\.m2\repository\com\fasterxml\jackson\datatype\jackson-datatype-jsr310\2.14.1\jackson-datatype-jsr310-2.14.1.jar;C:\Users\D e r r y\.m2\repository\com\fasterxml\jackson\module\jackson-module-parameter-names\2.14.1\jackson-module-parameter-names-2.14.1.jar;C:\Users\D e r r y\.m2\repository\org\springframework\boot\spring-boot-starter-tomcat\3.0.1\spring-boot-starter-tomcat-3.0.1.jar;C:\Users\D e r r y\.m2\repository\org\apache\tomcat\embed\tomcat-embed-core\10.1.4\tomcat-embed-core-10.1.4.jar;C:\Users\D e r r y\.m2\repository\org\apache\tomcat\embed\tomcat-embed-websocket\10.1.4\tomcat-embed-websocket-10.1.4.jar;C:\Users\D e r r y\.m2\repository\org\springframework\spring-web\6.0.3\spring-web-6.0.3.jar;C:\Users\D e r r y\.m2\repository\io\micrometer\micrometer-observation\1.10.2\micrometer-observation-1.10.2.jar;C:\Users\D e r r y\.m2\repository\io\micrometer\micrometer-commons\1.10.2\micrometer-commons-1.10.2.jar;C:\Users\D e r r y\.m2\repository\org\springframework\spring-webmvc\6.0.3\spring-webmvc-6.0.3.jar;C:\Users\D e r r y\.m2\repository\com\mysql\mysql-connector-j\8.0.32\mysql-connector-j-8.0.32.jar;C:\Users\D e r r y\.m2\repository\org\springframework\boot\spring-boot-starter-data-jpa\3.0.4\spring-boot-starter-data-jpa-3.0.4.jar;C:\Users\D e r r y\.m2\repository\org\springframework\boot\spring-boot-starter-aop\3.0.1\spring-boot-starter-aop-3.0.1.jar;C:\Users\D e r r y\.m2\repository\org\aspectj\aspectjweaver\1.9.19\aspectjweaver-1.9.19.jar;C:\Users\D e r r y\.m2\repository\org\springframework\boot\spring-boot-starter-jdbc\3.0.1\spring-boot-starter-jdbc-3.0.1.jar;C:\Users\D e r r y\.m2\repository\com\zaxxer\HikariCP\5.0.1\HikariCP-5.0.1.jar;C:\Users\D e r r y\.m2\repository\org\springframework\spring-jdbc\6.0.3\spring-jdbc-6.0.3.jar;C:\Users\D e r r y\.m2\repository\org\hibernate\orm\hibernate-core\6.1.6.Final\hibernate-core-6.1.6.Final.jar;C:\Users\D e r r y\.m2\repository\jakarta\persistence\jakarta.persistence-api\3.1.0\jakarta.persistence-api-3.1.0.jar;C:\Users\D e r r y\.m2\repository\jakarta\transaction\jakarta.transaction-api\2.0.1\jakarta.transaction-api-2.0.1.jar;C:\Users\D e r r y\.m2\repository\org\jboss\logging\jboss-logging\3.5.0.Final\jboss-logging-3.5.0.Final.jar;C:\Users\D e r r y\.m2\repository\org\hibernate\common\hibernate-commons-annotations\6.0.2.Final\hibernate-commons-annotations-6.0.2.Final.jar;C:\Users\D e r r y\.m2\repository\org\jboss\jandex\2.4.2.Final\jandex-2.4.2.Final.jar;C:\Users\D e r r y\.m2\repository\com\fasterxml\classmate\1.5.1\classmate-1.5.1.jar;C:\Users\D e r r y\.m2\repository\net\bytebuddy\byte-buddy\1.12.20\byte-buddy-1.12.20.jar;C:\Users\D e r r y\.m2\repository\org\glassfish\jaxb\jaxb-runtime\4.0.1\jaxb-runtime-4.0.1.jar;C:\Users\D e r r y\.m2\repository\org\glassfish\jaxb\jaxb-core\4.0.1\jaxb-core-4.0.1.jar;C:\Users\D e r r y\.m2\repository\org\eclipse\angus\angus-activation\1.0.0\angus-activation-1.0.0.jar;C:\Users\D e r r y\.m2\repository\org\glassfish\jaxb\txw2\4.0.1\txw2-4.0.1.jar;C:\Users\D e r r y\.m2\repository\com\sun\istack\istack-commons-runtime\4.1.1\istack-commons-runtime-4.1.1.jar;C:\Users\D e r r y\.m2\repository\jakarta\inject\jakarta.inject-api\2.0.0\jakarta.inject-api-2.0.0.jar;C:\Users\D e r r y\.m2\repository\org\antlr\antlr4-runtime\4.10.1\antlr4-runtime-4.10.1.jar;C:\Users\D e r r y\.m2\repository\org\springframework\data\spring-data-jpa\3.0.0\spring-data-jpa-3.0.0.jar;C:\Users\D e r r y\.m2\repository\org\springframework\data\spring-data-commons\3.0.0\spring-data-commons-3.0.0.jar;C:\Users\D e r r y\.m2\repository\org\springframework\spring-orm\6.0.3\spring-orm-6.0.3.jar;C:\Users\D e r r y\.m2\repository\org\springframework\spring-tx\6.0.3\spring-tx-6.0.3.jar;C:\Users\D e r r y\.m2\repository\org\slf4j\slf4j-api\2.0.6\slf4j-api-2.0.6.jar;C:\Users\D e r r y\.m2\repository\org\springframework\spring-aspects\6.0.3\spring-aspects-6.0.3.jar;C:\Users\D e r r y\.m2\repository\org\projectlombok\lombok\1.18.26\lombok-1.18.26.jar;C:\Users\D e r r y\.m2\repository\org\springframework\spring-context\6.0.9\spring-context-6.0.9.jar;C:\Users\D e r r y\.m2\repository\org\springframework\spring-beans\6.0.3\spring-beans-6.0.3.jar;C:\Users\D e r r y\.m2\repository\org\springframework\spring-core\6.0.3\spring-core-6.0.3.jar;C:\Users\D e r r y\.m2\repository\org\springframework\spring-jcl\6.0.3\spring-jcl-6.0.3.jar;C:\Users\D e r r y\.m2\repository\org\springframework\spring-expression\6.0.3\spring-expression-6.0.3.jar;C:\Users\D e r r y\.m2\repository\io\jsonwebtoken\jjwt-api\0.11.5\jjwt-api-0.11.5.jar;C:\Users\D e r r y\.m2\repository\io\jsonwebtoken\jjwt-impl\0.11.5\jjwt-impl-0.11.5.jar;C:\Users\D e r r y\.m2\repository\io\jsonwebtoken\jjwt-jackson\0.11.5\jjwt-jackson-0.11.5.jar;C:\Users\D e r r y\.m2\repository\com\fasterxml\jackson\core\jackson-databind\2.14.1\jackson-databind-2.14.1.jar;C:\Users\D e r r y\.m2\repository\com\fasterxml\jackson\core\jackson-annotations\2.14.1\jackson-annotations-2.14.1.jar;C:\Users\D e r r y\.m2\repository\com\fasterxml\jackson\core\jackson-core\2.14.1\jackson-core-2.14.1.jar;C:\Users\D e r r y\.m2\repository\jakarta\xml\bind\jakarta.xml.bind-api\4.0.0\jakarta.xml.bind-api-4.0.0.jar;C:\Users\D e r r y\.m2\repository\jakarta\activation\jakarta.activation-api\2.1.0\jakarta.activation-api-2.1.0.jar;C:\Users\D e r r y\.m2\repository\net\minidev\json-smart\2.4.8\json-smart-2.4.8.jar;C:\Users\D e r r y\.m2\repository\net\minidev\accessors-smart\2.4.8\accessors-smart-2.4.8.jar;C:\Users\D e r r y\.m2\repository\org\ow2\asm\asm\9.1\asm-9.1.jar;C:\Users\D e r r y\.m2\repository\org\springframework\security\spring-security-core\6.0.1\spring-security-core-6.0.1.jar;C:\Users\D e r r y\.m2\repository\org\springframework\security\spring-security-crypto\6.0.1\spring-security-crypto-6.0.1.jar;C:\Users\D e r r y\.m2\repository\org\apache\httpcomponents\httpclient\4.5.14\httpclient-4.5.14.jar;C:\Users\D e r r y\.m2\repository\org\apache\httpcomponents\httpcore\4.4.16\httpcore-4.4.16.jar;C:\Users\D e r r y\.m2\repository\commons-codec\commons-codec\1.15\commons-codec-1.15.jar;C:\Users\D e r r y\.m2\repository\org\springframework\boot\spring-boot-starter-validation\3.0.1\spring-boot-starter-validation-3.0.1.jar;C:\Users\D e r r y\.m2\repository\org\apache\tomcat\embed\tomcat-embed-el\10.1.4\tomcat-embed-el-10.1.4.jar;C:\Users\D e r r y\.m2\repository\org\hibernate\validator\hibernate-validator\8.0.0.Final\hibernate-validator-8.0.0.Final.jar;C:\Users\D e r r y\.m2\repository\jakarta\validation\jakarta.validation-api\3.0.2\jakarta.validation-api-3.0.2.jar;C:\Users\D e r r y\.m2\repository\org\json\json\20210307\json-20210307.jar;C:\Users\D e r r y\.m2\repository\org\springframework\security\spring-security-oauth2-core\6.0.1\spring-security-oauth2-core-6.0.1.jar;C:\Users\D e r r y\.m2\repository\org\springframework\security\spring-security-oauth2-client\6.0.1\spring-security-oauth2-client-6.0.1.jar;C:\Users\D e r r y\.m2\repository\com\nimbusds\oauth2-oidc-sdk\9.43.1\oauth2-oidc-sdk-9.43.1.jar;C:\Users\D e r r y\.m2\repository\com\github\stephenc\jcip\jcip-annotations\1.0-1\jcip-annotations-1.0-1.jar;C:\Users\D e r r y\.m2\repository\com\nimbusds\content-type\2.2\content-type-2.2.jar;C:\Users\D e r r y\.m2\repository\com\nimbusds\lang-tag\1.7\lang-tag-1.7.jar;C:\Users\D e r r y\.m2\repository\com\nimbusds\nimbus-jose-jwt\9.24.4\nimbus-jose-jwt-9.24.4.jar;C:\Users\D e r r y\.m2\repository\org\springframework\boot\spring-boot-starter-oauth2-resource-server\3.0.1\spring-boot-starter-oauth2-resource-server-3.0.1.jar;C:\Users\D e r r y\.m2\repository\org\springframework\security\spring-security-oauth2-resource-server\6.0.1\spring-security-oauth2-resource-server-6.0.1.jar;C:\Users\D e r r y\.m2\repository\org\springframework\security\spring-security-oauth2-jose\6.0.1\spring-security-oauth2-jose-6.0.1.jar;C:\Users\D e r r y\.m2\repository\org\springframework\boot\spring-boot-starter-thymeleaf\3.0.1\spring-boot-starter-thymeleaf-3.0.1.jar;C:\Users\D e r r y\.m2\repository\org\thymeleaf\thymeleaf-spring6\3.1.1.RELEASE\thymeleaf-spring6-3.1.1.RELEASE.jar;C:\Users\D e r r y\.m2\repository\org\thymeleaf\thymeleaf\3.1.1.RELEASE\thymeleaf-3.1.1.RELEASE.jar;C:\Users\D e r r y\.m2\repository\org\attoparser\attoparser\2.0.6.RELEASE\attoparser-2.0.6.RELEASE.jar;C:\Users\D e r r y\.m2\repository\org\unbescape\unbescape\1.1.6.RELEASE\unbescape-1.1.6.RELEASE.jar;C:\Users\D e r r y\.m2\repository\com\google\api-client\google-api-client\2.6.0\google-api-client-2.6.0.jar;C:\Users\D e r r y\.m2\repository\com\google\oauth-client\google-oauth-client\1.36.0\google-oauth-client-1.36.0.jar;C:\Users\D e r r y\.m2\repository\com\google\auth\google-auth-library-credentials\1.23.0\google-auth-library-credentials-1.23.0.jar;C:\Users\D e r r y\.m2\repository\com\google\auth\google-auth-library-oauth2-http\1.23.0\google-auth-library-oauth2-http-1.23.0.jar;C:\Users\D e r r y\.m2\repository\com\google\auto\value\auto-value-annotations\1.10.4\auto-value-annotations-1.10.4.jar;C:\Users\D e r r y\.m2\repository\com\google\code\findbugs\jsr305\3.0.2\jsr305-3.0.2.jar;C:\Users\D e r r y\.m2\repository\com\google\errorprone\error_prone_annotations\2.18.0\error_prone_annotations-2.18.0.jar;C:\Users\D e r r y\.m2\repository\com\google\http-client\google-http-client-gson\1.44.2\google-http-client-gson-1.44.2.jar;C:\Users\D e r r y\.m2\repository\com\google\code\gson\gson\2.9.1\gson-2.9.1.jar;C:\Users\D e r r y\.m2\repository\com\google\guava\guava\33.1.0-jre\guava-33.1.0-jre.jar;C:\Users\D e r r y\.m2\repository\com\google\guava\failureaccess\1.0.2\failureaccess-1.0.2.jar;C:\Users\D e r r y\.m2\repository\com\google\guava\listenablefuture\9999.0-empty-to-avoid-conflict-with-guava\listenablefuture-9999.0-empty-to-avoid-conflict-with-guava.jar;C:\Users\D e r r y\.m2\repository\org\checkerframework\checker-qual\3.42.0\checker-qual-3.42.0.jar;C:\Users\D e r r y\.m2\repository\com\google\j2objc\j2objc-annotations\3.0.0\j2objc-annotations-3.0.0.jar;C:\Users\D e r r y\.m2\repository\com\google\http-client\google-http-client-apache-v2\1.44.2\google-http-client-apache-v2-1.44.2.jar;C:\Users\D e r r y\.m2\repository\com\google\http-client\google-http-client\1.44.2\google-http-client-1.44.2.jar;C:\Users\D e r r y\.m2\repository\io\grpc\grpc-context\1.60.1\grpc-context-1.60.1.jar;C:\Users\D e r r y\.m2\repository\io\grpc\grpc-api\1.60.1\grpc-api-1.60.1.jar;C:\Users\D e r r y\.m2\repository\io\opencensus\opencensus-api\0.31.1\opencensus-api-0.31.1.jar;C:\Users\D e r r y\.m2\repository\io\opencensus\opencensus-contrib-http-util\0.31.1\opencensus-contrib-http-util-0.31.1.jar;C:\Users\D e r r y\.m2\repository\org\springframework\boot\spring-boot-starter-webflux\3.0.1\spring-boot-starter-webflux-3.0.1.jar;C:\Users\D e r r y\.m2\repository\org\springframework\boot\spring-boot-starter-reactor-netty\3.0.1\spring-boot-starter-reactor-netty-3.0.1.jar;C:\Users\D e r r y\.m2\repository\io\projectreactor\netty\reactor-netty-http\1.1.1\reactor-netty-http-1.1.1.jar;C:\Users\D e r r y\.m2\repository\io\netty\netty-codec-http\4.1.86.Final\netty-codec-http-4.1.86.Final.jar;C:\Users\D e r r y\.m2\repository\io\netty\netty-common\4.1.86.Final\netty-common-4.1.86.Final.jar;C:\Users\D e r r y\.m2\repository\io\netty\netty-buffer\4.1.86.Final\netty-buffer-4.1.86.Final.jar;C:\Users\D e r r y\.m2\repository\io\netty\netty-transport\4.1.86.Final\netty-transport-4.1.86.Final.jar;C:\Users\D e r r y\.m2\repository\io\netty\netty-codec\4.1.86.Final\netty-codec-4.1.86.Final.jar;C:\Users\D e r r y\.m2\repository\io\netty\netty-handler\4.1.86.Final\netty-handler-4.1.86.Final.jar;C:\Users\D e r r y\.m2\repository\io\netty\netty-codec-http2\4.1.86.Final\netty-codec-http2-4.1.86.Final.jar;C:\Users\D e r r y\.m2\repository\io\netty\netty-resolver-dns\4.1.86.Final\netty-resolver-dns-4.1.86.Final.jar;C:\Users\D e r r y\.m2\repository\io\netty\netty-resolver\4.1.86.Final\netty-resolver-4.1.86.Final.jar;C:\Users\D e r r y\.m2\repository\io\netty\netty-codec-dns\4.1.86.Final\netty-codec-dns-4.1.86.Final.jar;C:\Users\D e r r y\.m2\repository\io\netty\netty-resolver-dns-native-macos\4.1.86.Final\netty-resolver-dns-native-macos-4.1.86.Final-osx-x86_64.jar;C:\Users\D e r r y\.m2\repository\io\netty\netty-resolver-dns-classes-macos\4.1.86.Final\netty-resolver-dns-classes-macos-4.1.86.Final.jar;C:\Users\D e r r y\.m2\repository\io\netty\netty-transport-native-epoll\4.1.86.Final\netty-transport-native-epoll-4.1.86.Final-linux-x86_64.jar;C:\Users\D e r r y\.m2\repository\io\netty\netty-transport-native-unix-common\4.1.86.Final\netty-transport-native-unix-common-4.1.86.Final.jar;C:\Users\D e r r y\.m2\repository\io\netty\netty-transport-classes-epoll\4.1.86.Final\netty-transport-classes-epoll-4.1.86.Final.jar;C:\Users\D e r r y\.m2\repository\io\projectreactor\netty\reactor-netty-core\1.1.1\reactor-netty-core-1.1.1.jar;C:\Users\D e r r y\.m2\repository\io\netty\netty-handler-proxy\4.1.86.Final\netty-handler-proxy-4.1.86.Final.jar;C:\Users\D e r r y\.m2\repository\io\netty\netty-codec-socks\4.1.86.Final\netty-codec-socks-4.1.86.Final.jar;C:\Users\D e r r y\.m2\repository\org\springframework\spring-webflux\6.0.3\spring-webflux-6.0.3.jar;C:\Users\D e r r y\.m2\repository\io\projectreactor\reactor-core\3.5.1\reactor-core-3.5.1.jar;C:\Users\D e r r y\.m2\repository\org\reactivestreams\reactive-streams\1.0.4\reactive-streams-1.0.4.jar
Launcher Type: SUN_STANDARD

[Global flags]
     intx CICompilerCount                          = 3                                         {product} {ergonomic}
     uint ConcGCThreads                            = 1                                         {product} {ergonomic}
     uint G1ConcRefinementThreads                  = 4                                         {product} {ergonomic}
   size_t G1HeapRegionSize                         = 1048576                                   {product} {ergonomic}
    uintx GCDrainStackTargetSize                   = 64                                        {product} {ergonomic}
   size_t InitialHeapSize                          = 134217728                                 {product} {ergonomic}
   size_t MarkStackSize                            = 4194304                                   {product} {ergonomic}
   size_t MaxHeapSize                              = 2116026368                                {product} {ergonomic}
   size_t MaxNewSize                               = 1268776960                                {product} {ergonomic}
   size_t MinHeapDeltaBytes                        = 1048576                                   {product} {ergonomic}
   size_t MinHeapSize                              = 8388608                                   {product} {ergonomic}
    uintx NonNMethodCodeHeapSize                   = 5832780                                {pd product} {ergonomic}
    uintx NonProfiledCodeHeapSize                  = 122912730                              {pd product} {ergonomic}
    uintx ProfiledCodeHeapSize                     = 122912730                              {pd product} {ergonomic}
    uintx ReservedCodeCacheSize                    = 251658240                              {pd product} {ergonomic}
     bool SegmentedCodeCache                       = true                                      {product} {ergonomic}
   size_t SoftMaxHeapSize                          = 2116026368                             {manageable} {ergonomic}
     bool UseCompressedClassPointers               = true                           {product lp64_product} {ergonomic}
     bool UseCompressedOops                        = true                           {product lp64_product} {ergonomic}
     bool UseG1GC                                  = true                                      {product} {ergonomic}
     bool UseLargePagesIndividualAllocation        = false                                  {pd product} {ergonomic}

Logging:
Log output configuration:
 #0: stdout all=warning uptime,level,tags foldmultilines=false
 #1: stderr all=off uptime,level,tags foldmultilines=false

Environment Variables:
PATH=C:\Program Files\Common Files\Oracle\Java\javapath;C:\Program Files (x86)\Common Files\Oracle\Java\javapath;C:\Windows\system32;C:\Windows;C:\Windows\System32\Wbem;C:\Windows\System32\WindowsPowerShell\v1.0\;C:\Windows\System32\OpenSSH\;C:\Program Files\Git\cmd;C:\ProgramData\chocolatey\bin;C:\Program Files\apache-maven-3.9.4-bin\apache-maven-3.9.4\bin;C:\Program Files\dotnet\;C:\Program Files\Microsoft SQL Server\120\Tools\Binn\;C:\Program Files\nodejs\;C:\Users\D e r r y\anaconda3;C:\Users\D e r r y\anaconda3\Library\mingw-w64\bin;C:\Users\D e r r y\anaconda3\Library\usr\bin;C:\Users\D e r r y\anaconda3\Library\bin;C:\Users\D e r r y\anaconda3\Scripts;C:\Program Files\MySQL\MySQL Shell 8.0\bin\;C:\Users\D e r r y\AppData\Local\Microsoft\WindowsApps;C:\Program Files\JetBrains\IntelliJ IDEA Community Edition 2023.1.2\bin;;C:\Program Files\JetBrains\PyCharm Community Edition 2023.1.2\bin;;C:\Users\D e r r y\AppData\Local\Programs\Microsoft VS Code\bin;C:\Program Files\heroku\bin;C:\Program Files\bin;C:\Program Files\JetBrains\PhpStorm 2024.1\bin;;C:\Users\D e r r y\AppData\Roaming\npm
USERNAME=D e r r y
OS=Windows_NT
PROCESSOR_IDENTIFIER=Intel64 Family 6 Model 61 Stepping 4, GenuineIntel
TMP=C:\Users\DERRY~1\AppData\Local\Temp
TEMP=C:\Users\DERRY~1\AppData\Local\Temp




---------------  S Y S T E M  ---------------

OS:
 Windows 10 , 64 bit Build 19041 (10.0.19041.4597)
OS uptime: 0 days 6:17 hours
Hyper-V role detected

CPU: total 4 (initial active 4) (2 cores per cpu, 2 threads per core) family 6 model 61 stepping 4 microcode 0x2f, cx8, cmov, fxsr, ht, mmx, 3dnowpref, sse, sse2, sse3, ssse3, sse4.1, sse4.2, popcnt, lzcnt, tsc, tscinvbit, avx, avx2, aes, erms, clmul, bmi1, bmi2, rtm, adx, fma, vzeroupper, clflush, hv, rdtscp, f16c

Memory: 4k page, system-wide physical 8067M (376M free)
TotalPageFile size 10115M (AvailPageFile size 1M)
current process WorkingSet (physical memory assigned to process): 268M, peak: 268M
current process commit charge ("private bytes"): 299M, peak: 299M

vm_info: Java HotSpot(TM) 64-Bit Server VM (20.0.2+9-78) for windows-amd64 JRE (20.0.2+9-78), built on 2023-06-14T10:08:48Z by "mach5one" with MS VC++ 17.1 (VS2022)

END.
