#
# There is insufficient memory for the Java Runtime Environment to continue.
# Native memory allocation (malloc) failed to allocate 32744 bytes for Chunk::new
# Possible reasons:
#   The system is out of physical RAM or swap space
#   The process is running with CompressedOops enabled, and the Java Heap may be blocking the growth of the native heap
# Possible solutions:
#   Reduce memory load on the system
#   Increase physical memory or swap space
#   Check if swap backing store is full
#   Decrease Java heap size (-Xmx/-Xms)
#   Decrease number of Java threads
#   Decrease Java thread stack sizes (-Xss)
#   Set larger code cache with -XX:ReservedCodeCacheSize=
#   JVM is running with Unscaled Compressed Oops mode in which the Java heap is
#     placed in the first 4GB address space. The Java Heap base address is the
#     maximum limit for the native heap growth. Please use -XX:HeapBaseMinAddress
#     to set the Java Heap base and to place the Java Heap above 4GB virtual address.
# This output file may be truncated or incomplete.
#
#  Out of Memory Error (arena.cpp:184), pid=6240, tid=2908
#
# JRE version: Java(TM) SE Runtime Environment (20.0.2+9) (build 20.0.2+9-78)
# Java VM: Java HotSpot(TM) 64-Bit Server VM (20.0.2+9-78, mixed mode, sharing, tiered, compressed oops, compressed class ptrs, g1 gc, windows-amd64)
# No core dump will be written. Minidumps are not enabled by default on client versions of Windows
#

---------------  S U M M A R Y ------------

Command Line: -javaagent:C:\Program Files\JetBrains\IntelliJ IDEA Community Edition 2023.1.2\lib\idea_rt.jar=50739:C:\Program Files\JetBrains\IntelliJ IDEA Community Edition 2023.1.2\bin -Dfile.encoding=UTF-8 -Dsun.stdout.encoding=UTF-8 -Dsun.stderr.encoding=UTF-8 com.exam.SecurityApplication

Host: Intel(R) Core(TM) i5-5300U CPU @ 2.30GHz, 4 cores, 7G,  Windows 10 , 64 bit Build 19041 (10.0.19041.4597)
Time: Mon Jul 22 04:43:24 2024 Sao Tome Standard Time elapsed time: 305.010196 seconds (0d 0h 5m 5s)

---------------  T H R E A D  ---------------

Current thread (0x000001e0dbb83870):  JavaThread "C2 CompilerThread0" daemon [_thread_in_native, id=2908, stack(0x0000004ad7900000,0x0000004ad7a00000)]


Current CompileTask:
C2: 305010 9224       4       org.springframework.transaction.interceptor.AbstractFallbackTransactionAttributeSource::getTransactionAttribute (165 bytes)

Stack: [0x0000004ad7900000,0x0000004ad7a00000]
Native frames: (J=compiled Java code, j=interpreted, Vv=VM code, C=native code)
V  [jvm.dll+0x6bc25a]
V  [jvm.dll+0x84971a]
V  [jvm.dll+0x84b315]
V  [jvm.dll+0x84ba13]
V  [jvm.dll+0x280e4f]
V  [jvm.dll+0xc2ab1]
V  [jvm.dll+0xc2dd5]
V  [jvm.dll+0x3c0858]
V  [jvm.dll+0x5c49f8]
V  [jvm.dll+0x5c3a85]
V  [jvm.dll+0x5c432b]
V  [jvm.dll+0x385ba4]
V  [jvm.dll+0x384fea]
V  [jvm.dll+0x24b529]
V  [jvm.dll+0x24a921]
V  [jvm.dll+0x1ce761]
V  [jvm.dll+0x25a0eb]
V  [jvm.dll+0x2587c0]
V  [jvm.dll+0x3f2dd5]
V  [jvm.dll+0x7f5c76]
V  [jvm.dll+0x6baecb]
C  [ucrtbase.dll+0x21bb2]
C  [KERNEL32.DLL+0x17374]
C  [ntdll.dll+0x4cc91]


---------------  P R O C E S S  ---------------

Threads class SMR info:
_java_thread_list=0x000001e12561d530, length=29, elements={
0x000001e0dbb70070, 0x000001e0dbb71010, 0x000001e0dbb76190, 0x000001e0dbb7a0a0,
0x000001e0dbb7b320, 0x000001e0dbb7c5a0, 0x000001e0dbb83870, 0x000001e0dbb865c0,
0x000001e0dbb3bd90, 0x000001e1214dcfd0, 0x000001e1214dd520, 0x000001e121c46fe0,
0x000001e121c4a500, 0x000001e121c46a90, 0x000001e121c4afa0, 0x000001e121c45aa0,
0x000001e121c47a80, 0x000001e121c4ba40, 0x000001e121c46540, 0x000001e121c48520,
0x000001e121c48a70, 0x000001e121c48fc0, 0x000001e121c49510, 0x000001e121c49a60,
0x000001e121c49fb0, 0x000001e121c4aa50, 0x000001e121c4ca30, 0x000001e121c4b4f0,
0x000001e121c4bf90
}

Java Threads: ( => current thread )
  0x000001e0dbb70070 JavaThread "Reference Handler" daemon [_thread_blocked, id=5784, stack(0x0000004ad7300000,0x0000004ad7400000)]
  0x000001e0dbb71010 JavaThread "Finalizer" daemon [_thread_blocked, id=12904, stack(0x0000004ad7400000,0x0000004ad7500000)]
  0x000001e0dbb76190 JavaThread "Signal Dispatcher" daemon [_thread_blocked, id=2604, stack(0x0000004ad7500000,0x0000004ad7600000)]
  0x000001e0dbb7a0a0 JavaThread "Attach Listener" daemon [_thread_blocked, id=6256, stack(0x0000004ad7600000,0x0000004ad7700000)]
  0x000001e0dbb7b320 JavaThread "Service Thread" daemon [_thread_blocked, id=13584, stack(0x0000004ad7700000,0x0000004ad7800000)]
  0x000001e0dbb7c5a0 JavaThread "Monitor Deflation Thread" daemon [_thread_blocked, id=10764, stack(0x0000004ad7800000,0x0000004ad7900000)]
=>0x000001e0dbb83870 JavaThread "C2 CompilerThread0" daemon [_thread_in_native, id=2908, stack(0x0000004ad7900000,0x0000004ad7a00000)]
  0x000001e0dbb865c0 JavaThread "C1 CompilerThread0" daemon [_thread_blocked, id=10372, stack(0x0000004ad7a00000,0x0000004ad7b00000)]
  0x000001e0dbb3bd90 JavaThread "Common-Cleaner" daemon [_thread_blocked, id=11808, stack(0x0000004ad7b00000,0x0000004ad7c00000)]
  0x000001e1214dcfd0 JavaThread "Monitor Ctrl-Break" daemon [_thread_in_native, id=14820, stack(0x0000004ad7c00000,0x0000004ad7d00000)]
  0x000001e1214dd520 JavaThread "Notification Thread" daemon [_thread_blocked, id=4520, stack(0x0000004ad7d00000,0x0000004ad7e00000)]
  0x000001e121c46fe0 JavaThread "mysql-cj-abandoned-connection-cleanup" daemon [_thread_blocked, id=1428, stack(0x0000004ad8200000,0x0000004ad8300000)]
  0x000001e121c4a500 JavaThread "HikariPool-1 housekeeper" daemon [_thread_blocked, id=6652, stack(0x0000004ad8400000,0x0000004ad8500000)]
  0x000001e121c46a90 JavaThread "Catalina-utility-1" [_thread_blocked, id=12868, stack(0x0000004ad8500000,0x0000004ad8600000)]
  0x000001e121c4afa0 JavaThread "Catalina-utility-2" [_thread_blocked, id=8680, stack(0x0000004ad8600000,0x0000004ad8700000)]
  0x000001e121c45aa0 JavaThread "container-0" [_thread_blocked, id=11792, stack(0x0000004ad8700000,0x0000004ad8800000)]
  0x000001e121c47a80 JavaThread "http-nio-9191-exec-1" daemon [_thread_blocked, id=14456, stack(0x0000004ad8800000,0x0000004ad8900000)]
  0x000001e121c4ba40 JavaThread "http-nio-9191-exec-2" daemon [_thread_blocked, id=14656, stack(0x0000004ad8900000,0x0000004ad8a00000)]
  0x000001e121c46540 JavaThread "http-nio-9191-exec-3" daemon [_thread_blocked, id=11272, stack(0x0000004ad8a00000,0x0000004ad8b00000)]
  0x000001e121c48520 JavaThread "http-nio-9191-exec-4" daemon [_thread_blocked, id=6336, stack(0x0000004ad8b00000,0x0000004ad8c00000)]
  0x000001e121c48a70 JavaThread "http-nio-9191-exec-5" daemon [_thread_blocked, id=10780, stack(0x0000004ad8c00000,0x0000004ad8d00000)]
  0x000001e121c48fc0 JavaThread "http-nio-9191-exec-6" daemon [_thread_blocked, id=9304, stack(0x0000004ad8d00000,0x0000004ad8e00000)]
  0x000001e121c49510 JavaThread "http-nio-9191-exec-7" daemon [_thread_blocked, id=3848, stack(0x0000004ad8e00000,0x0000004ad8f00000)]
  0x000001e121c49a60 JavaThread "http-nio-9191-exec-8" daemon [_thread_blocked, id=4748, stack(0x0000004ad8f00000,0x0000004ad9000000)]
  0x000001e121c49fb0 JavaThread "http-nio-9191-exec-9" daemon [_thread_blocked, id=11456, stack(0x0000004ad9000000,0x0000004ad9100000)]
  0x000001e121c4aa50 JavaThread "http-nio-9191-exec-10" daemon [_thread_blocked, id=2996, stack(0x0000004ad9100000,0x0000004ad9200000)]
  0x000001e121c4ca30 JavaThread "http-nio-9191-Poller" daemon [_thread_in_native, id=13552, stack(0x0000004ad9200000,0x0000004ad9300000)]
  0x000001e121c4b4f0 JavaThread "http-nio-9191-Acceptor" daemon [_thread_in_native, id=15048, stack(0x0000004ad9300000,0x0000004ad9400000)]
  0x000001e121c4bf90 JavaThread "DestroyJavaVM" [_thread_blocked, id=10912, stack(0x0000004ad6c00000,0x0000004ad6d00000)]

Other Threads:
  0x000001e0dbb4fe50 VMThread "VM Thread" [stack: 0x0000004ad7200000,0x0000004ad7300000] [id=10996]
  0x000001e120f5b3c0 WatcherThread "VM Periodic Task Thread" [stack: 0x0000004ad7e00000,0x0000004ad7f00000] [id=7636]
  0x000001e0bfa9e120 WorkerThread "GC Thread#0" [stack: 0x0000004ad6d00000,0x0000004ad6e00000] [id=14584]
  0x000001e121667b30 WorkerThread "GC Thread#1" [stack: 0x0000004ad7f00000,0x0000004ad8000000] [id=5372]
  0x000001e12167aec0 WorkerThread "GC Thread#2" [stack: 0x0000004ad8000000,0x0000004ad8100000] [id=9996]
  0x000001e1216bc970 WorkerThread "GC Thread#3" [stack: 0x0000004ad8100000,0x0000004ad8200000] [id=11728]
  0x000001e0bfaaec70 ConcurrentGCThread "G1 Main Marker" [stack: 0x0000004ad6e00000,0x0000004ad6f00000] [id=5128]
  0x000001e0bfaaf6a0 WorkerThread "G1 Conc#0" [stack: 0x0000004ad6f00000,0x0000004ad7000000] [id=9440]
  0x000001e0dba00540 ConcurrentGCThread "G1 Refine#0" [stack: 0x0000004ad7000000,0x0000004ad7100000] [id=2148]
  0x000001e0dba00df0 ConcurrentGCThread "G1 Service" [stack: 0x0000004ad7100000,0x0000004ad7200000] [id=11984]

Threads with active compile tasks:
C2 CompilerThread0   305067 9224       4       org.springframework.transaction.interceptor.AbstractFallbackTransactionAttributeSource::getTransactionAttribute (165 bytes)

VM state: not at safepoint (normal execution)

VM Mutex/Monitor currently owned by a thread: None

Heap address: 0x0000000081e00000, size: 2018 MB, Compressed Oops mode: 32-bit

CDS archive(s) mapped at: [0x000001e0dbc00000-0x000001e0dc860000-0x000001e0dc860000), size 12976128, SharedBaseAddress: 0x000001e0dbc00000, ArchiveRelocationMode: 1.
Compressed class space mapped at: 0x000001e0dcc00000-0x000001e11cc00000, reserved size: 1073741824
Narrow klass base: 0x000001e0dbc00000, Narrow klass shift: 0, Narrow klass range: 0x100000000

GC Precious Log:
 CardTable entry size: 512
 Card Set container configuration: InlinePtr #cards 5 size 8 Array Of Cards #cards 12 size 40 Howl #buckets 4 coarsen threshold 1843 Howl Bitmap #cards 512 size 80 coarsen threshold 460 Card regions per heap region 1 cards per card region 2048
 CPUs: 4 total, 4 available
 Memory: 8067M
 Large Page Support: Disabled
 NUMA Support: Disabled
 Compressed Oops: Enabled (32-bit)
 Heap Region Size: 1M
 Heap Min Capacity: 8M
 Heap Initial Capacity: 128M
 Heap Max Capacity: 2018M
 Pre-touch: Disabled
 Parallel Workers: 4
 Concurrent Workers: 1
 Concurrent Refinement Workers: 4
 Periodic GC: Disabled

Heap:
 garbage-first heap   total 68608K, used 40027K [0x0000000081e00000, 0x0000000100000000)
  region size 1024K, 6 young (6144K), 3 survivors (3072K)
 Metaspace       used 80506K, committed 81216K, reserved 1179648K
  class space    used 10765K, committed 11072K, reserved 1048576K

Heap Regions: E=young(eden), S=young(survivor), O=old, HS=humongous(starts), HC=humongous(continues), CS=collection set, F=free, OA=open archive, CA=closed archive, TAMS=top-at-mark-start, PB=parsable bottom
|   0|0x0000000081e00000, 0x0000000081f00000, 0x0000000081f00000|100%|HS|  |TAMS 0x0000000081e00000| PB 0x0000000081e00000| Complete 
|   1|0x0000000081f00000, 0x0000000082000000, 0x0000000082000000|100%| O|  |TAMS 0x0000000081f00000| PB 0x0000000081f00000| Untracked 
|   2|0x0000000082000000, 0x0000000082100000, 0x0000000082100000|100%| O|  |TAMS 0x0000000082000000| PB 0x0000000082000000| Untracked 
|   3|0x0000000082100000, 0x0000000082200000, 0x0000000082200000|100%| O|  |TAMS 0x0000000082100000| PB 0x0000000082100000| Untracked 
|   4|0x0000000082200000, 0x0000000082300000, 0x0000000082300000|100%| O|  |TAMS 0x0000000082200000| PB 0x0000000082200000| Untracked 
|   5|0x0000000082300000, 0x0000000082400000, 0x0000000082400000|100%| O|  |TAMS 0x0000000082300000| PB 0x0000000082300000| Untracked 
|   6|0x0000000082400000, 0x0000000082500000, 0x0000000082500000|100%| O|  |TAMS 0x0000000082400000| PB 0x0000000082400000| Untracked 
|   7|0x0000000082500000, 0x0000000082600000, 0x0000000082600000|100%| O|  |TAMS 0x0000000082500000| PB 0x0000000082500000| Untracked 
|   8|0x0000000082600000, 0x0000000082700000, 0x0000000082700000|100%| O|  |TAMS 0x0000000082600000| PB 0x0000000082600000| Untracked 
|   9|0x0000000082700000, 0x0000000082800000, 0x0000000082800000|100%| O|  |TAMS 0x0000000082700000| PB 0x0000000082700000| Untracked 
|  10|0x0000000082800000, 0x0000000082900000, 0x0000000082900000|100%| O|  |TAMS 0x0000000082800000| PB 0x0000000082800000| Untracked 
|  11|0x0000000082900000, 0x0000000082a00000, 0x0000000082a00000|100%| O|  |TAMS 0x0000000082900000| PB 0x0000000082900000| Untracked 
|  12|0x0000000082a00000, 0x0000000082b00000, 0x0000000082b00000|100%| O|  |TAMS 0x0000000082a00000| PB 0x0000000082a00000| Untracked 
|  13|0x0000000082b00000, 0x0000000082c00000, 0x0000000082c00000|100%| O|  |TAMS 0x0000000082b00000| PB 0x0000000082b00000| Untracked 
|  14|0x0000000082c00000, 0x0000000082d00000, 0x0000000082d00000|100%| O|  |TAMS 0x0000000082c00000| PB 0x0000000082c00000| Untracked 
|  15|0x0000000082d00000, 0x0000000082e00000, 0x0000000082e00000|100%| O|  |TAMS 0x0000000082d00000| PB 0x0000000082d00000| Untracked 
|  16|0x0000000082e00000, 0x0000000082f00000, 0x0000000082f00000|100%| O|  |TAMS 0x0000000082e00000| PB 0x0000000082e00000| Untracked 
|  17|0x0000000082f00000, 0x0000000083000000, 0x0000000083000000|100%| O|  |TAMS 0x0000000082f00000| PB 0x0000000082f00000| Complete 
|  18|0x0000000083000000, 0x0000000083000000, 0x0000000083100000|  0%| F|  |TAMS 0x0000000083000000| PB 0x0000000083000000| Untracked 
|  19|0x0000000083100000, 0x0000000083200000, 0x0000000083200000|100%| O|  |TAMS 0x0000000083100000| PB 0x0000000083100000| Untracked 
|  20|0x0000000083200000, 0x0000000083300000, 0x0000000083300000|100%| O|  |TAMS 0x0000000083200000| PB 0x0000000083200000| Untracked 
|  21|0x0000000083300000, 0x0000000083400000, 0x0000000083400000|100%| O|  |TAMS 0x0000000083300000| PB 0x0000000083300000| Untracked 
|  22|0x0000000083400000, 0x0000000083500000, 0x0000000083500000|100%| O|  |TAMS 0x0000000083400000| PB 0x0000000083400000| Untracked 
|  23|0x0000000083500000, 0x0000000083600000, 0x0000000083600000|100%| O|  |TAMS 0x0000000083500000| PB 0x0000000083500000| Untracked 
|  24|0x0000000083600000, 0x0000000083700000, 0x0000000083700000|100%| O|  |TAMS 0x0000000083600000| PB 0x0000000083600000| Untracked 
|  25|0x0000000083700000, 0x0000000083800000, 0x0000000083800000|100%| O|  |TAMS 0x0000000083700000| PB 0x0000000083700000| Untracked 
|  26|0x0000000083800000, 0x0000000083900000, 0x0000000083900000|100%| O|  |TAMS 0x0000000083800000| PB 0x0000000083800000| Untracked 
|  27|0x0000000083900000, 0x0000000083a00000, 0x0000000083a00000|100%| O|  |TAMS 0x0000000083900000| PB 0x0000000083900000| Untracked 
|  28|0x0000000083a00000, 0x0000000083b00000, 0x0000000083b00000|100%| O|  |TAMS 0x0000000083a00000| PB 0x0000000083a00000| Untracked 
|  29|0x0000000083b00000, 0x0000000083c00000, 0x0000000083c00000|100%| O|  |TAMS 0x0000000083b00000| PB 0x0000000083b00000| Untracked 
|  30|0x0000000083c00000, 0x0000000083d00000, 0x0000000083d00000|100%| O|  |TAMS 0x0000000083c00000| PB 0x0000000083c00000| Untracked 
|  31|0x0000000083d00000, 0x0000000083e00000, 0x0000000083e00000|100%| O|  |TAMS 0x0000000083d00000| PB 0x0000000083d00000| Untracked 
|  32|0x0000000083e00000, 0x0000000083f00000, 0x0000000083f00000|100%| O|  |TAMS 0x0000000083e00000| PB 0x0000000083e00000| Untracked 
|  33|0x0000000083f00000, 0x0000000084000000, 0x0000000084000000|100%| O|  |TAMS 0x0000000083f00000| PB 0x0000000083f00000| Complete 
|  34|0x0000000084000000, 0x0000000084100000, 0x0000000084100000|100%| O|  |TAMS 0x0000000084000000| PB 0x0000000084000000| Untracked 
|  35|0x0000000084100000, 0x0000000084200000, 0x0000000084200000|100%| O|  |TAMS 0x0000000084100000| PB 0x0000000084100000| Untracked 
|  36|0x0000000084200000, 0x0000000084200000, 0x0000000084300000|  0%| F|  |TAMS 0x0000000084200000| PB 0x0000000084200000| Untracked 
|  37|0x0000000084300000, 0x0000000084379200, 0x0000000084400000| 47%| O|  |TAMS 0x0000000084300000| PB 0x0000000084300000| Untracked 
|  38|0x0000000084400000, 0x0000000084400000, 0x0000000084500000|  0%| F|  |TAMS 0x0000000084400000| PB 0x0000000084400000| Untracked 
|  39|0x0000000084500000, 0x0000000084500000, 0x0000000084600000|  0%| F|  |TAMS 0x0000000084500000| PB 0x0000000084500000| Untracked 
|  40|0x0000000084600000, 0x000000008469dce0, 0x0000000084700000| 61%| S|CS|TAMS 0x0000000084600000| PB 0x0000000084600000| Complete 
|  41|0x0000000084700000, 0x0000000084700000, 0x0000000084800000|  0%| F|  |TAMS 0x0000000084700000| PB 0x0000000084700000| Untracked 
|  42|0x0000000084800000, 0x0000000084900000, 0x0000000084900000|100%| S|CS|TAMS 0x0000000084800000| PB 0x0000000084800000| Complete 
|  43|0x0000000084900000, 0x0000000084a00000, 0x0000000084a00000|100%| S|CS|TAMS 0x0000000084900000| PB 0x0000000084900000| Complete 
|  44|0x0000000084a00000, 0x0000000084a00000, 0x0000000084b00000|  0%| F|  |TAMS 0x0000000084a00000| PB 0x0000000084a00000| Untracked 
|  45|0x0000000084b00000, 0x0000000084b00000, 0x0000000084c00000|  0%| F|  |TAMS 0x0000000084b00000| PB 0x0000000084b00000| Untracked 
|  46|0x0000000084c00000, 0x0000000084c00000, 0x0000000084d00000|  0%| F|  |TAMS 0x0000000084c00000| PB 0x0000000084c00000| Untracked 
|  47|0x0000000084d00000, 0x0000000084d00000, 0x0000000084e00000|  0%| F|  |TAMS 0x0000000084d00000| PB 0x0000000084d00000| Untracked 
|  48|0x0000000084e00000, 0x0000000084e00000, 0x0000000084f00000|  0%| F|  |TAMS 0x0000000084e00000| PB 0x0000000084e00000| Untracked 
|  49|0x0000000084f00000, 0x0000000084f00000, 0x0000000085000000|  0%| F|  |TAMS 0x0000000084f00000| PB 0x0000000084f00000| Untracked 
|  50|0x0000000085000000, 0x0000000085000000, 0x0000000085100000|  0%| F|  |TAMS 0x0000000085000000| PB 0x0000000085000000| Untracked 
|  51|0x0000000085100000, 0x0000000085100000, 0x0000000085200000|  0%| F|  |TAMS 0x0000000085100000| PB 0x0000000085100000| Untracked 
|  52|0x0000000085200000, 0x0000000085200000, 0x0000000085300000|  0%| F|  |TAMS 0x0000000085200000| PB 0x0000000085200000| Untracked 
|  53|0x0000000085300000, 0x0000000085300000, 0x0000000085400000|  0%| F|  |TAMS 0x0000000085300000| PB 0x0000000085300000| Untracked 
|  54|0x0000000085400000, 0x0000000085400000, 0x0000000085500000|  0%| F|  |TAMS 0x0000000085400000| PB 0x0000000085400000| Untracked 
|  55|0x0000000085500000, 0x0000000085500000, 0x0000000085600000|  0%| F|  |TAMS 0x0000000085500000| PB 0x0000000085500000| Untracked 
|  56|0x0000000085600000, 0x0000000085600000, 0x0000000085700000|  0%| F|  |TAMS 0x0000000085600000| PB 0x0000000085600000| Untracked 
|  57|0x0000000085700000, 0x0000000085700000, 0x0000000085800000|  0%| F|  |TAMS 0x0000000085700000| PB 0x0000000085700000| Untracked 
|  58|0x0000000085800000, 0x0000000085800000, 0x0000000085900000|  0%| F|  |TAMS 0x0000000085800000| PB 0x0000000085800000| Untracked 
|  59|0x0000000085900000, 0x0000000085900000, 0x0000000085a00000|  0%| F|  |TAMS 0x0000000085900000| PB 0x0000000085900000| Untracked 
|  73|0x0000000086700000, 0x0000000086700000, 0x0000000086800000|  0%| F|  |TAMS 0x0000000086700000| PB 0x0000000086700000| Untracked 
|  74|0x0000000086800000, 0x0000000086800000, 0x0000000086900000|  0%| F|  |TAMS 0x0000000086800000| PB 0x0000000086800000| Untracked 
|  75|0x0000000086900000, 0x0000000086900000, 0x0000000086a00000|  0%| F|  |TAMS 0x0000000086900000| PB 0x0000000086900000| Untracked 
|  76|0x0000000086a00000, 0x0000000086a00000, 0x0000000086b00000|  0%| F|  |TAMS 0x0000000086a00000| PB 0x0000000086a00000| Untracked 
|  77|0x0000000086b00000, 0x0000000086b33a08, 0x0000000086c00000| 20%| E|  |TAMS 0x0000000086b00000| PB 0x0000000086b00000| Complete 
|  78|0x0000000086c00000, 0x0000000086d00000, 0x0000000086d00000|100%| E|  |TAMS 0x0000000086c00000| PB 0x0000000086c00000| Complete 
|  79|0x0000000086d00000, 0x0000000086e00000, 0x0000000086e00000|100%| E|CS|TAMS 0x0000000086d00000| PB 0x0000000086d00000| Complete 

Card table byte_map: [0x000001e0d6f00000,0x000001e0d7300000] _byte_map_base: 0x000001e0d6af1000

Marking Bits: (CMBitMap*) 0x000001e0bfa9e750
 Bits: [0x000001e0d7700000, 0x000001e0d9688000)

Polling page: 0x000001e0bd850000

Metaspace:

Usage:
  Non-class:     68.11 MB used.
      Class:     10.51 MB used.
       Both:     78.62 MB used.

Virtual space:
  Non-class space:      128.00 MB reserved,      68.50 MB ( 54%) committed,  2 nodes.
      Class space:        1.00 GB reserved,      10.81 MB (  1%) committed,  1 nodes.
             Both:        1.12 GB reserved,      79.31 MB (  7%) committed. 

Chunk freelists:
   Non-Class:  3.20 MB
       Class:  1.16 MB
        Both:  4.37 MB

MaxMetaspaceSize: unlimited
CompressedClassSpaceSize: 1.00 GB
Initial GC threshold: 21.00 MB
Current GC threshold: 132.00 MB
CDS: on
MetaspaceReclaimPolicy: balanced
 - commit_granule_bytes: 65536.
 - commit_granule_words: 8192.
 - virtual_space_node_default_size: 8388608.
 - enlarge_chunks_in_place: 1.
 - new_chunks_are_fully_committed: 0.
 - uncommit_free_chunks: 1.
 - use_allocation_guard: 0.


Internal statistics:

num_allocs_failed_limit: 6.
num_arena_births: 992.
num_arena_deaths: 0.
num_vsnodes_births: 3.
num_vsnodes_deaths: 0.
num_space_committed: 1269.
num_space_uncommitted: 0.
num_chunks_returned_to_freelist: 6.
num_chunks_taken_from_freelist: 3799.
num_chunk_merges: 6.
num_chunk_splits: 2780.
num_chunks_enlarged: 2232.
num_inconsistent_stats: 0.

CodeHeap 'non-profiled nmethods': size=120000Kb used=4404Kb max_used=4473Kb free=115595Kb
 bounds [0x000001e0cf5d0000, 0x000001e0cfa30000, 0x000001e0d6b00000]
CodeHeap 'profiled nmethods': size=120000Kb used=15592Kb max_used=15592Kb free=104407Kb
 bounds [0x000001e0c7b00000, 0x000001e0c8a50000, 0x000001e0cf030000]
CodeHeap 'non-nmethods': size=5760Kb used=1786Kb max_used=1811Kb free=3973Kb
 bounds [0x000001e0cf030000, 0x000001e0cf2a0000, 0x000001e0cf5d0000]
 total_blobs=8654 nmethods=7911 adapters=652
 compilation: enabled
              stopped_count=0, restarted_count=0
 full_count=0

Compilation events (20 events):
Event: 304.528 Thread 0x000001e0dbb865c0 9240       1       org.hibernate.type.CollectionType::getLHSPropertyName (5 bytes)
Event: 304.528 Thread 0x000001e0dbb865c0 nmethod 9240 0x000001e0cf68ac10 code [0x000001e0cf68ad80, 0x000001e0cf68ae48]
Event: 304.533 Thread 0x000001e0dbb865c0 9241   !   3       com.zaxxer.hikari.pool.HikariProxyResultSet::getBoolean (18 bytes)
Event: 304.533 Thread 0x000001e0dbb865c0 nmethod 9241 0x000001e0c82c9010 code [0x000001e0c82c91c0, 0x000001e0c82c9468]
Event: 304.533 Thread 0x000001e0dbb865c0 9242   !   3       com.mysql.cj.jdbc.result.ResultSetImpl::getBoolean (35 bytes)
Event: 304.534 Thread 0x000001e0dbb865c0 nmethod 9242 0x000001e0c7bfe210 code [0x000001e0c7bfe3c0, 0x000001e0c7bfe7f8]
Event: 304.534 Thread 0x000001e0dbb865c0 9243       3       com.mysql.cj.result.BooleanValueFactory::createFromBit (8 bytes)
Event: 304.535 Thread 0x000001e0dbb865c0 nmethod 9243 0x000001e0c7bfdb10 code [0x000001e0c7bfdce0, 0x000001e0c7bfe0a0]
Event: 304.535 Thread 0x000001e0dbb865c0 9244       3       org.hibernate.type.descriptor.java.BooleanJavaType::wrap (7 bytes)
Event: 304.535 Thread 0x000001e0dbb865c0 nmethod 9244 0x000001e0c7bfd790 code [0x000001e0c7bfd920, 0x000001e0c7bfda70]
Event: 304.538 Thread 0x000001e0dbb865c0 9245       3       javax.crypto.Cipher::doFinal (68 bytes)
Event: 304.539 Thread 0x000001e0dbb865c0 nmethod 9245 0x000001e0c7b69190 code [0x000001e0c7b693a0, 0x000001e0c7b69a10]
Event: 304.542 Thread 0x000001e0dbb865c0 9246       3       org.hibernate.engine.internal.EntityEntryContext$$Lambda$1661/0x000001e0dd6abb50::accept (8 bytes)
Event: 304.543 Thread 0x000001e0dbb865c0 nmethod 9246 0x000001e0c7b68910 code [0x000001e0c7b68ae0, 0x000001e0c7b68fb0]
Event: 304.548 Thread 0x000001e0dbb865c0 9247       1       org.hibernate.boot.internal.SessionFactoryOptionsBuilder::isInitializeLazyStateOutsideTransactionsEnabled (5 bytes)
Event: 304.548 Thread 0x000001e0dbb865c0 nmethod 9247 0x000001e0cf68a910 code [0x000001e0cf68aa80, 0x000001e0cf68ab50]
Event: 304.549 Thread 0x000001e0dbb865c0 9248       3       org.apache.catalina.connector.Request::removeAttribute (65 bytes)
Event: 304.549 Thread 0x000001e0dbb865c0 nmethod 9248 0x000001e0c82f6490 code [0x000001e0c82f6680, 0x000001e0c82f6c68]
Event: 304.551 Thread 0x000001e0dbb865c0 9249       1       org.apache.tomcat.util.net.NioChannel::getOutboundRemaining (2 bytes)
Event: 304.551 Thread 0x000001e0dbb865c0 nmethod 9249 0x000001e0cf68a590 code [0x000001e0cf68a700, 0x000001e0cf68a7c8]

GC Heap History (20 events):
Event: 49.769 GC heap before
{Heap before GC invocations=16 (full 0):
 garbage-first heap   total 51200K, used 43495K [0x0000000081e00000, 0x0000000100000000)
  region size 1024K, 19 young (19456K), 3 survivors (3072K)
 Metaspace       used 63334K, committed 64000K, reserved 1114112K
  class space    used 8427K, committed 8704K, reserved 1048576K
}
Event: 49.781 GC heap after
{Heap after GC invocations=17 (full 0):
 garbage-first heap   total 51200K, used 29333K [0x0000000081e00000, 0x0000000100000000)
  region size 1024K, 3 young (3072K), 3 survivors (3072K)
 Metaspace       used 63334K, committed 64000K, reserved 1114112K
  class space    used 8427K, committed 8704K, reserved 1048576K
}
Event: 51.220 GC heap before
{Heap before GC invocations=18 (full 0):
 garbage-first heap   total 51200K, used 43669K [0x0000000081e00000, 0x0000000100000000)
  region size 1024K, 18 young (18432K), 3 survivors (3072K)
 Metaspace       used 65442K, committed 66048K, reserved 1114112K
  class space    used 8841K, committed 9088K, reserved 1048576K
}
Event: 51.232 GC heap after
{Heap after GC invocations=19 (full 0):
 garbage-first heap   total 51200K, used 31145K [0x0000000081e00000, 0x0000000100000000)
  region size 1024K, 3 young (3072K), 3 survivors (3072K)
 Metaspace       used 65442K, committed 66048K, reserved 1114112K
  class space    used 8841K, committed 9088K, reserved 1048576K
}
Event: 51.843 GC heap before
{Heap before GC invocations=19 (full 0):
 garbage-first heap   total 51200K, used 44457K [0x0000000081e00000, 0x0000000100000000)
  region size 1024K, 16 young (16384K), 3 survivors (3072K)
 Metaspace       used 65486K, committed 66048K, reserved 1114112K
  class space    used 8844K, committed 9088K, reserved 1048576K
}
Event: 51.856 GC heap after
{Heap after GC invocations=20 (full 0):
 garbage-first heap   total 51200K, used 31729K [0x0000000081e00000, 0x0000000100000000)
  region size 1024K, 2 young (2048K), 2 survivors (2048K)
 Metaspace       used 65486K, committed 66048K, reserved 1114112K
  class space    used 8844K, committed 9088K, reserved 1048576K
}
Event: 52.539 GC heap before
{Heap before GC invocations=20 (full 0):
 garbage-first heap   total 51200K, used 44017K [0x0000000081e00000, 0x0000000100000000)
  region size 1024K, 15 young (15360K), 2 survivors (2048K)
 Metaspace       used 67051K, committed 67712K, reserved 1114112K
  class space    used 9053K, committed 9344K, reserved 1048576K
}
Event: 52.543 GC heap after
{Heap after GC invocations=21 (full 0):
 garbage-first heap   total 51200K, used 32139K [0x0000000081e00000, 0x0000000100000000)
  region size 1024K, 2 young (2048K), 2 survivors (2048K)
 Metaspace       used 67051K, committed 67712K, reserved 1114112K
  class space    used 9053K, committed 9344K, reserved 1048576K
}
Event: 52.802 GC heap before
{Heap before GC invocations=22 (full 0):
 garbage-first heap   total 63488K, used 43403K [0x0000000081e00000, 0x0000000100000000)
  region size 1024K, 13 young (13312K), 2 survivors (2048K)
 Metaspace       used 67383K, committed 67968K, reserved 1114112K
  class space    used 9097K, committed 9344K, reserved 1048576K
}
Event: 52.806 GC heap after
{Heap after GC invocations=23 (full 0):
 garbage-first heap   total 63488K, used 32563K [0x0000000081e00000, 0x0000000100000000)
  region size 1024K, 2 young (2048K), 2 survivors (2048K)
 Metaspace       used 67383K, committed 67968K, reserved 1114112K
  class space    used 9097K, committed 9344K, reserved 1048576K
}
Event: 53.130 GC heap before
{Heap before GC invocations=23 (full 0):
 garbage-first heap   total 63488K, used 56115K [0x0000000081e00000, 0x0000000100000000)
  region size 1024K, 25 young (25600K), 2 survivors (2048K)
 Metaspace       used 67860K, committed 68480K, reserved 1114112K
  class space    used 9132K, committed 9408K, reserved 1048576K
}
Event: 53.135 GC heap after
{Heap after GC invocations=24 (full 0):
 garbage-first heap   total 63488K, used 32808K [0x0000000081e00000, 0x0000000100000000)
  region size 1024K, 3 young (3072K), 3 survivors (3072K)
 Metaspace       used 67860K, committed 68480K, reserved 1114112K
  class space    used 9132K, committed 9408K, reserved 1048576K
}
Event: 54.232 GC heap before
{Heap before GC invocations=24 (full 0):
 garbage-first heap   total 63488K, used 55336K [0x0000000081e00000, 0x0000000100000000)
  region size 1024K, 25 young (25600K), 3 survivors (3072K)
 Metaspace       used 70474K, committed 71168K, reserved 1114112K
  class space    used 9511K, committed 9856K, reserved 1048576K
}
Event: 54.243 GC heap after
{Heap after GC invocations=25 (full 0):
 garbage-first heap   total 63488K, used 34559K [0x0000000081e00000, 0x0000000100000000)
  region size 1024K, 3 young (3072K), 3 survivors (3072K)
 Metaspace       used 70474K, committed 71168K, reserved 1114112K
  class space    used 9511K, committed 9856K, reserved 1048576K
}
Event: 56.316 GC heap before
{Heap before GC invocations=26 (full 0):
 garbage-first heap   total 63488K, used 56063K [0x0000000081e00000, 0x0000000100000000)
  region size 1024K, 24 young (24576K), 3 survivors (3072K)
 Metaspace       used 73220K, committed 73856K, reserved 1114112K
  class space    used 9893K, committed 10176K, reserved 1048576K
}
Event: 56.324 GC heap after
{Heap after GC invocations=27 (full 0):
 garbage-first heap   total 63488K, used 36653K [0x0000000081e00000, 0x0000000100000000)
  region size 1024K, 2 young (2048K), 2 survivors (2048K)
 Metaspace       used 73220K, committed 73856K, reserved 1114112K
  class space    used 9893K, committed 10176K, reserved 1048576K
}
Event: 67.932 GC heap before
{Heap before GC invocations=27 (full 0):
 garbage-first heap   total 63488K, used 57133K [0x0000000081e00000, 0x0000000100000000)
  region size 1024K, 22 young (22528K), 2 survivors (2048K)
 Metaspace       used 78475K, committed 79168K, reserved 1179648K
  class space    used 10599K, committed 10880K, reserved 1048576K
}
Event: 67.945 GC heap after
{Heap after GC invocations=28 (full 0):
 garbage-first heap   total 63488K, used 37853K [0x0000000081e00000, 0x0000000100000000)
  region size 1024K, 2 young (2048K), 2 survivors (2048K)
 Metaspace       used 78475K, committed 79168K, reserved 1179648K
  class space    used 10599K, committed 10880K, reserved 1048576K
}
Event: 303.903 GC heap before
{Heap before GC invocations=28 (full 0):
 garbage-first heap   total 63488K, used 55261K [0x0000000081e00000, 0x0000000100000000)
  region size 1024K, 20 young (20480K), 2 survivors (2048K)
 Metaspace       used 80394K, committed 81024K, reserved 1179648K
  class space    used 10754K, committed 11008K, reserved 1048576K
}
Event: 303.910 GC heap after
{Heap after GC invocations=29 (full 0):
 garbage-first heap   total 63488K, used 39003K [0x0000000081e00000, 0x0000000100000000)
  region size 1024K, 3 young (3072K), 3 survivors (3072K)
 Metaspace       used 80394K, committed 81024K, reserved 1179648K
  class space    used 10754K, committed 11008K, reserved 1048576K
}

Dll operation events (14 events):
Event: 0.027 Loaded shared library C:\Program Files\Java\jdk-20\bin\java.dll
Event: 0.061 Loaded shared library C:\Program Files\Java\jdk-20\bin\jsvml.dll
Event: 0.538 Loaded shared library C:\Program Files\Java\jdk-20\bin\zip.dll
Event: 0.680 Loaded shared library C:\Program Files\Java\jdk-20\bin\instrument.dll
Event: 0.692 Loaded shared library C:\Program Files\Java\jdk-20\bin\net.dll
Event: 0.696 Loaded shared library C:\Program Files\Java\jdk-20\bin\nio.dll
Event: 0.703 Loaded shared library C:\Program Files\Java\jdk-20\bin\zip.dll
Event: 1.156 Loaded shared library C:\Program Files\JetBrains\IntelliJ IDEA Community Edition 2023.1.2\bin\breakgen64.dll
Event: 1.190 Loaded shared library C:\Program Files\Java\jdk-20\bin\extnet.dll
Event: 1.313 Loaded shared library C:\Program Files\Java\jdk-20\bin\jimage.dll
Event: 8.907 Loaded shared library C:\Program Files\Java\jdk-20\bin\verify.dll
Event: 32.562 Loaded shared library C:\Program Files\Java\jdk-20\bin\sunmscapi.dll
Event: 32.721 Loaded shared library C:\Program Files\Java\jdk-20\bin\management.dll
Event: 32.758 Loaded shared library C:\Program Files\Java\jdk-20\bin\management_ext.dll

Deoptimization events (20 events):
Event: 68.312 Thread 0x000001e121c48520 DEOPT PACKING pc=0x000001e0cf97c1c0 sp=0x0000004ad8bfbb10
Event: 68.312 Thread 0x000001e121c48520 DEOPT UNPACKING pc=0x000001e0cf099d22 sp=0x0000004ad8bfbaa0 mode 2
Event: 70.830 Thread 0x000001e121c4aa50 DEOPT PACKING pc=0x000001e0c846c54a sp=0x0000004ad91f8450
Event: 70.830 Thread 0x000001e121c4aa50 DEOPT UNPACKING pc=0x000001e0cf09a4c2 sp=0x0000004ad91f78e8 mode 0
Event: 79.094 Thread 0x000001e121c49510 Uncommon trap: trap_request=0xffffffde fr.pc=0x000001e0cf9c0e4c relative=0x0000000000000ccc
Event: 79.094 Thread 0x000001e121c49510 Uncommon trap: reason=class_check action=maybe_recompile pc=0x000001e0cf9c0e4c method=org.springframework.core.annotation.AnnotationUtils.invokeAnnotationMethod(Ljava/lang/reflect/Method;Ljava/lang/Object;)Ljava/lang/Object; @ 19 c2
Event: 79.094 Thread 0x000001e121c49510 DEOPT PACKING pc=0x000001e0cf9c0e4c sp=0x0000004ad8efb800
Event: 79.094 Thread 0x000001e121c49510 DEOPT UNPACKING pc=0x000001e0cf099d22 sp=0x0000004ad8efb7c0 mode 2
Event: 79.094 Thread 0x000001e121c49510 Uncommon trap: trap_request=0xffffffde fr.pc=0x000001e0cf9c0e4c relative=0x0000000000000ccc
Event: 79.094 Thread 0x000001e121c49510 Uncommon trap: reason=class_check action=maybe_recompile pc=0x000001e0cf9c0e4c method=org.springframework.core.annotation.AnnotationUtils.invokeAnnotationMethod(Ljava/lang/reflect/Method;Ljava/lang/Object;)Ljava/lang/Object; @ 19 c2
Event: 79.094 Thread 0x000001e121c49510 DEOPT PACKING pc=0x000001e0cf9c0e4c sp=0x0000004ad8efb800
Event: 79.094 Thread 0x000001e121c49510 DEOPT UNPACKING pc=0x000001e0cf099d22 sp=0x0000004ad8efb7c0 mode 2
Event: 79.094 Thread 0x000001e121c49510 Uncommon trap: trap_request=0xffffffde fr.pc=0x000001e0cf9c0e4c relative=0x0000000000000ccc
Event: 79.094 Thread 0x000001e121c49510 Uncommon trap: reason=class_check action=maybe_recompile pc=0x000001e0cf9c0e4c method=org.springframework.core.annotation.AnnotationUtils.invokeAnnotationMethod(Ljava/lang/reflect/Method;Ljava/lang/Object;)Ljava/lang/Object; @ 19 c2
Event: 79.094 Thread 0x000001e121c49510 DEOPT PACKING pc=0x000001e0cf9c0e4c sp=0x0000004ad8efb800
Event: 79.094 Thread 0x000001e121c49510 DEOPT UNPACKING pc=0x000001e0cf099d22 sp=0x0000004ad8efb7c0 mode 2
Event: 79.094 Thread 0x000001e121c49510 Uncommon trap: trap_request=0xffffffde fr.pc=0x000001e0cf9c0e4c relative=0x0000000000000ccc
Event: 79.094 Thread 0x000001e121c49510 Uncommon trap: reason=class_check action=maybe_recompile pc=0x000001e0cf9c0e4c method=org.springframework.core.annotation.AnnotationUtils.invokeAnnotationMethod(Ljava/lang/reflect/Method;Ljava/lang/Object;)Ljava/lang/Object; @ 19 c2
Event: 79.094 Thread 0x000001e121c49510 DEOPT PACKING pc=0x000001e0cf9c0e4c sp=0x0000004ad8efb7a0
Event: 79.094 Thread 0x000001e121c49510 DEOPT UNPACKING pc=0x000001e0cf099d22 sp=0x0000004ad8efb760 mode 2

Classes loaded (20 events):
Event: 67.280 Loading class java/util/AbstractMap$SimpleEntry
Event: 67.280 Loading class java/util/AbstractMap$SimpleEntry done
Event: 67.451 Loading class jdk/internal/reflect/MethodHandleBooleanFieldAccessorImpl
Event: 67.452 Loading class jdk/internal/reflect/MethodHandleBooleanFieldAccessorImpl done
Event: 67.707 Loading class com/sun/crypto/provider/HmacCore$HmacSHA256
Event: 67.707 Loading class com/sun/crypto/provider/HmacCore$HmacSHA256 done
Event: 68.113 Loading class java/util/stream/LongStream
Event: 68.113 Loading class java/util/stream/LongStream done
Event: 68.113 Loading class java/util/stream/DoubleStream
Event: 68.115 Loading class java/util/stream/DoubleStream done
Event: 68.219 Loading class java/util/zip/DeflaterOutputStream
Event: 68.219 Loading class java/util/zip/DeflaterOutputStream done
Event: 68.220 Loading class java/util/zip/GZIPInputStream
Event: 68.221 Loading class java/util/zip/GZIPInputStream done
Event: 68.222 Loading class java/util/zip/GZIPOutputStream
Event: 68.222 Loading class java/util/zip/GZIPOutputStream done
Event: 70.281 Loading class java/util/concurrent/locks/ReentrantReadWriteLock$Sync$HoldCounter
Event: 70.292 Loading class java/util/concurrent/locks/ReentrantReadWriteLock$Sync$HoldCounter done
Event: 70.859 Loading class java/math/BigDecimal$StringBuilderHelper
Event: 70.861 Loading class java/math/BigDecimal$StringBuilderHelper done

Classes unloaded (0 events):
No events

Classes redefined (0 events):
No events

Internal exceptions (20 events):
Event: 52.473 Thread 0x000001e0bfa41270 Implicit null exception at 0x000001e0cf6a97a8 to 0x000001e0cf6a985e
Event: 53.204 Thread 0x000001e0bfa41270 Exception <a 'java/lang/NoSuchMethodError'{0x0000000086bc8b60}: 'void java.lang.invoke.DirectMethodHandle$Holder.invokeStatic(java.lang.Object, java.lang.Object, int)'> (0x0000000086bc8b60) 
thrown [s\open\src\hotspot\share\interpreter\linkResolver.cpp, line 773]
Event: 53.231 Thread 0x000001e0bfa41270 Exception <a 'java/lang/NoSuchMethodError'{0x0000000086a71e28}: 'java.lang.Object java.lang.invoke.DirectMethodHandle$Holder.newInvokeSpecial(java.lang.Object, java.lang.Object, java.lang.Object, java.lang.Object, java.lang.Object, java.lang.Object, java.lang.Object, java.lang.Object)'> (0x0000000086a71e28) 
thrown [s\open\src\hotspot\share\interpreter\linkResolver.cpp, line 773]
Event: 54.088 Thread 0x000001e0bfa41270 Exception <a 'java/lang/IncompatibleClassChangeError'{0x0000000084bb6690}: Found class java.lang.Object, but interface was expected> (0x0000000084bb6690) 
thrown [s\open\src\hotspot\share\interpreter\linkResolver.cpp, line 840]
Event: 54.216 Thread 0x000001e0bfa41270 Implicit null exception at 0x000001e0cf72bf48 to 0x000001e0cf72c128
Event: 54.779 Thread 0x000001e0bfa41270 Exception <a 'java/lang/NoSuchMethodError'{0x00000000868ae160}: 'java.lang.Object java.lang.invoke.DirectMethodHandle$Holder.invokeInterface(java.lang.Object, java.lang.Object, java.lang.Object, java.lang.Object)'> (0x00000000868ae160) 
thrown [s\open\src\hotspot\share\interpreter\linkResolver.cpp, line 773]
Event: 55.173 Thread 0x000001e0bfa41270 Exception <a 'java/lang/NoSuchMethodError'{0x0000000085354290}: 'void java.lang.invoke.DirectMethodHandle$Holder.invokeVirtual(java.lang.Object, java.lang.Object, long)'> (0x0000000085354290) 
thrown [s\open\src\hotspot\share\interpreter\linkResolver.cpp, line 773]
Event: 55.300 Thread 0x000001e0bfa41270 Exception <a 'java/lang/NoSuchMethodError'{0x000000008506af40}: 'int java.lang.invoke.DirectMethodHandle$Holder.invokeStaticInit(java.lang.Object, java.lang.Object, java.lang.Object, java.lang.Object)'> (0x000000008506af40) 
thrown [s\open\src\hotspot\share\interpreter\linkResolver.cpp, line 773]
Event: 55.310 Thread 0x000001e0bfa41270 Implicit null exception at 0x000001e0cf7fd72b to 0x000001e0cf7fdb4a
Event: 56.590 Thread 0x000001e0bfa41270 Exception <a 'java/lang/NoSuchMethodError'{0x0000000086c32008}: 'java.lang.Object java.lang.invoke.DirectMethodHandle$Holder.newInvokeSpecial(java.lang.Object, java.lang.Object, int, java.lang.Object, java.lang.Object)'> (0x0000000086c32008) 
thrown [s\open\src\hotspot\share\interpreter\linkResolver.cpp, line 773]
Event: 56.592 Thread 0x000001e0bfa41270 Exception <a 'java/lang/NoSuchMethodError'{0x0000000086c3cb40}: 'java.lang.Object java.lang.invoke.DirectMethodHandle$Holder.invokeSpecial(java.lang.Object, java.lang.Object, int, java.lang.Object, int, java.lang.Object)'> (0x0000000086c3cb40) 
thrown [s\open\src\hotspot\share\interpreter\linkResolver.cpp, line 773]
Event: 56.593 Thread 0x000001e0bfa41270 Exception <a 'java/lang/NoSuchMethodError'{0x0000000086c44260}: 'java.lang.Object java.lang.invoke.DirectMethodHandle$Holder.newInvokeSpecial(java.lang.Object, java.lang.Object, int, java.lang.Object, int)'> (0x0000000086c44260) 
thrown [s\open\src\hotspot\share\interpreter\linkResolver.cpp, line 773]
Event: 56.594 Thread 0x000001e0bfa41270 Exception <a 'java/lang/NoSuchMethodError'{0x0000000086c48088}: 'java.lang.Object java.lang.invoke.DirectMethodHandle$Holder.invokeSpecial(java.lang.Object, java.lang.Object, java.lang.Object, int, java.lang.Object, int)'> (0x0000000086c48088) 
thrown [s\open\src\hotspot\share\interpreter\linkResolver.cpp, line 773]
Event: 66.454 Thread 0x000001e121c47a80 Exception <a 'java/lang/NoSuchMethodError'{0x0000000086826258}: 'java.lang.Object java.lang.invoke.DirectMethodHandle$Holder.invokeSpecial(java.lang.Object, java.lang.Object, java.lang.Object, java.lang.Object, java.lang.Object, long)'> (0x0000000086826258) 
thrown [s\open\src\hotspot\share\interpreter\linkResolver.cpp, line 773]
Event: 66.454 Thread 0x000001e121c47a80 Exception <a 'java/lang/NoSuchMethodError'{0x00000000868299d0}: 'java.lang.Object java.lang.invoke.Invokers$Holder.linkToTargetMethod(java.lang.Object, java.lang.Object, java.lang.Object, long, java.lang.Object)'> (0x00000000868299d0) 
thrown [s\open\src\hotspot\share\interpreter\linkResolver.cpp, line 773]
Event: 66.799 Thread 0x000001e121c4ba40 Implicit null exception at 0x000001e0cf8e003e to 0x000001e0cf8e0065
Event: 67.356 Thread 0x000001e121c4ba40 Exception <a 'java/lang/IncompatibleClassChangeError'{0x0000000084c61968}: Found class java.lang.Object, but interface was expected> (0x0000000084c61968) 
thrown [s\open\src\hotspot\share\interpreter\linkResolver.cpp, line 840]
Event: 67.452 Thread 0x000001e121c4ba40 Exception <a 'java/lang/NoSuchMethodError'{0x0000000084b9ad40}: 'void java.lang.invoke.Invokers$Holder.invokeExact_MT(java.lang.Object, java.lang.Object, int, java.lang.Object)'> (0x0000000084b9ad40) 
thrown [s\open\src\hotspot\share\interpreter\linkResolver.cpp, line 773]
Event: 67.879 Thread 0x000001e121c4ba40 Exception <a 'java/lang/NoSuchMethodError'{0x00000000848c6560}: 'int java.lang.invoke.Invokers$Holder.invokeExact_MT(java.lang.Object, java.lang.Object, java.lang.Object)'> (0x00000000848c6560) 
thrown [s\open\src\hotspot\share\interpreter\linkResolver.cpp, line 773]
Event: 304.088 Thread 0x000001e121c48a70 Exception <a 'java/lang/NoSuchMethodError'{0x0000000086ded600}: 'java.lang.Object java.lang.invoke.DirectMethodHandle$Holder.invokeInterface(java.lang.Object, java.lang.Object, java.lang.Object, java.lang.Object, java.lang.Object)'> (0x0000000086ded600) 
thrown [s\open\src\hotspot\share\interpreter\linkResolver.cpp, line 773]

VM Operations (20 events):
Event: 133.439 Executing VM operation: Cleanup
Event: 133.439 Executing VM operation: Cleanup done
Event: 162.641 Executing VM operation: Cleanup
Event: 162.641 Executing VM operation: Cleanup done
Event: 235.302 Executing VM operation: Cleanup
Event: 235.302 Executing VM operation: Cleanup done
Event: 262.486 Executing VM operation: Cleanup
Event: 262.486 Executing VM operation: Cleanup done
Event: 263.491 Executing VM operation: Cleanup
Event: 263.491 Executing VM operation: Cleanup done
Event: 266.512 Executing VM operation: Cleanup
Event: 266.512 Executing VM operation: Cleanup done
Event: 300.726 Executing VM operation: HandshakeAllThreads
Event: 300.726 Executing VM operation: HandshakeAllThreads done
Event: 303.903 Executing VM operation: G1CollectForAllocation
Event: 303.912 Executing VM operation: G1CollectForAllocation done
Event: 304.018 Executing VM operation: G1PauseRemark
Event: 304.025 Executing VM operation: G1PauseRemark done
Event: 304.063 Executing VM operation: G1PauseCleanup
Event: 304.063 Executing VM operation: G1PauseCleanup done

Events (20 events):
Event: 304.024 Thread 0x000001e0dbb4fe50 flushing nmethod 0x000001e0c7bfd410
Event: 304.024 Thread 0x000001e0dbb4fe50 flushing nmethod 0x000001e0c7bf6010
Event: 304.024 Thread 0x000001e0dbb4fe50 flushing nmethod 0x000001e0c7b9ef90
Event: 304.024 Thread 0x000001e0dbb4fe50 flushing nmethod 0x000001e0c7b68110
Event: 304.024 Thread 0x000001e0dbb4fe50 flushing nmethod 0x000001e0cf92e490
Event: 304.024 Thread 0x000001e0dbb4fe50 flushing nmethod 0x000001e0cf92c810
Event: 304.024 Thread 0x000001e0dbb4fe50 flushing nmethod 0x000001e0cf925990
Event: 304.024 Thread 0x000001e0dbb4fe50 flushing nmethod 0x000001e0cf815110
Event: 304.024 Thread 0x000001e0dbb4fe50 flushing nmethod 0x000001e0cf889b90
Event: 304.024 Thread 0x000001e0dbb4fe50 flushing nmethod 0x000001e0cf7ef810
Event: 304.024 Thread 0x000001e0dbb4fe50 flushing nmethod 0x000001e0cf7dcf90
Event: 304.024 Thread 0x000001e0dbb4fe50 flushing nmethod 0x000001e0cf73fd90
Event: 304.024 Thread 0x000001e0dbb4fe50 flushing nmethod 0x000001e0cf73be10
Event: 304.024 Thread 0x000001e0dbb4fe50 flushing nmethod 0x000001e0cf7b3310
Event: 304.024 Thread 0x000001e0dbb4fe50 flushing nmethod 0x000001e0cf760810
Event: 304.024 Thread 0x000001e0dbb4fe50 flushing nmethod 0x000001e0cf72bd90
Event: 304.024 Thread 0x000001e0dbb4fe50 flushing nmethod 0x000001e0cf65d790
Event: 304.024 Thread 0x000001e0dbb4fe50 flushing nmethod 0x000001e0cf68a590
Event: 304.024 Thread 0x000001e0dbb4fe50 flushing nmethod 0x000001e0cf66c310
Event: 304.024 Thread 0x000001e0dbb4fe50 flushing nmethod 0x000001e0cf5db810


Dynamic libraries:
0x00007ff7ec990000 - 0x00007ff7ec9a0000 	C:\Program Files\Java\jdk-20\bin\java.exe
0x00007ffbf0430000 - 0x00007ffbf0628000 	C:\Windows\SYSTEM32\ntdll.dll
0x00007ffbefa90000 - 0x00007ffbefb51000 	C:\Windows\System32\KERNEL32.DLL
0x00007ffbedf80000 - 0x00007ffbee276000 	C:\Windows\System32\KERNELBASE.dll
0x00007ffbedd00000 - 0x00007ffbede00000 	C:\Windows\System32\ucrtbase.dll
0x00007ffbe7880000 - 0x00007ffbe7899000 	C:\Program Files\Java\jdk-20\bin\jli.dll
0x00007ffbef230000 - 0x00007ffbef2e0000 	C:\Windows\System32\ADVAPI32.dll
0x00007ffbef610000 - 0x00007ffbef6ae000 	C:\Windows\System32\msvcrt.dll
0x00007ffbeeff0000 - 0x00007ffbef090000 	C:\Windows\System32\sechost.dll
0x00007ffbef6b0000 - 0x00007ffbef7d3000 	C:\Windows\System32\RPCRT4.dll
0x00007ffbede00000 - 0x00007ffbede27000 	C:\Windows\System32\bcrypt.dll
0x00007ffbe4b20000 - 0x00007ffbe4b3b000 	C:\Program Files\Java\jdk-20\bin\VCRUNTIME140.dll
0x00007ffbef390000 - 0x00007ffbef52f000 	C:\Windows\System32\USER32.dll
0x00007ffbee310000 - 0x00007ffbee332000 	C:\Windows\System32\win32u.dll
0x00007ffbee460000 - 0x00007ffbee48b000 	C:\Windows\System32\GDI32.dll
0x00007ffbee340000 - 0x00007ffbee457000 	C:\Windows\System32\gdi32full.dll
0x00007ffbedee0000 - 0x00007ffbedf7d000 	C:\Windows\System32\msvcp_win.dll
0x00007ffbdf210000 - 0x00007ffbdf4aa000 	C:\Windows\WinSxS\amd64_microsoft.windows.common-controls_6595b64144ccf1df_6.0.19041.4355_none_60b8b9eb71f62e16\COMCTL32.dll
0x00007ffbe2fe0000 - 0x00007ffbe2fea000 	C:\Windows\SYSTEM32\VERSION.dll
0x00007ffbef530000 - 0x00007ffbef55f000 	C:\Windows\System32\IMM32.DLL
0x00007ffbe8b40000 - 0x00007ffbe8b4c000 	C:\Program Files\Java\jdk-20\bin\vcruntime140_1.dll
0x00007ffbe23f0000 - 0x00007ffbe247e000 	C:\Program Files\Java\jdk-20\bin\msvcp140.dll
0x00007ffb600e0000 - 0x00007ffb60d78000 	C:\Program Files\Java\jdk-20\bin\server\jvm.dll
0x00007ffbeb3c0000 - 0x00007ffbeb3c9000 	C:\Windows\SYSTEM32\WSOCK32.dll
0x00007ffbef9f0000 - 0x00007ffbefa5b000 	C:\Windows\System32\WS2_32.dll
0x00007ffbdfd60000 - 0x00007ffbdfd87000 	C:\Windows\SYSTEM32\WINMM.dll
0x00007ffbec2e0000 - 0x00007ffbec2f2000 	C:\Windows\SYSTEM32\kernel.appcore.dll
0x00007ffbe7870000 - 0x00007ffbe787a000 	C:\Program Files\Java\jdk-20\bin\jimage.dll
0x00007ffbe3000000 - 0x00007ffbe31e4000 	C:\Windows\SYSTEM32\DBGHELP.DLL
0x00007ffbe2e80000 - 0x00007ffbe2eb4000 	C:\Windows\SYSTEM32\dbgcore.DLL
0x00007ffbee280000 - 0x00007ffbee302000 	C:\Windows\System32\bcryptPrimitives.dll
0x00007ffbe1c40000 - 0x00007ffbe1c4e000 	C:\Program Files\Java\jdk-20\bin\instrument.dll
0x00007ffbe4af0000 - 0x00007ffbe4b16000 	C:\Program Files\Java\jdk-20\bin\java.dll
0x00007ffbcf240000 - 0x00007ffbcf317000 	C:\Program Files\Java\jdk-20\bin\jsvml.dll
0x00007ffbefc80000 - 0x00007ffbf03ec000 	C:\Windows\System32\SHELL32.dll
0x00007ffbeb570000 - 0x00007ffbebd0e000 	C:\Windows\SYSTEM32\windows.storage.dll
0x00007ffbeeb70000 - 0x00007ffbeeec3000 	C:\Windows\System32\combase.dll
0x00007ffbed420000 - 0x00007ffbed44e000 	C:\Windows\SYSTEM32\Wldp.dll
0x00007ffbeea90000 - 0x00007ffbeeb5d000 	C:\Windows\System32\OLEAUT32.dll
0x00007ffbef560000 - 0x00007ffbef60d000 	C:\Windows\System32\SHCORE.dll
0x00007ffbee490000 - 0x00007ffbee4e5000 	C:\Windows\System32\shlwapi.dll
0x00007ffbeda10000 - 0x00007ffbeda34000 	C:\Windows\SYSTEM32\profapi.dll
0x00007ffbe2300000 - 0x00007ffbe2318000 	C:\Program Files\Java\jdk-20\bin\zip.dll
0x00007ffbe2340000 - 0x00007ffbe2353000 	C:\Program Files\Java\jdk-20\bin\net.dll
0x00007ffbe5740000 - 0x00007ffbe584a000 	C:\Windows\SYSTEM32\WINHTTP.dll
0x00007ffbed200000 - 0x00007ffbed26a000 	C:\Windows\system32\mswsock.dll
0x00007ffbe2320000 - 0x00007ffbe2336000 	C:\Program Files\Java\jdk-20\bin\nio.dll
0x00007ffbe1c20000 - 0x00007ffbe1c3a000 	C:\Program Files\JetBrains\IntelliJ IDEA Community Edition 2023.1.2\bin\breakgen64.dll
0x00007ffbe4ae0000 - 0x00007ffbe4ae7000 	C:\Program Files\Java\jdk-20\bin\extnet.dll
0x00007ffbe21f0000 - 0x00007ffbe2200000 	C:\Program Files\Java\jdk-20\bin\verify.dll
0x00007ffbed460000 - 0x00007ffbed478000 	C:\Windows\SYSTEM32\CRYPTSP.dll
0x00007ffbecad0000 - 0x00007ffbecb04000 	C:\Windows\system32\rsaenh.dll
0x00007ffbed980000 - 0x00007ffbed9ae000 	C:\Windows\SYSTEM32\USERENV.dll
0x00007ffbed390000 - 0x00007ffbed39c000 	C:\Windows\SYSTEM32\CRYPTBASE.dll
0x00007ffbeceb0000 - 0x00007ffbeceeb000 	C:\Windows\SYSTEM32\IPHLPAPI.DLL
0x00007ffbefa60000 - 0x00007ffbefa68000 	C:\Windows\System32\NSI.dll
0x00007ffbe6cc0000 - 0x00007ffbe6cd7000 	C:\Windows\SYSTEM32\dhcpcsvc6.DLL
0x00007ffbe6a70000 - 0x00007ffbe6a8d000 	C:\Windows\SYSTEM32\dhcpcsvc.DLL
0x00007ffbecf00000 - 0x00007ffbecfca000 	C:\Windows\SYSTEM32\DNSAPI.dll
0x00007ffbe1c50000 - 0x00007ffbe1c5e000 	C:\Program Files\Java\jdk-20\bin\sunmscapi.dll
0x00007ffbedb50000 - 0x00007ffbedcae000 	C:\Windows\System32\CRYPT32.dll
0x00007ffbed570000 - 0x00007ffbed599000 	C:\Windows\SYSTEM32\ncrypt.dll
0x00007ffbed530000 - 0x00007ffbed56b000 	C:\Windows\SYSTEM32\NTASN1.dll
0x00007ffbe21e0000 - 0x00007ffbe21ea000 	C:\Program Files\Java\jdk-20\bin\management.dll
0x00007ffbe1c60000 - 0x00007ffbe1c6b000 	C:\Program Files\Java\jdk-20\bin\management_ext.dll
0x00007ffbeeb60000 - 0x00007ffbeeb68000 	C:\Windows\System32\PSAPI.DLL
0x00007ffbe1b50000 - 0x00007ffbe1b5a000 	C:\Windows\System32\rasadhlp.dll
0x00007ffbe4e00000 - 0x00007ffbe4e80000 	C:\Windows\System32\fwpuclnt.dll
0x00007ffb83720000 - 0x00007ffb83727000 	C:\Windows\system32\wshunix.dll

dbghelp: loaded successfully - version: 4.0.5 - missing functions: none
symbol engine: initialized successfully - sym options: 0x614 - pdb path: .;C:\Program Files\Java\jdk-20\bin;C:\Windows\SYSTEM32;C:\Windows\WinSxS\amd64_microsoft.windows.common-controls_6595b64144ccf1df_6.0.19041.4355_none_60b8b9eb71f62e16;C:\Program Files\Java\jdk-20\bin\server;C:\Program Files\JetBrains\IntelliJ IDEA Community Edition 2023.1.2\bin

VM Arguments:
jvm_args: -javaagent:C:\Program Files\JetBrains\IntelliJ IDEA Community Edition 2023.1.2\lib\idea_rt.jar=50739:C:\Program Files\JetBrains\IntelliJ IDEA Community Edition 2023.1.2\bin -Dfile.encoding=UTF-8 -Dsun.stdout.encoding=UTF-8 -Dsun.stderr.encoding=UTF-8 
java_command: com.exam.SecurityApplication
java_class_path (initial): G:\Project\ExamsBackEnd\BackEnd\ExamServer_Springboot\target\classes;C:\Users\D e r r y\.m2\repository\org\springframework\boot\spring-boot-starter-security\3.0.4\spring-boot-starter-security-3.0.4.jar;C:\Users\D e r r y\.m2\repository\org\springframework\boot\spring-boot-starter\3.0.1\spring-boot-starter-3.0.1.jar;C:\Users\D e r r y\.m2\repository\org\springframework\boot\spring-boot\3.0.1\spring-boot-3.0.1.jar;C:\Users\D e r r y\.m2\repository\org\springframework\boot\spring-boot-autoconfigure\3.0.1\spring-boot-autoconfigure-3.0.1.jar;C:\Users\D e r r y\.m2\repository\org\springframework\boot\spring-boot-starter-logging\3.0.1\spring-boot-starter-logging-3.0.1.jar;C:\Users\D e r r y\.m2\repository\ch\qos\logback\logback-classic\1.4.5\logback-classic-1.4.5.jar;C:\Users\D e r r y\.m2\repository\ch\qos\logback\logback-core\1.4.5\logback-core-1.4.5.jar;C:\Users\D e r r y\.m2\repository\org\apache\logging\log4j\log4j-to-slf4j\2.19.0\log4j-to-slf4j-2.19.0.jar;C:\Users\D e r r y\.m2\repository\org\apache\logging\log4j\log4j-api\2.19.0\log4j-api-2.19.0.jar;C:\Users\D e r r y\.m2\repository\org\slf4j\jul-to-slf4j\2.0.6\jul-to-slf4j-2.0.6.jar;C:\Users\D e r r y\.m2\repository\jakarta\annotation\jakarta.annotation-api\2.1.1\jakarta.annotation-api-2.1.1.jar;C:\Users\D e r r y\.m2\repository\org\yaml\snakeyaml\1.33\snakeyaml-1.33.jar;C:\Users\D e r r y\.m2\repository\org\springframework\spring-aop\6.0.3\spring-aop-6.0.3.jar;C:\Users\D e r r y\.m2\repository\org\springframework\security\spring-security-config\6.0.1\spring-security-config-6.0.1.jar;C:\Users\D e r r y\.m2\repository\org\springframework\security\spring-security-web\6.0.1\spring-security-web-6.0.1.jar;C:\Users\D e r r y\.m2\repository\org\springframework\boot\spring-boot-starter-web\3.1.0\spring-boot-starter-web-3.1.0.jar;C:\Users\D e r r y\.m2\repository\org\springframework\boot\spring-boot-starter-json\3.0.1\spring-boot-starter-json-3.0.1.jar;C:\Users\D e r r y\.m2\repository\com\fasterxml\jackson\datatype\jackson-datatype-jdk8\2.14.1\jackson-datatype-jdk8-2.14.1.jar;C:\Users\D e r r y\.m2\repository\com\fasterxml\jackson\datatype\jackson-datatype-jsr310\2.14.1\jackson-datatype-jsr310-2.14.1.jar;C:\Users\D e r r y\.m2\repository\com\fasterxml\jackson\module\jackson-module-parameter-names\2.14.1\jackson-module-parameter-names-2.14.1.jar;C:\Users\D e r r y\.m2\repository\org\springframework\boot\spring-boot-starter-tomcat\3.0.1\spring-boot-starter-tomcat-3.0.1.jar;C:\Users\D e r r y\.m2\repository\org\apache\tomcat\embed\tomcat-embed-core\10.1.4\tomcat-embed-core-10.1.4.jar;C:\Users\D e r r y\.m2\repository\org\apache\tomcat\embed\tomcat-embed-websocket\10.1.4\tomcat-embed-websocket-10.1.4.jar;C:\Users\D e r r y\.m2\repository\org\springframework\spring-web\6.0.3\spring-web-6.0.3.jar;C:\Users\D e r r y\.m2\repository\io\micrometer\micrometer-observation\1.10.2\micrometer-observation-1.10.2.jar;C:\Users\D e r r y\.m2\repository\io\micrometer\micrometer-commons\1.10.2\micrometer-commons-1.10.2.jar;C:\Users\D e r r y\.m2\repository\org\springframework\spring-webmvc\6.0.3\spring-webmvc-6.0.3.jar;C:\Users\D e r r y\.m2\repository\com\mysql\mysql-connector-j\8.0.32\mysql-connector-j-8.0.32.jar;C:\Users\D e r r y\.m2\repository\org\springframework\boot\spring-boot-starter-data-jpa\3.0.4\spring-boot-starter-data-jpa-3.0.4.jar;C:\Users\D e r r y\.m2\repository\org\springframework\boot\spring-boot-starter-aop\3.0.1\spring-boot-starter-aop-3.0.1.jar;C:\Users\D e r r y\.m2\repository\org\aspectj\aspectjweaver\1.9.19\aspectjweaver-1.9.19.jar;C:\Users\D e r r y\.m2\repository\org\springframework\boot\spring-boot-starter-jdbc\3.0.1\spring-boot-starter-jdbc-3.0.1.jar;C:\Users\D e r r y\.m2\repository\com\zaxxer\HikariCP\5.0.1\HikariCP-5.0.1.jar;C:\Users\D e r r y\.m2\repository\org\springframework\spring-jdbc\6.0.3\spring-jdbc-6.0.3.jar;C:\Users\D e r r y\.m2\repository\org\hibernate\orm\hibernate-core\6.1.6.Final\hibernate-core-6.1.6.Final.jar;C:\Users\D e r r y\.m2\repository\jakarta\persistence\jakarta.persistence-api\3.1.0\jakarta.persistence-api-3.1.0.jar;C:\Users\D e r r y\.m2\repository\jakarta\transaction\jakarta.transaction-api\2.0.1\jakarta.transaction-api-2.0.1.jar;C:\Users\D e r r y\.m2\repository\org\jboss\logging\jboss-logging\3.5.0.Final\jboss-logging-3.5.0.Final.jar;C:\Users\D e r r y\.m2\repository\org\hibernate\common\hibernate-commons-annotations\6.0.2.Final\hibernate-commons-annotations-6.0.2.Final.jar;C:\Users\D e r r y\.m2\repository\org\jboss\jandex\2.4.2.Final\jandex-2.4.2.Final.jar;C:\Users\D e r r y\.m2\repository\com\fasterxml\classmate\1.5.1\classmate-1.5.1.jar;C:\Users\D e r r y\.m2\repository\net\bytebuddy\byte-buddy\1.12.20\byte-buddy-1.12.20.jar;C:\Users\D e r r y\.m2\repository\org\glassfish\jaxb\jaxb-runtime\4.0.1\jaxb-runtime-4.0.1.jar;C:\Users\D e r r y\.m2\repository\org\glassfish\jaxb\jaxb-core\4.0.1\jaxb-core-4.0.1.jar;C:\Users\D e r r y\.m2\repository\org\eclipse\angus\angus-activation\1.0.0\angus-activation-1.0.0.jar;C:\Users\D e r r y\.m2\repository\org\glassfish\jaxb\txw2\4.0.1\txw2-4.0.1.jar;C:\Users\D e r r y\.m2\repository\com\sun\istack\istack-commons-runtime\4.1.1\istack-commons-runtime-4.1.1.jar;C:\Users\D e r r y\.m2\repository\jakarta\inject\jakarta.inject-api\2.0.0\jakarta.inject-api-2.0.0.jar;C:\Users\D e r r y\.m2\repository\org\antlr\antlr4-runtime\4.10.1\antlr4-runtime-4.10.1.jar;C:\Users\D e r r y\.m2\repository\org\springframework\data\spring-data-jpa\3.0.0\spring-data-jpa-3.0.0.jar;C:\Users\D e r r y\.m2\repository\org\springframework\data\spring-data-commons\3.0.0\spring-data-commons-3.0.0.jar;C:\Users\D e r r y\.m2\repository\org\springframework\spring-orm\6.0.3\spring-orm-6.0.3.jar;C:\Users\D e r r y\.m2\repository\org\springframework\spring-tx\6.0.3\spring-tx-6.0.3.jar;C:\Users\D e r r y\.m2\repository\org\slf4j\slf4j-api\2.0.6\slf4j-api-2.0.6.jar;C:\Users\D e r r y\.m2\repository\org\springframework\spring-aspects\6.0.3\spring-aspects-6.0.3.jar;C:\Users\D e r r y\.m2\repository\org\projectlombok\lombok\1.18.26\lombok-1.18.26.jar;C:\Users\D e r r y\.m2\repository\org\springframework\spring-context\6.0.9\spring-context-6.0.9.jar;C:\Users\D e r r y\.m2\repository\org\springframework\spring-beans\6.0.3\spring-beans-6.0.3.jar;C:\Users\D e r r y\.m2\repository\org\springframework\spring-core\6.0.3\spring-core-6.0.3.jar;C:\Users\D e r r y\.m2\repository\org\springframework\spring-jcl\6.0.3\spring-jcl-6.0.3.jar;C:\Users\D e r r y\.m2\repository\org\springframework\spring-expression\6.0.3\spring-expression-6.0.3.jar;C:\Users\D e r r y\.m2\repository\io\jsonwebtoken\jjwt-api\0.11.5\jjwt-api-0.11.5.jar;C:\Users\D e r r y\.m2\repository\io\jsonwebtoken\jjwt-impl\0.11.5\jjwt-impl-0.11.5.jar;C:\Users\D e r r y\.m2\repository\io\jsonwebtoken\jjwt-jackson\0.11.5\jjwt-jackson-0.11.5.jar;C:\Users\D e r r y\.m2\repository\com\fasterxml\jackson\core\jackson-databind\2.14.1\jackson-databind-2.14.1.jar;C:\Users\D e r r y\.m2\repository\com\fasterxml\jackson\core\jackson-annotations\2.14.1\jackson-annotations-2.14.1.jar;C:\Users\D e r r y\.m2\repository\com\fasterxml\jackson\core\jackson-core\2.14.1\jackson-core-2.14.1.jar;C:\Users\D e r r y\.m2\repository\jakarta\xml\bind\jakarta.xml.bind-api\4.0.0\jakarta.xml.bind-api-4.0.0.jar;C:\Users\D e r r y\.m2\repository\jakarta\activation\jakarta.activation-api\2.1.0\jakarta.activation-api-2.1.0.jar;C:\Users\D e r r y\.m2\repository\net\minidev\json-smart\2.4.8\json-smart-2.4.8.jar;C:\Users\D e r r y\.m2\repository\net\minidev\accessors-smart\2.4.8\accessors-smart-2.4.8.jar;C:\Users\D e r r y\.m2\repository\org\ow2\asm\asm\9.1\asm-9.1.jar;C:\Users\D e r r y\.m2\repository\org\springframework\security\spring-security-core\6.0.1\spring-security-core-6.0.1.jar;C:\Users\D e r r y\.m2\repository\org\springframework\security\spring-security-crypto\6.0.1\spring-security-crypto-6.0.1.jar;C:\Users\D e r r y\.m2\repository\org\apache\httpcomponents\httpclient\4.5.14\httpclient-4.5.14.jar;C:\Users\D e r r y\.m2\repository\org\apache\httpcomponents\httpcore\4.4.16\httpcore-4.4.16.jar;C:\Users\D e r r y\.m2\repository\commons-codec\commons-codec\1.15\commons-codec-1.15.jar;C:\Users\D e r r y\.m2\repository\org\springframework\boot\spring-boot-starter-validation\3.0.1\spring-boot-starter-validation-3.0.1.jar;C:\Users\D e r r y\.m2\repository\org\apache\tomcat\embed\tomcat-embed-el\10.1.4\tomcat-embed-el-10.1.4.jar;C:\Users\D e r r y\.m2\repository\org\hibernate\validator\hibernate-validator\8.0.0.Final\hibernate-validator-8.0.0.Final.jar;C:\Users\D e r r y\.m2\repository\jakarta\validation\jakarta.validation-api\3.0.2\jakarta.validation-api-3.0.2.jar;C:\Users\D e r r y\.m2\repository\org\json\json\20210307\json-20210307.jar;C:\Users\D e r r y\.m2\repository\org\springframework\security\spring-security-oauth2-core\6.0.1\spring-security-oauth2-core-6.0.1.jar;C:\Users\D e r r y\.m2\repository\org\springframework\security\spring-security-oauth2-client\6.0.1\spring-security-oauth2-client-6.0.1.jar;C:\Users\D e r r y\.m2\repository\com\nimbusds\oauth2-oidc-sdk\9.43.1\oauth2-oidc-sdk-9.43.1.jar;C:\Users\D e r r y\.m2\repository\com\github\stephenc\jcip\jcip-annotations\1.0-1\jcip-annotations-1.0-1.jar;C:\Users\D e r r y\.m2\repository\com\nimbusds\content-type\2.2\content-type-2.2.jar;C:\Users\D e r r y\.m2\repository\com\nimbusds\lang-tag\1.7\lang-tag-1.7.jar;C:\Users\D e r r y\.m2\repository\com\nimbusds\nimbus-jose-jwt\9.24.4\nimbus-jose-jwt-9.24.4.jar;C:\Users\D e r r y\.m2\repository\org\springframework\boot\spring-boot-starter-oauth2-resource-server\3.0.1\spring-boot-starter-oauth2-resource-server-3.0.1.jar;C:\Users\D e r r y\.m2\repository\org\springframework\security\spring-security-oauth2-resource-server\6.0.1\spring-security-oauth2-resource-server-6.0.1.jar;C:\Users\D e r r y\.m2\repository\org\springframework\security\spring-security-oauth2-jose\6.0.1\spring-security-oauth2-jose-6.0.1.jar;C:\Users\D e r r y\.m2\repository\org\springframework\boot\spring-boot-starter-thymeleaf\3.0.1\spring-boot-starter-thymeleaf-3.0.1.jar;C:\Users\D e r r y\.m2\repository\org\thymeleaf\thymeleaf-spring6\3.1.1.RELEASE\thymeleaf-spring6-3.1.1.RELEASE.jar;C:\Users\D e r r y\.m2\repository\org\thymeleaf\thymeleaf\3.1.1.RELEASE\thymeleaf-3.1.1.RELEASE.jar;C:\Users\D e r r y\.m2\repository\org\attoparser\attoparser\2.0.6.RELEASE\attoparser-2.0.6.RELEASE.jar;C:\Users\D e r r y\.m2\repository\org\unbescape\unbescape\1.1.6.RELEASE\unbescape-1.1.6.RELEASE.jar;C:\Users\D e r r y\.m2\repository\com\google\api-client\google-api-client\2.6.0\google-api-client-2.6.0.jar;C:\Users\D e r r y\.m2\repository\com\google\oauth-client\google-oauth-client\1.36.0\google-oauth-client-1.36.0.jar;C:\Users\D e r r y\.m2\repository\com\google\auth\google-auth-library-credentials\1.23.0\google-auth-library-credentials-1.23.0.jar;C:\Users\D e r r y\.m2\repository\com\google\auth\google-auth-library-oauth2-http\1.23.0\google-auth-library-oauth2-http-1.23.0.jar;C:\Users\D e r r y\.m2\repository\com\google\auto\value\auto-value-annotations\1.10.4\auto-value-annotations-1.10.4.jar;C:\Users\D e r r y\.m2\repository\com\google\code\findbugs\jsr305\3.0.2\jsr305-3.0.2.jar;C:\Users\D e r r y\.m2\repository\com\google\errorprone\error_prone_annotations\2.18.0\error_prone_annotations-2.18.0.jar;C:\Users\D e r r y\.m2\repository\com\google\http-client\google-http-client-gson\1.44.2\google-http-client-gson-1.44.2.jar;C:\Users\D e r r y\.m2\repository\com\google\code\gson\gson\2.9.1\gson-2.9.1.jar;C:\Users\D e r r y\.m2\repository\com\google\guava\guava\33.1.0-jre\guava-33.1.0-jre.jar;C:\Users\D e r r y\.m2\repository\com\google\guava\failureaccess\1.0.2\failureaccess-1.0.2.jar;C:\Users\D e r r y\.m2\repository\com\google\guava\listenablefuture\9999.0-empty-to-avoid-conflict-with-guava\listenablefuture-9999.0-empty-to-avoid-conflict-with-guava.jar;C:\Users\D e r r y\.m2\repository\org\checkerframework\checker-qual\3.42.0\checker-qual-3.42.0.jar;C:\Users\D e r r y\.m2\repository\com\google\j2objc\j2objc-annotations\3.0.0\j2objc-annotations-3.0.0.jar;C:\Users\D e r r y\.m2\repository\com\google\http-client\google-http-client-apache-v2\1.44.2\google-http-client-apache-v2-1.44.2.jar;C:\Users\D e r r y\.m2\repository\com\google\http-client\google-http-client\1.44.2\google-http-client-1.44.2.jar;C:\Users\D e r r y\.m2\repository\io\grpc\grpc-context\1.60.1\grpc-context-1.60.1.jar;C:\Users\D e r r y\.m2\repository\io\grpc\grpc-api\1.60.1\grpc-api-1.60.1.jar;C:\Users\D e r r y\.m2\repository\io\opencensus\opencensus-api\0.31.1\opencensus-api-0.31.1.jar;C:\Users\D e r r y\.m2\repository\io\opencensus\opencensus-contrib-http-util\0.31.1\opencensus-contrib-http-util-0.31.1.jar;C:\Users\D e r r y\.m2\repository\org\springframework\boot\spring-boot-starter-webflux\3.0.1\spring-boot-starter-webflux-3.0.1.jar;C:\Users\D e r r y\.m2\repository\org\springframework\boot\spring-boot-starter-reactor-netty\3.0.1\spring-boot-starter-reactor-netty-3.0.1.jar;C:\Users\D e r r y\.m2\repository\io\projectreactor\netty\reactor-netty-http\1.1.1\reactor-netty-http-1.1.1.jar;C:\Users\D e r r y\.m2\repository\io\netty\netty-codec-http\4.1.86.Final\netty-codec-http-4.1.86.Final.jar;C:\Users\D e r r y\.m2\repository\io\netty\netty-common\4.1.86.Final\netty-common-4.1.86.Final.jar;C:\Users\D e r r y\.m2\repository\io\netty\netty-buffer\4.1.86.Final\netty-buffer-4.1.86.Final.jar;C:\Users\D e r r y\.m2\repository\io\netty\netty-transport\4.1.86.Final\netty-transport-4.1.86.Final.jar;C:\Users\D e r r y\.m2\repository\io\netty\netty-codec\4.1.86.Final\netty-codec-4.1.86.Final.jar;C:\Users\D e r r y\.m2\repository\io\netty\netty-handler\4.1.86.Final\netty-handler-4.1.86.Final.jar;C:\Users\D e r r y\.m2\repository\io\netty\netty-codec-http2\4.1.86.Final\netty-codec-http2-4.1.86.Final.jar;C:\Users\D e r r y\.m2\repository\io\netty\netty-resolver-dns\4.1.86.Final\netty-resolver-dns-4.1.86.Final.jar;C:\Users\D e r r y\.m2\repository\io\netty\netty-resolver\4.1.86.Final\netty-resolver-4.1.86.Final.jar;C:\Users\D e r r y\.m2\repository\io\netty\netty-codec-dns\4.1.86.Final\netty-codec-dns-4.1.86.Final.jar;C:\Users\D e r r y\.m2\repository\io\netty\netty-resolver-dns-native-macos\4.1.86.Final\netty-resolver-dns-native-macos-4.1.86.Final-osx-x86_64.jar;C:\Users\D e r r y\.m2\repository\io\netty\netty-resolver-dns-classes-macos\4.1.86.Final\netty-resolver-dns-classes-macos-4.1.86.Final.jar;C:\Users\D e r r y\.m2\repository\io\netty\netty-transport-native-epoll\4.1.86.Final\netty-transport-native-epoll-4.1.86.Final-linux-x86_64.jar;C:\Users\D e r r y\.m2\repository\io\netty\netty-transport-native-unix-common\4.1.86.Final\netty-transport-native-unix-common-4.1.86.Final.jar;C:\Users\D e r r y\.m2\repository\io\netty\netty-transport-classes-epoll\4.1.86.Final\netty-transport-classes-epoll-4.1.86.Final.jar;C:\Users\D e r r y\.m2\repository\io\projectreactor\netty\reactor-netty-core\1.1.1\reactor-netty-core-1.1.1.jar;C:\Users\D e r r y\.m2\repository\io\netty\netty-handler-proxy\4.1.86.Final\netty-handler-proxy-4.1.86.Final.jar;C:\Users\D e r r y\.m2\repository\io\netty\netty-codec-socks\4.1.86.Final\netty-codec-socks-4.1.86.Final.jar;C:\Users\D e r r y\.m2\repository\org\springframework\spring-webflux\6.0.3\spring-webflux-6.0.3.jar;C:\Users\D e r r y\.m2\repository\io\projectreactor\reactor-core\3.5.1\reactor-core-3.5.1.jar;C:\Users\D e r r y\.m2\repository\org\reactivestreams\reactive-streams\1.0.4\reactive-streams-1.0.4.jar
Launcher Type: SUN_STANDARD

[Global flags]
     intx CICompilerCount                          = 3                                         {product} {ergonomic}
     uint ConcGCThreads                            = 1                                         {product} {ergonomic}
     uint G1ConcRefinementThreads                  = 4                                         {product} {ergonomic}
   size_t G1HeapRegionSize                         = 1048576                                   {product} {ergonomic}
    uintx GCDrainStackTargetSize                   = 64                                        {product} {ergonomic}
   size_t InitialHeapSize                          = 134217728                                 {product} {ergonomic}
   size_t MarkStackSize                            = 4194304                                   {product} {ergonomic}
   size_t MaxHeapSize                              = 2116026368                                {product} {ergonomic}
   size_t MaxNewSize                               = 1268776960                                {product} {ergonomic}
   size_t MinHeapDeltaBytes                        = 1048576                                   {product} {ergonomic}
   size_t MinHeapSize                              = 8388608                                   {product} {ergonomic}
    uintx NonNMethodCodeHeapSize                   = 5832780                                {pd product} {ergonomic}
    uintx NonProfiledCodeHeapSize                  = 122912730                              {pd product} {ergonomic}
    uintx ProfiledCodeHeapSize                     = 122912730                              {pd product} {ergonomic}
    uintx ReservedCodeCacheSize                    = 251658240                              {pd product} {ergonomic}
     bool SegmentedCodeCache                       = true                                      {product} {ergonomic}
   size_t SoftMaxHeapSize                          = 2116026368                             {manageable} {ergonomic}
     bool UseCompressedClassPointers               = true                           {product lp64_product} {ergonomic}
     bool UseCompressedOops                        = true                           {product lp64_product} {ergonomic}
     bool UseG1GC                                  = true                                      {product} {ergonomic}
     bool UseLargePagesIndividualAllocation        = false                                  {pd product} {ergonomic}

Logging:
Log output configuration:
 #0: stdout all=warning uptime,level,tags foldmultilines=false
 #1: stderr all=off uptime,level,tags foldmultilines=false

Environment Variables:
PATH=C:\Program Files\Common Files\Oracle\Java\javapath;C:\Program Files (x86)\Common Files\Oracle\Java\javapath;C:\Windows\system32;C:\Windows;C:\Windows\System32\Wbem;C:\Windows\System32\WindowsPowerShell\v1.0\;C:\Windows\System32\OpenSSH\;C:\Program Files\Git\cmd;C:\ProgramData\chocolatey\bin;C:\Program Files\apache-maven-3.9.4-bin\apache-maven-3.9.4\bin;C:\Program Files\dotnet\;C:\Program Files\Microsoft SQL Server\120\Tools\Binn\;C:\Program Files\nodejs\;C:\Program Files\MATLAB\R2024a\bin;C:\Users\D e r r y\anaconda3;C:\Users\D e r r y\anaconda3\Library\mingw-w64\bin;C:\Users\D e r r y\anaconda3\Library\usr\bin;C:\Users\D e r r y\anaconda3\Library\bin;C:\Users\D e r r y\anaconda3\Scripts;C:\Program Files\MySQL\MySQL Shell 8.0\bin\;C:\Users\D e r r y\AppData\Local\Microsoft\WindowsApps;C:\Program Files\JetBrains\IntelliJ IDEA Community Edition 2023.1.2\bin;;C:\Program Files\JetBrains\PyCharm Community Edition 2023.1.2\bin;;C:\Users\D e r r y\AppData\Local\Programs\Microsoft VS Code\bin;C:\Program Files\heroku\bin;C:\Program Files\bin;C:\Program Files\JetBrains\PhpStorm 2024.1\bin;;C:\Users\D e r r y\AppData\Roaming\npm
USERNAME=D e r r y
OS=Windows_NT
PROCESSOR_IDENTIFIER=Intel64 Family 6 Model 61 Stepping 4, GenuineIntel
TMP=C:\Users\DERRY~1\AppData\Local\Temp
TEMP=C:\Users\DERRY~1\AppData\Local\Temp




---------------  S Y S T E M  ---------------

OS:
 Windows 10 , 64 bit Build 19041 (10.0.19041.4597)
OS uptime: 0 days 4:28 hours
Hyper-V role detected

CPU: total 4 (initial active 4) (2 cores per cpu, 2 threads per core) family 6 model 61 stepping 4 microcode 0x2f, cx8, cmov, fxsr, ht, mmx, 3dnowpref, sse, sse2, sse3, ssse3, sse4.1, sse4.2, popcnt, lzcnt, tsc, tscinvbit, avx, avx2, aes, erms, clmul, bmi1, bmi2, rtm, adx, fma, vzeroupper, clflush, hv, rdtscp, f16c

Memory: 4k page, system-wide physical 8067M (356M free)
TotalPageFile size 10115M (AvailPageFile size 2M)
current process WorkingSet (physical memory assigned to process): 267M, peak: 267M
current process commit charge ("private bytes"): 302M, peak: 302M

vm_info: Java HotSpot(TM) 64-Bit Server VM (20.0.2+9-78) for windows-amd64 JRE (20.0.2+9-78), built on 2023-06-14T10:08:48Z by "mach5one" with MS VC++ 17.1 (VS2022)

END.
