#
# There is insufficient memory for the Java Runtime Environment to continue.
# Native memory allocation (malloc) failed to allocate 131088 bytes for Chunk::new
# Possible reasons:
#   The system is out of physical RAM or swap space
#   The process is running with CompressedOops enabled, and the Java Heap may be blocking the growth of the native heap
# Possible solutions:
#   Reduce memory load on the system
#   Increase physical memory or swap space
#   Check if swap backing store is full
#   Decrease Java heap size (-Xmx/-Xms)
#   Decrease number of Java threads
#   Decrease Java thread stack sizes (-Xss)
#   Set larger code cache with -XX:ReservedCodeCacheSize=
#   JVM is running with Unscaled Compressed Oops mode in which the Java heap is
#     placed in the first 4GB address space. The Java Heap base address is the
#     maximum limit for the native heap growth. Please use -XX:HeapBaseMinAddress
#     to set the Java Heap base and to place the Java Heap above 4GB virtual address.
# This output file may be truncated or incomplete.
#
#  Out of Memory Error (arena.cpp:184), pid=14848, tid=6180
#
# JRE version: Java(TM) SE Runtime Environment (20.0.2+9) (build 20.0.2+9-78)
# Java VM: Java HotSpot(TM) 64-Bit Server VM (20.0.2+9-78, mixed mode, sharing, tiered, compressed oops, compressed class ptrs, g1 gc, windows-amd64)
# No core dump will be written. Minidumps are not enabled by default on client versions of Windows
#

---------------  S U M M A R Y ------------

Command Line: -javaagent:C:\Program Files\JetBrains\IntelliJ IDEA Community Edition 2023.1.2\lib\idea_rt.jar=50548:C:\Program Files\JetBrains\IntelliJ IDEA Community Edition 2023.1.2\bin -Dfile.encoding=UTF-8 -Dsun.stdout.encoding=UTF-8 -Dsun.stderr.encoding=UTF-8 com.exam.SecurityApplication

Host: Intel(R) Core(TM) i5-5300U CPU @ 2.30GHz, 4 cores, 7G,  Windows 10 , 64 bit Build 19041 (10.0.19041.3636)
Time: Thu Dec 14 18:19:48 2023 Sao Tome Standard Time elapsed time: 1232.101926 seconds (0d 0h 20m 32s)

---------------  T H R E A D  ---------------

Current thread (0x0000018b6302d060):  JavaThread "C2 CompilerThread0" daemon [_thread_in_native, id=6180, stack(0x0000006880e00000,0x0000006880f00000)]


Current CompileTask:
C2:1232101 11153   !   4       java.util.ServiceLoader$LazyClassPathLookupIterator::hasNextService (144 bytes)

Stack: [0x0000006880e00000,0x0000006880f00000]
Native frames: (J=compiled Java code, j=interpreted, Vv=VM code, C=native code)
V  [jvm.dll+0x6bc25a]
V  [jvm.dll+0x84971a]
V  [jvm.dll+0x84b315]
V  [jvm.dll+0x84ba13]
V  [jvm.dll+0x280e4f]
V  [jvm.dll+0xc2ab1]
V  [jvm.dll+0xc2dd5]
V  [jvm.dll+0xc2bd4]
V  [jvm.dll+0x69a16c]
V  [jvm.dll+0x5e372f]
V  [jvm.dll+0x254684]
V  [jvm.dll+0x24cb12]
V  [jvm.dll+0x24a819]
V  [jvm.dll+0x1ce761]
V  [jvm.dll+0x25a0eb]
V  [jvm.dll+0x2587c0]
V  [jvm.dll+0x3f2dd5]
V  [jvm.dll+0x7f5c76]
V  [jvm.dll+0x6baecb]
C  [ucrtbase.dll+0x21bb2]
C  [KERNEL32.DLL+0x17344]
C  [ntdll.dll+0x526b1]


---------------  P R O C E S S  ---------------

Threads class SMR info:
_java_thread_list=0x0000018b67c3beb0, length=29, elements={
0x0000018b6301ee10, 0x0000018b63022030, 0x0000018b63026870, 0x0000018b6302a2d0,
0x0000018b6302ac10, 0x0000018b6302b7d0, 0x0000018b6302d060, 0x0000018b6302f9f0,
0x0000018b674ccf90, 0x0000018b677fb8a0, 0x0000018b677fbdf0, 0x0000018b687d01a0,
0x0000018b687d2180, 0x0000018b687d16e0, 0x0000018b687d2c20, 0x0000018b687d3170,
0x0000018b6a70caa0, 0x0000018b6a709580, 0x0000018b6a707050, 0x0000018b6a708590,
0x0000018b6a709ad0, 0x0000018b6a7075a0, 0x0000018b6a707af0, 0x0000018b6a70c000,
0x0000018b6a708ae0, 0x0000018b6a708040, 0x0000018b6a70a020, 0x0000018b6a706060,
0x0000018b6a7065b0
}

Java Threads: ( => current thread )
  0x0000018b6301ee10 JavaThread "Reference Handler" daemon [_thread_blocked, id=12708, stack(0x0000006880800000,0x0000006880900000)]
  0x0000018b63022030 JavaThread "Finalizer" daemon [_thread_blocked, id=2564, stack(0x0000006880900000,0x0000006880a00000)]
  0x0000018b63026870 JavaThread "Signal Dispatcher" daemon [_thread_blocked, id=9820, stack(0x0000006880a00000,0x0000006880b00000)]
  0x0000018b6302a2d0 JavaThread "Attach Listener" daemon [_thread_blocked, id=10960, stack(0x0000006880b00000,0x0000006880c00000)]
  0x0000018b6302ac10 JavaThread "Service Thread" daemon [_thread_blocked, id=11856, stack(0x0000006880c00000,0x0000006880d00000)]
  0x0000018b6302b7d0 JavaThread "Monitor Deflation Thread" daemon [_thread_blocked, id=9964, stack(0x0000006880d00000,0x0000006880e00000)]
=>0x0000018b6302d060 JavaThread "C2 CompilerThread0" daemon [_thread_in_native, id=6180, stack(0x0000006880e00000,0x0000006880f00000)]
  0x0000018b6302f9f0 JavaThread "C1 CompilerThread0" daemon [_thread_blocked, id=5636, stack(0x0000006880f00000,0x0000006881000000)]
  0x0000018b674ccf90 JavaThread "Common-Cleaner" daemon [_thread_blocked, id=8840, stack(0x0000006881000000,0x0000006881100000)]
  0x0000018b677fb8a0 JavaThread "Monitor Ctrl-Break" daemon [_thread_in_native, id=6464, stack(0x0000006881200000,0x0000006881300000)]
  0x0000018b677fbdf0 JavaThread "Notification Thread" daemon [_thread_blocked, id=2124, stack(0x0000006881300000,0x0000006881400000)]
  0x0000018b687d01a0 JavaThread "mysql-cj-abandoned-connection-cleanup" daemon [_thread_blocked, id=2012, stack(0x0000006881800000,0x0000006881900000)]
  0x0000018b687d2180 JavaThread "HikariPool-1 housekeeper" daemon [_thread_blocked, id=7192, stack(0x0000006881a00000,0x0000006881b00000)]
  0x0000018b687d16e0 JavaThread "Catalina-utility-1" [_thread_blocked, id=5028, stack(0x0000006881c00000,0x0000006881d00000)]
  0x0000018b687d2c20 JavaThread "Catalina-utility-2" [_thread_blocked, id=6392, stack(0x0000006881d00000,0x0000006881e00000)]
  0x0000018b687d3170 JavaThread "container-0" [_thread_blocked, id=6316, stack(0x0000006881e00000,0x0000006881f00000)]
  0x0000018b6a70caa0 JavaThread "http-nio-9191-exec-1" daemon [_thread_blocked, id=11452, stack(0x0000006881f00000,0x0000006882000000)]
  0x0000018b6a709580 JavaThread "http-nio-9191-exec-2" daemon [_thread_blocked, id=13580, stack(0x0000006882000000,0x0000006882100000)]
  0x0000018b6a707050 JavaThread "http-nio-9191-exec-3" daemon [_thread_blocked, id=10520, stack(0x0000006882100000,0x0000006882200000)]
  0x0000018b6a708590 JavaThread "http-nio-9191-exec-4" daemon [_thread_blocked, id=8392, stack(0x0000006882200000,0x0000006882300000)]
  0x0000018b6a709ad0 JavaThread "http-nio-9191-exec-5" daemon [_thread_blocked, id=9092, stack(0x0000006882300000,0x0000006882400000)]
  0x0000018b6a7075a0 JavaThread "http-nio-9191-exec-6" daemon [_thread_blocked, id=9116, stack(0x0000006882400000,0x0000006882500000)]
  0x0000018b6a707af0 JavaThread "http-nio-9191-exec-7" daemon [_thread_blocked, id=10504, stack(0x0000006882500000,0x0000006882600000)]
  0x0000018b6a70c000 JavaThread "http-nio-9191-exec-8" daemon [_thread_blocked, id=10496, stack(0x0000006882600000,0x0000006882700000)]
  0x0000018b6a708ae0 JavaThread "http-nio-9191-exec-9" daemon [_thread_blocked, id=10480, stack(0x0000006882700000,0x0000006882800000)]
  0x0000018b6a708040 JavaThread "http-nio-9191-exec-10" daemon [_thread_blocked, id=1776, stack(0x0000006882800000,0x0000006882900000)]
  0x0000018b6a70a020 JavaThread "http-nio-9191-Poller" daemon [_thread_in_native, id=3744, stack(0x0000006882900000,0x0000006882a00000)]
  0x0000018b6a706060 JavaThread "http-nio-9191-Acceptor" daemon [_thread_in_native, id=11268, stack(0x0000006882a00000,0x0000006882b00000)]
  0x0000018b6a7065b0 JavaThread "DestroyJavaVM" [_thread_blocked, id=11000, stack(0x0000006880100000,0x0000006880200000)]

Other Threads:
  0x0000018b62ffd6c0 VMThread "VM Thread" [stack: 0x0000006880700000,0x0000006880800000] [id=4676]
  0x0000018b677fd5f0 WatcherThread "VM Periodic Task Thread" [stack: 0x0000006881400000,0x0000006881500000] [id=11800]
  0x0000018b46f49050 WorkerThread "GC Thread#0" [stack: 0x0000006880200000,0x0000006880300000] [id=4280]
  0x0000018b67a8c1f0 WorkerThread "GC Thread#1" [stack: 0x0000006881100000,0x0000006881200000] [id=6536]
  0x0000018b67e8c780 WorkerThread "GC Thread#2" [stack: 0x0000006881500000,0x0000006881600000] [id=4640]
  0x0000018b67bd3430 WorkerThread "GC Thread#3" [stack: 0x0000006881600000,0x0000006881700000] [id=12912]
  0x0000018b46f5aac0 ConcurrentGCThread "G1 Main Marker" [stack: 0x0000006880300000,0x0000006880400000] [id=9636]
  0x0000018b46f5b400 WorkerThread "G1 Conc#0" [stack: 0x0000006880400000,0x0000006880500000] [id=5332]
  0x0000018b46fae9d0 ConcurrentGCThread "G1 Refine#0" [stack: 0x0000006880500000,0x0000006880600000] [id=15116]
  0x0000018b62ead500 ConcurrentGCThread "G1 Service" [stack: 0x0000006880600000,0x0000006880700000] [id=15112]

Threads with active compile tasks:
C2 CompilerThread0  1232157 11153   !   4       java.util.ServiceLoader$LazyClassPathLookupIterator::hasNextService (144 bytes)

VM state: not at safepoint (normal execution)

VM Mutex/Monitor currently owned by a thread: None

Heap address: 0x0000000081e00000, size: 2018 MB, Compressed Oops mode: 32-bit

CDS archive(s) mapped at: [0x0000018b00000000-0x0000018b00c60000-0x0000018b00c60000), size 12976128, SharedBaseAddress: 0x0000018b00000000, ArchiveRelocationMode: 1.
Compressed class space mapped at: 0x0000018b01000000-0x0000018b41000000, reserved size: 1073741824
Narrow klass base: 0x0000018b00000000, Narrow klass shift: 0, Narrow klass range: 0x100000000

GC Precious Log:
 CardTable entry size: 512
 Card Set container configuration: InlinePtr #cards 5 size 8 Array Of Cards #cards 12 size 40 Howl #buckets 4 coarsen threshold 1843 Howl Bitmap #cards 512 size 80 coarsen threshold 460 Card regions per heap region 1 cards per card region 2048
 CPUs: 4 total, 4 available
 Memory: 8067M
 Large Page Support: Disabled
 NUMA Support: Disabled
 Compressed Oops: Enabled (32-bit)
 Heap Region Size: 1M
 Heap Min Capacity: 8M
 Heap Initial Capacity: 128M
 Heap Max Capacity: 2018M
 Pre-touch: Disabled
 Parallel Workers: 4
 Concurrent Workers: 1
 Concurrent Refinement Workers: 4
 Periodic GC: Disabled

Heap:
 garbage-first heap   total 58368K, used 46408K [0x0000000081e00000, 0x0000000100000000)
  region size 1024K, 17 young (17408K), 2 survivors (2048K)
 Metaspace       used 75487K, committed 76288K, reserved 1179648K
  class space    used 9744K, committed 10112K, reserved 1048576K

Heap Regions: E=young(eden), S=young(survivor), O=old, HS=humongous(starts), HC=humongous(continues), CS=collection set, F=free, OA=open archive, CA=closed archive, TAMS=top-at-mark-start, PB=parsable bottom
|   0|0x0000000081e00000, 0x0000000081f00000, 0x0000000081f00000|100%|HS|  |TAMS 0x0000000081e00000| PB 0x0000000081e00000| Complete 
|   1|0x0000000081f00000, 0x0000000082000000, 0x0000000082000000|100%| O|  |TAMS 0x0000000081f00000| PB 0x0000000081f00000| Untracked 
|   2|0x0000000082000000, 0x0000000082100000, 0x0000000082100000|100%| O|  |TAMS 0x0000000082000000| PB 0x0000000082000000| Untracked 
|   3|0x0000000082100000, 0x0000000082200000, 0x0000000082200000|100%| O|  |TAMS 0x0000000082100000| PB 0x0000000082100000| Untracked 
|   4|0x0000000082200000, 0x0000000082300000, 0x0000000082300000|100%| O|  |TAMS 0x0000000082200000| PB 0x0000000082200000| Untracked 
|   5|0x0000000082300000, 0x0000000082400000, 0x0000000082400000|100%| O|  |TAMS 0x0000000082300000| PB 0x0000000082300000| Untracked 
|   6|0x0000000082400000, 0x0000000082500000, 0x0000000082500000|100%| O|  |TAMS 0x0000000082400000| PB 0x0000000082400000| Untracked 
|   7|0x0000000082500000, 0x0000000082600000, 0x0000000082600000|100%| O|  |TAMS 0x0000000082500000| PB 0x0000000082500000| Untracked 
|   8|0x0000000082600000, 0x0000000082700000, 0x0000000082700000|100%| O|  |TAMS 0x0000000082600000| PB 0x0000000082600000| Untracked 
|   9|0x0000000082700000, 0x0000000082800000, 0x0000000082800000|100%| O|  |TAMS 0x0000000082700000| PB 0x0000000082700000| Untracked 
|  10|0x0000000082800000, 0x0000000082900000, 0x0000000082900000|100%| O|  |TAMS 0x0000000082800000| PB 0x0000000082800000| Untracked 
|  11|0x0000000082900000, 0x0000000082a00000, 0x0000000082a00000|100%| O|  |TAMS 0x0000000082900000| PB 0x0000000082900000| Untracked 
|  12|0x0000000082a00000, 0x0000000082b00000, 0x0000000082b00000|100%| O|  |TAMS 0x0000000082a00000| PB 0x0000000082a00000| Untracked 
|  13|0x0000000082b00000, 0x0000000082b00000, 0x0000000082c00000|  0%| F|  |TAMS 0x0000000082b00000| PB 0x0000000082b00000| Untracked 
|  14|0x0000000082c00000, 0x0000000082d00000, 0x0000000082d00000|100%| O|  |TAMS 0x0000000082c00000| PB 0x0000000082c00000| Untracked 
|  15|0x0000000082d00000, 0x0000000082e00000, 0x0000000082e00000|100%| O|  |TAMS 0x0000000082d00000| PB 0x0000000082d00000| Untracked 
|  16|0x0000000082e00000, 0x0000000082f00000, 0x0000000082f00000|100%| O|  |TAMS 0x0000000082e00000| PB 0x0000000082e00000| Untracked 
|  17|0x0000000082f00000, 0x0000000083000000, 0x0000000083000000|100%| O|  |TAMS 0x0000000082f00000| PB 0x0000000082f00000| Untracked 
|  18|0x0000000083000000, 0x0000000083100000, 0x0000000083100000|100%| O|  |TAMS 0x0000000083000000| PB 0x0000000083000000| Untracked 
|  19|0x0000000083100000, 0x0000000083200000, 0x0000000083200000|100%| O|  |TAMS 0x0000000083100000| PB 0x0000000083100000| Untracked 
|  20|0x0000000083200000, 0x0000000083300000, 0x0000000083300000|100%| O|  |TAMS 0x0000000083200000| PB 0x0000000083200000| Untracked 
|  21|0x0000000083300000, 0x0000000083400000, 0x0000000083400000|100%| O|  |TAMS 0x0000000083300000| PB 0x0000000083300000| Untracked 
|  22|0x0000000083400000, 0x0000000083500000, 0x0000000083500000|100%| O|  |TAMS 0x0000000083400000| PB 0x0000000083400000| Untracked 
|  23|0x0000000083500000, 0x0000000083600000, 0x0000000083600000|100%| O|  |TAMS 0x0000000083500000| PB 0x0000000083500000| Untracked 
|  24|0x0000000083600000, 0x0000000083700000, 0x0000000083700000|100%| O|  |TAMS 0x0000000083600000| PB 0x0000000083600000| Untracked 
|  25|0x0000000083700000, 0x0000000083800000, 0x0000000083800000|100%| O|  |TAMS 0x0000000083700000| PB 0x0000000083700000| Untracked 
|  26|0x0000000083800000, 0x0000000083900000, 0x0000000083900000|100%| O|  |TAMS 0x0000000083800000| PB 0x0000000083800000| Untracked 
|  27|0x0000000083900000, 0x0000000083a00000, 0x0000000083a00000|100%| O|  |TAMS 0x0000000083900000| PB 0x0000000083900000| Untracked 
|  28|0x0000000083a00000, 0x0000000083b00000, 0x0000000083b00000|100%| O|  |TAMS 0x0000000083a00000| PB 0x0000000083a00000| Untracked 
|  29|0x0000000083b00000, 0x0000000083c00000, 0x0000000083c00000|100%| O|  |TAMS 0x0000000083b00000| PB 0x0000000083b00000| Untracked 
|  30|0x0000000083c00000, 0x0000000083d00000, 0x0000000083d00000|100%| O|  |TAMS 0x0000000083c00000| PB 0x0000000083c00000| Untracked 
|  31|0x0000000083d00000, 0x0000000083e00000, 0x0000000083e00000|100%| O|  |TAMS 0x0000000083d00000| PB 0x0000000083d00000| Untracked 
|  32|0x0000000083e00000, 0x0000000083e30200, 0x0000000083f00000| 18%| O|  |TAMS 0x0000000083e00000| PB 0x0000000083e00000| Untracked 
|  33|0x0000000083f00000, 0x0000000083f00000, 0x0000000084000000|  0%| F|  |TAMS 0x0000000083f00000| PB 0x0000000083f00000| Untracked 
|  34|0x0000000084000000, 0x0000000084000000, 0x0000000084100000|  0%| F|  |TAMS 0x0000000084000000| PB 0x0000000084000000| Untracked 
|  35|0x0000000084100000, 0x0000000084100000, 0x0000000084200000|  0%| F|  |TAMS 0x0000000084100000| PB 0x0000000084100000| Untracked 
|  36|0x0000000084200000, 0x0000000084200000, 0x0000000084300000|  0%| F|  |TAMS 0x0000000084200000| PB 0x0000000084200000| Untracked 
|  37|0x0000000084300000, 0x0000000084300000, 0x0000000084400000|  0%| F|  |TAMS 0x0000000084300000| PB 0x0000000084300000| Untracked 
|  38|0x0000000084400000, 0x0000000084422140, 0x0000000084500000| 13%| S|CS|TAMS 0x0000000084400000| PB 0x0000000084400000| Complete 
|  39|0x0000000084500000, 0x0000000084600000, 0x0000000084600000|100%| S|CS|TAMS 0x0000000084500000| PB 0x0000000084500000| Complete 
|  40|0x0000000084600000, 0x0000000084600000, 0x0000000084700000|  0%| F|  |TAMS 0x0000000084600000| PB 0x0000000084600000| Untracked 
|  41|0x0000000084700000, 0x0000000084700000, 0x0000000084800000|  0%| F|  |TAMS 0x0000000084700000| PB 0x0000000084700000| Untracked 
|  42|0x0000000084800000, 0x0000000084812948, 0x0000000084900000|  7%| E|  |TAMS 0x0000000084800000| PB 0x0000000084800000| Complete 
|  43|0x0000000084900000, 0x0000000084a00000, 0x0000000084a00000|100%| E|CS|TAMS 0x0000000084900000| PB 0x0000000084900000| Complete 
|  44|0x0000000084a00000, 0x0000000084b00000, 0x0000000084b00000|100%| E|CS|TAMS 0x0000000084a00000| PB 0x0000000084a00000| Complete 
|  45|0x0000000084b00000, 0x0000000084c00000, 0x0000000084c00000|100%| E|CS|TAMS 0x0000000084b00000| PB 0x0000000084b00000| Complete 
|  46|0x0000000084c00000, 0x0000000084d00000, 0x0000000084d00000|100%| E|CS|TAMS 0x0000000084c00000| PB 0x0000000084c00000| Complete 
|  47|0x0000000084d00000, 0x0000000084e00000, 0x0000000084e00000|100%| E|CS|TAMS 0x0000000084d00000| PB 0x0000000084d00000| Complete 
|  48|0x0000000084e00000, 0x0000000084f00000, 0x0000000084f00000|100%| E|CS|TAMS 0x0000000084e00000| PB 0x0000000084e00000| Complete 
|  49|0x0000000084f00000, 0x0000000085000000, 0x0000000085000000|100%| E|CS|TAMS 0x0000000084f00000| PB 0x0000000084f00000| Complete 
|  72|0x0000000086600000, 0x0000000086700000, 0x0000000086700000|100%| E|CS|TAMS 0x0000000086600000| PB 0x0000000086600000| Complete 
|  73|0x0000000086700000, 0x0000000086800000, 0x0000000086800000|100%| E|CS|TAMS 0x0000000086700000| PB 0x0000000086700000| Complete 
|  74|0x0000000086800000, 0x0000000086900000, 0x0000000086900000|100%| E|  |TAMS 0x0000000086800000| PB 0x0000000086800000| Complete 
|  75|0x0000000086900000, 0x0000000086a00000, 0x0000000086a00000|100%| E|CS|TAMS 0x0000000086900000| PB 0x0000000086900000| Complete 
|  76|0x0000000086a00000, 0x0000000086b00000, 0x0000000086b00000|100%| E|CS|TAMS 0x0000000086a00000| PB 0x0000000086a00000| Complete 
|  77|0x0000000086b00000, 0x0000000086c00000, 0x0000000086c00000|100%| E|CS|TAMS 0x0000000086b00000| PB 0x0000000086b00000| Complete 
|  78|0x0000000086c00000, 0x0000000086d00000, 0x0000000086d00000|100%| E|CS|TAMS 0x0000000086c00000| PB 0x0000000086c00000| Complete 

Card table byte_map: [0x0000018b5e3c0000,0x0000018b5e7c0000] _byte_map_base: 0x0000018b5dfb1000

Marking Bits: (CMBitMap*) 0x0000018b46f4a5a0
 Bits: [0x0000018b5ebc0000, 0x0000018b60b48000)

Polling page: 0x0000018b44ea0000

Metaspace:

Usage:
  Non-class:     64.20 MB used.
      Class:      9.52 MB used.
       Both:     73.72 MB used.

Virtual space:
  Non-class space:      128.00 MB reserved,      64.62 MB ( 50%) committed,  2 nodes.
      Class space:        1.00 GB reserved,       9.88 MB ( <1%) committed,  1 nodes.
             Both:        1.12 GB reserved,      74.50 MB (  6%) committed. 

Chunk freelists:
   Non-Class:  3.14 MB
       Class:  2.09 MB
        Both:  5.23 MB

MaxMetaspaceSize: unlimited
CompressedClassSpaceSize: 1.00 GB
Initial GC threshold: 21.00 MB
Current GC threshold: 121.69 MB
CDS: on
MetaspaceReclaimPolicy: balanced
 - commit_granule_bytes: 65536.
 - commit_granule_words: 8192.
 - virtual_space_node_default_size: 8388608.
 - enlarge_chunks_in_place: 1.
 - new_chunks_are_fully_committed: 0.
 - uncommit_free_chunks: 1.
 - use_allocation_guard: 0.


Internal statistics:

num_allocs_failed_limit: 9.
num_arena_births: 1150.
num_arena_deaths: 0.
num_vsnodes_births: 3.
num_vsnodes_deaths: 0.
num_space_committed: 1192.
num_space_uncommitted: 0.
num_chunks_returned_to_freelist: 9.
num_chunks_taken_from_freelist: 3873.
num_chunk_merges: 9.
num_chunk_splits: 2746.
num_chunks_enlarged: 2109.
num_inconsistent_stats: 0.

CodeHeap 'non-profiled nmethods': size=120000Kb used=5115Kb max_used=5115Kb free=114884Kb
 bounds [0x0000018b56a90000, 0x0000018b56f90000, 0x0000018b5dfc0000]
CodeHeap 'profiled nmethods': size=120000Kb used=19740Kb max_used=19740Kb free=100259Kb
 bounds [0x0000018b4efc0000, 0x0000018b50310000, 0x0000018b564f0000]
CodeHeap 'non-nmethods': size=5760Kb used=1769Kb max_used=1808Kb free=3990Kb
 bounds [0x0000018b564f0000, 0x0000018b56760000, 0x0000018b56a90000]
 total_blobs=10689 nmethods=9959 adapters=639
 compilation: enabled
              stopped_count=0, restarted_count=0
 full_count=0

Compilation events (20 events):
Event: 1232.012 Thread 0x0000018b6302f9f0 11160       3       org.hibernate.internal.SessionImpl::closeWithoutOpenChecks (110 bytes)
Event: 1232.015 Thread 0x0000018b6302f9f0 nmethod 11160 0x0000018b502fe890 code [0x0000018b502febe0, 0x0000018b50300570]
Event: 1232.016 Thread 0x0000018b6302f9f0 11161   !   3       org.hibernate.internal.AbstractSharedSessionContract::close (118 bytes)
Event: 1232.017 Thread 0x0000018b6302f9f0 nmethod 11161 0x0000018b50300d90 code [0x0000018b50301060, 0x0000018b503021d0]
Event: 1232.017 Thread 0x0000018b6302f9f0 11162       3       org.hibernate.engine.internal.SessionEventListenerManagerImpl::end (42 bytes)
Event: 1232.018 Thread 0x0000018b6302f9f0 nmethod 11162 0x0000018b50302810 code [0x0000018b503029c0, 0x0000018b50302c88]
Event: 1232.018 Thread 0x0000018b6302f9f0 11163       3       org.hibernate.internal.SessionImpl::removeSharedSessionTransactionObserver (16 bytes)
Event: 1232.018 Thread 0x0000018b6302f9f0 nmethod 11163 0x0000018b50302e10 code [0x0000018b50302fc0, 0x0000018b503032c0]
Event: 1232.018 Thread 0x0000018b6302f9f0 11164       3       org.hibernate.resource.transaction.spi.TransactionCoordinator::invalidate (1 bytes)
Event: 1232.018 Thread 0x0000018b6302f9f0 nmethod 11164 0x0000018b50303410 code [0x0000018b503035a0, 0x0000018b503036b0]
Event: 1232.018 Thread 0x0000018b6302f9f0 11165       3       org.hibernate.internal.AbstractSharedSessionContract::removeSharedSessionTransactionObserver (7 bytes)
Event: 1232.019 Thread 0x0000018b6302f9f0 nmethod 11165 0x0000018b50303790 code [0x0000018b50303920, 0x0000018b50303af0]
Event: 1232.027 Thread 0x0000018b6302f9f0 11166       3       org.hibernate.type.descriptor.java.LongJavaType::unwrap (11 bytes)
Event: 1232.028 Thread 0x0000018b6302f9f0 nmethod 11166 0x0000018b50303b90 code [0x0000018b50303d20, 0x0000018b50303f60]
Event: 1232.031 Thread 0x0000018b6302f9f0 11167       3       org.hibernate.type.descriptor.jdbc.BigIntJdbcType$1::doBind (28 bytes)
Event: 1232.031 Thread 0x0000018b6302f9f0 nmethod 11167 0x0000018b50304010 code [0x0000018b503041c0, 0x0000018b50304580]
Event: 1232.041 Thread 0x0000018b6302f9f0 11168       3       org.hibernate.loader.entity.CacheEntityLoaderHelper::loadFromSessionCache (190 bytes)
Event: 1232.045 Thread 0x0000018b6302f9f0 nmethod 11168 0x0000018b50304710 code [0x0000018b50304ac0, 0x0000018b50306a18]
Event: 1232.053 Thread 0x0000018b6302f9f0 11169       3       java.util.List::of (9 bytes)
Event: 1232.054 Thread 0x0000018b6302f9f0 nmethod 11169 0x0000018b50307610 code [0x0000018b503077e0, 0x0000018b50307d30]

GC Heap History (20 events):
Event: 13.002 GC heap before
{Heap before GC invocations=13 (full 0):
 garbage-first heap   total 48128K, used 41131K [0x0000000081e00000, 0x0000000100000000)
  region size 1024K, 19 young (19456K), 3 survivors (3072K)
 Metaspace       used 59317K, committed 59904K, reserved 1114112K
  class space    used 7736K, committed 8000K, reserved 1048576K
}
Event: 13.012 GC heap after
{Heap after GC invocations=14 (full 0):
 garbage-first heap   total 58368K, used 26006K [0x0000000081e00000, 0x0000000100000000)
  region size 1024K, 2 young (2048K), 2 survivors (2048K)
 Metaspace       used 59317K, committed 59904K, reserved 1114112K
  class space    used 7736K, committed 8000K, reserved 1048576K
}
Event: 13.362 GC heap before
{Heap before GC invocations=15 (full 0):
 garbage-first heap   total 58368K, used 50582K [0x0000000081e00000, 0x0000000100000000)
  region size 1024K, 26 young (26624K), 2 survivors (2048K)
 Metaspace       used 60407K, committed 60992K, reserved 1114112K
  class space    used 8061K, committed 8320K, reserved 1048576K
}
Event: 13.367 GC heap after
{Heap after GC invocations=16 (full 0):
 garbage-first heap   total 58368K, used 27189K [0x0000000081e00000, 0x0000000100000000)
  region size 1024K, 3 young (3072K), 3 survivors (3072K)
 Metaspace       used 60407K, committed 60992K, reserved 1114112K
  class space    used 8061K, committed 8320K, reserved 1048576K
}
Event: 13.905 GC heap before
{Heap before GC invocations=16 (full 0):
 garbage-first heap   total 58368K, used 48693K [0x0000000081e00000, 0x0000000100000000)
  region size 1024K, 25 young (25600K), 3 survivors (3072K)
 Metaspace       used 62316K, committed 62912K, reserved 1114112K
  class space    used 8303K, committed 8576K, reserved 1048576K
}
Event: 13.914 GC heap after
{Heap after GC invocations=17 (full 0):
 garbage-first heap   total 58368K, used 27645K [0x0000000081e00000, 0x0000000100000000)
  region size 1024K, 3 young (3072K), 3 survivors (3072K)
 Metaspace       used 62316K, committed 62912K, reserved 1114112K
  class space    used 8303K, committed 8576K, reserved 1048576K
}
Event: 15.084 GC heap before
{Heap before GC invocations=17 (full 0):
 garbage-first heap   total 58368K, used 50173K [0x0000000081e00000, 0x0000000100000000)
  region size 1024K, 25 young (25600K), 3 survivors (3072K)
 Metaspace       used 64786K, committed 65408K, reserved 1114112K
  class space    used 8649K, committed 8960K, reserved 1048576K
}
Event: 15.093 GC heap after
{Heap after GC invocations=18 (full 0):
 garbage-first heap   total 58368K, used 29621K [0x0000000081e00000, 0x0000000100000000)
  region size 1024K, 3 young (3072K), 3 survivors (3072K)
 Metaspace       used 64786K, committed 65408K, reserved 1114112K
  class space    used 8649K, committed 8960K, reserved 1048576K
}
Event: 19.274 GC heap before
{Heap before GC invocations=18 (full 0):
 garbage-first heap   total 58368K, used 50101K [0x0000000081e00000, 0x0000000100000000)
  region size 1024K, 24 young (24576K), 3 survivors (3072K)
 Metaspace       used 67425K, committed 68096K, reserved 1114112K
  class space    used 8986K, committed 9280K, reserved 1048576K
}
Event: 19.287 GC heap after
{Heap after GC invocations=19 (full 0):
 garbage-first heap   total 58368K, used 31213K [0x0000000081e00000, 0x0000000100000000)
  region size 1024K, 2 young (2048K), 2 survivors (2048K)
 Metaspace       used 67425K, committed 68096K, reserved 1114112K
  class space    used 8986K, committed 9280K, reserved 1048576K
}
Event: 37.024 GC heap before
{Heap before GC invocations=20 (full 0):
 garbage-first heap   total 58368K, used 50669K [0x0000000081e00000, 0x0000000100000000)
  region size 1024K, 22 young (22528K), 2 survivors (2048K)
 Metaspace       used 71386K, committed 72000K, reserved 1114112K
  class space    used 9506K, committed 9792K, reserved 1048576K
}
Event: 37.029 GC heap after
{Heap after GC invocations=21 (full 0):
 garbage-first heap   total 58368K, used 32560K [0x0000000081e00000, 0x0000000100000000)
  region size 1024K, 3 young (3072K), 3 survivors (3072K)
 Metaspace       used 71386K, committed 72000K, reserved 1114112K
  class space    used 9506K, committed 9792K, reserved 1048576K
}
Event: 334.482 GC heap before
{Heap before GC invocations=21 (full 0):
 garbage-first heap   total 58368K, used 49968K [0x0000000081e00000, 0x0000000100000000)
  region size 1024K, 21 young (21504K), 3 survivors (3072K)
 Metaspace       used 73280K, committed 73984K, reserved 1114112K
  class space    used 9654K, committed 9984K, reserved 1048576K
}
Event: 334.491 GC heap after
{Heap after GC invocations=22 (full 0):
 garbage-first heap   total 58368K, used 32804K [0x0000000081e00000, 0x0000000100000000)
  region size 1024K, 3 young (3072K), 3 survivors (3072K)
 Metaspace       used 73280K, committed 73984K, reserved 1114112K
  class space    used 9654K, committed 9984K, reserved 1048576K
}
Event: 399.747 GC heap before
{Heap before GC invocations=22 (full 0):
 garbage-first heap   total 58368K, used 49188K [0x0000000081e00000, 0x0000000100000000)
  region size 1024K, 20 young (20480K), 3 survivors (3072K)
 Metaspace       used 73977K, committed 74752K, reserved 1114112K
  class space    used 9678K, committed 10048K, reserved 1048576K
}
Event: 399.751 GC heap after
{Heap after GC invocations=23 (full 0):
 garbage-first heap   total 58368K, used 33108K [0x0000000081e00000, 0x0000000100000000)
  region size 1024K, 1 young (1024K), 1 survivors (1024K)
 Metaspace       used 73977K, committed 74752K, reserved 1114112K
  class space    used 9678K, committed 10048K, reserved 1048576K
}
Event: 583.535 GC heap before
{Heap before GC invocations=24 (full 0):
 garbage-first heap   total 58368K, used 51540K [0x0000000081e00000, 0x0000000100000000)
  region size 1024K, 20 young (20480K), 1 survivors (1024K)
 Metaspace       used 74737K, committed 75456K, reserved 1179648K
  class space    used 9726K, committed 10048K, reserved 1048576K
}
Event: 583.539 GC heap after
{Heap after GC invocations=25 (full 0):
 garbage-first heap   total 58368K, used 33256K [0x0000000081e00000, 0x0000000100000000)
  region size 1024K, 2 young (2048K), 2 survivors (2048K)
 Metaspace       used 74737K, committed 75456K, reserved 1179648K
  class space    used 9726K, committed 10048K, reserved 1048576K
}
Event: 716.378 GC heap before
{Heap before GC invocations=25 (full 0):
 garbage-first heap   total 58368K, used 49640K [0x0000000081e00000, 0x0000000100000000)
  region size 1024K, 19 young (19456K), 2 survivors (2048K)
 Metaspace       used 75165K, committed 75904K, reserved 1179648K
  class space    used 9727K, committed 10048K, reserved 1048576K
}
Event: 716.382 GC heap after
{Heap after GC invocations=26 (full 0):
 garbage-first heap   total 58368K, used 33096K [0x0000000081e00000, 0x0000000100000000)
  region size 1024K, 2 young (2048K), 2 survivors (2048K)
 Metaspace       used 75165K, committed 75904K, reserved 1179648K
  class space    used 9727K, committed 10048K, reserved 1048576K
}

Dll operation events (14 events):
Event: 0.018 Loaded shared library C:\Program Files\Java\jdk-20\bin\java.dll
Event: 0.053 Loaded shared library C:\Program Files\Java\jdk-20\bin\jsvml.dll
Event: 0.255 Loaded shared library C:\Program Files\Java\jdk-20\bin\zip.dll
Event: 0.260 Loaded shared library C:\Program Files\Java\jdk-20\bin\instrument.dll
Event: 0.269 Loaded shared library C:\Program Files\Java\jdk-20\bin\net.dll
Event: 0.273 Loaded shared library C:\Program Files\Java\jdk-20\bin\nio.dll
Event: 0.280 Loaded shared library C:\Program Files\Java\jdk-20\bin\zip.dll
Event: 0.624 Loaded shared library C:\Program Files\JetBrains\IntelliJ IDEA Community Edition 2023.1.2\bin\breakgen64.dll
Event: 0.641 Loaded shared library C:\Program Files\Java\jdk-20\bin\extnet.dll
Event: 0.693 Loaded shared library C:\Program Files\Java\jdk-20\bin\jimage.dll
Event: 2.963 Loaded shared library C:\Program Files\Java\jdk-20\bin\verify.dll
Event: 7.803 Loaded shared library C:\Program Files\Java\jdk-20\bin\sunmscapi.dll
Event: 7.830 Loaded shared library C:\Program Files\Java\jdk-20\bin\management.dll
Event: 7.833 Loaded shared library C:\Program Files\Java\jdk-20\bin\management_ext.dll

Deoptimization events (20 events):
Event: 935.124 Thread 0x0000018b6a70caa0 Uncommon trap: trap_request=0xffffff45 fr.pc=0x0000018b56f10528 relative=0x0000000000002a68
Event: 935.124 Thread 0x0000018b6a70caa0 Uncommon trap: reason=unstable_if action=reinterpret pc=0x0000018b56f10528 method=com.sun.crypto.provider.GaloisCounterMode$GCMEngine.doLastBlock(Lcom/sun/crypto/provider/GaloisCounterMode$GCMOperation;Ljava/nio/ByteBuffer;Ljava/nio/ByteBuffer;Ljava/nio/B
Event: 935.124 Thread 0x0000018b6a70caa0 DEOPT PACKING pc=0x0000018b56f10528 sp=0x0000006881ff8c20
Event: 935.124 Thread 0x0000018b6a70caa0 DEOPT UNPACKING pc=0x0000018b56559d22 sp=0x0000006881ff8b48 mode 2
Event: 935.125 Thread 0x0000018b6a70caa0 Uncommon trap: trap_request=0xffffff45 fr.pc=0x0000018b56e64f58 relative=0x00000000000006b8
Event: 935.125 Thread 0x0000018b6a70caa0 Uncommon trap: reason=unstable_if action=reinterpret pc=0x0000018b56e64f58 method=java.util.IdentityHashMap.put(Ljava/lang/Object;Ljava/lang/Object;)Ljava/lang/Object; @ 90 c2
Event: 935.125 Thread 0x0000018b6a70caa0 DEOPT PACKING pc=0x0000018b56e64f58 sp=0x0000006881ff9760
Event: 935.125 Thread 0x0000018b6a70caa0 DEOPT UNPACKING pc=0x0000018b56559d22 sp=0x0000006881ff9700 mode 2
Event: 1130.088 Thread 0x0000018b6a70c000 Uncommon trap: trap_request=0xffffff45 fr.pc=0x0000018b56eacb40 relative=0x0000000000000b00
Event: 1130.088 Thread 0x0000018b6a70c000 Uncommon trap: reason=unstable_if action=reinterpret pc=0x0000018b56eacb40 method=java.util.concurrent.ConcurrentHashMap.addCount(JI)V @ 34 c2
Event: 1130.088 Thread 0x0000018b6a70c000 DEOPT PACKING pc=0x0000018b56eacb40 sp=0x00000068826feeb0
Event: 1130.088 Thread 0x0000018b6a70c000 DEOPT UNPACKING pc=0x0000018b56559d22 sp=0x00000068826fed78 mode 2
Event: 1151.373 Thread 0x0000018b6a706060 Uncommon trap: trap_request=0xffffff45 fr.pc=0x0000018b56f7e390 relative=0x0000000000001050
Event: 1151.373 Thread 0x0000018b6a706060 Uncommon trap: reason=unstable_if action=reinterpret pc=0x0000018b56f7e390 method=java.util.concurrent.ConcurrentHashMap.addCount(JI)V @ 7 c2
Event: 1151.373 Thread 0x0000018b6a706060 DEOPT PACKING pc=0x0000018b56f7e390 sp=0x0000006882aff0e0
Event: 1151.373 Thread 0x0000018b6a706060 DEOPT UNPACKING pc=0x0000018b56559d22 sp=0x0000006882afefa0 mode 2
Event: 1151.374 Thread 0x0000018b6a706060 Uncommon trap: trap_request=0xffffff45 fr.pc=0x0000018b56c52490 relative=0x00000000000001d0
Event: 1151.374 Thread 0x0000018b6a706060 Uncommon trap: reason=unstable_if action=reinterpret pc=0x0000018b56c52490 method=java.util.concurrent.ConcurrentHashMap.addCount(JI)V @ 7 c2
Event: 1151.375 Thread 0x0000018b6a706060 DEOPT PACKING pc=0x0000018b56c52490 sp=0x0000006882aff040
Event: 1151.375 Thread 0x0000018b6a706060 DEOPT UNPACKING pc=0x0000018b56559d22 sp=0x0000006882afefa0 mode 2

Classes loaded (20 events):
Event: 19.966 Loading class java/util/OptionalDouble
Event: 19.967 Loading class java/util/OptionalDouble done
Event: 23.604 Loading class java/util/Collections$ReverseComparator2
Event: 23.605 Loading class java/util/Collections$ReverseComparator2 done
Event: 36.801 Loading class java/util/concurrent/locks/ReentrantReadWriteLock$Sync$HoldCounter
Event: 36.802 Loading class java/util/concurrent/locks/ReentrantReadWriteLock$Sync$HoldCounter done
Event: 36.940 Loading class java/util/stream/LongStream
Event: 36.953 Loading class java/util/stream/LongStream done
Event: 36.953 Loading class java/util/stream/DoubleStream
Event: 36.954 Loading class java/util/stream/DoubleStream done
Event: 36.990 Loading class org/w3c/dom/Node
Event: 36.990 Loading class org/w3c/dom/Node done
Event: 36.990 Loading class org/w3c/dom/Document
Event: 36.990 Loading class org/w3c/dom/Document done
Event: 37.038 Loading class java/math/BigDecimal$StringBuilderHelper
Event: 37.038 Loading class java/math/BigDecimal$StringBuilderHelper done
Event: 41.771 Loading class java/util/ArrayList$SubList$2
Event: 41.772 Loading class java/util/ArrayList$SubList$2 done
Event: 130.366 Loading class sun/reflect/generics/tree/IntSignature
Event: 130.367 Loading class sun/reflect/generics/tree/IntSignature done

Classes unloaded (0 events):
No events

Classes redefined (0 events):
No events

Internal exceptions (20 events):
Event: 13.581 Thread 0x0000018b46eeaf70 Exception <a 'java/lang/NoSuchMethodError'{0x000000008688cc18}: 'long java.lang.invoke.DirectMethodHandle$Holder.invokeVirtual(java.lang.Object, java.lang.Object)'> (0x000000008688cc18) 
thrown [s\open\src\hotspot\share\interpreter\linkResolver.cpp, line 773]
Event: 13.705 Thread 0x0000018b46eeaf70 Implicit null exception at 0x0000018b56b63728 to 0x0000018b56b637de
Event: 14.075 Thread 0x0000018b46eeaf70 Exception <a 'java/lang/NoSuchMethodError'{0x0000000086722808}: 'java.lang.Object java.lang.invoke.DirectMethodHandle$Holder.newInvokeSpecial(java.lang.Object, java.lang.Object, java.lang.Object, java.lang.Object, java.lang.Object, java.lang.Object, java.lang.Object, java.lang.Object)'> (0x0000000086722808) 
thrown [s\open\src\hotspot\share\interpreter\linkResolver.cpp, line 773]
Event: 14.933 Thread 0x0000018b46eeaf70 Exception <a 'java/lang/IncompatibleClassChangeError'{0x0000000084451bb8}: Found class java.lang.Object, but interface was expected> (0x0000000084451bb8) 
thrown [s\open\src\hotspot\share\interpreter\linkResolver.cpp, line 840]
Event: 15.074 Thread 0x0000018b46eeaf70 Implicit null exception at 0x0000018b56bb0a48 to 0x0000018b56bb0c58
Event: 15.074 Thread 0x0000018b46eeaf70 Implicit null exception at 0x0000018b56d74f2f to 0x0000018b56d75108
Event: 15.208 Thread 0x0000018b46eeaf70 Exception <a 'java/lang/NoSuchMethodError'{0x0000000084e1a040}: 'void java.lang.invoke.DirectMethodHandle$Holder.invokeVirtual(java.lang.Object, java.lang.Object, long)'> (0x0000000084e1a040) 
thrown [s\open\src\hotspot\share\interpreter\linkResolver.cpp, line 773]
Event: 15.346 Thread 0x0000018b46eeaf70 Exception <a 'java/lang/NoSuchMethodError'{0x0000000084b1b7b8}: 'int java.lang.invoke.DirectMethodHandle$Holder.invokeStaticInit(java.lang.Object, java.lang.Object, java.lang.Object, java.lang.Object)'> (0x0000000084b1b7b8) 
thrown [s\open\src\hotspot\share\interpreter\linkResolver.cpp, line 773]
Event: 15.499 Thread 0x0000018b46eeaf70 Exception <a 'java/lang/NoSuchMethodError'{0x0000000084758620}: 'java.lang.Object java.lang.invoke.DirectMethodHandle$Holder.newInvokeSpecial(java.lang.Object, java.lang.Object, int, java.lang.Object, java.lang.Object)'> (0x0000000084758620) 
thrown [s\open\src\hotspot\share\interpreter\linkResolver.cpp, line 773]
Event: 15.501 Thread 0x0000018b46eeaf70 Exception <a 'java/lang/NoSuchMethodError'{0x00000000847631e8}: 'java.lang.Object java.lang.invoke.DirectMethodHandle$Holder.invokeSpecial(java.lang.Object, java.lang.Object, int, java.lang.Object, int, java.lang.Object)'> (0x00000000847631e8) 
thrown [s\open\src\hotspot\share\interpreter\linkResolver.cpp, line 773]
Event: 15.502 Thread 0x0000018b46eeaf70 Exception <a 'java/lang/NoSuchMethodError'{0x000000008476ac78}: 'java.lang.Object java.lang.invoke.DirectMethodHandle$Holder.newInvokeSpecial(java.lang.Object, java.lang.Object, int, java.lang.Object, int)'> (0x000000008476ac78) 
thrown [s\open\src\hotspot\share\interpreter\linkResolver.cpp, line 773]
Event: 15.502 Thread 0x0000018b46eeaf70 Exception <a 'java/lang/NoSuchMethodError'{0x000000008476eae8}: 'java.lang.Object java.lang.invoke.DirectMethodHandle$Holder.invokeSpecial(java.lang.Object, java.lang.Object, java.lang.Object, int, java.lang.Object, int)'> (0x000000008476eae8) 
thrown [s\open\src\hotspot\share\interpreter\linkResolver.cpp, line 773]
Event: 19.029 Thread 0x0000018b6a70caa0 Exception <a 'java/lang/NoSuchMethodError'{0x000000008431b470}: 'java.lang.Object java.lang.invoke.DirectMethodHandle$Holder.invokeSpecial(java.lang.Object, java.lang.Object, java.lang.Object, java.lang.Object, java.lang.Object, long)'> (0x000000008431b470) 
thrown [s\open\src\hotspot\share\interpreter\linkResolver.cpp, line 773]
Event: 19.029 Thread 0x0000018b6a70caa0 Exception <a 'java/lang/NoSuchMethodError'{0x000000008431ee80}: 'java.lang.Object java.lang.invoke.Invokers$Holder.linkToTargetMethod(java.lang.Object, java.lang.Object, java.lang.Object, long, java.lang.Object)'> (0x000000008431ee80) 
thrown [s\open\src\hotspot\share\interpreter\linkResolver.cpp, line 773]
Event: 19.757 Thread 0x0000018b6a709580 Exception <a 'java/lang/IncompatibleClassChangeError'{0x0000000084c60980}: Found class java.lang.Object, but interface was expected> (0x0000000084c60980) 
thrown [s\open\src\hotspot\share\interpreter\linkResolver.cpp, line 840]
Event: 19.824 Thread 0x0000018b6a709580 Exception <a 'java/lang/NoSuchMethodError'{0x0000000084a4e688}: 'void java.lang.invoke.Invokers$Holder.invokeExact_MT(java.lang.Object, java.lang.Object, int, java.lang.Object)'> (0x0000000084a4e688) 
thrown [s\open\src\hotspot\share\interpreter\linkResolver.cpp, line 773]
Event: 19.884 Thread 0x0000018b6a709580 Exception <a 'java/lang/NoSuchMethodError'{0x00000000849c8b20}: 'java.lang.Object java.lang.invoke.DirectMethodHandle$Holder.invokeInterface(java.lang.Object, java.lang.Object, java.lang.Object, java.lang.Object)'> (0x00000000849c8b20) 
thrown [s\open\src\hotspot\share\interpreter\linkResolver.cpp, line 773]
Event: 19.887 Thread 0x0000018b6a709580 Exception <a 'java/lang/NoSuchMethodError'{0x00000000849dded8}: 'java.lang.Object java.lang.invoke.DirectMethodHandle$Holder.invokeInterface(java.lang.Object, java.lang.Object, java.lang.Object, java.lang.Object, java.lang.Object)'> (0x00000000849dded8) 
thrown [s\open\src\hotspot\share\interpreter\linkResolver.cpp, line 773]
Event: 41.769 Thread 0x0000018b6a707050 Exception <a 'java/lang/NoSuchMethodError'{0x0000000086cb8dd0}: 'java.lang.Object java.lang.invoke.DirectMethodHandle$Holder.invokeStatic(java.lang.Object, int, int)'> (0x0000000086cb8dd0) 
thrown [s\open\src\hotspot\share\interpreter\linkResolver.cpp, line 773]
Event: 130.698 Thread 0x0000018b6a709580 Exception <a 'java/lang/NoSuchMethodError'{0x0000000084cf8660}: 'int java.lang.invoke.Invokers$Holder.invokeExact_MT(java.lang.Object, java.lang.Object, java.lang.Object)'> (0x0000000084cf8660) 
thrown [s\open\src\hotspot\share\interpreter\linkResolver.cpp, line 773]

VM Operations (20 events):
Event: 994.300 Executing VM operation: Cleanup
Event: 994.300 Executing VM operation: Cleanup done
Event: 1075.910 Executing VM operation: Cleanup
Event: 1075.910 Executing VM operation: Cleanup done
Event: 1082.268 Executing VM operation: HandshakeAllThreads
Event: 1082.268 Executing VM operation: HandshakeAllThreads done
Event: 1110.518 Executing VM operation: Cleanup
Event: 1110.518 Executing VM operation: Cleanup done
Event: 1116.545 Executing VM operation: Cleanup
Event: 1116.546 Executing VM operation: Cleanup done
Event: 1123.607 Executing VM operation: Cleanup
Event: 1123.607 Executing VM operation: Cleanup done
Event: 1130.673 Executing VM operation: Cleanup
Event: 1130.673 Executing VM operation: Cleanup done
Event: 1142.505 Executing VM operation: HandshakeAllThreads
Event: 1142.505 Executing VM operation: HandshakeAllThreads done
Event: 1202.686 Executing VM operation: HandshakeAllThreads
Event: 1202.687 Executing VM operation: HandshakeAllThreads done
Event: 1221.817 Executing VM operation: Cleanup
Event: 1221.817 Executing VM operation: Cleanup done

Events (20 events):
Event: 399.835 Thread 0x0000018b62ffd6c0 flushing nmethod 0x0000018b56bbc490
Event: 399.835 Thread 0x0000018b62ffd6c0 flushing nmethod 0x0000018b56b11e10
Event: 399.835 Thread 0x0000018b62ffd6c0 flushing nmethod 0x0000018b56bb0890
Event: 399.835 Thread 0x0000018b62ffd6c0 flushing nmethod 0x0000018b56b81890
Event: 399.835 Thread 0x0000018b62ffd6c0 flushing nmethod 0x0000018b56bac110
Event: 399.835 Thread 0x0000018b62ffd6c0 flushing nmethod 0x0000018b56b63590
Event: 399.835 Thread 0x0000018b62ffd6c0 flushing nmethod 0x0000018b56b5e890
Event: 399.835 Thread 0x0000018b62ffd6c0 flushing nmethod 0x0000018b56b49d10
Event: 399.835 Thread 0x0000018b62ffd6c0 flushing nmethod 0x0000018b56b18910
Event: 399.835 Thread 0x0000018b62ffd6c0 flushing nmethod 0x0000018b56b18110
Event: 399.835 Thread 0x0000018b62ffd6c0 flushing nmethod 0x0000018b56ad6f90
Event: 399.835 Thread 0x0000018b62ffd6c0 flushing nmethod 0x0000018b56a99890
Event: 557.227 Thread 0x0000018b69ef3c80 Thread added: 0x0000018b69ef3c80
Event: 559.147 Thread 0x0000018b69ef3c80 Thread exited: 0x0000018b69ef3c80
Event: 632.485 Thread 0x0000018b69ef47a0 Thread added: 0x0000018b69ef47a0
Event: 637.782 Thread 0x0000018b69ef47a0 Thread exited: 0x0000018b69ef47a0
Event: 639.057 Thread 0x0000018b69eef430 Thread added: 0x0000018b69eef430
Event: 644.129 Thread 0x0000018b69eef430 Thread exited: 0x0000018b69eef430
Event: 935.892 Thread 0x0000018b69ef4210 Thread added: 0x0000018b69ef4210
Event: 940.959 Thread 0x0000018b69ef4210 Thread exited: 0x0000018b69ef4210


Dynamic libraries:
0x00007ff65d370000 - 0x00007ff65d380000 	C:\Program Files\Java\jdk-20\bin\java.exe
0x00007ffce8ef0000 - 0x00007ffce90e8000 	C:\Windows\SYSTEM32\ntdll.dll
0x00007ffce7030000 - 0x00007ffce70ed000 	C:\Windows\System32\KERNEL32.DLL
0x00007ffce68f0000 - 0x00007ffce6be6000 	C:\Windows\System32\KERNELBASE.dll
0x00007ffce6cf0000 - 0x00007ffce6df0000 	C:\Windows\System32\ucrtbase.dll
0x00007ffce0610000 - 0x00007ffce062b000 	C:\Program Files\Java\jdk-20\bin\VCRUNTIME140.dll
0x00007ffce0630000 - 0x00007ffce0649000 	C:\Program Files\Java\jdk-20\bin\jli.dll
0x00007ffce7af0000 - 0x00007ffce7b9f000 	C:\Windows\System32\ADVAPI32.dll
0x00007ffce7210000 - 0x00007ffce72ae000 	C:\Windows\System32\msvcrt.dll
0x00007ffce8e10000 - 0x00007ffce8eac000 	C:\Windows\System32\sechost.dll
0x00007ffce82a0000 - 0x00007ffce83c6000 	C:\Windows\System32\RPCRT4.dll
0x00007ffce7ba0000 - 0x00007ffce7d3e000 	C:\Windows\System32\USER32.dll
0x00007ffce6700000 - 0x00007ffce6722000 	C:\Windows\System32\win32u.dll
0x00007ffce7000000 - 0x00007ffce702c000 	C:\Windows\System32\GDI32.dll
0x00007ffce6730000 - 0x00007ffce684a000 	C:\Windows\System32\gdi32full.dll
0x00007ffce6660000 - 0x00007ffce66fd000 	C:\Windows\System32\msvcp_win.dll
0x00007ffcda640000 - 0x00007ffcda8da000 	C:\Windows\WinSxS\amd64_microsoft.windows.common-controls_6595b64144ccf1df_6.0.19041.3636_none_60b6a03d71f818d5\COMCTL32.dll
0x00007ffcdd1d0000 - 0x00007ffcdd1da000 	C:\Windows\SYSTEM32\VERSION.dll
0x00007ffce7370000 - 0x00007ffce73a0000 	C:\Windows\System32\IMM32.DLL
0x00007ffce1a20000 - 0x00007ffce1a2c000 	C:\Program Files\Java\jdk-20\bin\vcruntime140_1.dll
0x00007ffcb0a50000 - 0x00007ffcb0ade000 	C:\Program Files\Java\jdk-20\bin\msvcp140.dll
0x00007ffcafdb0000 - 0x00007ffcb0a48000 	C:\Program Files\Java\jdk-20\bin\server\jvm.dll
0x00007ffcdeca0000 - 0x00007ffcdeca9000 	C:\Windows\SYSTEM32\WSOCK32.dll
0x00007ffce8c40000 - 0x00007ffce8cab000 	C:\Windows\System32\WS2_32.dll
0x00007ffcdb6c0000 - 0x00007ffcdb6e7000 	C:\Windows\SYSTEM32\WINMM.dll
0x00007ffce4e10000 - 0x00007ffce4e22000 	C:\Windows\SYSTEM32\kernel.appcore.dll
0x00007ffce0600000 - 0x00007ffce060a000 	C:\Program Files\Java\jdk-20\bin\jimage.dll
0x00007ffcddad0000 - 0x00007ffcddcb4000 	C:\Windows\SYSTEM32\DBGHELP.DLL
0x00007ffcdda20000 - 0x00007ffcdda54000 	C:\Windows\SYSTEM32\dbgcore.DLL
0x00007ffce65d0000 - 0x00007ffce6652000 	C:\Windows\System32\bcryptPrimitives.dll
0x00007ffce1d20000 - 0x00007ffce1d2e000 	C:\Program Files\Java\jdk-20\bin\instrument.dll
0x00007ffcdc710000 - 0x00007ffcdc736000 	C:\Program Files\Java\jdk-20\bin\java.dll
0x00007ffcafb00000 - 0x00007ffcafbd7000 	C:\Program Files\Java\jdk-20\bin\jsvml.dll
0x00007ffce73a0000 - 0x00007ffce7ae5000 	C:\Windows\System32\SHELL32.dll
0x00007ffce45c0000 - 0x00007ffce4d5b000 	C:\Windows\SYSTEM32\windows.storage.dll
0x00007ffce7d40000 - 0x00007ffce8094000 	C:\Windows\System32\combase.dll
0x00007ffce5e60000 - 0x00007ffce5e8d000 	C:\Windows\SYSTEM32\Wldp.dll
0x00007ffce8b90000 - 0x00007ffce8c3d000 	C:\Windows\System32\SHCORE.dll
0x00007ffce80a0000 - 0x00007ffce80f5000 	C:\Windows\System32\shlwapi.dll
0x00007ffce6500000 - 0x00007ffce6525000 	C:\Windows\SYSTEM32\profapi.dll
0x00007ffcdc290000 - 0x00007ffcdc2a8000 	C:\Program Files\Java\jdk-20\bin\zip.dll
0x00007ffcdc6f0000 - 0x00007ffcdc703000 	C:\Program Files\Java\jdk-20\bin\net.dll
0x00007ffcdffd0000 - 0x00007ffce00da000 	C:\Windows\SYSTEM32\WINHTTP.dll
0x00007ffce5c40000 - 0x00007ffce5caa000 	C:\Windows\system32\mswsock.dll
0x00007ffcdc2b0000 - 0x00007ffcdc2c6000 	C:\Program Files\Java\jdk-20\bin\nio.dll
0x00007ffce1d00000 - 0x00007ffce1d1a000 	C:\Program Files\JetBrains\IntelliJ IDEA Community Edition 2023.1.2\bin\breakgen64.dll
0x00007ffcda0d0000 - 0x00007ffcda0d7000 	C:\Program Files\Java\jdk-20\bin\extnet.dll
0x00007ffc615f0000 - 0x00007ffc61600000 	C:\Program Files\Java\jdk-20\bin\verify.dll
0x00007ffce5ea0000 - 0x00007ffce5eb8000 	C:\Windows\SYSTEM32\CRYPTSP.dll
0x00007ffce5590000 - 0x00007ffce55c4000 	C:\Windows\system32\rsaenh.dll
0x00007ffce6850000 - 0x00007ffce6877000 	C:\Windows\System32\bcrypt.dll
0x00007ffce6480000 - 0x00007ffce64ae000 	C:\Windows\SYSTEM32\USERENV.dll
0x00007ffce5dd0000 - 0x00007ffce5ddc000 	C:\Windows\SYSTEM32\CRYPTBASE.dll
0x00007ffce5950000 - 0x00007ffce598b000 	C:\Windows\SYSTEM32\IPHLPAPI.DLL
0x00007ffce8190000 - 0x00007ffce8198000 	C:\Windows\System32\NSI.dll
0x00007ffce0180000 - 0x00007ffce0197000 	C:\Windows\SYSTEM32\dhcpcsvc6.DLL
0x00007ffce00e0000 - 0x00007ffce00fd000 	C:\Windows\SYSTEM32\dhcpcsvc.DLL
0x00007ffce5990000 - 0x00007ffce5a5a000 	C:\Windows\SYSTEM32\DNSAPI.dll
0x00007ffce1a30000 - 0x00007ffce1a3e000 	C:\Program Files\Java\jdk-20\bin\sunmscapi.dll
0x00007ffce6df0000 - 0x00007ffce6f4d000 	C:\Windows\System32\CRYPT32.dll
0x00007ffce5fb0000 - 0x00007ffce5fd7000 	C:\Windows\SYSTEM32\ncrypt.dll
0x00007ffce5f70000 - 0x00007ffce5fab000 	C:\Windows\SYSTEM32\NTASN1.dll
0x00007ffce1a50000 - 0x00007ffce1a5a000 	C:\Program Files\Java\jdk-20\bin\management.dll
0x00007ffce1a40000 - 0x00007ffce1a4b000 	C:\Program Files\Java\jdk-20\bin\management_ext.dll
0x00007ffce8b80000 - 0x00007ffce8b88000 	C:\Windows\System32\PSAPI.DLL
0x00007ffcdc6c0000 - 0x00007ffcdc6ca000 	C:\Windows\System32\rasadhlp.dll
0x00007ffcdfcf0000 - 0x00007ffcdfd70000 	C:\Windows\System32\fwpuclnt.dll
0x00007ffcc0f20000 - 0x00007ffcc0f27000 	C:\Windows\system32\wshunix.dll

dbghelp: loaded successfully - version: 4.0.5 - missing functions: none
symbol engine: initialized successfully - sym options: 0x614 - pdb path: .;C:\Program Files\Java\jdk-20\bin;C:\Windows\SYSTEM32;C:\Windows\WinSxS\amd64_microsoft.windows.common-controls_6595b64144ccf1df_6.0.19041.3636_none_60b6a03d71f818d5;C:\Program Files\Java\jdk-20\bin\server;C:\Program Files\JetBrains\IntelliJ IDEA Community Edition 2023.1.2\bin

VM Arguments:
jvm_args: -javaagent:C:\Program Files\JetBrains\IntelliJ IDEA Community Edition 2023.1.2\lib\idea_rt.jar=50548:C:\Program Files\JetBrains\IntelliJ IDEA Community Edition 2023.1.2\bin -Dfile.encoding=UTF-8 -Dsun.stdout.encoding=UTF-8 -Dsun.stderr.encoding=UTF-8 
java_command: com.exam.SecurityApplication
java_class_path (initial): G:\Project\ExamsBackEnd\BackEnd\ExamServer_Springboot\target\classes;C:\Users\D e r r y\.m2\repository\org\springframework\boot\spring-boot-starter-security\3.0.4\spring-boot-starter-security-3.0.4.jar;C:\Users\D e r r y\.m2\repository\org\springframework\boot\spring-boot-starter\3.0.1\spring-boot-starter-3.0.1.jar;C:\Users\D e r r y\.m2\repository\org\springframework\boot\spring-boot\3.0.1\spring-boot-3.0.1.jar;C:\Users\D e r r y\.m2\repository\org\springframework\boot\spring-boot-autoconfigure\3.0.1\spring-boot-autoconfigure-3.0.1.jar;C:\Users\D e r r y\.m2\repository\org\springframework\boot\spring-boot-starter-logging\3.0.1\spring-boot-starter-logging-3.0.1.jar;C:\Users\D e r r y\.m2\repository\ch\qos\logback\logback-classic\1.4.5\logback-classic-1.4.5.jar;C:\Users\D e r r y\.m2\repository\ch\qos\logback\logback-core\1.4.5\logback-core-1.4.5.jar;C:\Users\D e r r y\.m2\repository\org\apache\logging\log4j\log4j-to-slf4j\2.19.0\log4j-to-slf4j-2.19.0.jar;C:\Users\D e r r y\.m2\repository\org\apache\logging\log4j\log4j-api\2.19.0\log4j-api-2.19.0.jar;C:\Users\D e r r y\.m2\repository\org\slf4j\jul-to-slf4j\2.0.6\jul-to-slf4j-2.0.6.jar;C:\Users\D e r r y\.m2\repository\jakarta\annotation\jakarta.annotation-api\2.1.1\jakarta.annotation-api-2.1.1.jar;C:\Users\D e r r y\.m2\repository\org\yaml\snakeyaml\1.33\snakeyaml-1.33.jar;C:\Users\D e r r y\.m2\repository\org\springframework\spring-aop\6.0.3\spring-aop-6.0.3.jar;C:\Users\D e r r y\.m2\repository\org\springframework\security\spring-security-config\6.0.1\spring-security-config-6.0.1.jar;C:\Users\D e r r y\.m2\repository\org\springframework\security\spring-security-web\6.0.1\spring-security-web-6.0.1.jar;C:\Users\D e r r y\.m2\repository\org\springframework\boot\spring-boot-starter-web\3.1.0\spring-boot-starter-web-3.1.0.jar;C:\Users\D e r r y\.m2\repository\org\springframework\boot\spring-boot-starter-json\3.0.1\spring-boot-starter-json-3.0.1.jar;C:\Users\D e r r y\.m2\repository\com\fasterxml\jackson\datatype\jackson-datatype-jdk8\2.14.1\jackson-datatype-jdk8-2.14.1.jar;C:\Users\D e r r y\.m2\repository\com\fasterxml\jackson\datatype\jackson-datatype-jsr310\2.14.1\jackson-datatype-jsr310-2.14.1.jar;C:\Users\D e r r y\.m2\repository\com\fasterxml\jackson\module\jackson-module-parameter-names\2.14.1\jackson-module-parameter-names-2.14.1.jar;C:\Users\D e r r y\.m2\repository\org\springframework\boot\spring-boot-starter-tomcat\3.0.1\spring-boot-starter-tomcat-3.0.1.jar;C:\Users\D e r r y\.m2\repository\org\apache\tomcat\embed\tomcat-embed-core\10.1.4\tomcat-embed-core-10.1.4.jar;C:\Users\D e r r y\.m2\repository\org\apache\tomcat\embed\tomcat-embed-el\10.1.4\tomcat-embed-el-10.1.4.jar;C:\Users\D e r r y\.m2\repository\org\apache\tomcat\embed\tomcat-embed-websocket\10.1.4\tomcat-embed-websocket-10.1.4.jar;C:\Users\D e r r y\.m2\repository\org\springframework\spring-web\6.0.3\spring-web-6.0.3.jar;C:\Users\D e r r y\.m2\repository\io\micrometer\micrometer-observation\1.10.2\micrometer-observation-1.10.2.jar;C:\Users\D e r r y\.m2\repository\io\micrometer\micrometer-commons\1.10.2\micrometer-commons-1.10.2.jar;C:\Users\D e r r y\.m2\repository\org\springframework\spring-webmvc\6.0.3\spring-webmvc-6.0.3.jar;C:\Users\D e r r y\.m2\repository\com\mysql\mysql-connector-j\8.0.32\mysql-connector-j-8.0.32.jar;C:\Users\D e r r y\.m2\repository\org\springframework\boot\spring-boot-starter-data-jpa\3.0.4\spring-boot-starter-data-jpa-3.0.4.jar;C:\Users\D e r r y\.m2\repository\org\springframework\boot\spring-boot-starter-aop\3.0.1\spring-boot-starter-aop-3.0.1.jar;C:\Users\D e r r y\.m2\repository\org\aspectj\aspectjweaver\1.9.19\aspectjweaver-1.9.19.jar;C:\Users\D e r r y\.m2\repository\org\springframework\boot\spring-boot-starter-jdbc\3.0.1\spring-boot-starter-jdbc-3.0.1.jar;C:\Users\D e r r y\.m2\repository\com\zaxxer\HikariCP\5.0.1\HikariCP-5.0.1.jar;C:\Users\D e r r y\.m2\repository\org\springframework\spring-jdbc\6.0.3\spring-jdbc-6.0.3.jar;C:\Users\D e r r y\.m2\repository\org\hibernate\orm\hibernate-core\6.1.6.Final\hibernate-core-6.1.6.Final.jar;C:\Users\D e r r y\.m2\repository\jakarta\persistence\jakarta.persistence-api\3.1.0\jakarta.persistence-api-3.1.0.jar;C:\Users\D e r r y\.m2\repository\jakarta\transaction\jakarta.transaction-api\2.0.1\jakarta.transaction-api-2.0.1.jar;C:\Users\D e r r y\.m2\repository\org\jboss\logging\jboss-logging\3.5.0.Final\jboss-logging-3.5.0.Final.jar;C:\Users\D e r r y\.m2\repository\org\hibernate\common\hibernate-commons-annotations\6.0.2.Final\hibernate-commons-annotations-6.0.2.Final.jar;C:\Users\D e r r y\.m2\repository\org\jboss\jandex\2.4.2.Final\jandex-2.4.2.Final.jar;C:\Users\D e r r y\.m2\repository\com\fasterxml\classmate\1.5.1\classmate-1.5.1.jar;C:\Users\D e r r y\.m2\repository\net\bytebuddy\byte-buddy\1.12.20\byte-buddy-1.12.20.jar;C:\Users\D e r r y\.m2\repository\org\glassfish\jaxb\jaxb-runtime\4.0.1\jaxb-runtime-4.0.1.jar;C:\Users\D e r r y\.m2\repository\org\glassfish\jaxb\jaxb-core\4.0.1\jaxb-core-4.0.1.jar;C:\Users\D e r r y\.m2\repository\org\eclipse\angus\angus-activation\1.0.0\angus-activation-1.0.0.jar;C:\Users\D e r r y\.m2\repository\org\glassfish\jaxb\txw2\4.0.1\txw2-4.0.1.jar;C:\Users\D e r r y\.m2\repository\com\sun\istack\istack-commons-runtime\4.1.1\istack-commons-runtime-4.1.1.jar;C:\Users\D e r r y\.m2\repository\jakarta\inject\jakarta.inject-api\2.0.0\jakarta.inject-api-2.0.0.jar;C:\Users\D e r r y\.m2\repository\org\antlr\antlr4-runtime\4.10.1\antlr4-runtime-4.10.1.jar;C:\Users\D e r r y\.m2\repository\org\springframework\data\spring-data-jpa\3.0.0\spring-data-jpa-3.0.0.jar;C:\Users\D e r r y\.m2\repository\org\springframework\data\spring-data-commons\3.0.0\spring-data-commons-3.0.0.jar;C:\Users\D e r r y\.m2\repository\org\springframework\spring-orm\6.0.3\spring-orm-6.0.3.jar;C:\Users\D e r r y\.m2\repository\org\springframework\spring-tx\6.0.3\spring-tx-6.0.3.jar;C:\Users\D e r r y\.m2\repository\org\slf4j\slf4j-api\2.0.6\slf4j-api-2.0.6.jar;C:\Users\D e r r y\.m2\repository\org\springframework\spring-aspects\6.0.3\spring-aspects-6.0.3.jar;C:\Users\D e r r y\.m2\repository\org\projectlombok\lombok\1.18.26\lombok-1.18.26.jar;C:\Users\D e r r y\.m2\repository\org\springframework\spring-context\6.0.9\spring-context-6.0.9.jar;C:\Users\D e r r y\.m2\repository\org\springframework\spring-beans\6.0.3\spring-beans-6.0.3.jar;C:\Users\D e r r y\.m2\repository\org\springframework\spring-core\6.0.3\spring-core-6.0.3.jar;C:\Users\D e r r y\.m2\repository\org\springframework\spring-jcl\6.0.3\spring-jcl-6.0.3.jar;C:\Users\D e r r y\.m2\repository\org\springframework\spring-expression\6.0.3\spring-expression-6.0.3.jar;C:\Users\D e r r y\.m2\repository\io\jsonwebtoken\jjwt-api\0.11.5\jjwt-api-0.11.5.jar;C:\Users\D e r r y\.m2\repository\io\jsonwebtoken\jjwt-impl\0.11.5\jjwt-impl-0.11.5.jar;C:\Users\D e r r y\.m2\repository\io\jsonwebtoken\jjwt-jackson\0.11.5\jjwt-jackson-0.11.5.jar;C:\Users\D e r r y\.m2\repository\com\fasterxml\jackson\core\jackson-databind\2.14.1\jackson-databind-2.14.1.jar;C:\Users\D e r r y\.m2\repository\com\fasterxml\jackson\core\jackson-annotations\2.14.1\jackson-annotations-2.14.1.jar;C:\Users\D e r r y\.m2\repository\com\fasterxml\jackson\core\jackson-core\2.14.1\jackson-core-2.14.1.jar;C:\Users\D e r r y\.m2\repository\jakarta\xml\bind\jakarta.xml.bind-api\4.0.0\jakarta.xml.bind-api-4.0.0.jar;C:\Users\D e r r y\.m2\repository\jakarta\activation\jakarta.activation-api\2.1.0\jakarta.activation-api-2.1.0.jar;C:\Users\D e r r y\.m2\repository\org\springframework\security\spring-security-core\6.0.1\spring-security-core-6.0.1.jar;C:\Users\D e r r y\.m2\repository\org\springframework\security\spring-security-crypto\6.0.1\spring-security-crypto-6.0.1.jar
Launcher Type: SUN_STANDARD

[Global flags]
     intx CICompilerCount                          = 3                                         {product} {ergonomic}
     uint ConcGCThreads                            = 1                                         {product} {ergonomic}
     uint G1ConcRefinementThreads                  = 4                                         {product} {ergonomic}
   size_t G1HeapRegionSize                         = 1048576                                   {product} {ergonomic}
    uintx GCDrainStackTargetSize                   = 64                                        {product} {ergonomic}
   size_t InitialHeapSize                          = 134217728                                 {product} {ergonomic}
   size_t MarkStackSize                            = 4194304                                   {product} {ergonomic}
   size_t MaxHeapSize                              = 2116026368                                {product} {ergonomic}
   size_t MaxNewSize                               = 1268776960                                {product} {ergonomic}
   size_t MinHeapDeltaBytes                        = 1048576                                   {product} {ergonomic}
   size_t MinHeapSize                              = 8388608                                   {product} {ergonomic}
    uintx NonNMethodCodeHeapSize                   = 5832780                                {pd product} {ergonomic}
    uintx NonProfiledCodeHeapSize                  = 122912730                              {pd product} {ergonomic}
    uintx ProfiledCodeHeapSize                     = 122912730                              {pd product} {ergonomic}
    uintx ReservedCodeCacheSize                    = 251658240                              {pd product} {ergonomic}
     bool SegmentedCodeCache                       = true                                      {product} {ergonomic}
   size_t SoftMaxHeapSize                          = 2116026368                             {manageable} {ergonomic}
     bool UseCompressedClassPointers               = true                           {product lp64_product} {ergonomic}
     bool UseCompressedOops                        = true                           {product lp64_product} {ergonomic}
     bool UseG1GC                                  = true                                      {product} {ergonomic}
     bool UseLargePagesIndividualAllocation        = false                                  {pd product} {ergonomic}

Logging:
Log output configuration:
 #0: stdout all=warning uptime,level,tags foldmultilines=false
 #1: stderr all=off uptime,level,tags foldmultilines=false

Environment Variables:
PATH=C:\Program Files\Common Files\Oracle\Java\javapath;C:\Program Files (x86)\Common Files\Oracle\Java\javapath;C:\Windows\system32;C:\Windows;C:\Windows\System32\Wbem;C:\Windows\System32\WindowsPowerShell\v1.0\;C:\Windows\System32\OpenSSH\;C:\Program Files\nodejs\;C:\Program Files\Git\cmd;C:\ProgramData\chocolatey\bin;C:\Program Files\apache-maven-3.9.4-bin\apache-maven-3.9.4\bin;C:\Program Files\dotnet\;C:\Users\D e r r y\anaconda3;C:\Users\D e r r y\anaconda3\Library\mingw-w64\bin;C:\Users\D e r r y\anaconda3\Library\usr\bin;C:\Users\D e r r y\anaconda3\Library\bin;C:\Users\D e r r y\anaconda3\Scripts;C:\Program Files\MySQL\MySQL Shell 8.0\bin\;C:\Users\D e r r y\AppData\Local\Microsoft\WindowsApps;C:\Program Files\JetBrains\IntelliJ IDEA Community Edition 2023.1.2\bin;;C:\Program Files\JetBrains\PyCharm Community Edition 2023.1.2\bin;;C:\Users\D e r r y\AppData\Roaming\npm;C:\Users\D e r r y\AppData\Local\Programs\Microsoft VS Code\bin;C:\Users\D e r r y\AppData\Local\Programs\MiKTeX\miktex\bin\x64\;C:\Users\D e r r y\AppData\Local\GitHubDesktop\bin;C:\Program Files\heroku\bin;C:\Program Files\bin
USERNAME=D e r r y
OS=Windows_NT
PROCESSOR_IDENTIFIER=Intel64 Family 6 Model 61 Stepping 4, GenuineIntel
TMP=C:\Users\DERRY~1\AppData\Local\Temp
TEMP=C:\Users\DERRY~1\AppData\Local\Temp




---------------  S Y S T E M  ---------------

OS:
 Windows 10 , 64 bit Build 19041 (10.0.19041.3636)
OS uptime: 0 days 0:30 hours
Hyper-V role detected

CPU: total 4 (initial active 4) (2 cores per cpu, 2 threads per core) family 6 model 61 stepping 4 microcode 0x2f, cx8, cmov, fxsr, ht, mmx, 3dnowpref, sse, sse2, sse3, ssse3, sse4.1, sse4.2, popcnt, lzcnt, tsc, tscinvbit, avx, avx2, aes, erms, clmul, bmi1, bmi2, rtm, adx, fma, vzeroupper, clflush, hv, rdtscp, f16c

Memory: 4k page, system-wide physical 8067M (735M free)
TotalPageFile size 10115M (AvailPageFile size 4M)
current process WorkingSet (physical memory assigned to process): 237M, peak: 258M
current process commit charge ("private bytes"): 270M, peak: 288M

vm_info: Java HotSpot(TM) 64-Bit Server VM (20.0.2+9-78) for windows-amd64 JRE (20.0.2+9-78), built on 2023-06-14T10:08:48Z by "mach5one" with MS VC++ 17.1 (VS2022)

END.
