#
# There is insufficient memory for the Java Runtime Environment to continue.
# Native memory allocation (malloc) failed to allocate 2058864 bytes for Chunk::new
# Possible reasons:
#   The system is out of physical RAM or swap space
#   The process is running with CompressedOops enabled, and the Java Heap may be blocking the growth of the native heap
# Possible solutions:
#   Reduce memory load on the system
#   Increase physical memory or swap space
#   Check if swap backing store is full
#   Decrease Java heap size (-Xmx/-Xms)
#   Decrease number of Java threads
#   Decrease Java thread stack sizes (-Xss)
#   Set larger code cache with -XX:ReservedCodeCacheSize=
#   JVM is running with Unscaled Compressed Oops mode in which the Java heap is
#     placed in the first 4GB address space. The Java Heap base address is the
#     maximum limit for the native heap growth. Please use -XX:HeapBaseMinAddress
#     to set the Java Heap base and to place the Java Heap above 4GB virtual address.
# This output file may be truncated or incomplete.
#
#  Out of Memory Error (arena.cpp:184), pid=12804, tid=15172
#
# JRE version: Java(TM) SE Runtime Environment (20.0.2+9) (build 20.0.2+9-78)
# Java VM: Java HotSpot(TM) 64-Bit Server VM (20.0.2+9-78, mixed mode, sharing, tiered, compressed oops, compressed class ptrs, g1 gc, windows-amd64)
# No core dump will be written. Minidumps are not enabled by default on client versions of Windows
#

---------------  S U M M A R Y ------------

Command Line: -javaagent:C:\Program Files\JetBrains\IntelliJ IDEA Community Edition 2023.1.2\lib\idea_rt.jar=59248:C:\Program Files\JetBrains\IntelliJ IDEA Community Edition 2023.1.2\bin -Dfile.encoding=UTF-8 -Dsun.stdout.encoding=UTF-8 -Dsun.stderr.encoding=UTF-8 com.exam.SecurityApplication

Host: Intel(R) Core(TM) i5-5300U CPU @ 2.30GHz, 4 cores, 7G,  Windows 10 , 64 bit Build 19041 (10.0.19041.3570)
Time: Mon Nov 13 10:51:46 2023 Sao Tome Standard Time elapsed time: 15.818575 seconds (0d 0h 0m 15s)

---------------  T H R E A D  ---------------

Current thread (0x000001707fb5dbc0):  JavaThread "C2 CompilerThread0" daemon [_thread_in_native, id=15172, stack(0x0000003d3db00000,0x0000003d3dc00000)]


Current CompileTask:
C2:  15818 5794       4       org.springframework.core.ResolvableType::resolveType (146 bytes)

Stack: [0x0000003d3db00000,0x0000003d3dc00000]
Native frames: (J=compiled Java code, j=interpreted, Vv=VM code, C=native code)
V  [jvm.dll+0x6bc25a]
V  [jvm.dll+0x84971a]
V  [jvm.dll+0x84b315]
V  [jvm.dll+0x84ba13]
V  [jvm.dll+0x280e4f]
V  [jvm.dll+0xc2ab1]
V  [jvm.dll+0xc2dd5]
V  [jvm.dll+0x3bb64c]
V  [jvm.dll+0x385b75]
V  [jvm.dll+0x384fea]
V  [jvm.dll+0x24b529]
V  [jvm.dll+0x24a921]
V  [jvm.dll+0x1ce761]
V  [jvm.dll+0x25a0eb]
V  [jvm.dll+0x2587c0]
V  [jvm.dll+0x3f2dd5]
V  [jvm.dll+0x7f5c76]
V  [jvm.dll+0x6baecb]
C  [ucrtbase.dll+0x21bb2]
C  [KERNEL32.DLL+0x17344]
C  [ntdll.dll+0x526b1]


---------------  P R O C E S S  ---------------

Threads class SMR info:
_java_thread_list=0x00000170564fad10, length=16, elements={
0x0000017072a0aee0, 0x000001707fb4b090, 0x000001707fb4be90, 0x000001707fb50bf0,
0x000001707fb54650, 0x000001707fb559b0, 0x000001707fb572a0, 0x000001707fb5dbc0,
0x000001707fb64560, 0x000001707fb17dd0, 0x0000017054275b10, 0x0000017054276060,
0x0000017055830050, 0x000001705582e070, 0x00000170558305a0, 0x0000017056056cd0
}

Java Threads: ( => current thread )
  0x0000017072a0aee0 JavaThread "main" [_thread_in_Java, id=15472, stack(0x0000003d3ce00000,0x0000003d3cf00000)]
  0x000001707fb4b090 JavaThread "Reference Handler" daemon [_thread_blocked, id=6520, stack(0x0000003d3d500000,0x0000003d3d600000)]
  0x000001707fb4be90 JavaThread "Finalizer" daemon [_thread_blocked, id=11564, stack(0x0000003d3d600000,0x0000003d3d700000)]
  0x000001707fb50bf0 JavaThread "Signal Dispatcher" daemon [_thread_blocked, id=11632, stack(0x0000003d3d700000,0x0000003d3d800000)]
  0x000001707fb54650 JavaThread "Attach Listener" daemon [_thread_blocked, id=9780, stack(0x0000003d3d800000,0x0000003d3d900000)]
  0x000001707fb559b0 JavaThread "Service Thread" daemon [_thread_blocked, id=15420, stack(0x0000003d3d900000,0x0000003d3da00000)]
  0x000001707fb572a0 JavaThread "Monitor Deflation Thread" daemon [_thread_blocked, id=15408, stack(0x0000003d3da00000,0x0000003d3db00000)]
=>0x000001707fb5dbc0 JavaThread "C2 CompilerThread0" daemon [_thread_in_native, id=15172, stack(0x0000003d3db00000,0x0000003d3dc00000)]
  0x000001707fb64560 JavaThread "C1 CompilerThread0" daemon [_thread_blocked, id=10236, stack(0x0000003d3dc00000,0x0000003d3dd00000)]
  0x000001707fb17dd0 JavaThread "Common-Cleaner" daemon [_thread_blocked, id=5340, stack(0x0000003d3dd00000,0x0000003d3de00000)]
  0x0000017054275b10 JavaThread "Monitor Ctrl-Break" daemon [_thread_in_native, id=5676, stack(0x0000003d3df00000,0x0000003d3e000000)]
  0x0000017054276060 JavaThread "Notification Thread" daemon [_thread_blocked, id=10988, stack(0x0000003d3e000000,0x0000003d3e100000)]
  0x0000017055830050 JavaThread "mysql-cj-abandoned-connection-cleanup" daemon [_thread_blocked, id=11092, stack(0x0000003d3de00000,0x0000003d3df00000)]
  0x000001705582e070 JavaThread "HikariPool-1 housekeeper" daemon [_thread_blocked, id=4184, stack(0x0000003d3e600000,0x0000003d3e700000)]
  0x00000170558305a0 JavaThread "HikariPool-1 connection adder" daemon [_thread_blocked, id=15820, stack(0x0000003d3e700000,0x0000003d3e800000)]
  0x0000017056056cd0 JavaThread "C2 CompilerThread1" daemon [_thread_in_native, id=7896, stack(0x0000003d3e800000,0x0000003d3e900000)]

Other Threads:
  0x000001707fb2c390 VMThread "VM Thread" [stack: 0x0000003d3d400000,0x0000003d3d500000] [id=4908]
  0x0000017072a0bdd0 WatcherThread "VM Periodic Task Thread" [stack: 0x0000003d3e100000,0x0000003d3e200000] [id=8936]
  0x0000017072a68220 WorkerThread "GC Thread#0" [stack: 0x0000003d3cf00000,0x0000003d3d000000] [id=1320]
  0x000001705481eb00 WorkerThread "GC Thread#1" [stack: 0x0000003d3e200000,0x0000003d3e300000] [id=6080]
  0x000001705480afe0 WorkerThread "GC Thread#2" [stack: 0x0000003d3e300000,0x0000003d3e400000] [id=13236]
  0x000001705481e380 WorkerThread "GC Thread#3" [stack: 0x0000003d3e400000,0x0000003d3e500000] [id=16268]
  0x0000017072a79d80 ConcurrentGCThread "G1 Main Marker" [stack: 0x0000003d3d000000,0x0000003d3d100000] [id=8708]
  0x0000017072a7a950 WorkerThread "G1 Conc#0" [stack: 0x0000003d3d100000,0x0000003d3d200000] [id=12988]
  0x000001707f9e30d0 ConcurrentGCThread "G1 Refine#0" [stack: 0x0000003d3d200000,0x0000003d3d300000] [id=17156]
  0x000001707f9e3b70 ConcurrentGCThread "G1 Service" [stack: 0x0000003d3d300000,0x0000003d3d400000] [id=15892]

Threads with active compile tasks:
C2 CompilerThread0    15871 5794       4       org.springframework.core.ResolvableType::resolveType (146 bytes)
C2 CompilerThread1    15871 5944       4       java.lang.PublicMethods$MethodList::merge (192 bytes)

VM state: not at safepoint (normal execution)

VM Mutex/Monitor currently owned by a thread: None

Heap address: 0x0000000081e00000, size: 2018 MB, Compressed Oops mode: 32-bit

CDS archive(s) mapped at: [0x000001700f000000-0x000001700fc60000-0x000001700fc60000), size 12976128, SharedBaseAddress: 0x000001700f000000, ArchiveRelocationMode: 1.
Compressed class space mapped at: 0x0000017010000000-0x0000017050000000, reserved size: 1073741824
Narrow klass base: 0x000001700f000000, Narrow klass shift: 0, Narrow klass range: 0x100000000

GC Precious Log:
 CardTable entry size: 512
 Card Set container configuration: InlinePtr #cards 5 size 8 Array Of Cards #cards 12 size 40 Howl #buckets 4 coarsen threshold 1843 Howl Bitmap #cards 512 size 80 coarsen threshold 460 Card regions per heap region 1 cards per card region 2048
 CPUs: 4 total, 4 available
 Memory: 8067M
 Large Page Support: Disabled
 NUMA Support: Disabled
 Compressed Oops: Enabled (32-bit)
 Heap Region Size: 1M
 Heap Min Capacity: 8M
 Heap Initial Capacity: 128M
 Heap Max Capacity: 2018M
 Pre-touch: Disabled
 Parallel Workers: 4
 Concurrent Workers: 1
 Concurrent Refinement Workers: 4
 Periodic GC: Disabled

Heap:
 garbage-first heap   total 51200K, used 35619K [0x0000000081e00000, 0x0000000100000000)
  region size 1024K, 16 young (16384K), 3 survivors (3072K)
 Metaspace       used 57336K, committed 57984K, reserved 1114112K
  class space    used 7499K, committed 7808K, reserved 1048576K

Heap Regions: E=young(eden), S=young(survivor), O=old, HS=humongous(starts), HC=humongous(continues), CS=collection set, F=free, OA=open archive, CA=closed archive, TAMS=top-at-mark-start, PB=parsable bottom
|   0|0x0000000081e00000, 0x0000000081f00000, 0x0000000081f00000|100%|HS|  |TAMS 0x0000000081e00000| PB 0x0000000081e00000| Complete 
|   1|0x0000000081f00000, 0x0000000082000000, 0x0000000082000000|100%| O|  |TAMS 0x0000000081f00000| PB 0x0000000081f00000| Untracked 
|   2|0x0000000082000000, 0x0000000082100000, 0x0000000082100000|100%| O|  |TAMS 0x0000000082000000| PB 0x0000000082000000| Untracked 
|   3|0x0000000082100000, 0x0000000082200000, 0x0000000082200000|100%| O|  |TAMS 0x0000000082100000| PB 0x0000000082100000| Untracked 
|   4|0x0000000082200000, 0x0000000082300000, 0x0000000082300000|100%| O|  |TAMS 0x0000000082200000| PB 0x0000000082200000| Untracked 
|   5|0x0000000082300000, 0x0000000082400000, 0x0000000082400000|100%| O|  |TAMS 0x0000000082300000| PB 0x0000000082300000| Untracked 
|   6|0x0000000082400000, 0x0000000082500000, 0x0000000082500000|100%| O|  |TAMS 0x0000000082400000| PB 0x0000000082400000| Untracked 
|   7|0x0000000082500000, 0x0000000082600000, 0x0000000082600000|100%| O|  |TAMS 0x0000000082500000| PB 0x0000000082500000| Untracked 
|   8|0x0000000082600000, 0x0000000082700000, 0x0000000082700000|100%| O|  |TAMS 0x0000000082600000| PB 0x0000000082600000| Untracked 
|   9|0x0000000082700000, 0x0000000082800000, 0x0000000082800000|100%| O|  |TAMS 0x0000000082700000| PB 0x0000000082700000| Untracked 
|  10|0x0000000082800000, 0x0000000082900000, 0x0000000082900000|100%| O|  |TAMS 0x0000000082800000| PB 0x0000000082800000| Untracked 
|  11|0x0000000082900000, 0x0000000082a00000, 0x0000000082a00000|100%| O|  |TAMS 0x0000000082900000| PB 0x0000000082900000| Untracked 
|  12|0x0000000082a00000, 0x0000000082b00000, 0x0000000082b00000|100%| O|  |TAMS 0x0000000082a00000| PB 0x0000000082a00000| Untracked 
|  13|0x0000000082b00000, 0x0000000082c00000, 0x0000000082c00000|100%| O|  |TAMS 0x0000000082b00000| PB 0x0000000082b00000| Untracked 
|  14|0x0000000082c00000, 0x0000000082d00000, 0x0000000082d00000|100%| O|  |TAMS 0x0000000082c00000| PB 0x0000000082c00000| Untracked 
|  15|0x0000000082d00000, 0x0000000082d00000, 0x0000000082e00000|  0%| F|  |TAMS 0x0000000082d00000| PB 0x0000000082d00000| Untracked 
|  16|0x0000000082e00000, 0x0000000082f00000, 0x0000000082f00000|100%| O|  |TAMS 0x0000000082e00000| PB 0x0000000082e00000| Untracked 
|  17|0x0000000082f00000, 0x0000000083000000, 0x0000000083000000|100%| O|  |TAMS 0x0000000082f00000| PB 0x0000000082f00000| Untracked 
|  18|0x0000000083000000, 0x0000000083100000, 0x0000000083100000|100%| O|  |TAMS 0x0000000083000000| PB 0x0000000083000000| Untracked 
|  19|0x0000000083100000, 0x0000000083100000, 0x0000000083200000|  0%| F|  |TAMS 0x0000000083100000| PB 0x0000000083100000| Untracked 
|  20|0x0000000083200000, 0x0000000083200000, 0x0000000083300000|  0%| F|  |TAMS 0x0000000083200000| PB 0x0000000083200000| Untracked 
|  21|0x0000000083300000, 0x0000000083300000, 0x0000000083400000|  0%| F|  |TAMS 0x0000000083300000| PB 0x0000000083300000| Untracked 
|  22|0x0000000083400000, 0x00000000834780d8, 0x0000000083500000| 46%| S|CS|TAMS 0x0000000083400000| PB 0x0000000083400000| Complete 
|  23|0x0000000083500000, 0x0000000083600000, 0x0000000083600000|100%| O|  |TAMS 0x0000000083500000| PB 0x0000000083500000| Untracked 
|  24|0x0000000083600000, 0x0000000083700000, 0x0000000083700000|100%| O|  |TAMS 0x0000000083600000| PB 0x0000000083600000| Untracked 
|  25|0x0000000083700000, 0x0000000083750c00, 0x0000000083800000| 31%| O|  |TAMS 0x0000000083700000| PB 0x0000000083700000| Untracked 
|  26|0x0000000083800000, 0x0000000083900000, 0x0000000083900000|100%| S|CS|TAMS 0x0000000083800000| PB 0x0000000083800000| Complete 
|  27|0x0000000083900000, 0x0000000083900000, 0x0000000083a00000|  0%| F|  |TAMS 0x0000000083900000| PB 0x0000000083900000| Untracked 
|  28|0x0000000083a00000, 0x0000000083a00000, 0x0000000083b00000|  0%| F|  |TAMS 0x0000000083a00000| PB 0x0000000083a00000| Untracked 
|  29|0x0000000083b00000, 0x0000000083c00000, 0x0000000083c00000|100%| S|CS|TAMS 0x0000000083b00000| PB 0x0000000083b00000| Complete 
|  30|0x0000000083c00000, 0x0000000083c00000, 0x0000000083d00000|  0%| F|  |TAMS 0x0000000083c00000| PB 0x0000000083c00000| Untracked 
|  31|0x0000000083d00000, 0x0000000083d00000, 0x0000000083e00000|  0%| F|  |TAMS 0x0000000083d00000| PB 0x0000000083d00000| Untracked 
|  32|0x0000000083e00000, 0x0000000083e00000, 0x0000000083f00000|  0%| F|  |TAMS 0x0000000083e00000| PB 0x0000000083e00000| Untracked 
|  33|0x0000000083f00000, 0x0000000083f00000, 0x0000000084000000|  0%| F|  |TAMS 0x0000000083f00000| PB 0x0000000083f00000| Untracked 
|  34|0x0000000084000000, 0x0000000084000000, 0x0000000084100000|  0%| F|  |TAMS 0x0000000084000000| PB 0x0000000084000000| Untracked 
|  35|0x0000000084100000, 0x0000000084100000, 0x0000000084200000|  0%| F|  |TAMS 0x0000000084100000| PB 0x0000000084100000| Untracked 
|  36|0x0000000084200000, 0x0000000084200000, 0x0000000084300000|  0%| F|  |TAMS 0x0000000084200000| PB 0x0000000084200000| Untracked 
|  37|0x0000000084300000, 0x000000008435dc80, 0x0000000084400000| 36%| E|  |TAMS 0x0000000084300000| PB 0x0000000084300000| Complete 
|  38|0x0000000084400000, 0x0000000084500000, 0x0000000084500000|100%| E|CS|TAMS 0x0000000084400000| PB 0x0000000084400000| Complete 
|  39|0x0000000084500000, 0x0000000084600000, 0x0000000084600000|100%| E|CS|TAMS 0x0000000084500000| PB 0x0000000084500000| Complete 
|  40|0x0000000084600000, 0x0000000084700000, 0x0000000084700000|100%| E|CS|TAMS 0x0000000084600000| PB 0x0000000084600000| Complete 
|  41|0x0000000084700000, 0x0000000084800000, 0x0000000084800000|100%| E|CS|TAMS 0x0000000084700000| PB 0x0000000084700000| Complete 
|  76|0x0000000086a00000, 0x0000000086b00000, 0x0000000086b00000|100%| E|CS|TAMS 0x0000000086a00000| PB 0x0000000086a00000| Complete 
|  77|0x0000000086b00000, 0x0000000086c00000, 0x0000000086c00000|100%| E|CS|TAMS 0x0000000086b00000| PB 0x0000000086b00000| Complete 
|  78|0x0000000086c00000, 0x0000000086d00000, 0x0000000086d00000|100%| E|CS|TAMS 0x0000000086c00000| PB 0x0000000086c00000| Complete 
|  79|0x0000000086d00000, 0x0000000086e00000, 0x0000000086e00000|100%| E|CS|TAMS 0x0000000086d00000| PB 0x0000000086d00000| Complete 
|  80|0x0000000086e00000, 0x0000000086f00000, 0x0000000086f00000|100%| E|CS|TAMS 0x0000000086e00000| PB 0x0000000086e00000| Complete 
|  81|0x0000000086f00000, 0x0000000087000000, 0x0000000087000000|100%| E|CS|TAMS 0x0000000086f00000| PB 0x0000000086f00000| Complete 
|  82|0x0000000087000000, 0x0000000087100000, 0x0000000087100000|100%| E|CS|TAMS 0x0000000087000000| PB 0x0000000087000000| Complete 
| 127|0x0000000089d00000, 0x0000000089e00000, 0x0000000089e00000|100%| E|CS|TAMS 0x0000000089d00000| PB 0x0000000089d00000| Complete 

Card table byte_map: [0x000001707aee0000,0x000001707b2e0000] _byte_map_base: 0x000001707aad1000

Marking Bits: (CMBitMap*) 0x0000017072a68850
 Bits: [0x000001707b6e0000, 0x000001707d668000)

Polling page: 0x0000017070960000

Metaspace:

Usage:
  Non-class:     48.67 MB used.
      Class:      7.32 MB used.
       Both:     55.99 MB used.

Virtual space:
  Non-class space:       64.00 MB reserved,      49.00 MB ( 77%) committed,  1 nodes.
      Class space:        1.00 GB reserved,       7.62 MB ( <1%) committed,  1 nodes.
             Both:        1.06 GB reserved,      56.62 MB (  5%) committed. 

Chunk freelists:
   Non-Class:  2.36 MB
       Class:  432.00 KB
        Both:  2.78 MB

MaxMetaspaceSize: unlimited
CompressedClassSpaceSize: 1.00 GB
Initial GC threshold: 21.00 MB
Current GC threshold: 59.06 MB
CDS: on
MetaspaceReclaimPolicy: balanced
 - commit_granule_bytes: 65536.
 - commit_granule_words: 8192.
 - virtual_space_node_default_size: 8388608.
 - enlarge_chunks_in_place: 1.
 - new_chunks_are_fully_committed: 0.
 - uncommit_free_chunks: 1.
 - use_allocation_guard: 0.


Internal statistics:

num_allocs_failed_limit: 6.
num_arena_births: 752.
num_arena_deaths: 0.
num_vsnodes_births: 2.
num_vsnodes_deaths: 0.
num_space_committed: 906.
num_space_uncommitted: 0.
num_chunks_returned_to_freelist: 6.
num_chunks_taken_from_freelist: 2694.
num_chunk_merges: 6.
num_chunk_splits: 1940.
num_chunks_enlarged: 1525.
num_inconsistent_stats: 0.

CodeHeap 'non-profiled nmethods': size=120000Kb used=3083Kb max_used=3083Kb free=116916Kb
 bounds [0x0000017007ad0000, 0x0000017007de0000, 0x000001700f000000]
CodeHeap 'profiled nmethods': size=120000Kb used=11081Kb max_used=11081Kb free=108919Kb
 bounds [0x0000017000000000, 0x0000017000ae0000, 0x0000017007530000]
CodeHeap 'non-nmethods': size=5760Kb used=1718Kb max_used=1764Kb free=4041Kb
 bounds [0x0000017007530000, 0x00000170077a0000, 0x0000017007ad0000]
 total_blobs=6203 nmethods=5511 adapters=602
 compilation: enabled
              stopped_count=0, restarted_count=0
 full_count=0

Compilation events (20 events):
Event: 15.802 Thread 0x000001707fb64560 nmethod 5889 0x0000017000ab8110 code [0x0000017000ab82a0, 0x0000017000ab83d0]
Event: 15.802 Thread 0x000001707fb64560 5887       3       org.springframework.data.repository.core.support.MethodLookups$$Lambda$1144/0x00000170107870d8::test (6 bytes)
Event: 15.802 Thread 0x000001707fb64560 nmethod 5887 0x0000017000ab8490 code [0x0000017000ab8620, 0x0000017000ab8758]
Event: 15.802 Thread 0x000001707fb64560 5888       3       org.springframework.data.repository.core.support.MethodLookups::lambda$direct$0 (45 bytes)
Event: 15.803 Thread 0x000001707fb64560 nmethod 5888 0x0000017000ab8810 code [0x0000017000ab8a40, 0x0000017000ab92e8]
Event: 15.804 Thread 0x000001707fb64560 5890       3       org.springframework.data.util.Streamable::stream (11 bytes)
Event: 15.804 Thread 0x000001707fb64560 nmethod 5890 0x0000017000ab9610 code [0x0000017000ab97c0, 0x0000017000ab99b8]
Event: 15.805 Thread 0x000001707fb64560 5891       3       java.util.stream.Streams$ConcatSpliterator::<init> (47 bytes)
Event: 15.805 Thread 0x000001707fb64560 nmethod 5891 0x0000017000ab9a90 code [0x0000017000ab9c40, 0x0000017000aba078]
Event: 15.806 Thread 0x000001707fb64560 5892       3       java.util.Collections::singletonSpliterator (9 bytes)
Event: 15.806 Thread 0x000001707fb64560 nmethod 5892 0x0000017000aba210 code [0x0000017000aba3a0, 0x0000017000aba618]
Event: 15.806 Thread 0x000001707fb64560 5893       3       java.util.Collections$SingletonList::spliterator (8 bytes)
Event: 15.806 Thread 0x000001707fb64560 nmethod 5893 0x0000017000aba710 code [0x0000017000aba8c0, 0x0000017000ababb0]
Event: 15.806 Thread 0x000001707fb64560 5894       3       java.util.Collections$2::forEachRemaining (7 bytes)
Event: 15.806 Thread 0x000001707fb64560 nmethod 5894 0x0000017000abad10 code [0x0000017000abaea0, 0x0000017000abaff0]
Event: 15.807 Thread 0x000001707fb64560 5895       3       org.springframework.data.repository.core.support.RepositoryComposition$RepositoryFragments::iterator (10 bytes)
Event: 15.807 Thread 0x000001707fb64560 nmethod 5895 0x0000017000abb090 code [0x0000017000abb220, 0x0000017000abb3f0]
Event: 15.807 Thread 0x000001707fb64560 5896       3       org.springframework.data.repository.core.support.RepositoryComposition$$Lambda$1160/0x000001701078f4e8::get (8 bytes)
Event: 15.808 Thread 0x0000017056056cd0 nmethod 5877 0x0000017007dcd610 code [0x0000017007dcd7a0, 0x0000017007dcde48]
Event: 15.809 Thread 0x0000017056056cd0 5883       4       org.springframework.util.ConcurrentReferenceHashMap$Task::hasOption (9 bytes)

GC Heap History (20 events):
Event: 1.186 GC heap before
{Heap before GC invocations=0 (full 0):
 garbage-first heap   total 131072K, used 14336K [0x0000000081e00000, 0x0000000100000000)
  region size 1024K, 13 young (13312K), 0 survivors (0K)
 Metaspace       used 3756K, committed 3968K, reserved 1114112K
  class space    used 378K, committed 512K, reserved 1048576K
}
Event: 1.193 GC heap after
{Heap after GC invocations=1 (full 0):
 garbage-first heap   total 131072K, used 6315K [0x0000000081e00000, 0x0000000100000000)
  region size 1024K, 2 young (2048K), 2 survivors (2048K)
 Metaspace       used 3756K, committed 3968K, reserved 1114112K
  class space    used 378K, committed 512K, reserved 1048576K
}
Event: 1.905 GC heap before
{Heap before GC invocations=1 (full 0):
 garbage-first heap   total 131072K, used 18603K [0x0000000081e00000, 0x0000000100000000)
  region size 1024K, 14 young (14336K), 2 survivors (2048K)
 Metaspace       used 7470K, committed 7680K, reserved 1114112K
  class space    used 879K, committed 960K, reserved 1048576K
}
Event: 1.911 GC heap after
{Heap after GC invocations=2 (full 0):
 garbage-first heap   total 131072K, used 7574K [0x0000000081e00000, 0x0000000100000000)
  region size 1024K, 2 young (2048K), 2 survivors (2048K)
 Metaspace       used 7470K, committed 7680K, reserved 1114112K
  class space    used 879K, committed 960K, reserved 1048576K
}
Event: 2.706 GC heap before
{Heap before GC invocations=2 (full 0):
 garbage-first heap   total 131072K, used 34198K [0x0000000081e00000, 0x0000000100000000)
  region size 1024K, 29 young (29696K), 2 survivors (2048K)
 Metaspace       used 14963K, committed 15232K, reserved 1114112K
  class space    used 1781K, committed 1920K, reserved 1048576K
}
Event: 2.714 GC heap after
{Heap after GC invocations=3 (full 0):
 garbage-first heap   total 131072K, used 9465K [0x0000000081e00000, 0x0000000100000000)
  region size 1024K, 3 young (3072K), 3 survivors (3072K)
 Metaspace       used 14963K, committed 15232K, reserved 1114112K
  class space    used 1781K, committed 1920K, reserved 1048576K
}
Event: 4.904 GC heap before
{Heap before GC invocations=3 (full 0):
 garbage-first heap   total 131072K, used 50425K [0x0000000081e00000, 0x0000000100000000)
  region size 1024K, 45 young (46080K), 3 survivors (3072K)
 Metaspace       used 21223K, committed 21504K, reserved 1114112K
  class space    used 2572K, committed 2688K, reserved 1048576K
}
Event: 4.918 GC heap after
{Heap after GC invocations=4 (full 0):
 garbage-first heap   total 131072K, used 13211K [0x0000000081e00000, 0x0000000100000000)
  region size 1024K, 7 young (7168K), 7 survivors (7168K)
 Metaspace       used 21223K, committed 21504K, reserved 1114112K
  class space    used 2572K, committed 2688K, reserved 1048576K
}
Event: 6.473 GC heap before
{Heap before GC invocations=5 (full 0):
 garbage-first heap   total 51200K, used 36763K [0x0000000081e00000, 0x0000000100000000)
  region size 1024K, 30 young (30720K), 7 survivors (7168K)
 Metaspace       used 26370K, committed 26816K, reserved 1114112K
  class space    used 3288K, committed 3456K, reserved 1048576K
}
Event: 6.499 GC heap after
{Heap after GC invocations=6 (full 0):
 garbage-first heap   total 51200K, used 16121K [0x0000000081e00000, 0x0000000100000000)
  region size 1024K, 4 young (4096K), 4 survivors (4096K)
 Metaspace       used 26370K, committed 26816K, reserved 1114112K
  class space    used 3288K, committed 3456K, reserved 1048576K
}
Event: 8.089 GC heap before
{Heap before GC invocations=6 (full 0):
 garbage-first heap   total 51200K, used 39673K [0x0000000081e00000, 0x0000000100000000)
  region size 1024K, 27 young (27648K), 4 survivors (4096K)
 Metaspace       used 31718K, committed 32256K, reserved 1114112K
  class space    used 4004K, committed 4224K, reserved 1048576K
}
Event: 8.107 GC heap after
{Heap after GC invocations=7 (full 0):
 garbage-first heap   total 51200K, used 17374K [0x0000000081e00000, 0x0000000100000000)
  region size 1024K, 2 young (2048K), 2 survivors (2048K)
 Metaspace       used 31718K, committed 32256K, reserved 1114112K
  class space    used 4004K, committed 4224K, reserved 1048576K
}
Event: 8.851 GC heap before
{Heap before GC invocations=7 (full 0):
 garbage-first heap   total 51200K, used 29662K [0x0000000081e00000, 0x0000000100000000)
  region size 1024K, 15 young (15360K), 2 survivors (2048K)
 Metaspace       used 35622K, committed 36096K, reserved 1114112K
  class space    used 4533K, committed 4736K, reserved 1048576K
}
Event: 8.863 GC heap after
{Heap after GC invocations=8 (full 0):
 garbage-first heap   total 51200K, used 18432K [0x0000000081e00000, 0x0000000100000000)
  region size 1024K, 3 young (3072K), 3 survivors (3072K)
 Metaspace       used 35622K, committed 36096K, reserved 1114112K
  class space    used 4533K, committed 4736K, reserved 1048576K
}
Event: 11.650 GC heap before
{Heap before GC invocations=9 (full 0):
 garbage-first heap   total 51200K, used 43008K [0x0000000081e00000, 0x0000000100000000)
  region size 1024K, 27 young (27648K), 3 survivors (3072K)
 Metaspace       used 44829K, committed 45312K, reserved 1114112K
  class space    used 5699K, committed 5888K, reserved 1048576K
}
Event: 11.666 GC heap after
{Heap after GC invocations=10 (full 0):
 garbage-first heap   total 51200K, used 21504K [0x0000000081e00000, 0x0000000100000000)
  region size 1024K, 4 young (4096K), 4 survivors (4096K)
 Metaspace       used 44829K, committed 45312K, reserved 1114112K
  class space    used 5699K, committed 5888K, reserved 1048576K
}
Event: 13.132 GC heap before
{Heap before GC invocations=10 (full 0):
 garbage-first heap   total 51200K, used 43008K [0x0000000081e00000, 0x0000000100000000)
  region size 1024K, 25 young (25600K), 4 survivors (4096K)
 Metaspace       used 51399K, committed 51968K, reserved 1114112K
  class space    used 6737K, committed 6976K, reserved 1048576K
}
Event: 13.147 GC heap after
{Heap after GC invocations=11 (full 0):
 garbage-first heap   total 51200K, used 22225K [0x0000000081e00000, 0x0000000100000000)
  region size 1024K, 2 young (2048K), 2 survivors (2048K)
 Metaspace       used 51399K, committed 51968K, reserved 1114112K
  class space    used 6737K, committed 6976K, reserved 1048576K
}
Event: 14.889 GC heap before
{Heap before GC invocations=11 (full 0):
 garbage-first heap   total 51200K, used 41681K [0x0000000081e00000, 0x0000000100000000)
  region size 1024K, 22 young (22528K), 2 survivors (2048K)
 Metaspace       used 55462K, committed 56000K, reserved 1114112K
  class space    used 7253K, committed 7488K, reserved 1048576K
}
Event: 14.897 GC heap after
{Heap after GC invocations=12 (full 0):
 garbage-first heap   total 51200K, used 23331K [0x0000000081e00000, 0x0000000100000000)
  region size 1024K, 3 young (3072K), 3 survivors (3072K)
 Metaspace       used 55462K, committed 56000K, reserved 1114112K
  class space    used 7253K, committed 7488K, reserved 1048576K
}

Dll operation events (14 events):
Event: 0.056 Loaded shared library C:\Program Files\Java\jdk-20\bin\java.dll
Event: 0.102 Loaded shared library C:\Program Files\Java\jdk-20\bin\jsvml.dll
Event: 0.345 Loaded shared library C:\Program Files\Java\jdk-20\bin\zip.dll
Event: 0.359 Loaded shared library C:\Program Files\Java\jdk-20\bin\instrument.dll
Event: 0.394 Loaded shared library C:\Program Files\Java\jdk-20\bin\net.dll
Event: 0.411 Loaded shared library C:\Program Files\Java\jdk-20\bin\nio.dll
Event: 0.418 Loaded shared library C:\Program Files\Java\jdk-20\bin\zip.dll
Event: 0.626 Loaded shared library C:\Program Files\JetBrains\IntelliJ IDEA Community Edition 2023.1.2\bin\breakgen64.dll
Event: 0.651 Loaded shared library C:\Program Files\Java\jdk-20\bin\extnet.dll
Event: 0.705 Loaded shared library C:\Program Files\Java\jdk-20\bin\jimage.dll
Event: 2.341 Loaded shared library C:\Program Files\Java\jdk-20\bin\verify.dll
Event: 6.783 Loaded shared library C:\Program Files\Java\jdk-20\bin\sunmscapi.dll
Event: 6.822 Loaded shared library C:\Program Files\Java\jdk-20\bin\management.dll
Event: 6.829 Loaded shared library C:\Program Files\Java\jdk-20\bin\management_ext.dll

Deoptimization events (20 events):
Event: 15.223 Thread 0x0000017072a0aee0 Uncommon trap: trap_request=0xffffffde fr.pc=0x0000017007c5a1e8 relative=0x0000000000000508
Event: 15.223 Thread 0x0000017072a0aee0 Uncommon trap: reason=class_check action=maybe_recompile pc=0x0000017007c5a1e8 method=org.springframework.util.ConcurrentReferenceHashMap$Segment.findInChain(Lorg/springframework/util/ConcurrentReferenceHashMap$Reference;Ljava/lang/Object;I)Lorg/springfra
Event: 15.223 Thread 0x0000017072a0aee0 DEOPT PACKING pc=0x0000017007c5a1e8 sp=0x0000003d3cefab90
Event: 15.223 Thread 0x0000017072a0aee0 DEOPT UNPACKING pc=0x0000017007599d22 sp=0x0000003d3cefa970 mode 2
Event: 15.226 Thread 0x0000017072a0aee0 Uncommon trap: trap_request=0xffffffde fr.pc=0x0000017007c6769c relative=0x000000000000043c
Event: 15.226 Thread 0x0000017072a0aee0 Uncommon trap: reason=class_check action=maybe_recompile pc=0x0000017007c6769c method=org.springframework.util.ConcurrentReferenceHashMap$Segment.findInChain(Lorg/springframework/util/ConcurrentReferenceHashMap$Reference;Ljava/lang/Object;I)Lorg/springfra
Event: 15.226 Thread 0x0000017072a0aee0 DEOPT PACKING pc=0x0000017007c6769c sp=0x0000003d3cefab30
Event: 15.226 Thread 0x0000017072a0aee0 DEOPT UNPACKING pc=0x0000017007599d22 sp=0x0000003d3cefa968 mode 2
Event: 15.226 Thread 0x0000017072a0aee0 Uncommon trap: trap_request=0xffffffde fr.pc=0x0000017007c6ac18 relative=0x00000000000003d8
Event: 15.226 Thread 0x0000017072a0aee0 Uncommon trap: reason=class_check action=maybe_recompile pc=0x0000017007c6ac18 method=org.springframework.util.ConcurrentReferenceHashMap$Segment.findInChain(Lorg/springframework/util/ConcurrentReferenceHashMap$Reference;Ljava/lang/Object;I)Lorg/springfra
Event: 15.226 Thread 0x0000017072a0aee0 DEOPT PACKING pc=0x0000017007c6ac18 sp=0x0000003d3cefaab0
Event: 15.226 Thread 0x0000017072a0aee0 DEOPT UNPACKING pc=0x0000017007599d22 sp=0x0000003d3cefa968 mode 2
Event: 15.230 Thread 0x0000017072a0aee0 Uncommon trap: trap_request=0xffffffde fr.pc=0x0000017007c6b6fc relative=0x00000000000002bc
Event: 15.230 Thread 0x0000017072a0aee0 Uncommon trap: reason=class_check action=maybe_recompile pc=0x0000017007c6b6fc method=org.springframework.util.ConcurrentReferenceHashMap$Segment.findInChain(Lorg/springframework/util/ConcurrentReferenceHashMap$Reference;Ljava/lang/Object;I)Lorg/springfra
Event: 15.230 Thread 0x0000017072a0aee0 DEOPT PACKING pc=0x0000017007c6b6fc sp=0x0000003d3cefaa30
Event: 15.230 Thread 0x0000017072a0aee0 DEOPT UNPACKING pc=0x0000017007599d22 sp=0x0000003d3cefa968 mode 2
Event: 15.230 Thread 0x0000017072a0aee0 Uncommon trap: trap_request=0xffffffde fr.pc=0x0000017007c6a090 relative=0x00000000000001f0
Event: 15.230 Thread 0x0000017072a0aee0 Uncommon trap: reason=class_check action=maybe_recompile pc=0x0000017007c6a090 method=org.springframework.util.ConcurrentReferenceHashMap$Segment.findInChain(Lorg/springframework/util/ConcurrentReferenceHashMap$Reference;Ljava/lang/Object;I)Lorg/springfra
Event: 15.230 Thread 0x0000017072a0aee0 DEOPT PACKING pc=0x0000017007c6a090 sp=0x0000003d3cefa9a0
Event: 15.230 Thread 0x0000017072a0aee0 DEOPT UNPACKING pc=0x0000017007599d22 sp=0x0000003d3cefa968 mode 2

Classes loaded (20 events):
Event: 13.093 Loading class java/lang/reflect/AnnotatedParameterizedType
Event: 13.093 Loading class java/lang/reflect/AnnotatedParameterizedType done
Event: 13.432 Loading class java/lang/reflect/AnnotatedWildcardType
Event: 13.432 Loading class java/lang/reflect/AnnotatedWildcardType done
Event: 13.960 Loading class java/util/TimerTask
Event: 13.960 Loading class java/util/TimerTask done
Event: 14.421 Loading class javax/naming/Reference
Event: 14.421 Loading class javax/naming/Reference done
Event: 14.445 Loading class sun/reflect/generics/reflectiveObjects/GenericArrayTypeImpl
Event: 14.445 Loading class sun/reflect/generics/reflectiveObjects/GenericArrayTypeImpl done
Event: 15.253 Loading class java/util/WeakHashMap$KeyIterator
Event: 15.268 Loading class java/util/WeakHashMap$HashIterator
Event: 15.281 Loading class java/util/WeakHashMap$HashIterator done
Event: 15.281 Loading class java/util/WeakHashMap$KeyIterator done
Event: 15.282 Loading class java/util/WeakHashMap$EntrySet
Event: 15.282 Loading class java/util/WeakHashMap$EntrySet done
Event: 15.282 Loading class java/util/WeakHashMap$EntryIterator
Event: 15.282 Loading class java/util/WeakHashMap$EntryIterator done
Event: 15.788 Loading class java/lang/Package$1PackageInfoProxy
Event: 15.788 Loading class java/lang/Package$1PackageInfoProxy done

Classes unloaded (0 events):
No events

Classes redefined (0 events):
No events

Internal exceptions (20 events):
Event: 11.088 Thread 0x0000017072a0aee0 Exception <a 'java/lang/NoSuchMethodError'{0x0000000083c11d28}: 'java.lang.Object java.lang.invoke.Invokers$Holder.linkToTargetMethod(java.lang.Object, java.lang.Object, int, java.lang.Object)'> (0x0000000083c11d28) 
thrown [s\open\src\hotspot\share\interpreter\linkResolver.cpp, line 773]
Event: 11.589 Thread 0x0000017072a0aee0 Exception <a 'java/lang/NoSuchMethodError'{0x00000000836feee0}: 'java.lang.Object java.lang.invoke.DirectMethodHandle$Holder.newInvokeSpecial(java.lang.Object, java.lang.Object, int)'> (0x00000000836feee0) 
thrown [s\open\src\hotspot\share\interpreter\linkResolver.cpp, line 773]
Event: 12.104 Thread 0x0000017072a0aee0 Exception <a 'java/lang/NoSuchMethodError'{0x0000000086bcb8f8}: 'java.lang.Object java.lang.invoke.DirectMethodHandle$Holder.invokeStatic(java.lang.Object, java.lang.Object, int, java.lang.Object)'> (0x0000000086bcb8f8) 
thrown [s\open\src\hotspot\share\interpreter\linkResolver.cpp, line 773]
Event: 12.105 Thread 0x0000017072a0aee0 Exception <a 'java/lang/NoSuchMethodError'{0x0000000086bcf900}: 'java.lang.Object java.lang.invoke.DirectMethodHandle$Holder.invokeStaticInit(java.lang.Object, java.lang.Object, int, java.lang.Object)'> (0x0000000086bcf900) 
thrown [s\open\src\hotspot\share\interpreter\linkResolver.cpp, line 773]
Event: 12.200 Thread 0x0000017072a0aee0 Exception <a 'java/lang/IncompatibleClassChangeError'{0x0000000086aeb470}: Found class java.lang.Object, but interface was expected> (0x0000000086aeb470) 
thrown [s\open\src\hotspot\share\interpreter\linkResolver.cpp, line 840]
Event: 13.540 Thread 0x0000017072a0aee0 Exception <a 'java/lang/NoSuchMethodError'{0x0000000086a1f988}: 'int java.lang.invoke.DirectMethodHandle$Holder.invokeStatic(java.lang.Object, java.lang.Object, java.lang.Object, java.lang.Object, java.lang.Object)'> (0x0000000086a1f988) 
thrown [s\open\src\hotspot\share\interpreter\linkResolver.cpp, line 773]
Event: 13.541 Thread 0x0000017072a0aee0 Exception <a 'java/lang/NoSuchMethodError'{0x0000000086a333c8}: 'java.lang.Object java.lang.invoke.DirectMethodHandle$Holder.newInvokeSpecial(java.lang.Object, java.lang.Object, java.lang.Object, java.lang.Object, java.lang.Object, java.lang.Object, java.lang.Object)'> (0x0000000086a333c8) 
thrown [s\open\src\hotspot\share\interpreter\linkResolver.cpp, line 773]
Event: 13.661 Thread 0x0000017072a0aee0 Exception <a 'java/lang/NoSuchMethodError'{0x00000000847f8638}: 'void java.lang.invoke.DirectMethodHandle$Holder.invokeSpecial(java.lang.Object, java.lang.Object, java.lang.Object, java.lang.Object, java.lang.Object, java.lang.Object, java.lang.Object, java.lang.Object)'> (0x00000000847f8638) 
thrown [s\open\src\hotspot\share\interpreter\linkResolver.cpp, line 773]
Event: 13.674 Thread 0x0000017072a0aee0 Exception <a 'java/lang/NoSuchMethodError'{0x0000000084636428}: 'java.lang.Object java.lang.invoke.DirectMethodHandle$Holder.newInvokeSpecial(java.lang.Object, java.lang.Object, int, java.lang.Object, int, java.lang.Object, java.lang.Object, java.lang.Object)'> (0x0000000084636428) 
thrown [s\open\src\hotspot\share\interpreter\linkResolver.cpp, line 773]
Event: 13.677 Thread 0x0000017072a0aee0 Exception <a 'java/lang/NoSuchMethodError'{0x0000000084642308}: 'int java.lang.invoke.DirectMethodHandle$Holder.invokeSpecial(java.lang.Object, java.lang.Object, java.lang.Object, java.lang.Object, java.lang.Object, java.lang.Object)'> (0x0000000084642308) 
thrown [s\open\src\hotspot\share\interpreter\linkResolver.cpp, line 773]
Event: 13.680 Thread 0x0000017072a0aee0 Exception <a 'java/lang/NoSuchMethodError'{0x000000008464f150}: 'void java.lang.invoke.DirectMethodHandle$Holder.invokeSpecial(java.lang.Object, java.lang.Object, java.lang.Object, java.lang.Object, java.lang.Object, java.lang.Object, java.lang.Object)'> (0x000000008464f150) 
thrown [s\open\src\hotspot\share\interpreter\linkResolver.cpp, line 773]
Event: 13.702 Thread 0x0000017072a0aee0 Exception <a 'java/lang/NoSuchMethodError'{0x00000000846a0690}: 'java.lang.Object java.lang.invoke.DirectMethodHandle$Holder.newInvokeSpecial(java.lang.Object, java.lang.Object, java.lang.Object, java.lang.Object, java.lang.Object, java.lang.Object, java.lang.Object, int)'> (0x00000000846a0690) 
thrown [s\open\src\hotspot\share\interpreter\linkResolver.cpp, line 773]
Event: 13.703 Thread 0x0000017072a0aee0 Exception <a 'java/lang/NoSuchMethodError'{0x00000000846a5400}: 'java.lang.Object java.lang.invoke.DirectMethodHandle$Holder.invokeSpecial(java.lang.Object, java.lang.Object, java.lang.Object, java.lang.Object, java.lang.Object, java.lang.Object, java.lang.Object, java.lang.Object, int)'> (0x00000000846a5400) 
thrown [s\open\src\hotspot\share\interpreter\linkResolver.cpp, line 773]
Event: 13.773 Thread 0x0000017072a0aee0 Exception <a 'java/lang/NoSuchMethodError'{0x00000000845d4c48}: 'void java.lang.invoke.DirectMethodHandle$Holder.invokeInterface(java.lang.Object, java.lang.Object)'> (0x00000000845d4c48) 
thrown [s\open\src\hotspot\share\interpreter\linkResolver.cpp, line 773]
Event: 14.225 Thread 0x0000017072a0aee0 Exception <a 'java/lang/NoSuchMethodError'{0x000000008406a110}: 'java.lang.Object java.lang.invoke.DirectMethodHandle$Holder.invokeSpecial(java.lang.Object, java.lang.Object, int, java.lang.Object, int)'> (0x000000008406a110) 
thrown [s\open\src\hotspot\share\interpreter\linkResolver.cpp, line 773]
Event: 14.655 Thread 0x0000017072a0aee0 Implicit null exception at 0x0000017007d4e2e4 to 0x0000017007d4fac4
Event: 14.786 Thread 0x0000017072a0aee0 Exception <a 'java/lang/IncompatibleClassChangeError'{0x0000000083ddf740}: Found class java.lang.Object, but interface was expected> (0x0000000083ddf740) 
thrown [s\open\src\hotspot\share\interpreter\linkResolver.cpp, line 840]
Event: 14.857 Thread 0x0000017072a0aee0 Implicit null exception at 0x0000017007d4532f to 0x0000017007d4550c
Event: 14.950 Thread 0x0000017072a0aee0 Exception <a 'java/lang/IncompatibleClassChangeError'{0x0000000089d37c18}: Found class java.lang.Object, but interface was expected> (0x0000000089d37c18) 
thrown [s\open\src\hotspot\share\interpreter\linkResolver.cpp, line 840]
Event: 15.779 Thread 0x0000017072a0aee0 Exception <a 'java/lang/IncompatibleClassChangeError'{0x000000008475a858}: Found class java.lang.Object, but interface was expected> (0x000000008475a858) 
thrown [s\open\src\hotspot\share\interpreter\linkResolver.cpp, line 840]

VM Operations (20 events):
Event: 9.985 Executing VM operation: HandshakeAllThreads
Event: 9.985 Executing VM operation: HandshakeAllThreads done
Event: 9.985 Executing VM operation: Cleanup
Event: 9.985 Executing VM operation: Cleanup done
Event: 10.996 Executing VM operation: Cleanup
Event: 11.012 Executing VM operation: Cleanup done
Event: 11.650 Executing VM operation: G1CollectForAllocation
Event: 11.666 Executing VM operation: G1CollectForAllocation done
Event: 12.515 Executing VM operation: HandshakeAllThreads
Event: 12.515 Executing VM operation: HandshakeAllThreads done
Event: 13.132 Executing VM operation: G1CollectForAllocation
Event: 13.148 Executing VM operation: G1CollectForAllocation done
Event: 13.368 Executing VM operation: ICBufferFull
Event: 13.368 Executing VM operation: ICBufferFull done
Event: 13.935 Executing VM operation: HandshakeAllThreads
Event: 13.935 Executing VM operation: HandshakeAllThreads done
Event: 14.889 Executing VM operation: G1CollectForAllocation
Event: 14.897 Executing VM operation: G1CollectForAllocation done
Event: 15.202 Executing VM operation: HandshakeAllThreads
Event: 15.202 Executing VM operation: HandshakeAllThreads done

Events (20 events):
Event: 8.934 Thread 0x000001707fb2c390 flushing nmethod 0x0000017007adce10
Event: 8.934 Thread 0x000001707fb2c390 flushing nmethod 0x0000017007ae4990
Event: 8.934 Thread 0x000001707fb2c390 flushing nmethod 0x0000017007ae4090
Event: 8.934 Thread 0x000001707fb2c390 flushing nmethod 0x0000017007ae3490
Event: 8.934 Thread 0x000001707fb2c390 flushing nmethod 0x0000017007ae2010
Event: 8.934 Thread 0x000001707fb2c390 flushing nmethod 0x0000017007ae0d90
Event: 8.934 Thread 0x000001707fb2c390 flushing nmethod 0x0000017007ade090
Event: 8.934 Thread 0x000001707fb2c390 flushing nmethod 0x0000017007ad1410
Event: 9.003 Thread 0x0000017054e69910 Thread exited: 0x0000017054e69910
Event: 9.669 Thread 0x00000170550b9ef0 Thread added: 0x00000170550b9ef0
Event: 10.334 Thread 0x00000170550b9ef0 Thread exited: 0x00000170550b9ef0
Event: 10.378 Thread 0x000001705582e070 Thread added: 0x000001705582e070
Event: 10.497 Thread 0x00000170558305a0 Thread added: 0x00000170558305a0
Event: 10.523 Thread 0x00000170589f7030 Thread added: 0x00000170589f7030
Event: 12.190 Thread 0x00000170589f7030 Thread exited: 0x00000170589f7030
Event: 13.123 Thread 0x00000170548579a0 Thread added: 0x00000170548579a0
Event: 13.871 Thread 0x00000170548579a0 Thread exited: 0x00000170548579a0
Event: 14.450 Thread 0x0000017056056cd0 Thread added: 0x0000017056056cd0
Event: 14.851 Thread 0x0000017056056cd0 Thread exited: 0x0000017056056cd0
Event: 15.228 Thread 0x0000017056056cd0 Thread added: 0x0000017056056cd0


Dynamic libraries:
0x00007ff744c80000 - 0x00007ff744c90000 	C:\Program Files\Java\jdk-20\bin\java.exe
0x00007ffcbd2b0000 - 0x00007ffcbd4a7000 	C:\Windows\SYSTEM32\ntdll.dll
0x00007ffcbba60000 - 0x00007ffcbbb1d000 	C:\Windows\System32\KERNEL32.DLL
0x00007ffcba990000 - 0x00007ffcbac86000 	C:\Windows\System32\KERNELBASE.dll
0x00007ffcbb1e0000 - 0x00007ffcbb2e0000 	C:\Windows\System32\ucrtbase.dll
0x00007ffca3db0000 - 0x00007ffca3dc9000 	C:\Program Files\Java\jdk-20\bin\jli.dll
0x00007ffcbcce0000 - 0x00007ffcbcd8e000 	C:\Windows\System32\ADVAPI32.dll
0x00007ffcbc830000 - 0x00007ffcbc8ce000 	C:\Windows\System32\msvcrt.dll
0x00007ffcbc0d0000 - 0x00007ffcbc16c000 	C:\Windows\System32\sechost.dll
0x00007ffcbcb00000 - 0x00007ffcbcc26000 	C:\Windows\System32\RPCRT4.dll
0x00007ffcbc670000 - 0x00007ffcbc80e000 	C:\Windows\System32\USER32.dll
0x00007ffcbaed0000 - 0x00007ffcbaef2000 	C:\Windows\System32\win32u.dll
0x00007ffca3190000 - 0x00007ffca31ab000 	C:\Program Files\Java\jdk-20\bin\VCRUNTIME140.dll
0x00007ffcad640000 - 0x00007ffcad8da000 	C:\Windows\WinSxS\amd64_microsoft.windows.common-controls_6595b64144ccf1df_6.0.19041.3570_none_60bb2a3971f3e41a\COMCTL32.dll
0x00007ffcbcc30000 - 0x00007ffcbcc5c000 	C:\Windows\System32\GDI32.dll
0x00007ffcbac90000 - 0x00007ffcbadaa000 	C:\Windows\System32\gdi32full.dll
0x00007ffcbb0f0000 - 0x00007ffcbb18d000 	C:\Windows\System32\msvcp_win.dll
0x00007ffcac8d0000 - 0x00007ffcac8da000 	C:\Windows\SYSTEM32\VERSION.dll
0x00007ffcbc640000 - 0x00007ffcbc670000 	C:\Windows\System32\IMM32.DLL
0x00007ffcb5d10000 - 0x00007ffcb5d1c000 	C:\Program Files\Java\jdk-20\bin\vcruntime140_1.dll
0x00007ffc860f0000 - 0x00007ffc8617e000 	C:\Program Files\Java\jdk-20\bin\msvcp140.dll
0x00007ffc77850000 - 0x00007ffc784e8000 	C:\Program Files\Java\jdk-20\bin\server\jvm.dll
0x00007ffc9bd90000 - 0x00007ffc9bd99000 	C:\Windows\SYSTEM32\WSOCK32.dll
0x00007ffcbc8e0000 - 0x00007ffcbc94b000 	C:\Windows\System32\WS2_32.dll
0x00007ffcadf80000 - 0x00007ffcadfa7000 	C:\Windows\SYSTEM32\WINMM.dll
0x00007ffcb9180000 - 0x00007ffcb9192000 	C:\Windows\SYSTEM32\kernel.appcore.dll
0x00007ffcb2a40000 - 0x00007ffcb2a4a000 	C:\Program Files\Java\jdk-20\bin\jimage.dll
0x00007ffcaa5a0000 - 0x00007ffcaa784000 	C:\Windows\SYSTEM32\DBGHELP.DLL
0x00007ffcabb90000 - 0x00007ffcabbc4000 	C:\Windows\SYSTEM32\dbgcore.DLL
0x00007ffcbb060000 - 0x00007ffcbb0e2000 	C:\Windows\System32\bcryptPrimitives.dll
0x00007ffcb29f0000 - 0x00007ffcb29fe000 	C:\Program Files\Java\jdk-20\bin\instrument.dll
0x00007ffca3160000 - 0x00007ffca3186000 	C:\Program Files\Java\jdk-20\bin\java.dll
0x00007ffc86010000 - 0x00007ffc860e7000 	C:\Program Files\Java\jdk-20\bin\jsvml.dll
0x00007ffcbb310000 - 0x00007ffcbba54000 	C:\Windows\System32\SHELL32.dll
0x00007ffcb8920000 - 0x00007ffcb90bb000 	C:\Windows\SYSTEM32\windows.storage.dll
0x00007ffcbc2e0000 - 0x00007ffcbc634000 	C:\Windows\System32\combase.dll
0x00007ffcba220000 - 0x00007ffcba24d000 	C:\Windows\SYSTEM32\Wldp.dll
0x00007ffcbc020000 - 0x00007ffcbc0cd000 	C:\Windows\System32\SHCORE.dll
0x00007ffcbc280000 - 0x00007ffcbc2d5000 	C:\Windows\System32\shlwapi.dll
0x00007ffcba8c0000 - 0x00007ffcba8e5000 	C:\Windows\SYSTEM32\profapi.dll
0x00007ffc9ea40000 - 0x00007ffc9ea58000 	C:\Program Files\Java\jdk-20\bin\zip.dll
0x00007ffc9ea80000 - 0x00007ffc9ea93000 	C:\Program Files\Java\jdk-20\bin\net.dll
0x00007ffcb17c0000 - 0x00007ffcb18ca000 	C:\Windows\SYSTEM32\WINHTTP.dll
0x00007ffcba000000 - 0x00007ffcba06a000 	C:\Windows\system32\mswsock.dll
0x00007ffc9ea60000 - 0x00007ffc9ea76000 	C:\Program Files\Java\jdk-20\bin\nio.dll
0x00007ffc92ff0000 - 0x00007ffc9300a000 	C:\Program Files\JetBrains\IntelliJ IDEA Community Edition 2023.1.2\bin\breakgen64.dll
0x00007ffcad610000 - 0x00007ffcad617000 	C:\Program Files\Java\jdk-20\bin\extnet.dll
0x00007ffca3b10000 - 0x00007ffca3b20000 	C:\Program Files\Java\jdk-20\bin\verify.dll
0x00007ffcba260000 - 0x00007ffcba278000 	C:\Windows\SYSTEM32\CRYPTSP.dll
0x00007ffcb9930000 - 0x00007ffcb9964000 	C:\Windows\system32\rsaenh.dll
0x00007ffcbb2e0000 - 0x00007ffcbb307000 	C:\Windows\System32\bcrypt.dll
0x00007ffcba880000 - 0x00007ffcba8ae000 	C:\Windows\SYSTEM32\USERENV.dll
0x00007ffcba190000 - 0x00007ffcba19c000 	C:\Windows\SYSTEM32\CRYPTBASE.dll
0x00007ffcb9d10000 - 0x00007ffcb9d4b000 	C:\Windows\SYSTEM32\IPHLPAPI.DLL
0x00007ffcbc810000 - 0x00007ffcbc818000 	C:\Windows\System32\NSI.dll
0x00007ffcb2d70000 - 0x00007ffcb2d87000 	C:\Windows\SYSTEM32\dhcpcsvc6.DLL
0x00007ffcb2d50000 - 0x00007ffcb2d6d000 	C:\Windows\SYSTEM32\dhcpcsvc.DLL
0x00007ffcb9d50000 - 0x00007ffcb9e1a000 	C:\Windows\SYSTEM32\DNSAPI.dll
0x00007ffc93280000 - 0x00007ffc9328e000 	C:\Program Files\Java\jdk-20\bin\sunmscapi.dll
0x00007ffcbaf00000 - 0x00007ffcbb05d000 	C:\Windows\System32\CRYPT32.dll
0x00007ffcba370000 - 0x00007ffcba397000 	C:\Windows\SYSTEM32\ncrypt.dll
0x00007ffcba330000 - 0x00007ffcba36b000 	C:\Windows\SYSTEM32\NTASN1.dll
0x00007ffc9ebc0000 - 0x00007ffc9ebca000 	C:\Program Files\Java\jdk-20\bin\management.dll
0x00007ffc999b0000 - 0x00007ffc999bb000 	C:\Program Files\Java\jdk-20\bin\management_ext.dll
0x00007ffcbc8d0000 - 0x00007ffcbc8d8000 	C:\Windows\System32\PSAPI.DLL
0x00007ffcadbe0000 - 0x00007ffcadbea000 	C:\Windows\System32\rasadhlp.dll
0x00007ffcb1420000 - 0x00007ffcb14a2000 	C:\Windows\System32\fwpuclnt.dll

dbghelp: loaded successfully - version: 4.0.5 - missing functions: none
symbol engine: initialized successfully - sym options: 0x614 - pdb path: .;C:\Program Files\Java\jdk-20\bin;C:\Windows\SYSTEM32;C:\Windows\WinSxS\amd64_microsoft.windows.common-controls_6595b64144ccf1df_6.0.19041.3570_none_60bb2a3971f3e41a;C:\Program Files\Java\jdk-20\bin\server;C:\Program Files\JetBrains\IntelliJ IDEA Community Edition 2023.1.2\bin

VM Arguments:
jvm_args: -javaagent:C:\Program Files\JetBrains\IntelliJ IDEA Community Edition 2023.1.2\lib\idea_rt.jar=59248:C:\Program Files\JetBrains\IntelliJ IDEA Community Edition 2023.1.2\bin -Dfile.encoding=UTF-8 -Dsun.stdout.encoding=UTF-8 -Dsun.stderr.encoding=UTF-8 
java_command: com.exam.SecurityApplication
java_class_path (initial): G:\Project\Exams\BackEnd\ExamServer_Springboot\target\classes;C:\Users\D e r r y\.m2\repository\org\springframework\boot\spring-boot-starter-security\3.0.4\spring-boot-starter-security-3.0.4.jar;C:\Users\D e r r y\.m2\repository\org\springframework\boot\spring-boot-starter\3.0.1\spring-boot-starter-3.0.1.jar;C:\Users\D e r r y\.m2\repository\org\springframework\boot\spring-boot\3.0.1\spring-boot-3.0.1.jar;C:\Users\D e r r y\.m2\repository\org\springframework\boot\spring-boot-autoconfigure\3.0.1\spring-boot-autoconfigure-3.0.1.jar;C:\Users\D e r r y\.m2\repository\org\springframework\boot\spring-boot-starter-logging\3.0.1\spring-boot-starter-logging-3.0.1.jar;C:\Users\D e r r y\.m2\repository\ch\qos\logback\logback-classic\1.4.5\logback-classic-1.4.5.jar;C:\Users\D e r r y\.m2\repository\ch\qos\logback\logback-core\1.4.5\logback-core-1.4.5.jar;C:\Users\D e r r y\.m2\repository\org\apache\logging\log4j\log4j-to-slf4j\2.19.0\log4j-to-slf4j-2.19.0.jar;C:\Users\D e r r y\.m2\repository\org\apache\logging\log4j\log4j-api\2.19.0\log4j-api-2.19.0.jar;C:\Users\D e r r y\.m2\repository\org\slf4j\jul-to-slf4j\2.0.6\jul-to-slf4j-2.0.6.jar;C:\Users\D e r r y\.m2\repository\jakarta\annotation\jakarta.annotation-api\2.1.1\jakarta.annotation-api-2.1.1.jar;C:\Users\D e r r y\.m2\repository\org\yaml\snakeyaml\1.33\snakeyaml-1.33.jar;C:\Users\D e r r y\.m2\repository\org\springframework\spring-aop\6.0.3\spring-aop-6.0.3.jar;C:\Users\D e r r y\.m2\repository\org\springframework\security\spring-security-config\6.0.1\spring-security-config-6.0.1.jar;C:\Users\D e r r y\.m2\repository\org\springframework\security\spring-security-web\6.0.1\spring-security-web-6.0.1.jar;C:\Users\D e r r y\.m2\repository\org\springframework\boot\spring-boot-starter-web\3.1.0\spring-boot-starter-web-3.1.0.jar;C:\Users\D e r r y\.m2\repository\org\springframework\boot\spring-boot-starter-json\3.0.1\spring-boot-starter-json-3.0.1.jar;C:\Users\D e r r y\.m2\repository\com\fasterxml\jackson\datatype\jackson-datatype-jdk8\2.14.1\jackson-datatype-jdk8-2.14.1.jar;C:\Users\D e r r y\.m2\repository\com\fasterxml\jackson\datatype\jackson-datatype-jsr310\2.14.1\jackson-datatype-jsr310-2.14.1.jar;C:\Users\D e r r y\.m2\repository\com\fasterxml\jackson\module\jackson-module-parameter-names\2.14.1\jackson-module-parameter-names-2.14.1.jar;C:\Users\D e r r y\.m2\repository\org\springframework\boot\spring-boot-starter-tomcat\3.0.1\spring-boot-starter-tomcat-3.0.1.jar;C:\Users\D e r r y\.m2\repository\org\apache\tomcat\embed\tomcat-embed-core\10.1.4\tomcat-embed-core-10.1.4.jar;C:\Users\D e r r y\.m2\repository\org\apache\tomcat\embed\tomcat-embed-el\10.1.4\tomcat-embed-el-10.1.4.jar;C:\Users\D e r r y\.m2\repository\org\apache\tomcat\embed\tomcat-embed-websocket\10.1.4\tomcat-embed-websocket-10.1.4.jar;C:\Users\D e r r y\.m2\repository\org\springframework\spring-web\6.0.3\spring-web-6.0.3.jar;C:\Users\D e r r y\.m2\repository\io\micrometer\micrometer-observation\1.10.2\micrometer-observation-1.10.2.jar;C:\Users\D e r r y\.m2\repository\io\micrometer\micrometer-commons\1.10.2\micrometer-commons-1.10.2.jar;C:\Users\D e r r y\.m2\repository\org\springframework\spring-webmvc\6.0.3\spring-webmvc-6.0.3.jar;C:\Users\D e r r y\.m2\repository\com\mysql\mysql-connector-j\8.0.32\mysql-connector-j-8.0.32.jar;C:\Users\D e r r y\.m2\repository\org\springframework\boot\spring-boot-starter-data-jpa\3.0.4\spring-boot-starter-data-jpa-3.0.4.jar;C:\Users\D e r r y\.m2\repository\org\springframework\boot\spring-boot-starter-aop\3.0.1\spring-boot-starter-aop-3.0.1.jar;C:\Users\D e r r y\.m2\repository\org\aspectj\aspectjweaver\1.9.19\aspectjweaver-1.9.19.jar;C:\Users\D e r r y\.m2\repository\org\springframework\boot\spring-boot-starter-jdbc\3.0.1\spring-boot-starter-jdbc-3.0.1.jar;C:\Users\D e r r y\.m2\repository\com\zaxxer\HikariCP\5.0.1\HikariCP-5.0.1.jar;C:\Users\D e r r y\.m2\repository\org\springframework\spring-jdbc\6.0.3\spring-jdbc-6.0.3.jar;C:\Users\D e r r y\.m2\repository\org\hibernate\orm\hibernate-core\6.1.6.Final\hibernate-core-6.1.6.Final.jar;C:\Users\D e r r y\.m2\repository\jakarta\persistence\jakarta.persistence-api\3.1.0\jakarta.persistence-api-3.1.0.jar;C:\Users\D e r r y\.m2\repository\jakarta\transaction\jakarta.transaction-api\2.0.1\jakarta.transaction-api-2.0.1.jar;C:\Users\D e r r y\.m2\repository\org\jboss\logging\jboss-logging\3.5.0.Final\jboss-logging-3.5.0.Final.jar;C:\Users\D e r r y\.m2\repository\org\hibernate\common\hibernate-commons-annotations\6.0.2.Final\hibernate-commons-annotations-6.0.2.Final.jar;C:\Users\D e r r y\.m2\repository\org\jboss\jandex\2.4.2.Final\jandex-2.4.2.Final.jar;C:\Users\D e r r y\.m2\repository\com\fasterxml\classmate\1.5.1\classmate-1.5.1.jar;C:\Users\D e r r y\.m2\repository\net\bytebuddy\byte-buddy\1.12.20\byte-buddy-1.12.20.jar;C:\Users\D e r r y\.m2\repository\org\glassfish\jaxb\jaxb-runtime\4.0.1\jaxb-runtime-4.0.1.jar;C:\Users\D e r r y\.m2\repository\org\glassfish\jaxb\jaxb-core\4.0.1\jaxb-core-4.0.1.jar;C:\Users\D e r r y\.m2\repository\org\eclipse\angus\angus-activation\1.0.0\angus-activation-1.0.0.jar;C:\Users\D e r r y\.m2\repository\org\glassfish\jaxb\txw2\4.0.1\txw2-4.0.1.jar;C:\Users\D e r r y\.m2\repository\com\sun\istack\istack-commons-runtime\4.1.1\istack-commons-runtime-4.1.1.jar;C:\Users\D e r r y\.m2\repository\jakarta\inject\jakarta.inject-api\2.0.0\jakarta.inject-api-2.0.0.jar;C:\Users\D e r r y\.m2\repository\org\antlr\antlr4-runtime\4.10.1\antlr4-runtime-4.10.1.jar;C:\Users\D e r r y\.m2\repository\org\springframework\data\spring-data-jpa\3.0.0\spring-data-jpa-3.0.0.jar;C:\Users\D e r r y\.m2\repository\org\springframework\data\spring-data-commons\3.0.0\spring-data-commons-3.0.0.jar;C:\Users\D e r r y\.m2\repository\org\springframework\spring-orm\6.0.3\spring-orm-6.0.3.jar;C:\Users\D e r r y\.m2\repository\org\springframework\spring-tx\6.0.3\spring-tx-6.0.3.jar;C:\Users\D e r r y\.m2\repository\org\slf4j\slf4j-api\2.0.6\slf4j-api-2.0.6.jar;C:\Users\D e r r y\.m2\repository\org\springframework\spring-aspects\6.0.3\spring-aspects-6.0.3.jar;C:\Users\D e r r y\.m2\repository\org\projectlombok\lombok\1.18.26\lombok-1.18.26.jar;C:\Users\D e r r y\.m2\repository\org\springframework\spring-context\6.0.9\spring-context-6.0.9.jar;C:\Users\D e r r y\.m2\repository\org\springframework\spring-beans\6.0.3\spring-beans-6.0.3.jar;C:\Users\D e r r y\.m2\repository\org\springframework\spring-core\6.0.3\spring-core-6.0.3.jar;C:\Users\D e r r y\.m2\repository\org\springframework\spring-jcl\6.0.3\spring-jcl-6.0.3.jar;C:\Users\D e r r y\.m2\repository\org\springframework\spring-expression\6.0.3\spring-expression-6.0.3.jar;C:\Users\D e r r y\.m2\repository\io\jsonwebtoken\jjwt-api\0.11.5\jjwt-api-0.11.5.jar;C:\Users\D e r r y\.m2\repository\io\jsonwebtoken\jjwt-impl\0.11.5\jjwt-impl-0.11.5.jar;C:\Users\D e r r y\.m2\repository\io\jsonwebtoken\jjwt-jackson\0.11.5\jjwt-jackson-0.11.5.jar;C:\Users\D e r r y\.m2\repository\com\fasterxml\jackson\core\jackson-databind\2.14.1\jackson-databind-2.14.1.jar;C:\Users\D e r r y\.m2\repository\com\fasterxml\jackson\core\jackson-annotations\2.14.1\jackson-annotations-2.14.1.jar;C:\Users\D e r r y\.m2\repository\com\fasterxml\jackson\core\jackson-core\2.14.1\jackson-core-2.14.1.jar;C:\Users\D e r r y\.m2\repository\jakarta\xml\bind\jakarta.xml.bind-api\4.0.0\jakarta.xml.bind-api-4.0.0.jar;C:\Users\D e r r y\.m2\repository\jakarta\activation\jakarta.activation-api\2.1.0\jakarta.activation-api-2.1.0.jar;C:\Users\D e r r y\.m2\repository\org\springframework\security\spring-security-core\6.0.1\spring-security-core-6.0.1.jar;C:\Users\D e r r y\.m2\repository\org\springframework\security\spring-security-crypto\6.0.1\spring-security-crypto-6.0.1.jar
Launcher Type: SUN_STANDARD

[Global flags]
     intx CICompilerCount                          = 3                                         {product} {ergonomic}
     uint ConcGCThreads                            = 1                                         {product} {ergonomic}
     uint G1ConcRefinementThreads                  = 4                                         {product} {ergonomic}
   size_t G1HeapRegionSize                         = 1048576                                   {product} {ergonomic}
    uintx GCDrainStackTargetSize                   = 64                                        {product} {ergonomic}
   size_t InitialHeapSize                          = 134217728                                 {product} {ergonomic}
   size_t MarkStackSize                            = 4194304                                   {product} {ergonomic}
   size_t MaxHeapSize                              = 2116026368                                {product} {ergonomic}
   size_t MaxNewSize                               = 1268776960                                {product} {ergonomic}
   size_t MinHeapDeltaBytes                        = 1048576                                   {product} {ergonomic}
   size_t MinHeapSize                              = 8388608                                   {product} {ergonomic}
    uintx NonNMethodCodeHeapSize                   = 5832780                                {pd product} {ergonomic}
    uintx NonProfiledCodeHeapSize                  = 122912730                              {pd product} {ergonomic}
    uintx ProfiledCodeHeapSize                     = 122912730                              {pd product} {ergonomic}
    uintx ReservedCodeCacheSize                    = 251658240                              {pd product} {ergonomic}
     bool SegmentedCodeCache                       = true                                      {product} {ergonomic}
   size_t SoftMaxHeapSize                          = 2116026368                             {manageable} {ergonomic}
     bool UseCompressedClassPointers               = true                           {product lp64_product} {ergonomic}
     bool UseCompressedOops                        = true                           {product lp64_product} {ergonomic}
     bool UseG1GC                                  = true                                      {product} {ergonomic}
     bool UseLargePagesIndividualAllocation        = false                                  {pd product} {ergonomic}

Logging:
Log output configuration:
 #0: stdout all=warning uptime,level,tags foldmultilines=false
 #1: stderr all=off uptime,level,tags foldmultilines=false

Environment Variables:
PATH=C:\Program Files\Common Files\Oracle\Java\javapath;C:\Program Files (x86)\Common Files\Oracle\Java\javapath;C:\Windows\system32;C:\Windows;C:\Windows\System32\Wbem;C:\Windows\System32\WindowsPowerShell\v1.0\;C:\Windows\System32\OpenSSH\;C:\Program Files\nodejs\;C:\Program Files\Git\cmd;C:\ProgramData\chocolatey\bin;C:\Program Files\apache-maven-3.9.4-bin\apache-maven-3.9.4\bin;C:\Program Files\dotnet\;C:\Users\D e r r y\anaconda3;C:\Users\D e r r y\anaconda3\Library\mingw-w64\bin;C:\Users\D e r r y\anaconda3\Library\usr\bin;C:\Users\D e r r y\anaconda3\Library\bin;C:\Users\D e r r y\anaconda3\Scripts;C:\Program Files\MySQL\MySQL Shell 8.0\bin\;C:\Users\D e r r y\AppData\Local\Microsoft\WindowsApps;C:\Program Files\JetBrains\IntelliJ IDEA Community Edition 2023.1.2\bin;;C:\Program Files\JetBrains\PyCharm Community Edition 2023.1.2\bin;;C:\Users\D e r r y\AppData\Roaming\npm;C:\Users\D e r r y\AppData\Local\Programs\Microsoft VS Code\bin;C:\Users\D e r r y\AppData\Local\Programs\MiKTeX\miktex\bin\x64\;C:\Users\D e r r y\AppData\Local\GitHubDesktop\bin;C:\Program Files\heroku\bin;C:\Program Files\bin
USERNAME=D e r r y
OS=Windows_NT
PROCESSOR_IDENTIFIER=Intel64 Family 6 Model 61 Stepping 4, GenuineIntel
TMP=C:\Users\DERRY~1\AppData\Local\Temp
TEMP=C:\Users\DERRY~1\AppData\Local\Temp




---------------  S Y S T E M  ---------------

OS:
 Windows 10 , 64 bit Build 19041 (10.0.19041.3570)
OS uptime: 13 days 22:24 hours
Hyper-V role detected

CPU: total 4 (initial active 4) (2 cores per cpu, 2 threads per core) family 6 model 61 stepping 4 microcode 0x2f, cx8, cmov, fxsr, ht, mmx, 3dnowpref, sse, sse2, sse3, ssse3, sse4.1, sse4.2, popcnt, lzcnt, tsc, tscinvbit, avx, avx2, aes, erms, clmul, bmi1, bmi2, rtm, adx, fma, vzeroupper, clflush, hv, rdtscp, f16c

Memory: 4k page, system-wide physical 8067M (605M free)
TotalPageFile size 10115M (AvailPageFile size 6M)
current process WorkingSet (physical memory assigned to process): 219M, peak: 221M
current process commit charge ("private bytes"): 250M, peak: 254M

vm_info: Java HotSpot(TM) 64-Bit Server VM (20.0.2+9-78) for windows-amd64 JRE (20.0.2+9-78), built on 2023-06-14T10:08:48Z by "mach5one" with MS VC++ 17.1 (VS2022)

END.
