#
# There is insufficient memory for the Java Runtime Environment to continue.
# Native memory allocation (malloc) failed to allocate 502496 bytes for Chunk::new
# Possible reasons:
#   The system is out of physical RAM or swap space
#   The process is running with CompressedOops enabled, and the Java Heap may be blocking the growth of the native heap
# Possible solutions:
#   Reduce memory load on the system
#   Increase physical memory or swap space
#   Check if swap backing store is full
#   Decrease Java heap size (-Xmx/-Xms)
#   Decrease number of Java threads
#   Decrease Java thread stack sizes (-Xss)
#   Set larger code cache with -XX:ReservedCodeCacheSize=
#   JVM is running with Unscaled Compressed Oops mode in which the Java heap is
#     placed in the first 4GB address space. The Java Heap base address is the
#     maximum limit for the native heap growth. Please use -XX:HeapBaseMinAddress
#     to set the Java Heap base and to place the Java Heap above 4GB virtual address.
# This output file may be truncated or incomplete.
#
#  Out of Memory Error (arena.cpp:184), pid=3788, tid=4548
#
# JRE version: Java(TM) SE Runtime Environment (20.0.2+9) (build 20.0.2+9-78)
# Java VM: Java HotSpot(TM) 64-Bit Server VM (20.0.2+9-78, mixed mode, sharing, tiered, compressed oops, compressed class ptrs, g1 gc, windows-amd64)
# No core dump will be written. Minidumps are not enabled by default on client versions of Windows
#

---------------  S U M M A R Y ------------

Command Line: -javaagent:C:\Program Files\JetBrains\IntelliJ IDEA Community Edition 2023.1.2\lib\idea_rt.jar=51483:C:\Program Files\JetBrains\IntelliJ IDEA Community Edition 2023.1.2\bin -Dfile.encoding=UTF-8 -Dsun.stdout.encoding=UTF-8 -Dsun.stderr.encoding=UTF-8 com.exam.SecurityApplication

Host: Intel(R) Core(TM) i5-5300U CPU @ 2.30GHz, 4 cores, 7G,  Windows 10 , 64 bit Build 19041 (10.0.19041.3636)
Time: Sun Jan 14 17:52:12 2024 Sao Tome Standard Time elapsed time: 1070.025527 seconds (0d 0h 17m 50s)

---------------  T H R E A D  ---------------

Current thread (0x000001a220aa4640):  JavaThread "C2 CompilerThread0" daemon [_thread_in_native, id=4548, stack(0x00000025a4100000,0x00000025a4200000)]


Current CompileTask:
C2:1070025 9826       4       java.util.TreeMap::put (221 bytes)

Stack: [0x00000025a4100000,0x00000025a4200000]
Native frames: (J=compiled Java code, j=interpreted, Vv=VM code, C=native code)
V  [jvm.dll+0x6bc25a]
V  [jvm.dll+0x84971a]
V  [jvm.dll+0x84b315]
V  [jvm.dll+0x84ba13]
V  [jvm.dll+0x280e4f]
V  [jvm.dll+0xc2ab1]
V  [jvm.dll+0xc2dd5]
V  [jvm.dll+0x3bb64c]
V  [jvm.dll+0x385b75]
V  [jvm.dll+0x384fea]
V  [jvm.dll+0x24b529]
V  [jvm.dll+0x24a921]
V  [jvm.dll+0x1ce761]
V  [jvm.dll+0x25a0eb]
V  [jvm.dll+0x2587c0]
V  [jvm.dll+0x3f2dd5]
V  [jvm.dll+0x7f5c76]
V  [jvm.dll+0x6baecb]
C  [ucrtbase.dll+0x21bb2]
C  [KERNEL32.DLL+0x17344]
C  [ntdll.dll+0x526b1]


---------------  P R O C E S S  ---------------

Threads class SMR info:
_java_thread_list=0x000001a269ab3440, length=29, elements={
0x000001a220a6f810, 0x000001a220a707b0, 0x000001a220a7bf80, 0x000001a220a75860,
0x000001a220a9e9e0, 0x000001a220a9f320, 0x000001a220aa4640, 0x000001a220aa7f40,
0x000001a265ca5b90, 0x000001a265f8a600, 0x000001a265ffdf50, 0x000001a267620e90,
0x000001a267621e80, 0x000001a2676223d0, 0x000001a2678c1550, 0x000001a2678b9b20,
0x000001a2678be580, 0x000001a2678bbb00, 0x000001a2678ba5c0, 0x000001a2678bf570,
0x000001a2678bfac0, 0x000001a2678bead0, 0x000001a2678c0010, 0x000001a2678bd590,
0x000001a2678c0560, 0x000001a2678ba070, 0x000001a2678c0ab0, 0x000001a2678bab10,
0x000001a2678c1000
}

Java Threads: ( => current thread )
  0x000001a220a6f810 JavaThread "Reference Handler" daemon [_thread_blocked, id=800, stack(0x00000025a3b00000,0x00000025a3c00000)]
  0x000001a220a707b0 JavaThread "Finalizer" daemon [_thread_blocked, id=12552, stack(0x00000025a3c00000,0x00000025a3d00000)]
  0x000001a220a7bf80 JavaThread "Signal Dispatcher" daemon [_thread_blocked, id=5868, stack(0x00000025a3d00000,0x00000025a3e00000)]
  0x000001a220a75860 JavaThread "Attach Listener" daemon [_thread_blocked, id=16288, stack(0x00000025a3e00000,0x00000025a3f00000)]
  0x000001a220a9e9e0 JavaThread "Service Thread" daemon [_thread_blocked, id=11696, stack(0x00000025a3f00000,0x00000025a4000000)]
  0x000001a220a9f320 JavaThread "Monitor Deflation Thread" daemon [_thread_blocked, id=16336, stack(0x00000025a4000000,0x00000025a4100000)]
=>0x000001a220aa4640 JavaThread "C2 CompilerThread0" daemon [_thread_in_native, id=4548, stack(0x00000025a4100000,0x00000025a4200000)]
  0x000001a220aa7f40 JavaThread "C1 CompilerThread0" daemon [_thread_blocked, id=14944, stack(0x00000025a4200000,0x00000025a4300000)]
  0x000001a265ca5b90 JavaThread "Common-Cleaner" daemon [_thread_blocked, id=15200, stack(0x00000025a4300000,0x00000025a4400000)]
  0x000001a265f8a600 JavaThread "Monitor Ctrl-Break" daemon [_thread_in_native, id=13392, stack(0x00000025a4400000,0x00000025a4500000)]
  0x000001a265ffdf50 JavaThread "Notification Thread" daemon [_thread_blocked, id=12648, stack(0x00000025a4500000,0x00000025a4600000)]
  0x000001a267620e90 JavaThread "mysql-cj-abandoned-connection-cleanup" daemon [_thread_blocked, id=2404, stack(0x00000025a4b00000,0x00000025a4c00000)]
  0x000001a267621e80 JavaThread "HikariPool-1 housekeeper" daemon [_thread_blocked, id=15664, stack(0x00000025a4d00000,0x00000025a4e00000)]
  0x000001a2676223d0 JavaThread "Catalina-utility-1" [_thread_blocked, id=13652, stack(0x00000025a3300000,0x00000025a3400000)]
  0x000001a2678c1550 JavaThread "Catalina-utility-2" [_thread_blocked, id=14192, stack(0x00000025a4c00000,0x00000025a4d00000)]
  0x000001a2678b9b20 JavaThread "container-0" [_thread_blocked, id=8284, stack(0x00000025a4e00000,0x00000025a4f00000)]
  0x000001a2678be580 JavaThread "http-nio-9191-exec-1" daemon [_thread_blocked, id=11800, stack(0x00000025a4f00000,0x00000025a5000000)]
  0x000001a2678bbb00 JavaThread "http-nio-9191-exec-2" daemon [_thread_blocked, id=7296, stack(0x00000025a5000000,0x00000025a5100000)]
  0x000001a2678ba5c0 JavaThread "http-nio-9191-exec-3" daemon [_thread_blocked, id=3660, stack(0x00000025a5100000,0x00000025a5200000)]
  0x000001a2678bf570 JavaThread "http-nio-9191-exec-4" daemon [_thread_blocked, id=8676, stack(0x00000025a5200000,0x00000025a5300000)]
  0x000001a2678bfac0 JavaThread "http-nio-9191-exec-5" daemon [_thread_blocked, id=9940, stack(0x00000025a5300000,0x00000025a5400000)]
  0x000001a2678bead0 JavaThread "http-nio-9191-exec-6" daemon [_thread_blocked, id=10572, stack(0x00000025a5400000,0x00000025a5500000)]
  0x000001a2678c0010 JavaThread "http-nio-9191-exec-7" daemon [_thread_blocked, id=7876, stack(0x00000025a5500000,0x00000025a5600000)]
  0x000001a2678bd590 JavaThread "http-nio-9191-exec-8" daemon [_thread_blocked, id=7604, stack(0x00000025a5600000,0x00000025a5700000)]
  0x000001a2678c0560 JavaThread "http-nio-9191-exec-9" daemon [_thread_blocked, id=7752, stack(0x00000025a5700000,0x00000025a5800000)]
  0x000001a2678ba070 JavaThread "http-nio-9191-exec-10" daemon [_thread_blocked, id=3784, stack(0x00000025a5800000,0x00000025a5900000)]
  0x000001a2678c0ab0 JavaThread "http-nio-9191-Poller" daemon [_thread_in_native, id=13736, stack(0x00000025a5900000,0x00000025a5a00000)]
  0x000001a2678bab10 JavaThread "http-nio-9191-Acceptor" daemon [_thread_in_native, id=4020, stack(0x00000025a5a00000,0x00000025a5b00000)]
  0x000001a2678c1000 JavaThread "DestroyJavaVM" [_thread_blocked, id=7440, stack(0x00000025a3400000,0x00000025a3500000)]

Other Threads:
  0x000001a220a50a50 VMThread "VM Thread" [stack: 0x00000025a3a00000,0x00000025a3b00000] [id=15520]
  0x000001a265f387a0 WatcherThread "VM Periodic Task Thread" [stack: 0x00000025a4600000,0x00000025a4700000] [id=12964]
  0x000001a2049a0090 WorkerThread "GC Thread#0" [stack: 0x00000025a3500000,0x00000025a3600000] [id=3240]
  0x000001a266495d50 WorkerThread "GC Thread#1" [stack: 0x00000025a4700000,0x00000025a4800000] [id=15076]
  0x000001a26652aaa0 WorkerThread "GC Thread#2" [stack: 0x00000025a4800000,0x00000025a4900000] [id=3368]
  0x000001a266a0c830 WorkerThread "GC Thread#3" [stack: 0x00000025a4900000,0x00000025a4a00000] [id=14296]
  0x000001a2049b0af0 ConcurrentGCThread "G1 Main Marker" [stack: 0x00000025a3600000,0x00000025a3700000] [id=10308]
  0x000001a2049b1430 WorkerThread "G1 Conc#0" [stack: 0x00000025a3700000,0x00000025a3800000] [id=14776]
  0x000001a2049fe800 ConcurrentGCThread "G1 Refine#0" [stack: 0x00000025a3800000,0x00000025a3900000] [id=15868]
  0x000001a220904340 ConcurrentGCThread "G1 Service" [stack: 0x00000025a3900000,0x00000025a3a00000] [id=13772]

Threads with active compile tasks:
C2 CompilerThread0  1070082 9826       4       java.util.TreeMap::put (221 bytes)

VM state: not at safepoint (normal execution)

VM Mutex/Monitor currently owned by a thread: None

Heap address: 0x0000000081e00000, size: 2018 MB, Compressed Oops mode: 32-bit

CDS archive(s) mapped at: [0x000001a220c00000-0x000001a221860000-0x000001a221860000), size 12976128, SharedBaseAddress: 0x000001a220c00000, ArchiveRelocationMode: 1.
Compressed class space mapped at: 0x000001a221c00000-0x000001a261c00000, reserved size: 1073741824
Narrow klass base: 0x000001a220c00000, Narrow klass shift: 0, Narrow klass range: 0x100000000

GC Precious Log:
 CardTable entry size: 512
 Card Set container configuration: InlinePtr #cards 5 size 8 Array Of Cards #cards 12 size 40 Howl #buckets 4 coarsen threshold 1843 Howl Bitmap #cards 512 size 80 coarsen threshold 460 Card regions per heap region 1 cards per card region 2048
 CPUs: 4 total, 4 available
 Memory: 8067M
 Large Page Support: Disabled
 NUMA Support: Disabled
 Compressed Oops: Enabled (32-bit)
 Heap Region Size: 1M
 Heap Min Capacity: 8M
 Heap Initial Capacity: 128M
 Heap Max Capacity: 2018M
 Pre-touch: Disabled
 Parallel Workers: 4
 Concurrent Workers: 1
 Concurrent Refinement Workers: 4
 Periodic GC: Disabled

Heap:
 garbage-first heap   total 60416K, used 46716K [0x0000000081e00000, 0x0000000100000000)
  region size 1024K, 18 young (18432K), 2 survivors (2048K)
 Metaspace       used 74581K, committed 75328K, reserved 1179648K
  class space    used 9761K, committed 10112K, reserved 1048576K

Heap Regions: E=young(eden), S=young(survivor), O=old, HS=humongous(starts), HC=humongous(continues), CS=collection set, F=free, OA=open archive, CA=closed archive, TAMS=top-at-mark-start, PB=parsable bottom
|   0|0x0000000081e00000, 0x0000000081f00000, 0x0000000081f00000|100%|HS|  |TAMS 0x0000000081e00000| PB 0x0000000081e00000| Complete 
|   1|0x0000000081f00000, 0x0000000082000000, 0x0000000082000000|100%| O|  |TAMS 0x0000000081f00000| PB 0x0000000081f00000| Untracked 
|   2|0x0000000082000000, 0x0000000082100000, 0x0000000082100000|100%| O|  |TAMS 0x0000000082000000| PB 0x0000000082000000| Untracked 
|   3|0x0000000082100000, 0x0000000082200000, 0x0000000082200000|100%| O|  |TAMS 0x0000000082100000| PB 0x0000000082100000| Untracked 
|   4|0x0000000082200000, 0x0000000082300000, 0x0000000082300000|100%| O|  |TAMS 0x0000000082200000| PB 0x0000000082200000| Untracked 
|   5|0x0000000082300000, 0x0000000082400000, 0x0000000082400000|100%| O|  |TAMS 0x0000000082300000| PB 0x0000000082300000| Untracked 
|   6|0x0000000082400000, 0x0000000082500000, 0x0000000082500000|100%| O|  |TAMS 0x0000000082400000| PB 0x0000000082400000| Untracked 
|   7|0x0000000082500000, 0x0000000082600000, 0x0000000082600000|100%| O|  |TAMS 0x0000000082500000| PB 0x0000000082500000| Untracked 
|   8|0x0000000082600000, 0x0000000082700000, 0x0000000082700000|100%| O|  |TAMS 0x0000000082600000| PB 0x0000000082600000| Untracked 
|   9|0x0000000082700000, 0x0000000082800000, 0x0000000082800000|100%| O|  |TAMS 0x0000000082700000| PB 0x0000000082700000| Untracked 
|  10|0x0000000082800000, 0x0000000082900000, 0x0000000082900000|100%| O|  |TAMS 0x0000000082800000| PB 0x0000000082800000| Untracked 
|  11|0x0000000082900000, 0x0000000082a00000, 0x0000000082a00000|100%| O|  |TAMS 0x0000000082900000| PB 0x0000000082900000| Untracked 
|  12|0x0000000082a00000, 0x0000000082b00000, 0x0000000082b00000|100%| O|  |TAMS 0x0000000082a00000| PB 0x0000000082a00000| Untracked 
|  13|0x0000000082b00000, 0x0000000082c00000, 0x0000000082c00000|100%| O|  |TAMS 0x0000000082b00000| PB 0x0000000082b00000| Untracked 
|  14|0x0000000082c00000, 0x0000000082d00000, 0x0000000082d00000|100%| O|  |TAMS 0x0000000082c00000| PB 0x0000000082c00000| Untracked 
|  15|0x0000000082d00000, 0x0000000082e00000, 0x0000000082e00000|100%| O|  |TAMS 0x0000000082d00000| PB 0x0000000082d00000| Untracked 
|  16|0x0000000082e00000, 0x0000000082f00000, 0x0000000082f00000|100%| O|  |TAMS 0x0000000082e00000| PB 0x0000000082e00000| Untracked 
|  17|0x0000000082f00000, 0x0000000083000000, 0x0000000083000000|100%| O|  |TAMS 0x0000000082f00000| PB 0x0000000082f00000| Untracked 
|  18|0x0000000083000000, 0x0000000083100000, 0x0000000083100000|100%| O|  |TAMS 0x0000000083000000| PB 0x0000000083000000| Untracked 
|  19|0x0000000083100000, 0x0000000083200000, 0x0000000083200000|100%| O|  |TAMS 0x0000000083100000| PB 0x0000000083100000| Untracked 
|  20|0x0000000083200000, 0x0000000083300000, 0x0000000083300000|100%| O|  |TAMS 0x0000000083200000| PB 0x0000000083200000| Untracked 
|  21|0x0000000083300000, 0x0000000083400000, 0x0000000083400000|100%| O|  |TAMS 0x0000000083300000| PB 0x0000000083300000| Untracked 
|  22|0x0000000083400000, 0x0000000083500000, 0x0000000083500000|100%| O|  |TAMS 0x0000000083400000| PB 0x0000000083400000| Untracked 
|  23|0x0000000083500000, 0x0000000083600000, 0x0000000083600000|100%| O|  |TAMS 0x0000000083500000| PB 0x0000000083500000| Untracked 
|  24|0x0000000083600000, 0x0000000083600000, 0x0000000083700000|  0%| F|  |TAMS 0x0000000083600000| PB 0x0000000083600000| Untracked 
|  25|0x0000000083700000, 0x0000000083800000, 0x0000000083800000|100%| O|  |TAMS 0x0000000083700000| PB 0x0000000083700000| Untracked 
|  26|0x0000000083800000, 0x0000000083900000, 0x0000000083900000|100%| O|  |TAMS 0x0000000083800000| PB 0x0000000083800000| Untracked 
|  27|0x0000000083900000, 0x0000000083a00000, 0x0000000083a00000|100%| O|  |TAMS 0x0000000083900000| PB 0x0000000083900000| Untracked 
|  28|0x0000000083a00000, 0x0000000083b00000, 0x0000000083b00000|100%| O|  |TAMS 0x0000000083a00000| PB 0x0000000083a00000| Untracked 
|  29|0x0000000083b00000, 0x0000000083b00000, 0x0000000083c00000|  0%| F|  |TAMS 0x0000000083b00000| PB 0x0000000083b00000| Untracked 
|  30|0x0000000083c00000, 0x0000000083d00000, 0x0000000083d00000|100%| O|  |TAMS 0x0000000083c00000| PB 0x0000000083c00000| Untracked 
|  31|0x0000000083d00000, 0x0000000083d75a00, 0x0000000083e00000| 45%| O|  |TAMS 0x0000000083d00000| PB 0x0000000083d00000| Untracked 
|  32|0x0000000083e00000, 0x0000000083e00000, 0x0000000083f00000|  0%| F|  |TAMS 0x0000000083e00000| PB 0x0000000083e00000| Untracked 
|  33|0x0000000083f00000, 0x0000000084000000, 0x0000000084000000|100%| O|  |TAMS 0x0000000083f00000| PB 0x0000000083f00000| Untracked 
|  34|0x0000000084000000, 0x0000000084029880, 0x0000000084100000| 16%| S|CS|TAMS 0x0000000084000000| PB 0x0000000084000000| Complete 
|  35|0x0000000084100000, 0x0000000084200000, 0x0000000084200000|100%| S|CS|TAMS 0x0000000084100000| PB 0x0000000084100000| Complete 
|  36|0x0000000084200000, 0x0000000084200000, 0x0000000084300000|  0%| F|  |TAMS 0x0000000084200000| PB 0x0000000084200000| Untracked 
|  37|0x0000000084300000, 0x0000000084300000, 0x0000000084400000|  0%| F|  |TAMS 0x0000000084300000| PB 0x0000000084300000| Untracked 
|  38|0x0000000084400000, 0x0000000084400000, 0x0000000084500000|  0%| F|  |TAMS 0x0000000084400000| PB 0x0000000084400000| Untracked 
|  39|0x0000000084500000, 0x0000000084500000, 0x0000000084600000|  0%| F|  |TAMS 0x0000000084500000| PB 0x0000000084500000| Untracked 
|  40|0x0000000084600000, 0x0000000084600000, 0x0000000084700000|  0%| F|  |TAMS 0x0000000084600000| PB 0x0000000084600000| Untracked 
|  41|0x0000000084700000, 0x0000000084700000, 0x0000000084800000|  0%| F|  |TAMS 0x0000000084700000| PB 0x0000000084700000| Untracked 
|  42|0x0000000084800000, 0x0000000084800000, 0x0000000084900000|  0%| F|  |TAMS 0x0000000084800000| PB 0x0000000084800000| Untracked 
|  43|0x0000000084900000, 0x00000000849a3ce0, 0x0000000084a00000| 63%| E|  |TAMS 0x0000000084900000| PB 0x0000000084900000| Complete 
|  44|0x0000000084a00000, 0x0000000084b00000, 0x0000000084b00000|100%| E|CS|TAMS 0x0000000084a00000| PB 0x0000000084a00000| Complete 
|  45|0x0000000084b00000, 0x0000000084c00000, 0x0000000084c00000|100%| E|CS|TAMS 0x0000000084b00000| PB 0x0000000084b00000| Complete 
|  46|0x0000000084c00000, 0x0000000084d00000, 0x0000000084d00000|100%| E|CS|TAMS 0x0000000084c00000| PB 0x0000000084c00000| Complete 
|  47|0x0000000084d00000, 0x0000000084e00000, 0x0000000084e00000|100%| E|  |TAMS 0x0000000084d00000| PB 0x0000000084d00000| Complete 
|  48|0x0000000084e00000, 0x0000000084f00000, 0x0000000084f00000|100%| E|CS|TAMS 0x0000000084e00000| PB 0x0000000084e00000| Complete 
|  49|0x0000000084f00000, 0x0000000085000000, 0x0000000085000000|100%| E|CS|TAMS 0x0000000084f00000| PB 0x0000000084f00000| Complete 
|  50|0x0000000085000000, 0x0000000085100000, 0x0000000085100000|100%| E|CS|TAMS 0x0000000085000000| PB 0x0000000085000000| Complete 
|  76|0x0000000086a00000, 0x0000000086b00000, 0x0000000086b00000|100%| E|CS|TAMS 0x0000000086a00000| PB 0x0000000086a00000| Complete 
|  77|0x0000000086b00000, 0x0000000086c00000, 0x0000000086c00000|100%| E|CS|TAMS 0x0000000086b00000| PB 0x0000000086b00000| Complete 
|  78|0x0000000086c00000, 0x0000000086d00000, 0x0000000086d00000|100%| E|CS|TAMS 0x0000000086c00000| PB 0x0000000086c00000| Complete 
|  79|0x0000000086d00000, 0x0000000086e00000, 0x0000000086e00000|100%| E|CS|TAMS 0x0000000086d00000| PB 0x0000000086d00000| Complete 
|  80|0x0000000086e00000, 0x0000000086f00000, 0x0000000086f00000|100%| E|CS|TAMS 0x0000000086e00000| PB 0x0000000086e00000| Complete 
|  81|0x0000000086f00000, 0x0000000087000000, 0x0000000087000000|100%| E|CS|TAMS 0x0000000086f00000| PB 0x0000000086f00000| Complete 
|  82|0x0000000087000000, 0x0000000087100000, 0x0000000087100000|100%| E|CS|TAMS 0x0000000087000000| PB 0x0000000087000000| Complete 
| 127|0x0000000089d00000, 0x0000000089e00000, 0x0000000089e00000|100%| E|CS|TAMS 0x0000000089d00000| PB 0x0000000089d00000| Complete 

Card table byte_map: [0x000001a21be10000,0x000001a21c210000] _byte_map_base: 0x000001a21ba01000

Marking Bits: (CMBitMap*) 0x000001a2049a05d0
 Bits: [0x000001a21c610000, 0x000001a21e598000)

Polling page: 0x000001a204100000

Metaspace:

Usage:
  Non-class:     63.30 MB used.
      Class:      9.53 MB used.
       Both:     72.83 MB used.

Virtual space:
  Non-class space:      128.00 MB reserved,      63.69 MB ( 50%) committed,  2 nodes.
      Class space:        1.00 GB reserved,       9.88 MB ( <1%) committed,  1 nodes.
             Both:        1.12 GB reserved,      73.56 MB (  6%) committed. 

Chunk freelists:
   Non-Class:  3.95 MB
       Class:  2.09 MB
        Both:  6.03 MB

MaxMetaspaceSize: unlimited
CompressedClassSpaceSize: 1.00 GB
Initial GC threshold: 21.00 MB
Current GC threshold: 115.88 MB
CDS: on
MetaspaceReclaimPolicy: balanced
 - commit_granule_bytes: 65536.
 - commit_granule_words: 8192.
 - virtual_space_node_default_size: 8388608.
 - enlarge_chunks_in_place: 1.
 - new_chunks_are_fully_committed: 0.
 - uncommit_free_chunks: 1.
 - use_allocation_guard: 0.


Internal statistics:

num_allocs_failed_limit: 9.
num_arena_births: 1086.
num_arena_deaths: 0.
num_vsnodes_births: 3.
num_vsnodes_deaths: 0.
num_space_committed: 1177.
num_space_uncommitted: 0.
num_chunks_returned_to_freelist: 9.
num_chunks_taken_from_freelist: 3665.
num_chunk_merges: 9.
num_chunk_splits: 2665.
num_chunks_enlarged: 2104.
num_inconsistent_stats: 0.

CodeHeap 'non-profiled nmethods': size=120000Kb used=5052Kb max_used=5052Kb free=114947Kb
 bounds [0x000001a2144e0000, 0x000001a2149d0000, 0x000001a21ba10000]
CodeHeap 'profiled nmethods': size=120000Kb used=16809Kb max_used=16809Kb free=103190Kb
 bounds [0x000001a20ca10000, 0x000001a20da80000, 0x000001a213f40000]
CodeHeap 'non-nmethods': size=5760Kb used=1767Kb max_used=1790Kb free=3992Kb
 bounds [0x000001a213f40000, 0x000001a2141b0000, 0x000001a2144e0000]
 total_blobs=9343 nmethods=8614 adapters=638
 compilation: enabled
              stopped_count=0, restarted_count=0
 full_count=0

Compilation events (20 events):
Event: 1052.892 Thread 0x000001a220aa7f40 nmethod 9816 0x000001a2149ce090 code [0x000001a2149ce200, 0x000001a2149ce2c8]
Event: 1052.893 Thread 0x000001a220aa7f40 9817       1       org.hibernate.tuple.entity.EntityMetamodel::getPropertyLaziness (5 bytes)
Event: 1052.893 Thread 0x000001a220aa7f40 nmethod 9817 0x000001a2149ce390 code [0x000001a2149ce500, 0x000001a2149ce5c8]
Event: 1052.893 Thread 0x000001a220aa7f40 9818       3       org.hibernate.sql.ast.spi.SqlAstTreeHelper::combinePredicates (90 bytes)
Event: 1052.895 Thread 0x000001a220aa7f40 nmethod 9818 0x000001a20da71610 code [0x000001a20da71960, 0x000001a20da733a8]
Event: 1052.901 Thread 0x000001a220aa4640 9819       4       com.mysql.cj.result.DefaultValueFactory::<init> (47 bytes)
Event: 1052.901 Thread 0x000001a220aa7f40 9820       3       jdk.internal.reflect.MethodHandleBooleanFieldAccessorImpl::set (56 bytes)
Event: 1052.903 Thread 0x000001a220aa7f40 nmethod 9820 0x000001a20da73b90 code [0x000001a20da73e60, 0x000001a20da751d8]
Event: 1052.903 Thread 0x000001a220aa7f40 9822       3       java.util.concurrent.atomic.AtomicReference::<init> (5 bytes)
Event: 1052.903 Thread 0x000001a220aa7f40 nmethod 9822 0x000001a20da75710 code [0x000001a20da758a0, 0x000001a20da75a08]
Event: 1052.903 Thread 0x000001a220aa7f40 9823   !   3       sun.nio.ch.SocketChannelImpl::write (190 bytes)
Event: 1052.906 Thread 0x000001a220aa7f40 nmethod 9823 0x000001a20da75b10 code [0x000001a20da75e80, 0x000001a20da775d0]
Event: 1052.906 Thread 0x000001a220aa7f40 9821   !   3       jdk.internal.reflect.MethodHandleBooleanFieldAccessorImpl::setBoolean (68 bytes)
Event: 1052.908 Thread 0x000001a220aa7f40 nmethod 9821 0x000001a20da78010 code [0x000001a20da78300, 0x000001a20da796e8]
Event: 1052.908 Thread 0x000001a220aa7f40 9824       3       org.apache.tomcat.util.net.NioEndpoint$NioSocketWrapper::updateLastWrite (8 bytes)
Event: 1052.908 Thread 0x000001a220aa7f40 nmethod 9824 0x000001a20da79f10 code [0x000001a20da7a0a0, 0x000001a20da7a1f0]
Event: 1052.912 Thread 0x000001a220aa4640 nmethod 9819 0x000001a2149ce690 code [0x000001a2149ce860, 0x000001a2149ced20]
Event: 1053.542 Thread 0x000001a220aa7f40 9825       3       sun.nio.ch.WEPoll::getDescriptor (34 bytes)
Event: 1053.542 Thread 0x000001a220aa7f40 nmethod 9825 0x000001a20da7a290 code [0x000001a20da7a420, 0x000001a20da7a540]
Event: 1069.979 Thread 0x000001a220aa4640 9826       4       java.util.TreeMap::put (221 bytes)

GC Heap History (20 events):
Event: 34.911 GC heap before
{Heap before GC invocations=12 (full 0):
 garbage-first heap   total 51200K, used 43639K [0x0000000081e00000, 0x0000000100000000)
  region size 1024K, 23 young (23552K), 3 survivors (3072K)
 Metaspace       used 58549K, committed 59136K, reserved 1114112K
  class space    used 7643K, committed 7936K, reserved 1048576K
}
Event: 34.922 GC heap after
{Heap after GC invocations=13 (full 0):
 garbage-first heap   total 51200K, used 24561K [0x0000000081e00000, 0x0000000100000000)
  region size 1024K, 3 young (3072K), 3 survivors (3072K)
 Metaspace       used 58549K, committed 59136K, reserved 1114112K
  class space    used 7643K, committed 7936K, reserved 1048576K
}
Event: 35.379 GC heap before
{Heap before GC invocations=13 (full 0):
 garbage-first heap   total 51200K, used 31729K [0x0000000081e00000, 0x0000000100000000)
  region size 1024K, 11 young (11264K), 3 survivors (3072K)
 Metaspace       used 59467K, committed 60096K, reserved 1114112K
  class space    used 7741K, committed 8000K, reserved 1048576K
}
Event: 35.388 GC heap after
{Heap after GC invocations=14 (full 0):
 garbage-first heap   total 51200K, used 25152K [0x0000000081e00000, 0x0000000100000000)
  region size 1024K, 2 young (2048K), 2 survivors (2048K)
 Metaspace       used 59467K, committed 60096K, reserved 1114112K
  class space    used 7741K, committed 8000K, reserved 1048576K
}
Event: 37.617 GC heap before
{Heap before GC invocations=15 (full 0):
 garbage-first heap   total 51200K, used 45632K [0x0000000081e00000, 0x0000000100000000)
  region size 1024K, 22 young (22528K), 2 survivors (2048K)
 Metaspace       used 60425K, committed 61056K, reserved 1114112K
  class space    used 8054K, committed 8320K, reserved 1048576K
}
Event: 37.629 GC heap after
{Heap after GC invocations=16 (full 0):
 garbage-first heap   total 51200K, used 27501K [0x0000000081e00000, 0x0000000100000000)
  region size 1024K, 3 young (3072K), 3 survivors (3072K)
 Metaspace       used 60425K, committed 61056K, reserved 1114112K
  class space    used 8054K, committed 8320K, reserved 1048576K
}
Event: 39.255 GC heap before
{Heap before GC invocations=16 (full 0):
 garbage-first heap   total 51200K, used 42861K [0x0000000081e00000, 0x0000000100000000)
  region size 1024K, 19 young (19456K), 3 survivors (3072K)
 Metaspace       used 62127K, committed 62784K, reserved 1114112K
  class space    used 8278K, committed 8576K, reserved 1048576K
}
Event: 39.263 GC heap after
{Heap after GC invocations=17 (full 0):
 garbage-first heap   total 51200K, used 27135K [0x0000000081e00000, 0x0000000100000000)
  region size 1024K, 1 young (1024K), 1 survivors (1024K)
 Metaspace       used 62127K, committed 62784K, reserved 1114112K
  class space    used 8278K, committed 8576K, reserved 1048576K
}
Event: 41.194 GC heap before
{Heap before GC invocations=17 (full 0):
 garbage-first heap   total 51200K, used 45567K [0x0000000081e00000, 0x0000000100000000)
  region size 1024K, 19 young (19456K), 1 survivors (1024K)
 Metaspace       used 63260K, committed 63872K, reserved 1114112K
  class space    used 8422K, committed 8704K, reserved 1048576K
}
Event: 41.199 GC heap after
{Heap after GC invocations=18 (full 0):
 garbage-first heap   total 51200K, used 28042K [0x0000000081e00000, 0x0000000100000000)
  region size 1024K, 2 young (2048K), 2 survivors (2048K)
 Metaspace       used 63260K, committed 63872K, reserved 1114112K
  class space    used 8422K, committed 8704K, reserved 1048576K
}
Event: 44.324 GC heap before
{Heap before GC invocations=19 (full 0):
 garbage-first heap   total 51200K, used 45450K [0x0000000081e00000, 0x0000000100000000)
  region size 1024K, 19 young (19456K), 2 survivors (2048K)
 Metaspace       used 64868K, committed 65536K, reserved 1114112K
  class space    used 8645K, committed 8960K, reserved 1048576K
}
Event: 44.332 GC heap after
{Heap after GC invocations=20 (full 0):
 garbage-first heap   total 51200K, used 29502K [0x0000000081e00000, 0x0000000100000000)
  region size 1024K, 3 young (3072K), 3 survivors (3072K)
 Metaspace       used 64868K, committed 65536K, reserved 1114112K
  class space    used 8645K, committed 8960K, reserved 1048576K
}
Event: 53.136 GC heap before
{Heap before GC invocations=20 (full 0):
 garbage-first heap   total 51200K, used 42814K [0x0000000081e00000, 0x0000000100000000)
  region size 1024K, 17 young (17408K), 3 survivors (3072K)
 Metaspace       used 66898K, committed 67584K, reserved 1114112K
  class space    used 8903K, committed 9216K, reserved 1048576K
}
Event: 53.146 GC heap after
{Heap after GC invocations=21 (full 0):
 garbage-first heap   total 51200K, used 30573K [0x0000000081e00000, 0x0000000100000000)
  region size 1024K, 3 young (3072K), 3 survivors (3072K)
 Metaspace       used 66898K, committed 67584K, reserved 1114112K
  class space    used 8903K, committed 9216K, reserved 1048576K
}
Event: 54.999 GC heap before
{Heap before GC invocations=21 (full 0):
 garbage-first heap   total 51200K, used 43885K [0x0000000081e00000, 0x0000000100000000)
  region size 1024K, 17 young (17408K), 3 survivors (3072K)
 Metaspace       used 70071K, committed 70784K, reserved 1114112K
  class space    used 9349K, committed 9664K, reserved 1048576K
}
Event: 55.008 GC heap after
{Heap after GC invocations=22 (full 0):
 garbage-first heap   total 51200K, used 31691K [0x0000000081e00000, 0x0000000100000000)
  region size 1024K, 3 young (3072K), 3 survivors (3072K)
 Metaspace       used 70071K, committed 70784K, reserved 1114112K
  class space    used 9349K, committed 9664K, reserved 1048576K
}
Event: 85.889 GC heap before
{Heap before GC invocations=23 (full 0):
 garbage-first heap   total 60416K, used 42955K [0x0000000081e00000, 0x0000000100000000)
  region size 1024K, 14 young (14336K), 3 survivors (3072K)
 Metaspace       used 72162K, committed 72896K, reserved 1114112K
  class space    used 9604K, committed 9920K, reserved 1048576K
}
Event: 85.895 GC heap after
{Heap after GC invocations=24 (full 0):
 garbage-first heap   total 60416K, used 32401K [0x0000000081e00000, 0x0000000100000000)
  region size 1024K, 1 young (1024K), 1 survivors (1024K)
 Metaspace       used 72162K, committed 72896K, reserved 1114112K
  class space    used 9604K, committed 9920K, reserved 1048576K
}
Event: 868.133 GC heap before
{Heap before GC invocations=24 (full 0):
 garbage-first heap   total 60416K, used 53905K [0x0000000081e00000, 0x0000000100000000)
  region size 1024K, 23 young (23552K), 1 survivors (1024K)
 Metaspace       used 73871K, committed 74560K, reserved 1114112K
  class space    used 9728K, committed 10048K, reserved 1048576K
}
Event: 868.141 GC heap after
{Heap after GC invocations=25 (full 0):
 garbage-first heap   total 60416K, used 32380K [0x0000000081e00000, 0x0000000100000000)
  region size 1024K, 2 young (2048K), 2 survivors (2048K)
 Metaspace       used 73871K, committed 74560K, reserved 1114112K
  class space    used 9728K, committed 10048K, reserved 1048576K
}

Dll operation events (14 events):
Event: 0.045 Loaded shared library C:\Program Files\Java\jdk-20\bin\java.dll
Event: 0.149 Loaded shared library C:\Program Files\Java\jdk-20\bin\jsvml.dll
Event: 0.714 Loaded shared library C:\Program Files\Java\jdk-20\bin\zip.dll
Event: 0.731 Loaded shared library C:\Program Files\Java\jdk-20\bin\instrument.dll
Event: 1.121 Loaded shared library C:\Program Files\Java\jdk-20\bin\net.dll
Event: 1.142 Loaded shared library C:\Program Files\Java\jdk-20\bin\nio.dll
Event: 1.170 Loaded shared library C:\Program Files\Java\jdk-20\bin\zip.dll
Event: 2.238 Loaded shared library C:\Program Files\JetBrains\IntelliJ IDEA Community Edition 2023.1.2\bin\breakgen64.dll
Event: 2.272 Loaded shared library C:\Program Files\Java\jdk-20\bin\extnet.dll
Event: 2.364 Loaded shared library C:\Program Files\Java\jdk-20\bin\jimage.dll
Event: 8.596 Loaded shared library C:\Program Files\Java\jdk-20\bin\verify.dll
Event: 23.888 Loaded shared library C:\Program Files\Java\jdk-20\bin\sunmscapi.dll
Event: 23.897 Loaded shared library C:\Program Files\Java\jdk-20\bin\management.dll
Event: 23.902 Loaded shared library C:\Program Files\Java\jdk-20\bin\management_ext.dll

Deoptimization events (20 events):
Event: 86.050 Thread 0x000001a2678ba5c0 DEOPT PACKING pc=0x000001a20d60dd71 sp=0x00000025a51fbc20
Event: 86.050 Thread 0x000001a2678ba5c0 DEOPT UNPACKING pc=0x000001a213faa4c2 sp=0x00000025a51fb100 mode 0
Event: 86.051 Thread 0x000001a2678ba5c0 DEOPT PACKING pc=0x000001a20d60dd71 sp=0x00000025a51fbc20
Event: 86.051 Thread 0x000001a2678ba5c0 DEOPT UNPACKING pc=0x000001a213faa4c2 sp=0x00000025a51fb100 mode 0
Event: 86.052 Thread 0x000001a2678ba5c0 DEOPT PACKING pc=0x000001a20d60dd71 sp=0x00000025a51fbc20
Event: 86.052 Thread 0x000001a2678ba5c0 DEOPT UNPACKING pc=0x000001a213faa4c2 sp=0x00000025a51fb100 mode 0
Event: 86.229 Thread 0x000001a2678ba5c0 Uncommon trap: trap_request=0xffffffde fr.pc=0x000001a21488d4ac relative=0x00000000000004ac
Event: 86.229 Thread 0x000001a2678ba5c0 Uncommon trap: reason=class_check action=maybe_recompile pc=0x000001a21488d4ac method=org.springframework.core.annotation.AnnotatedElementUtils.getAnnotationAttributes(Lorg/springframework/core/annotation/MergedAnnotation;ZZ)Lorg/springframework/core/anno
Event: 86.229 Thread 0x000001a2678ba5c0 DEOPT PACKING pc=0x000001a21488d4ac sp=0x00000025a51fb890
Event: 86.229 Thread 0x000001a2678ba5c0 DEOPT UNPACKING pc=0x000001a213fa9d22 sp=0x00000025a51fb7e8 mode 2
Event: 87.903 Thread 0x000001a2678c0010 DEOPT PACKING pc=0x000001a20ca6eea4 sp=0x00000025a55fc770
Event: 87.903 Thread 0x000001a2678c0010 DEOPT UNPACKING pc=0x000001a213faa4c2 sp=0x00000025a55fbbe0 mode 0
Event: 292.395 Thread 0x000001a2678ba070 DEOPT PACKING pc=0x000001a20d564d43 sp=0x00000025a58fc770
Event: 292.395 Thread 0x000001a2678ba070 DEOPT UNPACKING pc=0x000001a213faa4c2 sp=0x00000025a58fbcd0 mode 0
Event: 755.097 Thread 0x000001a2678bf570 Uncommon trap: trap_request=0xffffff45 fr.pc=0x000001a21460abc0 relative=0x00000000000001a0
Event: 755.097 Thread 0x000001a2678bf570 Uncommon trap: reason=unstable_if action=reinterpret pc=0x000001a21460abc0 method=java.util.IdentityHashMap.nextKeyIndex(II)I @ 4 c2
Event: 755.097 Thread 0x000001a2678bf570 DEOPT PACKING pc=0x000001a21460abc0 sp=0x00000025a52fa5d0
Event: 755.097 Thread 0x000001a2678bf570 DEOPT UNPACKING pc=0x000001a213fa9d22 sp=0x00000025a52fa4d8 mode 2
Event: 1029.659 Thread 0x000001a2678bd590 DEOPT PACKING pc=0x000001a20d6c1673 sp=0x00000025a56fa870
Event: 1029.659 Thread 0x000001a2678bd590 DEOPT UNPACKING pc=0x000001a213faa4c2 sp=0x00000025a56f9d08 mode 0

Classes loaded (20 events):
Event: 55.207 Loading class java/util/OptionalDouble
Event: 55.207 Loading class java/util/OptionalDouble done
Event: 55.265 Loading class java/util/stream/LongStream
Event: 55.265 Loading class java/util/stream/LongStream done
Event: 55.265 Loading class java/util/stream/DoubleStream
Event: 55.266 Loading class java/util/stream/DoubleStream done
Event: 55.316 Loading class org/w3c/dom/Node
Event: 55.316 Loading class org/w3c/dom/Node done
Event: 55.316 Loading class org/w3c/dom/Document
Event: 55.316 Loading class org/w3c/dom/Document done
Event: 59.171 Loading class java/util/concurrent/locks/ReentrantReadWriteLock$Sync$HoldCounter
Event: 59.171 Loading class java/util/concurrent/locks/ReentrantReadWriteLock$Sync$HoldCounter done
Event: 59.356 Loading class java/math/BigDecimal$StringBuilderHelper
Event: 59.357 Loading class java/math/BigDecimal$StringBuilderHelper done
Event: 68.108 Loading class java/util/ArrayList$SubList$2
Event: 68.110 Loading class java/util/ArrayList$SubList$2 done
Event: 68.195 Loading class jdk/internal/loader/BootLoader$PackageHelper
Event: 68.195 Loading class jdk/internal/loader/BootLoader$PackageHelper done
Event: 1003.770 Loading class sun/reflect/generics/tree/IntSignature
Event: 1003.770 Loading class sun/reflect/generics/tree/IntSignature done

Classes unloaded (0 events):
No events

Classes redefined (0 events):
No events

Internal exceptions (20 events):
Event: 44.046 Thread 0x000001a204942130 Implicit null exception at 0x000001a21460e948 to 0x000001a21460eb58
Event: 45.085 Thread 0x000001a204942130 Exception <a 'java/lang/NoSuchMethodError'{0x0000000086e935b8}: 'void java.lang.invoke.DirectMethodHandle$Holder.invokeVirtual(java.lang.Object, java.lang.Object, long)'> (0x0000000086e935b8) 
thrown [s\open\src\hotspot\share\interpreter\linkResolver.cpp, line 773]
Event: 45.668 Thread 0x000001a204942130 Exception <a 'java/lang/NoSuchMethodError'{0x0000000086b98b48}: 'int java.lang.invoke.DirectMethodHandle$Holder.invokeStaticInit(java.lang.Object, java.lang.Object, java.lang.Object, java.lang.Object)'> (0x0000000086b98b48) 
thrown [s\open\src\hotspot\share\interpreter\linkResolver.cpp, line 773]
Event: 46.443 Thread 0x000001a204942130 Exception <a 'java/lang/NoSuchMethodError'{0x00000000845e08e0}: 'java.lang.Object java.lang.invoke.DirectMethodHandle$Holder.newInvokeSpecial(java.lang.Object, java.lang.Object, int, java.lang.Object, java.lang.Object)'> (0x00000000845e08e0) 
thrown [s\open\src\hotspot\share\interpreter\linkResolver.cpp, line 773]
Event: 46.453 Thread 0x000001a204942130 Exception <a 'java/lang/NoSuchMethodError'{0x00000000845eb4a8}: 'java.lang.Object java.lang.invoke.DirectMethodHandle$Holder.invokeSpecial(java.lang.Object, java.lang.Object, int, java.lang.Object, int, java.lang.Object)'> (0x00000000845eb4a8) 
thrown [s\open\src\hotspot\share\interpreter\linkResolver.cpp, line 773]
Event: 46.454 Thread 0x000001a204942130 Exception <a 'java/lang/NoSuchMethodError'{0x00000000845f2f38}: 'java.lang.Object java.lang.invoke.DirectMethodHandle$Holder.newInvokeSpecial(java.lang.Object, java.lang.Object, int, java.lang.Object, int)'> (0x00000000845f2f38) 
thrown [s\open\src\hotspot\share\interpreter\linkResolver.cpp, line 773]
Event: 46.460 Thread 0x000001a204942130 Exception <a 'java/lang/NoSuchMethodError'{0x00000000845f7010}: 'java.lang.Object java.lang.invoke.DirectMethodHandle$Holder.invokeSpecial(java.lang.Object, java.lang.Object, java.lang.Object, int, java.lang.Object, int)'> (0x00000000845f7010) 
thrown [s\open\src\hotspot\share\interpreter\linkResolver.cpp, line 773]
Event: 53.155 Thread 0x000001a2678be580 Exception <a 'java/lang/NoSuchMethodError'{0x0000000089d20058}: 'java.lang.Object java.lang.invoke.DirectMethodHandle$Holder.invokeSpecial(java.lang.Object, java.lang.Object, java.lang.Object, java.lang.Object, java.lang.Object, long)'> (0x0000000089d20058) 
thrown [s\open\src\hotspot\share\interpreter\linkResolver.cpp, line 773]
Event: 53.155 Thread 0x000001a2678be580 Exception <a 'java/lang/NoSuchMethodError'{0x0000000089d23818}: 'java.lang.Object java.lang.invoke.Invokers$Holder.linkToTargetMethod(java.lang.Object, java.lang.Object, java.lang.Object, long, java.lang.Object)'> (0x0000000089d23818) 
thrown [s\open\src\hotspot\share\interpreter\linkResolver.cpp, line 773]
Event: 54.830 Thread 0x000001a2678bf570 Implicit null exception at 0x000001a2146912eb to 0x000001a214691364
Event: 54.900 Thread 0x000001a2678bfac0 Exception <a 'java/lang/NoSuchMethodError'{0x000000008432e470}: 'void java.lang.invoke.DirectMethodHandle$Holder.invokeSpecialIFC(java.lang.Object, java.lang.Object, java.lang.Object, java.lang.Object, int, java.lang.Object, java.lang.Object)'> (0x000000008432e470) 
thrown [s\open\src\hotspot\share\interpreter\linkResolver.cpp, line 773]
Event: 54.945 Thread 0x000001a2678bf570 Exception <a 'java/lang/IncompatibleClassChangeError'{0x0000000084210838}: Found class java.lang.Object, but interface was expected> (0x0000000084210838) 
thrown [s\open\src\hotspot\share\interpreter\linkResolver.cpp, line 840]
Event: 54.945 Thread 0x000001a2678bfac0 Exception <a 'java/lang/IncompatibleClassChangeError'{0x0000000084217648}: Found class java.lang.Object, but interface was expected> (0x0000000084217648) 
thrown [s\open\src\hotspot\share\interpreter\linkResolver.cpp, line 840]
Event: 55.085 Thread 0x000001a2678bf570 Exception <a 'java/lang/NoSuchMethodError'{0x000000008706f368}: 'void java.lang.invoke.Invokers$Holder.invokeExact_MT(java.lang.Object, java.lang.Object, int, java.lang.Object)'> (0x000000008706f368) 
thrown [s\open\src\hotspot\share\interpreter\linkResolver.cpp, line 773]
Event: 55.085 Thread 0x000001a2678bfac0 Exception <a 'java/lang/NoSuchMethodError'{0x0000000087078df8}: 'void java.lang.invoke.Invokers$Holder.invokeExact_MT(java.lang.Object, java.lang.Object, int, java.lang.Object)'> (0x0000000087078df8) 
thrown [s\open\src\hotspot\share\interpreter\linkResolver.cpp, line 773]
Event: 55.257 Thread 0x000001a2678bf570 Exception <a 'java/lang/NoSuchMethodError'{0x0000000086ec2568}: 'java.lang.Object java.lang.invoke.DirectMethodHandle$Holder.invokeInterface(java.lang.Object, java.lang.Object, java.lang.Object, java.lang.Object)'> (0x0000000086ec2568) 
thrown [s\open\src\hotspot\share\interpreter\linkResolver.cpp, line 773]
Event: 59.315 Thread 0x000001a2678c0560 Exception <a 'java/lang/NoSuchMethodError'{0x0000000086a35e88}: 'java.lang.Object java.lang.invoke.DirectMethodHandle$Holder.invokeInterface(java.lang.Object, java.lang.Object, java.lang.Object, java.lang.Object, java.lang.Object)'> (0x0000000086a35e88) 
thrown [s\open\src\hotspot\share\interpreter\linkResolver.cpp, line 773]
Event: 68.107 Thread 0x000001a2678ba5c0 Exception <a 'java/lang/NoSuchMethodError'{0x000000008503d5f0}: 'java.lang.Object java.lang.invoke.DirectMethodHandle$Holder.invokeStatic(java.lang.Object, int, int)'> (0x000000008503d5f0) 
thrown [s\open\src\hotspot\share\interpreter\linkResolver.cpp, line 773]
Event: 86.253 Thread 0x000001a2678ba5c0 Exception <a 'java/lang/NoSuchMethodError'{0x0000000086f446a8}: 'int java.lang.invoke.Invokers$Holder.invokeExact_MT(java.lang.Object, java.lang.Object, java.lang.Object)'> (0x0000000086f446a8) 
thrown [s\open\src\hotspot\share\interpreter\linkResolver.cpp, line 773]
Event: 1029.704 Thread 0x000001a2678bd590 Exception <a 'java/io/IOException'{0x0000000084d7a310}> (0x0000000084d7a310) 
thrown [s\open\src\hotspot\share\prims\jni.cpp, line 519]

VM Operations (20 events):
Event: 1004.763 Executing VM operation: Cleanup
Event: 1004.763 Executing VM operation: Cleanup done
Event: 1005.764 Executing VM operation: Cleanup
Event: 1005.764 Executing VM operation: Cleanup done
Event: 1007.788 Executing VM operation: Cleanup
Event: 1007.789 Executing VM operation: Cleanup done
Event: 1009.813 Executing VM operation: Cleanup
Event: 1009.813 Executing VM operation: Cleanup done
Event: 1022.062 Executing VM operation: HandshakeAllThreads
Event: 1022.062 Executing VM operation: HandshakeAllThreads done
Event: 1030.151 Executing VM operation: Cleanup
Event: 1030.151 Executing VM operation: Cleanup done
Event: 1031.163 Executing VM operation: Cleanup
Event: 1031.163 Executing VM operation: Cleanup done
Event: 1034.194 Executing VM operation: Cleanup
Event: 1034.195 Executing VM operation: Cleanup done
Event: 1038.235 Executing VM operation: Cleanup
Event: 1038.235 Executing VM operation: Cleanup done
Event: 1053.364 Executing VM operation: Cleanup
Event: 1053.364 Executing VM operation: Cleanup done

Events (20 events):
Event: 55.126 Thread 0x000001a220a50a50 flushing nmethod 0x000001a214695d90
Event: 55.126 Thread 0x000001a220a50a50 flushing nmethod 0x000001a2146a7a90
Event: 55.126 Thread 0x000001a220a50a50 flushing nmethod 0x000001a214691b10
Event: 55.126 Thread 0x000001a220a50a50 flushing nmethod 0x000001a214656b90
Event: 55.126 Thread 0x000001a220a50a50 flushing nmethod 0x000001a21467ea10
Event: 55.126 Thread 0x000001a220a50a50 flushing nmethod 0x000001a214669810
Event: 55.126 Thread 0x000001a220a50a50 flushing nmethod 0x000001a21461e990
Event: 55.126 Thread 0x000001a220a50a50 flushing nmethod 0x000001a21461e490
Event: 55.126 Thread 0x000001a220a50a50 flushing nmethod 0x000001a214617e10
Event: 55.126 Thread 0x000001a220a50a50 flushing nmethod 0x000001a2145d5b10
Event: 55.126 Thread 0x000001a220a50a50 flushing nmethod 0x000001a21460bd10
Event: 55.126 Thread 0x000001a220a50a50 flushing nmethod 0x000001a21460b490
Event: 55.126 Thread 0x000001a220a50a50 flushing nmethod 0x000001a2145ffa10
Event: 55.126 Thread 0x000001a220a50a50 flushing nmethod 0x000001a2145a1d90
Event: 55.126 Thread 0x000001a220a50a50 flushing nmethod 0x000001a2145a8410
Event: 55.126 Thread 0x000001a220a50a50 flushing nmethod 0x000001a2145b5b90
Event: 55.126 Thread 0x000001a220a50a50 flushing nmethod 0x000001a214567690
Event: 55.126 Thread 0x000001a220a50a50 flushing nmethod 0x000001a214576810
Event: 58.736 Thread 0x000001a26981ef50 Thread exited: 0x000001a26981ef50
Event: 59.998 Thread 0x000001a2678bc050 Thread exited: 0x000001a2678bc050


Dynamic libraries:
0x00007ff74fb10000 - 0x00007ff74fb20000 	C:\Program Files\Java\jdk-20\bin\java.exe
0x00007fff43530000 - 0x00007fff43728000 	C:\Windows\SYSTEM32\ntdll.dll
0x00007fff42c50000 - 0x00007fff42d0d000 	C:\Windows\System32\KERNEL32.DLL
0x00007fff41020000 - 0x00007fff41316000 	C:\Windows\System32\KERNELBASE.dll
0x00007fff41320000 - 0x00007fff41420000 	C:\Windows\System32\ucrtbase.dll
0x00007fff049c0000 - 0x00007fff049db000 	C:\Program Files\Java\jdk-20\bin\VCRUNTIME140.dll
0x00007fff3db20000 - 0x00007fff3db39000 	C:\Program Files\Java\jdk-20\bin\jli.dll
0x00007fff416f0000 - 0x00007fff417a3000 	C:\Windows\System32\ADVAPI32.dll
0x00007fff42e00000 - 0x00007fff42e9e000 	C:\Windows\System32\msvcrt.dll
0x00007fff429f0000 - 0x00007fff42a8f000 	C:\Windows\System32\sechost.dll
0x00007fff42aa0000 - 0x00007fff42bc6000 	C:\Windows\System32\RPCRT4.dll
0x00007fff414b0000 - 0x00007fff414d7000 	C:\Windows\System32\bcrypt.dll
0x00007fff417c0000 - 0x00007fff4195e000 	C:\Windows\System32\USER32.dll
0x00007fff41550000 - 0x00007fff41572000 	C:\Windows\System32\win32u.dll
0x00007fff43330000 - 0x00007fff4335c000 	C:\Windows\System32\GDI32.dll
0x00007fff40d60000 - 0x00007fff40e7a000 	C:\Windows\System32\gdi32full.dll
0x00007fff40f30000 - 0x00007fff40fcd000 	C:\Windows\System32\msvcp_win.dll
0x00007fff31750000 - 0x00007fff319ea000 	C:\Windows\WinSxS\amd64_microsoft.windows.common-controls_6595b64144ccf1df_6.0.19041.3636_none_60b6a03d71f818d5\COMCTL32.dll
0x00007fff345f0000 - 0x00007fff345fa000 	C:\Windows\SYSTEM32\VERSION.dll
0x00007fff42f50000 - 0x00007fff42f80000 	C:\Windows\System32\IMM32.DLL
0x00007fff3db10000 - 0x00007fff3db1c000 	C:\Program Files\Java\jdk-20\bin\vcruntime140_1.dll
0x00007ffee0db0000 - 0x00007ffee0e3e000 	C:\Program Files\Java\jdk-20\bin\msvcp140.dll
0x00007ffec7450000 - 0x00007ffec80e8000 	C:\Program Files\Java\jdk-20\bin\server\jvm.dll
0x00007fff3daf0000 - 0x00007fff3daf9000 	C:\Windows\SYSTEM32\WSOCK32.dll
0x00007fff42f80000 - 0x00007fff42feb000 	C:\Windows\System32\WS2_32.dll
0x00007fff336d0000 - 0x00007fff336f7000 	C:\Windows\SYSTEM32\WINMM.dll
0x00007fff3f430000 - 0x00007fff3f442000 	C:\Windows\SYSTEM32\kernel.appcore.dll
0x00007fff3ac20000 - 0x00007fff3ac2a000 	C:\Program Files\Java\jdk-20\bin\jimage.dll
0x00007fff2e8e0000 - 0x00007fff2eac4000 	C:\Windows\SYSTEM32\DBGHELP.DLL
0x00007fff2e7a0000 - 0x00007fff2e7d4000 	C:\Windows\SYSTEM32\dbgcore.DLL
0x00007fff41420000 - 0x00007fff414a2000 	C:\Windows\System32\bcryptPrimitives.dll
0x00007fff2d7c0000 - 0x00007fff2d7ce000 	C:\Program Files\Java\jdk-20\bin\instrument.dll
0x00007ffef6590000 - 0x00007ffef65b6000 	C:\Program Files\Java\jdk-20\bin\java.dll
0x00007ffee0cd0000 - 0x00007ffee0da7000 	C:\Program Files\Java\jdk-20\bin\jsvml.dll
0x00007fff41e30000 - 0x00007fff42575000 	C:\Windows\System32\SHELL32.dll
0x00007fff3eba0000 - 0x00007fff3f33b000 	C:\Windows\SYSTEM32\windows.storage.dll
0x00007fff41ad0000 - 0x00007fff41e24000 	C:\Windows\System32\combase.dll
0x00007fff40480000 - 0x00007fff404ad000 	C:\Windows\SYSTEM32\Wldp.dll
0x00007fff41580000 - 0x00007fff4162d000 	C:\Windows\System32\SHCORE.dll
0x00007fff43110000 - 0x00007fff43165000 	C:\Windows\System32\shlwapi.dll
0x00007fff40b30000 - 0x00007fff40b55000 	C:\Windows\SYSTEM32\profapi.dll
0x00007ffef6570000 - 0x00007ffef6588000 	C:\Program Files\Java\jdk-20\bin\zip.dll
0x00007ffef6540000 - 0x00007ffef6553000 	C:\Program Files\Java\jdk-20\bin\net.dll
0x00007fff36260000 - 0x00007fff3636a000 	C:\Windows\SYSTEM32\WINHTTP.dll
0x00007fff40260000 - 0x00007fff402ca000 	C:\Windows\system32\mswsock.dll
0x00007fff00d90000 - 0x00007fff00da6000 	C:\Program Files\Java\jdk-20\bin\nio.dll
0x00007fff25480000 - 0x00007fff2549a000 	C:\Program Files\JetBrains\IntelliJ IDEA Community Edition 2023.1.2\bin\breakgen64.dll
0x00007fff249e0000 - 0x00007fff249e7000 	C:\Program Files\Java\jdk-20\bin\extnet.dll
0x00007ffef60a0000 - 0x00007ffef60b0000 	C:\Program Files\Java\jdk-20\bin\verify.dll
0x00007fff404c0000 - 0x00007fff404d8000 	C:\Windows\SYSTEM32\CRYPTSP.dll
0x00007fff3fbb0000 - 0x00007fff3fbe4000 	C:\Windows\system32\rsaenh.dll
0x00007fff40af0000 - 0x00007fff40b1e000 	C:\Windows\SYSTEM32\USERENV.dll
0x00007fff403f0000 - 0x00007fff403fc000 	C:\Windows\SYSTEM32\CRYPTBASE.dll
0x00007fff3ff70000 - 0x00007fff3ffab000 	C:\Windows\SYSTEM32\IPHLPAPI.DLL
0x00007fff42a90000 - 0x00007fff42a98000 	C:\Windows\System32\NSI.dll
0x00007fff393a0000 - 0x00007fff393b7000 	C:\Windows\SYSTEM32\dhcpcsvc6.DLL
0x00007fff39130000 - 0x00007fff3914d000 	C:\Windows\SYSTEM32\dhcpcsvc.DLL
0x00007fff3ffb0000 - 0x00007fff4007a000 	C:\Windows\SYSTEM32\DNSAPI.dll
0x00007fff25460000 - 0x00007fff2546e000 	C:\Program Files\Java\jdk-20\bin\sunmscapi.dll
0x00007fff40c00000 - 0x00007fff40d5d000 	C:\Windows\System32\CRYPT32.dll
0x00007fff405d0000 - 0x00007fff405f8000 	C:\Windows\SYSTEM32\ncrypt.dll
0x00007fff40590000 - 0x00007fff405cb000 	C:\Windows\SYSTEM32\NTASN1.dll
0x00007fff3a6a0000 - 0x00007fff3a6aa000 	C:\Program Files\Java\jdk-20\bin\management.dll
0x00007fff25470000 - 0x00007fff2547b000 	C:\Program Files\Java\jdk-20\bin\management_ext.dll
0x00007fff43170000 - 0x00007fff43178000 	C:\Windows\System32\PSAPI.DLL
0x00007fff33e60000 - 0x00007fff33e6a000 	C:\Windows\System32\rasadhlp.dll
0x00007fff35e90000 - 0x00007fff35f10000 	C:\Windows\System32\fwpuclnt.dll
0x00007fff268e0000 - 0x00007fff268e7000 	C:\Windows\system32\wshunix.dll

dbghelp: loaded successfully - version: 4.0.5 - missing functions: none
symbol engine: initialized successfully - sym options: 0x614 - pdb path: .;C:\Program Files\Java\jdk-20\bin;C:\Windows\SYSTEM32;C:\Windows\WinSxS\amd64_microsoft.windows.common-controls_6595b64144ccf1df_6.0.19041.3636_none_60b6a03d71f818d5;C:\Program Files\Java\jdk-20\bin\server;C:\Program Files\JetBrains\IntelliJ IDEA Community Edition 2023.1.2\bin

VM Arguments:
jvm_args: -javaagent:C:\Program Files\JetBrains\IntelliJ IDEA Community Edition 2023.1.2\lib\idea_rt.jar=51483:C:\Program Files\JetBrains\IntelliJ IDEA Community Edition 2023.1.2\bin -Dfile.encoding=UTF-8 -Dsun.stdout.encoding=UTF-8 -Dsun.stderr.encoding=UTF-8 
java_command: com.exam.SecurityApplication
java_class_path (initial): G:\Project\ExamsBackEnd\BackEnd\ExamServer_Springboot\target\classes;C:\Users\D e r r y\.m2\repository\org\springframework\boot\spring-boot-starter-security\3.0.4\spring-boot-starter-security-3.0.4.jar;C:\Users\D e r r y\.m2\repository\org\springframework\boot\spring-boot-starter\3.0.1\spring-boot-starter-3.0.1.jar;C:\Users\D e r r y\.m2\repository\org\springframework\boot\spring-boot\3.0.1\spring-boot-3.0.1.jar;C:\Users\D e r r y\.m2\repository\org\springframework\boot\spring-boot-autoconfigure\3.0.1\spring-boot-autoconfigure-3.0.1.jar;C:\Users\D e r r y\.m2\repository\org\springframework\boot\spring-boot-starter-logging\3.0.1\spring-boot-starter-logging-3.0.1.jar;C:\Users\D e r r y\.m2\repository\ch\qos\logback\logback-classic\1.4.5\logback-classic-1.4.5.jar;C:\Users\D e r r y\.m2\repository\ch\qos\logback\logback-core\1.4.5\logback-core-1.4.5.jar;C:\Users\D e r r y\.m2\repository\org\apache\logging\log4j\log4j-to-slf4j\2.19.0\log4j-to-slf4j-2.19.0.jar;C:\Users\D e r r y\.m2\repository\org\apache\logging\log4j\log4j-api\2.19.0\log4j-api-2.19.0.jar;C:\Users\D e r r y\.m2\repository\org\slf4j\jul-to-slf4j\2.0.6\jul-to-slf4j-2.0.6.jar;C:\Users\D e r r y\.m2\repository\jakarta\annotation\jakarta.annotation-api\2.1.1\jakarta.annotation-api-2.1.1.jar;C:\Users\D e r r y\.m2\repository\org\yaml\snakeyaml\1.33\snakeyaml-1.33.jar;C:\Users\D e r r y\.m2\repository\org\springframework\spring-aop\6.0.3\spring-aop-6.0.3.jar;C:\Users\D e r r y\.m2\repository\org\springframework\security\spring-security-config\6.0.1\spring-security-config-6.0.1.jar;C:\Users\D e r r y\.m2\repository\org\springframework\security\spring-security-web\6.0.1\spring-security-web-6.0.1.jar;C:\Users\D e r r y\.m2\repository\org\springframework\boot\spring-boot-starter-web\3.1.0\spring-boot-starter-web-3.1.0.jar;C:\Users\D e r r y\.m2\repository\org\springframework\boot\spring-boot-starter-json\3.0.1\spring-boot-starter-json-3.0.1.jar;C:\Users\D e r r y\.m2\repository\com\fasterxml\jackson\datatype\jackson-datatype-jdk8\2.14.1\jackson-datatype-jdk8-2.14.1.jar;C:\Users\D e r r y\.m2\repository\com\fasterxml\jackson\datatype\jackson-datatype-jsr310\2.14.1\jackson-datatype-jsr310-2.14.1.jar;C:\Users\D e r r y\.m2\repository\com\fasterxml\jackson\module\jackson-module-parameter-names\2.14.1\jackson-module-parameter-names-2.14.1.jar;C:\Users\D e r r y\.m2\repository\org\springframework\boot\spring-boot-starter-tomcat\3.0.1\spring-boot-starter-tomcat-3.0.1.jar;C:\Users\D e r r y\.m2\repository\org\apache\tomcat\embed\tomcat-embed-core\10.1.4\tomcat-embed-core-10.1.4.jar;C:\Users\D e r r y\.m2\repository\org\apache\tomcat\embed\tomcat-embed-el\10.1.4\tomcat-embed-el-10.1.4.jar;C:\Users\D e r r y\.m2\repository\org\apache\tomcat\embed\tomcat-embed-websocket\10.1.4\tomcat-embed-websocket-10.1.4.jar;C:\Users\D e r r y\.m2\repository\org\springframework\spring-web\6.0.3\spring-web-6.0.3.jar;C:\Users\D e r r y\.m2\repository\io\micrometer\micrometer-observation\1.10.2\micrometer-observation-1.10.2.jar;C:\Users\D e r r y\.m2\repository\io\micrometer\micrometer-commons\1.10.2\micrometer-commons-1.10.2.jar;C:\Users\D e r r y\.m2\repository\org\springframework\spring-webmvc\6.0.3\spring-webmvc-6.0.3.jar;C:\Users\D e r r y\.m2\repository\com\mysql\mysql-connector-j\8.0.32\mysql-connector-j-8.0.32.jar;C:\Users\D e r r y\.m2\repository\org\springframework\boot\spring-boot-starter-data-jpa\3.0.4\spring-boot-starter-data-jpa-3.0.4.jar;C:\Users\D e r r y\.m2\repository\org\springframework\boot\spring-boot-starter-aop\3.0.1\spring-boot-starter-aop-3.0.1.jar;C:\Users\D e r r y\.m2\repository\org\aspectj\aspectjweaver\1.9.19\aspectjweaver-1.9.19.jar;C:\Users\D e r r y\.m2\repository\org\springframework\boot\spring-boot-starter-jdbc\3.0.1\spring-boot-starter-jdbc-3.0.1.jar;C:\Users\D e r r y\.m2\repository\com\zaxxer\HikariCP\5.0.1\HikariCP-5.0.1.jar;C:\Users\D e r r y\.m2\repository\org\springframework\spring-jdbc\6.0.3\spring-jdbc-6.0.3.jar;C:\Users\D e r r y\.m2\repository\org\hibernate\orm\hibernate-core\6.1.6.Final\hibernate-core-6.1.6.Final.jar;C:\Users\D e r r y\.m2\repository\jakarta\persistence\jakarta.persistence-api\3.1.0\jakarta.persistence-api-3.1.0.jar;C:\Users\D e r r y\.m2\repository\jakarta\transaction\jakarta.transaction-api\2.0.1\jakarta.transaction-api-2.0.1.jar;C:\Users\D e r r y\.m2\repository\org\jboss\logging\jboss-logging\3.5.0.Final\jboss-logging-3.5.0.Final.jar;C:\Users\D e r r y\.m2\repository\org\hibernate\common\hibernate-commons-annotations\6.0.2.Final\hibernate-commons-annotations-6.0.2.Final.jar;C:\Users\D e r r y\.m2\repository\org\jboss\jandex\2.4.2.Final\jandex-2.4.2.Final.jar;C:\Users\D e r r y\.m2\repository\com\fasterxml\classmate\1.5.1\classmate-1.5.1.jar;C:\Users\D e r r y\.m2\repository\net\bytebuddy\byte-buddy\1.12.20\byte-buddy-1.12.20.jar;C:\Users\D e r r y\.m2\repository\org\glassfish\jaxb\jaxb-runtime\4.0.1\jaxb-runtime-4.0.1.jar;C:\Users\D e r r y\.m2\repository\org\glassfish\jaxb\jaxb-core\4.0.1\jaxb-core-4.0.1.jar;C:\Users\D e r r y\.m2\repository\org\eclipse\angus\angus-activation\1.0.0\angus-activation-1.0.0.jar;C:\Users\D e r r y\.m2\repository\org\glassfish\jaxb\txw2\4.0.1\txw2-4.0.1.jar;C:\Users\D e r r y\.m2\repository\com\sun\istack\istack-commons-runtime\4.1.1\istack-commons-runtime-4.1.1.jar;C:\Users\D e r r y\.m2\repository\jakarta\inject\jakarta.inject-api\2.0.0\jakarta.inject-api-2.0.0.jar;C:\Users\D e r r y\.m2\repository\org\antlr\antlr4-runtime\4.10.1\antlr4-runtime-4.10.1.jar;C:\Users\D e r r y\.m2\repository\org\springframework\data\spring-data-jpa\3.0.0\spring-data-jpa-3.0.0.jar;C:\Users\D e r r y\.m2\repository\org\springframework\data\spring-data-commons\3.0.0\spring-data-commons-3.0.0.jar;C:\Users\D e r r y\.m2\repository\org\springframework\spring-orm\6.0.3\spring-orm-6.0.3.jar;C:\Users\D e r r y\.m2\repository\org\springframework\spring-tx\6.0.3\spring-tx-6.0.3.jar;C:\Users\D e r r y\.m2\repository\org\slf4j\slf4j-api\2.0.6\slf4j-api-2.0.6.jar;C:\Users\D e r r y\.m2\repository\org\springframework\spring-aspects\6.0.3\spring-aspects-6.0.3.jar;C:\Users\D e r r y\.m2\repository\org\projectlombok\lombok\1.18.26\lombok-1.18.26.jar;C:\Users\D e r r y\.m2\repository\org\springframework\spring-context\6.0.9\spring-context-6.0.9.jar;C:\Users\D e r r y\.m2\repository\org\springframework\spring-beans\6.0.3\spring-beans-6.0.3.jar;C:\Users\D e r r y\.m2\repository\org\springframework\spring-core\6.0.3\spring-core-6.0.3.jar;C:\Users\D e r r y\.m2\repository\org\springframework\spring-jcl\6.0.3\spring-jcl-6.0.3.jar;C:\Users\D e r r y\.m2\repository\org\springframework\spring-expression\6.0.3\spring-expression-6.0.3.jar;C:\Users\D e r r y\.m2\repository\io\jsonwebtoken\jjwt-api\0.11.5\jjwt-api-0.11.5.jar;C:\Users\D e r r y\.m2\repository\io\jsonwebtoken\jjwt-impl\0.11.5\jjwt-impl-0.11.5.jar;C:\Users\D e r r y\.m2\repository\io\jsonwebtoken\jjwt-jackson\0.11.5\jjwt-jackson-0.11.5.jar;C:\Users\D e r r y\.m2\repository\com\fasterxml\jackson\core\jackson-databind\2.14.1\jackson-databind-2.14.1.jar;C:\Users\D e r r y\.m2\repository\com\fasterxml\jackson\core\jackson-annotations\2.14.1\jackson-annotations-2.14.1.jar;C:\Users\D e r r y\.m2\repository\com\fasterxml\jackson\core\jackson-core\2.14.1\jackson-core-2.14.1.jar;C:\Users\D e r r y\.m2\repository\jakarta\xml\bind\jakarta.xml.bind-api\4.0.0\jakarta.xml.bind-api-4.0.0.jar;C:\Users\D e r r y\.m2\repository\jakarta\activation\jakarta.activation-api\2.1.0\jakarta.activation-api-2.1.0.jar;C:\Users\D e r r y\.m2\repository\org\springframework\security\spring-security-core\6.0.1\spring-security-core-6.0.1.jar;C:\Users\D e r r y\.m2\repository\org\springframework\security\spring-security-crypto\6.0.1\spring-security-crypto-6.0.1.jar
Launcher Type: SUN_STANDARD

[Global flags]
     intx CICompilerCount                          = 3                                         {product} {ergonomic}
     uint ConcGCThreads                            = 1                                         {product} {ergonomic}
     uint G1ConcRefinementThreads                  = 4                                         {product} {ergonomic}
   size_t G1HeapRegionSize                         = 1048576                                   {product} {ergonomic}
    uintx GCDrainStackTargetSize                   = 64                                        {product} {ergonomic}
   size_t InitialHeapSize                          = 134217728                                 {product} {ergonomic}
   size_t MarkStackSize                            = 4194304                                   {product} {ergonomic}
   size_t MaxHeapSize                              = 2116026368                                {product} {ergonomic}
   size_t MaxNewSize                               = 1268776960                                {product} {ergonomic}
   size_t MinHeapDeltaBytes                        = 1048576                                   {product} {ergonomic}
   size_t MinHeapSize                              = 8388608                                   {product} {ergonomic}
    uintx NonNMethodCodeHeapSize                   = 5832780                                {pd product} {ergonomic}
    uintx NonProfiledCodeHeapSize                  = 122912730                              {pd product} {ergonomic}
    uintx ProfiledCodeHeapSize                     = 122912730                              {pd product} {ergonomic}
    uintx ReservedCodeCacheSize                    = 251658240                              {pd product} {ergonomic}
     bool SegmentedCodeCache                       = true                                      {product} {ergonomic}
   size_t SoftMaxHeapSize                          = 2116026368                             {manageable} {ergonomic}
     bool UseCompressedClassPointers               = true                           {product lp64_product} {ergonomic}
     bool UseCompressedOops                        = true                           {product lp64_product} {ergonomic}
     bool UseG1GC                                  = true                                      {product} {ergonomic}
     bool UseLargePagesIndividualAllocation        = false                                  {pd product} {ergonomic}

Logging:
Log output configuration:
 #0: stdout all=warning uptime,level,tags foldmultilines=false
 #1: stderr all=off uptime,level,tags foldmultilines=false

Environment Variables:
PATH=C:\Program Files\Common Files\Oracle\Java\javapath;C:\Program Files (x86)\Common Files\Oracle\Java\javapath;C:\Windows\system32;C:\Windows;C:\Windows\System32\Wbem;C:\Windows\System32\WindowsPowerShell\v1.0\;C:\Windows\System32\OpenSSH\;C:\Program Files\nodejs\;C:\Program Files\Git\cmd;C:\ProgramData\chocolatey\bin;C:\Program Files\apache-maven-3.9.4-bin\apache-maven-3.9.4\bin;C:\Program Files\dotnet\;C:\Users\D e r r y\anaconda3;C:\Users\D e r r y\anaconda3\Library\mingw-w64\bin;C:\Users\D e r r y\anaconda3\Library\usr\bin;C:\Users\D e r r y\anaconda3\Library\bin;C:\Users\D e r r y\anaconda3\Scripts;C:\Program Files\MySQL\MySQL Shell 8.0\bin\;C:\Users\D e r r y\AppData\Local\Microsoft\WindowsApps;C:\Program Files\JetBrains\IntelliJ IDEA Community Edition 2023.1.2\bin;;C:\Program Files\JetBrains\PyCharm Community Edition 2023.1.2\bin;;C:\Users\D e r r y\AppData\Roaming\npm;C:\Users\D e r r y\AppData\Local\Programs\Microsoft VS Code\bin;C:\Users\D e r r y\AppData\Local\Programs\MiKTeX\miktex\bin\x64\;C:\Users\D e r r y\AppData\Local\GitHubDesktop\bin;C:\Program Files\heroku\bin;C:\Program Files\bin
USERNAME=D e r r y
OS=Windows_NT
PROCESSOR_IDENTIFIER=Intel64 Family 6 Model 61 Stepping 4, GenuineIntel
TMP=C:\Users\DERRY~1\AppData\Local\Temp
TEMP=C:\Users\DERRY~1\AppData\Local\Temp




---------------  S Y S T E M  ---------------

OS:
 Windows 10 , 64 bit Build 19041 (10.0.19041.3636)
OS uptime: 0 days 3:51 hours
Hyper-V role detected

CPU: total 4 (initial active 4) (2 cores per cpu, 2 threads per core) family 6 model 61 stepping 4 microcode 0x2f, cx8, cmov, fxsr, ht, mmx, 3dnowpref, sse, sse2, sse3, ssse3, sse4.1, sse4.2, popcnt, lzcnt, tsc, tscinvbit, avx, avx2, aes, erms, clmul, bmi1, bmi2, rtm, adx, fma, vzeroupper, clflush, hv, rdtscp, f16c

Memory: 4k page, system-wide physical 8067M (779M free)
TotalPageFile size 10115M (AvailPageFile size 4M)
current process WorkingSet (physical memory assigned to process): 239M, peak: 243M
current process commit charge ("private bytes"): 269M, peak: 272M

vm_info: Java HotSpot(TM) 64-Bit Server VM (20.0.2+9-78) for windows-amd64 JRE (20.0.2+9-78), built on 2023-06-14T10:08:48Z by "mach5one" with MS VC++ 17.1 (VS2022)

END.
