#
# There is insufficient memory for the Java Runtime Environment to continue.
# Native memory allocation (malloc) failed to allocate 1886416 bytes for Chunk::new
# Possible reasons:
#   The system is out of physical RAM or swap space
#   The process is running with CompressedOops enabled, and the Java Heap may be blocking the growth of the native heap
# Possible solutions:
#   Reduce memory load on the system
#   Increase physical memory or swap space
#   Check if swap backing store is full
#   Decrease Java heap size (-Xmx/-Xms)
#   Decrease number of Java threads
#   Decrease Java thread stack sizes (-Xss)
#   Set larger code cache with -XX:ReservedCodeCacheSize=
#   JVM is running with Unscaled Compressed Oops mode in which the Java heap is
#     placed in the first 4GB address space. The Java Heap base address is the
#     maximum limit for the native heap growth. Please use -XX:HeapBaseMinAddress
#     to set the Java Heap base and to place the Java Heap above 4GB virtual address.
# This output file may be truncated or incomplete.
#
#  Out of Memory Error (arena.cpp:184), pid=4372, tid=11912
#
# JRE version: Java(TM) SE Runtime Environment (20.0.2+9) (build 20.0.2+9-78)
# Java VM: Java HotSpot(TM) 64-Bit Server VM (20.0.2+9-78, mixed mode, sharing, tiered, compressed oops, compressed class ptrs, g1 gc, windows-amd64)
# No core dump will be written. Minidumps are not enabled by default on client versions of Windows
#

---------------  S U M M A R Y ------------

Command Line: -javaagent:C:\Program Files\JetBrains\IntelliJ IDEA Community Edition 2023.1.2\lib\idea_rt.jar=52181:C:\Program Files\JetBrains\IntelliJ IDEA Community Edition 2023.1.2\bin -Dfile.encoding=UTF-8 -Dsun.stdout.encoding=UTF-8 -Dsun.stderr.encoding=UTF-8 com.exam.SecurityApplication

Host: Intel(R) Core(TM) i5-5300U CPU @ 2.30GHz, 4 cores, 7G,  Windows 10 , 64 bit Build 19041 (10.0.19041.3636)
Time: Wed Jun 19 18:01:55 2024 Sao Tome Standard Time elapsed time: 14.669195 seconds (0d 0h 0m 14s)

---------------  T H R E A D  ---------------

Current thread (0x00000162e1e813a0):  JavaThread "C2 CompilerThread0" daemon [_thread_in_native, id=11912, stack(0x0000004256d00000,0x0000004256e00000)]


Current CompileTask:
C2:  14669 6412       4       org.antlr.v4.runtime.atn.ParserATNSimulator::closureCheckingStopState (244 bytes)

Stack: [0x0000004256d00000,0x0000004256e00000]
Native frames: (J=compiled Java code, j=interpreted, Vv=VM code, C=native code)
V  [jvm.dll+0x6bc25a]
V  [jvm.dll+0x84971a]
V  [jvm.dll+0x84b315]
V  [jvm.dll+0x84ba13]
V  [jvm.dll+0x280e4f]
V  [jvm.dll+0xc2ab1]
V  [jvm.dll+0xc2dd5]
V  [jvm.dll+0x3bb612]
V  [jvm.dll+0x385b75]
V  [jvm.dll+0x384fea]
V  [jvm.dll+0x24b529]
V  [jvm.dll+0x24a921]
V  [jvm.dll+0x1ce761]
V  [jvm.dll+0x25a0eb]
V  [jvm.dll+0x2587c0]
V  [jvm.dll+0x3f2dd5]
V  [jvm.dll+0x7f5c76]
V  [jvm.dll+0x6baecb]
C  [ucrtbase.dll+0x21bb2]
C  [KERNEL32.DLL+0x17344]
C  [ntdll.dll+0x4cc91]


---------------  P R O C E S S  ---------------

Threads class SMR info:
_java_thread_list=0x00000162e89ca0b0, length=15, elements={
0x00000162c5d345f0, 0x00000162e1e710b0, 0x00000162e1e71eb0, 0x00000162e1e74f60,
0x00000162e1e788c0, 0x00000162e1e799a0, 0x00000162e1e7aa80, 0x00000162e1e813a0,
0x00000162e1e844d0, 0x00000162e1e40c60, 0x00000162e65be540, 0x00000162e65bee90,
0x00000162e78673a0, 0x00000162e7868e30, 0x00000162e7867e40
}

Java Threads: ( => current thread )
  0x00000162c5d345f0 JavaThread "main" [_thread_in_vm, id=14556, stack(0x0000004256000000,0x0000004256100000)]
  0x00000162e1e710b0 JavaThread "Reference Handler" daemon [_thread_blocked, id=10900, stack(0x0000004256700000,0x0000004256800000)]
  0x00000162e1e71eb0 JavaThread "Finalizer" daemon [_thread_blocked, id=2340, stack(0x0000004256800000,0x0000004256900000)]
  0x00000162e1e74f60 JavaThread "Signal Dispatcher" daemon [_thread_blocked, id=5332, stack(0x0000004256900000,0x0000004256a00000)]
  0x00000162e1e788c0 JavaThread "Attach Listener" daemon [_thread_blocked, id=6836, stack(0x0000004256a00000,0x0000004256b00000)]
  0x00000162e1e799a0 JavaThread "Service Thread" daemon [_thread_blocked, id=10616, stack(0x0000004256b00000,0x0000004256c00000)]
  0x00000162e1e7aa80 JavaThread "Monitor Deflation Thread" daemon [_thread_blocked, id=6408, stack(0x0000004256c00000,0x0000004256d00000)]
=>0x00000162e1e813a0 JavaThread "C2 CompilerThread0" daemon [_thread_in_native, id=11912, stack(0x0000004256d00000,0x0000004256e00000)]
  0x00000162e1e844d0 JavaThread "C1 CompilerThread0" daemon [_thread_in_vm, id=8332, stack(0x0000004256e00000,0x0000004256f00000)]
  0x00000162e1e40c60 JavaThread "Common-Cleaner" daemon [_thread_blocked, id=12392, stack(0x0000004256f00000,0x0000004257000000)]
  0x00000162e65be540 JavaThread "Monitor Ctrl-Break" daemon [_thread_in_native, id=12872, stack(0x0000004257000000,0x0000004257100000)]
  0x00000162e65bee90 JavaThread "Notification Thread" daemon [_thread_blocked, id=7452, stack(0x0000004257100000,0x0000004257200000)]
  0x00000162e78673a0 JavaThread "mysql-cj-abandoned-connection-cleanup" daemon [_thread_blocked, id=7152, stack(0x0000004257600000,0x0000004257700000)]
  0x00000162e7868e30 JavaThread "HikariPool-1 housekeeper" daemon [_thread_blocked, id=9916, stack(0x0000004257800000,0x0000004257900000)]
  0x00000162e7867e40 JavaThread "HikariPool-1 connection adder" daemon [_thread_blocked, id=3812, stack(0x0000004257900000,0x0000004257a00000)]

Other Threads:
  0x00000162e1e53b80 VMThread "VM Thread" [stack: 0x0000004256600000,0x0000004256700000] [id=13156]
  0x00000162e65c54d0 WatcherThread "VM Periodic Task Thread" [stack: 0x0000004257200000,0x0000004257300000] [id=3852]
  0x00000162c5d914a0 WorkerThread "GC Thread#0" [stack: 0x0000004256100000,0x0000004256200000] [id=12548]
  0x00000162e6753e50 WorkerThread "GC Thread#1" [stack: 0x0000004257300000,0x0000004257400000] [id=9700]
  0x00000162e6b3ddf0 WorkerThread "GC Thread#2" [stack: 0x0000004257400000,0x0000004257500000] [id=5184]
  0x00000162e696b9d0 WorkerThread "GC Thread#3" [stack: 0x0000004257500000,0x0000004257600000] [id=6928]
  0x00000162c5da1ff0 ConcurrentGCThread "G1 Main Marker" [stack: 0x0000004256200000,0x0000004256300000] [id=14500]
  0x00000162c5da2a20 WorkerThread "G1 Conc#0" [stack: 0x0000004256300000,0x0000004256400000] [id=12580]
  0x00000162c5dee6d0 ConcurrentGCThread "G1 Refine#0" [stack: 0x0000004256400000,0x0000004256500000] [id=13112]
  0x00000162e1d04340 ConcurrentGCThread "G1 Service" [stack: 0x0000004256500000,0x0000004256600000] [id=7616]

Threads with active compile tasks:
C2 CompilerThread0    14764 6412       4       org.antlr.v4.runtime.atn.ParserATNSimulator::closureCheckingStopState (244 bytes)

VM state: not at safepoint (normal execution)

VM Mutex/Monitor currently owned by a thread: None

Heap address: 0x0000000081e00000, size: 2018 MB, Compressed Oops mode: 32-bit

CDS archive(s) mapped at: [0x0000016280000000-0x0000016280c60000-0x0000016280c60000), size 12976128, SharedBaseAddress: 0x0000016280000000, ArchiveRelocationMode: 1.
Compressed class space mapped at: 0x0000016281000000-0x00000162c1000000, reserved size: 1073741824
Narrow klass base: 0x0000016280000000, Narrow klass shift: 0, Narrow klass range: 0x100000000

GC Precious Log:
 CardTable entry size: 512
 Card Set container configuration: InlinePtr #cards 5 size 8 Array Of Cards #cards 12 size 40 Howl #buckets 4 coarsen threshold 1843 Howl Bitmap #cards 512 size 80 coarsen threshold 460 Card regions per heap region 1 cards per card region 2048
 CPUs: 4 total, 4 available
 Memory: 8067M
 Large Page Support: Disabled
 NUMA Support: Disabled
 Compressed Oops: Enabled (32-bit)
 Heap Region Size: 1M
 Heap Min Capacity: 8M
 Heap Initial Capacity: 128M
 Heap Max Capacity: 2018M
 Pre-touch: Disabled
 Parallel Workers: 4
 Concurrent Workers: 1
 Concurrent Refinement Workers: 4
 Periodic GC: Disabled

Heap:
 garbage-first heap   total 61440K, used 46684K [0x0000000081e00000, 0x0000000100000000)
  region size 1024K, 24 young (24576K), 4 survivors (4096K)
 Metaspace       used 64375K, committed 65024K, reserved 1114112K
  class space    used 8642K, committed 8896K, reserved 1048576K

Heap Regions: E=young(eden), S=young(survivor), O=old, HS=humongous(starts), HC=humongous(continues), CS=collection set, F=free, OA=open archive, CA=closed archive, TAMS=top-at-mark-start, PB=parsable bottom
|   0|0x0000000081e00000, 0x0000000081f00000, 0x0000000081f00000|100%|HS|  |TAMS 0x0000000081e00000| PB 0x0000000081e00000| Complete 
|   1|0x0000000081f00000, 0x0000000082000000, 0x0000000082000000|100%| O|  |TAMS 0x0000000081f00000| PB 0x0000000081f00000| Untracked 
|   2|0x0000000082000000, 0x0000000082100000, 0x0000000082100000|100%| O|  |TAMS 0x0000000082000000| PB 0x0000000082000000| Untracked 
|   3|0x0000000082100000, 0x0000000082200000, 0x0000000082200000|100%| O|  |TAMS 0x0000000082100000| PB 0x0000000082100000| Untracked 
|   4|0x0000000082200000, 0x0000000082300000, 0x0000000082300000|100%| O|  |TAMS 0x0000000082200000| PB 0x0000000082200000| Untracked 
|   5|0x0000000082300000, 0x0000000082400000, 0x0000000082400000|100%| O|  |TAMS 0x0000000082300000| PB 0x0000000082300000| Untracked 
|   6|0x0000000082400000, 0x0000000082500000, 0x0000000082500000|100%| O|  |TAMS 0x0000000082400000| PB 0x0000000082400000| Untracked 
|   7|0x0000000082500000, 0x0000000082600000, 0x0000000082600000|100%| O|  |TAMS 0x0000000082500000| PB 0x0000000082500000| Untracked 
|   8|0x0000000082600000, 0x0000000082700000, 0x0000000082700000|100%| O|  |TAMS 0x0000000082600000| PB 0x0000000082600000| Untracked 
|   9|0x0000000082700000, 0x0000000082800000, 0x0000000082800000|100%| O|  |TAMS 0x0000000082700000| PB 0x0000000082700000| Untracked 
|  10|0x0000000082800000, 0x0000000082900000, 0x0000000082900000|100%| O|  |TAMS 0x0000000082800000| PB 0x0000000082800000| Untracked 
|  11|0x0000000082900000, 0x0000000082a00000, 0x0000000082a00000|100%| O|  |TAMS 0x0000000082900000| PB 0x0000000082900000| Untracked 
|  12|0x0000000082a00000, 0x0000000082b00000, 0x0000000082b00000|100%| O|  |TAMS 0x0000000082a00000| PB 0x0000000082a00000| Untracked 
|  13|0x0000000082b00000, 0x0000000082c00000, 0x0000000082c00000|100%| O|  |TAMS 0x0000000082b00000| PB 0x0000000082b00000| Untracked 
|  14|0x0000000082c00000, 0x0000000082d00000, 0x0000000082d00000|100%| O|  |TAMS 0x0000000082c00000| PB 0x0000000082c00000| Untracked 
|  15|0x0000000082d00000, 0x0000000082e00000, 0x0000000082e00000|100%| O|  |TAMS 0x0000000082d00000| PB 0x0000000082d00000| Untracked 
|  16|0x0000000082e00000, 0x0000000082f00000, 0x0000000082f00000|100%| O|  |TAMS 0x0000000082e00000| PB 0x0000000082e00000| Untracked 
|  17|0x0000000082f00000, 0x0000000083000000, 0x0000000083000000|100%| O|  |TAMS 0x0000000082f00000| PB 0x0000000082f00000| Complete 
|  18|0x0000000083000000, 0x0000000083100000, 0x0000000083100000|100%| O|  |TAMS 0x0000000083000000| PB 0x0000000083000000| Untracked 
|  19|0x0000000083100000, 0x0000000083200000, 0x0000000083200000|100%| O|  |TAMS 0x0000000083100000| PB 0x0000000083100000| Untracked 
|  20|0x0000000083200000, 0x0000000083300000, 0x0000000083300000|100%| O|  |TAMS 0x0000000083200000| PB 0x0000000083200000| Untracked 
|  21|0x0000000083300000, 0x0000000083397200, 0x0000000083400000| 59%| O|  |TAMS 0x0000000083300000| PB 0x0000000083300000| Untracked 
|  22|0x0000000083400000, 0x0000000083400000, 0x0000000083500000|  0%| F|  |TAMS 0x0000000083400000| PB 0x0000000083400000| Untracked 
|  23|0x0000000083500000, 0x0000000083600000, 0x0000000083600000|100%| S|CS|TAMS 0x0000000083500000| PB 0x0000000083500000| Complete 
|  24|0x0000000083600000, 0x0000000083700000, 0x0000000083700000|100%| S|CS|TAMS 0x0000000083600000| PB 0x0000000083600000| Complete 
|  25|0x0000000083700000, 0x0000000083800000, 0x0000000083800000|100%| O|  |TAMS 0x0000000083700000| PB 0x0000000083700000| Untracked 
|  26|0x0000000083800000, 0x0000000083900000, 0x0000000083900000|100%| O|  |TAMS 0x0000000083800000| PB 0x0000000083800000| Untracked 
|  27|0x0000000083900000, 0x0000000083a00000, 0x0000000083a00000|100%| S|CS|TAMS 0x0000000083900000| PB 0x0000000083900000| Complete 
|  28|0x0000000083a00000, 0x0000000083b00000, 0x0000000083b00000|100%| S|CS|TAMS 0x0000000083a00000| PB 0x0000000083a00000| Complete 
|  29|0x0000000083b00000, 0x0000000083b00000, 0x0000000083c00000|  0%| F|  |TAMS 0x0000000083b00000| PB 0x0000000083b00000| Untracked 
|  30|0x0000000083c00000, 0x0000000083c00000, 0x0000000083d00000|  0%| F|  |TAMS 0x0000000083c00000| PB 0x0000000083c00000| Untracked 
|  31|0x0000000083d00000, 0x0000000083d00000, 0x0000000083e00000|  0%| F|  |TAMS 0x0000000083d00000| PB 0x0000000083d00000| Untracked 
|  32|0x0000000083e00000, 0x0000000083e00000, 0x0000000083f00000|  0%| F|  |TAMS 0x0000000083e00000| PB 0x0000000083e00000| Untracked 
|  33|0x0000000083f00000, 0x0000000083f00000, 0x0000000084000000|  0%| F|  |TAMS 0x0000000083f00000| PB 0x0000000083f00000| Untracked 
|  34|0x0000000084000000, 0x0000000084000000, 0x0000000084100000|  0%| F|  |TAMS 0x0000000084000000| PB 0x0000000084000000| Untracked 
|  35|0x0000000084100000, 0x0000000084100000, 0x0000000084200000|  0%| F|  |TAMS 0x0000000084100000| PB 0x0000000084100000| Untracked 
|  36|0x0000000084200000, 0x0000000084200000, 0x0000000084300000|  0%| F|  |TAMS 0x0000000084200000| PB 0x0000000084200000| Untracked 
|  37|0x0000000084300000, 0x0000000084300000, 0x0000000084400000|  0%| F|  |TAMS 0x0000000084300000| PB 0x0000000084300000| Untracked 
|  38|0x0000000084400000, 0x0000000084400000, 0x0000000084500000|  0%| F|  |TAMS 0x0000000084400000| PB 0x0000000084400000| Untracked 
|  39|0x0000000084500000, 0x0000000084500000, 0x0000000084600000|  0%| F|  |TAMS 0x0000000084500000| PB 0x0000000084500000| Untracked 
|  40|0x0000000084600000, 0x0000000084700000, 0x0000000084700000|100%| E|  |TAMS 0x0000000084600000| PB 0x0000000084600000| Complete 
|  41|0x0000000084700000, 0x0000000084800000, 0x0000000084800000|100%| E|CS|TAMS 0x0000000084700000| PB 0x0000000084700000| Complete 
|  42|0x0000000084800000, 0x0000000084900000, 0x0000000084900000|100%| E|CS|TAMS 0x0000000084800000| PB 0x0000000084800000| Complete 
|  43|0x0000000084900000, 0x0000000084a00000, 0x0000000084a00000|100%| E|CS|TAMS 0x0000000084900000| PB 0x0000000084900000| Complete 
|  44|0x0000000084a00000, 0x0000000084b00000, 0x0000000084b00000|100%| E|  |TAMS 0x0000000084a00000| PB 0x0000000084a00000| Complete 
|  45|0x0000000084b00000, 0x0000000084c00000, 0x0000000084c00000|100%| E|CS|TAMS 0x0000000084b00000| PB 0x0000000084b00000| Complete 
|  46|0x0000000084c00000, 0x0000000084d00000, 0x0000000084d00000|100%| E|CS|TAMS 0x0000000084c00000| PB 0x0000000084c00000| Complete 
|  47|0x0000000084d00000, 0x0000000084e00000, 0x0000000084e00000|100%| E|CS|TAMS 0x0000000084d00000| PB 0x0000000084d00000| Complete 
|  48|0x0000000084e00000, 0x0000000084f00000, 0x0000000084f00000|100%| E|CS|TAMS 0x0000000084e00000| PB 0x0000000084e00000| Complete 
|  49|0x0000000084f00000, 0x0000000085000000, 0x0000000085000000|100%| E|CS|TAMS 0x0000000084f00000| PB 0x0000000084f00000| Complete 
|  50|0x0000000085000000, 0x0000000085100000, 0x0000000085100000|100%| E|CS|TAMS 0x0000000085000000| PB 0x0000000085000000| Complete 
|  51|0x0000000085100000, 0x0000000085200000, 0x0000000085200000|100%| E|CS|TAMS 0x0000000085100000| PB 0x0000000085100000| Complete 
|  77|0x0000000086b00000, 0x0000000086c00000, 0x0000000086c00000|100%| E|CS|TAMS 0x0000000086b00000| PB 0x0000000086b00000| Complete 
|  78|0x0000000086c00000, 0x0000000086d00000, 0x0000000086d00000|100%| E|CS|TAMS 0x0000000086c00000| PB 0x0000000086c00000| Complete 
|  79|0x0000000086d00000, 0x0000000086e00000, 0x0000000086e00000|100%| E|CS|TAMS 0x0000000086d00000| PB 0x0000000086d00000| Complete 
|  80|0x0000000086e00000, 0x0000000086f00000, 0x0000000086f00000|100%| E|CS|TAMS 0x0000000086e00000| PB 0x0000000086e00000| Complete 
|  81|0x0000000086f00000, 0x0000000087000000, 0x0000000087000000|100%| E|CS|TAMS 0x0000000086f00000| PB 0x0000000086f00000| Complete 
|  82|0x0000000087000000, 0x0000000087100000, 0x0000000087100000|100%| E|CS|TAMS 0x0000000087000000| PB 0x0000000087000000| Complete 
|  83|0x0000000087100000, 0x0000000087200000, 0x0000000087200000|100%| E|CS|TAMS 0x0000000087100000| PB 0x0000000087100000| Complete 
| 127|0x0000000089d00000, 0x0000000089e00000, 0x0000000089e00000|100%| E|CS|TAMS 0x0000000089d00000| PB 0x0000000089d00000| Complete 

Card table byte_map: [0x00000162dd200000,0x00000162dd600000] _byte_map_base: 0x00000162dcdf1000

Marking Bits: (CMBitMap*) 0x00000162c5d91ad0
 Bits: [0x00000162dda00000, 0x00000162df988000)

Polling page: 0x00000162c3c80000

Metaspace:

Usage:
  Non-class:     54.43 MB used.
      Class:      8.44 MB used.
       Both:     62.87 MB used.

Virtual space:
  Non-class space:       64.00 MB reserved,      54.81 MB ( 86%) committed,  1 nodes.
      Class space:        1.00 GB reserved,       8.69 MB ( <1%) committed,  1 nodes.
             Both:        1.06 GB reserved,      63.50 MB (  6%) committed. 

Chunk freelists:
   Non-Class:  627.00 KB
       Class:  3.16 MB
        Both:  3.77 MB

MaxMetaspaceSize: unlimited
CompressedClassSpaceSize: 1.00 GB
Initial GC threshold: 21.00 MB
Current GC threshold: 98.75 MB
CDS: on
MetaspaceReclaimPolicy: balanced
 - commit_granule_bytes: 65536.
 - commit_granule_words: 8192.
 - virtual_space_node_default_size: 8388608.
 - enlarge_chunks_in_place: 1.
 - new_chunks_are_fully_committed: 0.
 - uncommit_free_chunks: 1.
 - use_allocation_guard: 0.


Internal statistics:

num_allocs_failed_limit: 9.
num_arena_births: 776.
num_arena_deaths: 0.
num_vsnodes_births: 2.
num_vsnodes_deaths: 0.
num_space_committed: 1016.
num_space_uncommitted: 0.
num_chunks_returned_to_freelist: 9.
num_chunks_taken_from_freelist: 2942.
num_chunk_merges: 9.
num_chunk_splits: 2168.
num_chunks_enlarged: 1726.
num_inconsistent_stats: 0.

CodeHeap 'non-profiled nmethods': size=120000Kb used=2684Kb max_used=2684Kb free=117316Kb
 bounds [0x00000162d58d0000, 0x00000162d5b80000, 0x00000162dce00000]
CodeHeap 'profiled nmethods': size=120000Kb used=11207Kb max_used=11412Kb free=108792Kb
 bounds [0x00000162cde00000, 0x00000162ce930000, 0x00000162d5330000]
CodeHeap 'non-nmethods': size=5760Kb used=1734Kb max_used=1765Kb free=4025Kb
 bounds [0x00000162d5330000, 0x00000162d55a0000, 0x00000162d58d0000]
 total_blobs=6616 nmethods=5911 adapters=615
 compilation: enabled
              stopped_count=0, restarted_count=0
 full_count=0

Compilation events (20 events):
Event: 14.439 Thread 0x00000162e1e844d0 6515       2       org.antlr.v4.runtime.atn.ParserATNSimulator::computeReachSet (455 bytes)
Event: 14.441 Thread 0x00000162e1e844d0 nmethod 6515 0x00000162cdf71390 code [0x00000162cdf716a0, 0x00000162cdf72850]
Event: 14.442 Thread 0x00000162e1e844d0 6516       2       org.antlr.v4.runtime.atn.ParserATNSimulator::closure (44 bytes)
Event: 14.442 Thread 0x00000162e1e844d0 nmethod 6516 0x00000162ce173790 code [0x00000162ce173920, 0x00000162ce173a68]
Event: 14.465 Thread 0x00000162e1e844d0 6522       2       org.antlr.v4.runtime.atn.ATNConfigSet::optimizeConfigs (71 bytes)
Event: 14.466 Thread 0x00000162e1e844d0 nmethod 6522 0x00000162ce172e90 code [0x00000162ce173060, 0x00000162ce1734e8]
Event: 14.491 Thread 0x00000162e1e844d0 6529 %     3       org.antlr.v4.runtime.misc.Array2DHashSet::expand @ 68 (247 bytes)
Event: 14.492 Thread 0x00000162e1e844d0 nmethod 6529% 0x00000162cdf6fb10 code [0x00000162cdf6fda0, 0x00000162cdf70da8]
Event: 14.497 Thread 0x00000162e1e844d0 6530       2       org.antlr.v4.runtime.BufferedTokenStream::size (10 bytes)
Event: 14.497 Thread 0x00000162e1e844d0 nmethod 6530 0x00000162cdea2710 code [0x00000162cdea28a0, 0x00000162cdea29d0]
Event: 14.501 Thread 0x00000162e1e844d0 6531       3       java.util.HashMap::get (19 bytes)
Event: 14.501 Thread 0x00000162e1e844d0 nmethod 6531 0x00000162cdf6f610 code [0x00000162cdf6f7c0, 0x00000162cdf6f980]
Event: 14.501 Thread 0x00000162e1e844d0 6532       2       org.antlr.v4.runtime.BufferedTokenStream::lazyInit (13 bytes)
Event: 14.501 Thread 0x00000162e1e844d0 nmethod 6532 0x00000162ce38fd90 code [0x00000162ce38ff20, 0x00000162ce390098]
Event: 14.504 Thread 0x00000162e1e844d0 6533       1       org.antlr.v4.runtime.atn.PlusLoopbackState::getStateType (3 bytes)
Event: 14.504 Thread 0x00000162e1e844d0 nmethod 6533 0x00000162d59e2610 code [0x00000162d59e2780, 0x00000162d59e2848]
Event: 14.506 Thread 0x00000162e1e844d0 6534       2       org.antlr.v4.runtime.BufferedTokenStream::LA (11 bytes)
Event: 14.506 Thread 0x00000162e1e844d0 nmethod 6534 0x00000162ce38f990 code [0x00000162ce38fb20, 0x00000162ce38fc88]
Event: 14.506 Thread 0x00000162e1e844d0 6535 %     3       org.antlr.v4.runtime.atn.ParserATNSimulator::computeReachSet @ 144 (455 bytes)
Event: 14.509 Thread 0x00000162e1e844d0 nmethod 6535% 0x00000162ce1ad810 code [0x00000162ce1add00, 0x00000162ce1b15a0]

GC Heap History (20 events):
Event: 4.999 GC heap before
{Heap before GC invocations=3 (full 0):
 garbage-first heap   total 131072K, used 48918K [0x0000000081e00000, 0x0000000100000000)
  region size 1024K, 44 young (45056K), 4 survivors (4096K)
 Metaspace       used 21193K, committed 21504K, reserved 1114112K
  class space    used 2627K, committed 2816K, reserved 1048576K
}
Event: 5.015 GC heap after
{Heap after GC invocations=4 (full 0):
 garbage-first heap   total 131072K, used 13465K [0x0000000081e00000, 0x0000000100000000)
  region size 1024K, 7 young (7168K), 7 survivors (7168K)
 Metaspace       used 21193K, committed 21504K, reserved 1114112K
  class space    used 2627K, committed 2816K, reserved 1048576K
}
Event: 6.330 GC heap before
{Heap before GC invocations=5 (full 0):
 garbage-first heap   total 51200K, used 37017K [0x0000000081e00000, 0x0000000100000000)
  region size 1024K, 30 young (30720K), 7 survivors (7168K)
 Metaspace       used 24898K, committed 25344K, reserved 1114112K
  class space    used 3128K, committed 3328K, reserved 1048576K
}
Event: 6.350 GC heap after
{Heap after GC invocations=6 (full 0):
 garbage-first heap   total 51200K, used 15523K [0x0000000081e00000, 0x0000000100000000)
  region size 1024K, 3 young (3072K), 3 survivors (3072K)
 Metaspace       used 24898K, committed 25344K, reserved 1114112K
  class space    used 3128K, committed 3328K, reserved 1048576K
}
Event: 7.887 GC heap before
{Heap before GC invocations=6 (full 0):
 garbage-first heap   total 51200K, used 38051K [0x0000000081e00000, 0x0000000100000000)
  region size 1024K, 26 young (26624K), 3 survivors (3072K)
 Metaspace       used 30568K, committed 31040K, reserved 1114112K
  class space    used 3871K, committed 4096K, reserved 1048576K
}
Event: 7.904 GC heap after
{Heap after GC invocations=7 (full 0):
 garbage-first heap   total 51200K, used 17867K [0x0000000081e00000, 0x0000000100000000)
  region size 1024K, 4 young (4096K), 4 survivors (4096K)
 Metaspace       used 30568K, committed 31040K, reserved 1114112K
  class space    used 3871K, committed 4096K, reserved 1048576K
}
Event: 8.876 GC heap before
{Heap before GC invocations=7 (full 0):
 garbage-first heap   total 51200K, used 39371K [0x0000000081e00000, 0x0000000100000000)
  region size 1024K, 26 young (26624K), 4 survivors (4096K)
 Metaspace       used 35109K, committed 35648K, reserved 1114112K
  class space    used 4553K, committed 4800K, reserved 1048576K
}
Event: 8.890 GC heap after
{Heap after GC invocations=8 (full 0):
 garbage-first heap   total 51200K, used 20088K [0x0000000081e00000, 0x0000000100000000)
  region size 1024K, 2 young (2048K), 2 survivors (2048K)
 Metaspace       used 35109K, committed 35648K, reserved 1114112K
  class space    used 4553K, committed 4800K, reserved 1048576K
}
Event: 8.941 GC heap before
{Heap before GC invocations=8 (full 0):
 garbage-first heap   total 51200K, used 21112K [0x0000000081e00000, 0x0000000100000000)
  region size 1024K, 4 young (4096K), 2 survivors (2048K)
 Metaspace       used 35594K, committed 36096K, reserved 1114112K
  class space    used 4617K, committed 4864K, reserved 1048576K
}
Event: 8.946 GC heap after
{Heap after GC invocations=9 (full 0):
 garbage-first heap   total 51200K, used 19916K [0x0000000081e00000, 0x0000000100000000)
  region size 1024K, 2 young (2048K), 2 survivors (2048K)
 Metaspace       used 35594K, committed 36096K, reserved 1114112K
  class space    used 4617K, committed 4864K, reserved 1048576K
}
Event: 10.314 GC heap before
{Heap before GC invocations=10 (full 0):
 garbage-first heap   total 51200K, used 42444K [0x0000000081e00000, 0x0000000100000000)
  region size 1024K, 25 young (25600K), 2 survivors (2048K)
 Metaspace       used 45386K, committed 45952K, reserved 1114112K
  class space    used 5824K, committed 6080K, reserved 1048576K
}
Event: 10.323 GC heap after
{Heap after GC invocations=11 (full 0):
 garbage-first heap   total 51200K, used 22413K [0x0000000081e00000, 0x0000000100000000)
  region size 1024K, 4 young (4096K), 4 survivors (4096K)
 Metaspace       used 45386K, committed 45952K, reserved 1114112K
  class space    used 5824K, committed 6080K, reserved 1048576K
}
Event: 11.149 GC heap before
{Heap before GC invocations=11 (full 0):
 garbage-first heap   total 51200K, used 42893K [0x0000000081e00000, 0x0000000100000000)
  region size 1024K, 25 young (25600K), 4 survivors (4096K)
 Metaspace       used 50532K, committed 51072K, reserved 1114112K
  class space    used 6602K, committed 6848K, reserved 1048576K
}
Event: 11.167 GC heap after
{Heap after GC invocations=12 (full 0):
 garbage-first heap   total 51200K, used 23944K [0x0000000081e00000, 0x0000000100000000)
  region size 1024K, 2 young (2048K), 2 survivors (2048K)
 Metaspace       used 50532K, committed 51072K, reserved 1114112K
  class space    used 6602K, committed 6848K, reserved 1048576K
}
Event: 12.054 GC heap before
{Heap before GC invocations=12 (full 0):
 garbage-first heap   total 51200K, used 44424K [0x0000000081e00000, 0x0000000100000000)
  region size 1024K, 22 young (22528K), 2 survivors (2048K)
 Metaspace       used 54542K, committed 55104K, reserved 1114112K
  class space    used 7211K, committed 7488K, reserved 1048576K
}
Event: 12.062 GC heap after
{Heap after GC invocations=13 (full 0):
 garbage-first heap   total 61440K, used 24361K [0x0000000081e00000, 0x0000000100000000)
  region size 1024K, 3 young (3072K), 3 survivors (3072K)
 Metaspace       used 54542K, committed 55104K, reserved 1114112K
  class space    used 7211K, committed 7488K, reserved 1048576K
}
Event: 13.422 GC heap before
{Heap before GC invocations=13 (full 0):
 garbage-first heap   total 61440K, used 47913K [0x0000000081e00000, 0x0000000100000000)
  region size 1024K, 27 young (27648K), 3 survivors (3072K)
 Metaspace       used 59999K, committed 60608K, reserved 1114112K
  class space    used 7908K, committed 8192K, reserved 1048576K
}
Event: 13.435 GC heap after
{Heap after GC invocations=14 (full 0):
 garbage-first heap   total 61440K, used 26142K [0x0000000081e00000, 0x0000000100000000)
  region size 1024K, 3 young (3072K), 3 survivors (3072K)
 Metaspace       used 59999K, committed 60608K, reserved 1114112K
  class space    used 7908K, committed 8192K, reserved 1048576K
}
Event: 14.372 GC heap before
{Heap before GC invocations=15 (full 0):
 garbage-first heap   total 61440K, used 54814K [0x0000000081e00000, 0x0000000100000000)
  region size 1024K, 31 young (31744K), 3 survivors (3072K)
 Metaspace       used 63227K, committed 63808K, reserved 1114112K
  class space    used 8502K, committed 8768K, reserved 1048576K
}
Event: 14.382 GC heap after
{Heap after GC invocations=16 (full 0):
 garbage-first heap   total 61440K, used 28252K [0x0000000081e00000, 0x0000000100000000)
  region size 1024K, 4 young (4096K), 4 survivors (4096K)
 Metaspace       used 63227K, committed 63808K, reserved 1114112K
  class space    used 8502K, committed 8768K, reserved 1048576K
}

Dll operation events (14 events):
Event: 0.027 Loaded shared library C:\Program Files\Java\jdk-20\bin\java.dll
Event: 0.064 Loaded shared library C:\Program Files\Java\jdk-20\bin\jsvml.dll
Event: 0.412 Loaded shared library C:\Program Files\Java\jdk-20\bin\zip.dll
Event: 0.422 Loaded shared library C:\Program Files\Java\jdk-20\bin\instrument.dll
Event: 0.436 Loaded shared library C:\Program Files\Java\jdk-20\bin\net.dll
Event: 0.442 Loaded shared library C:\Program Files\Java\jdk-20\bin\nio.dll
Event: 0.450 Loaded shared library C:\Program Files\Java\jdk-20\bin\zip.dll
Event: 0.874 Loaded shared library C:\Program Files\JetBrains\IntelliJ IDEA Community Edition 2023.1.2\bin\breakgen64.dll
Event: 0.890 Loaded shared library C:\Program Files\Java\jdk-20\bin\extnet.dll
Event: 1.002 Loaded shared library C:\Program Files\Java\jdk-20\bin\jimage.dll
Event: 2.939 Loaded shared library C:\Program Files\Java\jdk-20\bin\verify.dll
Event: 7.430 Loaded shared library C:\Program Files\Java\jdk-20\bin\sunmscapi.dll
Event: 7.579 Loaded shared library C:\Program Files\Java\jdk-20\bin\management.dll
Event: 7.615 Loaded shared library C:\Program Files\Java\jdk-20\bin\management_ext.dll

Deoptimization events (20 events):
Event: 14.391 Thread 0x00000162c5d345f0 Uncommon trap: trap_request=0xffffffde fr.pc=0x00000162d59ee964 relative=0x00000000000001a4
Event: 14.391 Thread 0x00000162c5d345f0 Uncommon trap: reason=class_check action=maybe_recompile pc=0x00000162d59ee964 method=org.antlr.v4.runtime.atn.SingletonPredictionContext.equals(Ljava/lang/Object;)Z @ 8 c2
Event: 14.391 Thread 0x00000162c5d345f0 DEOPT PACKING pc=0x00000162d59ee964 sp=0x00000042560f62d0
Event: 14.391 Thread 0x00000162c5d345f0 DEOPT UNPACKING pc=0x00000162d5399d22 sp=0x00000042560f6258 mode 2
Event: 14.393 Thread 0x00000162c5d345f0 Uncommon trap: trap_request=0xffffffde fr.pc=0x00000162d59ee964 relative=0x00000000000001a4
Event: 14.393 Thread 0x00000162c5d345f0 Uncommon trap: reason=class_check action=maybe_recompile pc=0x00000162d59ee964 method=org.antlr.v4.runtime.atn.SingletonPredictionContext.equals(Ljava/lang/Object;)Z @ 8 c2
Event: 14.393 Thread 0x00000162c5d345f0 DEOPT PACKING pc=0x00000162d59ee964 sp=0x00000042560f6000
Event: 14.393 Thread 0x00000162c5d345f0 DEOPT UNPACKING pc=0x00000162d5399d22 sp=0x00000042560f5f88 mode 2
Event: 14.393 Thread 0x00000162c5d345f0 Uncommon trap: trap_request=0xffffffde fr.pc=0x00000162d59ee964 relative=0x00000000000001a4
Event: 14.393 Thread 0x00000162c5d345f0 Uncommon trap: reason=class_check action=maybe_recompile pc=0x00000162d59ee964 method=org.antlr.v4.runtime.atn.SingletonPredictionContext.equals(Ljava/lang/Object;)Z @ 8 c2
Event: 14.393 Thread 0x00000162c5d345f0 DEOPT PACKING pc=0x00000162d59ee964 sp=0x00000042560f6220
Event: 14.393 Thread 0x00000162c5d345f0 DEOPT UNPACKING pc=0x00000162d5399d22 sp=0x00000042560f61a8 mode 2
Event: 14.395 Thread 0x00000162c5d345f0 Uncommon trap: trap_request=0xffffffde fr.pc=0x00000162d59ee964 relative=0x00000000000001a4
Event: 14.395 Thread 0x00000162c5d345f0 Uncommon trap: reason=class_check action=maybe_recompile pc=0x00000162d59ee964 method=org.antlr.v4.runtime.atn.SingletonPredictionContext.equals(Ljava/lang/Object;)Z @ 8 c2
Event: 14.395 Thread 0x00000162c5d345f0 DEOPT PACKING pc=0x00000162d59ee964 sp=0x00000042560f7830
Event: 14.395 Thread 0x00000162c5d345f0 DEOPT UNPACKING pc=0x00000162d5399d22 sp=0x00000042560f77b8 mode 2
Event: 14.500 Thread 0x00000162c5d345f0 Uncommon trap: trap_request=0xffffff45 fr.pc=0x00000162d595fac4 relative=0x0000000000000204
Event: 14.500 Thread 0x00000162c5d345f0 Uncommon trap: reason=unstable_if action=reinterpret pc=0x00000162d595fac4 method=java.util.HashMap.getNode(Ljava/lang/Object;)Ljava/util/HashMap$Node; @ 66 c2
Event: 14.500 Thread 0x00000162c5d345f0 DEOPT PACKING pc=0x00000162d595fac4 sp=0x00000042560fabd0
Event: 14.500 Thread 0x00000162c5d345f0 DEOPT UNPACKING pc=0x00000162d5399d22 sp=0x00000042560faae0 mode 2

Classes loaded (20 events):
Event: 13.846 Loading class java/util/stream/ReduceOps$CountingSink$OfRef
Event: 13.846 Loading class java/util/stream/ReduceOps$CountingSink
Event: 13.846 Loading class java/util/stream/ReduceOps$CountingSink done
Event: 13.846 Loading class java/util/stream/ReduceOps$CountingSink$OfRef done
Event: 13.879 Loading class java/lang/invoke/WrongMethodTypeException
Event: 13.879 Loading class java/lang/invoke/WrongMethodTypeException done
Event: 13.889 Loading class java/lang/Character$UnicodeBlock
Event: 13.890 Loading class java/lang/Character$Subset
Event: 13.890 Loading class java/lang/Character$Subset done
Event: 13.890 Loading class java/lang/Character$UnicodeBlock done
Event: 13.901 Loading class java/util/regex/Pattern$1
Event: 13.902 Loading class java/util/regex/Pattern$1 done
Event: 13.943 Loading class java/util/regex/Pattern$Bound
Event: 13.943 Loading class java/util/regex/Pattern$Bound done
Event: 13.944 Loading class java/util/regex/Pattern$Behind
Event: 13.944 Loading class java/util/regex/Pattern$Behind done
Event: 14.131 Loading class java/util/EmptyStackException
Event: 14.131 Loading class java/util/EmptyStackException done
Event: 14.144 Loading class java/io/InvalidClassException
Event: 14.144 Loading class java/io/InvalidClassException done

Classes unloaded (0 events):
No events

Classes redefined (0 events):
No events

Internal exceptions (20 events):
Event: 11.091 Thread 0x00000162c5d345f0 Exception <a 'java/lang/NoSuchMethodError'{0x0000000083cdb408}: 'java.lang.Object java.lang.invoke.DirectMethodHandle$Holder.invokeStatic(java.lang.Object, java.lang.Object, int, java.lang.Object)'> (0x0000000083cdb408) 
thrown [s\open\src\hotspot\share\interpreter\linkResolver.cpp, line 773]
Event: 11.091 Thread 0x00000162c5d345f0 Exception <a 'java/lang/NoSuchMethodError'{0x0000000083cdf410}: 'java.lang.Object java.lang.invoke.DirectMethodHandle$Holder.invokeStaticInit(java.lang.Object, java.lang.Object, int, java.lang.Object)'> (0x0000000083cdf410) 
thrown [s\open\src\hotspot\share\interpreter\linkResolver.cpp, line 773]
Event: 11.148 Thread 0x00000162c5d345f0 Exception <a 'java/lang/IncompatibleClassChangeError'{0x0000000083bf9e00}: Found class java.lang.Object, but interface was expected> (0x0000000083bf9e00) 
thrown [s\open\src\hotspot\share\interpreter\linkResolver.cpp, line 840]
Event: 12.160 Thread 0x00000162c5d345f0 Exception <a 'java/lang/NoSuchMethodError'{0x000000008702f5d8}: 'int java.lang.invoke.DirectMethodHandle$Holder.invokeStatic(java.lang.Object, java.lang.Object, java.lang.Object, java.lang.Object, java.lang.Object)'> (0x000000008702f5d8) 
thrown [s\open\src\hotspot\share\interpreter\linkResolver.cpp, line 773]
Event: 12.162 Thread 0x00000162c5d345f0 Exception <a 'java/lang/NoSuchMethodError'{0x0000000087043018}: 'java.lang.Object java.lang.invoke.DirectMethodHandle$Holder.newInvokeSpecial(java.lang.Object, java.lang.Object, java.lang.Object, java.lang.Object, java.lang.Object, java.lang.Object, java.lang.Object)'> (0x0000000087043018) 
thrown [s\open\src\hotspot\share\interpreter\linkResolver.cpp, line 773]
Event: 12.240 Thread 0x00000162c5d345f0 Exception <a 'java/lang/NoSuchMethodError'{0x0000000086e04790}: 'void java.lang.invoke.DirectMethodHandle$Holder.invokeSpecial(java.lang.Object, java.lang.Object, java.lang.Object, java.lang.Object, java.lang.Object, java.lang.Object, java.lang.Object, java.lang.Object)'> (0x0000000086e04790) 
thrown [s\open\src\hotspot\share\interpreter\linkResolver.cpp, line 773]
Event: 12.248 Thread 0x00000162c5d345f0 Exception <a 'java/lang/NoSuchMethodError'{0x0000000086e42a80}: 'java.lang.Object java.lang.invoke.DirectMethodHandle$Holder.newInvokeSpecial(java.lang.Object, java.lang.Object, int, java.lang.Object, int, java.lang.Object, java.lang.Object, java.lang.Object)'> (0x0000000086e42a80) 
thrown [s\open\src\hotspot\share\interpreter\linkResolver.cpp, line 773]
Event: 12.249 Thread 0x00000162c5d345f0 Exception <a 'java/lang/NoSuchMethodError'{0x0000000086e4e960}: 'int java.lang.invoke.DirectMethodHandle$Holder.invokeSpecial(java.lang.Object, java.lang.Object, java.lang.Object, java.lang.Object, java.lang.Object, java.lang.Object)'> (0x0000000086e4e960) 
thrown [s\open\src\hotspot\share\interpreter\linkResolver.cpp, line 773]
Event: 12.251 Thread 0x00000162c5d345f0 Exception <a 'java/lang/NoSuchMethodError'{0x0000000086e5b9a0}: 'void java.lang.invoke.DirectMethodHandle$Holder.invokeSpecial(java.lang.Object, java.lang.Object, java.lang.Object, java.lang.Object, java.lang.Object, java.lang.Object, java.lang.Object)'> (0x0000000086e5b9a0) 
thrown [s\open\src\hotspot\share\interpreter\linkResolver.cpp, line 773]
Event: 12.264 Thread 0x00000162c5d345f0 Exception <a 'java/lang/NoSuchMethodError'{0x0000000086eae8a8}: 'java.lang.Object java.lang.invoke.DirectMethodHandle$Holder.newInvokeSpecial(java.lang.Object, java.lang.Object, java.lang.Object, java.lang.Object, java.lang.Object, java.lang.Object, java.lang.Object, int)'> (0x0000000086eae8a8) 
thrown [s\open\src\hotspot\share\interpreter\linkResolver.cpp, line 773]
Event: 12.264 Thread 0x00000162c5d345f0 Exception <a 'java/lang/NoSuchMethodError'{0x0000000086eb3618}: 'java.lang.Object java.lang.invoke.DirectMethodHandle$Holder.invokeSpecial(java.lang.Object, java.lang.Object, java.lang.Object, java.lang.Object, java.lang.Object, java.lang.Object, java.lang.Object, java.lang.Object, int)'> (0x0000000086eb3618) 
thrown [s\open\src\hotspot\share\interpreter\linkResolver.cpp, line 773]
Event: 12.312 Thread 0x00000162c5d345f0 Exception <a 'java/lang/NoSuchMethodError'{0x0000000086df81a0}: 'void java.lang.invoke.DirectMethodHandle$Holder.invokeInterface(java.lang.Object, java.lang.Object)'> (0x0000000086df81a0) 
thrown [s\open\src\hotspot\share\interpreter\linkResolver.cpp, line 773]
Event: 12.884 Thread 0x00000162c5d345f0 Implicit null exception at 0x00000162d5b0094c to 0x00000162d5b020d4
Event: 12.891 Thread 0x00000162c5d345f0 Exception <a 'java/lang/IncompatibleClassChangeError'{0x0000000084b33768}: Found class java.lang.Object, but interface was expected> (0x0000000084b33768) 
thrown [s\open\src\hotspot\share\interpreter\linkResolver.cpp, line 840]
Event: 12.931 Thread 0x00000162c5d345f0 Exception <a 'java/lang/IncompatibleClassChangeError'{0x0000000084a949e8}: Found class java.lang.Object, but interface was expected> (0x0000000084a949e8) 
thrown [s\open\src\hotspot\share\interpreter\linkResolver.cpp, line 840]
Event: 13.712 Thread 0x00000162c5d345f0 Exception <a 'java/lang/IncompatibleClassChangeError'{0x0000000089d60350}: Found class java.lang.Object, but interface was expected> (0x0000000089d60350) 
thrown [s\open\src\hotspot\share\interpreter\linkResolver.cpp, line 840]
Event: 13.904 Thread 0x00000162c5d345f0 Exception <a 'java/lang/IncompatibleClassChangeError'{0x0000000085194820}: Found class java.lang.Object, but interface was expected> (0x0000000085194820) 
thrown [s\open\src\hotspot\share\interpreter\linkResolver.cpp, line 840]
Event: 13.905 Thread 0x00000162c5d345f0 Exception <a 'java/lang/IncompatibleClassChangeError'{0x000000008519b3a0}: Found class java.lang.Object, but interface was expected> (0x000000008519b3a0) 
thrown [s\open\src\hotspot\share\interpreter\linkResolver.cpp, line 840]
Event: 13.980 Thread 0x00000162c5d345f0 Exception <a 'java/lang/NoSuchMethodError'{0x0000000084fc4a18}: 'void java.lang.invoke.Invokers$Holder.invokeExact_MT(java.lang.Object, java.lang.Object, java.lang.Object, java.lang.Object)'> (0x0000000084fc4a18) 
thrown [s\open\src\hotspot\share\interpreter\linkResolver.cpp, line 773]
Event: 14.046 Thread 0x00000162c5d345f0 Exception <a 'java/lang/NoSuchMethodError'{0x00000000849281c0}: 'int java.lang.invoke.DirectMethodHandle$Holder.invokeStatic(java.lang.Object, int, java.lang.Object)'> (0x00000000849281c0) 
thrown [s\open\src\hotspot\share\interpreter\linkResolver.cpp, line 773]

VM Operations (20 events):
Event: 13.122 Executing VM operation: Cleanup
Event: 13.122 Executing VM operation: Cleanup done
Event: 13.421 Executing VM operation: CollectForMetadataAllocation
Event: 13.435 Executing VM operation: CollectForMetadataAllocation done
Event: 13.524 Executing VM operation: G1PauseRemark
Event: 13.535 Executing VM operation: G1PauseRemark done
Event: 13.569 Executing VM operation: G1PauseCleanup
Event: 13.569 Executing VM operation: G1PauseCleanup done
Event: 13.803 Executing VM operation: HandshakeAllThreads
Event: 13.803 Executing VM operation: HandshakeAllThreads done
Event: 13.804 Executing VM operation: HandshakeAllThreads
Event: 13.804 Executing VM operation: HandshakeAllThreads done
Event: 14.163 Executing VM operation: HandshakeAllThreads
Event: 14.164 Executing VM operation: HandshakeAllThreads done
Event: 14.339 Executing VM operation: ICBufferFull
Event: 14.339 Executing VM operation: ICBufferFull done
Event: 14.372 Executing VM operation: G1CollectForAllocation
Event: 14.382 Executing VM operation: G1CollectForAllocation done
Event: 14.394 Executing VM operation: HandshakeAllThreads
Event: 14.394 Executing VM operation: HandshakeAllThreads done

Events (20 events):
Event: 13.534 Thread 0x00000162e1e53b80 flushing nmethod 0x00000162d59d2290
Event: 13.534 Thread 0x00000162e1e53b80 flushing nmethod 0x00000162d59d0390
Event: 13.534 Thread 0x00000162e1e53b80 flushing nmethod 0x00000162d59db010
Event: 13.534 Thread 0x00000162e1e53b80 flushing nmethod 0x00000162d59d5090
Event: 13.534 Thread 0x00000162e1e53b80 flushing nmethod 0x00000162d59c8190
Event: 13.534 Thread 0x00000162e1e53b80 flushing nmethod 0x00000162d59ce710
Event: 13.534 Thread 0x00000162e1e53b80 flushing nmethod 0x00000162d59cda90
Event: 13.534 Thread 0x00000162e1e53b80 flushing nmethod 0x00000162d5998290
Event: 13.534 Thread 0x00000162e1e53b80 flushing nmethod 0x00000162d5996f90
Event: 13.534 Thread 0x00000162e1e53b80 flushing nmethod 0x00000162d598f810
Event: 13.534 Thread 0x00000162e1e53b80 flushing nmethod 0x00000162d5986e10
Event: 13.534 Thread 0x00000162e1e53b80 flushing nmethod 0x00000162d5982090
Event: 13.534 Thread 0x00000162e1e53b80 flushing nmethod 0x00000162d5977790
Event: 13.534 Thread 0x00000162e1e53b80 flushing nmethod 0x00000162d596eb90
Event: 13.534 Thread 0x00000162e1e53b80 flushing nmethod 0x00000162d595ba10
Event: 13.534 Thread 0x00000162e1e53b80 flushing nmethod 0x00000162d5953110
Event: 13.534 Thread 0x00000162e1e53b80 flushing nmethod 0x00000162d592b790
Event: 13.534 Thread 0x00000162e1e53b80 flushing nmethod 0x00000162d592a510
Event: 13.534 Thread 0x00000162e1e53b80 flushing nmethod 0x00000162d58dcf10
Event: 13.534 Thread 0x00000162e1e53b80 flushing nmethod 0x00000162d58d0410


Dynamic libraries:
0x00007ff703400000 - 0x00007ff703410000 	C:\Program Files\Java\jdk-20\bin\java.exe
0x00007ffaf4ad0000 - 0x00007ffaf4cc8000 	C:\Windows\SYSTEM32\ntdll.dll
0x00007ffaf2ce0000 - 0x00007ffaf2d9d000 	C:\Windows\System32\KERNEL32.DLL
0x00007ffaf25a0000 - 0x00007ffaf2896000 	C:\Windows\System32\KERNELBASE.dll
0x00007ffaf23d0000 - 0x00007ffaf24d0000 	C:\Windows\System32\ucrtbase.dll
0x00007ffacf660000 - 0x00007ffacf67b000 	C:\Program Files\Java\jdk-20\bin\VCRUNTIME140.dll
0x00007ffaeca60000 - 0x00007ffaeca79000 	C:\Program Files\Java\jdk-20\bin\jli.dll
0x00007ffaf4360000 - 0x00007ffaf4410000 	C:\Windows\System32\ADVAPI32.dll
0x00007ffaf42c0000 - 0x00007ffaf435e000 	C:\Windows\System32\msvcrt.dll
0x00007ffaf2e50000 - 0x00007ffaf2ef0000 	C:\Windows\System32\sechost.dll
0x00007ffaf3710000 - 0x00007ffaf3833000 	C:\Windows\System32\RPCRT4.dll
0x00007ffaf2570000 - 0x00007ffaf2597000 	C:\Windows\System32\bcrypt.dll
0x00007ffaf2b40000 - 0x00007ffaf2cdf000 	C:\Windows\System32\USER32.dll
0x00007ffaf2a90000 - 0x00007ffaf2ab2000 	C:\Windows\System32\win32u.dll
0x00007ffaf2b10000 - 0x00007ffaf2b3b000 	C:\Windows\System32\GDI32.dll
0x00007ffaf22b0000 - 0x00007ffaf23c7000 	C:\Windows\System32\gdi32full.dll
0x00007ffaf24d0000 - 0x00007ffaf256d000 	C:\Windows\System32\msvcp_win.dll
0x00007ffae1940000 - 0x00007ffae1bda000 	C:\Windows\WinSxS\amd64_microsoft.windows.common-controls_6595b64144ccf1df_6.0.19041.4355_none_60b8b9eb71f62e16\COMCTL32.dll
0x00007ffae62e0000 - 0x00007ffae62ea000 	C:\Windows\SYSTEM32\VERSION.dll
0x00007ffaf3c00000 - 0x00007ffaf3c2f000 	C:\Windows\System32\IMM32.DLL
0x00007ffacf650000 - 0x00007ffacf65c000 	C:\Program Files\Java\jdk-20\bin\vcruntime140_1.dll
0x00007ffacb440000 - 0x00007ffacb4ce000 	C:\Program Files\Java\jdk-20\bin\msvcp140.dll
0x00007ffab5710000 - 0x00007ffab63a8000 	C:\Program Files\Java\jdk-20\bin\server\jvm.dll
0x00007ffaeca50000 - 0x00007ffaeca59000 	C:\Windows\SYSTEM32\WSOCK32.dll
0x00007ffaf3c30000 - 0x00007ffaf3c9b000 	C:\Windows\System32\WS2_32.dll
0x00007ffae27e0000 - 0x00007ffae2807000 	C:\Windows\SYSTEM32\WINMM.dll
0x00007ffaf0990000 - 0x00007ffaf09a2000 	C:\Windows\SYSTEM32\kernel.appcore.dll
0x00007ffacf640000 - 0x00007ffacf64a000 	C:\Program Files\Java\jdk-20\bin\jimage.dll
0x00007ffade530000 - 0x00007ffade714000 	C:\Windows\SYSTEM32\DBGHELP.DLL
0x00007ffade320000 - 0x00007ffade354000 	C:\Windows\SYSTEM32\dbgcore.DLL
0x00007ffaf2a00000 - 0x00007ffaf2a82000 	C:\Windows\System32\bcryptPrimitives.dll
0x00007ffad6a30000 - 0x00007ffad6a3e000 	C:\Program Files\Java\jdk-20\bin\instrument.dll
0x00007ffacf610000 - 0x00007ffacf636000 	C:\Program Files\Java\jdk-20\bin\java.dll
0x00007ffabadd0000 - 0x00007ffabaea7000 	C:\Program Files\Java\jdk-20\bin\jsvml.dll
0x00007ffaf2fa0000 - 0x00007ffaf370c000 	C:\Windows\System32\SHELL32.dll
0x00007ffaf0100000 - 0x00007ffaf089d000 	C:\Windows\SYSTEM32\windows.storage.dll
0x00007ffaf3e50000 - 0x00007ffaf41a3000 	C:\Windows\System32\combase.dll
0x00007ffaf1ad0000 - 0x00007ffaf1afe000 	C:\Windows\SYSTEM32\Wldp.dll
0x00007ffaf3980000 - 0x00007ffaf3a4d000 	C:\Windows\System32\OLEAUT32.dll
0x00007ffaf2ef0000 - 0x00007ffaf2f9d000 	C:\Windows\System32\SHCORE.dll
0x00007ffaf38a0000 - 0x00007ffaf38f5000 	C:\Windows\System32\shlwapi.dll
0x00007ffaf20c0000 - 0x00007ffaf20e4000 	C:\Windows\SYSTEM32\profapi.dll
0x00007ffacb3e0000 - 0x00007ffacb3f8000 	C:\Program Files\Java\jdk-20\bin\zip.dll
0x00007ffacb420000 - 0x00007ffacb433000 	C:\Program Files\Java\jdk-20\bin\net.dll
0x00007ffae9920000 - 0x00007ffae9a2a000 	C:\Windows\SYSTEM32\WINHTTP.dll
0x00007ffaf18b0000 - 0x00007ffaf191a000 	C:\Windows\system32\mswsock.dll
0x00007ffacb400000 - 0x00007ffacb416000 	C:\Program Files\Java\jdk-20\bin\nio.dll
0x00007ffacf860000 - 0x00007ffacf87a000 	C:\Program Files\JetBrains\IntelliJ IDEA Community Edition 2023.1.2\bin\breakgen64.dll
0x00007ffac7850000 - 0x00007ffac7857000 	C:\Program Files\Java\jdk-20\bin\extnet.dll
0x00007ffac49a0000 - 0x00007ffac49b0000 	C:\Program Files\Java\jdk-20\bin\verify.dll
0x00007ffaf1b10000 - 0x00007ffaf1b28000 	C:\Windows\SYSTEM32\CRYPTSP.dll
0x00007ffaf1180000 - 0x00007ffaf11b4000 	C:\Windows\system32\rsaenh.dll
0x00007ffaf2070000 - 0x00007ffaf209e000 	C:\Windows\SYSTEM32\USERENV.dll
0x00007ffaf1a40000 - 0x00007ffaf1a4c000 	C:\Windows\SYSTEM32\CRYPTBASE.dll
0x00007ffaf1560000 - 0x00007ffaf159b000 	C:\Windows\SYSTEM32\IPHLPAPI.DLL
0x00007ffaf3960000 - 0x00007ffaf3968000 	C:\Windows\System32\NSI.dll
0x00007ffaeab90000 - 0x00007ffaeaba7000 	C:\Windows\SYSTEM32\dhcpcsvc6.DLL
0x00007ffaea6d0000 - 0x00007ffaea6ed000 	C:\Windows\SYSTEM32\dhcpcsvc.DLL
0x00007ffaf15b0000 - 0x00007ffaf167a000 	C:\Windows\SYSTEM32\DNSAPI.dll
0x00007ffacf840000 - 0x00007ffacf84e000 	C:\Program Files\Java\jdk-20\bin\sunmscapi.dll
0x00007ffaf28a0000 - 0x00007ffaf29fe000 	C:\Windows\System32\CRYPT32.dll
0x00007ffaf1c20000 - 0x00007ffaf1c49000 	C:\Windows\SYSTEM32\ncrypt.dll
0x00007ffaf1be0000 - 0x00007ffaf1c1b000 	C:\Windows\SYSTEM32\NTASN1.dll
0x00007ffad6a00000 - 0x00007ffad6a0a000 	C:\Program Files\Java\jdk-20\bin\management.dll
0x00007ffacf850000 - 0x00007ffacf85b000 	C:\Program Files\Java\jdk-20\bin\management_ext.dll
0x00007ffaf4a80000 - 0x00007ffaf4a88000 	C:\Windows\System32\PSAPI.DLL
0x00007ffae3f30000 - 0x00007ffae3f3a000 	C:\Windows\System32\rasadhlp.dll
0x00007ffae9280000 - 0x00007ffae9300000 	C:\Windows\System32\fwpuclnt.dll

dbghelp: loaded successfully - version: 4.0.5 - missing functions: none
symbol engine: initialized successfully - sym options: 0x614 - pdb path: .;C:\Program Files\Java\jdk-20\bin;C:\Windows\SYSTEM32;C:\Windows\WinSxS\amd64_microsoft.windows.common-controls_6595b64144ccf1df_6.0.19041.4355_none_60b8b9eb71f62e16;C:\Program Files\Java\jdk-20\bin\server;C:\Program Files\JetBrains\IntelliJ IDEA Community Edition 2023.1.2\bin

VM Arguments:
jvm_args: -javaagent:C:\Program Files\JetBrains\IntelliJ IDEA Community Edition 2023.1.2\lib\idea_rt.jar=52181:C:\Program Files\JetBrains\IntelliJ IDEA Community Edition 2023.1.2\bin -Dfile.encoding=UTF-8 -Dsun.stdout.encoding=UTF-8 -Dsun.stderr.encoding=UTF-8 
java_command: com.exam.SecurityApplication
java_class_path (initial): G:\Project\ExamsBackEnd\BackEnd\ExamServer_Springboot\target\classes;C:\Users\D e r r y\.m2\repository\org\springframework\boot\spring-boot-starter-security\3.0.4\spring-boot-starter-security-3.0.4.jar;C:\Users\D e r r y\.m2\repository\org\springframework\boot\spring-boot-starter\3.0.1\spring-boot-starter-3.0.1.jar;C:\Users\D e r r y\.m2\repository\org\springframework\boot\spring-boot\3.0.1\spring-boot-3.0.1.jar;C:\Users\D e r r y\.m2\repository\org\springframework\boot\spring-boot-autoconfigure\3.0.1\spring-boot-autoconfigure-3.0.1.jar;C:\Users\D e r r y\.m2\repository\org\springframework\boot\spring-boot-starter-logging\3.0.1\spring-boot-starter-logging-3.0.1.jar;C:\Users\D e r r y\.m2\repository\ch\qos\logback\logback-classic\1.4.5\logback-classic-1.4.5.jar;C:\Users\D e r r y\.m2\repository\ch\qos\logback\logback-core\1.4.5\logback-core-1.4.5.jar;C:\Users\D e r r y\.m2\repository\org\apache\logging\log4j\log4j-to-slf4j\2.19.0\log4j-to-slf4j-2.19.0.jar;C:\Users\D e r r y\.m2\repository\org\apache\logging\log4j\log4j-api\2.19.0\log4j-api-2.19.0.jar;C:\Users\D e r r y\.m2\repository\org\slf4j\jul-to-slf4j\2.0.6\jul-to-slf4j-2.0.6.jar;C:\Users\D e r r y\.m2\repository\jakarta\annotation\jakarta.annotation-api\2.1.1\jakarta.annotation-api-2.1.1.jar;C:\Users\D e r r y\.m2\repository\org\yaml\snakeyaml\1.33\snakeyaml-1.33.jar;C:\Users\D e r r y\.m2\repository\org\springframework\spring-aop\6.0.3\spring-aop-6.0.3.jar;C:\Users\D e r r y\.m2\repository\org\springframework\security\spring-security-config\6.0.1\spring-security-config-6.0.1.jar;C:\Users\D e r r y\.m2\repository\org\springframework\security\spring-security-web\6.0.1\spring-security-web-6.0.1.jar;C:\Users\D e r r y\.m2\repository\org\springframework\boot\spring-boot-starter-web\3.1.0\spring-boot-starter-web-3.1.0.jar;C:\Users\D e r r y\.m2\repository\org\springframework\boot\spring-boot-starter-json\3.0.1\spring-boot-starter-json-3.0.1.jar;C:\Users\D e r r y\.m2\repository\com\fasterxml\jackson\datatype\jackson-datatype-jdk8\2.14.1\jackson-datatype-jdk8-2.14.1.jar;C:\Users\D e r r y\.m2\repository\com\fasterxml\jackson\datatype\jackson-datatype-jsr310\2.14.1\jackson-datatype-jsr310-2.14.1.jar;C:\Users\D e r r y\.m2\repository\com\fasterxml\jackson\module\jackson-module-parameter-names\2.14.1\jackson-module-parameter-names-2.14.1.jar;C:\Users\D e r r y\.m2\repository\org\springframework\boot\spring-boot-starter-tomcat\3.0.1\spring-boot-starter-tomcat-3.0.1.jar;C:\Users\D e r r y\.m2\repository\org\apache\tomcat\embed\tomcat-embed-core\10.1.4\tomcat-embed-core-10.1.4.jar;C:\Users\D e r r y\.m2\repository\org\apache\tomcat\embed\tomcat-embed-websocket\10.1.4\tomcat-embed-websocket-10.1.4.jar;C:\Users\D e r r y\.m2\repository\org\springframework\spring-web\6.0.3\spring-web-6.0.3.jar;C:\Users\D e r r y\.m2\repository\io\micrometer\micrometer-observation\1.10.2\micrometer-observation-1.10.2.jar;C:\Users\D e r r y\.m2\repository\io\micrometer\micrometer-commons\1.10.2\micrometer-commons-1.10.2.jar;C:\Users\D e r r y\.m2\repository\org\springframework\spring-webmvc\6.0.3\spring-webmvc-6.0.3.jar;C:\Users\D e r r y\.m2\repository\com\mysql\mysql-connector-j\8.0.32\mysql-connector-j-8.0.32.jar;C:\Users\D e r r y\.m2\repository\org\springframework\boot\spring-boot-starter-data-jpa\3.0.4\spring-boot-starter-data-jpa-3.0.4.jar;C:\Users\D e r r y\.m2\repository\org\springframework\boot\spring-boot-starter-aop\3.0.1\spring-boot-starter-aop-3.0.1.jar;C:\Users\D e r r y\.m2\repository\org\aspectj\aspectjweaver\1.9.19\aspectjweaver-1.9.19.jar;C:\Users\D e r r y\.m2\repository\org\springframework\boot\spring-boot-starter-jdbc\3.0.1\spring-boot-starter-jdbc-3.0.1.jar;C:\Users\D e r r y\.m2\repository\com\zaxxer\HikariCP\5.0.1\HikariCP-5.0.1.jar;C:\Users\D e r r y\.m2\repository\org\springframework\spring-jdbc\6.0.3\spring-jdbc-6.0.3.jar;C:\Users\D e r r y\.m2\repository\org\hibernate\orm\hibernate-core\6.1.6.Final\hibernate-core-6.1.6.Final.jar;C:\Users\D e r r y\.m2\repository\jakarta\persistence\jakarta.persistence-api\3.1.0\jakarta.persistence-api-3.1.0.jar;C:\Users\D e r r y\.m2\repository\jakarta\transaction\jakarta.transaction-api\2.0.1\jakarta.transaction-api-2.0.1.jar;C:\Users\D e r r y\.m2\repository\org\jboss\logging\jboss-logging\3.5.0.Final\jboss-logging-3.5.0.Final.jar;C:\Users\D e r r y\.m2\repository\org\hibernate\common\hibernate-commons-annotations\6.0.2.Final\hibernate-commons-annotations-6.0.2.Final.jar;C:\Users\D e r r y\.m2\repository\org\jboss\jandex\2.4.2.Final\jandex-2.4.2.Final.jar;C:\Users\D e r r y\.m2\repository\com\fasterxml\classmate\1.5.1\classmate-1.5.1.jar;C:\Users\D e r r y\.m2\repository\net\bytebuddy\byte-buddy\1.12.20\byte-buddy-1.12.20.jar;C:\Users\D e r r y\.m2\repository\org\glassfish\jaxb\jaxb-runtime\4.0.1\jaxb-runtime-4.0.1.jar;C:\Users\D e r r y\.m2\repository\org\glassfish\jaxb\jaxb-core\4.0.1\jaxb-core-4.0.1.jar;C:\Users\D e r r y\.m2\repository\org\eclipse\angus\angus-activation\1.0.0\angus-activation-1.0.0.jar;C:\Users\D e r r y\.m2\repository\org\glassfish\jaxb\txw2\4.0.1\txw2-4.0.1.jar;C:\Users\D e r r y\.m2\repository\com\sun\istack\istack-commons-runtime\4.1.1\istack-commons-runtime-4.1.1.jar;C:\Users\D e r r y\.m2\repository\jakarta\inject\jakarta.inject-api\2.0.0\jakarta.inject-api-2.0.0.jar;C:\Users\D e r r y\.m2\repository\org\antlr\antlr4-runtime\4.10.1\antlr4-runtime-4.10.1.jar;C:\Users\D e r r y\.m2\repository\org\springframework\data\spring-data-jpa\3.0.0\spring-data-jpa-3.0.0.jar;C:\Users\D e r r y\.m2\repository\org\springframework\data\spring-data-commons\3.0.0\spring-data-commons-3.0.0.jar;C:\Users\D e r r y\.m2\repository\org\springframework\spring-orm\6.0.3\spring-orm-6.0.3.jar;C:\Users\D e r r y\.m2\repository\org\springframework\spring-tx\6.0.3\spring-tx-6.0.3.jar;C:\Users\D e r r y\.m2\repository\org\slf4j\slf4j-api\2.0.6\slf4j-api-2.0.6.jar;C:\Users\D e r r y\.m2\repository\org\springframework\spring-aspects\6.0.3\spring-aspects-6.0.3.jar;C:\Users\D e r r y\.m2\repository\org\projectlombok\lombok\1.18.26\lombok-1.18.26.jar;C:\Users\D e r r y\.m2\repository\org\springframework\spring-context\6.0.9\spring-context-6.0.9.jar;C:\Users\D e r r y\.m2\repository\org\springframework\spring-beans\6.0.3\spring-beans-6.0.3.jar;C:\Users\D e r r y\.m2\repository\org\springframework\spring-core\6.0.3\spring-core-6.0.3.jar;C:\Users\D e r r y\.m2\repository\org\springframework\spring-jcl\6.0.3\spring-jcl-6.0.3.jar;C:\Users\D e r r y\.m2\repository\org\springframework\spring-expression\6.0.3\spring-expression-6.0.3.jar;C:\Users\D e r r y\.m2\repository\io\jsonwebtoken\jjwt-api\0.11.5\jjwt-api-0.11.5.jar;C:\Users\D e r r y\.m2\repository\io\jsonwebtoken\jjwt-impl\0.11.5\jjwt-impl-0.11.5.jar;C:\Users\D e r r y\.m2\repository\io\jsonwebtoken\jjwt-jackson\0.11.5\jjwt-jackson-0.11.5.jar;C:\Users\D e r r y\.m2\repository\com\fasterxml\jackson\core\jackson-databind\2.14.1\jackson-databind-2.14.1.jar;C:\Users\D e r r y\.m2\repository\com\fasterxml\jackson\core\jackson-annotations\2.14.1\jackson-annotations-2.14.1.jar;C:\Users\D e r r y\.m2\repository\com\fasterxml\jackson\core\jackson-core\2.14.1\jackson-core-2.14.1.jar;C:\Users\D e r r y\.m2\repository\jakarta\xml\bind\jakarta.xml.bind-api\4.0.0\jakarta.xml.bind-api-4.0.0.jar;C:\Users\D e r r y\.m2\repository\jakarta\activation\jakarta.activation-api\2.1.0\jakarta.activation-api-2.1.0.jar;C:\Users\D e r r y\.m2\repository\net\minidev\json-smart\2.4.8\json-smart-2.4.8.jar;C:\Users\D e r r y\.m2\repository\net\minidev\accessors-smart\2.4.8\accessors-smart-2.4.8.jar;C:\Users\D e r r y\.m2\repository\org\ow2\asm\asm\9.1\asm-9.1.jar;C:\Users\D e r r y\.m2\repository\org\springframework\security\spring-security-core\6.0.1\spring-security-core-6.0.1.jar;C:\Users\D e r r y\.m2\repository\org\springframework\security\spring-security-crypto\6.0.1\spring-security-crypto-6.0.1.jar;C:\Users\D e r r y\.m2\repository\org\apache\httpcomponents\httpclient\4.5.14\httpclient-4.5.14.jar;C:\Users\D e r r y\.m2\repository\org\apache\httpcomponents\httpcore\4.4.16\httpcore-4.4.16.jar;C:\Users\D e r r y\.m2\repository\commons-codec\commons-codec\1.15\commons-codec-1.15.jar;C:\Users\D e r r y\.m2\repository\org\springframework\boot\spring-boot-starter-validation\3.0.1\spring-boot-starter-validation-3.0.1.jar;C:\Users\D e r r y\.m2\repository\org\apache\tomcat\embed\tomcat-embed-el\10.1.4\tomcat-embed-el-10.1.4.jar;C:\Users\D e r r y\.m2\repository\org\hibernate\validator\hibernate-validator\8.0.0.Final\hibernate-validator-8.0.0.Final.jar;C:\Users\D e r r y\.m2\repository\jakarta\validation\jakarta.validation-api\3.0.2\jakarta.validation-api-3.0.2.jar;C:\Users\D e r r y\.m2\repository\org\json\json\20210307\json-20210307.jar;C:\Users\D e r r y\.m2\repository\org\springframework\security\spring-security-oauth2-core\6.2.4\spring-security-oauth2-core-6.2.4.jar;C:\Users\D e r r y\.m2\repository\org\springframework\security\spring-security-oauth2-client\6.2.4\spring-security-oauth2-client-6.2.4.jar;C:\Users\D e r r y\.m2\repository\com\nimbusds\oauth2-oidc-sdk\9.43.3\oauth2-oidc-sdk-9.43.3.jar;C:\Users\D e r r y\.m2\repository\com\github\stephenc\jcip\jcip-annotations\1.0-1\jcip-annotations-1.0-1.jar;C:\Users\D e r r y\.m2\repository\com\nimbusds\content-type\2.2\content-type-2.2.jar;C:\Users\D e r r y\.m2\repository\com\nimbusds\lang-tag\1.7\lang-tag-1.7.jar;C:\Users\D e r r y\.m2\repository\com\nimbusds\nimbus-jose-jwt\9.24.4\nimbus-jose-jwt-9.24.4.jar
Launcher Type: SUN_STANDARD

[Global flags]
     intx CICompilerCount                          = 3                                         {product} {ergonomic}
     uint ConcGCThreads                            = 1                                         {product} {ergonomic}
     uint G1ConcRefinementThreads                  = 4                                         {product} {ergonomic}
   size_t G1HeapRegionSize                         = 1048576                                   {product} {ergonomic}
    uintx GCDrainStackTargetSize                   = 64                                        {product} {ergonomic}
   size_t InitialHeapSize                          = 134217728                                 {product} {ergonomic}
   size_t MarkStackSize                            = 4194304                                   {product} {ergonomic}
   size_t MaxHeapSize                              = 2116026368                                {product} {ergonomic}
   size_t MaxNewSize                               = 1268776960                                {product} {ergonomic}
   size_t MinHeapDeltaBytes                        = 1048576                                   {product} {ergonomic}
   size_t MinHeapSize                              = 8388608                                   {product} {ergonomic}
    uintx NonNMethodCodeHeapSize                   = 5832780                                {pd product} {ergonomic}
    uintx NonProfiledCodeHeapSize                  = 122912730                              {pd product} {ergonomic}
    uintx ProfiledCodeHeapSize                     = 122912730                              {pd product} {ergonomic}
    uintx ReservedCodeCacheSize                    = 251658240                              {pd product} {ergonomic}
     bool SegmentedCodeCache                       = true                                      {product} {ergonomic}
   size_t SoftMaxHeapSize                          = 2116026368                             {manageable} {ergonomic}
     bool UseCompressedClassPointers               = true                           {product lp64_product} {ergonomic}
     bool UseCompressedOops                        = true                           {product lp64_product} {ergonomic}
     bool UseG1GC                                  = true                                      {product} {ergonomic}
     bool UseLargePagesIndividualAllocation        = false                                  {pd product} {ergonomic}

Logging:
Log output configuration:
 #0: stdout all=warning uptime,level,tags foldmultilines=false
 #1: stderr all=off uptime,level,tags foldmultilines=false

Environment Variables:
PATH=C:\Program Files\Common Files\Oracle\Java\javapath;C:\Program Files (x86)\Common Files\Oracle\Java\javapath;C:\Windows\system32;C:\Windows;C:\Windows\System32\Wbem;C:\Windows\System32\WindowsPowerShell\v1.0\;C:\Windows\System32\OpenSSH\;C:\Program Files\nodejs\;C:\Program Files\Git\cmd;C:\ProgramData\chocolatey\bin;C:\Program Files\apache-maven-3.9.4-bin\apache-maven-3.9.4\bin;C:\Program Files\dotnet\;C:\Users\D e r r y\anaconda3;C:\Users\D e r r y\anaconda3\Library\mingw-w64\bin;C:\Users\D e r r y\anaconda3\Library\usr\bin;C:\Users\D e r r y\anaconda3\Library\bin;C:\Users\D e r r y\anaconda3\Scripts;C:\Program Files\MySQL\MySQL Shell 8.0\bin\;C:\Users\D e r r y\AppData\Local\Microsoft\WindowsApps;C:\Program Files\JetBrains\IntelliJ IDEA Community Edition 2023.1.2\bin;;C:\Program Files\JetBrains\PyCharm Community Edition 2023.1.2\bin;;C:\Users\D e r r y\AppData\Roaming\npm;C:\Users\D e r r y\AppData\Local\Programs\Microsoft VS Code\bin;C:\Users\D e r r y\AppData\Local\GitHubDesktop\bin;C:\Program Files\heroku\bin;C:\Program Files\bin;C:\Program Files\JetBrains\PhpStorm 2024.1\bin;
USERNAME=D e r r y
OS=Windows_NT
PROCESSOR_IDENTIFIER=Intel64 Family 6 Model 61 Stepping 4, GenuineIntel
TMP=C:\Users\DERRY~1\AppData\Local\Temp
TEMP=C:\Users\DERRY~1\AppData\Local\Temp




---------------  S Y S T E M  ---------------

OS:
 Windows 10 , 64 bit Build 19041 (10.0.19041.3636)
OS uptime: 0 days 0:09 hours
Hyper-V role detected

CPU: total 4 (initial active 4) (2 cores per cpu, 2 threads per core) family 6 model 61 stepping 4 microcode 0x2f, cx8, cmov, fxsr, ht, mmx, 3dnowpref, sse, sse2, sse3, ssse3, sse4.1, sse4.2, popcnt, lzcnt, tsc, tscinvbit, avx, avx2, aes, erms, clmul, bmi1, bmi2, rtm, adx, fma, vzeroupper, clflush, hv, rdtscp, f16c

Memory: 4k page, system-wide physical 8067M (257M free)
TotalPageFile size 10115M (AvailPageFile size 5M)
current process WorkingSet (physical memory assigned to process): 229M, peak: 229M
current process commit charge ("private bytes"): 258M, peak: 260M

vm_info: Java HotSpot(TM) 64-Bit Server VM (20.0.2+9-78) for windows-amd64 JRE (20.0.2+9-78), built on 2023-06-14T10:08:48Z by "mach5one" with MS VC++ 17.1 (VS2022)

END.
