#
# There is insufficient memory for the Java Runtime Environment to continue.
# Native memory allocation (malloc) failed to allocate 66896 bytes for Chunk::new
# Possible reasons:
#   The system is out of physical RAM or swap space
#   The process is running with CompressedOops enabled, and the Java Heap may be blocking the growth of the native heap
# Possible solutions:
#   Reduce memory load on the system
#   Increase physical memory or swap space
#   Check if swap backing store is full
#   Decrease Java heap size (-Xmx/-Xms)
#   Decrease number of Java threads
#   Decrease Java thread stack sizes (-Xss)
#   Set larger code cache with -XX:ReservedCodeCacheSize=
#   JVM is running with Unscaled Compressed Oops mode in which the Java heap is
#     placed in the first 4GB address space. The Java Heap base address is the
#     maximum limit for the native heap growth. Please use -XX:HeapBaseMinAddress
#     to set the Java Heap base and to place the Java Heap above 4GB virtual address.
# This output file may be truncated or incomplete.
#
#  Out of Memory Error (arena.cpp:184), pid=5636, tid=6884
#
# JRE version: Java(TM) SE Runtime Environment (20.0.2+9) (build 20.0.2+9-78)
# Java VM: Java HotSpot(TM) 64-Bit Server VM (20.0.2+9-78, mixed mode, sharing, tiered, compressed oops, compressed class ptrs, g1 gc, windows-amd64)
# No core dump will be written. Minidumps are not enabled by default on client versions of Windows
#

---------------  S U M M A R Y ------------

Command Line: -javaagent:C:\Program Files\JetBrains\IntelliJ IDEA Community Edition 2023.1.2\lib\idea_rt.jar=54147:C:\Program Files\JetBrains\IntelliJ IDEA Community Edition 2023.1.2\bin -Dfile.encoding=UTF-8 -Dsun.stdout.encoding=UTF-8 -Dsun.stderr.encoding=UTF-8 com.exam.SecurityApplication

Host: Intel(R) Core(TM) i5-5300U CPU @ 2.30GHz, 4 cores, 7G,  Windows 10 , 64 bit Build 19041 (10.0.19041.3636)
Time: Thu Apr 25 17:06:49 2024 Sao Tome Standard Time elapsed time: 902.648126 seconds (0d 0h 15m 2s)

---------------  T H R E A D  ---------------

Current thread (0x00000238fac9c670):  JavaThread "C2 CompilerThread0" daemon [_thread_in_native, id=6884, stack(0x0000005059100000,0x0000005059200000)]


Current CompileTask:
C2: 902648 8631       4       org.hibernate.mapping.SimpleValue::isNullable (55 bytes)

Stack: [0x0000005059100000,0x0000005059200000]
Native frames: (J=compiled Java code, j=interpreted, Vv=VM code, C=native code)
V  [jvm.dll+0x6bc25a]
V  [jvm.dll+0x84971a]
V  [jvm.dll+0x84b315]
V  [jvm.dll+0x84ba13]
V  [jvm.dll+0x280e4f]
V  [jvm.dll+0xc2ab1]
V  [jvm.dll+0xc2dd5]
V  [jvm.dll+0x2f611f]
V  [jvm.dll+0x5e3b0b]
V  [jvm.dll+0x254684]
V  [jvm.dll+0x24cf0a]
V  [jvm.dll+0x24a819]
V  [jvm.dll+0x1ce761]
V  [jvm.dll+0x25a0eb]
V  [jvm.dll+0x2587c0]
V  [jvm.dll+0x3f2dd5]
V  [jvm.dll+0x7f5c76]
V  [jvm.dll+0x6baecb]
C  [ucrtbase.dll+0x21bb2]
C  [KERNEL32.DLL+0x17344]
C  [ntdll.dll+0x526b1]


---------------  P R O C E S S  ---------------

Threads class SMR info:
_java_thread_list=0x00000238d431b6a0, length=29, elements={
0x00000238fac93590, 0x00000238fac940d0, 0x00000238fac95c20, 0x00000238fac96760,
0x00000238fac9b0c0, 0x00000238fac9ba00, 0x00000238fac9c670, 0x00000238fac9e000,
0x00000238fac600a0, 0x00000238ff221720, 0x00000238ff221c70, 0x00000238d0798b20,
0x00000238d07995c0, 0x00000238d0799b10, 0x00000238d07975e0, 0x00000238d0797090,
0x00000238d0797b30, 0x00000238d2933d10, 0x00000238d2932d20, 0x00000238d2930d40,
0x00000238d292ed60, 0x00000238d2933270, 0x00000238d29307f0, 0x00000238d292dd70,
0x00000238d292e2c0, 0x00000238d29337c0, 0x00000238d292f2b0, 0x00000238d2931d30,
0x00000238d29302a0
}

Java Threads: ( => current thread )
  0x00000238fac93590 JavaThread "Reference Handler" daemon [_thread_blocked, id=1456, stack(0x0000005058b00000,0x0000005058c00000)]
  0x00000238fac940d0 JavaThread "Finalizer" daemon [_thread_blocked, id=13720, stack(0x0000005058c00000,0x0000005058d00000)]
  0x00000238fac95c20 JavaThread "Signal Dispatcher" daemon [_thread_blocked, id=11996, stack(0x0000005058d00000,0x0000005058e00000)]
  0x00000238fac96760 JavaThread "Attach Listener" daemon [_thread_blocked, id=8936, stack(0x0000005058e00000,0x0000005058f00000)]
  0x00000238fac9b0c0 JavaThread "Service Thread" daemon [_thread_blocked, id=2792, stack(0x0000005058f00000,0x0000005059000000)]
  0x00000238fac9ba00 JavaThread "Monitor Deflation Thread" daemon [_thread_blocked, id=12940, stack(0x0000005059000000,0x0000005059100000)]
=>0x00000238fac9c670 JavaThread "C2 CompilerThread0" daemon [_thread_in_native, id=6884, stack(0x0000005059100000,0x0000005059200000)]
  0x00000238fac9e000 JavaThread "C1 CompilerThread0" daemon [_thread_blocked, id=9528, stack(0x0000005059200000,0x0000005059300000)]
  0x00000238fac600a0 JavaThread "Common-Cleaner" daemon [_thread_blocked, id=5624, stack(0x0000005059300000,0x0000005059400000)]
  0x00000238ff221720 JavaThread "Monitor Ctrl-Break" daemon [_thread_in_native, id=7080, stack(0x0000005059400000,0x0000005059500000)]
  0x00000238ff221c70 JavaThread "Notification Thread" daemon [_thread_blocked, id=6876, stack(0x0000005059500000,0x0000005059600000)]
  0x00000238d0798b20 JavaThread "mysql-cj-abandoned-connection-cleanup" daemon [_thread_blocked, id=11220, stack(0x0000005059b00000,0x0000005059c00000)]
  0x00000238d07995c0 JavaThread "HikariPool-1 housekeeper" daemon [_thread_blocked, id=5676, stack(0x0000005059d00000,0x0000005059e00000)]
  0x00000238d0799b10 JavaThread "Catalina-utility-1" [_thread_blocked, id=2536, stack(0x0000005059e00000,0x0000005059f00000)]
  0x00000238d07975e0 JavaThread "Catalina-utility-2" [_thread_blocked, id=17164, stack(0x0000005059f00000,0x000000505a000000)]
  0x00000238d0797090 JavaThread "container-0" [_thread_blocked, id=9824, stack(0x000000505a000000,0x000000505a100000)]
  0x00000238d0797b30 JavaThread "http-nio-9191-exec-1" daemon [_thread_blocked, id=9028, stack(0x000000505a100000,0x000000505a200000)]
  0x00000238d2933d10 JavaThread "http-nio-9191-exec-2" daemon [_thread_blocked, id=7348, stack(0x000000505a200000,0x000000505a300000)]
  0x00000238d2932d20 JavaThread "http-nio-9191-exec-3" daemon [_thread_blocked, id=16496, stack(0x000000505a300000,0x000000505a400000)]
  0x00000238d2930d40 JavaThread "http-nio-9191-exec-4" daemon [_thread_blocked, id=10724, stack(0x000000505a400000,0x000000505a500000)]
  0x00000238d292ed60 JavaThread "http-nio-9191-exec-5" daemon [_thread_blocked, id=11788, stack(0x000000505a500000,0x000000505a600000)]
  0x00000238d2933270 JavaThread "http-nio-9191-exec-6" daemon [_thread_blocked, id=2772, stack(0x000000505a600000,0x000000505a700000)]
  0x00000238d29307f0 JavaThread "http-nio-9191-exec-7" daemon [_thread_blocked, id=7840, stack(0x000000505a700000,0x000000505a800000)]
  0x00000238d292dd70 JavaThread "http-nio-9191-exec-8" daemon [_thread_blocked, id=76, stack(0x000000505a800000,0x000000505a900000)]
  0x00000238d292e2c0 JavaThread "http-nio-9191-exec-9" daemon [_thread_blocked, id=15224, stack(0x000000505a900000,0x000000505aa00000)]
  0x00000238d29337c0 JavaThread "http-nio-9191-exec-10" daemon [_thread_blocked, id=2728, stack(0x000000505aa00000,0x000000505ab00000)]
  0x00000238d292f2b0 JavaThread "http-nio-9191-Poller" daemon [_thread_in_native, id=13304, stack(0x000000505ab00000,0x000000505ac00000)]
  0x00000238d2931d30 JavaThread "http-nio-9191-Acceptor" daemon [_thread_in_native, id=14988, stack(0x000000505ac00000,0x000000505ad00000)]
  0x00000238d29302a0 JavaThread "DestroyJavaVM" [_thread_blocked, id=1908, stack(0x0000005058400000,0x0000005058500000)]

Other Threads:
  0x00000238fac767c0 VMThread "VM Thread" [stack: 0x0000005058a00000,0x0000005058b00000] [id=2476]
  0x00000238ff222ae0 WatcherThread "VM Periodic Task Thread" [stack: 0x0000005059600000,0x0000005059700000] [id=15020]
  0x00000238ebc7dcb0 WorkerThread "GC Thread#0" [stack: 0x0000005058500000,0x0000005058600000] [id=14032]
  0x00000238ffa9ffd0 WorkerThread "GC Thread#1" [stack: 0x0000005059700000,0x0000005059800000] [id=17216]
  0x00000238ff8cefd0 WorkerThread "GC Thread#2" [stack: 0x0000005059800000,0x0000005059900000] [id=10652]
  0x00000238ffb85df0 WorkerThread "GC Thread#3" [stack: 0x0000005059900000,0x0000005059a00000] [id=14156]
  0x00000238ebc8e9a0 ConcurrentGCThread "G1 Main Marker" [stack: 0x0000005058600000,0x0000005058700000] [id=11080]
  0x00000238ebc8fb70 WorkerThread "G1 Conc#0" [stack: 0x0000005058700000,0x0000005058800000] [id=17180]
  0x00000238fab28100 ConcurrentGCThread "G1 Refine#0" [stack: 0x0000005058800000,0x0000005058900000] [id=5392]
  0x00000238fab28a40 ConcurrentGCThread "G1 Service" [stack: 0x0000005058900000,0x0000005058a00000] [id=5244]

Threads with active compile tasks:
C2 CompilerThread0   902721 8631       4       org.hibernate.mapping.SimpleValue::isNullable (55 bytes)

VM state: not at safepoint (normal execution)

VM Mutex/Monitor currently owned by a thread: None

Heap address: 0x0000000081e00000, size: 2018 MB, Compressed Oops mode: 32-bit

CDS archive(s) mapped at: [0x000002388f000000-0x000002388fc60000-0x000002388fc60000), size 12976128, SharedBaseAddress: 0x000002388f000000, ArchiveRelocationMode: 1.
Compressed class space mapped at: 0x0000023890000000-0x00000238d0000000, reserved size: 1073741824
Narrow klass base: 0x000002388f000000, Narrow klass shift: 0, Narrow klass range: 0x100000000

GC Precious Log:
 CardTable entry size: 512
 Card Set container configuration: InlinePtr #cards 5 size 8 Array Of Cards #cards 12 size 40 Howl #buckets 4 coarsen threshold 1843 Howl Bitmap #cards 512 size 80 coarsen threshold 460 Card regions per heap region 1 cards per card region 2048
 CPUs: 4 total, 4 available
 Memory: 8067M
 Large Page Support: Disabled
 NUMA Support: Disabled
 Compressed Oops: Enabled (32-bit)
 Heap Region Size: 1M
 Heap Min Capacity: 8M
 Heap Initial Capacity: 128M
 Heap Max Capacity: 2018M
 Pre-touch: Disabled
 Parallel Workers: 4
 Concurrent Workers: 1
 Concurrent Refinement Workers: 4
 Periodic GC: Disabled

Heap:
 garbage-first heap   total 61440K, used 51551K [0x0000000081e00000, 0x0000000100000000)
  region size 1024K, 25 young (25600K), 4 survivors (4096K)
 Metaspace       used 73245K, committed 73984K, reserved 1114112K
  class space    used 9645K, committed 9984K, reserved 1048576K

Heap Regions: E=young(eden), S=young(survivor), O=old, HS=humongous(starts), HC=humongous(continues), CS=collection set, F=free, OA=open archive, CA=closed archive, TAMS=top-at-mark-start, PB=parsable bottom
|   0|0x0000000081e00000, 0x0000000081f00000, 0x0000000081f00000|100%|HS|  |TAMS 0x0000000081e00000| PB 0x0000000081e00000| Complete 
|   1|0x0000000081f00000, 0x0000000082000000, 0x0000000082000000|100%| O|  |TAMS 0x0000000081f00000| PB 0x0000000081f00000| Untracked 
|   2|0x0000000082000000, 0x0000000082100000, 0x0000000082100000|100%| O|  |TAMS 0x0000000082000000| PB 0x0000000082000000| Untracked 
|   3|0x0000000082100000, 0x0000000082200000, 0x0000000082200000|100%| O|  |TAMS 0x0000000082100000| PB 0x0000000082100000| Untracked 
|   4|0x0000000082200000, 0x0000000082300000, 0x0000000082300000|100%| O|  |TAMS 0x0000000082200000| PB 0x0000000082200000| Untracked 
|   5|0x0000000082300000, 0x0000000082400000, 0x0000000082400000|100%| O|  |TAMS 0x0000000082300000| PB 0x0000000082300000| Untracked 
|   6|0x0000000082400000, 0x0000000082500000, 0x0000000082500000|100%| O|  |TAMS 0x0000000082400000| PB 0x0000000082400000| Untracked 
|   7|0x0000000082500000, 0x0000000082600000, 0x0000000082600000|100%| O|  |TAMS 0x0000000082500000| PB 0x0000000082500000| Untracked 
|   8|0x0000000082600000, 0x0000000082700000, 0x0000000082700000|100%| O|  |TAMS 0x0000000082600000| PB 0x0000000082600000| Untracked 
|   9|0x0000000082700000, 0x0000000082800000, 0x0000000082800000|100%| O|  |TAMS 0x0000000082700000| PB 0x0000000082700000| Untracked 
|  10|0x0000000082800000, 0x0000000082900000, 0x0000000082900000|100%| O|  |TAMS 0x0000000082800000| PB 0x0000000082800000| Untracked 
|  11|0x0000000082900000, 0x0000000082a00000, 0x0000000082a00000|100%| O|  |TAMS 0x0000000082900000| PB 0x0000000082900000| Untracked 
|  12|0x0000000082a00000, 0x0000000082b00000, 0x0000000082b00000|100%| O|  |TAMS 0x0000000082a00000| PB 0x0000000082a00000| Untracked 
|  13|0x0000000082b00000, 0x0000000082c00000, 0x0000000082c00000|100%| O|  |TAMS 0x0000000082b00000| PB 0x0000000082b00000| Untracked 
|  14|0x0000000082c00000, 0x0000000082d00000, 0x0000000082d00000|100%| O|  |TAMS 0x0000000082c00000| PB 0x0000000082c00000| Untracked 
|  15|0x0000000082d00000, 0x0000000082e00000, 0x0000000082e00000|100%| O|  |TAMS 0x0000000082d00000| PB 0x0000000082d00000| Untracked 
|  16|0x0000000082e00000, 0x0000000082f00000, 0x0000000082f00000|100%| O|  |TAMS 0x0000000082e00000| PB 0x0000000082e00000| Untracked 
|  17|0x0000000082f00000, 0x0000000083000000, 0x0000000083000000|100%| O|  |TAMS 0x0000000082f00000| PB 0x0000000082f00000| Untracked 
|  18|0x0000000083000000, 0x0000000083100000, 0x0000000083100000|100%| O|  |TAMS 0x0000000083000000| PB 0x0000000083000000| Untracked 
|  19|0x0000000083100000, 0x0000000083200000, 0x0000000083200000|100%| O|  |TAMS 0x0000000083100000| PB 0x0000000083100000| Untracked 
|  20|0x0000000083200000, 0x0000000083300000, 0x0000000083300000|100%| O|  |TAMS 0x0000000083200000| PB 0x0000000083200000| Untracked 
|  21|0x0000000083300000, 0x0000000083400000, 0x0000000083400000|100%| O|  |TAMS 0x0000000083300000| PB 0x0000000083300000| Untracked 
|  22|0x0000000083400000, 0x0000000083500000, 0x0000000083500000|100%| O|  |TAMS 0x0000000083400000| PB 0x0000000083400000| Untracked 
|  23|0x0000000083500000, 0x0000000083600000, 0x0000000083600000|100%| O|  |TAMS 0x0000000083500000| PB 0x0000000083500000| Untracked 
|  24|0x0000000083600000, 0x0000000083700000, 0x0000000083700000|100%| O|  |TAMS 0x0000000083600000| PB 0x0000000083600000| Untracked 
|  25|0x0000000083700000, 0x0000000083800000, 0x0000000083800000|100%| O|  |TAMS 0x0000000083700000| PB 0x0000000083700000| Untracked 
|  26|0x0000000083800000, 0x00000000838a3000, 0x0000000083900000| 63%| O|  |TAMS 0x0000000083800000| PB 0x0000000083800000| Untracked 
|  27|0x0000000083900000, 0x0000000083900000, 0x0000000083a00000|  0%| F|  |TAMS 0x0000000083900000| PB 0x0000000083900000| Untracked 
|  28|0x0000000083a00000, 0x0000000083a00000, 0x0000000083b00000|  0%| F|  |TAMS 0x0000000083a00000| PB 0x0000000083a00000| Untracked 
|  29|0x0000000083b00000, 0x0000000083c00000, 0x0000000083c00000|100%| O|  |TAMS 0x0000000083b00000| PB 0x0000000083b00000| Complete 
|  30|0x0000000083c00000, 0x0000000083c00000, 0x0000000083d00000|  0%| F|  |TAMS 0x0000000083c00000| PB 0x0000000083c00000| Untracked 
|  31|0x0000000083d00000, 0x0000000083d00000, 0x0000000083e00000|  0%| F|  |TAMS 0x0000000083d00000| PB 0x0000000083d00000| Untracked 
|  32|0x0000000083e00000, 0x0000000083e00000, 0x0000000083f00000|  0%| F|  |TAMS 0x0000000083e00000| PB 0x0000000083e00000| Untracked 
|  33|0x0000000083f00000, 0x0000000083fb4f00, 0x0000000084000000| 70%| S|CS|TAMS 0x0000000083f00000| PB 0x0000000083f00000| Complete 
|  34|0x0000000084000000, 0x0000000084100000, 0x0000000084100000|100%| S|CS|TAMS 0x0000000084000000| PB 0x0000000084000000| Complete 
|  35|0x0000000084100000, 0x0000000084100000, 0x0000000084200000|  0%| F|  |TAMS 0x0000000084100000| PB 0x0000000084100000| Untracked 
|  36|0x0000000084200000, 0x0000000084300000, 0x0000000084300000|100%| S|CS|TAMS 0x0000000084200000| PB 0x0000000084200000| Complete 
|  37|0x0000000084300000, 0x0000000084400000, 0x0000000084400000|100%| S|CS|TAMS 0x0000000084300000| PB 0x0000000084300000| Complete 
|  38|0x0000000084400000, 0x0000000084400000, 0x0000000084500000|  0%| F|  |TAMS 0x0000000084400000| PB 0x0000000084400000| Untracked 
|  39|0x0000000084500000, 0x00000000845f66c8, 0x0000000084600000| 96%| E|  |TAMS 0x0000000084500000| PB 0x0000000084500000| Complete 
|  40|0x0000000084600000, 0x0000000084700000, 0x0000000084700000|100%| E|CS|TAMS 0x0000000084600000| PB 0x0000000084600000| Complete 
|  41|0x0000000084700000, 0x0000000084800000, 0x0000000084800000|100%| E|CS|TAMS 0x0000000084700000| PB 0x0000000084700000| Complete 
|  42|0x0000000084800000, 0x0000000084900000, 0x0000000084900000|100%| E|  |TAMS 0x0000000084800000| PB 0x0000000084800000| Complete 
|  43|0x0000000084900000, 0x0000000084a00000, 0x0000000084a00000|100%| E|CS|TAMS 0x0000000084900000| PB 0x0000000084900000| Complete 
|  44|0x0000000084a00000, 0x0000000084b00000, 0x0000000084b00000|100%| E|CS|TAMS 0x0000000084a00000| PB 0x0000000084a00000| Complete 
|  45|0x0000000084b00000, 0x0000000084c00000, 0x0000000084c00000|100%| E|CS|TAMS 0x0000000084b00000| PB 0x0000000084b00000| Complete 
|  46|0x0000000084c00000, 0x0000000084d00000, 0x0000000084d00000|100%| E|CS|TAMS 0x0000000084c00000| PB 0x0000000084c00000| Complete 
|  47|0x0000000084d00000, 0x0000000084e00000, 0x0000000084e00000|100%| E|CS|TAMS 0x0000000084d00000| PB 0x0000000084d00000| Complete 
|  48|0x0000000084e00000, 0x0000000084f00000, 0x0000000084f00000|100%| E|CS|TAMS 0x0000000084e00000| PB 0x0000000084e00000| Complete 
|  49|0x0000000084f00000, 0x0000000085000000, 0x0000000085000000|100%| E|CS|TAMS 0x0000000084f00000| PB 0x0000000084f00000| Complete 
|  50|0x0000000085000000, 0x0000000085100000, 0x0000000085100000|100%| E|CS|TAMS 0x0000000085000000| PB 0x0000000085000000| Complete 
|  51|0x0000000085100000, 0x0000000085200000, 0x0000000085200000|100%| E|CS|TAMS 0x0000000085100000| PB 0x0000000085100000| Complete 
|  74|0x0000000086800000, 0x0000000086900000, 0x0000000086900000|100%| E|CS|TAMS 0x0000000086800000| PB 0x0000000086800000| Complete 
|  75|0x0000000086900000, 0x0000000086a00000, 0x0000000086a00000|100%| E|CS|TAMS 0x0000000086900000| PB 0x0000000086900000| Complete 
|  76|0x0000000086a00000, 0x0000000086b00000, 0x0000000086b00000|100%| E|CS|TAMS 0x0000000086a00000| PB 0x0000000086a00000| Complete 
|  77|0x0000000086b00000, 0x0000000086c00000, 0x0000000086c00000|100%| E|CS|TAMS 0x0000000086b00000| PB 0x0000000086b00000| Complete 
|  78|0x0000000086c00000, 0x0000000086d00000, 0x0000000086d00000|100%| E|CS|TAMS 0x0000000086c00000| PB 0x0000000086c00000| Complete 
|  79|0x0000000086d00000, 0x0000000086e00000, 0x0000000086e00000|100%| E|CS|TAMS 0x0000000086d00000| PB 0x0000000086d00000| Complete 
|  80|0x0000000086e00000, 0x0000000086f00000, 0x0000000086f00000|100%| E|CS|TAMS 0x0000000086e00000| PB 0x0000000086e00000| Complete 
| 127|0x0000000089d00000, 0x0000000089e00000, 0x0000000089e00000|100%| E|CS|TAMS 0x0000000089d00000| PB 0x0000000089d00000| Complete 

Card table byte_map: [0x00000238f5f20000,0x00000238f6320000] _byte_map_base: 0x00000238f5b11000

Marking Bits: (CMBitMap*) 0x00000238ebc7e2e0
 Bits: [0x00000238f6720000, 0x00000238f86a8000)

Polling page: 0x00000238ebac0000

Metaspace:

Usage:
  Non-class:     62.11 MB used.
      Class:      9.42 MB used.
       Both:     71.53 MB used.

Virtual space:
  Non-class space:       64.00 MB reserved,      62.50 MB ( 98%) committed,  1 nodes.
      Class space:        1.00 GB reserved,       9.75 MB ( <1%) committed,  1 nodes.
             Both:        1.06 GB reserved,      72.25 MB (  7%) committed. 

Chunk freelists:
   Non-Class:  1.42 MB
       Class:  2.22 MB
        Both:  3.64 MB

MaxMetaspaceSize: unlimited
CompressedClassSpaceSize: 1.00 GB
Initial GC threshold: 21.00 MB
Current GC threshold: 117.75 MB
CDS: on
MetaspaceReclaimPolicy: balanced
 - commit_granule_bytes: 65536.
 - commit_granule_words: 8192.
 - virtual_space_node_default_size: 8388608.
 - enlarge_chunks_in_place: 1.
 - new_chunks_are_fully_committed: 0.
 - uncommit_free_chunks: 1.
 - use_allocation_guard: 0.


Internal statistics:

num_allocs_failed_limit: 12.
num_arena_births: 968.
num_arena_deaths: 0.
num_vsnodes_births: 2.
num_vsnodes_deaths: 0.
num_space_committed: 1156.
num_space_uncommitted: 0.
num_chunks_returned_to_freelist: 12.
num_chunks_taken_from_freelist: 3520.
num_chunk_merges: 12.
num_chunk_splits: 2543.
num_chunks_enlarged: 2021.
num_inconsistent_stats: 0.

CodeHeap 'non-profiled nmethods': size=120000Kb used=4406Kb max_used=4406Kb free=115593Kb
 bounds [0x0000023887ad0000, 0x0000023887f20000, 0x000002388f000000]
CodeHeap 'profiled nmethods': size=120000Kb used=14773Kb max_used=14773Kb free=105226Kb
 bounds [0x0000023880000000, 0x0000023880e70000, 0x0000023887530000]
CodeHeap 'non-nmethods': size=5760Kb used=1764Kb max_used=1790Kb free=3995Kb
 bounds [0x0000023887530000, 0x00000238877a0000, 0x0000023887ad0000]
 total_blobs=8354 nmethods=7627 adapters=636
 compilation: enabled
              stopped_count=0, restarted_count=0
 full_count=0

Compilation events (20 events):
Event: 902.634 Thread 0x00000238fac9e000 8625       1       com.mysql.cj.protocol.a.NativeServerSession::isAutoCommit (5 bytes)
Event: 902.635 Thread 0x00000238fac9e000 nmethod 8625 0x0000023887f1be90 code [0x0000023887f1c000, 0x0000023887f1c0d0]
Event: 902.635 Thread 0x00000238fac9e000 8626       1       com.mysql.cj.protocol.a.result.OkPacket::getUpdateCount (5 bytes)
Event: 902.635 Thread 0x00000238fac9e000 nmethod 8626 0x0000023887f1c190 code [0x0000023887f1c300, 0x0000023887f1c3c8]
Event: 902.635 Thread 0x00000238fac9e000 8627       1       com.mysql.cj.protocol.a.result.OkPacket::getUpdateID (5 bytes)
Event: 902.635 Thread 0x00000238fac9e000 nmethod 8627 0x0000023887f1c490 code [0x0000023887f1c600, 0x0000023887f1c6c8]
Event: 902.635 Thread 0x00000238fac9e000 8628       1       com.mysql.cj.protocol.a.result.OkPacket::getInfo (5 bytes)
Event: 902.635 Thread 0x00000238fac9e000 nmethod 8628 0x0000023887f1c790 code [0x0000023887f1c900, 0x0000023887f1c9c8]
Event: 902.635 Thread 0x00000238fac9e000 8629       1       java.util.Collections$EmptyMap::isEmpty (2 bytes)
Event: 902.635 Thread 0x00000238fac9e000 nmethod 8629 0x0000023887f1ca90 code [0x0000023887f1cc00, 0x0000023887f1ccc8]
Event: 902.636 Thread 0x00000238fac9e000 8630       1       org.hibernate.engine.jdbc.internal.FormatStyle::getFormatter (5 bytes)
Event: 902.636 Thread 0x00000238fac9e000 nmethod 8630 0x0000023887f1cd90 code [0x0000023887f1cf00, 0x0000023887f1cfc8]
Event: 902.638 Thread 0x00000238fac9c670 nmethod 8622 0x0000023887f1d090 code [0x0000023887f1d220, 0x0000023887f1d440]
Event: 902.639 Thread 0x00000238fac9c670 8631       4       org.hibernate.mapping.SimpleValue::isNullable (55 bytes)
Event: 902.640 Thread 0x00000238fac9e000 8633       1       com.mysql.cj.NativeCharsetSettings::doesPlatformDbCharsetMatches (5 bytes)
Event: 902.640 Thread 0x00000238fac9e000 nmethod 8633 0x0000023887f1d690 code [0x0000023887f1d800, 0x0000023887f1d8d0]
Event: 902.642 Thread 0x00000238fac9e000 8634       3       jakarta.servlet.http.HttpServletResponseWrapper::containsHeader (11 bytes)
Event: 902.642 Thread 0x00000238fac9e000 nmethod 8634 0x0000023880e6c810 code [0x0000023880e6c9c0, 0x0000023880e6cd10]
Event: 902.643 Thread 0x00000238fac9e000 8635       3       org.apache.tomcat.util.net.SocketBufferHandler::setWriteBufferConfiguredForWrite (84 bytes)
Event: 902.644 Thread 0x00000238fac9e000 nmethod 8635 0x0000023880e6ce10 code [0x0000023880e6d000, 0x0000023880e6d6e8]

GC Heap History (20 events):
Event: 14.193 GC heap before
{Heap before GC invocations=9 (full 0):
 garbage-first heap   total 51200K, used 41182K [0x0000000081e00000, 0x0000000100000000)
  region size 1024K, 27 young (27648K), 4 survivors (4096K)
 Metaspace       used 44427K, committed 44928K, reserved 1114112K
  class space    used 5639K, committed 5888K, reserved 1048576K
}
Event: 14.210 GC heap after
{Heap after GC invocations=10 (full 0):
 garbage-first heap   total 51200K, used 20992K [0x0000000081e00000, 0x0000000100000000)
  region size 1024K, 4 young (4096K), 4 survivors (4096K)
 Metaspace       used 44427K, committed 44928K, reserved 1114112K
  class space    used 5639K, committed 5888K, reserved 1048576K
}
Event: 15.571 GC heap before
{Heap before GC invocations=10 (full 0):
 garbage-first heap   total 51200K, used 42496K [0x0000000081e00000, 0x0000000100000000)
  region size 1024K, 25 young (25600K), 4 survivors (4096K)
 Metaspace       used 51211K, committed 51776K, reserved 1114112K
  class space    used 6706K, committed 6912K, reserved 1048576K
}
Event: 15.586 GC heap after
{Heap after GC invocations=11 (full 0):
 garbage-first heap   total 51200K, used 22149K [0x0000000081e00000, 0x0000000100000000)
  region size 1024K, 2 young (2048K), 2 survivors (2048K)
 Metaspace       used 51211K, committed 51776K, reserved 1114112K
  class space    used 6706K, committed 6912K, reserved 1048576K
}
Event: 16.975 GC heap before
{Heap before GC invocations=11 (full 0):
 garbage-first heap   total 51200K, used 42629K [0x0000000081e00000, 0x0000000100000000)
  region size 1024K, 22 young (22528K), 2 survivors (2048K)
 Metaspace       used 55122K, committed 55680K, reserved 1114112K
  class space    used 7205K, committed 7424K, reserved 1048576K
}
Event: 16.983 GC heap after
{Heap after GC invocations=12 (full 0):
 garbage-first heap   total 51200K, used 22842K [0x0000000081e00000, 0x0000000100000000)
  region size 1024K, 2 young (2048K), 2 survivors (2048K)
 Metaspace       used 55122K, committed 55680K, reserved 1114112K
  class space    used 7205K, committed 7424K, reserved 1048576K
}
Event: 18.476 GC heap before
{Heap before GC invocations=12 (full 0):
 garbage-first heap   total 51200K, used 44346K [0x0000000081e00000, 0x0000000100000000)
  region size 1024K, 23 young (23552K), 2 survivors (2048K)
 Metaspace       used 58536K, committed 59136K, reserved 1114112K
  class space    used 7641K, committed 7936K, reserved 1048576K
}
Event: 18.488 GC heap after
{Heap after GC invocations=13 (full 0):
 garbage-first heap   total 51200K, used 24854K [0x0000000081e00000, 0x0000000100000000)
  region size 1024K, 3 young (3072K), 3 survivors (3072K)
 Metaspace       used 58536K, committed 59136K, reserved 1114112K
  class space    used 7641K, committed 7936K, reserved 1048576K
}
Event: 18.895 GC heap before
{Heap before GC invocations=13 (full 0):
 garbage-first heap   total 51200K, used 34070K [0x0000000081e00000, 0x0000000100000000)
  region size 1024K, 14 young (14336K), 3 survivors (3072K)
 Metaspace       used 60313K, committed 60928K, reserved 1114112K
  class space    used 7961K, committed 8256K, reserved 1048576K
}
Event: 18.906 GC heap after
{Heap after GC invocations=14 (full 0):
 garbage-first heap   total 51200K, used 25169K [0x0000000081e00000, 0x0000000100000000)
  region size 1024K, 3 young (3072K), 3 survivors (3072K)
 Metaspace       used 60313K, committed 60928K, reserved 1114112K
  class space    used 7961K, committed 8256K, reserved 1048576K
}
Event: 19.680 GC heap before
{Heap before GC invocations=15 (full 0):
 garbage-first heap   total 51200K, used 43601K [0x0000000081e00000, 0x0000000100000000)
  region size 1024K, 21 young (21504K), 3 survivors (3072K)
 Metaspace       used 60674K, committed 61312K, reserved 1114112K
  class space    used 8058K, committed 8320K, reserved 1048576K
}
Event: 19.694 GC heap after
{Heap after GC invocations=16 (full 0):
 garbage-first heap   total 51200K, used 27390K [0x0000000081e00000, 0x0000000100000000)
  region size 1024K, 3 young (3072K), 3 survivors (3072K)
 Metaspace       used 60674K, committed 61312K, reserved 1114112K
  class space    used 8058K, committed 8320K, reserved 1048576K
}
Event: 20.494 GC heap before
{Heap before GC invocations=16 (full 0):
 garbage-first heap   total 51200K, used 44798K [0x0000000081e00000, 0x0000000100000000)
  region size 1024K, 20 young (20480K), 3 survivors (3072K)
 Metaspace       used 62277K, committed 62912K, reserved 1114112K
  class space    used 8292K, committed 8576K, reserved 1048576K
}
Event: 20.503 GC heap after
{Heap after GC invocations=17 (full 0):
 garbage-first heap   total 61440K, used 27463K [0x0000000081e00000, 0x0000000100000000)
  region size 1024K, 2 young (2048K), 2 survivors (2048K)
 Metaspace       used 62277K, committed 62912K, reserved 1114112K
  class space    used 8292K, committed 8576K, reserved 1048576K
}
Event: 21.416 GC heap before
{Heap before GC invocations=17 (full 0):
 garbage-first heap   total 61440K, used 53063K [0x0000000081e00000, 0x0000000100000000)
  region size 1024K, 27 young (27648K), 2 survivors (2048K)
 Metaspace       used 63838K, committed 64448K, reserved 1114112K
  class space    used 8501K, committed 8768K, reserved 1048576K
}
Event: 21.421 GC heap after
{Heap after GC invocations=18 (full 0):
 garbage-first heap   total 61440K, used 28403K [0x0000000081e00000, 0x0000000100000000)
  region size 1024K, 3 young (3072K), 3 survivors (3072K)
 Metaspace       used 63838K, committed 64448K, reserved 1114112K
  class space    used 8501K, committed 8768K, reserved 1048576K
}
Event: 22.766 GC heap before
{Heap before GC invocations=18 (full 0):
 garbage-first heap   total 61440K, used 52979K [0x0000000081e00000, 0x0000000100000000)
  region size 1024K, 27 young (27648K), 3 survivors (3072K)
 Metaspace       used 65903K, committed 66560K, reserved 1114112K
  class space    used 8782K, committed 9088K, reserved 1048576K
}
Event: 22.777 GC heap after
{Heap after GC invocations=19 (full 0):
 garbage-first heap   total 61440K, used 30359K [0x0000000081e00000, 0x0000000100000000)
  region size 1024K, 4 young (4096K), 4 survivors (4096K)
 Metaspace       used 65903K, committed 66560K, reserved 1114112K
  class space    used 8782K, committed 9088K, reserved 1048576K
}
Event: 106.536 GC heap before
{Heap before GC invocations=19 (full 0):
 garbage-first heap   total 61440K, used 51863K [0x0000000081e00000, 0x0000000100000000)
  region size 1024K, 26 young (26624K), 4 survivors (4096K)
 Metaspace       used 71410K, committed 72128K, reserved 1114112K
  class space    used 9511K, committed 9856K, reserved 1048576K
}
Event: 106.546 GC heap after
{Heap after GC invocations=20 (full 0):
 garbage-first heap   total 61440K, used 32095K [0x0000000081e00000, 0x0000000100000000)
  region size 1024K, 4 young (4096K), 4 survivors (4096K)
 Metaspace       used 71410K, committed 72128K, reserved 1114112K
  class space    used 9511K, committed 9856K, reserved 1048576K
}

Dll operation events (14 events):
Event: 0.018 Loaded shared library C:\Program Files\Java\jdk-20\bin\java.dll
Event: 0.054 Loaded shared library C:\Program Files\Java\jdk-20\bin\jsvml.dll
Event: 0.476 Loaded shared library C:\Program Files\Java\jdk-20\bin\zip.dll
Event: 0.491 Loaded shared library C:\Program Files\Java\jdk-20\bin\instrument.dll
Event: 0.505 Loaded shared library C:\Program Files\Java\jdk-20\bin\net.dll
Event: 0.509 Loaded shared library C:\Program Files\Java\jdk-20\bin\nio.dll
Event: 0.520 Loaded shared library C:\Program Files\Java\jdk-20\bin\zip.dll
Event: 0.872 Loaded shared library C:\Program Files\JetBrains\IntelliJ IDEA Community Edition 2023.1.2\bin\breakgen64.dll
Event: 0.890 Loaded shared library C:\Program Files\Java\jdk-20\bin\extnet.dll
Event: 0.961 Loaded shared library C:\Program Files\Java\jdk-20\bin\jimage.dll
Event: 3.144 Loaded shared library C:\Program Files\Java\jdk-20\bin\verify.dll
Event: 9.629 Loaded shared library C:\Program Files\Java\jdk-20\bin\sunmscapi.dll
Event: 9.690 Loaded shared library C:\Program Files\Java\jdk-20\bin\management.dll
Event: 9.700 Loaded shared library C:\Program Files\Java\jdk-20\bin\management_ext.dll

Deoptimization events (20 events):
Event: 106.518 Thread 0x00000238d2933270 Uncommon trap: trap_request=0xffffffde fr.pc=0x0000023887e1ec58 relative=0x0000000000001258
Event: 106.518 Thread 0x00000238d2933270 Uncommon trap: reason=class_check action=maybe_recompile pc=0x0000023887e1ec58 method=org.springframework.core.annotation.AnnotatedElementUtils.getAnnotationAttributes(Lorg/springframework/core/annotation/MergedAnnotation;ZZ)Lorg/springframework/core/anno
Event: 106.518 Thread 0x00000238d2933270 DEOPT PACKING pc=0x0000023887e1ec58 sp=0x000000505a6fb030
Event: 106.518 Thread 0x00000238d2933270 DEOPT UNPACKING pc=0x0000023887599d22 sp=0x000000505a6faea8 mode 2
Event: 106.640 Thread 0x00000238d2933270 Uncommon trap: trap_request=0xffffffde fr.pc=0x0000023887e1ec58 relative=0x0000000000001258
Event: 106.640 Thread 0x00000238d2933270 Uncommon trap: reason=class_check action=maybe_recompile pc=0x0000023887e1ec58 method=org.springframework.core.annotation.AnnotatedElementUtils.getAnnotationAttributes(Lorg/springframework/core/annotation/MergedAnnotation;ZZ)Lorg/springframework/core/anno
Event: 106.640 Thread 0x00000238d2933270 DEOPT PACKING pc=0x0000023887e1ec58 sp=0x000000505a6fb030
Event: 106.640 Thread 0x00000238d2933270 DEOPT UNPACKING pc=0x0000023887599d22 sp=0x000000505a6faea8 mode 2
Event: 107.644 Thread 0x00000238d2933d10 DEOPT PACKING pc=0x000002388056ffc0 sp=0x000000505a2fc910
Event: 107.644 Thread 0x00000238d2933d10 DEOPT UNPACKING pc=0x000002388759a4c2 sp=0x000000505a2fbd88 mode 0
Event: 107.644 Thread 0x00000238d29337c0 Uncommon trap: trap_request=0xffffffde fr.pc=0x0000023887e1ec58 relative=0x0000000000001258
Event: 107.644 Thread 0x00000238d29337c0 Uncommon trap: reason=class_check action=maybe_recompile pc=0x0000023887e1ec58 method=org.springframework.core.annotation.AnnotatedElementUtils.getAnnotationAttributes(Lorg/springframework/core/annotation/MergedAnnotation;ZZ)Lorg/springframework/core/anno
Event: 107.644 Thread 0x00000238d29337c0 DEOPT PACKING pc=0x0000023887e1ec58 sp=0x000000505aafb9d0
Event: 107.644 Thread 0x00000238d29337c0 DEOPT UNPACKING pc=0x0000023887599d22 sp=0x000000505aafb848 mode 2
Event: 111.812 Thread 0x00000238d2930d40 Uncommon trap: trap_request=0xffffffde fr.pc=0x0000023887e1b1fc relative=0x00000000000004dc
Event: 111.812 Thread 0x00000238d2930d40 Uncommon trap: reason=class_check action=maybe_recompile pc=0x0000023887e1b1fc method=org.springframework.core.annotation.AnnotatedElementUtils.getAnnotationAttributes(Lorg/springframework/core/annotation/MergedAnnotation;ZZ)Lorg/springframework/core/anno
Event: 111.812 Thread 0x00000238d2930d40 DEOPT PACKING pc=0x0000023887e1b1fc sp=0x000000505a4fb290
Event: 111.812 Thread 0x00000238d2930d40 DEOPT UNPACKING pc=0x0000023887599d22 sp=0x000000505a4fb188 mode 2
Event: 235.097 Thread 0x00000238d292ed60 DEOPT PACKING pc=0x0000023880064c24 sp=0x000000505a5fc9d0
Event: 235.097 Thread 0x00000238d292ed60 DEOPT UNPACKING pc=0x000002388759a4c2 sp=0x000000505a5fbe40 mode 0

Classes loaded (20 events):
Event: 95.415 Loading class java/util/OptionalDouble
Event: 95.416 Loading class java/util/OptionalDouble done
Event: 95.464 Loading class java/util/stream/LongStream
Event: 95.464 Loading class java/util/stream/LongStream done
Event: 95.464 Loading class java/util/stream/DoubleStream
Event: 95.465 Loading class java/util/stream/DoubleStream done
Event: 95.494 Loading class org/w3c/dom/Node
Event: 95.495 Loading class org/w3c/dom/Node done
Event: 95.495 Loading class org/w3c/dom/Document
Event: 95.495 Loading class org/w3c/dom/Document done
Event: 106.456 Loading class com/sun/crypto/provider/HmacCore$HmacSHA256
Event: 106.456 Loading class com/sun/crypto/provider/HmacCore$HmacSHA256 done
Event: 106.489 Loading class jdk/internal/reflect/MethodHandleBooleanFieldAccessorImpl
Event: 106.489 Loading class jdk/internal/reflect/MethodHandleBooleanFieldAccessorImpl done
Event: 106.785 Loading class java/util/zip/DeflaterOutputStream
Event: 106.786 Loading class java/util/zip/DeflaterOutputStream done
Event: 106.786 Loading class java/util/zip/GZIPInputStream
Event: 106.787 Loading class java/util/zip/GZIPInputStream done
Event: 106.787 Loading class java/util/zip/GZIPOutputStream
Event: 106.787 Loading class java/util/zip/GZIPOutputStream done

Classes unloaded (0 events):
No events

Classes redefined (0 events):
No events

Internal exceptions (20 events):
Event: 18.500 Thread 0x00000238ebc20c10 Exception <a 'java/lang/NoSuchMethodError'{0x0000000089d50c30}: 'void java.lang.invoke.Invokers$Holder.invokeExact_MT(java.lang.Object, java.lang.Object, java.lang.Object, java.lang.Object)'> (0x0000000089d50c30) 
thrown [s\open\src\hotspot\share\interpreter\linkResolver.cpp, line 773]
Event: 18.582 Thread 0x00000238ebc20c10 Exception <a 'java/lang/NoSuchMethodError'{0x0000000086a9e5a0}: 'int java.lang.invoke.DirectMethodHandle$Holder.invokeStatic(java.lang.Object, int, java.lang.Object)'> (0x0000000086a9e5a0) 
thrown [s\open\src\hotspot\share\interpreter\linkResolver.cpp, line 773]
Event: 19.879 Thread 0x00000238ebc20c10 Exception <a 'java/lang/NoSuchMethodError'{0x0000000086be5fe8}: 'int java.lang.invoke.DirectMethodHandle$Holder.invokeStatic(java.lang.Object)'> (0x0000000086be5fe8) 
thrown [s\open\src\hotspot\share\interpreter\linkResolver.cpp, line 773]
Event: 20.101 Thread 0x00000238ebc20c10 Exception <a 'java/lang/NoSuchMethodError'{0x00000000868fe668}: 'long java.lang.invoke.DirectMethodHandle$Holder.invokeVirtual(java.lang.Object, java.lang.Object)'> (0x00000000868fe668) 
thrown [s\open\src\hotspot\share\interpreter\linkResolver.cpp, line 773]
Event: 20.308 Thread 0x00000238ebc20c10 Implicit null exception at 0x0000023887b96aa8 to 0x0000023887b96b5e
Event: 20.886 Thread 0x00000238ebc20c10 Exception <a 'java/lang/NoSuchMethodError'{0x000000008474b9f0}: 'java.lang.Object java.lang.invoke.DirectMethodHandle$Holder.newInvokeSpecial(java.lang.Object, java.lang.Object, java.lang.Object, java.lang.Object, java.lang.Object, java.lang.Object, java.lang.Object, java.lang.Object)'> (0x000000008474b9f0) 
thrown [s\open\src\hotspot\share\interpreter\linkResolver.cpp, line 773]
Event: 21.863 Thread 0x00000238ebc20c10 Exception <a 'java/lang/IncompatibleClassChangeError'{0x000000008698e600}: Found class java.lang.Object, but interface was expected> (0x000000008698e600) 
thrown [s\open\src\hotspot\share\interpreter\linkResolver.cpp, line 840]
Event: 21.984 Thread 0x00000238ebc20c10 Implicit null exception at 0x0000023887bd9048 to 0x0000023887bd9258
Event: 22.284 Thread 0x00000238ebc20c10 Exception <a 'java/lang/NoSuchMethodError'{0x0000000084701e68}: 'void java.lang.invoke.DirectMethodHandle$Holder.invokeVirtual(java.lang.Object, java.lang.Object, long)'> (0x0000000084701e68) 
thrown [s\open\src\hotspot\share\interpreter\linkResolver.cpp, line 773]
Event: 22.585 Thread 0x00000238ebc20c10 Exception <a 'java/lang/NoSuchMethodError'{0x00000000844030e8}: 'int java.lang.invoke.DirectMethodHandle$Holder.invokeStaticInit(java.lang.Object, java.lang.Object, java.lang.Object, java.lang.Object)'> (0x00000000844030e8) 
thrown [s\open\src\hotspot\share\interpreter\linkResolver.cpp, line 773]
Event: 22.907 Thread 0x00000238ebc20c10 Exception <a 'java/lang/NoSuchMethodError'{0x0000000086e3dcc0}: 'java.lang.Object java.lang.invoke.DirectMethodHandle$Holder.newInvokeSpecial(java.lang.Object, java.lang.Object, int, java.lang.Object, java.lang.Object)'> (0x0000000086e3dcc0) 
thrown [s\open\src\hotspot\share\interpreter\linkResolver.cpp, line 773]
Event: 22.909 Thread 0x00000238ebc20c10 Exception <a 'java/lang/NoSuchMethodError'{0x0000000086e48888}: 'java.lang.Object java.lang.invoke.DirectMethodHandle$Holder.invokeSpecial(java.lang.Object, java.lang.Object, int, java.lang.Object, int, java.lang.Object)'> (0x0000000086e48888) 
thrown [s\open\src\hotspot\share\interpreter\linkResolver.cpp, line 773]
Event: 22.909 Thread 0x00000238ebc20c10 Exception <a 'java/lang/NoSuchMethodError'{0x0000000086e50318}: 'java.lang.Object java.lang.invoke.DirectMethodHandle$Holder.newInvokeSpecial(java.lang.Object, java.lang.Object, int, java.lang.Object, int)'> (0x0000000086e50318) 
thrown [s\open\src\hotspot\share\interpreter\linkResolver.cpp, line 773]
Event: 22.910 Thread 0x00000238ebc20c10 Exception <a 'java/lang/NoSuchMethodError'{0x0000000086e54188}: 'java.lang.Object java.lang.invoke.DirectMethodHandle$Holder.invokeSpecial(java.lang.Object, java.lang.Object, java.lang.Object, int, java.lang.Object, int)'> (0x0000000086e54188) 
thrown [s\open\src\hotspot\share\interpreter\linkResolver.cpp, line 773]
Event: 94.874 Thread 0x00000238d0797b30 Exception <a 'java/lang/NoSuchMethodError'{0x0000000086a61be8}: 'java.lang.Object java.lang.invoke.DirectMethodHandle$Holder.invokeSpecial(java.lang.Object, java.lang.Object, java.lang.Object, java.lang.Object, java.lang.Object, long)'> (0x0000000086a61be8) 
thrown [s\open\src\hotspot\share\interpreter\linkResolver.cpp, line 773]
Event: 94.874 Thread 0x00000238d0797b30 Exception <a 'java/lang/NoSuchMethodError'{0x0000000086a653a8}: 'java.lang.Object java.lang.invoke.Invokers$Holder.linkToTargetMethod(java.lang.Object, java.lang.Object, java.lang.Object, long, java.lang.Object)'> (0x0000000086a653a8) 
thrown [s\open\src\hotspot\share\interpreter\linkResolver.cpp, line 773]
Event: 95.145 Thread 0x00000238d0797b30 Exception <a 'java/lang/NoSuchMethodError'{0x00000000850651e8}: 'java.lang.Object java.lang.invoke.DirectMethodHandle$Holder.invokeInterface(java.lang.Object, java.lang.Object, java.lang.Object, java.lang.Object)'> (0x00000000850651e8) 
thrown [s\open\src\hotspot\share\interpreter\linkResolver.cpp, line 773]
Event: 95.278 Thread 0x00000238d0797b30 Exception <a 'java/lang/IncompatibleClassChangeError'{0x0000000084ea24d0}: Found class java.lang.Object, but interface was expected> (0x0000000084ea24d0) 
thrown [s\open\src\hotspot\share\interpreter\linkResolver.cpp, line 840]
Event: 106.490 Thread 0x00000238d2933270 Exception <a 'java/lang/NoSuchMethodError'{0x000000008449faa0}: 'void java.lang.invoke.Invokers$Holder.invokeExact_MT(java.lang.Object, java.lang.Object, int, java.lang.Object)'> (0x000000008449faa0) 
thrown [s\open\src\hotspot\share\interpreter\linkResolver.cpp, line 773]
Event: 106.577 Thread 0x00000238d2933270 Exception <a 'java/lang/NoSuchMethodError'{0x0000000089d422c0}: 'int java.lang.invoke.Invokers$Holder.invokeExact_MT(java.lang.Object, java.lang.Object, java.lang.Object)'> (0x0000000089d422c0) 
thrown [s\open\src\hotspot\share\interpreter\linkResolver.cpp, line 773]

VM Operations (20 events):
Event: 240.277 Executing VM operation: HandshakeAllThreads
Event: 240.278 Executing VM operation: HandshakeAllThreads done
Event: 280.622 Executing VM operation: Cleanup
Event: 280.622 Executing VM operation: Cleanup done
Event: 310.883 Executing VM operation: Cleanup
Event: 310.884 Executing VM operation: Cleanup done
Event: 416.820 Executing VM operation: Cleanup
Event: 416.821 Executing VM operation: Cleanup done
Event: 656.770 Executing VM operation: Cleanup
Event: 656.770 Executing VM operation: Cleanup done
Event: 657.771 Executing VM operation: Cleanup
Event: 657.771 Executing VM operation: Cleanup done
Event: 712.207 Executing VM operation: Cleanup
Event: 712.207 Executing VM operation: Cleanup done
Event: 721.034 Executing VM operation: HandshakeAllThreads
Event: 721.034 Executing VM operation: HandshakeAllThreads done
Event: 885.249 Executing VM operation: Cleanup
Event: 885.249 Executing VM operation: Cleanup done
Event: 901.641 Executing VM operation: HandshakeAllThreads
Event: 901.641 Executing VM operation: HandshakeAllThreads done

Events (20 events):
Event: 106.656 Thread 0x00000238fac767c0 flushing nmethod 0x0000023887c00c90
Event: 106.656 Thread 0x00000238fac767c0 flushing nmethod 0x0000023887c30390
Event: 106.656 Thread 0x00000238fac767c0 flushing nmethod 0x0000023887bfd010
Event: 106.656 Thread 0x00000238fac767c0 flushing nmethod 0x0000023887c07790
Event: 106.656 Thread 0x00000238fac767c0 flushing nmethod 0x0000023887bf5690
Event: 106.656 Thread 0x00000238fac767c0 flushing nmethod 0x0000023887bec110
Event: 106.656 Thread 0x00000238fac767c0 flushing nmethod 0x0000023887bdc190
Event: 106.656 Thread 0x00000238fac767c0 flushing nmethod 0x0000023887bbbb10
Event: 106.656 Thread 0x00000238fac767c0 flushing nmethod 0x0000023887bd5590
Event: 106.656 Thread 0x00000238fac767c0 flushing nmethod 0x0000023887bc1290
Event: 106.656 Thread 0x00000238fac767c0 flushing nmethod 0x0000023887b4bb90
Event: 106.656 Thread 0x00000238fac767c0 flushing nmethod 0x0000023887b25e90
Event: 106.656 Thread 0x00000238fac767c0 flushing nmethod 0x0000023887b32f90
Event: 106.656 Thread 0x00000238fac767c0 flushing nmethod 0x0000023887b2c010
Event: 106.656 Thread 0x00000238fac767c0 flushing nmethod 0x0000023887b21790
Event: 106.656 Thread 0x00000238fac767c0 flushing nmethod 0x0000023887b28490
Event: 106.656 Thread 0x00000238fac767c0 flushing nmethod 0x0000023887b19390
Event: 106.656 Thread 0x00000238fac767c0 flushing nmethod 0x0000023887b0a610
Event: 106.766 Thread 0x00000238d3e03a40 Thread added: 0x00000238d3e03a40
Event: 107.577 Thread 0x00000238d3e03a40 Thread exited: 0x00000238d3e03a40


Dynamic libraries:
0x00007ff67a0b0000 - 0x00007ff67a0c0000 	C:\Program Files\Java\jdk-20\bin\java.exe
0x00007ffb9fbf0000 - 0x00007ffb9fde8000 	C:\Windows\SYSTEM32\ntdll.dll
0x00007ffb9e430000 - 0x00007ffb9e4ed000 	C:\Windows\System32\KERNEL32.DLL
0x00007ffb9d730000 - 0x00007ffb9da26000 	C:\Windows\System32\KERNELBASE.dll
0x00007ffb9d330000 - 0x00007ffb9d430000 	C:\Windows\System32\ucrtbase.dll
0x00007ffb59780000 - 0x00007ffb59799000 	C:\Program Files\Java\jdk-20\bin\jli.dll
0x00007ffb9dd40000 - 0x00007ffb9ddf0000 	C:\Windows\System32\ADVAPI32.dll
0x00007ffb9ddf0000 - 0x00007ffb9de8e000 	C:\Windows\System32\msvcrt.dll
0x00007ffb9ee10000 - 0x00007ffb9eeb0000 	C:\Windows\System32\sechost.dll
0x00007ffb9de90000 - 0x00007ffb9dfb5000 	C:\Windows\System32\RPCRT4.dll
0x00007ffb9da30000 - 0x00007ffb9da57000 	C:\Windows\System32\bcrypt.dll
0x00007ffb59e80000 - 0x00007ffb59e9b000 	C:\Program Files\Java\jdk-20\bin\VCRUNTIME140.dll
0x00007ffb9c700000 - 0x00007ffb9c99a000 	C:\Windows\WinSxS\amd64_microsoft.windows.common-controls_6595b64144ccf1df_6.0.19041.3636_none_60b6a03d71f818d5\COMCTL32.dll
0x00007ffb9ecd0000 - 0x00007ffb9ecfb000 	C:\Windows\System32\GDI32.dll
0x00007ffb9d430000 - 0x00007ffb9d452000 	C:\Windows\System32\win32u.dll
0x00007ffb9d610000 - 0x00007ffb9d727000 	C:\Windows\System32\gdi32full.dll
0x00007ffb9db80000 - 0x00007ffb9dc1d000 	C:\Windows\System32\msvcp_win.dll
0x00007ffb9ef60000 - 0x00007ffb9f0fe000 	C:\Windows\System32\USER32.dll
0x00007ffb907c0000 - 0x00007ffb907ca000 	C:\Windows\SYSTEM32\VERSION.dll
0x00007ffb9f700000 - 0x00007ffb9f732000 	C:\Windows\System32\IMM32.DLL
0x00007ffb6cb40000 - 0x00007ffb6cb4c000 	C:\Program Files\Java\jdk-20\bin\vcruntime140_1.dll
0x00007ffb570c0000 - 0x00007ffb5714e000 	C:\Program Files\Java\jdk-20\bin\msvcp140.dll
0x00007ffb23050000 - 0x00007ffb23ce8000 	C:\Program Files\Java\jdk-20\bin\server\jvm.dll
0x00007ffb98000000 - 0x00007ffb98009000 	C:\Windows\SYSTEM32\WSOCK32.dll
0x00007ffb9e4f0000 - 0x00007ffb9e55b000 	C:\Windows\System32\WS2_32.dll
0x00007ffb8c7d0000 - 0x00007ffb8c7f7000 	C:\Windows\SYSTEM32\WINMM.dll
0x00007ffb9b430000 - 0x00007ffb9b442000 	C:\Windows\SYSTEM32\kernel.appcore.dll
0x00007ffb67620000 - 0x00007ffb6762a000 	C:\Program Files\Java\jdk-20\bin\jimage.dll
0x00007ffb9cbb0000 - 0x00007ffb9cd94000 	C:\Windows\SYSTEM32\DBGHELP.DLL
0x00007ffb9cb70000 - 0x00007ffb9cba4000 	C:\Windows\SYSTEM32\dbgcore.DLL
0x00007ffb9d2a0000 - 0x00007ffb9d322000 	C:\Windows\System32\bcryptPrimitives.dll
0x00007ffb99e10000 - 0x00007ffb99e1e000 	C:\Program Files\Java\jdk-20\bin\instrument.dll
0x00007ffb56a10000 - 0x00007ffb56a36000 	C:\Program Files\Java\jdk-20\bin\java.dll
0x00007ffb27fe0000 - 0x00007ffb280b7000 	C:\Program Files\Java\jdk-20\bin\jsvml.dll
0x00007ffb9e560000 - 0x00007ffb9eccb000 	C:\Windows\System32\SHELL32.dll
0x00007ffb9abd0000 - 0x00007ffb9b36e000 	C:\Windows\SYSTEM32\windows.storage.dll
0x00007ffb9f270000 - 0x00007ffb9f5c3000 	C:\Windows\System32\combase.dll
0x00007ffb9c490000 - 0x00007ffb9c4be000 	C:\Windows\SYSTEM32\Wldp.dll
0x00007ffb9e030000 - 0x00007ffb9e0fd000 	C:\Windows\System32\OLEAUT32.dll
0x00007ffb9ed60000 - 0x00007ffb9ee0d000 	C:\Windows\System32\SHCORE.dll
0x00007ffb9dfd0000 - 0x00007ffb9e025000 	C:\Windows\System32\shlwapi.dll
0x00007ffb9d1d0000 - 0x00007ffb9d1f5000 	C:\Windows\SYSTEM32\profapi.dll
0x00007ffb569b0000 - 0x00007ffb569c8000 	C:\Program Files\Java\jdk-20\bin\zip.dll
0x00007ffb569f0000 - 0x00007ffb56a03000 	C:\Program Files\Java\jdk-20\bin\net.dll
0x00007ffb94830000 - 0x00007ffb9493a000 	C:\Windows\SYSTEM32\WINHTTP.dll
0x00007ffb9c270000 - 0x00007ffb9c2da000 	C:\Windows\system32\mswsock.dll
0x00007ffb569d0000 - 0x00007ffb569e6000 	C:\Program Files\Java\jdk-20\bin\nio.dll
0x00007ffb94df0000 - 0x00007ffb94e0a000 	C:\Program Files\JetBrains\IntelliJ IDEA Community Edition 2023.1.2\bin\breakgen64.dll
0x00007ffb65690000 - 0x00007ffb65697000 	C:\Program Files\Java\jdk-20\bin\extnet.dll
0x00007ffb94e10000 - 0x00007ffb94e20000 	C:\Program Files\Java\jdk-20\bin\verify.dll
0x00007ffb9cf40000 - 0x00007ffb9cf58000 	C:\Windows\SYSTEM32\CRYPTSP.dll
0x00007ffb9bc20000 - 0x00007ffb9bc54000 	C:\Windows\system32\rsaenh.dll
0x00007ffb9d150000 - 0x00007ffb9d17e000 	C:\Windows\SYSTEM32\USERENV.dll
0x00007ffb9c400000 - 0x00007ffb9c40c000 	C:\Windows\SYSTEM32\CRYPTBASE.dll
0x00007ffb9bf80000 - 0x00007ffb9bfbb000 	C:\Windows\SYSTEM32\IPHLPAPI.DLL
0x00007ffb9dfc0000 - 0x00007ffb9dfc8000 	C:\Windows\System32\NSI.dll
0x00007ffb95430000 - 0x00007ffb95447000 	C:\Windows\SYSTEM32\dhcpcsvc6.DLL
0x00007ffb95410000 - 0x00007ffb9542d000 	C:\Windows\SYSTEM32\dhcpcsvc.DLL
0x00007ffb9bfc0000 - 0x00007ffb9c08b000 	C:\Windows\SYSTEM32\DNSAPI.dll
0x00007ffb8a3a0000 - 0x00007ffb8a3ae000 	C:\Program Files\Java\jdk-20\bin\sunmscapi.dll
0x00007ffb9d460000 - 0x00007ffb9d5bd000 	C:\Windows\System32\CRYPT32.dll
0x00007ffb9c5e0000 - 0x00007ffb9c608000 	C:\Windows\SYSTEM32\ncrypt.dll
0x00007ffb9c4f0000 - 0x00007ffb9c52b000 	C:\Windows\SYSTEM32\NTASN1.dll
0x00007ffb6b340000 - 0x00007ffb6b34a000 	C:\Program Files\Java\jdk-20\bin\management.dll
0x00007ffb64990000 - 0x00007ffb6499b000 	C:\Program Files\Java\jdk-20\bin\management_ext.dll
0x00007ffb9f100000 - 0x00007ffb9f108000 	C:\Windows\System32\PSAPI.DLL
0x00007ffb8b590000 - 0x00007ffb8b59a000 	C:\Windows\System32\rasadhlp.dll
0x00007ffb942a0000 - 0x00007ffb94320000 	C:\Windows\System32\fwpuclnt.dll
0x00007ffb8c540000 - 0x00007ffb8c547000 	C:\Windows\system32\wshunix.dll

dbghelp: loaded successfully - version: 4.0.5 - missing functions: none
symbol engine: initialized successfully - sym options: 0x614 - pdb path: .;C:\Program Files\Java\jdk-20\bin;C:\Windows\SYSTEM32;C:\Windows\WinSxS\amd64_microsoft.windows.common-controls_6595b64144ccf1df_6.0.19041.3636_none_60b6a03d71f818d5;C:\Program Files\Java\jdk-20\bin\server;C:\Program Files\JetBrains\IntelliJ IDEA Community Edition 2023.1.2\bin

VM Arguments:
jvm_args: -javaagent:C:\Program Files\JetBrains\IntelliJ IDEA Community Edition 2023.1.2\lib\idea_rt.jar=54147:C:\Program Files\JetBrains\IntelliJ IDEA Community Edition 2023.1.2\bin -Dfile.encoding=UTF-8 -Dsun.stdout.encoding=UTF-8 -Dsun.stderr.encoding=UTF-8 
java_command: com.exam.SecurityApplication
java_class_path (initial): G:\Project\ExamsBackEnd\BackEnd\ExamServer_Springboot\target\classes;C:\Users\D e r r y\.m2\repository\org\springframework\boot\spring-boot-starter-security\3.0.4\spring-boot-starter-security-3.0.4.jar;C:\Users\D e r r y\.m2\repository\org\springframework\boot\spring-boot-starter\3.0.1\spring-boot-starter-3.0.1.jar;C:\Users\D e r r y\.m2\repository\org\springframework\boot\spring-boot\3.0.1\spring-boot-3.0.1.jar;C:\Users\D e r r y\.m2\repository\org\springframework\boot\spring-boot-autoconfigure\3.0.1\spring-boot-autoconfigure-3.0.1.jar;C:\Users\D e r r y\.m2\repository\org\springframework\boot\spring-boot-starter-logging\3.0.1\spring-boot-starter-logging-3.0.1.jar;C:\Users\D e r r y\.m2\repository\ch\qos\logback\logback-classic\1.4.5\logback-classic-1.4.5.jar;C:\Users\D e r r y\.m2\repository\ch\qos\logback\logback-core\1.4.5\logback-core-1.4.5.jar;C:\Users\D e r r y\.m2\repository\org\apache\logging\log4j\log4j-to-slf4j\2.19.0\log4j-to-slf4j-2.19.0.jar;C:\Users\D e r r y\.m2\repository\org\apache\logging\log4j\log4j-api\2.19.0\log4j-api-2.19.0.jar;C:\Users\D e r r y\.m2\repository\org\slf4j\jul-to-slf4j\2.0.6\jul-to-slf4j-2.0.6.jar;C:\Users\D e r r y\.m2\repository\jakarta\annotation\jakarta.annotation-api\2.1.1\jakarta.annotation-api-2.1.1.jar;C:\Users\D e r r y\.m2\repository\org\yaml\snakeyaml\1.33\snakeyaml-1.33.jar;C:\Users\D e r r y\.m2\repository\org\springframework\spring-aop\6.0.3\spring-aop-6.0.3.jar;C:\Users\D e r r y\.m2\repository\org\springframework\security\spring-security-config\6.0.1\spring-security-config-6.0.1.jar;C:\Users\D e r r y\.m2\repository\org\springframework\security\spring-security-web\6.0.1\spring-security-web-6.0.1.jar;C:\Users\D e r r y\.m2\repository\org\springframework\boot\spring-boot-starter-web\3.1.0\spring-boot-starter-web-3.1.0.jar;C:\Users\D e r r y\.m2\repository\org\springframework\boot\spring-boot-starter-json\3.0.1\spring-boot-starter-json-3.0.1.jar;C:\Users\D e r r y\.m2\repository\com\fasterxml\jackson\datatype\jackson-datatype-jdk8\2.14.1\jackson-datatype-jdk8-2.14.1.jar;C:\Users\D e r r y\.m2\repository\com\fasterxml\jackson\datatype\jackson-datatype-jsr310\2.14.1\jackson-datatype-jsr310-2.14.1.jar;C:\Users\D e r r y\.m2\repository\com\fasterxml\jackson\module\jackson-module-parameter-names\2.14.1\jackson-module-parameter-names-2.14.1.jar;C:\Users\D e r r y\.m2\repository\org\springframework\boot\spring-boot-starter-tomcat\3.0.1\spring-boot-starter-tomcat-3.0.1.jar;C:\Users\D e r r y\.m2\repository\org\apache\tomcat\embed\tomcat-embed-core\10.1.4\tomcat-embed-core-10.1.4.jar;C:\Users\D e r r y\.m2\repository\org\apache\tomcat\embed\tomcat-embed-el\10.1.4\tomcat-embed-el-10.1.4.jar;C:\Users\D e r r y\.m2\repository\org\apache\tomcat\embed\tomcat-embed-websocket\10.1.4\tomcat-embed-websocket-10.1.4.jar;C:\Users\D e r r y\.m2\repository\org\springframework\spring-web\6.0.3\spring-web-6.0.3.jar;C:\Users\D e r r y\.m2\repository\io\micrometer\micrometer-observation\1.10.2\micrometer-observation-1.10.2.jar;C:\Users\D e r r y\.m2\repository\io\micrometer\micrometer-commons\1.10.2\micrometer-commons-1.10.2.jar;C:\Users\D e r r y\.m2\repository\org\springframework\spring-webmvc\6.0.3\spring-webmvc-6.0.3.jar;C:\Users\D e r r y\.m2\repository\com\mysql\mysql-connector-j\8.0.32\mysql-connector-j-8.0.32.jar;C:\Users\D e r r y\.m2\repository\org\springframework\boot\spring-boot-starter-data-jpa\3.0.4\spring-boot-starter-data-jpa-3.0.4.jar;C:\Users\D e r r y\.m2\repository\org\springframework\boot\spring-boot-starter-aop\3.0.1\spring-boot-starter-aop-3.0.1.jar;C:\Users\D e r r y\.m2\repository\org\aspectj\aspectjweaver\1.9.19\aspectjweaver-1.9.19.jar;C:\Users\D e r r y\.m2\repository\org\springframework\boot\spring-boot-starter-jdbc\3.0.1\spring-boot-starter-jdbc-3.0.1.jar;C:\Users\D e r r y\.m2\repository\com\zaxxer\HikariCP\5.0.1\HikariCP-5.0.1.jar;C:\Users\D e r r y\.m2\repository\org\springframework\spring-jdbc\6.0.3\spring-jdbc-6.0.3.jar;C:\Users\D e r r y\.m2\repository\org\hibernate\orm\hibernate-core\6.1.6.Final\hibernate-core-6.1.6.Final.jar;C:\Users\D e r r y\.m2\repository\jakarta\persistence\jakarta.persistence-api\3.1.0\jakarta.persistence-api-3.1.0.jar;C:\Users\D e r r y\.m2\repository\jakarta\transaction\jakarta.transaction-api\2.0.1\jakarta.transaction-api-2.0.1.jar;C:\Users\D e r r y\.m2\repository\org\jboss\logging\jboss-logging\3.5.0.Final\jboss-logging-3.5.0.Final.jar;C:\Users\D e r r y\.m2\repository\org\hibernate\common\hibernate-commons-annotations\6.0.2.Final\hibernate-commons-annotations-6.0.2.Final.jar;C:\Users\D e r r y\.m2\repository\org\jboss\jandex\2.4.2.Final\jandex-2.4.2.Final.jar;C:\Users\D e r r y\.m2\repository\com\fasterxml\classmate\1.5.1\classmate-1.5.1.jar;C:\Users\D e r r y\.m2\repository\net\bytebuddy\byte-buddy\1.12.20\byte-buddy-1.12.20.jar;C:\Users\D e r r y\.m2\repository\org\glassfish\jaxb\jaxb-runtime\4.0.1\jaxb-runtime-4.0.1.jar;C:\Users\D e r r y\.m2\repository\org\glassfish\jaxb\jaxb-core\4.0.1\jaxb-core-4.0.1.jar;C:\Users\D e r r y\.m2\repository\org\eclipse\angus\angus-activation\1.0.0\angus-activation-1.0.0.jar;C:\Users\D e r r y\.m2\repository\org\glassfish\jaxb\txw2\4.0.1\txw2-4.0.1.jar;C:\Users\D e r r y\.m2\repository\com\sun\istack\istack-commons-runtime\4.1.1\istack-commons-runtime-4.1.1.jar;C:\Users\D e r r y\.m2\repository\jakarta\inject\jakarta.inject-api\2.0.0\jakarta.inject-api-2.0.0.jar;C:\Users\D e r r y\.m2\repository\org\antlr\antlr4-runtime\4.10.1\antlr4-runtime-4.10.1.jar;C:\Users\D e r r y\.m2\repository\org\springframework\data\spring-data-jpa\3.0.0\spring-data-jpa-3.0.0.jar;C:\Users\D e r r y\.m2\repository\org\springframework\data\spring-data-commons\3.0.0\spring-data-commons-3.0.0.jar;C:\Users\D e r r y\.m2\repository\org\springframework\spring-orm\6.0.3\spring-orm-6.0.3.jar;C:\Users\D e r r y\.m2\repository\org\springframework\spring-tx\6.0.3\spring-tx-6.0.3.jar;C:\Users\D e r r y\.m2\repository\org\slf4j\slf4j-api\2.0.6\slf4j-api-2.0.6.jar;C:\Users\D e r r y\.m2\repository\org\springframework\spring-aspects\6.0.3\spring-aspects-6.0.3.jar;C:\Users\D e r r y\.m2\repository\org\projectlombok\lombok\1.18.26\lombok-1.18.26.jar;C:\Users\D e r r y\.m2\repository\org\springframework\spring-context\6.0.9\spring-context-6.0.9.jar;C:\Users\D e r r y\.m2\repository\org\springframework\spring-beans\6.0.3\spring-beans-6.0.3.jar;C:\Users\D e r r y\.m2\repository\org\springframework\spring-core\6.0.3\spring-core-6.0.3.jar;C:\Users\D e r r y\.m2\repository\org\springframework\spring-jcl\6.0.3\spring-jcl-6.0.3.jar;C:\Users\D e r r y\.m2\repository\org\springframework\spring-expression\6.0.3\spring-expression-6.0.3.jar;C:\Users\D e r r y\.m2\repository\io\jsonwebtoken\jjwt-api\0.11.5\jjwt-api-0.11.5.jar;C:\Users\D e r r y\.m2\repository\io\jsonwebtoken\jjwt-impl\0.11.5\jjwt-impl-0.11.5.jar;C:\Users\D e r r y\.m2\repository\io\jsonwebtoken\jjwt-jackson\0.11.5\jjwt-jackson-0.11.5.jar;C:\Users\D e r r y\.m2\repository\com\fasterxml\jackson\core\jackson-databind\2.14.1\jackson-databind-2.14.1.jar;C:\Users\D e r r y\.m2\repository\com\fasterxml\jackson\core\jackson-annotations\2.14.1\jackson-annotations-2.14.1.jar;C:\Users\D e r r y\.m2\repository\com\fasterxml\jackson\core\jackson-core\2.14.1\jackson-core-2.14.1.jar;C:\Users\D e r r y\.m2\repository\jakarta\xml\bind\jakarta.xml.bind-api\4.0.0\jakarta.xml.bind-api-4.0.0.jar;C:\Users\D e r r y\.m2\repository\jakarta\activation\jakarta.activation-api\2.1.0\jakarta.activation-api-2.1.0.jar;C:\Users\D e r r y\.m2\repository\org\springframework\security\spring-security-core\6.0.1\spring-security-core-6.0.1.jar;C:\Users\D e r r y\.m2\repository\org\springframework\security\spring-security-crypto\6.0.1\spring-security-crypto-6.0.1.jar
Launcher Type: SUN_STANDARD

[Global flags]
     intx CICompilerCount                          = 3                                         {product} {ergonomic}
     uint ConcGCThreads                            = 1                                         {product} {ergonomic}
     uint G1ConcRefinementThreads                  = 4                                         {product} {ergonomic}
   size_t G1HeapRegionSize                         = 1048576                                   {product} {ergonomic}
    uintx GCDrainStackTargetSize                   = 64                                        {product} {ergonomic}
   size_t InitialHeapSize                          = 134217728                                 {product} {ergonomic}
   size_t MarkStackSize                            = 4194304                                   {product} {ergonomic}
   size_t MaxHeapSize                              = 2116026368                                {product} {ergonomic}
   size_t MaxNewSize                               = 1268776960                                {product} {ergonomic}
   size_t MinHeapDeltaBytes                        = 1048576                                   {product} {ergonomic}
   size_t MinHeapSize                              = 8388608                                   {product} {ergonomic}
    uintx NonNMethodCodeHeapSize                   = 5832780                                {pd product} {ergonomic}
    uintx NonProfiledCodeHeapSize                  = 122912730                              {pd product} {ergonomic}
    uintx ProfiledCodeHeapSize                     = 122912730                              {pd product} {ergonomic}
    uintx ReservedCodeCacheSize                    = 251658240                              {pd product} {ergonomic}
     bool SegmentedCodeCache                       = true                                      {product} {ergonomic}
   size_t SoftMaxHeapSize                          = 2116026368                             {manageable} {ergonomic}
     bool UseCompressedClassPointers               = true                           {product lp64_product} {ergonomic}
     bool UseCompressedOops                        = true                           {product lp64_product} {ergonomic}
     bool UseG1GC                                  = true                                      {product} {ergonomic}
     bool UseLargePagesIndividualAllocation        = false                                  {pd product} {ergonomic}

Logging:
Log output configuration:
 #0: stdout all=warning uptime,level,tags foldmultilines=false
 #1: stderr all=off uptime,level,tags foldmultilines=false

Environment Variables:
PATH=C:\Program Files\Common Files\Oracle\Java\javapath;C:\Program Files (x86)\Common Files\Oracle\Java\javapath;C:\Windows\system32;C:\Windows;C:\Windows\System32\Wbem;C:\Windows\System32\WindowsPowerShell\v1.0\;C:\Windows\System32\OpenSSH\;C:\Program Files\nodejs\;C:\Program Files\Git\cmd;C:\ProgramData\chocolatey\bin;C:\Program Files\apache-maven-3.9.4-bin\apache-maven-3.9.4\bin;C:\Program Files\dotnet\;C:\Users\D e r r y\anaconda3;C:\Users\D e r r y\anaconda3\Library\mingw-w64\bin;C:\Users\D e r r y\anaconda3\Library\usr\bin;C:\Users\D e r r y\anaconda3\Library\bin;C:\Users\D e r r y\anaconda3\Scripts;C:\Program Files\MySQL\MySQL Shell 8.0\bin\;C:\Users\D e r r y\AppData\Local\Microsoft\WindowsApps;C:\Program Files\JetBrains\IntelliJ IDEA Community Edition 2023.1.2\bin;;C:\Program Files\JetBrains\PyCharm Community Edition 2023.1.2\bin;;C:\Users\D e r r y\AppData\Roaming\npm;C:\Users\D e r r y\AppData\Local\Programs\Microsoft VS Code\bin;C:\Users\D e r r y\AppData\Local\Programs\MiKTeX\miktex\bin\x64\;C:\Users\D e r r y\AppData\Local\GitHubDesktop\bin;C:\Program Files\heroku\bin;C:\Program Files\bin;C:\Program Files\JetBrains\PhpStorm 2023.1\bin;
USERNAME=D e r r y
OS=Windows_NT
PROCESSOR_IDENTIFIER=Intel64 Family 6 Model 61 Stepping 4, GenuineIntel
TMP=C:\Users\DERRY~1\AppData\Local\Temp
TEMP=C:\Users\DERRY~1\AppData\Local\Temp




---------------  S Y S T E M  ---------------

OS:
 Windows 10 , 64 bit Build 19041 (10.0.19041.3636)
OS uptime: 0 days 2:52 hours
Hyper-V role detected

CPU: total 4 (initial active 4) (2 cores per cpu, 2 threads per core) family 6 model 61 stepping 4 microcode 0x2f, cx8, cmov, fxsr, ht, mmx, 3dnowpref, sse, sse2, sse3, ssse3, sse4.1, sse4.2, popcnt, lzcnt, tsc, tscinvbit, avx, avx2, aes, erms, clmul, bmi1, bmi2, rtm, adx, fma, vzeroupper, clflush, hv, rdtscp, f16c

Memory: 4k page, system-wide physical 8067M (811M free)
TotalPageFile size 10115M (AvailPageFile size 1M)
current process WorkingSet (physical memory assigned to process): 200M, peak: 258M
current process commit charge ("private bytes"): 261M, peak: 288M

vm_info: Java HotSpot(TM) 64-Bit Server VM (20.0.2+9-78) for windows-amd64 JRE (20.0.2+9-78), built on 2023-06-14T10:08:48Z by "mach5one" with MS VC++ 17.1 (VS2022)

END.
